2025-03-22 03:06:42,270 - root - INFO - ********************
2025-03-22 03:06:42,270 - root - INFO - started checking for:22-03-2025
2025-03-22 03:06:42,270 - cinemas.yes_planet - INFO - STARTED YES PLANET
2025-03-22 03:06:42,270 - cinemas.yes_planet - INFO - STARTED YES PLANET RISHON
2025-03-22 03:06:42,270 - cinemas.yes_planet - INFO - STARTED YES PLANET INIT
2025-03-22 03:06:43,255 - cinemas.yes_planet - INFO - DONE YES PLANET RISHON
2025-03-22 03:06:43,255 - cinemas.yes_planet - INFO - STARTED YES PLANET AYALON
2025-03-22 03:06:43,255 - cinemas.yes_planet - INFO - DONE YES PLANET AYALON
2025-03-22 03:06:43,255 - cinemas.yes_planet - INFO - STARTED YES PLANET ZICHRON
2025-03-22 03:06:43,255 - cinemas.yes_planet - INFO - DONE YES PLANET ZICHRON
2025-03-22 03:06:43,255 - cinemas.yes_planet - INFO - STARTED YES PLANET HAIFA
2025-03-22 03:06:43,255 - cinemas.yes_planet - INFO - DONE YES PLANET HAIFA
2025-03-22 03:06:43,255 - cinemas.yes_planet - INFO - STARTED YES PLANET JERUSALEM
2025-03-22 03:06:43,255 - cinemas.yes_planet - INFO - DONE YES PLANET JERUSALEM
2025-03-22 03:06:43,256 - cinemas.yes_planet - INFO - STARTED YES PLANET BEER_SHEVA
2025-03-22 03:06:43,256 - cinemas.yes_planet - INFO - DONE YES PLANET BEER_SHEVA
2025-03-22 03:06:43,256 - cinemas.yes_planet - INFO - DONE YES PLANET
2025-03-22 03:06:43,256 - cinemas.rav_hen - INFO - STARTED RAV HEN
2025-03-22 03:06:43,256 - cinemas.rav_hen - INFO - STARTED RAV HEN GIVATAIM
2025-03-22 03:06:53,550 - cinemas.rav_hen - INFO - DONE RAV HEN GIVATAIM
2025-03-22 03:06:53,550 - cinemas.rav_hen - INFO - STARTED RAV HEN DIZINGOF
2025-03-22 03:06:54,024 - cinemas.rav_hen - INFO - DONE RAV HEN DIZINGOF
2025-03-22 03:06:54,025 - cinemas.rav_hen - INFO - STARTED RAV HEN MODIIN
2025-03-22 03:06:54,475 - cinemas.rav_hen - INFO - DONE RAV HEN MODIIN
2025-03-22 03:06:54,475 - cinemas.rav_hen - INFO - STARTED RAV HEN KIRYAT_ONO
2025-03-22 03:06:55,092 - cinemas.rav_hen - INFO - DONE RAV HEN KIRYAT_ONO
2025-03-22 03:06:55,092 - cinemas.rav_hen - INFO - DONE RAV HEN
2025-03-22 03:06:55,092 - cinemas.hot_cinema - INFO - STARTED HOT CINEMA
2025-03-22 03:06:55,092 - cinemas.hot_cinema - INFO - STARTED HOT CINEMA MODIIN
2025-03-22 03:07:08,669 - cinemas.hot_cinema - INFO - DONE HOT CINEMA MODIIN
2025-03-22 03:07:08,669 - cinemas.hot_cinema - INFO - STARTED HOT CINEMA KIRYON
2025-03-22 03:07:16,472 - cinemas.hot_cinema - INFO - DONE HOT CINEMA KIRYON
2025-03-22 03:07:16,472 - cinemas.hot_cinema - INFO - STARTED HOT CINEMA KFAR_SABBA
2025-03-22 03:07:18,141 - cinemas.hot_cinema - INFO - DONE HOT CINEMA KFAR_SABBA
2025-03-22 03:07:18,141 - cinemas.hot_cinema - INFO - STARTED HOT CINEMA HAIFA
2025-03-22 03:07:20,293 - cinemas.hot_cinema - INFO - DONE HOT CINEMA HAIFA
2025-03-22 03:07:20,293 - cinemas.hot_cinema - INFO - STARTED HOT CINEMA PETACH_TIKVA
2025-03-22 03:07:20,437 - cinemas.hot_cinema - INFO - DONE HOT CINEMA PETACH_TIKVA
2025-03-22 03:07:20,438 - cinemas.hot_cinema - INFO - STARTED HOT CINEMA RECHOVOT
2025-03-22 03:07:20,582 - cinemas.hot_cinema - INFO - DONE HOT CINEMA RECHOVOT
2025-03-22 03:07:20,583 - cinemas.hot_cinema - INFO - STARTED HOT CINEMA ASHKELON
2025-03-22 03:07:20,729 - cinemas.hot_cinema - INFO - DONE HOT CINEMA ASHKELON
2025-03-22 03:07:20,729 - cinemas.hot_cinema - INFO - STARTED HOT CINEMA KARMIEL
2025-03-22 03:07:21,360 - cinemas.hot_cinema - INFO - DONE HOT CINEMA KARMIEL
2025-03-22 03:07:21,360 - cinemas.hot_cinema - INFO - STARTED HOT CINEMA NAHARIA
2025-03-22 03:07:21,503 - cinemas.hot_cinema - INFO - DONE HOT CINEMA NAHARIA
2025-03-22 03:07:21,504 - cinemas.hot_cinema - INFO - STARTED HOT CINEMA ASHDOD
2025-03-22 03:07:22,133 - cinemas.hot_cinema - INFO - DONE HOT CINEMA ASHDOD
2025-03-22 03:07:22,133 - cinemas.hot_cinema - INFO - DONE HOT CINEMA
2025-03-22 03:07:22,133 - cinemas.cinema_city - INFO - STARTED CINEMA CITY
2025-03-22 03:07:24,332 - proxy - INFO - Proxy: {'YourFuckingIPAddress': '77.91.69.236', 'YourFuckingLocation': 'Tel Aviv, TA, Israel', 'YourFuckingHostname': 'static.236.69.91.77.ip.webhost1.net', 'YourFuckingISP': 'CLOUD LEASE Ltd', 'YourFuckingTorExit': False, 'YourFuckingCity': 'Tel Aviv', 'YourFuckingCountry': 'Israel', 'YourFuckingCountryCode': 'IL'}
2025-03-22 03:07:24,332 - cinemas.cinema_city - INFO - STARTED CINEMA CITY GLILOT
2025-03-22 03:08:59,679 - cinemas.cinema_city - INFO - DONE CINEMA CITY GLILOT
2025-03-22 03:08:59,679 - cinemas.cinema_city - INFO - STARTED CINEMA CITY RISHON
2025-03-22 03:09:14,881 - cinemas.cinema_city - INFO - DONE CINEMA CITY RISHON
2025-03-22 03:09:14,881 - cinemas.cinema_city - INFO - STARTED CINEMA CITY JERUSALEM
2025-03-22 03:09:17,917 - cinemas.cinema_city - INFO - DONE CINEMA CITY JERUSALEM
2025-03-22 03:09:17,917 - cinemas.cinema_city - INFO - STARTED CINEMA CITY KFAR_SABBA
2025-03-22 03:09:19,082 - cinemas.cinema_city - INFO - DONE CINEMA CITY KFAR_SABBA
2025-03-22 03:09:19,082 - cinemas.cinema_city - INFO - STARTED CINEMA CITY NATANIA
2025-03-22 03:09:20,398 - cinemas.cinema_city - INFO - DONE CINEMA CITY NATANIA
2025-03-22 03:09:20,398 - cinemas.cinema_city - INFO - STARTED CINEMA CITY BEER_SHEVA
2025-03-22 03:09:24,446 - cinemas.cinema_city - INFO - DONE CINEMA CITY BEER_SHEVA
2025-03-22 03:09:24,446 - cinemas.cinema_city - INFO - STARTED CINEMA CITY HADERA
2025-03-22 03:09:25,613 - cinemas.cinema_city - INFO - DONE CINEMA CITY HADERA
2025-03-22 03:09:25,613 - cinemas.cinema_city - INFO - STARTED CINEMA CITY ASHDOD
2025-03-22 03:09:28,946 - cinemas.cinema_city - WARNING - error while getting movie info:
Traceback (most recent call last):
  File "/home/runner/work/Movie-Time-Server/Movie-Time-Server/cinemas/cinema_city.py", line 123, in get_by_location
    for movie in res.json():
                 ^^^^^^^^^^
  File "/home/runner/work/Movie-Time-Server/Movie-Time-Server/proxy.py", line 18, in json
    return json.loads(self.pre)
           ^^^^^^^^^^^^^^^^^^^^
  File "/opt/hostedtoolcache/Python/3.11.11/x64/lib/python3.11/json/__init__.py", line 339, in loads
    raise TypeError(f'the JSON object must be str, bytes or bytearray, '
TypeError: the JSON object must be str, bytes or bytearray, not NoneType
2025-03-22 03:09:28,979 - cinemas.cinema_city - INFO - DONE CINEMA CITY ASHDOD
2025-03-22 03:09:29,068 - proxy - INFO - Proxy removed
2025-03-22 03:09:29,068 - cinemas.cinema_city - INFO - DONE CINEMA CITY
2025-03-22 03:09:29,068 - cinemas.lev - INFO - STARTED LEV
2025-03-22 03:09:30,295 - proxy - INFO - Proxy: {'YourFuckingIPAddress': '77.91.69.236', 'YourFuckingLocation': 'Tel Aviv, TA, Israel', 'YourFuckingHostname': 'static.236.69.91.77.ip.webhost1.net', 'YourFuckingISP': 'CLOUD LEASE Ltd', 'YourFuckingTorExit': False, 'YourFuckingCity': 'Tel Aviv', 'YourFuckingCountry': 'Israel', 'YourFuckingCountryCode': 'IL'}
2025-03-22 03:09:30,296 - cinemas.lev - INFO - STARTED LEV TEL_AVIV
2025-03-22 03:09:31,221 - cinemas.lev - INFO - DONE LEV TEL_AVIV
2025-03-22 03:09:31,221 - cinemas.lev - INFO - STARTED LEV RAMAT_HASHARON
2025-03-22 03:09:31,580 - cinemas.lev - INFO - DONE LEV RAMAT_HASHARON
2025-03-22 03:09:31,580 - cinemas.lev - INFO - STARTED LEV MANDARIN
2025-03-22 03:09:32,029 - cinemas.lev - INFO - DONE LEV MANDARIN
2025-03-22 03:09:32,029 - cinemas.lev - INFO - STARTED LEV EVEN_YEHUDA
2025-03-22 03:09:32,426 - cinemas.lev - INFO - DONE LEV EVEN_YEHUDA
2025-03-22 03:09:32,426 - cinemas.lev - INFO - STARTED LEV SMADAR
2025-03-22 03:09:32,773 - cinemas.lev - INFO - DONE LEV SMADAR
2025-03-22 03:09:32,774 - cinemas.lev - INFO - STARTED LEV RAANANA
2025-03-22 03:09:33,222 - cinemas.lev - INFO - DONE LEV RAANANA
2025-03-22 03:09:33,223 - cinemas.lev - INFO - STARTED LEV OMER
2025-03-22 03:09:33,593 - cinemas.lev - INFO - DONE LEV OMER
2025-03-22 03:09:33,593 - cinemas.lev - INFO - STARTED LEV SHOHAM
2025-03-22 03:09:33,990 - cinemas.lev - INFO - DONE LEV SHOHAM
2025-03-22 03:09:33,990 - cinemas.lev - INFO - STARTED LEV DANIEL
2025-03-22 03:09:34,287 - cinemas.lev - INFO - DONE LEV DANIEL
2025-03-22 03:09:34,346 - proxy - INFO - Proxy removed
2025-03-22 03:09:34,346 - cinemas.lev - INFO - DONE LEV
2025-03-22 03:09:34,346 - cinemas.movieland - INFO - STARTED Movie Land
2025-03-22 03:09:34,346 - cinemas.movieland - INFO - STARTED Movie Land CARMIEL
2025-03-22 03:09:34,382 - root - ERROR - movieland crashed
Traceback (most recent call last):
  File "/opt/hostedtoolcache/Python/3.11.11/x64/lib/python3.11/site-packages/urllib3/connection.py", line 174, in _new_conn
    conn = connection.create_connection(
           ^^^^^^^^^^^^^^^^^^^^^^^^^^^^^
  File "/opt/hostedtoolcache/Python/3.11.11/x64/lib/python3.11/site-packages/urllib3/util/connection.py", line 72, in create_connection
    for res in socket.getaddrinfo(host, port, family, socket.SOCK_STREAM):
               ^^^^^^^^^^^^^^^^^^^^^^^^^^^^^^^^^^^^^^^^^^^^^^^^^^^^^^^^^^
  File "/opt/hostedtoolcache/Python/3.11.11/x64/lib/python3.11/socket.py", line 974, in getaddrinfo
    for res in _socket.getaddrinfo(host, port, family, type, proto, flags):
               ^^^^^^^^^^^^^^^^^^^^^^^^^^^^^^^^^^^^^^^^^^^^^^^^^^^^^^^^^^^
socket.gaierror: [Errno -2] Name or service not known

During handling of the above exception, another exception occurred:

Traceback (most recent call last):
  File "/opt/hostedtoolcache/Python/3.11.11/x64/lib/python3.11/site-packages/urllib3/connectionpool.py", line 716, in urlopen
    httplib_response = self._make_request(
                       ^^^^^^^^^^^^^^^^^^^
  File "/opt/hostedtoolcache/Python/3.11.11/x64/lib/python3.11/site-packages/urllib3/connectionpool.py", line 404, in _make_request
    self._validate_conn(conn)
  File "/opt/hostedtoolcache/Python/3.11.11/x64/lib/python3.11/site-packages/urllib3/connectionpool.py", line 1061, in _validate_conn
    conn.connect()
  File "/opt/hostedtoolcache/Python/3.11.11/x64/lib/python3.11/site-packages/urllib3/connection.py", line 363, in connect
    self.sock = conn = self._new_conn()
                       ^^^^^^^^^^^^^^^^
  File "/opt/hostedtoolcache/Python/3.11.11/x64/lib/python3.11/site-packages/urllib3/connection.py", line 186, in _new_conn
    raise NewConnectionError(
urllib3.exceptions.NewConnectionError: <urllib3.connection.HTTPSConnection object at 0x7f6e13f80a50>: Failed to establish a new connection: [Errno -2] Name or service not known

During handling of the above exception, another exception occurred:

Traceback (most recent call last):
  File "/opt/hostedtoolcache/Python/3.11.11/x64/lib/python3.11/site-packages/requests/adapters.py", line 667, in send
    resp = conn.urlopen(
           ^^^^^^^^^^^^^
  File "/opt/hostedtoolcache/Python/3.11.11/x64/lib/python3.11/site-packages/urllib3/connectionpool.py", line 802, in urlopen
    retries = retries.increment(
              ^^^^^^^^^^^^^^^^^^
  File "/opt/hostedtoolcache/Python/3.11.11/x64/lib/python3.11/site-packages/urllib3/util/retry.py", line 594, in increment
    raise MaxRetryError(_pool, url, error or ResponseError(cause))
urllib3.exceptions.MaxRetryError: HTTPSConnectionPool(host='www.movieland-cinema.co.il', port=443): Max retries exceeded with url: /api/Events?&TheatreId=1290&isForSelectedTheaterOnly=true&isHideVODRent=true (Caused by NewConnectionError('<urllib3.connection.HTTPSConnection object at 0x7f6e13f80a50>: Failed to establish a new connection: [Errno -2] Name or service not known'))

During handling of the above exception, another exception occurred:

Traceback (most recent call last):
  File "/home/runner/work/Movie-Time-Server/Movie-Time-Server/main.py", line 56, in get_screenings_from_cinema
    return unsafe_get_screenings_from_cinema(get_screening, cinema, date, s)
           ^^^^^^^^^^^^^^^^^^^^^^^^^^^^^^^^^^^^^^^^^^^^^^^^^^^^^^^^^^^^^^^^^
  File "/opt/hostedtoolcache/Python/3.11.11/x64/lib/python3.11/site-packages/decorator.py", line 235, in fun
    return caller(func, *(extras + args), **kw)
           ^^^^^^^^^^^^^^^^^^^^^^^^^^^^^^^^^^^^
  File "/opt/hostedtoolcache/Python/3.11.11/x64/lib/python3.11/site-packages/retry/api.py", line 90, in retry_decorator
    return __retry_internal(partial(f, *args, **kwargs), exceptions, tries, delay, max_delay, backoff, jitter,
           ^^^^^^^^^^^^^^^^^^^^^^^^^^^^^^^^^^^^^^^^^^^^^^^^^^^^^^^^^^^^^^^^^^^^^^^^^^^^^^^^^^^^^^^^^^^^^^^^^^^
  File "/opt/hostedtoolcache/Python/3.11.11/x64/lib/python3.11/site-packages/retry/api.py", line 35, in __retry_internal
    return f()
           ^^^
  File "/home/runner/work/Movie-Time-Server/Movie-Time-Server/main.py", line 71, in unsafe_get_screenings_from_cinema
    screenings = get_screening(year, month, day, s)
                 ^^^^^^^^^^^^^^^^^^^^^^^^^^^^^^^^^^
  File "/home/runner/work/Movie-Time-Server/Movie-Time-Server/cinemas/movieland.py", line 118, in get_screenings
    screenings.extend(get_by_location(location, date, format_date, s))
                      ^^^^^^^^^^^^^^^^^^^^^^^^^^^^^^^^^^^^^^^^^^^^^^^
  File "/home/runner/work/Movie-Time-Server/Movie-Time-Server/cinemas/movieland.py", line 79, in get_by_location
    res = s.get(url)
          ^^^^^^^^^^
  File "/opt/hostedtoolcache/Python/3.11.11/x64/lib/python3.11/site-packages/requests/sessions.py", line 602, in get
    return self.request("GET", url, **kwargs)
           ^^^^^^^^^^^^^^^^^^^^^^^^^^^^^^^^^^
  File "/opt/hostedtoolcache/Python/3.11.11/x64/lib/python3.11/site-packages/requests/sessions.py", line 589, in request
    resp = self.send(prep, **send_kwargs)
           ^^^^^^^^^^^^^^^^^^^^^^^^^^^^^^
  File "/opt/hostedtoolcache/Python/3.11.11/x64/lib/python3.11/site-packages/requests/sessions.py", line 703, in send
    r = adapter.send(request, **kwargs)
        ^^^^^^^^^^^^^^^^^^^^^^^^^^^^^^^
  File "/opt/hostedtoolcache/Python/3.11.11/x64/lib/python3.11/site-packages/requests/adapters.py", line 700, in send
    raise ConnectionError(e, request=request)
requests.exceptions.ConnectionError: HTTPSConnectionPool(host='www.movieland-cinema.co.il', port=443): Max retries exceeded with url: /api/Events?&TheatreId=1290&isForSelectedTheaterOnly=true&isHideVODRent=true (Caused by NewConnectionError('<urllib3.connection.HTTPSConnection object at 0x7f6e13f80a50>: Failed to establish a new connection: [Errno -2] Name or service not known'))
2025-03-22 03:09:34,395 - root - INFO - ********************
2025-03-22 03:09:34,395 - root - INFO - started checking for:23-03-2025
2025-03-22 03:09:34,396 - cinemas.yes_planet - INFO - STARTED YES PLANET
2025-03-22 03:09:34,396 - cinemas.yes_planet - INFO - STARTED YES PLANET RISHON
2025-03-22 03:09:34,396 - cinemas.yes_planet - INFO - DONE YES PLANET RISHON
2025-03-22 03:09:34,396 - cinemas.yes_planet - INFO - STARTED YES PLANET AYALON
2025-03-22 03:09:34,396 - cinemas.yes_planet - INFO - DONE YES PLANET AYALON
2025-03-22 03:09:34,396 - cinemas.yes_planet - INFO - STARTED YES PLANET ZICHRON
2025-03-22 03:09:34,396 - cinemas.yes_planet - INFO - DONE YES PLANET ZICHRON
2025-03-22 03:09:34,396 - cinemas.yes_planet - INFO - STARTED YES PLANET HAIFA
2025-03-22 03:09:34,396 - cinemas.yes_planet - INFO - DONE YES PLANET HAIFA
2025-03-22 03:09:34,396 - cinemas.yes_planet - INFO - STARTED YES PLANET JERUSALEM
2025-03-22 03:09:34,396 - cinemas.yes_planet - INFO - DONE YES PLANET JERUSALEM
2025-03-22 03:09:34,396 - cinemas.yes_planet - INFO - STARTED YES PLANET BEER_SHEVA
2025-03-22 03:09:34,396 - cinemas.yes_planet - INFO - DONE YES PLANET BEER_SHEVA
2025-03-22 03:09:34,396 - cinemas.yes_planet - INFO - DONE YES PLANET
2025-03-22 03:09:34,396 - cinemas.rav_hen - INFO - STARTED RAV HEN
2025-03-22 03:09:34,396 - cinemas.rav_hen - INFO - STARTED RAV HEN GIVATAIM
2025-03-22 03:09:34,900 - cinemas.rav_hen - INFO - DONE RAV HEN GIVATAIM
2025-03-22 03:09:34,900 - cinemas.rav_hen - INFO - STARTED RAV HEN DIZINGOF
2025-03-22 03:09:35,280 - cinemas.rav_hen - INFO - DONE RAV HEN DIZINGOF
2025-03-22 03:09:35,280 - cinemas.rav_hen - INFO - STARTED RAV HEN MODIIN
2025-03-22 03:09:35,677 - cinemas.rav_hen - INFO - DONE RAV HEN MODIIN
2025-03-22 03:09:35,677 - cinemas.rav_hen - INFO - STARTED RAV HEN KIRYAT_ONO
2025-03-22 03:09:36,167 - cinemas.rav_hen - INFO - DONE RAV HEN KIRYAT_ONO
2025-03-22 03:09:36,167 - cinemas.rav_hen - INFO - DONE RAV HEN
2025-03-22 03:09:36,168 - cinemas.hot_cinema - INFO - STARTED HOT CINEMA
2025-03-22 03:09:36,168 - cinemas.hot_cinema - INFO - STARTED HOT CINEMA MODIIN
2025-03-22 03:09:38,554 - cinemas.hot_cinema - INFO - DONE HOT CINEMA MODIIN
2025-03-22 03:09:38,554 - cinemas.hot_cinema - INFO - STARTED HOT CINEMA KIRYON
2025-03-22 03:09:38,701 - cinemas.hot_cinema - INFO - DONE HOT CINEMA KIRYON
2025-03-22 03:09:38,701 - cinemas.hot_cinema - INFO - STARTED HOT CINEMA KFAR_SABBA
2025-03-22 03:09:38,846 - cinemas.hot_cinema - INFO - DONE HOT CINEMA KFAR_SABBA
2025-03-22 03:09:38,846 - cinemas.hot_cinema - INFO - STARTED HOT CINEMA HAIFA
2025-03-22 03:09:39,473 - cinemas.hot_cinema - INFO - DONE HOT CINEMA HAIFA
2025-03-22 03:09:39,473 - cinemas.hot_cinema - INFO - STARTED HOT CINEMA PETACH_TIKVA
2025-03-22 03:09:40,117 - cinemas.hot_cinema - INFO - DONE HOT CINEMA PETACH_TIKVA
2025-03-22 03:09:40,117 - cinemas.hot_cinema - INFO - STARTED HOT CINEMA RECHOVOT
2025-03-22 03:09:40,260 - cinemas.hot_cinema - INFO - DONE HOT CINEMA RECHOVOT
2025-03-22 03:09:40,261 - cinemas.hot_cinema - INFO - STARTED HOT CINEMA ASHKELON
2025-03-22 03:09:40,404 - cinemas.hot_cinema - INFO - DONE HOT CINEMA ASHKELON
2025-03-22 03:09:40,404 - cinemas.hot_cinema - INFO - STARTED HOT CINEMA KARMIEL
2025-03-22 03:09:40,549 - cinemas.hot_cinema - INFO - DONE HOT CINEMA KARMIEL
2025-03-22 03:09:40,549 - cinemas.hot_cinema - INFO - STARTED HOT CINEMA NAHARIA
2025-03-22 03:09:40,693 - cinemas.hot_cinema - INFO - DONE HOT CINEMA NAHARIA
2025-03-22 03:09:40,693 - cinemas.hot_cinema - INFO - STARTED HOT CINEMA ASHDOD
2025-03-22 03:09:40,836 - cinemas.hot_cinema - INFO - DONE HOT CINEMA ASHDOD
2025-03-22 03:09:40,836 - cinemas.hot_cinema - INFO - DONE HOT CINEMA
2025-03-22 03:09:40,836 - cinemas.cinema_city - INFO - STARTED CINEMA CITY
2025-03-22 03:09:42,008 - proxy - INFO - Proxy: {'YourFuckingIPAddress': '77.91.69.236', 'YourFuckingLocation': 'Tel Aviv, TA, Israel', 'YourFuckingHostname': 'static.236.69.91.77.ip.webhost1.net', 'YourFuckingISP': 'CLOUD LEASE Ltd', 'YourFuckingTorExit': False, 'YourFuckingCity': 'Tel Aviv', 'YourFuckingCountry': 'Israel', 'YourFuckingCountryCode': 'IL'}
2025-03-22 03:09:42,009 - cinemas.cinema_city - INFO - STARTED CINEMA CITY GLILOT
2025-03-22 03:09:43,433 - cinemas.cinema_city - INFO - DONE CINEMA CITY GLILOT
2025-03-22 03:09:43,433 - cinemas.cinema_city - INFO - STARTED CINEMA CITY RISHON
2025-03-22 03:09:44,714 - cinemas.cinema_city - INFO - DONE CINEMA CITY RISHON
2025-03-22 03:09:44,714 - cinemas.cinema_city - INFO - STARTED CINEMA CITY JERUSALEM
2025-03-22 03:09:46,031 - cinemas.cinema_city - INFO - DONE CINEMA CITY JERUSALEM
2025-03-22 03:09:46,031 - cinemas.cinema_city - INFO - STARTED CINEMA CITY KFAR_SABBA
2025-03-22 03:09:47,234 - cinemas.cinema_city - INFO - DONE CINEMA CITY KFAR_SABBA
2025-03-22 03:09:47,234 - cinemas.cinema_city - INFO - STARTED CINEMA CITY NATANIA
2025-03-22 03:09:48,547 - cinemas.cinema_city - INFO - DONE CINEMA CITY NATANIA
2025-03-22 03:09:48,547 - cinemas.cinema_city - INFO - STARTED CINEMA CITY BEER_SHEVA
2025-03-22 03:09:49,857 - cinemas.cinema_city - INFO - DONE CINEMA CITY BEER_SHEVA
2025-03-22 03:09:49,857 - cinemas.cinema_city - INFO - STARTED CINEMA CITY HADERA
2025-03-22 03:09:51,185 - cinemas.cinema_city - INFO - DONE CINEMA CITY HADERA
2025-03-22 03:09:51,186 - cinemas.cinema_city - INFO - STARTED CINEMA CITY ASHDOD
2025-03-22 03:09:52,423 - cinemas.cinema_city - WARNING - error while getting movie info:
Traceback (most recent call last):
  File "/home/runner/work/Movie-Time-Server/Movie-Time-Server/cinemas/cinema_city.py", line 123, in get_by_location
    for movie in res.json():
                 ^^^^^^^^^^
  File "/home/runner/work/Movie-Time-Server/Movie-Time-Server/proxy.py", line 18, in json
    return json.loads(self.pre)
           ^^^^^^^^^^^^^^^^^^^^
  File "/opt/hostedtoolcache/Python/3.11.11/x64/lib/python3.11/json/__init__.py", line 339, in loads
    raise TypeError(f'the JSON object must be str, bytes or bytearray, '
TypeError: the JSON object must be str, bytes or bytearray, not NoneType
2025-03-22 03:09:52,423 - cinemas.cinema_city - INFO - DONE CINEMA CITY ASHDOD
2025-03-22 03:09:52,483 - proxy - INFO - Proxy removed
2025-03-22 03:09:52,483 - cinemas.cinema_city - INFO - DONE CINEMA CITY
2025-03-22 03:09:52,483 - cinemas.lev - INFO - STARTED LEV
2025-03-22 03:09:54,392 - proxy - INFO - Proxy: {'YourFuckingIPAddress': '77.91.69.236', 'YourFuckingLocation': 'Tel Aviv, TA, Israel', 'YourFuckingHostname': 'static.236.69.91.77.ip.webhost1.net', 'YourFuckingISP': 'CLOUD LEASE Ltd', 'YourFuckingTorExit': False, 'YourFuckingCity': 'Tel Aviv', 'YourFuckingCountry': 'Israel', 'YourFuckingCountryCode': 'IL'}
2025-03-22 03:09:54,392 - cinemas.lev - INFO - STARTED LEV TEL_AVIV
2025-03-22 03:09:55,356 - cinemas.lev - INFO - DONE LEV TEL_AVIV
2025-03-22 03:09:55,356 - cinemas.lev - INFO - STARTED LEV RAMAT_HASHARON
2025-03-22 03:09:55,569 - cinemas.lev - INFO - DONE LEV RAMAT_HASHARON
2025-03-22 03:09:55,569 - cinemas.lev - INFO - STARTED LEV MANDARIN
2025-03-22 03:09:55,884 - cinemas.lev - INFO - DONE LEV MANDARIN
2025-03-22 03:09:55,884 - cinemas.lev - INFO - STARTED LEV EVEN_YEHUDA
2025-03-22 03:09:56,201 - cinemas.lev - INFO - DONE LEV EVEN_YEHUDA
2025-03-22 03:09:56,202 - cinemas.lev - INFO - STARTED LEV SMADAR
2025-03-22 03:09:56,593 - cinemas.lev - INFO - DONE LEV SMADAR
2025-03-22 03:09:56,593 - cinemas.lev - INFO - STARTED LEV RAANANA
2025-03-22 03:09:57,007 - cinemas.lev - INFO - DONE LEV RAANANA
2025-03-22 03:09:57,007 - cinemas.lev - INFO - STARTED LEV OMER
2025-03-22 03:09:57,255 - cinemas.lev - INFO - DONE LEV OMER
2025-03-22 03:09:57,255 - cinemas.lev - INFO - STARTED LEV SHOHAM
2025-03-22 03:09:57,566 - cinemas.lev - INFO - DONE LEV SHOHAM
2025-03-22 03:09:57,566 - cinemas.lev - INFO - STARTED LEV DANIEL
2025-03-22 03:09:57,846 - cinemas.lev - INFO - DONE LEV DANIEL
2025-03-22 03:09:57,906 - proxy - INFO - Proxy removed
2025-03-22 03:09:57,906 - cinemas.lev - INFO - DONE LEV
2025-03-22 03:09:57,906 - cinemas.movieland - INFO - STARTED Movie Land
2025-03-22 03:09:57,906 - cinemas.movieland - INFO - STARTED Movie Land CARMIEL
2025-03-22 03:09:58,074 - root - ERROR - movieland crashed
Traceback (most recent call last):
  File "/opt/hostedtoolcache/Python/3.11.11/x64/lib/python3.11/site-packages/urllib3/connection.py", line 174, in _new_conn
    conn = connection.create_connection(
           ^^^^^^^^^^^^^^^^^^^^^^^^^^^^^
  File "/opt/hostedtoolcache/Python/3.11.11/x64/lib/python3.11/site-packages/urllib3/util/connection.py", line 72, in create_connection
    for res in socket.getaddrinfo(host, port, family, socket.SOCK_STREAM):
               ^^^^^^^^^^^^^^^^^^^^^^^^^^^^^^^^^^^^^^^^^^^^^^^^^^^^^^^^^^
  File "/opt/hostedtoolcache/Python/3.11.11/x64/lib/python3.11/socket.py", line 974, in getaddrinfo
    for res in _socket.getaddrinfo(host, port, family, type, proto, flags):
               ^^^^^^^^^^^^^^^^^^^^^^^^^^^^^^^^^^^^^^^^^^^^^^^^^^^^^^^^^^^
socket.gaierror: [Errno -2] Name or service not known

During handling of the above exception, another exception occurred:

Traceback (most recent call last):
  File "/opt/hostedtoolcache/Python/3.11.11/x64/lib/python3.11/site-packages/urllib3/connectionpool.py", line 716, in urlopen
    httplib_response = self._make_request(
                       ^^^^^^^^^^^^^^^^^^^
  File "/opt/hostedtoolcache/Python/3.11.11/x64/lib/python3.11/site-packages/urllib3/connectionpool.py", line 404, in _make_request
    self._validate_conn(conn)
  File "/opt/hostedtoolcache/Python/3.11.11/x64/lib/python3.11/site-packages/urllib3/connectionpool.py", line 1061, in _validate_conn
    conn.connect()
  File "/opt/hostedtoolcache/Python/3.11.11/x64/lib/python3.11/site-packages/urllib3/connection.py", line 363, in connect
    self.sock = conn = self._new_conn()
                       ^^^^^^^^^^^^^^^^
  File "/opt/hostedtoolcache/Python/3.11.11/x64/lib/python3.11/site-packages/urllib3/connection.py", line 186, in _new_conn
    raise NewConnectionError(
urllib3.exceptions.NewConnectionError: <urllib3.connection.HTTPSConnection object at 0x7f6e143e9d90>: Failed to establish a new connection: [Errno -2] Name or service not known

During handling of the above exception, another exception occurred:

Traceback (most recent call last):
  File "/opt/hostedtoolcache/Python/3.11.11/x64/lib/python3.11/site-packages/requests/adapters.py", line 667, in send
    resp = conn.urlopen(
           ^^^^^^^^^^^^^
  File "/opt/hostedtoolcache/Python/3.11.11/x64/lib/python3.11/site-packages/urllib3/connectionpool.py", line 802, in urlopen
    retries = retries.increment(
              ^^^^^^^^^^^^^^^^^^
  File "/opt/hostedtoolcache/Python/3.11.11/x64/lib/python3.11/site-packages/urllib3/util/retry.py", line 594, in increment
    raise MaxRetryError(_pool, url, error or ResponseError(cause))
urllib3.exceptions.MaxRetryError: HTTPSConnectionPool(host='www.movieland-cinema.co.il', port=443): Max retries exceeded with url: /api/Events?&TheatreId=1290&isForSelectedTheaterOnly=true&isHideVODRent=true (Caused by NewConnectionError('<urllib3.connection.HTTPSConnection object at 0x7f6e143e9d90>: Failed to establish a new connection: [Errno -2] Name or service not known'))

During handling of the above exception, another exception occurred:

Traceback (most recent call last):
  File "/home/runner/work/Movie-Time-Server/Movie-Time-Server/main.py", line 56, in get_screenings_from_cinema
    return unsafe_get_screenings_from_cinema(get_screening, cinema, date, s)
           ^^^^^^^^^^^^^^^^^^^^^^^^^^^^^^^^^^^^^^^^^^^^^^^^^^^^^^^^^^^^^^^^^
  File "/opt/hostedtoolcache/Python/3.11.11/x64/lib/python3.11/site-packages/decorator.py", line 235, in fun
    return caller(func, *(extras + args), **kw)
           ^^^^^^^^^^^^^^^^^^^^^^^^^^^^^^^^^^^^
  File "/opt/hostedtoolcache/Python/3.11.11/x64/lib/python3.11/site-packages/retry/api.py", line 90, in retry_decorator
    return __retry_internal(partial(f, *args, **kwargs), exceptions, tries, delay, max_delay, backoff, jitter,
           ^^^^^^^^^^^^^^^^^^^^^^^^^^^^^^^^^^^^^^^^^^^^^^^^^^^^^^^^^^^^^^^^^^^^^^^^^^^^^^^^^^^^^^^^^^^^^^^^^^^
  File "/opt/hostedtoolcache/Python/3.11.11/x64/lib/python3.11/site-packages/retry/api.py", line 35, in __retry_internal
    return f()
           ^^^
  File "/home/runner/work/Movie-Time-Server/Movie-Time-Server/main.py", line 71, in unsafe_get_screenings_from_cinema
    screenings = get_screening(year, month, day, s)
                 ^^^^^^^^^^^^^^^^^^^^^^^^^^^^^^^^^^
  File "/home/runner/work/Movie-Time-Server/Movie-Time-Server/cinemas/movieland.py", line 118, in get_screenings
    screenings.extend(get_by_location(location, date, format_date, s))
                      ^^^^^^^^^^^^^^^^^^^^^^^^^^^^^^^^^^^^^^^^^^^^^^^
  File "/home/runner/work/Movie-Time-Server/Movie-Time-Server/cinemas/movieland.py", line 79, in get_by_location
    res = s.get(url)
          ^^^^^^^^^^
  File "/opt/hostedtoolcache/Python/3.11.11/x64/lib/python3.11/site-packages/requests/sessions.py", line 602, in get
    return self.request("GET", url, **kwargs)
           ^^^^^^^^^^^^^^^^^^^^^^^^^^^^^^^^^^
  File "/opt/hostedtoolcache/Python/3.11.11/x64/lib/python3.11/site-packages/requests/sessions.py", line 589, in request
    resp = self.send(prep, **send_kwargs)
           ^^^^^^^^^^^^^^^^^^^^^^^^^^^^^^
  File "/opt/hostedtoolcache/Python/3.11.11/x64/lib/python3.11/site-packages/requests/sessions.py", line 703, in send
    r = adapter.send(request, **kwargs)
        ^^^^^^^^^^^^^^^^^^^^^^^^^^^^^^^
  File "/opt/hostedtoolcache/Python/3.11.11/x64/lib/python3.11/site-packages/requests/adapters.py", line 700, in send
    raise ConnectionError(e, request=request)
requests.exceptions.ConnectionError: HTTPSConnectionPool(host='www.movieland-cinema.co.il', port=443): Max retries exceeded with url: /api/Events?&TheatreId=1290&isForSelectedTheaterOnly=true&isHideVODRent=true (Caused by NewConnectionError('<urllib3.connection.HTTPSConnection object at 0x7f6e143e9d90>: Failed to establish a new connection: [Errno -2] Name or service not known'))
2025-03-22 03:09:58,076 - root - INFO - ********************
2025-03-22 03:09:58,076 - root - INFO - started checking for:24-03-2025
2025-03-22 03:09:58,076 - cinemas.yes_planet - INFO - STARTED YES PLANET
2025-03-22 03:09:58,076 - cinemas.yes_planet - INFO - STARTED YES PLANET RISHON
2025-03-22 03:09:58,076 - cinemas.yes_planet - INFO - DONE YES PLANET RISHON
2025-03-22 03:09:58,076 - cinemas.yes_planet - INFO - STARTED YES PLANET AYALON
2025-03-22 03:09:58,076 - cinemas.yes_planet - INFO - DONE YES PLANET AYALON
2025-03-22 03:09:58,077 - cinemas.yes_planet - INFO - STARTED YES PLANET ZICHRON
2025-03-22 03:09:58,077 - cinemas.yes_planet - INFO - DONE YES PLANET ZICHRON
2025-03-22 03:09:58,077 - cinemas.yes_planet - INFO - STARTED YES PLANET HAIFA
2025-03-22 03:09:58,077 - cinemas.yes_planet - INFO - DONE YES PLANET HAIFA
2025-03-22 03:09:58,077 - cinemas.yes_planet - INFO - STARTED YES PLANET JERUSALEM
2025-03-22 03:09:58,077 - cinemas.yes_planet - INFO - DONE YES PLANET JERUSALEM
2025-03-22 03:09:58,077 - cinemas.yes_planet - INFO - STARTED YES PLANET BEER_SHEVA
2025-03-22 03:09:58,077 - cinemas.yes_planet - INFO - DONE YES PLANET BEER_SHEVA
2025-03-22 03:09:58,077 - cinemas.yes_planet - INFO - DONE YES PLANET
2025-03-22 03:09:58,077 - retry.api - WARNING - AssertionError: yes planet returned empty list in __main__.unsafe_get_screenings_from_cinema, retrying in 1 seconds...
2025-03-22 03:09:59,077 - cinemas.yes_planet - INFO - STARTED YES PLANET
2025-03-22 03:09:59,077 - cinemas.yes_planet - INFO - STARTED YES PLANET RISHON
2025-03-22 03:09:59,077 - cinemas.yes_planet - INFO - DONE YES PLANET RISHON
2025-03-22 03:09:59,078 - cinemas.yes_planet - INFO - STARTED YES PLANET AYALON
2025-03-22 03:09:59,078 - cinemas.yes_planet - INFO - DONE YES PLANET AYALON
2025-03-22 03:09:59,078 - cinemas.yes_planet - INFO - STARTED YES PLANET ZICHRON
2025-03-22 03:09:59,078 - cinemas.yes_planet - INFO - DONE YES PLANET ZICHRON
2025-03-22 03:09:59,078 - cinemas.yes_planet - INFO - STARTED YES PLANET HAIFA
2025-03-22 03:09:59,078 - cinemas.yes_planet - INFO - DONE YES PLANET HAIFA
2025-03-22 03:09:59,078 - cinemas.yes_planet - INFO - STARTED YES PLANET JERUSALEM
2025-03-22 03:09:59,078 - cinemas.yes_planet - INFO - DONE YES PLANET JERUSALEM
2025-03-22 03:09:59,078 - cinemas.yes_planet - INFO - STARTED YES PLANET BEER_SHEVA
2025-03-22 03:09:59,078 - cinemas.yes_planet - INFO - DONE YES PLANET BEER_SHEVA
2025-03-22 03:09:59,078 - cinemas.yes_planet - INFO - DONE YES PLANET
2025-03-22 03:09:59,078 - retry.api - WARNING - AssertionError: yes planet returned empty list in __main__.unsafe_get_screenings_from_cinema, retrying in 2 seconds...
2025-03-22 03:10:01,078 - cinemas.yes_planet - INFO - STARTED YES PLANET
2025-03-22 03:10:01,078 - cinemas.yes_planet - INFO - STARTED YES PLANET RISHON
2025-03-22 03:10:01,079 - cinemas.yes_planet - INFO - DONE YES PLANET RISHON
2025-03-22 03:10:01,079 - cinemas.yes_planet - INFO - STARTED YES PLANET AYALON
2025-03-22 03:10:01,079 - cinemas.yes_planet - INFO - DONE YES PLANET AYALON
2025-03-22 03:10:01,079 - cinemas.yes_planet - INFO - STARTED YES PLANET ZICHRON
2025-03-22 03:10:01,079 - cinemas.yes_planet - INFO - DONE YES PLANET ZICHRON
2025-03-22 03:10:01,079 - cinemas.yes_planet - INFO - STARTED YES PLANET HAIFA
2025-03-22 03:10:01,079 - cinemas.yes_planet - INFO - DONE YES PLANET HAIFA
2025-03-22 03:10:01,079 - cinemas.yes_planet - INFO - STARTED YES PLANET JERUSALEM
2025-03-22 03:10:01,079 - cinemas.yes_planet - INFO - DONE YES PLANET JERUSALEM
2025-03-22 03:10:01,079 - cinemas.yes_planet - INFO - STARTED YES PLANET BEER_SHEVA
2025-03-22 03:10:01,079 - cinemas.yes_planet - INFO - DONE YES PLANET BEER_SHEVA
2025-03-22 03:10:01,079 - cinemas.yes_planet - INFO - DONE YES PLANET
2025-03-22 03:10:01,079 - root - ERROR - yes planet crashed: yes planet returned empty list
2025-03-22 03:10:01,079 - cinemas.rav_hen - INFO - STARTED RAV HEN
2025-03-22 03:10:01,079 - cinemas.rav_hen - INFO - STARTED RAV HEN GIVATAIM
2025-03-22 03:10:01,666 - cinemas.rav_hen - INFO - DONE RAV HEN GIVATAIM
2025-03-22 03:10:01,666 - cinemas.rav_hen - INFO - STARTED RAV HEN DIZINGOF
2025-03-22 03:10:02,111 - cinemas.rav_hen - INFO - DONE RAV HEN DIZINGOF
2025-03-22 03:10:02,111 - cinemas.rav_hen - INFO - STARTED RAV HEN MODIIN
2025-03-22 03:10:02,495 - cinemas.rav_hen - INFO - DONE RAV HEN MODIIN
2025-03-22 03:10:02,495 - cinemas.rav_hen - INFO - STARTED RAV HEN KIRYAT_ONO
2025-03-22 03:10:02,998 - cinemas.rav_hen - INFO - DONE RAV HEN KIRYAT_ONO
2025-03-22 03:10:02,998 - cinemas.rav_hen - INFO - DONE RAV HEN
2025-03-22 03:10:02,998 - cinemas.hot_cinema - INFO - STARTED HOT CINEMA
2025-03-22 03:10:02,998 - cinemas.hot_cinema - INFO - STARTED HOT CINEMA MODIIN
2025-03-22 03:10:03,633 - cinemas.hot_cinema - INFO - DONE HOT CINEMA MODIIN
2025-03-22 03:10:03,633 - cinemas.hot_cinema - INFO - STARTED HOT CINEMA KIRYON
2025-03-22 03:10:04,268 - cinemas.hot_cinema - INFO - DONE HOT CINEMA KIRYON
2025-03-22 03:10:04,268 - cinemas.hot_cinema - INFO - STARTED HOT CINEMA KFAR_SABBA
2025-03-22 03:10:04,415 - cinemas.hot_cinema - INFO - DONE HOT CINEMA KFAR_SABBA
2025-03-22 03:10:04,415 - cinemas.hot_cinema - INFO - STARTED HOT CINEMA HAIFA
2025-03-22 03:10:04,561 - cinemas.hot_cinema - INFO - DONE HOT CINEMA HAIFA
2025-03-22 03:10:04,562 - cinemas.hot_cinema - INFO - STARTED HOT CINEMA PETACH_TIKVA
2025-03-22 03:10:04,707 - cinemas.hot_cinema - INFO - DONE HOT CINEMA PETACH_TIKVA
2025-03-22 03:10:04,707 - cinemas.hot_cinema - INFO - STARTED HOT CINEMA RECHOVOT
2025-03-22 03:10:04,852 - cinemas.hot_cinema - INFO - DONE HOT CINEMA RECHOVOT
2025-03-22 03:10:04,852 - cinemas.hot_cinema - INFO - STARTED HOT CINEMA ASHKELON
2025-03-22 03:10:04,997 - cinemas.hot_cinema - INFO - DONE HOT CINEMA ASHKELON
2025-03-22 03:10:04,997 - cinemas.hot_cinema - INFO - STARTED HOT CINEMA KARMIEL
2025-03-22 03:10:05,140 - cinemas.hot_cinema - INFO - DONE HOT CINEMA KARMIEL
2025-03-22 03:10:05,140 - cinemas.hot_cinema - INFO - STARTED HOT CINEMA NAHARIA
2025-03-22 03:10:05,282 - cinemas.hot_cinema - INFO - DONE HOT CINEMA NAHARIA
2025-03-22 03:10:05,282 - cinemas.hot_cinema - INFO - STARTED HOT CINEMA ASHDOD
2025-03-22 03:10:05,425 - cinemas.hot_cinema - INFO - DONE HOT CINEMA ASHDOD
2025-03-22 03:10:05,425 - cinemas.hot_cinema - INFO - DONE HOT CINEMA
2025-03-22 03:10:05,425 - cinemas.cinema_city - INFO - STARTED CINEMA CITY
2025-03-22 03:10:06,676 - proxy - INFO - Proxy: {'YourFuckingIPAddress': '77.91.69.236', 'YourFuckingLocation': 'Tel Aviv, TA, Israel', 'YourFuckingHostname': 'static.236.69.91.77.ip.webhost1.net', 'YourFuckingISP': 'CLOUD LEASE Ltd', 'YourFuckingTorExit': False, 'YourFuckingCity': 'Tel Aviv', 'YourFuckingCountry': 'Israel', 'YourFuckingCountryCode': 'IL'}
2025-03-22 03:10:06,676 - cinemas.cinema_city - INFO - STARTED CINEMA CITY GLILOT
2025-03-22 03:10:08,210 - cinemas.cinema_city - INFO - DONE CINEMA CITY GLILOT
2025-03-22 03:10:08,210 - cinemas.cinema_city - INFO - STARTED CINEMA CITY RISHON
2025-03-22 03:10:23,489 - cinemas.cinema_city - INFO - DONE CINEMA CITY RISHON
2025-03-22 03:10:23,490 - cinemas.cinema_city - INFO - STARTED CINEMA CITY JERUSALEM
2025-03-22 03:10:27,040 - cinemas.cinema_city - INFO - DONE CINEMA CITY JERUSALEM
2025-03-22 03:10:27,040 - cinemas.cinema_city - INFO - STARTED CINEMA CITY KFAR_SABBA
2025-03-22 03:10:30,582 - cinemas.cinema_city - INFO - DONE CINEMA CITY KFAR_SABBA
2025-03-22 03:10:30,583 - cinemas.cinema_city - INFO - STARTED CINEMA CITY NATANIA
2025-03-22 03:10:34,087 - cinemas.cinema_city - INFO - DONE CINEMA CITY NATANIA
2025-03-22 03:10:34,087 - cinemas.cinema_city - INFO - STARTED CINEMA CITY BEER_SHEVA
2025-03-22 03:10:37,428 - cinemas.cinema_city - INFO - DONE CINEMA CITY BEER_SHEVA
2025-03-22 03:10:37,428 - cinemas.cinema_city - INFO - STARTED CINEMA CITY HADERA
2025-03-22 03:10:38,379 - cinemas.cinema_city - INFO - DONE CINEMA CITY HADERA
2025-03-22 03:10:38,379 - cinemas.cinema_city - INFO - STARTED CINEMA CITY ASHDOD
2025-03-22 03:10:39,708 - cinemas.cinema_city - WARNING - error while getting movie info:
Traceback (most recent call last):
  File "/home/runner/work/Movie-Time-Server/Movie-Time-Server/cinemas/cinema_city.py", line 123, in get_by_location
    for movie in res.json():
                 ^^^^^^^^^^
  File "/home/runner/work/Movie-Time-Server/Movie-Time-Server/proxy.py", line 18, in json
    return json.loads(self.pre)
           ^^^^^^^^^^^^^^^^^^^^
  File "/opt/hostedtoolcache/Python/3.11.11/x64/lib/python3.11/json/__init__.py", line 339, in loads
    raise TypeError(f'the JSON object must be str, bytes or bytearray, '
TypeError: the JSON object must be str, bytes or bytearray, not NoneType
2025-03-22 03:10:39,708 - cinemas.cinema_city - INFO - DONE CINEMA CITY ASHDOD
2025-03-22 03:10:39,778 - proxy - INFO - Proxy removed
2025-03-22 03:10:39,778 - cinemas.cinema_city - INFO - DONE CINEMA CITY
2025-03-22 03:10:39,778 - cinemas.lev - INFO - STARTED LEV
2025-03-22 03:10:41,748 - proxy - INFO - Proxy: {'YourFuckingIPAddress': '77.91.69.236', 'YourFuckingLocation': 'Tel Aviv, TA, Israel', 'YourFuckingHostname': 'static.236.69.91.77.ip.webhost1.net', 'YourFuckingISP': 'CLOUD LEASE Ltd', 'YourFuckingTorExit': False, 'YourFuckingCity': 'Tel Aviv', 'YourFuckingCountry': 'Israel', 'YourFuckingCountryCode': 'IL'}
2025-03-22 03:10:41,748 - cinemas.lev - INFO - STARTED LEV TEL_AVIV
2025-03-22 03:10:42,889 - cinemas.lev - INFO - DONE LEV TEL_AVIV
2025-03-22 03:10:42,889 - cinemas.lev - INFO - STARTED LEV RAMAT_HASHARON
2025-03-22 03:10:43,176 - cinemas.lev - INFO - DONE LEV RAMAT_HASHARON
2025-03-22 03:10:43,176 - cinemas.lev - INFO - STARTED LEV MANDARIN
2025-03-22 03:10:43,612 - cinemas.lev - INFO - DONE LEV MANDARIN
2025-03-22 03:10:43,612 - cinemas.lev - INFO - STARTED LEV EVEN_YEHUDA
2025-03-22 03:10:44,006 - cinemas.lev - INFO - DONE LEV EVEN_YEHUDA
2025-03-22 03:10:44,006 - cinemas.lev - INFO - STARTED LEV SMADAR
2025-03-22 03:10:44,354 - cinemas.lev - INFO - DONE LEV SMADAR
2025-03-22 03:10:44,354 - cinemas.lev - INFO - STARTED LEV RAANANA
2025-03-22 03:10:44,683 - cinemas.lev - INFO - DONE LEV RAANANA
2025-03-22 03:10:44,684 - cinemas.lev - INFO - STARTED LEV OMER
2025-03-22 03:10:45,021 - cinemas.lev - INFO - DONE LEV OMER
2025-03-22 03:10:45,021 - cinemas.lev - INFO - STARTED LEV SHOHAM
2025-03-22 03:10:45,464 - cinemas.lev - INFO - DONE LEV SHOHAM
2025-03-22 03:10:45,464 - cinemas.lev - INFO - STARTED LEV DANIEL
2025-03-22 03:10:45,852 - cinemas.lev - INFO - DONE LEV DANIEL
2025-03-22 03:10:45,911 - proxy - INFO - Proxy removed
2025-03-22 03:10:45,911 - cinemas.lev - INFO - DONE LEV
2025-03-22 03:10:45,911 - cinemas.movieland - INFO - STARTED Movie Land
2025-03-22 03:10:45,911 - cinemas.movieland - INFO - STARTED Movie Land CARMIEL
2025-03-22 03:10:45,920 - root - ERROR - movieland crashed
Traceback (most recent call last):
  File "/opt/hostedtoolcache/Python/3.11.11/x64/lib/python3.11/site-packages/urllib3/connection.py", line 174, in _new_conn
    conn = connection.create_connection(
           ^^^^^^^^^^^^^^^^^^^^^^^^^^^^^
  File "/opt/hostedtoolcache/Python/3.11.11/x64/lib/python3.11/site-packages/urllib3/util/connection.py", line 72, in create_connection
    for res in socket.getaddrinfo(host, port, family, socket.SOCK_STREAM):
               ^^^^^^^^^^^^^^^^^^^^^^^^^^^^^^^^^^^^^^^^^^^^^^^^^^^^^^^^^^
  File "/opt/hostedtoolcache/Python/3.11.11/x64/lib/python3.11/socket.py", line 974, in getaddrinfo
    for res in _socket.getaddrinfo(host, port, family, type, proto, flags):
               ^^^^^^^^^^^^^^^^^^^^^^^^^^^^^^^^^^^^^^^^^^^^^^^^^^^^^^^^^^^
socket.gaierror: [Errno -2] Name or service not known

During handling of the above exception, another exception occurred:

Traceback (most recent call last):
  File "/opt/hostedtoolcache/Python/3.11.11/x64/lib/python3.11/site-packages/urllib3/connectionpool.py", line 716, in urlopen
    httplib_response = self._make_request(
                       ^^^^^^^^^^^^^^^^^^^
  File "/opt/hostedtoolcache/Python/3.11.11/x64/lib/python3.11/site-packages/urllib3/connectionpool.py", line 404, in _make_request
    self._validate_conn(conn)
  File "/opt/hostedtoolcache/Python/3.11.11/x64/lib/python3.11/site-packages/urllib3/connectionpool.py", line 1061, in _validate_conn
    conn.connect()
  File "/opt/hostedtoolcache/Python/3.11.11/x64/lib/python3.11/site-packages/urllib3/connection.py", line 363, in connect
    self.sock = conn = self._new_conn()
                       ^^^^^^^^^^^^^^^^
  File "/opt/hostedtoolcache/Python/3.11.11/x64/lib/python3.11/site-packages/urllib3/connection.py", line 186, in _new_conn
    raise NewConnectionError(
urllib3.exceptions.NewConnectionError: <urllib3.connection.HTTPSConnection object at 0x7f6e14d79c10>: Failed to establish a new connection: [Errno -2] Name or service not known

During handling of the above exception, another exception occurred:

Traceback (most recent call last):
  File "/opt/hostedtoolcache/Python/3.11.11/x64/lib/python3.11/site-packages/requests/adapters.py", line 667, in send
    resp = conn.urlopen(
           ^^^^^^^^^^^^^
  File "/opt/hostedtoolcache/Python/3.11.11/x64/lib/python3.11/site-packages/urllib3/connectionpool.py", line 802, in urlopen
    retries = retries.increment(
              ^^^^^^^^^^^^^^^^^^
  File "/opt/hostedtoolcache/Python/3.11.11/x64/lib/python3.11/site-packages/urllib3/util/retry.py", line 594, in increment
    raise MaxRetryError(_pool, url, error or ResponseError(cause))
urllib3.exceptions.MaxRetryError: HTTPSConnectionPool(host='www.movieland-cinema.co.il', port=443): Max retries exceeded with url: /api/Events?&TheatreId=1290&isForSelectedTheaterOnly=true&isHideVODRent=true (Caused by NewConnectionError('<urllib3.connection.HTTPSConnection object at 0x7f6e14d79c10>: Failed to establish a new connection: [Errno -2] Name or service not known'))

During handling of the above exception, another exception occurred:

Traceback (most recent call last):
  File "/home/runner/work/Movie-Time-Server/Movie-Time-Server/main.py", line 56, in get_screenings_from_cinema
    return unsafe_get_screenings_from_cinema(get_screening, cinema, date, s)
           ^^^^^^^^^^^^^^^^^^^^^^^^^^^^^^^^^^^^^^^^^^^^^^^^^^^^^^^^^^^^^^^^^
  File "/opt/hostedtoolcache/Python/3.11.11/x64/lib/python3.11/site-packages/decorator.py", line 235, in fun
    return caller(func, *(extras + args), **kw)
           ^^^^^^^^^^^^^^^^^^^^^^^^^^^^^^^^^^^^
  File "/opt/hostedtoolcache/Python/3.11.11/x64/lib/python3.11/site-packages/retry/api.py", line 90, in retry_decorator
    return __retry_internal(partial(f, *args, **kwargs), exceptions, tries, delay, max_delay, backoff, jitter,
           ^^^^^^^^^^^^^^^^^^^^^^^^^^^^^^^^^^^^^^^^^^^^^^^^^^^^^^^^^^^^^^^^^^^^^^^^^^^^^^^^^^^^^^^^^^^^^^^^^^^
  File "/opt/hostedtoolcache/Python/3.11.11/x64/lib/python3.11/site-packages/retry/api.py", line 35, in __retry_internal
    return f()
           ^^^
  File "/home/runner/work/Movie-Time-Server/Movie-Time-Server/main.py", line 71, in unsafe_get_screenings_from_cinema
    screenings = get_screening(year, month, day, s)
                 ^^^^^^^^^^^^^^^^^^^^^^^^^^^^^^^^^^
  File "/home/runner/work/Movie-Time-Server/Movie-Time-Server/cinemas/movieland.py", line 118, in get_screenings
    screenings.extend(get_by_location(location, date, format_date, s))
                      ^^^^^^^^^^^^^^^^^^^^^^^^^^^^^^^^^^^^^^^^^^^^^^^
  File "/home/runner/work/Movie-Time-Server/Movie-Time-Server/cinemas/movieland.py", line 79, in get_by_location
    res = s.get(url)
          ^^^^^^^^^^
  File "/opt/hostedtoolcache/Python/3.11.11/x64/lib/python3.11/site-packages/requests/sessions.py", line 602, in get
    return self.request("GET", url, **kwargs)
           ^^^^^^^^^^^^^^^^^^^^^^^^^^^^^^^^^^
  File "/opt/hostedtoolcache/Python/3.11.11/x64/lib/python3.11/site-packages/requests/sessions.py", line 589, in request
    resp = self.send(prep, **send_kwargs)
           ^^^^^^^^^^^^^^^^^^^^^^^^^^^^^^
  File "/opt/hostedtoolcache/Python/3.11.11/x64/lib/python3.11/site-packages/requests/sessions.py", line 703, in send
    r = adapter.send(request, **kwargs)
        ^^^^^^^^^^^^^^^^^^^^^^^^^^^^^^^
  File "/opt/hostedtoolcache/Python/3.11.11/x64/lib/python3.11/site-packages/requests/adapters.py", line 700, in send
    raise ConnectionError(e, request=request)
requests.exceptions.ConnectionError: HTTPSConnectionPool(host='www.movieland-cinema.co.il', port=443): Max retries exceeded with url: /api/Events?&TheatreId=1290&isForSelectedTheaterOnly=true&isHideVODRent=true (Caused by NewConnectionError('<urllib3.connection.HTTPSConnection object at 0x7f6e14d79c10>: Failed to establish a new connection: [Errno -2] Name or service not known'))
2025-03-22 03:10:45,921 - root - INFO - ********************
2025-03-22 03:10:45,921 - root - INFO - started checking for:25-03-2025
2025-03-22 03:10:45,921 - cinemas.yes_planet - INFO - STARTED YES PLANET
2025-03-22 03:10:45,921 - cinemas.yes_planet - INFO - STARTED YES PLANET RISHON
2025-03-22 03:10:45,921 - cinemas.yes_planet - INFO - DONE YES PLANET RISHON
2025-03-22 03:10:45,921 - cinemas.yes_planet - INFO - STARTED YES PLANET AYALON
2025-03-22 03:10:45,921 - cinemas.yes_planet - INFO - DONE YES PLANET AYALON
2025-03-22 03:10:45,921 - cinemas.yes_planet - INFO - STARTED YES PLANET ZICHRON
2025-03-22 03:10:45,921 - cinemas.yes_planet - INFO - DONE YES PLANET ZICHRON
2025-03-22 03:10:45,922 - cinemas.yes_planet - INFO - STARTED YES PLANET HAIFA
2025-03-22 03:10:45,922 - cinemas.yes_planet - INFO - DONE YES PLANET HAIFA
2025-03-22 03:10:45,922 - cinemas.yes_planet - INFO - STARTED YES PLANET JERUSALEM
2025-03-22 03:10:45,922 - cinemas.yes_planet - INFO - DONE YES PLANET JERUSALEM
2025-03-22 03:10:45,922 - cinemas.yes_planet - INFO - STARTED YES PLANET BEER_SHEVA
2025-03-22 03:10:45,922 - cinemas.yes_planet - INFO - DONE YES PLANET BEER_SHEVA
2025-03-22 03:10:45,922 - cinemas.yes_planet - INFO - DONE YES PLANET
2025-03-22 03:10:45,922 - retry.api - WARNING - AssertionError: yes planet returned empty list in __main__.unsafe_get_screenings_from_cinema, retrying in 1 seconds...
2025-03-22 03:10:46,922 - cinemas.yes_planet - INFO - STARTED YES PLANET
2025-03-22 03:10:46,922 - cinemas.yes_planet - INFO - STARTED YES PLANET RISHON
2025-03-22 03:10:46,922 - cinemas.yes_planet - INFO - DONE YES PLANET RISHON
2025-03-22 03:10:46,922 - cinemas.yes_planet - INFO - STARTED YES PLANET AYALON
2025-03-22 03:10:46,922 - cinemas.yes_planet - INFO - DONE YES PLANET AYALON
2025-03-22 03:10:46,922 - cinemas.yes_planet - INFO - STARTED YES PLANET ZICHRON
2025-03-22 03:10:46,923 - cinemas.yes_planet - INFO - DONE YES PLANET ZICHRON
2025-03-22 03:10:46,923 - cinemas.yes_planet - INFO - STARTED YES PLANET HAIFA
2025-03-22 03:10:46,923 - cinemas.yes_planet - INFO - DONE YES PLANET HAIFA
2025-03-22 03:10:46,923 - cinemas.yes_planet - INFO - STARTED YES PLANET JERUSALEM
2025-03-22 03:10:46,923 - cinemas.yes_planet - INFO - DONE YES PLANET JERUSALEM
2025-03-22 03:10:46,923 - cinemas.yes_planet - INFO - STARTED YES PLANET BEER_SHEVA
2025-03-22 03:10:46,923 - cinemas.yes_planet - INFO - DONE YES PLANET BEER_SHEVA
2025-03-22 03:10:46,923 - cinemas.yes_planet - INFO - DONE YES PLANET
2025-03-22 03:10:46,923 - retry.api - WARNING - AssertionError: yes planet returned empty list in __main__.unsafe_get_screenings_from_cinema, retrying in 2 seconds...
2025-03-22 03:10:48,923 - cinemas.yes_planet - INFO - STARTED YES PLANET
2025-03-22 03:10:48,923 - cinemas.yes_planet - INFO - STARTED YES PLANET RISHON
2025-03-22 03:10:48,923 - cinemas.yes_planet - INFO - DONE YES PLANET RISHON
2025-03-22 03:10:48,924 - cinemas.yes_planet - INFO - STARTED YES PLANET AYALON
2025-03-22 03:10:48,924 - cinemas.yes_planet - INFO - DONE YES PLANET AYALON
2025-03-22 03:10:48,924 - cinemas.yes_planet - INFO - STARTED YES PLANET ZICHRON
2025-03-22 03:10:48,924 - cinemas.yes_planet - INFO - DONE YES PLANET ZICHRON
2025-03-22 03:10:48,924 - cinemas.yes_planet - INFO - STARTED YES PLANET HAIFA
2025-03-22 03:10:48,924 - cinemas.yes_planet - INFO - DONE YES PLANET HAIFA
2025-03-22 03:10:48,924 - cinemas.yes_planet - INFO - STARTED YES PLANET JERUSALEM
2025-03-22 03:10:48,924 - cinemas.yes_planet - INFO - DONE YES PLANET JERUSALEM
2025-03-22 03:10:48,924 - cinemas.yes_planet - INFO - STARTED YES PLANET BEER_SHEVA
2025-03-22 03:10:48,924 - cinemas.yes_planet - INFO - DONE YES PLANET BEER_SHEVA
2025-03-22 03:10:48,924 - cinemas.yes_planet - INFO - DONE YES PLANET
2025-03-22 03:10:48,924 - root - ERROR - yes planet crashed: yes planet returned empty list
2025-03-22 03:10:48,924 - cinemas.rav_hen - INFO - STARTED RAV HEN
2025-03-22 03:10:48,924 - cinemas.rav_hen - INFO - STARTED RAV HEN GIVATAIM
2025-03-22 03:10:49,408 - cinemas.rav_hen - INFO - DONE RAV HEN GIVATAIM
2025-03-22 03:10:49,408 - cinemas.rav_hen - INFO - STARTED RAV HEN DIZINGOF
2025-03-22 03:10:49,791 - cinemas.rav_hen - INFO - DONE RAV HEN DIZINGOF
2025-03-22 03:10:49,791 - cinemas.rav_hen - INFO - STARTED RAV HEN MODIIN
2025-03-22 03:10:50,203 - cinemas.rav_hen - INFO - DONE RAV HEN MODIIN
2025-03-22 03:10:50,203 - cinemas.rav_hen - INFO - STARTED RAV HEN KIRYAT_ONO
2025-03-22 03:10:50,686 - cinemas.rav_hen - INFO - DONE RAV HEN KIRYAT_ONO
2025-03-22 03:10:50,686 - cinemas.rav_hen - INFO - DONE RAV HEN
2025-03-22 03:10:50,686 - cinemas.hot_cinema - INFO - STARTED HOT CINEMA
2025-03-22 03:10:50,686 - cinemas.hot_cinema - INFO - STARTED HOT CINEMA MODIIN
2025-03-22 03:10:53,291 - cinemas.hot_cinema - INFO - DONE HOT CINEMA MODIIN
2025-03-22 03:10:53,292 - cinemas.hot_cinema - INFO - STARTED HOT CINEMA KIRYON
2025-03-22 03:10:55,395 - cinemas.hot_cinema - INFO - DONE HOT CINEMA KIRYON
2025-03-22 03:10:55,395 - cinemas.hot_cinema - INFO - STARTED HOT CINEMA KFAR_SABBA
2025-03-22 03:10:55,541 - cinemas.hot_cinema - INFO - DONE HOT CINEMA KFAR_SABBA
2025-03-22 03:10:55,541 - cinemas.hot_cinema - INFO - STARTED HOT CINEMA HAIFA
2025-03-22 03:10:55,687 - cinemas.hot_cinema - INFO - DONE HOT CINEMA HAIFA
2025-03-22 03:10:55,687 - cinemas.hot_cinema - INFO - STARTED HOT CINEMA PETACH_TIKVA
2025-03-22 03:10:55,833 - cinemas.hot_cinema - INFO - DONE HOT CINEMA PETACH_TIKVA
2025-03-22 03:10:55,833 - cinemas.hot_cinema - INFO - STARTED HOT CINEMA RECHOVOT
2025-03-22 03:10:56,478 - cinemas.hot_cinema - INFO - DONE HOT CINEMA RECHOVOT
2025-03-22 03:10:56,478 - cinemas.hot_cinema - INFO - STARTED HOT CINEMA ASHKELON
2025-03-22 03:10:56,621 - cinemas.hot_cinema - INFO - DONE HOT CINEMA ASHKELON
2025-03-22 03:10:56,621 - cinemas.hot_cinema - INFO - STARTED HOT CINEMA KARMIEL
2025-03-22 03:10:56,765 - cinemas.hot_cinema - INFO - DONE HOT CINEMA KARMIEL
2025-03-22 03:10:56,765 - cinemas.hot_cinema - INFO - STARTED HOT CINEMA NAHARIA
2025-03-22 03:10:56,909 - cinemas.hot_cinema - INFO - DONE HOT CINEMA NAHARIA
2025-03-22 03:10:56,909 - cinemas.hot_cinema - INFO - STARTED HOT CINEMA ASHDOD
2025-03-22 03:10:57,052 - cinemas.hot_cinema - INFO - DONE HOT CINEMA ASHDOD
2025-03-22 03:10:57,052 - cinemas.hot_cinema - INFO - DONE HOT CINEMA
2025-03-22 03:10:57,052 - cinemas.cinema_city - INFO - STARTED CINEMA CITY
2025-03-22 03:10:58,219 - proxy - INFO - Proxy: {'YourFuckingIPAddress': '77.91.69.236', 'YourFuckingLocation': 'Tel Aviv, TA, Israel', 'YourFuckingHostname': 'static.236.69.91.77.ip.webhost1.net', 'YourFuckingISP': 'CLOUD LEASE Ltd', 'YourFuckingTorExit': False, 'YourFuckingCity': 'Tel Aviv', 'YourFuckingCountry': 'Israel', 'YourFuckingCountryCode': 'IL'}
2025-03-22 03:10:58,219 - cinemas.cinema_city - INFO - STARTED CINEMA CITY GLILOT
2025-03-22 03:11:09,007 - cinemas.cinema_city - INFO - DONE CINEMA CITY GLILOT
2025-03-22 03:11:09,007 - cinemas.cinema_city - INFO - STARTED CINEMA CITY RISHON
2025-03-22 03:11:10,215 - cinemas.cinema_city - INFO - DONE CINEMA CITY RISHON
2025-03-22 03:11:10,215 - cinemas.cinema_city - INFO - STARTED CINEMA CITY JERUSALEM
2025-03-22 03:11:11,462 - cinemas.cinema_city - INFO - DONE CINEMA CITY JERUSALEM
2025-03-22 03:11:11,462 - cinemas.cinema_city - INFO - STARTED CINEMA CITY KFAR_SABBA
2025-03-22 03:11:12,704 - cinemas.cinema_city - INFO - DONE CINEMA CITY KFAR_SABBA
2025-03-22 03:11:12,704 - cinemas.cinema_city - INFO - STARTED CINEMA CITY NATANIA
2025-03-22 03:11:13,946 - cinemas.cinema_city - INFO - DONE CINEMA CITY NATANIA
2025-03-22 03:11:13,946 - cinemas.cinema_city - INFO - STARTED CINEMA CITY BEER_SHEVA
2025-03-22 03:11:15,160 - cinemas.cinema_city - INFO - DONE CINEMA CITY BEER_SHEVA
2025-03-22 03:11:15,160 - cinemas.cinema_city - INFO - STARTED CINEMA CITY HADERA
2025-03-22 03:11:16,482 - cinemas.cinema_city - INFO - DONE CINEMA CITY HADERA
2025-03-22 03:11:16,482 - cinemas.cinema_city - INFO - STARTED CINEMA CITY ASHDOD
2025-03-22 03:11:21,104 - cinemas.cinema_city - WARNING - error while getting movie info:
Traceback (most recent call last):
  File "/home/runner/work/Movie-Time-Server/Movie-Time-Server/cinemas/cinema_city.py", line 123, in get_by_location
    for movie in res.json():
                 ^^^^^^^^^^
  File "/home/runner/work/Movie-Time-Server/Movie-Time-Server/proxy.py", line 18, in json
    return json.loads(self.pre)
           ^^^^^^^^^^^^^^^^^^^^
  File "/opt/hostedtoolcache/Python/3.11.11/x64/lib/python3.11/json/__init__.py", line 339, in loads
    raise TypeError(f'the JSON object must be str, bytes or bytearray, '
TypeError: the JSON object must be str, bytes or bytearray, not NoneType
2025-03-22 03:11:21,104 - cinemas.cinema_city - INFO - DONE CINEMA CITY ASHDOD
2025-03-22 03:11:21,173 - proxy - INFO - Proxy removed
2025-03-22 03:11:21,173 - cinemas.cinema_city - INFO - DONE CINEMA CITY
2025-03-22 03:11:21,173 - cinemas.lev - INFO - STARTED LEV
2025-03-22 03:11:23,186 - proxy - INFO - Proxy: {'YourFuckingIPAddress': '77.91.69.236', 'YourFuckingLocation': 'Tel Aviv, TA, Israel', 'YourFuckingHostname': 'static.236.69.91.77.ip.webhost1.net', 'YourFuckingISP': 'CLOUD LEASE Ltd', 'YourFuckingTorExit': False, 'YourFuckingCity': 'Tel Aviv', 'YourFuckingCountry': 'Israel', 'YourFuckingCountryCode': 'IL'}
2025-03-22 03:11:23,186 - cinemas.lev - INFO - STARTED LEV TEL_AVIV
2025-03-22 03:11:24,079 - cinemas.lev - INFO - DONE LEV TEL_AVIV
2025-03-22 03:11:24,079 - cinemas.lev - INFO - STARTED LEV RAMAT_HASHARON
2025-03-22 03:11:24,369 - cinemas.lev - INFO - DONE LEV RAMAT_HASHARON
2025-03-22 03:11:24,369 - cinemas.lev - INFO - STARTED LEV MANDARIN
2025-03-22 03:11:24,811 - cinemas.lev - INFO - DONE LEV MANDARIN
2025-03-22 03:11:24,811 - cinemas.lev - INFO - STARTED LEV EVEN_YEHUDA
2025-03-22 03:11:25,193 - cinemas.lev - INFO - DONE LEV EVEN_YEHUDA
2025-03-22 03:11:25,194 - cinemas.lev - INFO - STARTED LEV SMADAR
2025-03-22 03:11:25,540 - cinemas.lev - INFO - DONE LEV SMADAR
2025-03-22 03:11:25,540 - cinemas.lev - INFO - STARTED LEV RAANANA
2025-03-22 03:11:25,951 - cinemas.lev - INFO - DONE LEV RAANANA
2025-03-22 03:11:25,951 - cinemas.lev - INFO - STARTED LEV OMER
2025-03-22 03:11:26,278 - cinemas.lev - INFO - DONE LEV OMER
2025-03-22 03:11:26,278 - cinemas.lev - INFO - STARTED LEV SHOHAM
2025-03-22 03:11:26,719 - cinemas.lev - INFO - DONE LEV SHOHAM
2025-03-22 03:11:26,719 - cinemas.lev - INFO - STARTED LEV DANIEL
2025-03-22 03:11:27,093 - cinemas.lev - INFO - DONE LEV DANIEL
2025-03-22 03:11:27,152 - proxy - INFO - Proxy removed
2025-03-22 03:11:27,152 - cinemas.lev - INFO - DONE LEV
2025-03-22 03:11:27,152 - cinemas.movieland - INFO - STARTED Movie Land
2025-03-22 03:11:27,153 - cinemas.movieland - INFO - STARTED Movie Land CARMIEL
2025-03-22 03:11:27,193 - root - ERROR - movieland crashed
Traceback (most recent call last):
  File "/opt/hostedtoolcache/Python/3.11.11/x64/lib/python3.11/site-packages/urllib3/connection.py", line 174, in _new_conn
    conn = connection.create_connection(
           ^^^^^^^^^^^^^^^^^^^^^^^^^^^^^
  File "/opt/hostedtoolcache/Python/3.11.11/x64/lib/python3.11/site-packages/urllib3/util/connection.py", line 72, in create_connection
    for res in socket.getaddrinfo(host, port, family, socket.SOCK_STREAM):
               ^^^^^^^^^^^^^^^^^^^^^^^^^^^^^^^^^^^^^^^^^^^^^^^^^^^^^^^^^^
  File "/opt/hostedtoolcache/Python/3.11.11/x64/lib/python3.11/socket.py", line 974, in getaddrinfo
    for res in _socket.getaddrinfo(host, port, family, type, proto, flags):
               ^^^^^^^^^^^^^^^^^^^^^^^^^^^^^^^^^^^^^^^^^^^^^^^^^^^^^^^^^^^
socket.gaierror: [Errno -2] Name or service not known

During handling of the above exception, another exception occurred:

Traceback (most recent call last):
  File "/opt/hostedtoolcache/Python/3.11.11/x64/lib/python3.11/site-packages/urllib3/connectionpool.py", line 716, in urlopen
    httplib_response = self._make_request(
                       ^^^^^^^^^^^^^^^^^^^
  File "/opt/hostedtoolcache/Python/3.11.11/x64/lib/python3.11/site-packages/urllib3/connectionpool.py", line 404, in _make_request
    self._validate_conn(conn)
  File "/opt/hostedtoolcache/Python/3.11.11/x64/lib/python3.11/site-packages/urllib3/connectionpool.py", line 1061, in _validate_conn
    conn.connect()
  File "/opt/hostedtoolcache/Python/3.11.11/x64/lib/python3.11/site-packages/urllib3/connection.py", line 363, in connect
    self.sock = conn = self._new_conn()
                       ^^^^^^^^^^^^^^^^
  File "/opt/hostedtoolcache/Python/3.11.11/x64/lib/python3.11/site-packages/urllib3/connection.py", line 186, in _new_conn
    raise NewConnectionError(
urllib3.exceptions.NewConnectionError: <urllib3.connection.HTTPSConnection object at 0x7f6e151d2f90>: Failed to establish a new connection: [Errno -2] Name or service not known

During handling of the above exception, another exception occurred:

Traceback (most recent call last):
  File "/opt/hostedtoolcache/Python/3.11.11/x64/lib/python3.11/site-packages/requests/adapters.py", line 667, in send
    resp = conn.urlopen(
           ^^^^^^^^^^^^^
  File "/opt/hostedtoolcache/Python/3.11.11/x64/lib/python3.11/site-packages/urllib3/connectionpool.py", line 802, in urlopen
    retries = retries.increment(
              ^^^^^^^^^^^^^^^^^^
  File "/opt/hostedtoolcache/Python/3.11.11/x64/lib/python3.11/site-packages/urllib3/util/retry.py", line 594, in increment
    raise MaxRetryError(_pool, url, error or ResponseError(cause))
urllib3.exceptions.MaxRetryError: HTTPSConnectionPool(host='www.movieland-cinema.co.il', port=443): Max retries exceeded with url: /api/Events?&TheatreId=1290&isForSelectedTheaterOnly=true&isHideVODRent=true (Caused by NewConnectionError('<urllib3.connection.HTTPSConnection object at 0x7f6e151d2f90>: Failed to establish a new connection: [Errno -2] Name or service not known'))

During handling of the above exception, another exception occurred:

Traceback (most recent call last):
  File "/home/runner/work/Movie-Time-Server/Movie-Time-Server/main.py", line 56, in get_screenings_from_cinema
    return unsafe_get_screenings_from_cinema(get_screening, cinema, date, s)
           ^^^^^^^^^^^^^^^^^^^^^^^^^^^^^^^^^^^^^^^^^^^^^^^^^^^^^^^^^^^^^^^^^
  File "/opt/hostedtoolcache/Python/3.11.11/x64/lib/python3.11/site-packages/decorator.py", line 235, in fun
    return caller(func, *(extras + args), **kw)
           ^^^^^^^^^^^^^^^^^^^^^^^^^^^^^^^^^^^^
  File "/opt/hostedtoolcache/Python/3.11.11/x64/lib/python3.11/site-packages/retry/api.py", line 90, in retry_decorator
    return __retry_internal(partial(f, *args, **kwargs), exceptions, tries, delay, max_delay, backoff, jitter,
           ^^^^^^^^^^^^^^^^^^^^^^^^^^^^^^^^^^^^^^^^^^^^^^^^^^^^^^^^^^^^^^^^^^^^^^^^^^^^^^^^^^^^^^^^^^^^^^^^^^^
  File "/opt/hostedtoolcache/Python/3.11.11/x64/lib/python3.11/site-packages/retry/api.py", line 35, in __retry_internal
    return f()
           ^^^
  File "/home/runner/work/Movie-Time-Server/Movie-Time-Server/main.py", line 71, in unsafe_get_screenings_from_cinema
    screenings = get_screening(year, month, day, s)
                 ^^^^^^^^^^^^^^^^^^^^^^^^^^^^^^^^^^
  File "/home/runner/work/Movie-Time-Server/Movie-Time-Server/cinemas/movieland.py", line 118, in get_screenings
    screenings.extend(get_by_location(location, date, format_date, s))
                      ^^^^^^^^^^^^^^^^^^^^^^^^^^^^^^^^^^^^^^^^^^^^^^^
  File "/home/runner/work/Movie-Time-Server/Movie-Time-Server/cinemas/movieland.py", line 79, in get_by_location
    res = s.get(url)
          ^^^^^^^^^^
  File "/opt/hostedtoolcache/Python/3.11.11/x64/lib/python3.11/site-packages/requests/sessions.py", line 602, in get
    return self.request("GET", url, **kwargs)
           ^^^^^^^^^^^^^^^^^^^^^^^^^^^^^^^^^^
  File "/opt/hostedtoolcache/Python/3.11.11/x64/lib/python3.11/site-packages/requests/sessions.py", line 589, in request
    resp = self.send(prep, **send_kwargs)
           ^^^^^^^^^^^^^^^^^^^^^^^^^^^^^^
  File "/opt/hostedtoolcache/Python/3.11.11/x64/lib/python3.11/site-packages/requests/sessions.py", line 703, in send
    r = adapter.send(request, **kwargs)
        ^^^^^^^^^^^^^^^^^^^^^^^^^^^^^^^
  File "/opt/hostedtoolcache/Python/3.11.11/x64/lib/python3.11/site-packages/requests/adapters.py", line 700, in send
    raise ConnectionError(e, request=request)
requests.exceptions.ConnectionError: HTTPSConnectionPool(host='www.movieland-cinema.co.il', port=443): Max retries exceeded with url: /api/Events?&TheatreId=1290&isForSelectedTheaterOnly=true&isHideVODRent=true (Caused by NewConnectionError('<urllib3.connection.HTTPSConnection object at 0x7f6e151d2f90>: Failed to establish a new connection: [Errno -2] Name or service not known'))
2025-03-22 03:11:27,194 - root - INFO - ********************
2025-03-22 03:11:27,195 - root - INFO - started checking for:26-03-2025
2025-03-22 03:11:27,195 - cinemas.yes_planet - INFO - STARTED YES PLANET
2025-03-22 03:11:27,195 - cinemas.yes_planet - INFO - STARTED YES PLANET RISHON
2025-03-22 03:11:27,195 - cinemas.yes_planet - INFO - DONE YES PLANET RISHON
2025-03-22 03:11:27,195 - cinemas.yes_planet - INFO - STARTED YES PLANET AYALON
2025-03-22 03:11:27,195 - cinemas.yes_planet - INFO - DONE YES PLANET AYALON
2025-03-22 03:11:27,195 - cinemas.yes_planet - INFO - STARTED YES PLANET ZICHRON
2025-03-22 03:11:27,195 - cinemas.yes_planet - INFO - DONE YES PLANET ZICHRON
2025-03-22 03:11:27,195 - cinemas.yes_planet - INFO - STARTED YES PLANET HAIFA
2025-03-22 03:11:27,195 - cinemas.yes_planet - INFO - DONE YES PLANET HAIFA
2025-03-22 03:11:27,195 - cinemas.yes_planet - INFO - STARTED YES PLANET JERUSALEM
2025-03-22 03:11:27,195 - cinemas.yes_planet - INFO - DONE YES PLANET JERUSALEM
2025-03-22 03:11:27,195 - cinemas.yes_planet - INFO - STARTED YES PLANET BEER_SHEVA
2025-03-22 03:11:27,195 - cinemas.yes_planet - INFO - DONE YES PLANET BEER_SHEVA
2025-03-22 03:11:27,195 - cinemas.yes_planet - INFO - DONE YES PLANET
2025-03-22 03:11:27,195 - retry.api - WARNING - AssertionError: yes planet returned empty list in __main__.unsafe_get_screenings_from_cinema, retrying in 1 seconds...
2025-03-22 03:11:28,195 - cinemas.yes_planet - INFO - STARTED YES PLANET
2025-03-22 03:11:28,196 - cinemas.yes_planet - INFO - STARTED YES PLANET RISHON
2025-03-22 03:11:28,196 - cinemas.yes_planet - INFO - DONE YES PLANET RISHON
2025-03-22 03:11:28,196 - cinemas.yes_planet - INFO - STARTED YES PLANET AYALON
2025-03-22 03:11:28,196 - cinemas.yes_planet - INFO - DONE YES PLANET AYALON
2025-03-22 03:11:28,196 - cinemas.yes_planet - INFO - STARTED YES PLANET ZICHRON
2025-03-22 03:11:28,196 - cinemas.yes_planet - INFO - DONE YES PLANET ZICHRON
2025-03-22 03:11:28,196 - cinemas.yes_planet - INFO - STARTED YES PLANET HAIFA
2025-03-22 03:11:28,196 - cinemas.yes_planet - INFO - DONE YES PLANET HAIFA
2025-03-22 03:11:28,196 - cinemas.yes_planet - INFO - STARTED YES PLANET JERUSALEM
2025-03-22 03:11:28,196 - cinemas.yes_planet - INFO - DONE YES PLANET JERUSALEM
2025-03-22 03:11:28,196 - cinemas.yes_planet - INFO - STARTED YES PLANET BEER_SHEVA
2025-03-22 03:11:28,196 - cinemas.yes_planet - INFO - DONE YES PLANET BEER_SHEVA
2025-03-22 03:11:28,196 - cinemas.yes_planet - INFO - DONE YES PLANET
2025-03-22 03:11:28,196 - retry.api - WARNING - AssertionError: yes planet returned empty list in __main__.unsafe_get_screenings_from_cinema, retrying in 2 seconds...
2025-03-22 03:11:30,196 - cinemas.yes_planet - INFO - STARTED YES PLANET
2025-03-22 03:11:30,197 - cinemas.yes_planet - INFO - STARTED YES PLANET RISHON
2025-03-22 03:11:30,197 - cinemas.yes_planet - INFO - DONE YES PLANET RISHON
2025-03-22 03:11:30,197 - cinemas.yes_planet - INFO - STARTED YES PLANET AYALON
2025-03-22 03:11:30,197 - cinemas.yes_planet - INFO - DONE YES PLANET AYALON
2025-03-22 03:11:30,197 - cinemas.yes_planet - INFO - STARTED YES PLANET ZICHRON
2025-03-22 03:11:30,197 - cinemas.yes_planet - INFO - DONE YES PLANET ZICHRON
2025-03-22 03:11:30,197 - cinemas.yes_planet - INFO - STARTED YES PLANET HAIFA
2025-03-22 03:11:30,197 - cinemas.yes_planet - INFO - DONE YES PLANET HAIFA
2025-03-22 03:11:30,197 - cinemas.yes_planet - INFO - STARTED YES PLANET JERUSALEM
2025-03-22 03:11:30,197 - cinemas.yes_planet - INFO - DONE YES PLANET JERUSALEM
2025-03-22 03:11:30,197 - cinemas.yes_planet - INFO - STARTED YES PLANET BEER_SHEVA
2025-03-22 03:11:30,197 - cinemas.yes_planet - INFO - DONE YES PLANET BEER_SHEVA
2025-03-22 03:11:30,197 - cinemas.yes_planet - INFO - DONE YES PLANET
2025-03-22 03:11:30,197 - root - ERROR - yes planet crashed: yes planet returned empty list
2025-03-22 03:11:30,197 - cinemas.rav_hen - INFO - STARTED RAV HEN
2025-03-22 03:11:30,197 - cinemas.rav_hen - INFO - STARTED RAV HEN GIVATAIM
2025-03-22 03:11:30,588 - cinemas.rav_hen - INFO - DONE RAV HEN GIVATAIM
2025-03-22 03:11:30,588 - cinemas.rav_hen - INFO - STARTED RAV HEN DIZINGOF
2025-03-22 03:11:31,472 - cinemas.rav_hen - INFO - DONE RAV HEN DIZINGOF
2025-03-22 03:11:31,472 - cinemas.rav_hen - INFO - STARTED RAV HEN MODIIN
2025-03-22 03:11:31,855 - cinemas.rav_hen - INFO - DONE RAV HEN MODIIN
2025-03-22 03:11:31,856 - cinemas.rav_hen - INFO - STARTED RAV HEN KIRYAT_ONO
2025-03-22 03:11:32,252 - cinemas.rav_hen - INFO - DONE RAV HEN KIRYAT_ONO
2025-03-22 03:11:32,252 - cinemas.rav_hen - INFO - DONE RAV HEN
2025-03-22 03:11:32,252 - cinemas.hot_cinema - INFO - STARTED HOT CINEMA
2025-03-22 03:11:32,252 - cinemas.hot_cinema - INFO - STARTED HOT CINEMA MODIIN
2025-03-22 03:11:32,394 - cinemas.hot_cinema - INFO - DONE HOT CINEMA MODIIN
2025-03-22 03:11:32,395 - cinemas.hot_cinema - INFO - STARTED HOT CINEMA KIRYON
2025-03-22 03:11:32,536 - cinemas.hot_cinema - INFO - DONE HOT CINEMA KIRYON
2025-03-22 03:11:32,536 - cinemas.hot_cinema - INFO - STARTED HOT CINEMA KFAR_SABBA
2025-03-22 03:11:32,677 - cinemas.hot_cinema - INFO - DONE HOT CINEMA KFAR_SABBA
2025-03-22 03:11:32,677 - cinemas.hot_cinema - INFO - STARTED HOT CINEMA HAIFA
2025-03-22 03:11:32,819 - cinemas.hot_cinema - INFO - DONE HOT CINEMA HAIFA
2025-03-22 03:11:32,820 - cinemas.hot_cinema - INFO - STARTED HOT CINEMA PETACH_TIKVA
2025-03-22 03:11:32,966 - cinemas.hot_cinema - INFO - DONE HOT CINEMA PETACH_TIKVA
2025-03-22 03:11:32,966 - cinemas.hot_cinema - INFO - STARTED HOT CINEMA RECHOVOT
2025-03-22 03:11:33,108 - cinemas.hot_cinema - INFO - DONE HOT CINEMA RECHOVOT
2025-03-22 03:11:33,108 - cinemas.hot_cinema - INFO - STARTED HOT CINEMA ASHKELON
2025-03-22 03:11:33,251 - cinemas.hot_cinema - INFO - DONE HOT CINEMA ASHKELON
2025-03-22 03:11:33,251 - cinemas.hot_cinema - INFO - STARTED HOT CINEMA KARMIEL
2025-03-22 03:11:33,392 - cinemas.hot_cinema - INFO - DONE HOT CINEMA KARMIEL
2025-03-22 03:11:33,392 - cinemas.hot_cinema - INFO - STARTED HOT CINEMA NAHARIA
2025-03-22 03:11:33,533 - cinemas.hot_cinema - INFO - DONE HOT CINEMA NAHARIA
2025-03-22 03:11:33,534 - cinemas.hot_cinema - INFO - STARTED HOT CINEMA ASHDOD
2025-03-22 03:11:33,675 - cinemas.hot_cinema - INFO - DONE HOT CINEMA ASHDOD
2025-03-22 03:11:33,675 - cinemas.hot_cinema - INFO - DONE HOT CINEMA
2025-03-22 03:11:33,675 - cinemas.cinema_city - INFO - STARTED CINEMA CITY
2025-03-22 03:11:35,677 - proxy - INFO - Proxy: {'YourFuckingIPAddress': '77.91.69.236', 'YourFuckingLocation': 'Tel Aviv, TA, Israel', 'YourFuckingHostname': 'static.236.69.91.77.ip.webhost1.net', 'YourFuckingISP': 'CLOUD LEASE Ltd', 'YourFuckingTorExit': False, 'YourFuckingCity': 'Tel Aviv', 'YourFuckingCountry': 'Israel', 'YourFuckingCountryCode': 'IL'}
2025-03-22 03:11:35,677 - cinemas.cinema_city - INFO - STARTED CINEMA CITY GLILOT
2025-03-22 03:11:36,537 - cinemas.cinema_city - ERROR - NO DATE FOUND FOR GLILOT
2025-03-22 03:11:36,537 - cinemas.cinema_city - INFO - STARTED CINEMA CITY RISHON
2025-03-22 03:11:36,940 - cinemas.cinema_city - ERROR - NO DATE FOUND FOR RISHON
2025-03-22 03:11:36,940 - cinemas.cinema_city - INFO - STARTED CINEMA CITY JERUSALEM
2025-03-22 03:11:37,352 - cinemas.cinema_city - ERROR - NO DATE FOUND FOR JERUSALEM
2025-03-22 03:11:37,352 - cinemas.cinema_city - INFO - STARTED CINEMA CITY KFAR_SABBA
2025-03-22 03:11:37,793 - cinemas.cinema_city - ERROR - NO DATE FOUND FOR KFAR_SABBA
2025-03-22 03:11:37,793 - cinemas.cinema_city - INFO - STARTED CINEMA CITY NATANIA
2025-03-22 03:11:38,233 - cinemas.cinema_city - ERROR - NO DATE FOUND FOR NATANIA
2025-03-22 03:11:38,233 - cinemas.cinema_city - INFO - STARTED CINEMA CITY BEER_SHEVA
2025-03-22 03:11:38,674 - cinemas.cinema_city - ERROR - NO DATE FOUND FOR BEER_SHEVA
2025-03-22 03:11:38,674 - cinemas.cinema_city - INFO - STARTED CINEMA CITY HADERA
2025-03-22 03:11:40,000 - cinemas.cinema_city - INFO - DONE CINEMA CITY HADERA
2025-03-22 03:11:40,000 - cinemas.cinema_city - INFO - STARTED CINEMA CITY ASHDOD
2025-03-22 03:11:40,437 - cinemas.cinema_city - ERROR - NO DATE FOUND FOR ASHDOD
2025-03-22 03:11:40,496 - proxy - INFO - Proxy removed
2025-03-22 03:11:40,496 - cinemas.cinema_city - INFO - DONE CINEMA CITY
2025-03-22 03:11:40,496 - cinemas.lev - INFO - STARTED LEV
2025-03-22 03:11:41,798 - proxy - INFO - Proxy: {'YourFuckingIPAddress': '77.91.69.236', 'YourFuckingLocation': 'Tel Aviv, TA, Israel', 'YourFuckingHostname': 'static.236.69.91.77.ip.webhost1.net', 'YourFuckingISP': 'CLOUD LEASE Ltd', 'YourFuckingTorExit': False, 'YourFuckingCity': 'Tel Aviv', 'YourFuckingCountry': 'Israel', 'YourFuckingCountryCode': 'IL'}
2025-03-22 03:11:41,798 - cinemas.lev - INFO - STARTED LEV TEL_AVIV
2025-03-22 03:11:42,748 - cinemas.lev - INFO - DONE LEV TEL_AVIV
2025-03-22 03:11:42,748 - cinemas.lev - INFO - STARTED LEV RAMAT_HASHARON
2025-03-22 03:11:42,975 - cinemas.lev - INFO - DONE LEV RAMAT_HASHARON
2025-03-22 03:11:42,975 - cinemas.lev - INFO - STARTED LEV MANDARIN
2025-03-22 03:11:43,213 - cinemas.lev - INFO - DONE LEV MANDARIN
2025-03-22 03:11:43,214 - cinemas.lev - INFO - STARTED LEV EVEN_YEHUDA
2025-03-22 03:11:43,637 - cinemas.lev - INFO - DONE LEV EVEN_YEHUDA
2025-03-22 03:11:43,637 - cinemas.lev - INFO - STARTED LEV SMADAR
2025-03-22 03:11:43,985 - cinemas.lev - INFO - DONE LEV SMADAR
2025-03-22 03:11:43,985 - cinemas.lev - INFO - STARTED LEV RAANANA
2025-03-22 03:11:44,436 - cinemas.lev - INFO - DONE LEV RAANANA
2025-03-22 03:11:44,436 - cinemas.lev - INFO - STARTED LEV OMER
2025-03-22 03:11:44,806 - cinemas.lev - INFO - DONE LEV OMER
2025-03-22 03:11:44,806 - cinemas.lev - INFO - STARTED LEV SHOHAM
2025-03-22 03:11:45,205 - cinemas.lev - INFO - DONE LEV SHOHAM
2025-03-22 03:11:45,205 - cinemas.lev - INFO - STARTED LEV DANIEL
2025-03-22 03:11:45,499 - cinemas.lev - INFO - DONE LEV DANIEL
2025-03-22 03:11:45,557 - proxy - INFO - Proxy removed
2025-03-22 03:11:45,558 - cinemas.lev - INFO - DONE LEV
2025-03-22 03:11:45,558 - retry.api - WARNING - AssertionError: lev returned empty list in __main__.unsafe_get_screenings_from_cinema, retrying in 1 seconds...
2025-03-22 03:11:46,558 - cinemas.lev - INFO - STARTED LEV
2025-03-22 03:11:48,693 - proxy - INFO - Proxy: {'YourFuckingIPAddress': '77.91.69.236', 'YourFuckingLocation': 'Tel Aviv, TA, Israel', 'YourFuckingHostname': 'static.236.69.91.77.ip.webhost1.net', 'YourFuckingISP': 'CLOUD LEASE Ltd', 'YourFuckingTorExit': False, 'YourFuckingCity': 'Tel Aviv', 'YourFuckingCountry': 'Israel', 'YourFuckingCountryCode': 'IL'}
2025-03-22 03:11:48,693 - cinemas.lev - INFO - STARTED LEV TEL_AVIV
2025-03-22 03:11:49,771 - cinemas.lev - INFO - DONE LEV TEL_AVIV
2025-03-22 03:11:49,771 - cinemas.lev - INFO - STARTED LEV RAMAT_HASHARON
2025-03-22 03:11:50,042 - cinemas.lev - INFO - DONE LEV RAMAT_HASHARON
2025-03-22 03:11:50,042 - cinemas.lev - INFO - STARTED LEV MANDARIN
2025-03-22 03:11:50,320 - cinemas.lev - INFO - DONE LEV MANDARIN
2025-03-22 03:11:50,320 - cinemas.lev - INFO - STARTED LEV EVEN_YEHUDA
2025-03-22 03:11:50,674 - cinemas.lev - INFO - DONE LEV EVEN_YEHUDA
2025-03-22 03:11:50,674 - cinemas.lev - INFO - STARTED LEV SMADAR
2025-03-22 03:11:51,025 - cinemas.lev - INFO - DONE LEV SMADAR
2025-03-22 03:11:51,025 - cinemas.lev - INFO - STARTED LEV RAANANA
2025-03-22 03:11:51,435 - cinemas.lev - INFO - DONE LEV RAANANA
2025-03-22 03:11:51,435 - cinemas.lev - INFO - STARTED LEV OMER
2025-03-22 03:11:51,805 - cinemas.lev - INFO - DONE LEV OMER
2025-03-22 03:11:51,805 - cinemas.lev - INFO - STARTED LEV SHOHAM
2025-03-22 03:11:52,085 - cinemas.lev - INFO - DONE LEV SHOHAM
2025-03-22 03:11:52,085 - cinemas.lev - INFO - STARTED LEV DANIEL
2025-03-22 03:11:52,379 - cinemas.lev - INFO - DONE LEV DANIEL
2025-03-22 03:11:52,438 - proxy - INFO - Proxy removed
2025-03-22 03:11:52,438 - cinemas.lev - INFO - DONE LEV
2025-03-22 03:11:52,439 - retry.api - WARNING - AssertionError: lev returned empty list in __main__.unsafe_get_screenings_from_cinema, retrying in 2 seconds...
2025-03-22 03:11:54,439 - cinemas.lev - INFO - STARTED LEV
2025-03-22 03:11:55,746 - proxy - INFO - Proxy: {'YourFuckingIPAddress': '77.91.69.236', 'YourFuckingLocation': 'Tel Aviv, TA, Israel', 'YourFuckingHostname': 'static.236.69.91.77.ip.webhost1.net', 'YourFuckingISP': 'CLOUD LEASE Ltd', 'YourFuckingTorExit': False, 'YourFuckingCity': 'Tel Aviv', 'YourFuckingCountry': 'Israel', 'YourFuckingCountryCode': 'IL'}
2025-03-22 03:11:55,746 - cinemas.lev - INFO - STARTED LEV TEL_AVIV
2025-03-22 03:11:56,666 - cinemas.lev - INFO - DONE LEV TEL_AVIV
2025-03-22 03:11:56,666 - cinemas.lev - INFO - STARTED LEV RAMAT_HASHARON
2025-03-22 03:11:57,016 - cinemas.lev - INFO - DONE LEV RAMAT_HASHARON
2025-03-22 03:11:57,016 - cinemas.lev - INFO - STARTED LEV MANDARIN
2025-03-22 03:11:57,451 - cinemas.lev - INFO - DONE LEV MANDARIN
2025-03-22 03:11:57,451 - cinemas.lev - INFO - STARTED LEV EVEN_YEHUDA
2025-03-22 03:11:57,848 - cinemas.lev - INFO - DONE LEV EVEN_YEHUDA
2025-03-22 03:11:57,849 - cinemas.lev - INFO - STARTED LEV SMADAR
2025-03-22 03:11:58,152 - cinemas.lev - INFO - DONE LEV SMADAR
2025-03-22 03:11:58,152 - cinemas.lev - INFO - STARTED LEV RAANANA
2025-03-22 03:11:58,485 - cinemas.lev - INFO - DONE LEV RAANANA
2025-03-22 03:11:58,485 - cinemas.lev - INFO - STARTED LEV OMER
2025-03-22 03:11:58,811 - cinemas.lev - INFO - DONE LEV OMER
2025-03-22 03:11:58,811 - cinemas.lev - INFO - STARTED LEV SHOHAM
2025-03-22 03:11:59,169 - cinemas.lev - INFO - DONE LEV SHOHAM
2025-03-22 03:11:59,169 - cinemas.lev - INFO - STARTED LEV DANIEL
2025-03-22 03:11:59,583 - cinemas.lev - INFO - DONE LEV DANIEL
2025-03-22 03:11:59,642 - proxy - INFO - Proxy removed
2025-03-22 03:11:59,642 - cinemas.lev - INFO - DONE LEV
2025-03-22 03:11:59,642 - root - ERROR - lev crashed: lev returned empty list
2025-03-22 03:11:59,642 - cinemas.movieland - INFO - STARTED Movie Land
2025-03-22 03:11:59,642 - cinemas.movieland - INFO - STARTED Movie Land CARMIEL
2025-03-22 03:11:59,652 - root - ERROR - movieland crashed
Traceback (most recent call last):
  File "/opt/hostedtoolcache/Python/3.11.11/x64/lib/python3.11/site-packages/urllib3/connection.py", line 174, in _new_conn
    conn = connection.create_connection(
           ^^^^^^^^^^^^^^^^^^^^^^^^^^^^^
  File "/opt/hostedtoolcache/Python/3.11.11/x64/lib/python3.11/site-packages/urllib3/util/connection.py", line 72, in create_connection
    for res in socket.getaddrinfo(host, port, family, socket.SOCK_STREAM):
               ^^^^^^^^^^^^^^^^^^^^^^^^^^^^^^^^^^^^^^^^^^^^^^^^^^^^^^^^^^
  File "/opt/hostedtoolcache/Python/3.11.11/x64/lib/python3.11/socket.py", line 974, in getaddrinfo
    for res in _socket.getaddrinfo(host, port, family, type, proto, flags):
               ^^^^^^^^^^^^^^^^^^^^^^^^^^^^^^^^^^^^^^^^^^^^^^^^^^^^^^^^^^^
socket.gaierror: [Errno -2] Name or service not known

During handling of the above exception, another exception occurred:

Traceback (most recent call last):
  File "/opt/hostedtoolcache/Python/3.11.11/x64/lib/python3.11/site-packages/urllib3/connectionpool.py", line 716, in urlopen
    httplib_response = self._make_request(
                       ^^^^^^^^^^^^^^^^^^^
  File "/opt/hostedtoolcache/Python/3.11.11/x64/lib/python3.11/site-packages/urllib3/connectionpool.py", line 404, in _make_request
    self._validate_conn(conn)
  File "/opt/hostedtoolcache/Python/3.11.11/x64/lib/python3.11/site-packages/urllib3/connectionpool.py", line 1061, in _validate_conn
    conn.connect()
  File "/opt/hostedtoolcache/Python/3.11.11/x64/lib/python3.11/site-packages/urllib3/connection.py", line 363, in connect
    self.sock = conn = self._new_conn()
                       ^^^^^^^^^^^^^^^^
  File "/opt/hostedtoolcache/Python/3.11.11/x64/lib/python3.11/site-packages/urllib3/connection.py", line 186, in _new_conn
    raise NewConnectionError(
urllib3.exceptions.NewConnectionError: <urllib3.connection.HTTPSConnection object at 0x7f6e146c28d0>: Failed to establish a new connection: [Errno -2] Name or service not known

During handling of the above exception, another exception occurred:

Traceback (most recent call last):
  File "/opt/hostedtoolcache/Python/3.11.11/x64/lib/python3.11/site-packages/requests/adapters.py", line 667, in send
    resp = conn.urlopen(
           ^^^^^^^^^^^^^
  File "/opt/hostedtoolcache/Python/3.11.11/x64/lib/python3.11/site-packages/urllib3/connectionpool.py", line 802, in urlopen
    retries = retries.increment(
              ^^^^^^^^^^^^^^^^^^
  File "/opt/hostedtoolcache/Python/3.11.11/x64/lib/python3.11/site-packages/urllib3/util/retry.py", line 594, in increment
    raise MaxRetryError(_pool, url, error or ResponseError(cause))
urllib3.exceptions.MaxRetryError: HTTPSConnectionPool(host='www.movieland-cinema.co.il', port=443): Max retries exceeded with url: /api/Events?&TheatreId=1290&isForSelectedTheaterOnly=true&isHideVODRent=true (Caused by NewConnectionError('<urllib3.connection.HTTPSConnection object at 0x7f6e146c28d0>: Failed to establish a new connection: [Errno -2] Name or service not known'))

During handling of the above exception, another exception occurred:

Traceback (most recent call last):
  File "/home/runner/work/Movie-Time-Server/Movie-Time-Server/main.py", line 56, in get_screenings_from_cinema
    return unsafe_get_screenings_from_cinema(get_screening, cinema, date, s)
           ^^^^^^^^^^^^^^^^^^^^^^^^^^^^^^^^^^^^^^^^^^^^^^^^^^^^^^^^^^^^^^^^^
  File "/opt/hostedtoolcache/Python/3.11.11/x64/lib/python3.11/site-packages/decorator.py", line 235, in fun
    return caller(func, *(extras + args), **kw)
           ^^^^^^^^^^^^^^^^^^^^^^^^^^^^^^^^^^^^
  File "/opt/hostedtoolcache/Python/3.11.11/x64/lib/python3.11/site-packages/retry/api.py", line 90, in retry_decorator
    return __retry_internal(partial(f, *args, **kwargs), exceptions, tries, delay, max_delay, backoff, jitter,
           ^^^^^^^^^^^^^^^^^^^^^^^^^^^^^^^^^^^^^^^^^^^^^^^^^^^^^^^^^^^^^^^^^^^^^^^^^^^^^^^^^^^^^^^^^^^^^^^^^^^
  File "/opt/hostedtoolcache/Python/3.11.11/x64/lib/python3.11/site-packages/retry/api.py", line 35, in __retry_internal
    return f()
           ^^^
  File "/home/runner/work/Movie-Time-Server/Movie-Time-Server/main.py", line 71, in unsafe_get_screenings_from_cinema
    screenings = get_screening(year, month, day, s)
                 ^^^^^^^^^^^^^^^^^^^^^^^^^^^^^^^^^^
  File "/home/runner/work/Movie-Time-Server/Movie-Time-Server/cinemas/movieland.py", line 118, in get_screenings
    screenings.extend(get_by_location(location, date, format_date, s))
                      ^^^^^^^^^^^^^^^^^^^^^^^^^^^^^^^^^^^^^^^^^^^^^^^
  File "/home/runner/work/Movie-Time-Server/Movie-Time-Server/cinemas/movieland.py", line 79, in get_by_location
    res = s.get(url)
          ^^^^^^^^^^
  File "/opt/hostedtoolcache/Python/3.11.11/x64/lib/python3.11/site-packages/requests/sessions.py", line 602, in get
    return self.request("GET", url, **kwargs)
           ^^^^^^^^^^^^^^^^^^^^^^^^^^^^^^^^^^
  File "/opt/hostedtoolcache/Python/3.11.11/x64/lib/python3.11/site-packages/requests/sessions.py", line 589, in request
    resp = self.send(prep, **send_kwargs)
           ^^^^^^^^^^^^^^^^^^^^^^^^^^^^^^
  File "/opt/hostedtoolcache/Python/3.11.11/x64/lib/python3.11/site-packages/requests/sessions.py", line 703, in send
    r = adapter.send(request, **kwargs)
        ^^^^^^^^^^^^^^^^^^^^^^^^^^^^^^^
  File "/opt/hostedtoolcache/Python/3.11.11/x64/lib/python3.11/site-packages/requests/adapters.py", line 700, in send
    raise ConnectionError(e, request=request)
requests.exceptions.ConnectionError: HTTPSConnectionPool(host='www.movieland-cinema.co.il', port=443): Max retries exceeded with url: /api/Events?&TheatreId=1290&isForSelectedTheaterOnly=true&isHideVODRent=true (Caused by NewConnectionError('<urllib3.connection.HTTPSConnection object at 0x7f6e146c28d0>: Failed to establish a new connection: [Errno -2] Name or service not known'))
2025-03-22 03:11:59,727 - seret.movie_info_fetchers.composite - INFO - Got info for היורשת using ElasticMovieInfoFetcher
2025-03-22 03:11:59,735 - seret.movie_info_fetchers.composite - INFO - Got info for INHERITANCE using ElasticMovieInfoFetcher
2025-03-22 03:11:59,735 - seret.info_fetcher - ERROR - Failed to get info for INHERITANCE and היורשת
2025-03-22 03:12:00,744 - imdb_api - ERROR - id='tt19847976', movie='Wicked'
Traceback (most recent call last):
  File "/home/runner/work/Movie-Time-Server/Movie-Time-Server/seret/movie_raters/imdb_api.py", line 67, in get_imdb_rating
    return info["aggregateRating"]['ratingValue']
           ~~~~^^^^^^^^^^^^^^^^^^^
KeyError: 'aggregateRating'
2025-03-22 03:12:00,744 - seret.movie_raters.composite - WARNING - Failed to get rating for Wicked
2025-03-22 03:12:00,749 - seret.movie_raters.composite - WARNING - Failed to get rating for מרשעת
2025-03-22 03:12:00,750 - seret.movie_info_fetchers.composite - INFO - Got info for מרשעת using ElasticMovieInfoFetcher
2025-03-22 03:12:00,810 - seret.movie_info_fetchers.composite - INFO - Got info for Wicked: Part 1 using ElasticMovieInfoFetcher
2025-03-22 03:12:01,980 - seret.movie_info_fetchers.composite - INFO - Got info for מופאסה: מלך האריות using ElasticMovieInfoFetcher
2025-03-22 03:12:02,589 - seret.movie_info_fetchers.composite - INFO - Got info for Mufasa: The Lion King using ElasticMovieInfoFetcher
2025-03-22 03:12:03,868 - seret.movie_info_fetchers.composite - INFO - Got info for סודה using ElasticMovieInfoFetcher
2025-03-22 03:12:04,463 - seret.movie_info_fetchers.composite - INFO - Got info for Soda using ElasticMovieInfoFetcher
2025-03-22 03:12:05,001 - imdb_api - ERROR - id='tt27419466', movie='Moana 2'
Traceback (most recent call last):
  File "/home/runner/work/Movie-Time-Server/Movie-Time-Server/seret/movie_raters/imdb_api.py", line 67, in get_imdb_rating
    return info["aggregateRating"]['ratingValue']
           ~~~~^^^^^^^^^^^^^^^^^^^
KeyError: 'aggregateRating'
2025-03-22 03:12:05,001 - seret.movie_raters.composite - WARNING - Failed to get rating for Moana 2
2025-03-22 03:12:05,212 - seret.movie_raters.composite - WARNING - Failed to get rating for מואנה 2
2025-03-22 03:12:05,213 - seret.movie_info_fetchers.composite - INFO - Got info for מואנה 2 using ElasticMovieInfoFetcher
2025-03-22 03:12:05,633 - imdb_api - ERROR - id='tt27419466', movie='Moana 2'
Traceback (most recent call last):
  File "/home/runner/work/Movie-Time-Server/Movie-Time-Server/seret/movie_raters/imdb_api.py", line 67, in get_imdb_rating
    return info["aggregateRating"]['ratingValue']
           ~~~~^^^^^^^^^^^^^^^^^^^
KeyError: 'aggregateRating'
2025-03-22 03:12:05,633 - seret.movie_raters.composite - WARNING - Failed to get rating for Moana 2
2025-03-22 03:12:05,641 - seret.movie_raters.composite - WARNING - Failed to get rating for מואנה 2
2025-03-22 03:12:05,642 - seret.movie_info_fetchers.composite - INFO - Got info for Moana 2 using ElasticMovieInfoFetcher
2025-03-22 03:12:06,426 - seret.movie_info_fetchers.composite - INFO - Got info for קפטן אמריקה: עולם חדש מופלא using ElasticMovieInfoFetcher
2025-03-22 03:12:07,025 - seret.movie_info_fetchers.composite - INFO - Got info for Captain America: Brave New World using ElasticMovieInfoFetcher
2025-03-22 03:12:08,509 - seret.movie_info_fetchers.composite - INFO - Got info for חלב using ElasticMovieInfoFetcher
2025-03-22 03:12:10,280 - seret.movie_info_fetchers.composite - INFO - Got info for Milk using ElasticMovieInfoFetcher
2025-03-22 03:12:11,274 - seret.movie_info_fetchers.composite - INFO - Got info for ברידג'ט ג'ונס: חוזרת לשוק using ElasticMovieInfoFetcher
2025-03-22 03:12:12,179 - seret.movie_info_fetchers.composite - INFO - Got info for Bridget Jones: Mad About the Boy using ElasticMovieInfoFetcher
2025-03-22 03:12:13,476 - seret.movie_info_fetchers.composite - INFO - Got info for תולעת ספרים using ElasticMovieInfoFetcher
2025-03-22 03:12:14,252 - seret.movie_info_fetchers.composite - INFO - Got info for Bookworm using ElasticMovieInfoFetcher
2025-03-22 03:12:14,260 - seret.movie_info_fetchers.composite - INFO - Got info for שלגיה using ElasticMovieInfoFetcher
2025-03-22 03:12:14,270 - seret.movie_info_fetchers.composite - INFO - Got info for Snow White using ElasticMovieInfoFetcher
2025-03-22 03:12:14,270 - seret.info_fetcher - ERROR - Failed to get info for Snow White and שלגיה
2025-03-22 03:12:14,279 - seret.movie_info_fetchers.composite - INFO - Got info for געגוע using ElasticMovieInfoFetcher
2025-03-22 03:12:14,290 - seret.movie_info_fetchers.composite - INFO - Got info for Longing using ElasticMovieInfoFetcher
2025-03-22 03:12:14,290 - seret.info_fetcher - ERROR - Failed to get info for Longing and געגוע
2025-03-22 03:12:15,934 - seret.movie_info_fetchers.composite - INFO - Got info for הטבעת using ElasticMovieInfoFetcher
2025-03-22 03:12:15,944 - seret.movie_info_fetchers.composite - INFO - Got info for The Ring using ElasticMovieInfoFetcher
2025-03-22 03:12:16,550 - seret.movie_info_fetchers.composite - INFO - Got info for עד שיצא עשן לבן using ElasticMovieInfoFetcher
2025-03-22 03:12:17,193 - seret.movie_info_fetchers.composite - INFO - Got info for Conclave using ElasticMovieInfoFetcher
2025-03-22 03:12:17,890 - seret.movie_info_fetchers.composite - INFO - Got info for סוניק 3 using ElasticMovieInfoFetcher
2025-03-22 03:12:18,543 - seret.movie_info_fetchers.composite - INFO - Got info for Sonic the Hedgehog 3 using ElasticMovieInfoFetcher
2025-03-22 03:12:20,076 - seret.movie_info_fetchers.composite - INFO - Got info for המשפחה המכושפת שלי using ElasticMovieInfoFetcher
2025-03-22 03:12:20,618 - seret.movie_info_fetchers.composite - INFO - Got info for My Freaky Family using ElasticMovieInfoFetcher
2025-03-22 03:12:21,864 - seret.movie_info_fetchers.composite - INFO - Got info for המורה שהבטיח את הים using ElasticMovieInfoFetcher
2025-03-22 03:12:22,350 - seret.movie_info_fetchers.composite - INFO - Got info for El maestro que prometio el mar using ElasticMovieInfoFetcher
2025-03-22 03:12:22,910 - seret.movie_info_fetchers.composite - INFO - Got info for הקוף using ElasticMovieInfoFetcher
2025-03-22 03:12:23,553 - seret.movie_info_fetchers.composite - INFO - Got info for The Monkey using ElasticMovieInfoFetcher
2025-03-22 03:12:24,082 - seret.movie_info_fetchers.composite - INFO - Got info for אנורה using ElasticMovieInfoFetcher
2025-03-22 03:12:24,957 - seret.movie_info_fetchers.composite - INFO - Got info for Anora using ElasticMovieInfoFetcher
2025-03-22 03:12:26,025 - seret.movie_info_fetchers.composite - INFO - Got info for זרע התאנה הקדושה using ElasticMovieInfoFetcher
2025-03-22 03:12:26,592 - seret.movie_info_fetchers.composite - INFO - Got info for THE SEED OF THE SACRED FIG using ElasticMovieInfoFetcher
2025-03-22 03:12:27,587 - seret.movie_info_fetchers.composite - INFO - Got info for איש הכלב using ElasticMovieInfoFetcher
2025-03-22 03:12:28,705 - seret.movie_info_fetchers.composite - INFO - Got info for Dog Man using ElasticMovieInfoFetcher
2025-03-22 03:12:29,200 - seret.movie_info_fetchers.composite - INFO - Got info for מריה using ElasticMovieInfoFetcher
2025-03-22 03:12:29,765 - seret.movie_info_fetchers.composite - INFO - Got info for Maria using ElasticMovieInfoFetcher
2025-03-22 03:12:30,405 - seret.movie_info_fetchers.composite - INFO - Got info for פדינגטון בג'ונגל using ElasticMovieInfoFetcher
2025-03-22 03:12:30,939 - seret.movie_info_fetchers.composite - INFO - Got info for Paddington In Peru using ElasticMovieInfoFetcher
2025-03-22 03:12:30,945 - seret.movie_info_fetchers.composite - INFO - Got info for מיקי17 using ElasticMovieInfoFetcher
2025-03-22 03:12:31,519 - seret.movie_info_fetchers.composite - INFO - Got info for Mickey 17 using ElasticMovieInfoFetcher
2025-03-22 03:12:32,951 - seret.movie_info_fetchers.composite - INFO - Got info for אהבה ומכות אחרות using ElasticMovieInfoFetcher
2025-03-22 03:12:33,403 - seret.movie_info_fetchers.composite - INFO - Got info for Love Hurts using ElasticMovieInfoFetcher
2025-03-22 03:12:34,608 - seret.movie_info_fetchers.composite - INFO - Got info for עם הזרם using ElasticMovieInfoFetcher
2025-03-22 03:12:35,124 - seret.movie_info_fetchers.composite - INFO - Got info for Flow using ElasticMovieInfoFetcher
2025-03-22 03:12:36,495 - seret.movie_info_fetchers.composite - INFO - Got info for הברוטליסט using ElasticMovieInfoFetcher
2025-03-22 03:12:36,961 - seret.movie_info_fetchers.composite - INFO - Got info for The Brutalist using ElasticMovieInfoFetcher
2025-03-22 03:12:38,439 - seret.movie_info_fetchers.composite - INFO - Got info for כל מה שאנחנו מדמיינים כאור using ElasticMovieInfoFetcher
2025-03-22 03:12:39,026 - seret.movie_info_fetchers.composite - INFO - Got info for All We Imagine as Light using ElasticMovieInfoFetcher
2025-03-22 03:12:40,288 - seret.movie_info_fetchers.composite - INFO - Got info for מאורת הגנבים: פנטרה using ElasticMovieInfoFetcher
2025-03-22 03:12:40,827 - seret.movie_info_fetchers.composite - INFO - Got info for Den of Thieves 2: Pantera using ElasticMovieInfoFetcher
2025-03-22 03:12:40,838 - seret.movie_info_fetchers.composite - INFO - Got info for תעלול של מרוץ using ElasticMovieInfoFetcher
2025-03-22 03:12:41,652 - imdb_api - ERROR - id='tt14779148', movie='Big Trip 3'
Traceback (most recent call last):
  File "/home/runner/work/Movie-Time-Server/Movie-Time-Server/seret/movie_raters/imdb_api.py", line 67, in get_imdb_rating
    return info["aggregateRating"]['ratingValue']
           ~~~~^^^^^^^^^^^^^^^^^^^
KeyError: 'aggregateRating'
2025-03-22 03:12:41,653 - seret.movie_raters.composite - WARNING - Failed to get rating for Big Trip 3
2025-03-22 03:12:41,787 - seret.movie_raters.composite - WARNING - Failed to get rating for תעלול של מירוץ
2025-03-22 03:12:41,788 - seret.movie_info_fetchers.composite - INFO - Got info for Big Trip 3: Race Around the World using ElasticMovieInfoFetcher
2025-03-22 03:12:42,930 - seret.movie_info_fetchers.composite - INFO - Got info for טיפול משפחתי using ElasticMovieInfoFetcher
2025-03-22 03:12:43,488 - seret.movie_info_fetchers.composite - INFO - Got info for Jamais Sans Mon Psy using ElasticMovieInfoFetcher
2025-03-22 03:12:44,873 - seret.movie_info_fetchers.composite - INFO - Got info for טיסה מסוכנת using ElasticMovieInfoFetcher
2025-03-22 03:12:45,263 - seret.movie_info_fetchers.composite - INFO - Got info for Flight Risk using ElasticMovieInfoFetcher
2025-03-22 03:12:45,797 - seret.movie_info_fetchers.composite - INFO - Got info for חסין כאב using ElasticMovieInfoFetcher
2025-03-22 03:12:46,484 - seret.movie_info_fetchers.composite - INFO - Got info for Novocaine using ElasticMovieInfoFetcher
2025-03-22 03:12:48,006 - seret.movie_info_fetchers.composite - INFO - Got info for בעלה של המחסלת using ElasticMovieInfoFetcher
2025-03-22 03:12:48,428 - seret.movie_info_fetchers.composite - INFO - Got info for ROLE PLAY using ElasticMovieInfoFetcher
2025-03-22 03:12:49,514 - seret.movie_info_fetchers.composite - INFO - Got info for לא יום ולא לילה using ElasticMovieInfoFetcher
2025-03-22 03:12:50,326 - seret.movie_info_fetchers.composite - INFO - Got info for Neither Day nor Night using ElasticMovieInfoFetcher
2025-03-22 03:12:51,031 - seret.movie_info_fetchers.composite - INFO - Got info for לשכב, להתחתן, להרוג using ElasticMovieInfoFetcher
2025-03-22 03:12:51,504 - seret.movie_info_fetchers.composite - INFO - Got info for F*** MARRY KILL using ElasticMovieInfoFetcher
2025-03-22 03:12:53,038 - seret.movie_info_fetchers.composite - INFO - Got info for תוכנית פרישה using ElasticMovieInfoFetcher
2025-03-22 03:12:53,507 - seret.movie_info_fetchers.composite - INFO - Got info for The Retirement Plan using ElasticMovieInfoFetcher
2025-03-22 03:12:54,823 - seret.movie_info_fetchers.composite - INFO - Got info for ארץ האבודים using ElasticMovieInfoFetcher
2025-03-22 03:12:55,419 - seret.movie_info_fetchers.composite - INFO - Got info for In The Lost Lands using ElasticMovieInfoFetcher
2025-03-22 03:12:56,594 - seret.movie_info_fetchers.composite - INFO - Got info for היום הראשון של חיי using ElasticMovieInfoFetcher
2025-03-22 03:12:56,603 - seret.movie_info_fetchers.composite - INFO - Got info for The First Day of My Life using ElasticMovieInfoFetcher
2025-03-22 03:12:57,761 - seret.movie_info_fetchers.composite - INFO - Got info for נעול using ElasticMovieInfoFetcher
2025-03-22 03:12:57,767 - seret.movie_info_fetchers.composite - INFO - Got info for LOCKED using ElasticMovieInfoFetcher
2025-03-22 03:12:59,226 - seret.movie_info_fetchers.composite - INFO - Got info for 200% זאב using ElasticMovieInfoFetcher
2025-03-22 03:12:59,768 - seret.movie_info_fetchers.composite - INFO - Got info for 200% Wolf using ElasticMovieInfoFetcher
2025-03-22 03:13:01,109 - seret.movie_info_fetchers.composite - INFO - Got info for איך לשגע את אבא בעשרה ימים using ElasticMovieInfoFetcher
2025-03-22 03:13:02,157 - seret.movie_info_fetchers.composite - INFO - Got info for How to Survive Without Mom using ElasticMovieInfoFetcher
2025-03-22 03:13:03,330 - seret.movie_info_fetchers.composite - INFO - Got info for להציל את החווה using ElasticMovieInfoFetcher
2025-03-22 03:13:03,815 - seret.movie_info_fetchers.composite - INFO - Got info for Runt using ElasticMovieInfoFetcher
2025-03-22 03:13:04,436 - seret.movie_info_fetchers.composite - INFO - Got info for אנונימי לגמרי using ElasticMovieInfoFetcher
2025-03-22 03:13:05,562 - seret.movie_info_fetchers.composite - INFO - Got info for A Complete Unknown using ElasticMovieInfoFetcher
2025-03-22 03:13:06,477 - seret.movie_info_fetchers.composite - INFO - Got info for אני עדיין כאן using ElasticMovieInfoFetcher
2025-03-22 03:13:07,614 - seret.movie_info_fetchers.composite - INFO - Got info for I’m Still Here using ElasticMovieInfoFetcher
2025-03-22 03:13:08,922 - seret.movie_info_fetchers.composite - INFO - Got info for מפחידונת using ElasticMovieInfoFetcher
2025-03-22 03:13:09,321 - seret.movie_info_fetchers.composite - INFO - Got info for Scarygirl using ElasticMovieInfoFetcher
2025-03-22 03:13:09,909 - seret.movie_info_fetchers.composite - INFO - Got info for סיכון גבוה using ElasticMovieInfoFetcher
2025-03-22 03:13:09,916 - seret.movie_info_fetchers.composite - INFO - Got info for Cleaner using ElasticMovieInfoFetcher
2025-03-22 03:13:09,922 - seret.movie_info_fetchers.composite - INFO - Got info for the ring using ElasticMovieInfoFetcher
2025-03-22 03:13:10,327 - seret.movie_info_fetchers.composite - INFO - Got info for Il Primo Giorno Della Mia Vita using ElasticMovieInfoFetcher
2025-03-22 03:13:11,509 - seret.movie_info_fetchers.composite - INFO - Got info for מילה של כלב using ElasticMovieInfoFetcher
2025-03-22 03:13:12,899 - seret.movie_info_fetchers.composite - INFO - Got info for Show Dogs using ElasticMovieInfoFetcher
2025-03-22 03:13:13,436 - seret.movie_info_fetchers.composite - INFO - Got info for מיקי 17 using ElasticMovieInfoFetcher
2025-03-22 03:13:13,925 - seret.movie_info_fetchers.composite - INFO - Got info for Mickey 17 using ElasticMovieInfoFetcher
2025-03-22 03:13:13,931 - seret.movie_info_fetchers.composite - INFO - Got info for Locked using ElasticMovieInfoFetcher
2025-03-22 03:13:14,465 - seret.movie_info_fetchers.composite - INFO - Got info for Sonic 3 using ElasticMovieInfoFetcher
2025-03-22 03:13:14,894 - seret.movie_info_fetchers.composite - INFO - Got info for Paddington in Peru using ElasticMovieInfoFetcher
2025-03-22 03:13:15,320 - seret.movie_info_fetchers.composite - INFO - Got info for CAPTAIN AMERICA - Brave New World using ElasticMovieInfoFetcher
2025-03-22 03:13:15,767 - seret.movie_info_fetchers.composite - INFO - Got info for EL MAESTRO QUE PROMETIÓ EL MAR using ElasticMovieInfoFetcher
2025-03-22 03:13:16,299 - seret.movie_info_fetchers.composite - INFO - Got info for THE MONEKY using ElasticMovieInfoFetcher
2025-03-22 03:13:16,307 - seret.movie_info_fetchers.composite - INFO - Got info for לכודים using ElasticMovieInfoFetcher
2025-03-22 03:13:17,013 - seret.movie_info_fetchers.composite - INFO - Got info for Last Breath using ElasticMovieInfoFetcher
2025-03-22 03:13:17,019 - seret.movie_info_fetchers.composite - INFO - Got info for CLEANER using ElasticMovieInfoFetcher
2025-03-22 03:13:17,599 - seret.movie_info_fetchers.composite - INFO - Got info for PADDINGTON IN PERU using ElasticMovieInfoFetcher
2025-03-22 03:13:18,450 - seret.movie_info_fetchers.composite - INFO - Got info for רוז הרובוטית using ElasticMovieInfoFetcher
2025-03-22 03:13:19,211 - seret.movie_info_fetchers.composite - INFO - Got info for The Wild Robot using ElasticMovieInfoFetcher
2025-03-22 03:13:19,219 - seret.movie_info_fetchers.composite - INFO - Got info for מה קרה בארץ מי using ElasticMovieInfoFetcher
2025-03-22 03:13:19,219 - seret.info_fetcher - ERROR - Failed to get info for מה קרה בארץ מי and מה קרה בארץ מי
2025-03-22 03:13:19,688 - seret.movie_info_fetchers.composite - INFO - Got info for BOOKWORM using ElasticMovieInfoFetcher
2025-03-22 03:13:20,306 - seret.movie_info_fetchers.composite - INFO - Got info for ברידג'יט ג'ונס חוזרת לשוק using ElasticMovieInfoFetcher
2025-03-22 03:13:20,783 - seret.movie_info_fetchers.composite - INFO - Got info for Bridget Jones: mad About The Boy using ElasticMovieInfoFetcher
2025-03-22 03:13:21,705 - seret.movie_info_fetchers.composite - INFO - Got info for Scary Girl using ElasticMovieInfoFetcher
2025-03-22 03:13:21,712 - seret.movie_info_fetchers.composite - INFO - Got info for שלגיה БЕЛОСНЕЖКА using ElasticMovieInfoFetcher
2025-03-22 03:13:21,717 - seret.movie_info_fetchers.composite - INFO - Got info for SNOW WHITE using ElasticMovieInfoFetcher
2025-03-22 03:13:21,718 - seret.info_fetcher - ERROR - Failed to get info for SNOW WHITE and שלגיה БЕЛОСНЕЖКА
2025-03-22 03:13:21,723 - seret.movie_info_fetchers.composite - INFO - Got info for שעת סיפור תיאטרלית - האריה שבפנים using ElasticMovieInfoFetcher
2025-03-22 03:13:21,723 - seret.info_fetcher - ERROR - Failed to get info for שעת סיפור תיאטרלית - האריה שבפנים and שעת סיפור תיאטרלית - האריה שבפנים
2025-03-22 03:13:22,686 - seret.movie_info_fetchers.composite - INFO - Got info for מלחמת האריות using ElasticMovieInfoFetcher
2025-03-22 03:13:23,284 - seret.movie_info_fetchers.composite - INFO - Got info for Chhaava using ElasticMovieInfoFetcher
2025-03-22 03:13:23,787 - seret.movie_raters.composite - WARNING - Failed to get rating for And I Was There
2025-03-22 03:13:23,939 - seret.movie_raters.composite - WARNING - Failed to get rating for ואני הייתי שם
2025-03-22 03:13:23,939 - seret.movie_info_fetchers.composite - INFO - Got info for I Was There using ElasticMovieInfoFetcher
2025-03-22 03:13:23,944 - seret.movie_info_fetchers.composite - INFO - Got info for Inheritance using ElasticMovieInfoFetcher
2025-03-22 03:13:25,223 - seret.movie_info_fetchers.composite - INFO - Got info for כביש הסרגל using ElasticMovieInfoFetcher
2025-03-22 03:13:25,691 - seret.movie_info_fetchers.composite - INFO - Got info for HIGHWAY 65 using ElasticMovieInfoFetcher
2025-03-22 03:13:26,123 - seret.movie_info_fetchers.composite - INFO - Got info for RUNT using ElasticMovieInfoFetcher
2025-03-22 03:13:27,256 - seret.movie_info_fetchers.composite - INFO - Got info for מופע טוטאל using ElasticMovieInfoFetcher
2025-03-22 03:13:27,265 - seret.movie_info_fetchers.composite - INFO - Got info for Show Total using ElasticMovieInfoFetcher
2025-03-22 03:13:28,038 - imdb_api - ERROR - id='tt19847976', movie='Wicked'
Traceback (most recent call last):
  File "/home/runner/work/Movie-Time-Server/Movie-Time-Server/seret/movie_raters/imdb_api.py", line 67, in get_imdb_rating
    return info["aggregateRating"]['ratingValue']
           ~~~~^^^^^^^^^^^^^^^^^^^
KeyError: 'aggregateRating'
2025-03-22 03:13:28,038 - seret.movie_raters.composite - WARNING - Failed to get rating for Wicked
2025-03-22 03:13:28,045 - seret.movie_raters.composite - WARNING - Failed to get rating for מרשעת
2025-03-22 03:13:28,045 - seret.movie_info_fetchers.composite - INFO - Got info for Wicked using ElasticMovieInfoFetcher
2025-03-22 03:13:29,243 - seret.movie_info_fetchers.composite - INFO - Got info for Приключения Паддингтона 3 using ElasticMovieInfoFetcher
2025-03-22 03:13:30,093 - seret.movie_info_fetchers.composite - INFO - Got info for ריגול כפול using ElasticMovieInfoFetcher
2025-03-22 03:13:30,477 - seret.movie_info_fetchers.composite - INFO - Got info for Alarum using ElasticMovieInfoFetcher
2025-03-22 03:13:30,951 - imdb_api - ERROR - id='tt14779148', movie='Big Trip 3'
Traceback (most recent call last):
  File "/home/runner/work/Movie-Time-Server/Movie-Time-Server/seret/movie_raters/imdb_api.py", line 67, in get_imdb_rating
    return info["aggregateRating"]['ratingValue']
           ~~~~^^^^^^^^^^^^^^^^^^^
KeyError: 'aggregateRating'
2025-03-22 03:13:30,951 - seret.movie_raters.composite - WARNING - Failed to get rating for Big Trip 3
2025-03-22 03:13:30,960 - seret.movie_raters.composite - WARNING - Failed to get rating for תעלול של מירוץ
2025-03-22 03:13:30,960 - seret.movie_info_fetchers.composite - INFO - Got info for BIG TRIP 3 using ElasticMovieInfoFetcher
2025-03-22 03:13:32,597 - seret.movie_info_fetchers.composite - INFO - Got info for בחורים טובים 2 using ElasticMovieInfoFetcher
2025-03-22 03:13:33,046 - seret.movie_info_fetchers.composite - INFO - Got info for מלחמת האריות-סרט הודי using ElasticMovieInfoFetcher
2025-03-22 03:13:33,638 - seret.movie_info_fetchers.composite - INFO - Got info for Chhaava using ElasticMovieInfoFetcher
2025-03-22 03:13:34,045 - seret.movie_info_fetchers.composite - INFO - Got info for Dog Man Dubbed using ElasticMovieInfoFetcher
2025-03-22 03:13:34,052 - seret.movie_info_fetchers.composite - INFO - Got info for Snow White Dubbed using ElasticMovieInfoFetcher
2025-03-22 03:13:34,512 - seret.movie_info_fetchers.composite - INFO - Got info for I'm Still Here using ElasticMovieInfoFetcher
2025-03-22 03:13:34,520 - seret.movie_info_fetchers.composite - INFO - Got info for The Milky Way using ElasticMovieInfoFetcher
2025-03-22 03:13:35,781 - seret.movie_info_fetchers.composite - INFO - Got info for זכרונות של חילזון using ElasticMovieInfoFetcher
2025-03-22 03:13:36,972 - seret.movie_info_fetchers.composite - INFO - Got info for Memoir of a Snail using ElasticMovieInfoFetcher
2025-03-22 03:13:37,818 - seret.movie_info_fetchers.composite - INFO - Got info for The Teacher Who Promised The Sea using ElasticMovieInfoFetcher
2025-03-22 03:13:38,366 - seret.movie_info_fetchers.composite - INFO - Got info for Paddington In Peru Dubbed using ElasticMovieInfoFetcher
2025-03-22 03:13:39,448 - seret.movie_info_fetchers.composite - INFO - Got info for גברת דאוטפייר using ElasticMovieInfoFetcher
2025-03-22 03:13:40,038 - seret.movie_info_fetchers.composite - INFO - Got info for Mrs. Doubtfire using ElasticMovieInfoFetcher
2025-03-22 03:13:41,019 - seret.movie_info_fetchers.composite - INFO - Got info for ALARUM using ElasticMovieInfoFetcher
2025-03-22 03:13:43,395 - seret.movie_info_fetchers.composite - INFO - Got info for חליסה using ElasticMovieInfoFetcher
2025-03-22 03:13:43,788 - seret.movie_info_fetchers.composite - INFO - Got info for Halisa using ElasticMovieInfoFetcher
2025-03-22 03:13:44,831 - seret.movie_info_fetchers.composite - INFO - Got info for החדר הסמוך using ElasticMovieInfoFetcher
2025-03-22 03:13:45,450 - seret.movie_info_fetchers.composite - INFO - Got info for The Room Next Door using ElasticMovieInfoFetcher
2025-03-22 03:13:46,612 - seret.movie_info_fetchers.composite - INFO - Got info for מועדון טרום בכורה באבן יהודה - דרכים מצט using ElasticMovieInfoFetcher
2025-03-22 03:13:46,618 - seret.movie_info_fetchers.composite - INFO - Got info for Crossing using ElasticMovieInfoFetcher
2025-03-22 03:13:46,622 - seret.movie_info_fetchers.composite - INFO - Got info for מקבת - ורדי using ElasticMovieInfoFetcher
2025-03-22 03:13:47,511 - seret.movie_info_fetchers.composite - INFO - Got info for MACBETH using ElasticMovieInfoFetcher
2025-03-22 03:13:47,537 - seret.movie_info_fetchers.composite - INFO - Got info for Догмен: Пушистая справедливость using ElasticMovieInfoFetcher
2025-03-22 03:13:47,544 - seret.movie_info_fetchers.composite - INFO - Got info for סינמה קידס כפ"ס - שלגיה using ElasticMovieInfoFetcher
2025-03-22 03:13:47,551 - seret.movie_info_fetchers.composite - INFO - Got info for Snow White using ElasticMovieInfoFetcher
2025-03-22 03:13:47,551 - seret.info_fetcher - ERROR - Failed to get info for Snow White and סינמה קידס כפ"ס - שלגיה
2025-03-22 03:13:48,815 - seret.movie_info_fetchers.composite - INFO - Got info for Blanche Neige using ElasticMovieInfoFetcher
2025-03-22 03:13:48,823 - seret.movie_info_fetchers.composite - INFO - Got info for סינמה קידס ב"ש - הקוסם מארץ עוץ using ElasticMovieInfoFetcher
2025-03-22 03:13:50,404 - seret.movie_info_fetchers.composite - INFO - Got info for The Wizard of Emerald City using ElasticMovieInfoFetcher
2025-03-22 03:13:50,830 - seret.movie_info_fetchers.composite - INFO - Got info for My Freaky Family Dubbed using ElasticMovieInfoFetcher
2025-03-22 03:13:52,325 - seret.movie_info_fetchers.composite - INFO - Got info for הצמה using ElasticMovieInfoFetcher
2025-03-22 03:13:53,244 - seret.movie_info_fetchers.composite - INFO - Got info for The Braid using ElasticMovieInfoFetcher
2025-03-22 03:13:54,639 - seret.movie_info_fetchers.composite - INFO - Got info for התינוקת using ElasticMovieInfoFetcher
2025-03-22 03:13:55,959 - seret.movie_info_fetchers.composite - INFO - Got info for La petite using ElasticMovieInfoFetcher
2025-03-22 03:13:57,242 - seret.movie_info_fetchers.composite - INFO - Got info for מכתבי אהבה מהריביירה using ElasticMovieInfoFetcher
2025-03-22 03:13:58,641 - seret.movie_info_fetchers.composite - INFO - Got info for Riviera Revenge using ElasticMovieInfoFetcher
2025-03-22 03:13:59,067 - seret.movie_raters.composite - WARNING - Failed to get rating for Lady L
2025-03-22 03:13:59,186 - seret.movie_raters.composite - WARNING - Failed to get rating for ליידי ל.
2025-03-22 03:13:59,186 - seret.movie_info_fetchers.composite - INFO - Got info for דניאל כהן מגיע ל-HOT CINEMA using ElasticMovieInfoFetcher
2025-03-22 03:14:00,864 - seret.movie_info_fetchers.composite - INFO - Got info for Comedy Bar Daniel Cohen using ElasticMovieInfoFetcher
2025-03-22 03:14:00,864 - seret.info_fetcher - ERROR - Failed to get info for Comedy Bar Daniel Cohen and דניאל כהן מגיע ל-HOT CINEMA
2025-03-22 03:14:01,424 - seret.movie_info_fetchers.composite - INFO - Got info for The seed of the sacred fig using ElasticMovieInfoFetcher
2025-03-22 03:14:02,689 - seret.movie_info_fetchers.composite - INFO - Got info for טנור using ElasticMovieInfoFetcher
2025-03-22 03:14:03,402 - seret.movie_info_fetchers.composite - INFO - Got info for tenor using ElasticMovieInfoFetcher
2025-03-22 03:14:04,325 - seret.movie_info_fetchers.composite - INFO - Got info for Tenor using ElasticMovieInfoFetcher
2025-03-22 03:14:06,418 - seret.movie_info_fetchers.composite - INFO - Got info for Imagine Dragons: Live From The Hollywood Bowl using ElasticMovieInfoFetcher
2025-03-22 03:14:06,418 - seret.info_fetcher - ERROR - Failed to get info for 8 movies: [{'date': '22-03-2025', 'cinema': 'יס פלאנט', 'location': 'ראשון לציון', 'district': 'גוש דן', 'title': 'היורשת', 'eng_title': 'INHERITANCE', 'type': '2D', 'time': '16:45', 'link': 'https://tickets3.planetcinema.co.il/site/1072?code=1072-75034&saleChannelCode=web', 'coords': (31.9798, 34.7475), 'dubbed': False}, {'date': '22-03-2025', 'cinema': 'יס פלאנט', 'location': 'ראשון לציון', 'district': 'גוש דן', 'title': 'שלגיה', 'eng_title': 'Snow White', 'type': '2D', 'time': '15:45', 'link': 'https://tickets3.planetcinema.co.il/site/1072?code=1072-74734&saleChannelCode=web', 'coords': (31.9798, 34.7475), 'dubbed': True}, {'date': '22-03-2025', 'cinema': 'יס פלאנט', 'location': 'ראשון לציון', 'district': 'גוש דן', 'title': 'געגוע', 'eng_title': 'Longing', 'type': '2D', 'time': '00:00', 'link': 'https://tickets3.planetcinema.co.il/site/1072?code=1072-75027&saleChannelCode=web', 'coords': (31.9798, 34.7475), 'dubbed': False}, {'date': '22-03-2025', 'cinema': 'הוט סינמה', 'location': 'כפר סבא', 'district': 'השרון', 'title': 'מה קרה בארץ מי', 'eng_title': 'מה קרה בארץ מי', 'type': '2D', 'time': '11:00', 'link': 'https://hotcinema.co.il/order?theaterId=16&eventId=58599&site=undefined', 'coords': (32.1654, 34.9277), 'dubbed': False}, {'date': '22-03-2025', 'cinema': 'הוט סינמה', 'location': 'חיפה', 'district': 'הצפון', 'title': 'שלגיה БЕЛОСНЕЖКА', 'eng_title': 'SNOW WHITE', 'type': '2D', 'time': '19:15', 'link': 'https://hotcinema.co.il/order?theaterId=9&eventId=77586&site=undefined', 'coords': (32.7896, 35.0071), 'dubbed': True}, {'date': '22-03-2025', 'cinema': 'הוט סינמה', 'location': 'כרמיאל', 'district': 'הצפון', 'title': 'שעת סיפור תיאטרלית - האריה שבפנים', 'eng_title': 'שעת סיפור תיאטרלית - האריה שבפנים', 'type': '2D', 'time': '11:00', 'link': 'https://hotcinema.co.il/order?theaterId=15&eventId=25987&site=undefined', 'coords': (32.9276, 35.3263), 'dubbed': False}, {'date': '24-03-2025', 'cinema': 'סינמה סיטי', 'location': 'כפר סבא', 'district': 'השרון', 'title': 'סינמה קידס כפ"ס - שלגיה', 'eng_title': 'Snow White', 'type': '2D', 'time': '17:00', 'link': 'https://tickets.cinema-city.co.il/order/600375', 'coords': (32.1728, 34.9297), 'dubbed': True}, {'date': '25-03-2025', 'cinema': 'הוט סינמה', 'location': 'קריון', 'district': 'הצפון', 'title': 'ליידי ל.', 'eng_title': 'Lady L', 'type': '2D', 'time': '21:00', 'link': 'https://hotcinema.co.il/order?theaterId=2&eventId=65283&site=undefined', 'coords': (32.8427, 35.0897), 'dubbed': False}]
2025-03-22 03:14:06,505 - root - INFO - 4352
