2025-06-24 03:33:37,545 - root - INFO - ********************
2025-06-24 03:33:37,545 - root - INFO - started checking for:24-06-2025
2025-06-24 03:33:37,545 - cinemas.yes_planet - INFO - STARTED YES PLANET
2025-06-24 03:33:37,545 - cinemas.yes_planet - INFO - STARTED YES PLANET RISHON
2025-06-24 03:33:37,947 - cinemas.yes_planet - INFO - DONE YES PLANET RISHON
2025-06-24 03:33:37,947 - cinemas.yes_planet - INFO - STARTED YES PLANET AYALON
2025-06-24 03:33:38,335 - cinemas.yes_planet - INFO - DONE YES PLANET AYALON
2025-06-24 03:33:38,335 - cinemas.yes_planet - INFO - STARTED YES PLANET ZICHRON
2025-06-24 03:33:38,806 - cinemas.yes_planet - INFO - DONE YES PLANET ZICHRON
2025-06-24 03:33:38,806 - cinemas.yes_planet - INFO - STARTED YES PLANET HAIFA
2025-06-24 03:33:39,184 - cinemas.yes_planet - INFO - DONE YES PLANET HAIFA
2025-06-24 03:33:39,184 - cinemas.yes_planet - INFO - STARTED YES PLANET JERUSALEM
2025-06-24 03:33:39,670 - cinemas.yes_planet - INFO - DONE YES PLANET JERUSALEM
2025-06-24 03:33:39,670 - cinemas.yes_planet - INFO - STARTED YES PLANET BEER_SHEVA
2025-06-24 03:33:40,048 - cinemas.yes_planet - INFO - DONE YES PLANET BEER_SHEVA
2025-06-24 03:33:40,048 - cinemas.yes_planet - INFO - DONE YES PLANET
2025-06-24 03:33:40,048 - retry.api - WARNING - AssertionError: yes planet returned empty list in __main__.unsafe_get_screenings_from_cinema, retrying in 1 seconds...
2025-06-24 03:33:41,048 - cinemas.yes_planet - INFO - STARTED YES PLANET
2025-06-24 03:33:41,048 - cinemas.yes_planet - INFO - STARTED YES PLANET RISHON
2025-06-24 03:33:41,068 - cinemas.yes_planet - INFO - DONE YES PLANET RISHON
2025-06-24 03:33:41,068 - cinemas.yes_planet - INFO - STARTED YES PLANET AYALON
2025-06-24 03:33:41,086 - cinemas.yes_planet - INFO - DONE YES PLANET AYALON
2025-06-24 03:33:41,086 - cinemas.yes_planet - INFO - STARTED YES PLANET ZICHRON
2025-06-24 03:33:41,104 - cinemas.yes_planet - INFO - DONE YES PLANET ZICHRON
2025-06-24 03:33:41,104 - cinemas.yes_planet - INFO - STARTED YES PLANET HAIFA
2025-06-24 03:33:41,124 - cinemas.yes_planet - INFO - DONE YES PLANET HAIFA
2025-06-24 03:33:41,124 - cinemas.yes_planet - INFO - STARTED YES PLANET JERUSALEM
2025-06-24 03:33:41,136 - cinemas.yes_planet - INFO - DONE YES PLANET JERUSALEM
2025-06-24 03:33:41,136 - cinemas.yes_planet - INFO - STARTED YES PLANET BEER_SHEVA
2025-06-24 03:33:41,153 - cinemas.yes_planet - INFO - DONE YES PLANET BEER_SHEVA
2025-06-24 03:33:41,153 - cinemas.yes_planet - INFO - DONE YES PLANET
2025-06-24 03:33:41,154 - retry.api - WARNING - AssertionError: yes planet returned empty list in __main__.unsafe_get_screenings_from_cinema, retrying in 2 seconds...
2025-06-24 03:33:43,154 - cinemas.yes_planet - INFO - STARTED YES PLANET
2025-06-24 03:33:43,154 - cinemas.yes_planet - INFO - STARTED YES PLANET RISHON
2025-06-24 03:33:43,168 - cinemas.yes_planet - INFO - DONE YES PLANET RISHON
2025-06-24 03:33:43,168 - cinemas.yes_planet - INFO - STARTED YES PLANET AYALON
2025-06-24 03:33:43,182 - cinemas.yes_planet - INFO - DONE YES PLANET AYALON
2025-06-24 03:33:43,182 - cinemas.yes_planet - INFO - STARTED YES PLANET ZICHRON
2025-06-24 03:33:43,196 - cinemas.yes_planet - INFO - DONE YES PLANET ZICHRON
2025-06-24 03:33:43,196 - cinemas.yes_planet - INFO - STARTED YES PLANET HAIFA
2025-06-24 03:33:43,210 - cinemas.yes_planet - INFO - DONE YES PLANET HAIFA
2025-06-24 03:33:43,210 - cinemas.yes_planet - INFO - STARTED YES PLANET JERUSALEM
2025-06-24 03:33:43,224 - cinemas.yes_planet - INFO - DONE YES PLANET JERUSALEM
2025-06-24 03:33:43,225 - cinemas.yes_planet - INFO - STARTED YES PLANET BEER_SHEVA
2025-06-24 03:33:43,237 - cinemas.yes_planet - INFO - DONE YES PLANET BEER_SHEVA
2025-06-24 03:33:43,237 - cinemas.yes_planet - INFO - DONE YES PLANET
2025-06-24 03:33:43,237 - root - ERROR - yes planet crashed: yes planet returned empty list
2025-06-24 03:33:43,237 - cinemas.rav_hen - INFO - STARTED RAV HEN
2025-06-24 03:33:43,237 - cinemas.rav_hen - INFO - STARTED RAV HEN GIVATAIM
2025-06-24 03:33:43,953 - cinemas.rav_hen - INFO - DONE RAV HEN GIVATAIM
2025-06-24 03:33:43,953 - cinemas.rav_hen - INFO - STARTED RAV HEN DIZINGOF
2025-06-24 03:33:44,338 - cinemas.rav_hen - INFO - DONE RAV HEN DIZINGOF
2025-06-24 03:33:44,338 - cinemas.rav_hen - INFO - STARTED RAV HEN MODIIN
2025-06-24 03:33:44,863 - cinemas.rav_hen - INFO - DONE RAV HEN MODIIN
2025-06-24 03:33:44,863 - cinemas.rav_hen - INFO - STARTED RAV HEN KIRYAT_ONO
2025-06-24 03:33:45,373 - cinemas.rav_hen - INFO - DONE RAV HEN KIRYAT_ONO
2025-06-24 03:33:45,373 - cinemas.rav_hen - INFO - DONE RAV HEN
2025-06-24 03:33:45,373 - retry.api - WARNING - AssertionError: rav hen returned empty list in __main__.unsafe_get_screenings_from_cinema, retrying in 1 seconds...
2025-06-24 03:33:46,373 - cinemas.rav_hen - INFO - STARTED RAV HEN
2025-06-24 03:33:46,373 - cinemas.rav_hen - INFO - STARTED RAV HEN GIVATAIM
2025-06-24 03:33:46,395 - cinemas.rav_hen - INFO - DONE RAV HEN GIVATAIM
2025-06-24 03:33:46,395 - cinemas.rav_hen - INFO - STARTED RAV HEN DIZINGOF
2025-06-24 03:33:46,413 - cinemas.rav_hen - INFO - DONE RAV HEN DIZINGOF
2025-06-24 03:33:46,414 - cinemas.rav_hen - INFO - STARTED RAV HEN MODIIN
2025-06-24 03:33:46,432 - cinemas.rav_hen - INFO - DONE RAV HEN MODIIN
2025-06-24 03:33:46,432 - cinemas.rav_hen - INFO - STARTED RAV HEN KIRYAT_ONO
2025-06-24 03:33:46,450 - cinemas.rav_hen - INFO - DONE RAV HEN KIRYAT_ONO
2025-06-24 03:33:46,450 - cinemas.rav_hen - INFO - DONE RAV HEN
2025-06-24 03:33:46,450 - retry.api - WARNING - AssertionError: rav hen returned empty list in __main__.unsafe_get_screenings_from_cinema, retrying in 2 seconds...
2025-06-24 03:33:48,450 - cinemas.rav_hen - INFO - STARTED RAV HEN
2025-06-24 03:33:48,451 - cinemas.rav_hen - INFO - STARTED RAV HEN GIVATAIM
2025-06-24 03:33:48,469 - cinemas.rav_hen - INFO - DONE RAV HEN GIVATAIM
2025-06-24 03:33:48,469 - cinemas.rav_hen - INFO - STARTED RAV HEN DIZINGOF
2025-06-24 03:33:48,486 - cinemas.rav_hen - INFO - DONE RAV HEN DIZINGOF
2025-06-24 03:33:48,486 - cinemas.rav_hen - INFO - STARTED RAV HEN MODIIN
2025-06-24 03:33:48,508 - cinemas.rav_hen - INFO - DONE RAV HEN MODIIN
2025-06-24 03:33:48,508 - cinemas.rav_hen - INFO - STARTED RAV HEN KIRYAT_ONO
2025-06-24 03:33:48,527 - cinemas.rav_hen - INFO - DONE RAV HEN KIRYAT_ONO
2025-06-24 03:33:48,528 - cinemas.rav_hen - INFO - DONE RAV HEN
2025-06-24 03:33:48,528 - root - ERROR - rav hen crashed: rav hen returned empty list
2025-06-24 03:33:48,528 - cinemas.hot_cinema - INFO - STARTED HOT CINEMA
2025-06-24 03:33:48,528 - cinemas.hot_cinema - INFO - STARTED HOT CINEMA MODIIN
2025-06-24 03:33:49,503 - cinemas.hot_cinema - INFO - DONE HOT CINEMA MODIIN
2025-06-24 03:33:49,503 - cinemas.hot_cinema - INFO - STARTED HOT CINEMA KIRYON
2025-06-24 03:33:49,630 - cinemas.hot_cinema - INFO - DONE HOT CINEMA KIRYON
2025-06-24 03:33:49,630 - cinemas.hot_cinema - INFO - STARTED HOT CINEMA KFAR_SABBA
2025-06-24 03:33:49,757 - cinemas.hot_cinema - INFO - DONE HOT CINEMA KFAR_SABBA
2025-06-24 03:33:49,757 - cinemas.hot_cinema - INFO - STARTED HOT CINEMA HAIFA
2025-06-24 03:33:49,883 - cinemas.hot_cinema - INFO - DONE HOT CINEMA HAIFA
2025-06-24 03:33:49,883 - cinemas.hot_cinema - INFO - STARTED HOT CINEMA PETACH_TIKVA
2025-06-24 03:33:50,009 - cinemas.hot_cinema - INFO - DONE HOT CINEMA PETACH_TIKVA
2025-06-24 03:33:50,009 - cinemas.hot_cinema - INFO - STARTED HOT CINEMA RECHOVOT
2025-06-24 03:33:50,136 - cinemas.hot_cinema - INFO - DONE HOT CINEMA RECHOVOT
2025-06-24 03:33:50,136 - cinemas.hot_cinema - INFO - STARTED HOT CINEMA ASHKELON
2025-06-24 03:33:50,262 - cinemas.hot_cinema - INFO - DONE HOT CINEMA ASHKELON
2025-06-24 03:33:50,262 - cinemas.hot_cinema - INFO - STARTED HOT CINEMA KARMIEL
2025-06-24 03:33:50,389 - cinemas.hot_cinema - INFO - DONE HOT CINEMA KARMIEL
2025-06-24 03:33:50,389 - cinemas.hot_cinema - INFO - STARTED HOT CINEMA NAHARIA
2025-06-24 03:33:50,517 - cinemas.hot_cinema - INFO - DONE HOT CINEMA NAHARIA
2025-06-24 03:33:50,518 - cinemas.hot_cinema - INFO - STARTED HOT CINEMA ASHDOD
2025-06-24 03:33:50,644 - cinemas.hot_cinema - INFO - DONE HOT CINEMA ASHDOD
2025-06-24 03:33:50,644 - cinemas.hot_cinema - INFO - DONE HOT CINEMA
2025-06-24 03:33:50,644 - retry.api - WARNING - AssertionError: hot cinema returned empty list in __main__.unsafe_get_screenings_from_cinema, retrying in 1 seconds...
2025-06-24 03:33:51,645 - cinemas.hot_cinema - INFO - STARTED HOT CINEMA
2025-06-24 03:33:51,645 - cinemas.hot_cinema - INFO - STARTED HOT CINEMA MODIIN
2025-06-24 03:33:51,772 - cinemas.hot_cinema - INFO - DONE HOT CINEMA MODIIN
2025-06-24 03:33:51,772 - cinemas.hot_cinema - INFO - STARTED HOT CINEMA KIRYON
2025-06-24 03:33:51,898 - cinemas.hot_cinema - INFO - DONE HOT CINEMA KIRYON
2025-06-24 03:33:51,898 - cinemas.hot_cinema - INFO - STARTED HOT CINEMA KFAR_SABBA
2025-06-24 03:33:52,024 - cinemas.hot_cinema - INFO - DONE HOT CINEMA KFAR_SABBA
2025-06-24 03:33:52,024 - cinemas.hot_cinema - INFO - STARTED HOT CINEMA HAIFA
2025-06-24 03:33:52,150 - cinemas.hot_cinema - INFO - DONE HOT CINEMA HAIFA
2025-06-24 03:33:52,150 - cinemas.hot_cinema - INFO - STARTED HOT CINEMA PETACH_TIKVA
2025-06-24 03:33:52,276 - cinemas.hot_cinema - INFO - DONE HOT CINEMA PETACH_TIKVA
2025-06-24 03:33:52,276 - cinemas.hot_cinema - INFO - STARTED HOT CINEMA RECHOVOT
2025-06-24 03:33:52,403 - cinemas.hot_cinema - INFO - DONE HOT CINEMA RECHOVOT
2025-06-24 03:33:52,403 - cinemas.hot_cinema - INFO - STARTED HOT CINEMA ASHKELON
2025-06-24 03:33:52,530 - cinemas.hot_cinema - INFO - DONE HOT CINEMA ASHKELON
2025-06-24 03:33:52,530 - cinemas.hot_cinema - INFO - STARTED HOT CINEMA KARMIEL
2025-06-24 03:33:52,657 - cinemas.hot_cinema - INFO - DONE HOT CINEMA KARMIEL
2025-06-24 03:33:52,657 - cinemas.hot_cinema - INFO - STARTED HOT CINEMA NAHARIA
2025-06-24 03:33:52,784 - cinemas.hot_cinema - INFO - DONE HOT CINEMA NAHARIA
2025-06-24 03:33:52,784 - cinemas.hot_cinema - INFO - STARTED HOT CINEMA ASHDOD
2025-06-24 03:33:52,910 - cinemas.hot_cinema - INFO - DONE HOT CINEMA ASHDOD
2025-06-24 03:33:52,910 - cinemas.hot_cinema - INFO - DONE HOT CINEMA
2025-06-24 03:33:52,911 - retry.api - WARNING - AssertionError: hot cinema returned empty list in __main__.unsafe_get_screenings_from_cinema, retrying in 2 seconds...
2025-06-24 03:33:54,911 - cinemas.hot_cinema - INFO - STARTED HOT CINEMA
2025-06-24 03:33:54,911 - cinemas.hot_cinema - INFO - STARTED HOT CINEMA MODIIN
2025-06-24 03:33:55,039 - cinemas.hot_cinema - INFO - DONE HOT CINEMA MODIIN
2025-06-24 03:33:55,039 - cinemas.hot_cinema - INFO - STARTED HOT CINEMA KIRYON
2025-06-24 03:33:55,165 - cinemas.hot_cinema - INFO - DONE HOT CINEMA KIRYON
2025-06-24 03:33:55,165 - cinemas.hot_cinema - INFO - STARTED HOT CINEMA KFAR_SABBA
2025-06-24 03:33:55,293 - cinemas.hot_cinema - INFO - DONE HOT CINEMA KFAR_SABBA
2025-06-24 03:33:55,293 - cinemas.hot_cinema - INFO - STARTED HOT CINEMA HAIFA
2025-06-24 03:33:55,419 - cinemas.hot_cinema - INFO - DONE HOT CINEMA HAIFA
2025-06-24 03:33:55,419 - cinemas.hot_cinema - INFO - STARTED HOT CINEMA PETACH_TIKVA
2025-06-24 03:33:55,545 - cinemas.hot_cinema - INFO - DONE HOT CINEMA PETACH_TIKVA
2025-06-24 03:33:55,545 - cinemas.hot_cinema - INFO - STARTED HOT CINEMA RECHOVOT
2025-06-24 03:33:55,671 - cinemas.hot_cinema - INFO - DONE HOT CINEMA RECHOVOT
2025-06-24 03:33:55,671 - cinemas.hot_cinema - INFO - STARTED HOT CINEMA ASHKELON
2025-06-24 03:33:55,797 - cinemas.hot_cinema - INFO - DONE HOT CINEMA ASHKELON
2025-06-24 03:33:55,797 - cinemas.hot_cinema - INFO - STARTED HOT CINEMA KARMIEL
2025-06-24 03:33:55,923 - cinemas.hot_cinema - INFO - DONE HOT CINEMA KARMIEL
2025-06-24 03:33:55,923 - cinemas.hot_cinema - INFO - STARTED HOT CINEMA NAHARIA
2025-06-24 03:33:56,050 - cinemas.hot_cinema - INFO - DONE HOT CINEMA NAHARIA
2025-06-24 03:33:56,050 - cinemas.hot_cinema - INFO - STARTED HOT CINEMA ASHDOD
2025-06-24 03:33:56,178 - cinemas.hot_cinema - INFO - DONE HOT CINEMA ASHDOD
2025-06-24 03:33:56,178 - cinemas.hot_cinema - INFO - DONE HOT CINEMA
2025-06-24 03:33:56,178 - root - ERROR - hot cinema crashed: hot cinema returned empty list
2025-06-24 03:33:56,178 - cinemas.cinema_city - INFO - STARTED CINEMA CITY
2025-06-24 03:34:04,217 - proxy - INFO - Proxy: {'YourFuckingIPAddress': '45.150.108.121', 'YourFuckingLocation': 'Petah Tikva, M, Israel', 'YourFuckingHostname': '45.150.108.121', 'YourFuckingISP': 'BlueVPS OU', 'YourFuckingTorExit': False, 'YourFuckingCity': 'Petah Tikva', 'YourFuckingCountry': 'Israel', 'YourFuckingCountryCode': 'IL'}
2025-06-24 03:34:04,217 - cinemas.cinema_city - INFO - STARTED CINEMA CITY GLILOT
2025-06-24 03:34:05,805 - cinemas.cinema_city - ERROR - NO DATE FOUND FOR GLILOT
2025-06-24 03:34:05,806 - cinemas.cinema_city - INFO - STARTED CINEMA CITY RISHON
2025-06-24 03:34:06,253 - cinemas.cinema_city - ERROR - NO DATE FOUND FOR RISHON
2025-06-24 03:34:06,254 - cinemas.cinema_city - INFO - STARTED CINEMA CITY JERUSALEM
2025-06-24 03:34:06,673 - cinemas.cinema_city - ERROR - NO DATE FOUND FOR JERUSALEM
2025-06-24 03:34:06,673 - cinemas.cinema_city - INFO - STARTED CINEMA CITY KFAR_SABBA
2025-06-24 03:34:07,103 - cinemas.cinema_city - ERROR - NO DATE FOUND FOR KFAR_SABBA
2025-06-24 03:34:07,103 - cinemas.cinema_city - INFO - STARTED CINEMA CITY NATANIA
2025-06-24 03:34:07,636 - cinemas.cinema_city - ERROR - NO DATE FOUND FOR NATANIA
2025-06-24 03:34:07,636 - cinemas.cinema_city - INFO - STARTED CINEMA CITY BEER_SHEVA
2025-06-24 03:34:08,168 - cinemas.cinema_city - ERROR - NO DATE FOUND FOR BEER_SHEVA
2025-06-24 03:34:08,168 - cinemas.cinema_city - INFO - STARTED CINEMA CITY HADERA
2025-06-24 03:34:08,703 - cinemas.cinema_city - ERROR - NO DATE FOUND FOR HADERA
2025-06-24 03:34:08,703 - cinemas.cinema_city - INFO - STARTED CINEMA CITY ASHDOD
2025-06-24 03:34:09,234 - cinemas.cinema_city - ERROR - NO DATE FOUND FOR ASHDOD
2025-06-24 03:34:09,293 - proxy - INFO - Proxy removed
2025-06-24 03:34:09,293 - cinemas.cinema_city - INFO - DONE CINEMA CITY
2025-06-24 03:34:09,293 - retry.api - WARNING - AssertionError: cinema city returned empty list in __main__.unsafe_get_screenings_from_cinema, retrying in 1 seconds...
2025-06-24 03:34:10,293 - cinemas.cinema_city - INFO - STARTED CINEMA CITY
2025-06-24 03:34:11,932 - proxy - INFO - Proxy: {'YourFuckingIPAddress': '45.150.108.121', 'YourFuckingLocation': 'Petah Tikva, M, Israel', 'YourFuckingHostname': '45.150.108.121', 'YourFuckingISP': 'BlueVPS OU', 'YourFuckingTorExit': False, 'YourFuckingCity': 'Petah Tikva', 'YourFuckingCountry': 'Israel', 'YourFuckingCountryCode': 'IL'}
2025-06-24 03:34:11,932 - cinemas.cinema_city - INFO - STARTED CINEMA CITY GLILOT
2025-06-24 03:34:13,573 - cinemas.cinema_city - ERROR - NO DATE FOUND FOR GLILOT
2025-06-24 03:34:13,573 - cinemas.cinema_city - INFO - STARTED CINEMA CITY RISHON
2025-06-24 03:34:13,997 - cinemas.cinema_city - ERROR - NO DATE FOUND FOR RISHON
2025-06-24 03:34:13,997 - cinemas.cinema_city - INFO - STARTED CINEMA CITY JERUSALEM
2025-06-24 03:34:14,425 - cinemas.cinema_city - ERROR - NO DATE FOUND FOR JERUSALEM
2025-06-24 03:34:14,425 - cinemas.cinema_city - INFO - STARTED CINEMA CITY KFAR_SABBA
2025-06-24 03:34:14,871 - cinemas.cinema_city - ERROR - NO DATE FOUND FOR KFAR_SABBA
2025-06-24 03:34:14,871 - cinemas.cinema_city - INFO - STARTED CINEMA CITY NATANIA
2025-06-24 03:34:15,358 - cinemas.cinema_city - ERROR - NO DATE FOUND FOR NATANIA
2025-06-24 03:34:15,359 - cinemas.cinema_city - INFO - STARTED CINEMA CITY BEER_SHEVA
2025-06-24 03:34:15,894 - cinemas.cinema_city - ERROR - NO DATE FOUND FOR BEER_SHEVA
2025-06-24 03:34:15,894 - cinemas.cinema_city - INFO - STARTED CINEMA CITY HADERA
2025-06-24 03:34:16,431 - cinemas.cinema_city - ERROR - NO DATE FOUND FOR HADERA
2025-06-24 03:34:16,431 - cinemas.cinema_city - INFO - STARTED CINEMA CITY ASHDOD
2025-06-24 03:34:16,987 - cinemas.cinema_city - ERROR - NO DATE FOUND FOR ASHDOD
2025-06-24 03:34:17,046 - proxy - INFO - Proxy removed
2025-06-24 03:34:17,046 - cinemas.cinema_city - INFO - DONE CINEMA CITY
2025-06-24 03:34:17,046 - retry.api - WARNING - AssertionError: cinema city returned empty list in __main__.unsafe_get_screenings_from_cinema, retrying in 2 seconds...
2025-06-24 03:34:19,046 - cinemas.cinema_city - INFO - STARTED CINEMA CITY
2025-06-24 03:34:21,471 - proxy - INFO - Proxy: {'YourFuckingIPAddress': '45.150.108.121', 'YourFuckingLocation': 'Petah Tikva, M, Israel', 'YourFuckingHostname': '45.150.108.121', 'YourFuckingISP': 'BlueVPS OU', 'YourFuckingTorExit': False, 'YourFuckingCity': 'Petah Tikva', 'YourFuckingCountry': 'Israel', 'YourFuckingCountryCode': 'IL'}
2025-06-24 03:34:21,471 - cinemas.cinema_city - INFO - STARTED CINEMA CITY GLILOT
2025-06-24 03:34:22,535 - cinemas.cinema_city - ERROR - NO DATE FOUND FOR GLILOT
2025-06-24 03:34:22,536 - cinemas.cinema_city - INFO - STARTED CINEMA CITY RISHON
2025-06-24 03:34:22,973 - cinemas.cinema_city - ERROR - NO DATE FOUND FOR RISHON
2025-06-24 03:34:22,973 - cinemas.cinema_city - INFO - STARTED CINEMA CITY JERUSALEM
2025-06-24 03:34:23,508 - cinemas.cinema_city - ERROR - NO DATE FOUND FOR JERUSALEM
2025-06-24 03:34:23,508 - cinemas.cinema_city - INFO - STARTED CINEMA CITY KFAR_SABBA
2025-06-24 03:34:23,929 - cinemas.cinema_city - ERROR - NO DATE FOUND FOR KFAR_SABBA
2025-06-24 03:34:23,929 - cinemas.cinema_city - INFO - STARTED CINEMA CITY NATANIA
2025-06-24 03:34:24,452 - cinemas.cinema_city - ERROR - NO DATE FOUND FOR NATANIA
2025-06-24 03:34:24,452 - cinemas.cinema_city - INFO - STARTED CINEMA CITY BEER_SHEVA
2025-06-24 03:34:24,865 - cinemas.cinema_city - ERROR - NO DATE FOUND FOR BEER_SHEVA
2025-06-24 03:34:24,865 - cinemas.cinema_city - INFO - STARTED CINEMA CITY HADERA
2025-06-24 03:34:25,365 - cinemas.cinema_city - ERROR - NO DATE FOUND FOR HADERA
2025-06-24 03:34:25,365 - cinemas.cinema_city - INFO - STARTED CINEMA CITY ASHDOD
2025-06-24 03:34:25,888 - cinemas.cinema_city - ERROR - NO DATE FOUND FOR ASHDOD
2025-06-24 03:34:25,947 - proxy - INFO - Proxy removed
2025-06-24 03:34:25,947 - cinemas.cinema_city - INFO - DONE CINEMA CITY
2025-06-24 03:34:25,947 - root - ERROR - cinema city crashed: cinema city returned empty list
2025-06-24 03:34:25,947 - cinemas.lev - INFO - STARTED LEV
2025-06-24 03:34:27,817 - proxy - INFO - Proxy: {'YourFuckingIPAddress': '45.150.108.121', 'YourFuckingLocation': 'Petah Tikva, M, Israel', 'YourFuckingHostname': '45.150.108.121', 'YourFuckingISP': 'BlueVPS OU', 'YourFuckingTorExit': False, 'YourFuckingCity': 'Petah Tikva', 'YourFuckingCountry': 'Israel', 'YourFuckingCountryCode': 'IL'}
2025-06-24 03:34:27,818 - cinemas.lev - INFO - STARTED LEV TEL_AVIV
2025-06-24 03:34:30,376 - cinemas.lev - INFO - DONE LEV TEL_AVIV
2025-06-24 03:34:30,376 - cinemas.lev - INFO - STARTED LEV RAMAT_HASHARON
2025-06-24 03:34:31,608 - cinemas.lev - INFO - DONE LEV RAMAT_HASHARON
2025-06-24 03:34:31,608 - cinemas.lev - INFO - STARTED LEV MANDARIN
2025-06-24 03:34:32,340 - cinemas.lev - INFO - DONE LEV MANDARIN
2025-06-24 03:34:32,340 - cinemas.lev - INFO - STARTED LEV EVEN_YEHUDA
2025-06-24 03:34:33,234 - cinemas.lev - INFO - DONE LEV EVEN_YEHUDA
2025-06-24 03:34:33,235 - cinemas.lev - INFO - STARTED LEV SMADAR
2025-06-24 03:34:33,801 - cinemas.lev - INFO - DONE LEV SMADAR
2025-06-24 03:34:33,801 - cinemas.lev - INFO - STARTED LEV RAANANA
2025-06-24 03:34:34,500 - cinemas.lev - INFO - DONE LEV RAANANA
2025-06-24 03:34:34,500 - cinemas.lev - INFO - STARTED LEV OMER
2025-06-24 03:34:34,908 - cinemas.lev - INFO - DONE LEV OMER
2025-06-24 03:34:34,908 - cinemas.lev - INFO - STARTED LEV SHOHAM
2025-06-24 03:34:35,637 - cinemas.lev - INFO - DONE LEV SHOHAM
2025-06-24 03:34:35,637 - cinemas.lev - INFO - STARTED LEV DANIEL
2025-06-24 03:34:36,047 - cinemas.lev - INFO - DONE LEV DANIEL
2025-06-24 03:34:36,105 - proxy - INFO - Proxy removed
2025-06-24 03:34:36,105 - cinemas.lev - INFO - DONE LEV
2025-06-24 03:34:36,105 - retry.api - WARNING - AssertionError: lev returned empty list in __main__.unsafe_get_screenings_from_cinema, retrying in 1 seconds...
2025-06-24 03:34:37,106 - cinemas.lev - INFO - STARTED LEV
2025-06-24 03:34:38,607 - proxy - INFO - Proxy: {'YourFuckingIPAddress': '45.150.108.121', 'YourFuckingLocation': 'Petah Tikva, M, Israel', 'YourFuckingHostname': '45.150.108.121', 'YourFuckingISP': 'BlueVPS OU', 'YourFuckingTorExit': False, 'YourFuckingCity': 'Petah Tikva', 'YourFuckingCountry': 'Israel', 'YourFuckingCountryCode': 'IL'}
2025-06-24 03:34:38,607 - cinemas.lev - INFO - STARTED LEV TEL_AVIV
2025-06-24 03:34:40,640 - cinemas.lev - INFO - DONE LEV TEL_AVIV
2025-06-24 03:34:40,640 - cinemas.lev - INFO - STARTED LEV RAMAT_HASHARON
2025-06-24 03:34:41,919 - cinemas.lev - INFO - DONE LEV RAMAT_HASHARON
2025-06-24 03:34:41,919 - cinemas.lev - INFO - STARTED LEV MANDARIN
2025-06-24 03:34:42,507 - cinemas.lev - INFO - DONE LEV MANDARIN
2025-06-24 03:34:42,507 - cinemas.lev - INFO - STARTED LEV EVEN_YEHUDA
2025-06-24 03:34:43,043 - cinemas.lev - INFO - DONE LEV EVEN_YEHUDA
2025-06-24 03:34:43,044 - cinemas.lev - INFO - STARTED LEV SMADAR
2025-06-24 03:34:43,577 - cinemas.lev - INFO - DONE LEV SMADAR
2025-06-24 03:34:43,577 - cinemas.lev - INFO - STARTED LEV RAANANA
2025-06-24 03:34:44,116 - cinemas.lev - INFO - DONE LEV RAANANA
2025-06-24 03:34:44,116 - cinemas.lev - INFO - STARTED LEV OMER
2025-06-24 03:34:44,656 - cinemas.lev - INFO - DONE LEV OMER
2025-06-24 03:34:44,656 - cinemas.lev - INFO - STARTED LEV SHOHAM
2025-06-24 03:34:45,195 - cinemas.lev - INFO - DONE LEV SHOHAM
2025-06-24 03:34:45,196 - cinemas.lev - INFO - STARTED LEV DANIEL
2025-06-24 03:34:45,698 - cinemas.lev - INFO - DONE LEV DANIEL
2025-06-24 03:34:45,757 - proxy - INFO - Proxy removed
2025-06-24 03:34:45,757 - cinemas.lev - INFO - DONE LEV
2025-06-24 03:34:45,757 - retry.api - WARNING - AssertionError: lev returned empty list in __main__.unsafe_get_screenings_from_cinema, retrying in 2 seconds...
2025-06-24 03:34:47,757 - cinemas.lev - INFO - STARTED LEV
2025-06-24 03:34:50,712 - proxy - INFO - Proxy: {'YourFuckingIPAddress': '45.150.108.121', 'YourFuckingLocation': 'Petah Tikva, M, Israel', 'YourFuckingHostname': '45.150.108.121', 'YourFuckingISP': 'BlueVPS OU', 'YourFuckingTorExit': False, 'YourFuckingCity': 'Petah Tikva', 'YourFuckingCountry': 'Israel', 'YourFuckingCountryCode': 'IL'}
2025-06-24 03:34:50,712 - cinemas.lev - INFO - STARTED LEV TEL_AVIV
2025-06-24 03:34:51,873 - cinemas.lev - INFO - DONE LEV TEL_AVIV
2025-06-24 03:34:51,873 - cinemas.lev - INFO - STARTED LEV RAMAT_HASHARON
2025-06-24 03:34:53,241 - cinemas.lev - INFO - DONE LEV RAMAT_HASHARON
2025-06-24 03:34:53,241 - cinemas.lev - INFO - STARTED LEV MANDARIN
2025-06-24 03:34:53,828 - cinemas.lev - INFO - DONE LEV MANDARIN
2025-06-24 03:34:53,828 - cinemas.lev - INFO - STARTED LEV EVEN_YEHUDA
2025-06-24 03:34:54,362 - cinemas.lev - INFO - DONE LEV EVEN_YEHUDA
2025-06-24 03:34:54,363 - cinemas.lev - INFO - STARTED LEV SMADAR
2025-06-24 03:34:54,889 - cinemas.lev - INFO - DONE LEV SMADAR
2025-06-24 03:34:54,889 - cinemas.lev - INFO - STARTED LEV RAANANA
2025-06-24 03:34:55,428 - cinemas.lev - INFO - DONE LEV RAANANA
2025-06-24 03:34:55,428 - cinemas.lev - INFO - STARTED LEV OMER
2025-06-24 03:34:55,961 - cinemas.lev - INFO - DONE LEV OMER
2025-06-24 03:34:55,961 - cinemas.lev - INFO - STARTED LEV SHOHAM
2025-06-24 03:34:56,519 - cinemas.lev - INFO - DONE LEV SHOHAM
2025-06-24 03:34:56,519 - cinemas.lev - INFO - STARTED LEV DANIEL
2025-06-24 03:34:57,017 - cinemas.lev - INFO - DONE LEV DANIEL
2025-06-24 03:34:57,076 - proxy - INFO - Proxy removed
2025-06-24 03:34:57,076 - cinemas.lev - INFO - DONE LEV
2025-06-24 03:34:57,076 - root - ERROR - lev crashed: lev returned empty list
2025-06-24 03:34:57,076 - cinemas.movieland - INFO - STARTED Movie Land
2025-06-24 03:34:57,076 - cinemas.movieland - INFO - STARTED Movie Land CARMIEL
2025-06-24 03:34:57,598 - cinemas.movieland - INFO - DONE Movie Land CARMIEL
2025-06-24 03:34:57,598 - cinemas.movieland - INFO - STARTED Movie Land HAIFA
2025-06-24 03:34:57,733 - cinemas.movieland - INFO - DONE Movie Land HAIFA
2025-06-24 03:34:57,734 - cinemas.movieland - INFO - STARTED Movie Land NATANYA
2025-06-24 03:34:57,873 - cinemas.movieland - INFO - DONE Movie Land NATANYA
2025-06-24 03:34:57,873 - cinemas.movieland - INFO - DONE Movie Land
2025-06-24 03:34:57,873 - retry.api - WARNING - AssertionError: movieland returned empty list in __main__.unsafe_get_screenings_from_cinema, retrying in 1 seconds...
2025-06-24 03:34:58,873 - cinemas.movieland - INFO - STARTED Movie Land
2025-06-24 03:34:58,873 - cinemas.movieland - INFO - STARTED Movie Land CARMIEL
2025-06-24 03:34:58,873 - cinemas.movieland - INFO - DONE Movie Land CARMIEL
2025-06-24 03:34:58,873 - cinemas.movieland - INFO - STARTED Movie Land HAIFA
2025-06-24 03:34:58,873 - cinemas.movieland - INFO - DONE Movie Land HAIFA
2025-06-24 03:34:58,873 - cinemas.movieland - INFO - STARTED Movie Land NATANYA
2025-06-24 03:34:58,874 - cinemas.movieland - INFO - DONE Movie Land NATANYA
2025-06-24 03:34:58,874 - cinemas.movieland - INFO - DONE Movie Land
2025-06-24 03:34:58,874 - retry.api - WARNING - AssertionError: movieland returned empty list in __main__.unsafe_get_screenings_from_cinema, retrying in 2 seconds...
2025-06-24 03:35:00,874 - cinemas.movieland - INFO - STARTED Movie Land
2025-06-24 03:35:00,874 - cinemas.movieland - INFO - STARTED Movie Land CARMIEL
2025-06-24 03:35:00,874 - cinemas.movieland - INFO - DONE Movie Land CARMIEL
2025-06-24 03:35:00,874 - cinemas.movieland - INFO - STARTED Movie Land HAIFA
2025-06-24 03:35:00,874 - cinemas.movieland - INFO - DONE Movie Land HAIFA
2025-06-24 03:35:00,874 - cinemas.movieland - INFO - STARTED Movie Land NATANYA
2025-06-24 03:35:00,874 - cinemas.movieland - INFO - DONE Movie Land NATANYA
2025-06-24 03:35:00,874 - cinemas.movieland - INFO - DONE Movie Land
2025-06-24 03:35:00,875 - root - ERROR - movieland crashed: movieland returned empty list
2025-06-24 03:35:00,875 - root - INFO - ********************
2025-06-24 03:35:00,875 - root - INFO - started checking for:25-06-2025
2025-06-24 03:35:00,875 - cinemas.yes_planet - INFO - STARTED YES PLANET
2025-06-24 03:35:00,875 - cinemas.yes_planet - INFO - STARTED YES PLANET RISHON
2025-06-24 03:35:00,925 - cinemas.yes_planet - INFO - DONE YES PLANET RISHON
2025-06-24 03:35:00,925 - cinemas.yes_planet - INFO - STARTED YES PLANET AYALON
2025-06-24 03:35:00,990 - cinemas.yes_planet - INFO - DONE YES PLANET AYALON
2025-06-24 03:35:00,991 - cinemas.yes_planet - INFO - STARTED YES PLANET ZICHRON
2025-06-24 03:35:01,038 - cinemas.yes_planet - INFO - DONE YES PLANET ZICHRON
2025-06-24 03:35:01,038 - cinemas.yes_planet - INFO - STARTED YES PLANET HAIFA
2025-06-24 03:35:01,089 - cinemas.yes_planet - INFO - DONE YES PLANET HAIFA
2025-06-24 03:35:01,089 - cinemas.yes_planet - INFO - STARTED YES PLANET JERUSALEM
2025-06-24 03:35:01,129 - cinemas.yes_planet - INFO - DONE YES PLANET JERUSALEM
2025-06-24 03:35:01,129 - cinemas.yes_planet - INFO - STARTED YES PLANET BEER_SHEVA
2025-06-24 03:35:01,143 - cinemas.yes_planet - INFO - DONE YES PLANET BEER_SHEVA
2025-06-24 03:35:01,143 - cinemas.yes_planet - INFO - DONE YES PLANET
2025-06-24 03:35:01,143 - retry.api - WARNING - AssertionError: yes planet returned empty list in __main__.unsafe_get_screenings_from_cinema, retrying in 1 seconds...
2025-06-24 03:35:02,144 - cinemas.yes_planet - INFO - STARTED YES PLANET
2025-06-24 03:35:02,144 - cinemas.yes_planet - INFO - STARTED YES PLANET RISHON
2025-06-24 03:35:02,544 - cinemas.yes_planet - INFO - DONE YES PLANET RISHON
2025-06-24 03:35:02,544 - cinemas.yes_planet - INFO - STARTED YES PLANET AYALON
2025-06-24 03:35:02,560 - cinemas.yes_planet - INFO - DONE YES PLANET AYALON
2025-06-24 03:35:02,560 - cinemas.yes_planet - INFO - STARTED YES PLANET ZICHRON
2025-06-24 03:35:02,574 - cinemas.yes_planet - INFO - DONE YES PLANET ZICHRON
2025-06-24 03:35:02,574 - cinemas.yes_planet - INFO - STARTED YES PLANET HAIFA
2025-06-24 03:35:02,587 - cinemas.yes_planet - INFO - DONE YES PLANET HAIFA
2025-06-24 03:35:02,587 - cinemas.yes_planet - INFO - STARTED YES PLANET JERUSALEM
2025-06-24 03:35:02,602 - cinemas.yes_planet - INFO - DONE YES PLANET JERUSALEM
2025-06-24 03:35:02,603 - cinemas.yes_planet - INFO - STARTED YES PLANET BEER_SHEVA
2025-06-24 03:35:02,617 - cinemas.yes_planet - INFO - DONE YES PLANET BEER_SHEVA
2025-06-24 03:35:02,617 - cinemas.yes_planet - INFO - DONE YES PLANET
2025-06-24 03:35:02,617 - retry.api - WARNING - AssertionError: yes planet returned empty list in __main__.unsafe_get_screenings_from_cinema, retrying in 2 seconds...
2025-06-24 03:35:04,617 - cinemas.yes_planet - INFO - STARTED YES PLANET
2025-06-24 03:35:04,617 - cinemas.yes_planet - INFO - STARTED YES PLANET RISHON
2025-06-24 03:35:04,630 - cinemas.yes_planet - INFO - DONE YES PLANET RISHON
2025-06-24 03:35:04,630 - cinemas.yes_planet - INFO - STARTED YES PLANET AYALON
2025-06-24 03:35:04,644 - cinemas.yes_planet - INFO - DONE YES PLANET AYALON
2025-06-24 03:35:04,644 - cinemas.yes_planet - INFO - STARTED YES PLANET ZICHRON
2025-06-24 03:35:04,657 - cinemas.yes_planet - INFO - DONE YES PLANET ZICHRON
2025-06-24 03:35:04,657 - cinemas.yes_planet - INFO - STARTED YES PLANET HAIFA
2025-06-24 03:35:04,673 - cinemas.yes_planet - INFO - DONE YES PLANET HAIFA
2025-06-24 03:35:04,673 - cinemas.yes_planet - INFO - STARTED YES PLANET JERUSALEM
2025-06-24 03:35:04,686 - cinemas.yes_planet - INFO - DONE YES PLANET JERUSALEM
2025-06-24 03:35:04,686 - cinemas.yes_planet - INFO - STARTED YES PLANET BEER_SHEVA
2025-06-24 03:35:05,081 - cinemas.yes_planet - INFO - DONE YES PLANET BEER_SHEVA
2025-06-24 03:35:05,081 - cinemas.yes_planet - INFO - DONE YES PLANET
2025-06-24 03:35:05,081 - root - ERROR - yes planet crashed: yes planet returned empty list
2025-06-24 03:35:05,081 - cinemas.rav_hen - INFO - STARTED RAV HEN
2025-06-24 03:35:05,081 - cinemas.rav_hen - INFO - STARTED RAV HEN GIVATAIM
2025-06-24 03:35:05,114 - cinemas.rav_hen - INFO - DONE RAV HEN GIVATAIM
2025-06-24 03:35:05,114 - cinemas.rav_hen - INFO - STARTED RAV HEN DIZINGOF
2025-06-24 03:35:05,134 - cinemas.rav_hen - INFO - DONE RAV HEN DIZINGOF
2025-06-24 03:35:05,134 - cinemas.rav_hen - INFO - STARTED RAV HEN MODIIN
2025-06-24 03:35:05,182 - cinemas.rav_hen - INFO - DONE RAV HEN MODIIN
2025-06-24 03:35:05,182 - cinemas.rav_hen - INFO - STARTED RAV HEN KIRYAT_ONO
2025-06-24 03:35:05,202 - cinemas.rav_hen - INFO - DONE RAV HEN KIRYAT_ONO
2025-06-24 03:35:05,202 - cinemas.rav_hen - INFO - DONE RAV HEN
2025-06-24 03:35:05,202 - retry.api - WARNING - AssertionError: rav hen returned empty list in __main__.unsafe_get_screenings_from_cinema, retrying in 1 seconds...
2025-06-24 03:35:06,202 - cinemas.rav_hen - INFO - STARTED RAV HEN
2025-06-24 03:35:06,202 - cinemas.rav_hen - INFO - STARTED RAV HEN GIVATAIM
2025-06-24 03:35:06,221 - cinemas.rav_hen - INFO - DONE RAV HEN GIVATAIM
2025-06-24 03:35:06,221 - cinemas.rav_hen - INFO - STARTED RAV HEN DIZINGOF
2025-06-24 03:35:06,239 - cinemas.rav_hen - INFO - DONE RAV HEN DIZINGOF
2025-06-24 03:35:06,239 - cinemas.rav_hen - INFO - STARTED RAV HEN MODIIN
2025-06-24 03:35:06,257 - cinemas.rav_hen - INFO - DONE RAV HEN MODIIN
2025-06-24 03:35:06,257 - cinemas.rav_hen - INFO - STARTED RAV HEN KIRYAT_ONO
2025-06-24 03:35:06,274 - cinemas.rav_hen - INFO - DONE RAV HEN KIRYAT_ONO
2025-06-24 03:35:06,274 - cinemas.rav_hen - INFO - DONE RAV HEN
2025-06-24 03:35:06,275 - retry.api - WARNING - AssertionError: rav hen returned empty list in __main__.unsafe_get_screenings_from_cinema, retrying in 2 seconds...
2025-06-24 03:35:08,275 - cinemas.rav_hen - INFO - STARTED RAV HEN
2025-06-24 03:35:08,275 - cinemas.rav_hen - INFO - STARTED RAV HEN GIVATAIM
2025-06-24 03:35:08,673 - cinemas.rav_hen - INFO - DONE RAV HEN GIVATAIM
2025-06-24 03:35:08,673 - cinemas.rav_hen - INFO - STARTED RAV HEN DIZINGOF
2025-06-24 03:35:09,082 - cinemas.rav_hen - INFO - DONE RAV HEN DIZINGOF
2025-06-24 03:35:09,082 - cinemas.rav_hen - INFO - STARTED RAV HEN MODIIN
2025-06-24 03:35:09,101 - cinemas.rav_hen - INFO - DONE RAV HEN MODIIN
2025-06-24 03:35:09,101 - cinemas.rav_hen - INFO - STARTED RAV HEN KIRYAT_ONO
2025-06-24 03:35:09,481 - cinemas.rav_hen - INFO - DONE RAV HEN KIRYAT_ONO
2025-06-24 03:35:09,481 - cinemas.rav_hen - INFO - DONE RAV HEN
2025-06-24 03:35:09,481 - root - ERROR - rav hen crashed: rav hen returned empty list
2025-06-24 03:35:09,481 - cinemas.hot_cinema - INFO - STARTED HOT CINEMA
2025-06-24 03:35:09,481 - cinemas.hot_cinema - INFO - STARTED HOT CINEMA MODIIN
2025-06-24 03:35:09,608 - cinemas.hot_cinema - INFO - DONE HOT CINEMA MODIIN
2025-06-24 03:35:09,608 - cinemas.hot_cinema - INFO - STARTED HOT CINEMA KIRYON
2025-06-24 03:35:09,735 - cinemas.hot_cinema - INFO - DONE HOT CINEMA KIRYON
2025-06-24 03:35:09,735 - cinemas.hot_cinema - INFO - STARTED HOT CINEMA KFAR_SABBA
2025-06-24 03:35:09,862 - cinemas.hot_cinema - INFO - DONE HOT CINEMA KFAR_SABBA
2025-06-24 03:35:09,862 - cinemas.hot_cinema - INFO - STARTED HOT CINEMA HAIFA
2025-06-24 03:35:10,692 - cinemas.hot_cinema - INFO - DONE HOT CINEMA HAIFA
2025-06-24 03:35:10,692 - cinemas.hot_cinema - INFO - STARTED HOT CINEMA PETACH_TIKVA
2025-06-24 03:35:10,819 - cinemas.hot_cinema - INFO - DONE HOT CINEMA PETACH_TIKVA
2025-06-24 03:35:10,819 - cinemas.hot_cinema - INFO - STARTED HOT CINEMA RECHOVOT
2025-06-24 03:35:10,946 - cinemas.hot_cinema - INFO - DONE HOT CINEMA RECHOVOT
2025-06-24 03:35:10,946 - cinemas.hot_cinema - INFO - STARTED HOT CINEMA ASHKELON
2025-06-24 03:35:11,079 - cinemas.hot_cinema - INFO - DONE HOT CINEMA ASHKELON
2025-06-24 03:35:11,079 - cinemas.hot_cinema - INFO - STARTED HOT CINEMA KARMIEL
2025-06-24 03:35:11,207 - cinemas.hot_cinema - INFO - DONE HOT CINEMA KARMIEL
2025-06-24 03:35:11,207 - cinemas.hot_cinema - INFO - STARTED HOT CINEMA NAHARIA
2025-06-24 03:35:11,774 - cinemas.hot_cinema - INFO - DONE HOT CINEMA NAHARIA
2025-06-24 03:35:11,774 - cinemas.hot_cinema - INFO - STARTED HOT CINEMA ASHDOD
2025-06-24 03:35:11,901 - cinemas.hot_cinema - INFO - DONE HOT CINEMA ASHDOD
2025-06-24 03:35:11,901 - cinemas.hot_cinema - INFO - DONE HOT CINEMA
2025-06-24 03:35:11,901 - cinemas.cinema_city - INFO - STARTED CINEMA CITY
2025-06-24 03:35:13,581 - proxy - INFO - Proxy: {'YourFuckingIPAddress': '45.150.108.121', 'YourFuckingLocation': 'Petah Tikva, M, Israel', 'YourFuckingHostname': '45.150.108.121', 'YourFuckingISP': 'BlueVPS OU', 'YourFuckingTorExit': False, 'YourFuckingCity': 'Petah Tikva', 'YourFuckingCountry': 'Israel', 'YourFuckingCountryCode': 'IL'}
2025-06-24 03:35:13,581 - cinemas.cinema_city - INFO - STARTED CINEMA CITY GLILOT
2025-06-24 03:35:15,251 - cinemas.cinema_city - ERROR - NO DATE FOUND FOR GLILOT
2025-06-24 03:35:15,252 - cinemas.cinema_city - INFO - STARTED CINEMA CITY RISHON
2025-06-24 03:35:15,671 - cinemas.cinema_city - ERROR - NO DATE FOUND FOR RISHON
2025-06-24 03:35:15,672 - cinemas.cinema_city - INFO - STARTED CINEMA CITY JERUSALEM
2025-06-24 03:35:16,221 - cinemas.cinema_city - ERROR - NO DATE FOUND FOR JERUSALEM
2025-06-24 03:35:16,221 - cinemas.cinema_city - INFO - STARTED CINEMA CITY KFAR_SABBA
2025-06-24 03:35:16,758 - cinemas.cinema_city - ERROR - NO DATE FOUND FOR KFAR_SABBA
2025-06-24 03:35:16,758 - cinemas.cinema_city - INFO - STARTED CINEMA CITY NATANIA
2025-06-24 03:36:34,091 - cinemas.cinema_city - INFO - DONE CINEMA CITY NATANIA
2025-06-24 03:36:34,091 - cinemas.cinema_city - INFO - STARTED CINEMA CITY BEER_SHEVA
2025-06-24 03:36:34,622 - cinemas.cinema_city - ERROR - NO DATE FOUND FOR BEER_SHEVA
2025-06-24 03:36:34,622 - cinemas.cinema_city - INFO - STARTED CINEMA CITY HADERA
2025-06-24 03:36:35,158 - cinemas.cinema_city - ERROR - NO DATE FOUND FOR HADERA
2025-06-24 03:36:35,158 - cinemas.cinema_city - INFO - STARTED CINEMA CITY ASHDOD
2025-06-24 03:36:35,570 - cinemas.cinema_city - ERROR - NO DATE FOUND FOR ASHDOD
2025-06-24 03:36:35,634 - proxy - INFO - Proxy removed
2025-06-24 03:36:35,634 - cinemas.cinema_city - INFO - DONE CINEMA CITY
2025-06-24 03:36:35,634 - cinemas.lev - INFO - STARTED LEV
2025-06-24 03:36:37,564 - proxy - INFO - Proxy: {'YourFuckingIPAddress': '45.150.108.121', 'YourFuckingLocation': 'Petah Tikva, M, Israel', 'YourFuckingHostname': '45.150.108.121', 'YourFuckingISP': 'BlueVPS OU', 'YourFuckingTorExit': False, 'YourFuckingCity': 'Petah Tikva', 'YourFuckingCountry': 'Israel', 'YourFuckingCountryCode': 'IL'}
2025-06-24 03:36:37,564 - cinemas.lev - INFO - STARTED LEV TEL_AVIV
2025-06-24 03:36:38,751 - cinemas.lev - INFO - DONE LEV TEL_AVIV
2025-06-24 03:36:38,751 - cinemas.lev - INFO - STARTED LEV RAMAT_HASHARON
2025-06-24 03:36:39,756 - cinemas.lev - INFO - DONE LEV RAMAT_HASHARON
2025-06-24 03:36:39,756 - cinemas.lev - INFO - STARTED LEV MANDARIN
2025-06-24 03:36:41,095 - cinemas.lev - INFO - DONE LEV MANDARIN
2025-06-24 03:36:41,095 - cinemas.lev - INFO - STARTED LEV EVEN_YEHUDA
2025-06-24 03:36:41,540 - cinemas.lev - INFO - DONE LEV EVEN_YEHUDA
2025-06-24 03:36:41,540 - cinemas.lev - INFO - STARTED LEV SMADAR
2025-06-24 03:36:41,992 - cinemas.lev - INFO - DONE LEV SMADAR
2025-06-24 03:36:41,992 - cinemas.lev - INFO - STARTED LEV RAANANA
2025-06-24 03:36:42,440 - cinemas.lev - INFO - DONE LEV RAANANA
2025-06-24 03:36:42,440 - cinemas.lev - INFO - STARTED LEV OMER
2025-06-24 03:36:42,951 - cinemas.lev - INFO - DONE LEV OMER
2025-06-24 03:36:42,951 - cinemas.lev - INFO - STARTED LEV SHOHAM
2025-06-24 03:36:43,520 - cinemas.lev - INFO - DONE LEV SHOHAM
2025-06-24 03:36:43,520 - cinemas.lev - INFO - STARTED LEV DANIEL
2025-06-24 03:36:44,059 - cinemas.lev - INFO - DONE LEV DANIEL
2025-06-24 03:36:44,118 - proxy - INFO - Proxy removed
2025-06-24 03:36:44,118 - cinemas.lev - INFO - DONE LEV
2025-06-24 03:36:44,118 - retry.api - WARNING - AssertionError: lev returned empty list in __main__.unsafe_get_screenings_from_cinema, retrying in 1 seconds...
2025-06-24 03:36:45,118 - cinemas.lev - INFO - STARTED LEV
2025-06-24 03:36:46,889 - proxy - INFO - Proxy: {'YourFuckingIPAddress': '45.150.108.121', 'YourFuckingLocation': 'Petah Tikva, M, Israel', 'YourFuckingHostname': '45.150.108.121', 'YourFuckingISP': 'BlueVPS OU', 'YourFuckingTorExit': False, 'YourFuckingCity': 'Petah Tikva', 'YourFuckingCountry': 'Israel', 'YourFuckingCountryCode': 'IL'}
2025-06-24 03:36:46,889 - cinemas.lev - INFO - STARTED LEV TEL_AVIV
2025-06-24 03:36:48,699 - cinemas.lev - INFO - DONE LEV TEL_AVIV
2025-06-24 03:36:48,699 - cinemas.lev - INFO - STARTED LEV RAMAT_HASHARON
2025-06-24 03:36:49,978 - cinemas.lev - INFO - DONE LEV RAMAT_HASHARON
2025-06-24 03:36:49,978 - cinemas.lev - INFO - STARTED LEV MANDARIN
2025-06-24 03:36:50,397 - cinemas.lev - INFO - DONE LEV MANDARIN
2025-06-24 03:36:50,397 - cinemas.lev - INFO - STARTED LEV EVEN_YEHUDA
2025-06-24 03:36:50,934 - cinemas.lev - INFO - DONE LEV EVEN_YEHUDA
2025-06-24 03:36:50,934 - cinemas.lev - INFO - STARTED LEV SMADAR
2025-06-24 03:36:51,466 - cinemas.lev - INFO - DONE LEV SMADAR
2025-06-24 03:36:51,466 - cinemas.lev - INFO - STARTED LEV RAANANA
2025-06-24 03:36:52,005 - cinemas.lev - INFO - DONE LEV RAANANA
2025-06-24 03:36:52,005 - cinemas.lev - INFO - STARTED LEV OMER
2025-06-24 03:36:52,543 - cinemas.lev - INFO - DONE LEV OMER
2025-06-24 03:36:52,543 - cinemas.lev - INFO - STARTED LEV SHOHAM
2025-06-24 03:36:53,080 - cinemas.lev - INFO - DONE LEV SHOHAM
2025-06-24 03:36:53,080 - cinemas.lev - INFO - STARTED LEV DANIEL
2025-06-24 03:36:53,536 - cinemas.lev - INFO - DONE LEV DANIEL
2025-06-24 03:36:53,594 - proxy - INFO - Proxy removed
2025-06-24 03:36:53,594 - cinemas.lev - INFO - DONE LEV
2025-06-24 03:36:53,595 - retry.api - WARNING - AssertionError: lev returned empty list in __main__.unsafe_get_screenings_from_cinema, retrying in 2 seconds...
2025-06-24 03:36:55,595 - cinemas.lev - INFO - STARTED LEV
2025-06-24 03:36:58,410 - proxy - INFO - Proxy: {'YourFuckingIPAddress': '45.150.108.121', 'YourFuckingLocation': 'Petah Tikva, M, Israel', 'YourFuckingHostname': '45.150.108.121', 'YourFuckingISP': 'BlueVPS OU', 'YourFuckingTorExit': False, 'YourFuckingCity': 'Petah Tikva', 'YourFuckingCountry': 'Israel', 'YourFuckingCountryCode': 'IL'}
2025-06-24 03:36:58,410 - cinemas.lev - INFO - STARTED LEV TEL_AVIV
2025-06-24 03:36:59,620 - cinemas.lev - INFO - DONE LEV TEL_AVIV
2025-06-24 03:36:59,620 - cinemas.lev - INFO - STARTED LEV RAMAT_HASHARON
2025-06-24 03:37:00,953 - cinemas.lev - INFO - DONE LEV RAMAT_HASHARON
2025-06-24 03:37:00,953 - cinemas.lev - INFO - STARTED LEV MANDARIN
2025-06-24 03:37:01,544 - cinemas.lev - INFO - DONE LEV MANDARIN
2025-06-24 03:37:01,545 - cinemas.lev - INFO - STARTED LEV EVEN_YEHUDA
2025-06-24 03:37:02,086 - cinemas.lev - INFO - DONE LEV EVEN_YEHUDA
2025-06-24 03:37:02,086 - cinemas.lev - INFO - STARTED LEV SMADAR
2025-06-24 03:37:02,621 - cinemas.lev - INFO - DONE LEV SMADAR
2025-06-24 03:37:02,621 - cinemas.lev - INFO - STARTED LEV RAANANA
2025-06-24 03:37:03,161 - cinemas.lev - INFO - DONE LEV RAANANA
2025-06-24 03:37:03,161 - cinemas.lev - INFO - STARTED LEV OMER
2025-06-24 03:37:03,701 - cinemas.lev - INFO - DONE LEV OMER
2025-06-24 03:37:03,701 - cinemas.lev - INFO - STARTED LEV SHOHAM
2025-06-24 03:37:04,242 - cinemas.lev - INFO - DONE LEV SHOHAM
2025-06-24 03:37:04,242 - cinemas.lev - INFO - STARTED LEV DANIEL
2025-06-24 03:37:04,781 - cinemas.lev - INFO - DONE LEV DANIEL
2025-06-24 03:37:04,840 - proxy - INFO - Proxy removed
2025-06-24 03:37:04,840 - cinemas.lev - INFO - DONE LEV
2025-06-24 03:37:04,840 - root - ERROR - lev crashed: lev returned empty list
2025-06-24 03:37:04,840 - cinemas.movieland - INFO - STARTED Movie Land
2025-06-24 03:37:04,840 - cinemas.movieland - INFO - STARTED Movie Land CARMIEL
2025-06-24 03:37:04,840 - cinemas.movieland - INFO - DONE Movie Land CARMIEL
2025-06-24 03:37:04,840 - cinemas.movieland - INFO - STARTED Movie Land HAIFA
2025-06-24 03:37:04,840 - cinemas.movieland - INFO - DONE Movie Land HAIFA
2025-06-24 03:37:04,840 - cinemas.movieland - INFO - STARTED Movie Land NATANYA
2025-06-24 03:37:04,840 - cinemas.movieland - INFO - DONE Movie Land NATANYA
2025-06-24 03:37:04,840 - cinemas.movieland - INFO - DONE Movie Land
2025-06-24 03:37:04,840 - retry.api - WARNING - AssertionError: movieland returned empty list in __main__.unsafe_get_screenings_from_cinema, retrying in 1 seconds...
2025-06-24 03:37:05,841 - cinemas.movieland - INFO - STARTED Movie Land
2025-06-24 03:37:05,841 - cinemas.movieland - INFO - STARTED Movie Land CARMIEL
2025-06-24 03:37:05,841 - cinemas.movieland - INFO - DONE Movie Land CARMIEL
2025-06-24 03:37:05,841 - cinemas.movieland - INFO - STARTED Movie Land HAIFA
2025-06-24 03:37:05,841 - cinemas.movieland - INFO - DONE Movie Land HAIFA
2025-06-24 03:37:05,841 - cinemas.movieland - INFO - STARTED Movie Land NATANYA
2025-06-24 03:37:05,841 - cinemas.movieland - INFO - DONE Movie Land NATANYA
2025-06-24 03:37:05,841 - cinemas.movieland - INFO - DONE Movie Land
2025-06-24 03:37:05,841 - retry.api - WARNING - AssertionError: movieland returned empty list in __main__.unsafe_get_screenings_from_cinema, retrying in 2 seconds...
2025-06-24 03:37:07,841 - cinemas.movieland - INFO - STARTED Movie Land
2025-06-24 03:37:07,841 - cinemas.movieland - INFO - STARTED Movie Land CARMIEL
2025-06-24 03:37:07,842 - cinemas.movieland - INFO - DONE Movie Land CARMIEL
2025-06-24 03:37:07,842 - cinemas.movieland - INFO - STARTED Movie Land HAIFA
2025-06-24 03:37:07,842 - cinemas.movieland - INFO - DONE Movie Land HAIFA
2025-06-24 03:37:07,842 - cinemas.movieland - INFO - STARTED Movie Land NATANYA
2025-06-24 03:37:07,842 - cinemas.movieland - INFO - DONE Movie Land NATANYA
2025-06-24 03:37:07,842 - cinemas.movieland - INFO - DONE Movie Land
2025-06-24 03:37:07,842 - root - ERROR - movieland crashed: movieland returned empty list
2025-06-24 03:37:07,842 - root - INFO - ********************
2025-06-24 03:37:07,842 - root - INFO - started checking for:26-06-2025
2025-06-24 03:37:07,842 - cinemas.yes_planet - INFO - STARTED YES PLANET
2025-06-24 03:37:07,842 - cinemas.yes_planet - INFO - STARTED YES PLANET RISHON
2025-06-24 03:37:08,347 - cinemas.yes_planet - INFO - DONE YES PLANET RISHON
2025-06-24 03:37:08,347 - cinemas.yes_planet - INFO - STARTED YES PLANET AYALON
2025-06-24 03:37:08,813 - cinemas.yes_planet - INFO - DONE YES PLANET AYALON
2025-06-24 03:37:08,813 - cinemas.yes_planet - INFO - STARTED YES PLANET ZICHRON
2025-06-24 03:37:09,315 - cinemas.yes_planet - INFO - DONE YES PLANET ZICHRON
2025-06-24 03:37:09,315 - cinemas.yes_planet - INFO - STARTED YES PLANET HAIFA
2025-06-24 03:37:09,802 - cinemas.yes_planet - INFO - DONE YES PLANET HAIFA
2025-06-24 03:37:09,802 - cinemas.yes_planet - INFO - STARTED YES PLANET JERUSALEM
2025-06-24 03:37:10,324 - cinemas.yes_planet - INFO - DONE YES PLANET JERUSALEM
2025-06-24 03:37:10,324 - cinemas.yes_planet - INFO - STARTED YES PLANET BEER_SHEVA
2025-06-24 03:37:10,819 - cinemas.yes_planet - INFO - DONE YES PLANET BEER_SHEVA
2025-06-24 03:37:10,819 - cinemas.yes_planet - INFO - DONE YES PLANET
2025-06-24 03:37:10,819 - retry.api - WARNING - AssertionError: yes planet returned empty list in __main__.unsafe_get_screenings_from_cinema, retrying in 1 seconds...
2025-06-24 03:37:11,819 - cinemas.yes_planet - INFO - STARTED YES PLANET
2025-06-24 03:37:11,820 - cinemas.yes_planet - INFO - STARTED YES PLANET RISHON
2025-06-24 03:37:11,835 - cinemas.yes_planet - INFO - DONE YES PLANET RISHON
2025-06-24 03:37:11,835 - cinemas.yes_planet - INFO - STARTED YES PLANET AYALON
2025-06-24 03:37:11,848 - cinemas.yes_planet - INFO - DONE YES PLANET AYALON
2025-06-24 03:37:11,848 - cinemas.yes_planet - INFO - STARTED YES PLANET ZICHRON
2025-06-24 03:37:11,859 - cinemas.yes_planet - INFO - DONE YES PLANET ZICHRON
2025-06-24 03:37:11,859 - cinemas.yes_planet - INFO - STARTED YES PLANET HAIFA
2025-06-24 03:37:11,872 - cinemas.yes_planet - INFO - DONE YES PLANET HAIFA
2025-06-24 03:37:11,872 - cinemas.yes_planet - INFO - STARTED YES PLANET JERUSALEM
2025-06-24 03:37:11,887 - cinemas.yes_planet - INFO - DONE YES PLANET JERUSALEM
2025-06-24 03:37:11,887 - cinemas.yes_planet - INFO - STARTED YES PLANET BEER_SHEVA
2025-06-24 03:37:11,899 - cinemas.yes_planet - INFO - DONE YES PLANET BEER_SHEVA
2025-06-24 03:37:11,899 - cinemas.yes_planet - INFO - DONE YES PLANET
2025-06-24 03:37:11,899 - retry.api - WARNING - AssertionError: yes planet returned empty list in __main__.unsafe_get_screenings_from_cinema, retrying in 2 seconds...
2025-06-24 03:37:13,900 - cinemas.yes_planet - INFO - STARTED YES PLANET
2025-06-24 03:37:13,900 - cinemas.yes_planet - INFO - STARTED YES PLANET RISHON
2025-06-24 03:37:13,915 - cinemas.yes_planet - INFO - DONE YES PLANET RISHON
2025-06-24 03:37:13,916 - cinemas.yes_planet - INFO - STARTED YES PLANET AYALON
2025-06-24 03:37:13,929 - cinemas.yes_planet - INFO - DONE YES PLANET AYALON
2025-06-24 03:37:13,929 - cinemas.yes_planet - INFO - STARTED YES PLANET ZICHRON
2025-06-24 03:37:13,943 - cinemas.yes_planet - INFO - DONE YES PLANET ZICHRON
2025-06-24 03:37:13,943 - cinemas.yes_planet - INFO - STARTED YES PLANET HAIFA
2025-06-24 03:37:13,956 - cinemas.yes_planet - INFO - DONE YES PLANET HAIFA
2025-06-24 03:37:13,956 - cinemas.yes_planet - INFO - STARTED YES PLANET JERUSALEM
2025-06-24 03:37:13,969 - cinemas.yes_planet - INFO - DONE YES PLANET JERUSALEM
2025-06-24 03:37:13,969 - cinemas.yes_planet - INFO - STARTED YES PLANET BEER_SHEVA
2025-06-24 03:37:13,983 - cinemas.yes_planet - INFO - DONE YES PLANET BEER_SHEVA
2025-06-24 03:37:13,984 - cinemas.yes_planet - INFO - DONE YES PLANET
2025-06-24 03:37:13,984 - root - ERROR - yes planet crashed: yes planet returned empty list
2025-06-24 03:37:13,984 - cinemas.rav_hen - INFO - STARTED RAV HEN
2025-06-24 03:37:13,984 - cinemas.rav_hen - INFO - STARTED RAV HEN GIVATAIM
2025-06-24 03:37:14,530 - cinemas.rav_hen - INFO - DONE RAV HEN GIVATAIM
2025-06-24 03:37:14,531 - cinemas.rav_hen - INFO - STARTED RAV HEN DIZINGOF
2025-06-24 03:37:14,922 - cinemas.rav_hen - INFO - DONE RAV HEN DIZINGOF
2025-06-24 03:37:14,922 - cinemas.rav_hen - INFO - STARTED RAV HEN MODIIN
2025-06-24 03:37:15,303 - cinemas.rav_hen - INFO - DONE RAV HEN MODIIN
2025-06-24 03:37:15,303 - cinemas.rav_hen - INFO - STARTED RAV HEN KIRYAT_ONO
2025-06-24 03:37:15,805 - cinemas.rav_hen - INFO - DONE RAV HEN KIRYAT_ONO
2025-06-24 03:37:15,805 - cinemas.rav_hen - INFO - DONE RAV HEN
2025-06-24 03:37:15,805 - retry.api - WARNING - AssertionError: rav hen returned empty list in __main__.unsafe_get_screenings_from_cinema, retrying in 1 seconds...
2025-06-24 03:37:16,805 - cinemas.rav_hen - INFO - STARTED RAV HEN
2025-06-24 03:37:16,805 - cinemas.rav_hen - INFO - STARTED RAV HEN GIVATAIM
2025-06-24 03:37:16,826 - cinemas.rav_hen - INFO - DONE RAV HEN GIVATAIM
2025-06-24 03:37:16,827 - cinemas.rav_hen - INFO - STARTED RAV HEN DIZINGOF
2025-06-24 03:37:16,848 - cinemas.rav_hen - INFO - DONE RAV HEN DIZINGOF
2025-06-24 03:37:16,848 - cinemas.rav_hen - INFO - STARTED RAV HEN MODIIN
2025-06-24 03:37:16,865 - cinemas.rav_hen - INFO - DONE RAV HEN MODIIN
2025-06-24 03:37:16,865 - cinemas.rav_hen - INFO - STARTED RAV HEN KIRYAT_ONO
2025-06-24 03:37:16,885 - cinemas.rav_hen - INFO - DONE RAV HEN KIRYAT_ONO
2025-06-24 03:37:16,885 - cinemas.rav_hen - INFO - DONE RAV HEN
2025-06-24 03:37:16,885 - retry.api - WARNING - AssertionError: rav hen returned empty list in __main__.unsafe_get_screenings_from_cinema, retrying in 2 seconds...
2025-06-24 03:37:18,885 - cinemas.rav_hen - INFO - STARTED RAV HEN
2025-06-24 03:37:18,885 - cinemas.rav_hen - INFO - STARTED RAV HEN GIVATAIM
2025-06-24 03:37:18,918 - cinemas.rav_hen - INFO - DONE RAV HEN GIVATAIM
2025-06-24 03:37:18,918 - cinemas.rav_hen - INFO - STARTED RAV HEN DIZINGOF
2025-06-24 03:37:18,937 - cinemas.rav_hen - INFO - DONE RAV HEN DIZINGOF
2025-06-24 03:37:18,937 - cinemas.rav_hen - INFO - STARTED RAV HEN MODIIN
2025-06-24 03:37:18,957 - cinemas.rav_hen - INFO - DONE RAV HEN MODIIN
2025-06-24 03:37:18,957 - cinemas.rav_hen - INFO - STARTED RAV HEN KIRYAT_ONO
2025-06-24 03:37:18,977 - cinemas.rav_hen - INFO - DONE RAV HEN KIRYAT_ONO
2025-06-24 03:37:18,977 - cinemas.rav_hen - INFO - DONE RAV HEN
2025-06-24 03:37:18,977 - root - ERROR - rav hen crashed: rav hen returned empty list
2025-06-24 03:37:18,977 - cinemas.hot_cinema - INFO - STARTED HOT CINEMA
2025-06-24 03:37:18,977 - cinemas.hot_cinema - INFO - STARTED HOT CINEMA MODIIN
2025-06-24 03:37:19,599 - cinemas.hot_cinema - INFO - DONE HOT CINEMA MODIIN
2025-06-24 03:37:19,599 - cinemas.hot_cinema - INFO - STARTED HOT CINEMA KIRYON
2025-06-24 03:37:19,724 - cinemas.hot_cinema - INFO - DONE HOT CINEMA KIRYON
2025-06-24 03:37:19,724 - cinemas.hot_cinema - INFO - STARTED HOT CINEMA KFAR_SABBA
2025-06-24 03:37:19,849 - cinemas.hot_cinema - INFO - DONE HOT CINEMA KFAR_SABBA
2025-06-24 03:37:19,849 - cinemas.hot_cinema - INFO - STARTED HOT CINEMA HAIFA
2025-06-24 03:37:19,975 - cinemas.hot_cinema - INFO - DONE HOT CINEMA HAIFA
2025-06-24 03:37:19,975 - cinemas.hot_cinema - INFO - STARTED HOT CINEMA PETACH_TIKVA
2025-06-24 03:37:20,101 - cinemas.hot_cinema - INFO - DONE HOT CINEMA PETACH_TIKVA
2025-06-24 03:37:20,101 - cinemas.hot_cinema - INFO - STARTED HOT CINEMA RECHOVOT
2025-06-24 03:37:21,693 - cinemas.hot_cinema - ERROR - Failed to get english title for    'NoneType' object has no attribute 'find'
2025-06-24 03:37:21,693 - cinemas.hot_cinema - INFO - DONE HOT CINEMA RECHOVOT
2025-06-24 03:37:21,693 - cinemas.hot_cinema - INFO - STARTED HOT CINEMA ASHKELON
2025-06-24 03:37:21,818 - cinemas.hot_cinema - INFO - DONE HOT CINEMA ASHKELON
2025-06-24 03:37:21,818 - cinemas.hot_cinema - INFO - STARTED HOT CINEMA KARMIEL
2025-06-24 03:37:21,942 - cinemas.hot_cinema - INFO - DONE HOT CINEMA KARMIEL
2025-06-24 03:37:21,942 - cinemas.hot_cinema - INFO - STARTED HOT CINEMA NAHARIA
2025-06-24 03:37:22,067 - cinemas.hot_cinema - INFO - DONE HOT CINEMA NAHARIA
2025-06-24 03:37:22,067 - cinemas.hot_cinema - INFO - STARTED HOT CINEMA ASHDOD
2025-06-24 03:37:22,192 - cinemas.hot_cinema - INFO - DONE HOT CINEMA ASHDOD
2025-06-24 03:37:22,192 - cinemas.hot_cinema - INFO - DONE HOT CINEMA
2025-06-24 03:37:22,192 - cinemas.cinema_city - INFO - STARTED CINEMA CITY
2025-06-24 03:37:23,897 - proxy - INFO - Proxy: {'YourFuckingIPAddress': '45.150.108.121', 'YourFuckingLocation': 'Petah Tikva, M, Israel', 'YourFuckingHostname': '45.150.108.121', 'YourFuckingISP': 'BlueVPS OU', 'YourFuckingTorExit': False, 'YourFuckingCity': 'Petah Tikva', 'YourFuckingCountry': 'Israel', 'YourFuckingCountryCode': 'IL'}
2025-06-24 03:37:23,897 - cinemas.cinema_city - INFO - STARTED CINEMA CITY GLILOT
2025-06-24 03:37:25,092 - cinemas.cinema_city - ERROR - NO DATE FOUND FOR GLILOT
2025-06-24 03:37:25,092 - cinemas.cinema_city - INFO - STARTED CINEMA CITY RISHON
2025-06-24 03:37:25,649 - cinemas.cinema_city - ERROR - NO DATE FOUND FOR RISHON
2025-06-24 03:37:25,649 - cinemas.cinema_city - INFO - STARTED CINEMA CITY JERUSALEM
2025-06-24 03:38:15,070 - cinemas.cinema_city - INFO - DONE CINEMA CITY JERUSALEM
2025-06-24 03:38:15,070 - cinemas.cinema_city - INFO - STARTED CINEMA CITY KFAR_SABBA
2025-06-24 03:38:15,465 - cinemas.cinema_city - ERROR - NO DATE FOUND FOR KFAR_SABBA
2025-06-24 03:38:15,465 - cinemas.cinema_city - INFO - STARTED CINEMA CITY NATANIA
2025-06-24 03:38:16,903 - cinemas.cinema_city - INFO - DONE CINEMA CITY NATANIA
2025-06-24 03:38:16,903 - cinemas.cinema_city - INFO - STARTED CINEMA CITY BEER_SHEVA
2025-06-24 03:38:17,433 - cinemas.cinema_city - ERROR - NO DATE FOUND FOR BEER_SHEVA
2025-06-24 03:38:17,433 - cinemas.cinema_city - INFO - STARTED CINEMA CITY HADERA
2025-06-24 03:40:19,108 - cinemas.cinema_city - ERROR - Failed to get english name for   - 
Traceback (most recent call last):
  File "/opt/hostedtoolcache/Python/3.11.12/x64/lib/python3.11/site-packages/urllib3/connectionpool.py", line 468, in _make_request
    six.raise_from(e, None)
  File "<string>", line 3, in raise_from
  File "/opt/hostedtoolcache/Python/3.11.12/x64/lib/python3.11/site-packages/urllib3/connectionpool.py", line 463, in _make_request
    httplib_response = conn.getresponse()
                       ^^^^^^^^^^^^^^^^^^
  File "/opt/hostedtoolcache/Python/3.11.12/x64/lib/python3.11/http/client.py", line 1395, in getresponse
    response.begin()
  File "/opt/hostedtoolcache/Python/3.11.12/x64/lib/python3.11/http/client.py", line 325, in begin
    version, status, reason = self._read_status()
                              ^^^^^^^^^^^^^^^^^^^
  File "/opt/hostedtoolcache/Python/3.11.12/x64/lib/python3.11/http/client.py", line 286, in _read_status
    line = str(self.fp.readline(_MAXLINE + 1), "iso-8859-1")
               ^^^^^^^^^^^^^^^^^^^^^^^^^^^^^^
  File "/opt/hostedtoolcache/Python/3.11.12/x64/lib/python3.11/socket.py", line 718, in readinto
    return self._sock.recv_into(b)
           ^^^^^^^^^^^^^^^^^^^^^^^
TimeoutError: timed out

During handling of the above exception, another exception occurred:

Traceback (most recent call last):
  File "/home/runner/work/Movie-Time-Server/Movie-Time-Server/cinemas/cinema_city.py", line 88, in get_english_name
    bs = BeautifulSoup(s.get(url).text, "html.parser")
                       ^^^^^^^^^^
  File "/home/runner/work/Movie-Time-Server/Movie-Time-Server/proxy.py", line 30, in get
    self.driver.get(url)
  File "/opt/hostedtoolcache/Python/3.11.12/x64/lib/python3.11/site-packages/selenium/webdriver/remote/webdriver.py", line 473, in get
    self.execute(Command.GET, {"url": url})
  File "/opt/hostedtoolcache/Python/3.11.12/x64/lib/python3.11/site-packages/selenium/webdriver/remote/webdriver.py", line 446, in execute
    response = self.command_executor.execute(driver_command, params)
               ^^^^^^^^^^^^^^^^^^^^^^^^^^^^^^^^^^^^^^^^^^^^^^^^^^^^^
  File "/opt/hostedtoolcache/Python/3.11.12/x64/lib/python3.11/site-packages/selenium/webdriver/remote/remote_connection.py", line 404, in execute
    return self._request(command_info[0], url, body=data)
           ^^^^^^^^^^^^^^^^^^^^^^^^^^^^^^^^^^^^^^^^^^^^^^
  File "/opt/hostedtoolcache/Python/3.11.12/x64/lib/python3.11/site-packages/selenium/webdriver/remote/remote_connection.py", line 428, in _request
    response = self._conn.request(method, url, body=body, headers=headers, timeout=self._client_config.timeout)
               ^^^^^^^^^^^^^^^^^^^^^^^^^^^^^^^^^^^^^^^^^^^^^^^^^^^^^^^^^^^^^^^^^^^^^^^^^^^^^^^^^^^^^^^^^^^^^^^^
  File "/opt/hostedtoolcache/Python/3.11.12/x64/lib/python3.11/site-packages/urllib3/request.py", line 81, in request
    return self.request_encode_body(
           ^^^^^^^^^^^^^^^^^^^^^^^^^
  File "/opt/hostedtoolcache/Python/3.11.12/x64/lib/python3.11/site-packages/urllib3/request.py", line 173, in request_encode_body
    return self.urlopen(method, url, **extra_kw)
           ^^^^^^^^^^^^^^^^^^^^^^^^^^^^^^^^^^^^^
  File "/opt/hostedtoolcache/Python/3.11.12/x64/lib/python3.11/site-packages/urllib3/poolmanager.py", line 376, in urlopen
    response = conn.urlopen(method, u.request_uri, **kw)
               ^^^^^^^^^^^^^^^^^^^^^^^^^^^^^^^^^^^^^^^^^
  File "/opt/hostedtoolcache/Python/3.11.12/x64/lib/python3.11/site-packages/urllib3/connectionpool.py", line 802, in urlopen
    retries = retries.increment(
              ^^^^^^^^^^^^^^^^^^
  File "/opt/hostedtoolcache/Python/3.11.12/x64/lib/python3.11/site-packages/urllib3/util/retry.py", line 552, in increment
    raise six.reraise(type(error), error, _stacktrace)
          ^^^^^^^^^^^^^^^^^^^^^^^^^^^^^^^^^^^^^^^^^^^^
  File "/opt/hostedtoolcache/Python/3.11.12/x64/lib/python3.11/site-packages/urllib3/packages/six.py", line 770, in reraise
    raise value
  File "/opt/hostedtoolcache/Python/3.11.12/x64/lib/python3.11/site-packages/urllib3/connectionpool.py", line 716, in urlopen
    httplib_response = self._make_request(
                       ^^^^^^^^^^^^^^^^^^^
  File "/opt/hostedtoolcache/Python/3.11.12/x64/lib/python3.11/site-packages/urllib3/connectionpool.py", line 470, in _make_request
    self._raise_timeout(err=e, url=url, timeout_value=read_timeout)
  File "/opt/hostedtoolcache/Python/3.11.12/x64/lib/python3.11/site-packages/urllib3/connectionpool.py", line 358, in _raise_timeout
    raise ReadTimeoutError(
urllib3.exceptions.ReadTimeoutError: HTTPConnectionPool(host='localhost', port=35551): Read timed out. (read timeout=120)
2025-06-24 03:43:19,755 - proxy - INFO - Proxy removed
2025-06-24 03:43:19,755 - root - ERROR - cinema city crashed
Traceback (most recent call last):
  File "/opt/hostedtoolcache/Python/3.11.12/x64/lib/python3.11/site-packages/urllib3/connectionpool.py", line 468, in _make_request
    six.raise_from(e, None)
  File "<string>", line 3, in raise_from
  File "/opt/hostedtoolcache/Python/3.11.12/x64/lib/python3.11/site-packages/urllib3/connectionpool.py", line 463, in _make_request
    httplib_response = conn.getresponse()
                       ^^^^^^^^^^^^^^^^^^
  File "/opt/hostedtoolcache/Python/3.11.12/x64/lib/python3.11/http/client.py", line 1395, in getresponse
    response.begin()
  File "/opt/hostedtoolcache/Python/3.11.12/x64/lib/python3.11/http/client.py", line 325, in begin
    version, status, reason = self._read_status()
                              ^^^^^^^^^^^^^^^^^^^
  File "/opt/hostedtoolcache/Python/3.11.12/x64/lib/python3.11/http/client.py", line 286, in _read_status
    line = str(self.fp.readline(_MAXLINE + 1), "iso-8859-1")
               ^^^^^^^^^^^^^^^^^^^^^^^^^^^^^^
  File "/opt/hostedtoolcache/Python/3.11.12/x64/lib/python3.11/socket.py", line 718, in readinto
    return self._sock.recv_into(b)
           ^^^^^^^^^^^^^^^^^^^^^^^
TimeoutError: timed out

During handling of the above exception, another exception occurred:

Traceback (most recent call last):
  File "/home/runner/work/Movie-Time-Server/Movie-Time-Server/main.py", line 56, in get_screenings_from_cinema
    return unsafe_get_screenings_from_cinema(get_screening, cinema, date, s)
           ^^^^^^^^^^^^^^^^^^^^^^^^^^^^^^^^^^^^^^^^^^^^^^^^^^^^^^^^^^^^^^^^^
  File "/opt/hostedtoolcache/Python/3.11.12/x64/lib/python3.11/site-packages/decorator.py", line 235, in fun
    return caller(func, *(extras + args), **kw)
           ^^^^^^^^^^^^^^^^^^^^^^^^^^^^^^^^^^^^
  File "/opt/hostedtoolcache/Python/3.11.12/x64/lib/python3.11/site-packages/retry/api.py", line 90, in retry_decorator
    return __retry_internal(partial(f, *args, **kwargs), exceptions, tries, delay, max_delay, backoff, jitter,
           ^^^^^^^^^^^^^^^^^^^^^^^^^^^^^^^^^^^^^^^^^^^^^^^^^^^^^^^^^^^^^^^^^^^^^^^^^^^^^^^^^^^^^^^^^^^^^^^^^^^
  File "/opt/hostedtoolcache/Python/3.11.12/x64/lib/python3.11/site-packages/retry/api.py", line 35, in __retry_internal
    return f()
           ^^^
  File "/home/runner/work/Movie-Time-Server/Movie-Time-Server/main.py", line 71, in unsafe_get_screenings_from_cinema
    screenings = get_screening(year, month, day, s)
                 ^^^^^^^^^^^^^^^^^^^^^^^^^^^^^^^^^^
  File "/home/runner/work/Movie-Time-Server/Movie-Time-Server/cinemas/cinema_city.py", line 148, in get_screenings
    screenings.extend(get_by_location(location, date, ps))
                      ^^^^^^^^^^^^^^^^^^^^^^^^^^^^^^^^^^^
  File "/home/runner/work/Movie-Time-Server/Movie-Time-Server/cinemas/cinema_city.py", line 121, in get_by_location
    res = s.get(url)
          ^^^^^^^^^^
  File "/home/runner/work/Movie-Time-Server/Movie-Time-Server/proxy.py", line 30, in get
    self.driver.get(url)
  File "/opt/hostedtoolcache/Python/3.11.12/x64/lib/python3.11/site-packages/selenium/webdriver/remote/webdriver.py", line 473, in get
    self.execute(Command.GET, {"url": url})
  File "/opt/hostedtoolcache/Python/3.11.12/x64/lib/python3.11/site-packages/selenium/webdriver/remote/webdriver.py", line 446, in execute
    response = self.command_executor.execute(driver_command, params)
               ^^^^^^^^^^^^^^^^^^^^^^^^^^^^^^^^^^^^^^^^^^^^^^^^^^^^^
  File "/opt/hostedtoolcache/Python/3.11.12/x64/lib/python3.11/site-packages/selenium/webdriver/remote/remote_connection.py", line 404, in execute
    return self._request(command_info[0], url, body=data)
           ^^^^^^^^^^^^^^^^^^^^^^^^^^^^^^^^^^^^^^^^^^^^^^
  File "/opt/hostedtoolcache/Python/3.11.12/x64/lib/python3.11/site-packages/selenium/webdriver/remote/remote_connection.py", line 428, in _request
    response = self._conn.request(method, url, body=body, headers=headers, timeout=self._client_config.timeout)
               ^^^^^^^^^^^^^^^^^^^^^^^^^^^^^^^^^^^^^^^^^^^^^^^^^^^^^^^^^^^^^^^^^^^^^^^^^^^^^^^^^^^^^^^^^^^^^^^^
  File "/opt/hostedtoolcache/Python/3.11.12/x64/lib/python3.11/site-packages/urllib3/request.py", line 81, in request
    return self.request_encode_body(
           ^^^^^^^^^^^^^^^^^^^^^^^^^
  File "/opt/hostedtoolcache/Python/3.11.12/x64/lib/python3.11/site-packages/urllib3/request.py", line 173, in request_encode_body
    return self.urlopen(method, url, **extra_kw)
           ^^^^^^^^^^^^^^^^^^^^^^^^^^^^^^^^^^^^^
  File "/opt/hostedtoolcache/Python/3.11.12/x64/lib/python3.11/site-packages/urllib3/poolmanager.py", line 376, in urlopen
    response = conn.urlopen(method, u.request_uri, **kw)
               ^^^^^^^^^^^^^^^^^^^^^^^^^^^^^^^^^^^^^^^^^
  File "/opt/hostedtoolcache/Python/3.11.12/x64/lib/python3.11/site-packages/urllib3/connectionpool.py", line 802, in urlopen
    retries = retries.increment(
              ^^^^^^^^^^^^^^^^^^
  File "/opt/hostedtoolcache/Python/3.11.12/x64/lib/python3.11/site-packages/urllib3/util/retry.py", line 552, in increment
    raise six.reraise(type(error), error, _stacktrace)
          ^^^^^^^^^^^^^^^^^^^^^^^^^^^^^^^^^^^^^^^^^^^^
  File "/opt/hostedtoolcache/Python/3.11.12/x64/lib/python3.11/site-packages/urllib3/packages/six.py", line 770, in reraise
    raise value
  File "/opt/hostedtoolcache/Python/3.11.12/x64/lib/python3.11/site-packages/urllib3/connectionpool.py", line 716, in urlopen
    httplib_response = self._make_request(
                       ^^^^^^^^^^^^^^^^^^^
  File "/opt/hostedtoolcache/Python/3.11.12/x64/lib/python3.11/site-packages/urllib3/connectionpool.py", line 470, in _make_request
    self._raise_timeout(err=e, url=url, timeout_value=read_timeout)
  File "/opt/hostedtoolcache/Python/3.11.12/x64/lib/python3.11/site-packages/urllib3/connectionpool.py", line 358, in _raise_timeout
    raise ReadTimeoutError(
urllib3.exceptions.ReadTimeoutError: HTTPConnectionPool(host='localhost', port=35551): Read timed out. (read timeout=120)
2025-06-24 03:43:19,756 - cinemas.lev - INFO - STARTED LEV
2025-06-24 03:43:21,534 - proxy - INFO - Proxy: {'YourFuckingIPAddress': '45.150.108.121', 'YourFuckingLocation': 'Petah Tikva, M, Israel', 'YourFuckingHostname': '45.150.108.121', 'YourFuckingISP': 'BlueVPS OU', 'YourFuckingTorExit': False, 'YourFuckingCity': 'Petah Tikva', 'YourFuckingCountry': 'Israel', 'YourFuckingCountryCode': 'IL'}
2025-06-24 03:43:21,534 - cinemas.lev - INFO - STARTED LEV TEL_AVIV
2025-06-24 03:43:23,213 - cinemas.lev - INFO - DONE LEV TEL_AVIV
2025-06-24 03:43:23,213 - cinemas.lev - INFO - STARTED LEV RAMAT_HASHARON
2025-06-24 03:43:24,396 - cinemas.lev - INFO - DONE LEV RAMAT_HASHARON
2025-06-24 03:43:24,396 - cinemas.lev - INFO - STARTED LEV MANDARIN
2025-06-24 03:43:25,116 - cinemas.lev - INFO - DONE LEV MANDARIN
2025-06-24 03:43:25,116 - cinemas.lev - INFO - STARTED LEV EVEN_YEHUDA
2025-06-24 03:43:26,009 - cinemas.lev - INFO - DONE LEV EVEN_YEHUDA
2025-06-24 03:43:26,009 - cinemas.lev - INFO - STARTED LEV SMADAR
2025-06-24 03:43:26,449 - cinemas.lev - INFO - DONE LEV SMADAR
2025-06-24 03:43:26,449 - cinemas.lev - INFO - STARTED LEV RAANANA
2025-06-24 03:43:27,276 - cinemas.lev - INFO - DONE LEV RAANANA
2025-06-24 03:43:27,276 - cinemas.lev - INFO - STARTED LEV OMER
2025-06-24 03:43:27,823 - cinemas.lev - INFO - DONE LEV OMER
2025-06-24 03:43:27,823 - cinemas.lev - INFO - STARTED LEV SHOHAM
2025-06-24 03:43:28,498 - cinemas.lev - INFO - DONE LEV SHOHAM
2025-06-24 03:43:28,498 - cinemas.lev - INFO - STARTED LEV DANIEL
2025-06-24 03:43:29,035 - cinemas.lev - INFO - DONE LEV DANIEL
2025-06-24 03:43:29,094 - proxy - INFO - Proxy removed
2025-06-24 03:43:29,094 - cinemas.lev - INFO - DONE LEV
2025-06-24 03:43:29,094 - retry.api - WARNING - AssertionError: lev returned empty list in __main__.unsafe_get_screenings_from_cinema, retrying in 1 seconds...
2025-06-24 03:43:30,094 - cinemas.lev - INFO - STARTED LEV
2025-06-24 03:43:32,487 - proxy - INFO - Proxy: {'YourFuckingIPAddress': '45.150.108.121', 'YourFuckingLocation': 'Petah Tikva, M, Israel', 'YourFuckingHostname': '45.150.108.121', 'YourFuckingISP': 'BlueVPS OU', 'YourFuckingTorExit': False, 'YourFuckingCity': 'Petah Tikva', 'YourFuckingCountry': 'Israel', 'YourFuckingCountryCode': 'IL'}
2025-06-24 03:43:32,487 - cinemas.lev - INFO - STARTED LEV TEL_AVIV
2025-06-24 03:43:33,628 - cinemas.lev - INFO - DONE LEV TEL_AVIV
2025-06-24 03:43:33,628 - cinemas.lev - INFO - STARTED LEV RAMAT_HASHARON
2025-06-24 03:43:34,989 - cinemas.lev - INFO - DONE LEV RAMAT_HASHARON
2025-06-24 03:43:34,989 - cinemas.lev - INFO - STARTED LEV MANDARIN
2025-06-24 03:43:35,354 - cinemas.lev - INFO - DONE LEV MANDARIN
2025-06-24 03:43:35,354 - cinemas.lev - INFO - STARTED LEV EVEN_YEHUDA
2025-06-24 03:43:35,802 - cinemas.lev - INFO - DONE LEV EVEN_YEHUDA
2025-06-24 03:43:35,802 - cinemas.lev - INFO - STARTED LEV SMADAR
2025-06-24 03:43:36,220 - cinemas.lev - INFO - DONE LEV SMADAR
2025-06-24 03:43:36,220 - cinemas.lev - INFO - STARTED LEV RAANANA
2025-06-24 03:43:36,615 - cinemas.lev - INFO - DONE LEV RAANANA
2025-06-24 03:43:36,616 - cinemas.lev - INFO - STARTED LEV OMER
2025-06-24 03:43:37,008 - cinemas.lev - INFO - DONE LEV OMER
2025-06-24 03:43:37,008 - cinemas.lev - INFO - STARTED LEV SHOHAM
2025-06-24 03:43:37,403 - cinemas.lev - INFO - DONE LEV SHOHAM
2025-06-24 03:43:37,403 - cinemas.lev - INFO - STARTED LEV DANIEL
2025-06-24 03:43:37,799 - cinemas.lev - INFO - DONE LEV DANIEL
2025-06-24 03:43:37,857 - proxy - INFO - Proxy removed
2025-06-24 03:43:37,857 - cinemas.lev - INFO - DONE LEV
2025-06-24 03:43:37,857 - retry.api - WARNING - AssertionError: lev returned empty list in __main__.unsafe_get_screenings_from_cinema, retrying in 2 seconds...
2025-06-24 03:43:39,857 - cinemas.lev - INFO - STARTED LEV
2025-06-24 03:43:41,606 - proxy - INFO - Proxy: {'YourFuckingIPAddress': '45.150.108.121', 'YourFuckingLocation': 'Petah Tikva, M, Israel', 'YourFuckingHostname': '45.150.108.121', 'YourFuckingISP': 'BlueVPS OU', 'YourFuckingTorExit': False, 'YourFuckingCity': 'Petah Tikva', 'YourFuckingCountry': 'Israel', 'YourFuckingCountryCode': 'IL'}
2025-06-24 03:43:41,606 - cinemas.lev - INFO - STARTED LEV TEL_AVIV
2025-06-24 03:43:43,457 - cinemas.lev - INFO - DONE LEV TEL_AVIV
2025-06-24 03:43:43,457 - cinemas.lev - INFO - STARTED LEV RAMAT_HASHARON
2025-06-24 03:43:44,775 - cinemas.lev - INFO - DONE LEV RAMAT_HASHARON
2025-06-24 03:43:44,775 - cinemas.lev - INFO - STARTED LEV MANDARIN
2025-06-24 03:43:45,363 - cinemas.lev - INFO - DONE LEV MANDARIN
2025-06-24 03:43:45,363 - cinemas.lev - INFO - STARTED LEV EVEN_YEHUDA
2025-06-24 03:43:45,900 - cinemas.lev - INFO - DONE LEV EVEN_YEHUDA
2025-06-24 03:43:45,901 - cinemas.lev - INFO - STARTED LEV SMADAR
2025-06-24 03:43:46,397 - cinemas.lev - INFO - DONE LEV SMADAR
2025-06-24 03:43:46,397 - cinemas.lev - INFO - STARTED LEV RAANANA
2025-06-24 03:43:46,876 - cinemas.lev - INFO - DONE LEV RAANANA
2025-06-24 03:43:46,876 - cinemas.lev - INFO - STARTED LEV OMER
2025-06-24 03:43:47,415 - cinemas.lev - INFO - DONE LEV OMER
2025-06-24 03:43:47,415 - cinemas.lev - INFO - STARTED LEV SHOHAM
2025-06-24 03:43:47,706 - cinemas.lev - INFO - DONE LEV SHOHAM
2025-06-24 03:43:47,707 - cinemas.lev - INFO - STARTED LEV DANIEL
2025-06-24 03:43:48,117 - cinemas.lev - INFO - DONE LEV DANIEL
2025-06-24 03:43:48,176 - proxy - INFO - Proxy removed
2025-06-24 03:43:48,176 - cinemas.lev - INFO - DONE LEV
2025-06-24 03:43:48,176 - root - ERROR - lev crashed: lev returned empty list
2025-06-24 03:43:48,176 - cinemas.movieland - INFO - STARTED Movie Land
2025-06-24 03:43:48,176 - cinemas.movieland - INFO - STARTED Movie Land CARMIEL
2025-06-24 03:43:48,176 - cinemas.movieland - INFO - DONE Movie Land CARMIEL
2025-06-24 03:43:48,176 - cinemas.movieland - INFO - STARTED Movie Land HAIFA
2025-06-24 03:43:48,176 - cinemas.movieland - INFO - DONE Movie Land HAIFA
2025-06-24 03:43:48,176 - cinemas.movieland - INFO - STARTED Movie Land NATANYA
2025-06-24 03:43:48,176 - cinemas.movieland - INFO - DONE Movie Land NATANYA
2025-06-24 03:43:48,176 - cinemas.movieland - INFO - DONE Movie Land
2025-06-24 03:43:48,176 - retry.api - WARNING - AssertionError: movieland returned empty list in __main__.unsafe_get_screenings_from_cinema, retrying in 1 seconds...
2025-06-24 03:43:49,176 - cinemas.movieland - INFO - STARTED Movie Land
2025-06-24 03:43:49,177 - cinemas.movieland - INFO - STARTED Movie Land CARMIEL
2025-06-24 03:43:49,177 - cinemas.movieland - INFO - DONE Movie Land CARMIEL
2025-06-24 03:43:49,177 - cinemas.movieland - INFO - STARTED Movie Land HAIFA
2025-06-24 03:43:49,177 - cinemas.movieland - INFO - DONE Movie Land HAIFA
2025-06-24 03:43:49,177 - cinemas.movieland - INFO - STARTED Movie Land NATANYA
2025-06-24 03:43:49,177 - cinemas.movieland - INFO - DONE Movie Land NATANYA
2025-06-24 03:43:49,177 - cinemas.movieland - INFO - DONE Movie Land
2025-06-24 03:43:49,177 - retry.api - WARNING - AssertionError: movieland returned empty list in __main__.unsafe_get_screenings_from_cinema, retrying in 2 seconds...
2025-06-24 03:43:51,177 - cinemas.movieland - INFO - STARTED Movie Land
2025-06-24 03:43:51,177 - cinemas.movieland - INFO - STARTED Movie Land CARMIEL
2025-06-24 03:43:51,177 - cinemas.movieland - INFO - DONE Movie Land CARMIEL
2025-06-24 03:43:51,178 - cinemas.movieland - INFO - STARTED Movie Land HAIFA
2025-06-24 03:43:51,178 - cinemas.movieland - INFO - DONE Movie Land HAIFA
2025-06-24 03:43:51,178 - cinemas.movieland - INFO - STARTED Movie Land NATANYA
2025-06-24 03:43:51,178 - cinemas.movieland - INFO - DONE Movie Land NATANYA
2025-06-24 03:43:51,178 - cinemas.movieland - INFO - DONE Movie Land
2025-06-24 03:43:51,178 - root - ERROR - movieland crashed: movieland returned empty list
2025-06-24 03:43:51,178 - root - INFO - ********************
2025-06-24 03:43:51,178 - root - INFO - started checking for:27-06-2025
2025-06-24 03:43:51,178 - cinemas.yes_planet - INFO - STARTED YES PLANET
2025-06-24 03:43:51,178 - cinemas.yes_planet - INFO - STARTED YES PLANET RISHON
2025-06-24 03:59:51,484 - cinemas.yes_planet - ERROR - Failed to get screenings for RISHON
Traceback (most recent call last):
  File "/opt/hostedtoolcache/Python/3.11.12/x64/lib/python3.11/site-packages/urllib3/connectionpool.py", line 716, in urlopen
    httplib_response = self._make_request(
                       ^^^^^^^^^^^^^^^^^^^
  File "/opt/hostedtoolcache/Python/3.11.12/x64/lib/python3.11/site-packages/urllib3/connectionpool.py", line 468, in _make_request
    six.raise_from(e, None)
  File "<string>", line 3, in raise_from
  File "/opt/hostedtoolcache/Python/3.11.12/x64/lib/python3.11/site-packages/urllib3/connectionpool.py", line 463, in _make_request
    httplib_response = conn.getresponse()
                       ^^^^^^^^^^^^^^^^^^
  File "/opt/hostedtoolcache/Python/3.11.12/x64/lib/python3.11/http/client.py", line 1395, in getresponse
    response.begin()
  File "/opt/hostedtoolcache/Python/3.11.12/x64/lib/python3.11/http/client.py", line 325, in begin
    version, status, reason = self._read_status()
                              ^^^^^^^^^^^^^^^^^^^
  File "/opt/hostedtoolcache/Python/3.11.12/x64/lib/python3.11/http/client.py", line 294, in _read_status
    raise RemoteDisconnected("Remote end closed connection without"
http.client.RemoteDisconnected: Remote end closed connection without response

During handling of the above exception, another exception occurred:

Traceback (most recent call last):
  File "/opt/hostedtoolcache/Python/3.11.12/x64/lib/python3.11/site-packages/requests/adapters.py", line 667, in send
    resp = conn.urlopen(
           ^^^^^^^^^^^^^
  File "/opt/hostedtoolcache/Python/3.11.12/x64/lib/python3.11/site-packages/urllib3/connectionpool.py", line 802, in urlopen
    retries = retries.increment(
              ^^^^^^^^^^^^^^^^^^
  File "/opt/hostedtoolcache/Python/3.11.12/x64/lib/python3.11/site-packages/urllib3/util/retry.py", line 552, in increment
    raise six.reraise(type(error), error, _stacktrace)
          ^^^^^^^^^^^^^^^^^^^^^^^^^^^^^^^^^^^^^^^^^^^^
  File "/opt/hostedtoolcache/Python/3.11.12/x64/lib/python3.11/site-packages/urllib3/packages/six.py", line 769, in reraise
    raise value.with_traceback(tb)
  File "/opt/hostedtoolcache/Python/3.11.12/x64/lib/python3.11/site-packages/urllib3/connectionpool.py", line 716, in urlopen
    httplib_response = self._make_request(
                       ^^^^^^^^^^^^^^^^^^^
  File "/opt/hostedtoolcache/Python/3.11.12/x64/lib/python3.11/site-packages/urllib3/connectionpool.py", line 468, in _make_request
    six.raise_from(e, None)
  File "<string>", line 3, in raise_from
  File "/opt/hostedtoolcache/Python/3.11.12/x64/lib/python3.11/site-packages/urllib3/connectionpool.py", line 463, in _make_request
    httplib_response = conn.getresponse()
                       ^^^^^^^^^^^^^^^^^^
  File "/opt/hostedtoolcache/Python/3.11.12/x64/lib/python3.11/http/client.py", line 1395, in getresponse
    response.begin()
  File "/opt/hostedtoolcache/Python/3.11.12/x64/lib/python3.11/http/client.py", line 325, in begin
    version, status, reason = self._read_status()
                              ^^^^^^^^^^^^^^^^^^^
  File "/opt/hostedtoolcache/Python/3.11.12/x64/lib/python3.11/http/client.py", line 294, in _read_status
    raise RemoteDisconnected("Remote end closed connection without"
urllib3.exceptions.ProtocolError: ('Connection aborted.', RemoteDisconnected('Remote end closed connection without response'))

During handling of the above exception, another exception occurred:

Traceback (most recent call last):
  File "/home/runner/work/Movie-Time-Server/Movie-Time-Server/cinemas/yes_planet.py", line 141, in get_screenings
    screenings.extend(get_by_location(location, date, format_date, s))
                      ^^^^^^^^^^^^^^^^^^^^^^^^^^^^^^^^^^^^^^^^^^^^^^^
  File "/home/runner/work/Movie-Time-Server/Movie-Time-Server/cinemas/yes_planet.py", line 117, in get_by_location
    movies_data, events = prepare(location, date, s)
                          ^^^^^^^^^^^^^^^^^^^^^^^^^^
  File "/home/runner/work/Movie-Time-Server/Movie-Time-Server/cinemas/yes_planet.py", line 102, in prepare
    res = s.get(url)
          ^^^^^^^^^^
  File "/opt/hostedtoolcache/Python/3.11.12/x64/lib/python3.11/site-packages/requests/sessions.py", line 602, in get
    return self.request("GET", url, **kwargs)
           ^^^^^^^^^^^^^^^^^^^^^^^^^^^^^^^^^^
  File "/opt/hostedtoolcache/Python/3.11.12/x64/lib/python3.11/site-packages/requests/sessions.py", line 589, in request
    resp = self.send(prep, **send_kwargs)
           ^^^^^^^^^^^^^^^^^^^^^^^^^^^^^^
  File "/opt/hostedtoolcache/Python/3.11.12/x64/lib/python3.11/site-packages/requests/sessions.py", line 703, in send
    r = adapter.send(request, **kwargs)
        ^^^^^^^^^^^^^^^^^^^^^^^^^^^^^^^
  File "/opt/hostedtoolcache/Python/3.11.12/x64/lib/python3.11/site-packages/requests/adapters.py", line 682, in send
    raise ConnectionError(err, request=request)
requests.exceptions.ConnectionError: ('Connection aborted.', RemoteDisconnected('Remote end closed connection without response'))
2025-06-24 03:59:51,486 - cinemas.yes_planet - INFO - STARTED YES PLANET AYALON
2025-06-24 03:59:52,133 - cinemas.yes_planet - INFO - DONE YES PLANET AYALON
2025-06-24 03:59:52,133 - cinemas.yes_planet - INFO - STARTED YES PLANET ZICHRON
2025-06-24 03:59:52,517 - cinemas.yes_planet - INFO - DONE YES PLANET ZICHRON
2025-06-24 03:59:52,517 - cinemas.yes_planet - INFO - STARTED YES PLANET HAIFA
2025-06-24 03:59:52,995 - cinemas.yes_planet - INFO - DONE YES PLANET HAIFA
2025-06-24 03:59:52,995 - cinemas.yes_planet - INFO - STARTED YES PLANET JERUSALEM
2025-06-24 03:59:53,382 - cinemas.yes_planet - INFO - DONE YES PLANET JERUSALEM
2025-06-24 03:59:53,382 - cinemas.yes_planet - INFO - STARTED YES PLANET BEER_SHEVA
2025-06-24 03:59:53,766 - cinemas.yes_planet - INFO - DONE YES PLANET BEER_SHEVA
2025-06-24 03:59:53,766 - cinemas.yes_planet - INFO - DONE YES PLANET
2025-06-24 03:59:53,766 - retry.api - WARNING - AssertionError: yes planet returned empty list in __main__.unsafe_get_screenings_from_cinema, retrying in 1 seconds...
2025-06-24 03:59:54,766 - cinemas.yes_planet - INFO - STARTED YES PLANET
2025-06-24 03:59:54,766 - cinemas.yes_planet - INFO - STARTED YES PLANET RISHON
2025-06-24 03:59:55,164 - cinemas.yes_planet - INFO - DONE YES PLANET RISHON
2025-06-24 03:59:55,164 - cinemas.yes_planet - INFO - STARTED YES PLANET AYALON
2025-06-24 03:59:55,181 - cinemas.yes_planet - INFO - DONE YES PLANET AYALON
2025-06-24 03:59:55,181 - cinemas.yes_planet - INFO - STARTED YES PLANET ZICHRON
2025-06-24 03:59:55,217 - cinemas.yes_planet - INFO - DONE YES PLANET ZICHRON
2025-06-24 03:59:55,218 - cinemas.yes_planet - INFO - STARTED YES PLANET HAIFA
2025-06-24 03:59:55,239 - cinemas.yes_planet - INFO - DONE YES PLANET HAIFA
2025-06-24 03:59:55,239 - cinemas.yes_planet - INFO - STARTED YES PLANET JERUSALEM
2025-06-24 03:59:55,256 - cinemas.yes_planet - INFO - DONE YES PLANET JERUSALEM
2025-06-24 03:59:55,256 - cinemas.yes_planet - INFO - STARTED YES PLANET BEER_SHEVA
2025-06-24 03:59:55,273 - cinemas.yes_planet - INFO - DONE YES PLANET BEER_SHEVA
2025-06-24 03:59:55,273 - cinemas.yes_planet - INFO - DONE YES PLANET
2025-06-24 03:59:55,273 - retry.api - WARNING - AssertionError: yes planet returned empty list in __main__.unsafe_get_screenings_from_cinema, retrying in 2 seconds...
2025-06-24 03:59:57,273 - cinemas.yes_planet - INFO - STARTED YES PLANET
2025-06-24 03:59:57,273 - cinemas.yes_planet - INFO - STARTED YES PLANET RISHON
2025-06-24 03:59:57,294 - cinemas.yes_planet - INFO - DONE YES PLANET RISHON
2025-06-24 03:59:57,294 - cinemas.yes_planet - INFO - STARTED YES PLANET AYALON
2025-06-24 03:59:57,309 - cinemas.yes_planet - INFO - DONE YES PLANET AYALON
2025-06-24 03:59:57,309 - cinemas.yes_planet - INFO - STARTED YES PLANET ZICHRON
2025-06-24 03:59:57,324 - cinemas.yes_planet - INFO - DONE YES PLANET ZICHRON
2025-06-24 03:59:57,324 - cinemas.yes_planet - INFO - STARTED YES PLANET HAIFA
2025-06-24 03:59:57,345 - cinemas.yes_planet - INFO - DONE YES PLANET HAIFA
2025-06-24 03:59:57,345 - cinemas.yes_planet - INFO - STARTED YES PLANET JERUSALEM
2025-06-24 03:59:57,361 - cinemas.yes_planet - INFO - DONE YES PLANET JERUSALEM
2025-06-24 03:59:57,361 - cinemas.yes_planet - INFO - STARTED YES PLANET BEER_SHEVA
2025-06-24 03:59:57,381 - cinemas.yes_planet - INFO - DONE YES PLANET BEER_SHEVA
2025-06-24 03:59:57,381 - cinemas.yes_planet - INFO - DONE YES PLANET
2025-06-24 03:59:57,381 - root - ERROR - yes planet crashed: yes planet returned empty list
2025-06-24 03:59:57,381 - cinemas.rav_hen - INFO - STARTED RAV HEN
2025-06-24 03:59:57,381 - cinemas.rav_hen - INFO - STARTED RAV HEN GIVATAIM
2025-06-24 04:16:02,236 - root - ERROR - rav hen crashed
Traceback (most recent call last):
  File "/opt/hostedtoolcache/Python/3.11.12/x64/lib/python3.11/site-packages/urllib3/connectionpool.py", line 716, in urlopen
    httplib_response = self._make_request(
                       ^^^^^^^^^^^^^^^^^^^
  File "/opt/hostedtoolcache/Python/3.11.12/x64/lib/python3.11/site-packages/urllib3/connectionpool.py", line 468, in _make_request
    six.raise_from(e, None)
  File "<string>", line 3, in raise_from
  File "/opt/hostedtoolcache/Python/3.11.12/x64/lib/python3.11/site-packages/urllib3/connectionpool.py", line 463, in _make_request
    httplib_response = conn.getresponse()
                       ^^^^^^^^^^^^^^^^^^
  File "/opt/hostedtoolcache/Python/3.11.12/x64/lib/python3.11/http/client.py", line 1395, in getresponse
    response.begin()
  File "/opt/hostedtoolcache/Python/3.11.12/x64/lib/python3.11/http/client.py", line 325, in begin
    version, status, reason = self._read_status()
                              ^^^^^^^^^^^^^^^^^^^
  File "/opt/hostedtoolcache/Python/3.11.12/x64/lib/python3.11/http/client.py", line 294, in _read_status
    raise RemoteDisconnected("Remote end closed connection without"
http.client.RemoteDisconnected: Remote end closed connection without response

During handling of the above exception, another exception occurred:

Traceback (most recent call last):
  File "/opt/hostedtoolcache/Python/3.11.12/x64/lib/python3.11/site-packages/requests/adapters.py", line 667, in send
    resp = conn.urlopen(
           ^^^^^^^^^^^^^
  File "/opt/hostedtoolcache/Python/3.11.12/x64/lib/python3.11/site-packages/urllib3/connectionpool.py", line 802, in urlopen
    retries = retries.increment(
              ^^^^^^^^^^^^^^^^^^
  File "/opt/hostedtoolcache/Python/3.11.12/x64/lib/python3.11/site-packages/urllib3/util/retry.py", line 552, in increment
    raise six.reraise(type(error), error, _stacktrace)
          ^^^^^^^^^^^^^^^^^^^^^^^^^^^^^^^^^^^^^^^^^^^^
  File "/opt/hostedtoolcache/Python/3.11.12/x64/lib/python3.11/site-packages/urllib3/packages/six.py", line 769, in reraise
    raise value.with_traceback(tb)
  File "/opt/hostedtoolcache/Python/3.11.12/x64/lib/python3.11/site-packages/urllib3/connectionpool.py", line 716, in urlopen
    httplib_response = self._make_request(
                       ^^^^^^^^^^^^^^^^^^^
  File "/opt/hostedtoolcache/Python/3.11.12/x64/lib/python3.11/site-packages/urllib3/connectionpool.py", line 468, in _make_request
    six.raise_from(e, None)
  File "<string>", line 3, in raise_from
  File "/opt/hostedtoolcache/Python/3.11.12/x64/lib/python3.11/site-packages/urllib3/connectionpool.py", line 463, in _make_request
    httplib_response = conn.getresponse()
                       ^^^^^^^^^^^^^^^^^^
  File "/opt/hostedtoolcache/Python/3.11.12/x64/lib/python3.11/http/client.py", line 1395, in getresponse
    response.begin()
  File "/opt/hostedtoolcache/Python/3.11.12/x64/lib/python3.11/http/client.py", line 325, in begin
    version, status, reason = self._read_status()
                              ^^^^^^^^^^^^^^^^^^^
  File "/opt/hostedtoolcache/Python/3.11.12/x64/lib/python3.11/http/client.py", line 294, in _read_status
    raise RemoteDisconnected("Remote end closed connection without"
urllib3.exceptions.ProtocolError: ('Connection aborted.', RemoteDisconnected('Remote end closed connection without response'))

During handling of the above exception, another exception occurred:

Traceback (most recent call last):
  File "/home/runner/work/Movie-Time-Server/Movie-Time-Server/main.py", line 56, in get_screenings_from_cinema
    return unsafe_get_screenings_from_cinema(get_screening, cinema, date, s)
           ^^^^^^^^^^^^^^^^^^^^^^^^^^^^^^^^^^^^^^^^^^^^^^^^^^^^^^^^^^^^^^^^^
  File "/opt/hostedtoolcache/Python/3.11.12/x64/lib/python3.11/site-packages/decorator.py", line 235, in fun
    return caller(func, *(extras + args), **kw)
           ^^^^^^^^^^^^^^^^^^^^^^^^^^^^^^^^^^^^
  File "/opt/hostedtoolcache/Python/3.11.12/x64/lib/python3.11/site-packages/retry/api.py", line 90, in retry_decorator
    return __retry_internal(partial(f, *args, **kwargs), exceptions, tries, delay, max_delay, backoff, jitter,
           ^^^^^^^^^^^^^^^^^^^^^^^^^^^^^^^^^^^^^^^^^^^^^^^^^^^^^^^^^^^^^^^^^^^^^^^^^^^^^^^^^^^^^^^^^^^^^^^^^^^
  File "/opt/hostedtoolcache/Python/3.11.12/x64/lib/python3.11/site-packages/retry/api.py", line 35, in __retry_internal
    return f()
           ^^^
  File "/home/runner/work/Movie-Time-Server/Movie-Time-Server/main.py", line 71, in unsafe_get_screenings_from_cinema
    screenings = get_screening(year, month, day, s)
                 ^^^^^^^^^^^^^^^^^^^^^^^^^^^^^^^^^^
  File "/home/runner/work/Movie-Time-Server/Movie-Time-Server/cinemas/rav_hen.py", line 124, in get_screenings
    screenings.extend(get_by_location(location, date, format_date, s))
                      ^^^^^^^^^^^^^^^^^^^^^^^^^^^^^^^^^^^^^^^^^^^^^^^
  File "/home/runner/work/Movie-Time-Server/Movie-Time-Server/cinemas/rav_hen.py", line 100, in get_by_location
    movies_data, events = prepare(location, date, s)
                          ^^^^^^^^^^^^^^^^^^^^^^^^^^
  File "/home/runner/work/Movie-Time-Server/Movie-Time-Server/cinemas/rav_hen.py", line 45, in prepare
    res = s.get(url)
          ^^^^^^^^^^
  File "/opt/hostedtoolcache/Python/3.11.12/x64/lib/python3.11/site-packages/requests/sessions.py", line 602, in get
    return self.request("GET", url, **kwargs)
           ^^^^^^^^^^^^^^^^^^^^^^^^^^^^^^^^^^
  File "/opt/hostedtoolcache/Python/3.11.12/x64/lib/python3.11/site-packages/requests/sessions.py", line 589, in request
    resp = self.send(prep, **send_kwargs)
           ^^^^^^^^^^^^^^^^^^^^^^^^^^^^^^
  File "/opt/hostedtoolcache/Python/3.11.12/x64/lib/python3.11/site-packages/requests/sessions.py", line 703, in send
    r = adapter.send(request, **kwargs)
        ^^^^^^^^^^^^^^^^^^^^^^^^^^^^^^^
  File "/opt/hostedtoolcache/Python/3.11.12/x64/lib/python3.11/site-packages/requests/adapters.py", line 682, in send
    raise ConnectionError(err, request=request)
requests.exceptions.ConnectionError: ('Connection aborted.', RemoteDisconnected('Remote end closed connection without response'))
2025-06-24 04:16:02,239 - cinemas.hot_cinema - INFO - STARTED HOT CINEMA
2025-06-24 04:16:02,239 - cinemas.hot_cinema - INFO - STARTED HOT CINEMA MODIIN
2025-06-24 04:16:03,132 - cinemas.hot_cinema - INFO - DONE HOT CINEMA MODIIN
2025-06-24 04:16:03,132 - cinemas.hot_cinema - INFO - STARTED HOT CINEMA KIRYON
2025-06-24 04:16:03,258 - cinemas.hot_cinema - INFO - DONE HOT CINEMA KIRYON
2025-06-24 04:16:03,259 - cinemas.hot_cinema - INFO - STARTED HOT CINEMA KFAR_SABBA
2025-06-24 04:16:03,385 - cinemas.hot_cinema - INFO - DONE HOT CINEMA KFAR_SABBA
2025-06-24 04:16:03,386 - cinemas.hot_cinema - INFO - STARTED HOT CINEMA HAIFA
2025-06-24 04:16:03,513 - cinemas.hot_cinema - INFO - DONE HOT CINEMA HAIFA
2025-06-24 04:16:03,513 - cinemas.hot_cinema - INFO - STARTED HOT CINEMA PETACH_TIKVA
2025-06-24 04:16:03,640 - cinemas.hot_cinema - INFO - DONE HOT CINEMA PETACH_TIKVA
2025-06-24 04:16:03,640 - cinemas.hot_cinema - INFO - STARTED HOT CINEMA RECHOVOT
2025-06-24 04:16:03,767 - cinemas.hot_cinema - INFO - DONE HOT CINEMA RECHOVOT
2025-06-24 04:16:03,767 - cinemas.hot_cinema - INFO - STARTED HOT CINEMA ASHKELON
2025-06-24 04:16:03,895 - cinemas.hot_cinema - INFO - DONE HOT CINEMA ASHKELON
2025-06-24 04:16:03,895 - cinemas.hot_cinema - INFO - STARTED HOT CINEMA KARMIEL
2025-06-24 04:16:04,021 - cinemas.hot_cinema - INFO - DONE HOT CINEMA KARMIEL
2025-06-24 04:16:04,021 - cinemas.hot_cinema - INFO - STARTED HOT CINEMA NAHARIA
2025-06-24 04:16:04,148 - cinemas.hot_cinema - INFO - DONE HOT CINEMA NAHARIA
2025-06-24 04:16:04,148 - cinemas.hot_cinema - INFO - STARTED HOT CINEMA ASHDOD
2025-06-24 04:16:04,275 - cinemas.hot_cinema - INFO - DONE HOT CINEMA ASHDOD
2025-06-24 04:16:04,275 - cinemas.hot_cinema - INFO - DONE HOT CINEMA
2025-06-24 04:16:04,275 - cinemas.cinema_city - INFO - STARTED CINEMA CITY
2025-06-24 04:16:06,074 - proxy - INFO - Proxy: {'YourFuckingIPAddress': '45.150.108.121', 'YourFuckingLocation': 'Petah Tikva, M, Israel', 'YourFuckingHostname': '45.150.108.121', 'YourFuckingISP': 'BlueVPS OU', 'YourFuckingTorExit': False, 'YourFuckingCity': 'Petah Tikva', 'YourFuckingCountry': 'Israel', 'YourFuckingCountryCode': 'IL'}
2025-06-24 04:16:06,074 - cinemas.cinema_city - INFO - STARTED CINEMA CITY GLILOT
2025-06-24 04:16:07,795 - cinemas.cinema_city - ERROR - NO DATE FOUND FOR GLILOT
2025-06-24 04:16:07,795 - cinemas.cinema_city - INFO - STARTED CINEMA CITY RISHON
2025-06-24 04:16:08,236 - cinemas.cinema_city - ERROR - NO DATE FOUND FOR RISHON
2025-06-24 04:16:08,236 - cinemas.cinema_city - INFO - STARTED CINEMA CITY JERUSALEM
2025-06-24 04:16:08,605 - cinemas.cinema_city - ERROR - NO DATE FOUND FOR JERUSALEM
2025-06-24 04:16:08,605 - cinemas.cinema_city - INFO - STARTED CINEMA CITY KFAR_SABBA
2025-06-24 04:16:09,184 - cinemas.cinema_city - ERROR - NO DATE FOUND FOR KFAR_SABBA
2025-06-24 04:16:09,184 - cinemas.cinema_city - INFO - STARTED CINEMA CITY NATANIA
2025-06-24 04:17:24,546 - cinemas.cinema_city - INFO - DONE CINEMA CITY NATANIA
2025-06-24 04:17:24,546 - cinemas.cinema_city - INFO - STARTED CINEMA CITY BEER_SHEVA
2025-06-24 04:17:24,981 - cinemas.cinema_city - ERROR - NO DATE FOUND FOR BEER_SHEVA
2025-06-24 04:17:24,981 - cinemas.cinema_city - INFO - STARTED CINEMA CITY HADERA
2025-06-24 04:17:25,402 - cinemas.cinema_city - ERROR - NO DATE FOUND FOR HADERA
2025-06-24 04:17:25,402 - cinemas.cinema_city - INFO - STARTED CINEMA CITY ASHDOD
2025-06-24 04:17:25,916 - cinemas.cinema_city - ERROR - NO DATE FOUND FOR ASHDOD
2025-06-24 04:17:25,981 - proxy - INFO - Proxy removed
2025-06-24 04:17:25,981 - cinemas.cinema_city - INFO - DONE CINEMA CITY
2025-06-24 04:17:25,981 - cinemas.lev - INFO - STARTED LEV
2025-06-24 04:17:27,961 - proxy - INFO - Proxy: {'YourFuckingIPAddress': '45.150.108.121', 'YourFuckingLocation': 'Petah Tikva, M, Israel', 'YourFuckingHostname': '45.150.108.121', 'YourFuckingISP': 'BlueVPS OU', 'YourFuckingTorExit': False, 'YourFuckingCity': 'Petah Tikva', 'YourFuckingCountry': 'Israel', 'YourFuckingCountryCode': 'IL'}
2025-06-24 04:17:27,961 - cinemas.lev - INFO - STARTED LEV TEL_AVIV
2025-06-24 04:17:31,113 - cinemas.lev - INFO - DONE LEV TEL_AVIV
2025-06-24 04:17:31,113 - cinemas.lev - INFO - STARTED LEV RAMAT_HASHARON
2025-06-24 04:17:33,133 - cinemas.lev - INFO - DONE LEV RAMAT_HASHARON
2025-06-24 04:17:33,134 - cinemas.lev - INFO - STARTED LEV MANDARIN
2025-06-24 04:17:33,787 - cinemas.lev - INFO - DONE LEV MANDARIN
2025-06-24 04:17:33,787 - cinemas.lev - INFO - STARTED LEV EVEN_YEHUDA
2025-06-24 04:17:34,701 - cinemas.lev - INFO - DONE LEV EVEN_YEHUDA
2025-06-24 04:17:34,701 - cinemas.lev - INFO - STARTED LEV SMADAR
2025-06-24 04:17:35,263 - cinemas.lev - INFO - DONE LEV SMADAR
2025-06-24 04:17:35,263 - cinemas.lev - INFO - STARTED LEV RAANANA
2025-06-24 04:17:35,956 - cinemas.lev - INFO - DONE LEV RAANANA
2025-06-24 04:17:35,956 - cinemas.lev - INFO - STARTED LEV OMER
2025-06-24 04:17:36,363 - cinemas.lev - INFO - DONE LEV OMER
2025-06-24 04:17:36,363 - cinemas.lev - INFO - STARTED LEV SHOHAM
2025-06-24 04:17:37,091 - cinemas.lev - INFO - DONE LEV SHOHAM
2025-06-24 04:17:37,091 - cinemas.lev - INFO - STARTED LEV DANIEL
2025-06-24 04:17:37,576 - cinemas.lev - INFO - DONE LEV DANIEL
2025-06-24 04:17:37,635 - proxy - INFO - Proxy removed
2025-06-24 04:17:37,635 - cinemas.lev - INFO - DONE LEV
2025-06-24 04:17:37,635 - retry.api - WARNING - AssertionError: lev returned empty list in __main__.unsafe_get_screenings_from_cinema, retrying in 1 seconds...
2025-06-24 04:17:38,635 - cinemas.lev - INFO - STARTED LEV
2025-06-24 04:17:40,350 - proxy - INFO - Proxy: {'YourFuckingIPAddress': '45.150.108.121', 'YourFuckingLocation': 'Petah Tikva, M, Israel', 'YourFuckingHostname': '45.150.108.121', 'YourFuckingISP': 'BlueVPS OU', 'YourFuckingTorExit': False, 'YourFuckingCity': 'Petah Tikva', 'YourFuckingCountry': 'Israel', 'YourFuckingCountryCode': 'IL'}
2025-06-24 04:17:40,350 - cinemas.lev - INFO - STARTED LEV TEL_AVIV
2025-06-24 04:17:42,083 - cinemas.lev - INFO - DONE LEV TEL_AVIV
2025-06-24 04:17:42,083 - cinemas.lev - INFO - STARTED LEV RAMAT_HASHARON
2025-06-24 04:17:43,308 - cinemas.lev - INFO - DONE LEV RAMAT_HASHARON
2025-06-24 04:17:43,308 - cinemas.lev - INFO - STARTED LEV MANDARIN
2025-06-24 04:17:43,896 - cinemas.lev - INFO - DONE LEV MANDARIN
2025-06-24 04:17:43,896 - cinemas.lev - INFO - STARTED LEV EVEN_YEHUDA
2025-06-24 04:17:44,432 - cinemas.lev - INFO - DONE LEV EVEN_YEHUDA
2025-06-24 04:17:44,432 - cinemas.lev - INFO - STARTED LEV SMADAR
2025-06-24 04:17:44,963 - cinemas.lev - INFO - DONE LEV SMADAR
2025-06-24 04:17:44,963 - cinemas.lev - INFO - STARTED LEV RAANANA
2025-06-24 04:17:45,491 - cinemas.lev - INFO - DONE LEV RAANANA
2025-06-24 04:17:45,491 - cinemas.lev - INFO - STARTED LEV OMER
2025-06-24 04:17:46,023 - cinemas.lev - INFO - DONE LEV OMER
2025-06-24 04:17:46,023 - cinemas.lev - INFO - STARTED LEV SHOHAM
2025-06-24 04:17:46,558 - cinemas.lev - INFO - DONE LEV SHOHAM
2025-06-24 04:17:46,558 - cinemas.lev - INFO - STARTED LEV DANIEL
2025-06-24 04:17:46,929 - cinemas.lev - INFO - DONE LEV DANIEL
2025-06-24 04:17:46,987 - proxy - INFO - Proxy removed
2025-06-24 04:17:46,987 - cinemas.lev - INFO - DONE LEV
2025-06-24 04:17:46,987 - retry.api - WARNING - AssertionError: lev returned empty list in __main__.unsafe_get_screenings_from_cinema, retrying in 2 seconds...
2025-06-24 04:17:48,988 - cinemas.lev - INFO - STARTED LEV
2025-06-24 04:17:50,748 - proxy - INFO - Proxy: {'YourFuckingIPAddress': '45.150.108.121', 'YourFuckingLocation': 'Petah Tikva, M, Israel', 'YourFuckingHostname': '45.150.108.121', 'YourFuckingISP': 'BlueVPS OU', 'YourFuckingTorExit': False, 'YourFuckingCity': 'Petah Tikva', 'YourFuckingCountry': 'Israel', 'YourFuckingCountryCode': 'IL'}
2025-06-24 04:17:50,748 - cinemas.lev - INFO - STARTED LEV TEL_AVIV
2025-06-24 04:17:52,554 - cinemas.lev - INFO - DONE LEV TEL_AVIV
2025-06-24 04:17:52,554 - cinemas.lev - INFO - STARTED LEV RAMAT_HASHARON
2025-06-24 04:17:53,710 - cinemas.lev - INFO - DONE LEV RAMAT_HASHARON
2025-06-24 04:17:53,710 - cinemas.lev - INFO - STARTED LEV MANDARIN
2025-06-24 04:17:54,298 - cinemas.lev - INFO - DONE LEV MANDARIN
2025-06-24 04:17:54,298 - cinemas.lev - INFO - STARTED LEV EVEN_YEHUDA
2025-06-24 04:17:54,838 - cinemas.lev - INFO - DONE LEV EVEN_YEHUDA
2025-06-24 04:17:54,838 - cinemas.lev - INFO - STARTED LEV SMADAR
2025-06-24 04:17:55,376 - cinemas.lev - INFO - DONE LEV SMADAR
2025-06-24 04:17:55,376 - cinemas.lev - INFO - STARTED LEV RAANANA
2025-06-24 04:17:55,906 - cinemas.lev - INFO - DONE LEV RAANANA
2025-06-24 04:17:55,906 - cinemas.lev - INFO - STARTED LEV OMER
2025-06-24 04:17:56,444 - cinemas.lev - INFO - DONE LEV OMER
2025-06-24 04:17:56,444 - cinemas.lev - INFO - STARTED LEV SHOHAM
2025-06-24 04:17:56,983 - cinemas.lev - INFO - DONE LEV SHOHAM
2025-06-24 04:17:56,983 - cinemas.lev - INFO - STARTED LEV DANIEL
2025-06-24 04:17:57,486 - cinemas.lev - INFO - DONE LEV DANIEL
2025-06-24 04:17:57,545 - proxy - INFO - Proxy removed
2025-06-24 04:17:57,545 - cinemas.lev - INFO - DONE LEV
2025-06-24 04:17:57,545 - root - ERROR - lev crashed: lev returned empty list
2025-06-24 04:17:57,545 - cinemas.movieland - INFO - STARTED Movie Land
2025-06-24 04:17:57,545 - cinemas.movieland - INFO - STARTED Movie Land CARMIEL
2025-06-24 04:17:57,545 - cinemas.movieland - INFO - DONE Movie Land CARMIEL
2025-06-24 04:17:57,545 - cinemas.movieland - INFO - STARTED Movie Land HAIFA
2025-06-24 04:17:57,545 - cinemas.movieland - INFO - DONE Movie Land HAIFA
2025-06-24 04:17:57,545 - cinemas.movieland - INFO - STARTED Movie Land NATANYA
2025-06-24 04:17:57,545 - cinemas.movieland - INFO - DONE Movie Land NATANYA
2025-06-24 04:17:57,545 - cinemas.movieland - INFO - DONE Movie Land
2025-06-24 04:17:57,545 - retry.api - WARNING - AssertionError: movieland returned empty list in __main__.unsafe_get_screenings_from_cinema, retrying in 1 seconds...
2025-06-24 04:17:58,546 - cinemas.movieland - INFO - STARTED Movie Land
2025-06-24 04:17:58,546 - cinemas.movieland - INFO - STARTED Movie Land CARMIEL
2025-06-24 04:17:58,546 - cinemas.movieland - INFO - DONE Movie Land CARMIEL
2025-06-24 04:17:58,546 - cinemas.movieland - INFO - STARTED Movie Land HAIFA
2025-06-24 04:17:58,546 - cinemas.movieland - INFO - DONE Movie Land HAIFA
2025-06-24 04:17:58,546 - cinemas.movieland - INFO - STARTED Movie Land NATANYA
2025-06-24 04:17:58,546 - cinemas.movieland - INFO - DONE Movie Land NATANYA
2025-06-24 04:17:58,546 - cinemas.movieland - INFO - DONE Movie Land
2025-06-24 04:17:58,546 - retry.api - WARNING - AssertionError: movieland returned empty list in __main__.unsafe_get_screenings_from_cinema, retrying in 2 seconds...
2025-06-24 04:18:00,547 - cinemas.movieland - INFO - STARTED Movie Land
2025-06-24 04:18:00,547 - cinemas.movieland - INFO - STARTED Movie Land CARMIEL
2025-06-24 04:18:00,547 - cinemas.movieland - INFO - DONE Movie Land CARMIEL
2025-06-24 04:18:00,547 - cinemas.movieland - INFO - STARTED Movie Land HAIFA
2025-06-24 04:18:00,547 - cinemas.movieland - INFO - DONE Movie Land HAIFA
2025-06-24 04:18:00,547 - cinemas.movieland - INFO - STARTED Movie Land NATANYA
2025-06-24 04:18:00,547 - cinemas.movieland - INFO - DONE Movie Land NATANYA
2025-06-24 04:18:00,547 - cinemas.movieland - INFO - DONE Movie Land
2025-06-24 04:18:00,547 - root - ERROR - movieland crashed: movieland returned empty list
2025-06-24 04:18:00,547 - root - INFO - ********************
2025-06-24 04:18:00,547 - root - INFO - started checking for:28-06-2025
2025-06-24 04:18:00,548 - cinemas.yes_planet - INFO - STARTED YES PLANET
2025-06-24 04:18:00,548 - cinemas.yes_planet - INFO - STARTED YES PLANET RISHON
2025-06-24 04:33:59,484 - cinemas.yes_planet - ERROR - Failed to get screenings for RISHON
Traceback (most recent call last):
  File "/opt/hostedtoolcache/Python/3.11.12/x64/lib/python3.11/site-packages/urllib3/connectionpool.py", line 716, in urlopen
    httplib_response = self._make_request(
                       ^^^^^^^^^^^^^^^^^^^
  File "/opt/hostedtoolcache/Python/3.11.12/x64/lib/python3.11/site-packages/urllib3/connectionpool.py", line 468, in _make_request
    six.raise_from(e, None)
  File "<string>", line 3, in raise_from
  File "/opt/hostedtoolcache/Python/3.11.12/x64/lib/python3.11/site-packages/urllib3/connectionpool.py", line 463, in _make_request
    httplib_response = conn.getresponse()
                       ^^^^^^^^^^^^^^^^^^
  File "/opt/hostedtoolcache/Python/3.11.12/x64/lib/python3.11/http/client.py", line 1395, in getresponse
    response.begin()
  File "/opt/hostedtoolcache/Python/3.11.12/x64/lib/python3.11/http/client.py", line 325, in begin
    version, status, reason = self._read_status()
                              ^^^^^^^^^^^^^^^^^^^
  File "/opt/hostedtoolcache/Python/3.11.12/x64/lib/python3.11/http/client.py", line 294, in _read_status
    raise RemoteDisconnected("Remote end closed connection without"
http.client.RemoteDisconnected: Remote end closed connection without response

During handling of the above exception, another exception occurred:

Traceback (most recent call last):
  File "/opt/hostedtoolcache/Python/3.11.12/x64/lib/python3.11/site-packages/requests/adapters.py", line 667, in send
    resp = conn.urlopen(
           ^^^^^^^^^^^^^
  File "/opt/hostedtoolcache/Python/3.11.12/x64/lib/python3.11/site-packages/urllib3/connectionpool.py", line 802, in urlopen
    retries = retries.increment(
              ^^^^^^^^^^^^^^^^^^
  File "/opt/hostedtoolcache/Python/3.11.12/x64/lib/python3.11/site-packages/urllib3/util/retry.py", line 552, in increment
    raise six.reraise(type(error), error, _stacktrace)
          ^^^^^^^^^^^^^^^^^^^^^^^^^^^^^^^^^^^^^^^^^^^^
  File "/opt/hostedtoolcache/Python/3.11.12/x64/lib/python3.11/site-packages/urllib3/packages/six.py", line 769, in reraise
    raise value.with_traceback(tb)
  File "/opt/hostedtoolcache/Python/3.11.12/x64/lib/python3.11/site-packages/urllib3/connectionpool.py", line 716, in urlopen
    httplib_response = self._make_request(
                       ^^^^^^^^^^^^^^^^^^^
  File "/opt/hostedtoolcache/Python/3.11.12/x64/lib/python3.11/site-packages/urllib3/connectionpool.py", line 468, in _make_request
    six.raise_from(e, None)
  File "<string>", line 3, in raise_from
  File "/opt/hostedtoolcache/Python/3.11.12/x64/lib/python3.11/site-packages/urllib3/connectionpool.py", line 463, in _make_request
    httplib_response = conn.getresponse()
                       ^^^^^^^^^^^^^^^^^^
  File "/opt/hostedtoolcache/Python/3.11.12/x64/lib/python3.11/http/client.py", line 1395, in getresponse
    response.begin()
  File "/opt/hostedtoolcache/Python/3.11.12/x64/lib/python3.11/http/client.py", line 325, in begin
    version, status, reason = self._read_status()
                              ^^^^^^^^^^^^^^^^^^^
  File "/opt/hostedtoolcache/Python/3.11.12/x64/lib/python3.11/http/client.py", line 294, in _read_status
    raise RemoteDisconnected("Remote end closed connection without"
urllib3.exceptions.ProtocolError: ('Connection aborted.', RemoteDisconnected('Remote end closed connection without response'))

During handling of the above exception, another exception occurred:

Traceback (most recent call last):
  File "/home/runner/work/Movie-Time-Server/Movie-Time-Server/cinemas/yes_planet.py", line 141, in get_screenings
    screenings.extend(get_by_location(location, date, format_date, s))
                      ^^^^^^^^^^^^^^^^^^^^^^^^^^^^^^^^^^^^^^^^^^^^^^^
  File "/home/runner/work/Movie-Time-Server/Movie-Time-Server/cinemas/yes_planet.py", line 117, in get_by_location
    movies_data, events = prepare(location, date, s)
                          ^^^^^^^^^^^^^^^^^^^^^^^^^^
  File "/home/runner/work/Movie-Time-Server/Movie-Time-Server/cinemas/yes_planet.py", line 102, in prepare
    res = s.get(url)
          ^^^^^^^^^^
  File "/opt/hostedtoolcache/Python/3.11.12/x64/lib/python3.11/site-packages/requests/sessions.py", line 602, in get
    return self.request("GET", url, **kwargs)
           ^^^^^^^^^^^^^^^^^^^^^^^^^^^^^^^^^^
  File "/opt/hostedtoolcache/Python/3.11.12/x64/lib/python3.11/site-packages/requests/sessions.py", line 589, in request
    resp = self.send(prep, **send_kwargs)
           ^^^^^^^^^^^^^^^^^^^^^^^^^^^^^^
  File "/opt/hostedtoolcache/Python/3.11.12/x64/lib/python3.11/site-packages/requests/sessions.py", line 703, in send
    r = adapter.send(request, **kwargs)
        ^^^^^^^^^^^^^^^^^^^^^^^^^^^^^^^
  File "/opt/hostedtoolcache/Python/3.11.12/x64/lib/python3.11/site-packages/requests/adapters.py", line 682, in send
    raise ConnectionError(err, request=request)
requests.exceptions.ConnectionError: ('Connection aborted.', RemoteDisconnected('Remote end closed connection without response'))
2025-06-24 04:33:59,485 - cinemas.yes_planet - INFO - STARTED YES PLANET AYALON
2025-06-24 04:33:59,935 - cinemas.yes_planet - INFO - DONE YES PLANET AYALON
2025-06-24 04:33:59,935 - cinemas.yes_planet - INFO - STARTED YES PLANET ZICHRON
2025-06-24 04:34:00,436 - cinemas.yes_planet - INFO - DONE YES PLANET ZICHRON
2025-06-24 04:34:00,436 - cinemas.yes_planet - INFO - STARTED YES PLANET HAIFA
2025-06-24 04:34:00,816 - cinemas.yes_planet - INFO - DONE YES PLANET HAIFA
2025-06-24 04:34:00,816 - cinemas.yes_planet - INFO - STARTED YES PLANET JERUSALEM
2025-06-24 04:34:01,318 - cinemas.yes_planet - INFO - DONE YES PLANET JERUSALEM
2025-06-24 04:34:01,318 - cinemas.yes_planet - INFO - STARTED YES PLANET BEER_SHEVA
2025-06-24 04:34:01,714 - cinemas.yes_planet - INFO - DONE YES PLANET BEER_SHEVA
2025-06-24 04:34:01,714 - cinemas.yes_planet - INFO - DONE YES PLANET
2025-06-24 04:34:01,714 - retry.api - WARNING - AssertionError: yes planet returned empty list in __main__.unsafe_get_screenings_from_cinema, retrying in 1 seconds...
2025-06-24 04:34:02,714 - cinemas.yes_planet - INFO - STARTED YES PLANET
2025-06-24 04:34:02,714 - cinemas.yes_planet - INFO - STARTED YES PLANET RISHON
2025-06-24 04:34:03,097 - cinemas.yes_planet - INFO - DONE YES PLANET RISHON
2025-06-24 04:34:03,097 - cinemas.yes_planet - INFO - STARTED YES PLANET AYALON
2025-06-24 04:34:03,115 - cinemas.yes_planet - INFO - DONE YES PLANET AYALON
2025-06-24 04:34:03,115 - cinemas.yes_planet - INFO - STARTED YES PLANET ZICHRON
2025-06-24 04:34:03,133 - cinemas.yes_planet - INFO - DONE YES PLANET ZICHRON
2025-06-24 04:34:03,133 - cinemas.yes_planet - INFO - STARTED YES PLANET HAIFA
2025-06-24 04:34:03,149 - cinemas.yes_planet - INFO - DONE YES PLANET HAIFA
2025-06-24 04:34:03,149 - cinemas.yes_planet - INFO - STARTED YES PLANET JERUSALEM
2025-06-24 04:34:03,167 - cinemas.yes_planet - INFO - DONE YES PLANET JERUSALEM
2025-06-24 04:34:03,167 - cinemas.yes_planet - INFO - STARTED YES PLANET BEER_SHEVA
2025-06-24 04:34:03,181 - cinemas.yes_planet - INFO - DONE YES PLANET BEER_SHEVA
2025-06-24 04:34:03,181 - cinemas.yes_planet - INFO - DONE YES PLANET
2025-06-24 04:34:03,181 - retry.api - WARNING - AssertionError: yes planet returned empty list in __main__.unsafe_get_screenings_from_cinema, retrying in 2 seconds...
2025-06-24 04:34:05,182 - cinemas.yes_planet - INFO - STARTED YES PLANET
2025-06-24 04:34:05,182 - cinemas.yes_planet - INFO - STARTED YES PLANET RISHON
2025-06-24 04:34:05,199 - cinemas.yes_planet - INFO - DONE YES PLANET RISHON
2025-06-24 04:34:05,199 - cinemas.yes_planet - INFO - STARTED YES PLANET AYALON
2025-06-24 04:34:05,215 - cinemas.yes_planet - INFO - DONE YES PLANET AYALON
2025-06-24 04:34:05,215 - cinemas.yes_planet - INFO - STARTED YES PLANET ZICHRON
2025-06-24 04:34:05,246 - cinemas.yes_planet - INFO - DONE YES PLANET ZICHRON
2025-06-24 04:34:05,246 - cinemas.yes_planet - INFO - STARTED YES PLANET HAIFA
2025-06-24 04:34:05,263 - cinemas.yes_planet - INFO - DONE YES PLANET HAIFA
2025-06-24 04:34:05,263 - cinemas.yes_planet - INFO - STARTED YES PLANET JERUSALEM
2025-06-24 04:34:05,277 - cinemas.yes_planet - INFO - DONE YES PLANET JERUSALEM
2025-06-24 04:34:05,277 - cinemas.yes_planet - INFO - STARTED YES PLANET BEER_SHEVA
2025-06-24 04:34:05,294 - cinemas.yes_planet - INFO - DONE YES PLANET BEER_SHEVA
2025-06-24 04:34:05,294 - cinemas.yes_planet - INFO - DONE YES PLANET
2025-06-24 04:34:05,294 - root - ERROR - yes planet crashed: yes planet returned empty list
2025-06-24 04:34:05,294 - cinemas.rav_hen - INFO - STARTED RAV HEN
2025-06-24 04:34:05,294 - cinemas.rav_hen - INFO - STARTED RAV HEN GIVATAIM
2025-06-24 04:34:05,860 - cinemas.rav_hen - INFO - DONE RAV HEN GIVATAIM
2025-06-24 04:34:05,860 - cinemas.rav_hen - INFO - STARTED RAV HEN DIZINGOF
2025-06-24 04:34:06,256 - cinemas.rav_hen - INFO - DONE RAV HEN DIZINGOF
2025-06-24 04:34:06,256 - cinemas.rav_hen - INFO - STARTED RAV HEN MODIIN
2025-06-24 04:34:06,789 - cinemas.rav_hen - INFO - DONE RAV HEN MODIIN
2025-06-24 04:34:06,789 - cinemas.rav_hen - INFO - STARTED RAV HEN KIRYAT_ONO
2025-06-24 04:34:07,323 - cinemas.rav_hen - INFO - DONE RAV HEN KIRYAT_ONO
2025-06-24 04:34:07,323 - cinemas.rav_hen - INFO - DONE RAV HEN
2025-06-24 04:34:07,323 - retry.api - WARNING - AssertionError: rav hen returned empty list in __main__.unsafe_get_screenings_from_cinema, retrying in 1 seconds...
2025-06-24 04:34:08,323 - cinemas.rav_hen - INFO - STARTED RAV HEN
2025-06-24 04:34:08,324 - cinemas.rav_hen - INFO - STARTED RAV HEN GIVATAIM
2025-06-24 04:34:08,348 - cinemas.rav_hen - INFO - DONE RAV HEN GIVATAIM
2025-06-24 04:34:08,348 - cinemas.rav_hen - INFO - STARTED RAV HEN DIZINGOF
2025-06-24 04:34:08,370 - cinemas.rav_hen - INFO - DONE RAV HEN DIZINGOF
2025-06-24 04:34:08,370 - cinemas.rav_hen - INFO - STARTED RAV HEN MODIIN
2025-06-24 04:34:08,386 - cinemas.rav_hen - INFO - DONE RAV HEN MODIIN
2025-06-24 04:34:08,386 - cinemas.rav_hen - INFO - STARTED RAV HEN KIRYAT_ONO
2025-06-24 04:34:08,402 - cinemas.rav_hen - INFO - DONE RAV HEN KIRYAT_ONO
2025-06-24 04:34:08,402 - cinemas.rav_hen - INFO - DONE RAV HEN
2025-06-24 04:34:08,402 - retry.api - WARNING - AssertionError: rav hen returned empty list in __main__.unsafe_get_screenings_from_cinema, retrying in 2 seconds...
2025-06-24 04:34:10,403 - cinemas.rav_hen - INFO - STARTED RAV HEN
2025-06-24 04:34:10,403 - cinemas.rav_hen - INFO - STARTED RAV HEN GIVATAIM
2025-06-24 04:34:10,423 - cinemas.rav_hen - INFO - DONE RAV HEN GIVATAIM
2025-06-24 04:34:10,423 - cinemas.rav_hen - INFO - STARTED RAV HEN DIZINGOF
2025-06-24 04:34:10,438 - cinemas.rav_hen - INFO - DONE RAV HEN DIZINGOF
2025-06-24 04:34:10,438 - cinemas.rav_hen - INFO - STARTED RAV HEN MODIIN
2025-06-24 04:34:10,464 - cinemas.rav_hen - INFO - DONE RAV HEN MODIIN
2025-06-24 04:34:10,464 - cinemas.rav_hen - INFO - STARTED RAV HEN KIRYAT_ONO
2025-06-24 04:34:10,482 - cinemas.rav_hen - INFO - DONE RAV HEN KIRYAT_ONO
2025-06-24 04:34:10,482 - cinemas.rav_hen - INFO - DONE RAV HEN
2025-06-24 04:34:10,482 - root - ERROR - rav hen crashed: rav hen returned empty list
2025-06-24 04:34:10,482 - cinemas.hot_cinema - INFO - STARTED HOT CINEMA
2025-06-24 04:34:10,482 - cinemas.hot_cinema - INFO - STARTED HOT CINEMA MODIIN
2025-06-24 04:34:11,271 - cinemas.hot_cinema - INFO - DONE HOT CINEMA MODIIN
2025-06-24 04:34:11,271 - cinemas.hot_cinema - INFO - STARTED HOT CINEMA KIRYON
2025-06-24 04:34:12,520 - cinemas.hot_cinema - INFO - DONE HOT CINEMA KIRYON
2025-06-24 04:34:12,520 - cinemas.hot_cinema - INFO - STARTED HOT CINEMA KFAR_SABBA
2025-06-24 04:34:12,647 - cinemas.hot_cinema - INFO - DONE HOT CINEMA KFAR_SABBA
2025-06-24 04:34:12,647 - cinemas.hot_cinema - INFO - STARTED HOT CINEMA HAIFA
2025-06-24 04:34:12,773 - cinemas.hot_cinema - INFO - DONE HOT CINEMA HAIFA
2025-06-24 04:34:12,773 - cinemas.hot_cinema - INFO - STARTED HOT CINEMA PETACH_TIKVA
2025-06-24 04:34:12,900 - cinemas.hot_cinema - INFO - DONE HOT CINEMA PETACH_TIKVA
2025-06-24 04:34:12,900 - cinemas.hot_cinema - INFO - STARTED HOT CINEMA RECHOVOT
2025-06-24 04:34:13,027 - cinemas.hot_cinema - INFO - DONE HOT CINEMA RECHOVOT
2025-06-24 04:34:13,027 - cinemas.hot_cinema - INFO - STARTED HOT CINEMA ASHKELON
2025-06-24 04:34:13,154 - cinemas.hot_cinema - INFO - DONE HOT CINEMA ASHKELON
2025-06-24 04:34:13,154 - cinemas.hot_cinema - INFO - STARTED HOT CINEMA KARMIEL
2025-06-24 04:34:13,280 - cinemas.hot_cinema - INFO - DONE HOT CINEMA KARMIEL
2025-06-24 04:34:13,280 - cinemas.hot_cinema - INFO - STARTED HOT CINEMA NAHARIA
2025-06-24 04:34:13,407 - cinemas.hot_cinema - INFO - DONE HOT CINEMA NAHARIA
2025-06-24 04:34:13,407 - cinemas.hot_cinema - INFO - STARTED HOT CINEMA ASHDOD
2025-06-24 04:34:13,534 - cinemas.hot_cinema - INFO - DONE HOT CINEMA ASHDOD
2025-06-24 04:34:13,534 - cinemas.hot_cinema - INFO - DONE HOT CINEMA
2025-06-24 04:34:13,534 - cinemas.cinema_city - INFO - STARTED CINEMA CITY
2025-06-24 04:34:16,185 - proxy - INFO - Proxy: {'YourFuckingIPAddress': '45.150.108.121', 'YourFuckingLocation': 'Petah Tikva, M, Israel', 'YourFuckingHostname': '45.150.108.121', 'YourFuckingISP': 'BlueVPS OU', 'YourFuckingTorExit': False, 'YourFuckingCity': 'Petah Tikva', 'YourFuckingCountry': 'Israel', 'YourFuckingCountryCode': 'IL'}
2025-06-24 04:34:16,185 - cinemas.cinema_city - INFO - STARTED CINEMA CITY GLILOT
2025-06-24 04:34:17,397 - cinemas.cinema_city - ERROR - NO DATE FOUND FOR GLILOT
2025-06-24 04:34:17,397 - cinemas.cinema_city - INFO - STARTED CINEMA CITY RISHON
2025-06-24 04:34:17,803 - cinemas.cinema_city - ERROR - NO DATE FOUND FOR RISHON
2025-06-24 04:34:17,803 - cinemas.cinema_city - INFO - STARTED CINEMA CITY JERUSALEM
2025-06-24 04:34:18,337 - cinemas.cinema_city - ERROR - NO DATE FOUND FOR JERUSALEM
2025-06-24 04:34:18,337 - cinemas.cinema_city - INFO - STARTED CINEMA CITY KFAR_SABBA
2025-06-24 04:34:18,870 - cinemas.cinema_city - ERROR - NO DATE FOUND FOR KFAR_SABBA
2025-06-24 04:34:18,870 - cinemas.cinema_city - INFO - STARTED CINEMA CITY NATANIA
2025-06-24 04:34:19,403 - cinemas.cinema_city - ERROR - NO DATE FOUND FOR NATANIA
2025-06-24 04:34:19,403 - cinemas.cinema_city - INFO - STARTED CINEMA CITY BEER_SHEVA
2025-06-24 04:34:19,938 - cinemas.cinema_city - ERROR - NO DATE FOUND FOR BEER_SHEVA
2025-06-24 04:34:19,938 - cinemas.cinema_city - INFO - STARTED CINEMA CITY HADERA
2025-06-24 04:34:20,473 - cinemas.cinema_city - ERROR - NO DATE FOUND FOR HADERA
2025-06-24 04:34:20,473 - cinemas.cinema_city - INFO - STARTED CINEMA CITY ASHDOD
2025-06-24 04:34:21,006 - cinemas.cinema_city - ERROR - NO DATE FOUND FOR ASHDOD
2025-06-24 04:34:21,064 - proxy - INFO - Proxy removed
2025-06-24 04:34:21,064 - cinemas.cinema_city - INFO - DONE CINEMA CITY
2025-06-24 04:34:21,064 - retry.api - WARNING - AssertionError: cinema city returned empty list in __main__.unsafe_get_screenings_from_cinema, retrying in 1 seconds...
2025-06-24 04:34:22,065 - cinemas.cinema_city - INFO - STARTED CINEMA CITY
2025-06-24 04:34:23,770 - proxy - INFO - Proxy: {'YourFuckingIPAddress': '45.150.108.121', 'YourFuckingLocation': 'Petah Tikva, M, Israel', 'YourFuckingHostname': '45.150.108.121', 'YourFuckingISP': 'BlueVPS OU', 'YourFuckingTorExit': False, 'YourFuckingCity': 'Petah Tikva', 'YourFuckingCountry': 'Israel', 'YourFuckingCountryCode': 'IL'}
2025-06-24 04:34:23,770 - cinemas.cinema_city - INFO - STARTED CINEMA CITY GLILOT
2025-06-24 04:34:25,064 - cinemas.cinema_city - ERROR - NO DATE FOUND FOR GLILOT
2025-06-24 04:34:25,064 - cinemas.cinema_city - INFO - STARTED CINEMA CITY RISHON
2025-06-24 04:34:25,528 - cinemas.cinema_city - ERROR - NO DATE FOUND FOR RISHON
2025-06-24 04:34:25,528 - cinemas.cinema_city - INFO - STARTED CINEMA CITY JERUSALEM
2025-06-24 04:34:25,989 - cinemas.cinema_city - ERROR - NO DATE FOUND FOR JERUSALEM
2025-06-24 04:34:25,989 - cinemas.cinema_city - INFO - STARTED CINEMA CITY KFAR_SABBA
2025-06-24 04:34:26,529 - cinemas.cinema_city - ERROR - NO DATE FOUND FOR KFAR_SABBA
2025-06-24 04:34:26,529 - cinemas.cinema_city - INFO - STARTED CINEMA CITY NATANIA
2025-06-24 04:34:27,086 - cinemas.cinema_city - ERROR - NO DATE FOUND FOR NATANIA
2025-06-24 04:34:27,086 - cinemas.cinema_city - INFO - STARTED CINEMA CITY BEER_SHEVA
2025-06-24 04:34:27,622 - cinemas.cinema_city - ERROR - NO DATE FOUND FOR BEER_SHEVA
2025-06-24 04:34:27,622 - cinemas.cinema_city - INFO - STARTED CINEMA CITY HADERA
2025-06-24 04:34:28,163 - cinemas.cinema_city - ERROR - NO DATE FOUND FOR HADERA
2025-06-24 04:34:28,163 - cinemas.cinema_city - INFO - STARTED CINEMA CITY ASHDOD
2025-06-24 04:34:28,701 - cinemas.cinema_city - ERROR - NO DATE FOUND FOR ASHDOD
2025-06-24 04:34:28,759 - proxy - INFO - Proxy removed
2025-06-24 04:34:28,760 - cinemas.cinema_city - INFO - DONE CINEMA CITY
2025-06-24 04:34:28,760 - retry.api - WARNING - AssertionError: cinema city returned empty list in __main__.unsafe_get_screenings_from_cinema, retrying in 2 seconds...
2025-06-24 04:34:30,760 - cinemas.cinema_city - INFO - STARTED CINEMA CITY
2025-06-24 04:34:32,376 - proxy - INFO - Proxy: {'YourFuckingIPAddress': '45.150.108.121', 'YourFuckingLocation': 'Petah Tikva, M, Israel', 'YourFuckingHostname': '45.150.108.121', 'YourFuckingISP': 'BlueVPS OU', 'YourFuckingTorExit': False, 'YourFuckingCity': 'Petah Tikva', 'YourFuckingCountry': 'Israel', 'YourFuckingCountryCode': 'IL'}
2025-06-24 04:34:32,376 - cinemas.cinema_city - INFO - STARTED CINEMA CITY GLILOT
2025-06-24 04:34:34,923 - cinemas.cinema_city - ERROR - NO DATE FOUND FOR GLILOT
2025-06-24 04:34:34,923 - cinemas.cinema_city - INFO - STARTED CINEMA CITY RISHON
2025-06-24 04:34:35,515 - cinemas.cinema_city - ERROR - NO DATE FOUND FOR RISHON
2025-06-24 04:34:35,516 - cinemas.cinema_city - INFO - STARTED CINEMA CITY JERUSALEM
2025-06-24 04:34:35,934 - cinemas.cinema_city - ERROR - NO DATE FOUND FOR JERUSALEM
2025-06-24 04:34:35,934 - cinemas.cinema_city - INFO - STARTED CINEMA CITY KFAR_SABBA
2025-06-24 04:34:36,468 - cinemas.cinema_city - ERROR - NO DATE FOUND FOR KFAR_SABBA
2025-06-24 04:34:36,468 - cinemas.cinema_city - INFO - STARTED CINEMA CITY NATANIA
2025-06-24 04:34:37,002 - cinemas.cinema_city - ERROR - NO DATE FOUND FOR NATANIA
2025-06-24 04:34:37,002 - cinemas.cinema_city - INFO - STARTED CINEMA CITY BEER_SHEVA
2025-06-24 04:34:37,534 - cinemas.cinema_city - ERROR - NO DATE FOUND FOR BEER_SHEVA
2025-06-24 04:34:37,534 - cinemas.cinema_city - INFO - STARTED CINEMA CITY HADERA
2025-06-24 04:34:38,076 - cinemas.cinema_city - ERROR - NO DATE FOUND FOR HADERA
2025-06-24 04:34:38,077 - cinemas.cinema_city - INFO - STARTED CINEMA CITY ASHDOD
2025-06-24 04:34:38,608 - cinemas.cinema_city - ERROR - NO DATE FOUND FOR ASHDOD
2025-06-24 04:34:38,666 - proxy - INFO - Proxy removed
2025-06-24 04:34:38,666 - cinemas.cinema_city - INFO - DONE CINEMA CITY
2025-06-24 04:34:38,666 - root - ERROR - cinema city crashed: cinema city returned empty list
2025-06-24 04:34:38,667 - cinemas.lev - INFO - STARTED LEV
2025-06-24 04:34:41,216 - proxy - INFO - Proxy: {'YourFuckingIPAddress': '45.150.108.121', 'YourFuckingLocation': 'Petah Tikva, M, Israel', 'YourFuckingHostname': '45.150.108.121', 'YourFuckingISP': 'BlueVPS OU', 'YourFuckingTorExit': False, 'YourFuckingCity': 'Petah Tikva', 'YourFuckingCountry': 'Israel', 'YourFuckingCountryCode': 'IL'}
2025-06-24 04:34:41,216 - cinemas.lev - INFO - STARTED LEV TEL_AVIV
2025-06-24 04:34:43,822 - cinemas.lev - INFO - DONE LEV TEL_AVIV
2025-06-24 04:34:43,822 - cinemas.lev - INFO - STARTED LEV RAMAT_HASHARON
2025-06-24 04:34:45,101 - cinemas.lev - INFO - DONE LEV RAMAT_HASHARON
2025-06-24 04:34:45,101 - cinemas.lev - INFO - STARTED LEV MANDARIN
2025-06-24 04:34:45,718 - cinemas.lev - INFO - DONE LEV MANDARIN
2025-06-24 04:34:45,718 - cinemas.lev - INFO - STARTED LEV EVEN_YEHUDA
2025-06-24 04:34:46,610 - cinemas.lev - INFO - DONE LEV EVEN_YEHUDA
2025-06-24 04:34:46,610 - cinemas.lev - INFO - STARTED LEV SMADAR
2025-06-24 04:34:47,179 - cinemas.lev - INFO - DONE LEV SMADAR
2025-06-24 04:34:47,179 - cinemas.lev - INFO - STARTED LEV RAANANA
2025-06-24 04:34:47,870 - cinemas.lev - INFO - DONE LEV RAANANA
2025-06-24 04:34:47,870 - cinemas.lev - INFO - STARTED LEV OMER
2025-06-24 04:34:48,421 - cinemas.lev - INFO - DONE LEV OMER
2025-06-24 04:34:48,421 - cinemas.lev - INFO - STARTED LEV SHOHAM
2025-06-24 04:34:49,054 - cinemas.lev - INFO - DONE LEV SHOHAM
2025-06-24 04:34:49,054 - cinemas.lev - INFO - STARTED LEV DANIEL
2025-06-24 04:34:49,599 - cinemas.lev - INFO - DONE LEV DANIEL
2025-06-24 04:34:49,658 - proxy - INFO - Proxy removed
2025-06-24 04:34:49,658 - cinemas.lev - INFO - DONE LEV
2025-06-24 04:34:49,658 - retry.api - WARNING - AssertionError: lev returned empty list in __main__.unsafe_get_screenings_from_cinema, retrying in 1 seconds...
2025-06-24 04:34:50,659 - cinemas.lev - INFO - STARTED LEV
2025-06-24 04:34:52,110 - proxy - INFO - Proxy: {'YourFuckingIPAddress': '45.150.108.121', 'YourFuckingLocation': 'Petah Tikva, M, Israel', 'YourFuckingHostname': '45.150.108.121', 'YourFuckingISP': 'BlueVPS OU', 'YourFuckingTorExit': False, 'YourFuckingCity': 'Petah Tikva', 'YourFuckingCountry': 'Israel', 'YourFuckingCountryCode': 'IL'}
2025-06-24 04:34:52,110 - cinemas.lev - INFO - STARTED LEV TEL_AVIV
2025-06-24 04:34:53,063 - cinemas.lev - INFO - DONE LEV TEL_AVIV
2025-06-24 04:34:53,063 - cinemas.lev - INFO - STARTED LEV RAMAT_HASHARON
2025-06-24 04:34:54,163 - cinemas.lev - INFO - DONE LEV RAMAT_HASHARON
2025-06-24 04:34:54,163 - cinemas.lev - INFO - STARTED LEV MANDARIN
2025-06-24 04:34:55,474 - cinemas.lev - INFO - DONE LEV MANDARIN
2025-06-24 04:34:55,474 - cinemas.lev - INFO - STARTED LEV EVEN_YEHUDA
2025-06-24 04:34:56,016 - cinemas.lev - INFO - DONE LEV EVEN_YEHUDA
2025-06-24 04:34:56,016 - cinemas.lev - INFO - STARTED LEV SMADAR
2025-06-24 04:34:56,460 - cinemas.lev - INFO - DONE LEV SMADAR
2025-06-24 04:34:56,461 - cinemas.lev - INFO - STARTED LEV RAANANA
2025-06-24 04:34:56,988 - cinemas.lev - INFO - DONE LEV RAANANA
2025-06-24 04:34:56,988 - cinemas.lev - INFO - STARTED LEV OMER
2025-06-24 04:34:57,522 - cinemas.lev - INFO - DONE LEV OMER
2025-06-24 04:34:57,522 - cinemas.lev - INFO - STARTED LEV SHOHAM
2025-06-24 04:34:58,059 - cinemas.lev - INFO - DONE LEV SHOHAM
2025-06-24 04:34:58,059 - cinemas.lev - INFO - STARTED LEV DANIEL
2025-06-24 04:34:58,593 - cinemas.lev - INFO - DONE LEV DANIEL
2025-06-24 04:34:58,652 - proxy - INFO - Proxy removed
2025-06-24 04:34:58,652 - cinemas.lev - INFO - DONE LEV
2025-06-24 04:34:58,652 - retry.api - WARNING - AssertionError: lev returned empty list in __main__.unsafe_get_screenings_from_cinema, retrying in 2 seconds...
2025-06-24 04:35:00,653 - cinemas.lev - INFO - STARTED LEV
2025-06-24 04:35:02,547 - proxy - INFO - Proxy: {'YourFuckingIPAddress': '45.150.108.121', 'YourFuckingLocation': 'Petah Tikva, M, Israel', 'YourFuckingHostname': '45.150.108.121', 'YourFuckingISP': 'BlueVPS OU', 'YourFuckingTorExit': False, 'YourFuckingCity': 'Petah Tikva', 'YourFuckingCountry': 'Israel', 'YourFuckingCountryCode': 'IL'}
2025-06-24 04:35:02,547 - cinemas.lev - INFO - STARTED LEV TEL_AVIV
2025-06-24 04:35:03,470 - cinemas.lev - INFO - DONE LEV TEL_AVIV
2025-06-24 04:35:03,470 - cinemas.lev - INFO - STARTED LEV RAMAT_HASHARON
2025-06-24 04:35:04,698 - cinemas.lev - INFO - DONE LEV RAMAT_HASHARON
2025-06-24 04:35:04,698 - cinemas.lev - INFO - STARTED LEV MANDARIN
2025-06-24 04:35:05,528 - cinemas.lev - INFO - DONE LEV MANDARIN
2025-06-24 04:35:05,528 - cinemas.lev - INFO - STARTED LEV EVEN_YEHUDA
2025-06-24 04:35:06,065 - cinemas.lev - INFO - DONE LEV EVEN_YEHUDA
2025-06-24 04:35:06,065 - cinemas.lev - INFO - STARTED LEV SMADAR
2025-06-24 04:35:06,669 - cinemas.lev - INFO - DONE LEV SMADAR
2025-06-24 04:35:06,669 - cinemas.lev - INFO - STARTED LEV RAANANA
2025-06-24 04:35:07,200 - cinemas.lev - INFO - DONE LEV RAANANA
2025-06-24 04:35:07,200 - cinemas.lev - INFO - STARTED LEV OMER
2025-06-24 04:35:07,738 - cinemas.lev - INFO - DONE LEV OMER
2025-06-24 04:35:07,738 - cinemas.lev - INFO - STARTED LEV SHOHAM
2025-06-24 04:35:08,279 - cinemas.lev - INFO - DONE LEV SHOHAM
2025-06-24 04:35:08,279 - cinemas.lev - INFO - STARTED LEV DANIEL
2025-06-24 04:35:08,821 - cinemas.lev - INFO - DONE LEV DANIEL
2025-06-24 04:35:08,879 - proxy - INFO - Proxy removed
2025-06-24 04:35:08,879 - cinemas.lev - INFO - DONE LEV
2025-06-24 04:35:08,879 - root - ERROR - lev crashed: lev returned empty list
2025-06-24 04:35:08,879 - cinemas.movieland - INFO - STARTED Movie Land
2025-06-24 04:35:08,880 - cinemas.movieland - INFO - STARTED Movie Land CARMIEL
2025-06-24 04:35:08,880 - cinemas.movieland - INFO - DONE Movie Land CARMIEL
2025-06-24 04:35:08,880 - cinemas.movieland - INFO - STARTED Movie Land HAIFA
2025-06-24 04:35:08,880 - cinemas.movieland - INFO - DONE Movie Land HAIFA
2025-06-24 04:35:08,880 - cinemas.movieland - INFO - STARTED Movie Land NATANYA
2025-06-24 04:35:08,880 - cinemas.movieland - INFO - DONE Movie Land NATANYA
2025-06-24 04:35:08,880 - cinemas.movieland - INFO - DONE Movie Land
2025-06-24 04:35:08,880 - retry.api - WARNING - AssertionError: movieland returned empty list in __main__.unsafe_get_screenings_from_cinema, retrying in 1 seconds...
2025-06-24 04:35:09,880 - cinemas.movieland - INFO - STARTED Movie Land
2025-06-24 04:35:09,880 - cinemas.movieland - INFO - STARTED Movie Land CARMIEL
2025-06-24 04:35:09,880 - cinemas.movieland - INFO - DONE Movie Land CARMIEL
2025-06-24 04:35:09,880 - cinemas.movieland - INFO - STARTED Movie Land HAIFA
2025-06-24 04:35:09,880 - cinemas.movieland - INFO - DONE Movie Land HAIFA
2025-06-24 04:35:09,881 - cinemas.movieland - INFO - STARTED Movie Land NATANYA
2025-06-24 04:35:09,881 - cinemas.movieland - INFO - DONE Movie Land NATANYA
2025-06-24 04:35:09,881 - cinemas.movieland - INFO - DONE Movie Land
2025-06-24 04:35:09,881 - retry.api - WARNING - AssertionError: movieland returned empty list in __main__.unsafe_get_screenings_from_cinema, retrying in 2 seconds...
2025-06-24 04:35:11,881 - cinemas.movieland - INFO - STARTED Movie Land
2025-06-24 04:35:11,881 - cinemas.movieland - INFO - STARTED Movie Land CARMIEL
2025-06-24 04:35:11,881 - cinemas.movieland - INFO - DONE Movie Land CARMIEL
2025-06-24 04:35:11,881 - cinemas.movieland - INFO - STARTED Movie Land HAIFA
2025-06-24 04:35:11,881 - cinemas.movieland - INFO - DONE Movie Land HAIFA
2025-06-24 04:35:11,881 - cinemas.movieland - INFO - STARTED Movie Land NATANYA
2025-06-24 04:35:11,881 - cinemas.movieland - INFO - DONE Movie Land NATANYA
2025-06-24 04:35:11,881 - cinemas.movieland - INFO - DONE Movie Land
2025-06-24 04:35:11,882 - root - ERROR - movieland crashed: movieland returned empty list
2025-06-24 04:35:11,938 - seret.movie_info_fetchers.composite - INFO - Got info for   -  using ElasticMovieInfoFetcher
2025-06-24 04:35:14,001 - seret.movie_info_fetchers.composite - INFO - Got info for The Professional using ElasticMovieInfoFetcher
2025-06-24 04:35:14,001 - seret.info_fetcher - ERROR - Failed to get info for The Professional and   - 
2025-06-24 04:35:15,386 - seret.movie_info_fetchers.composite - INFO - Got info for  :   using ElasticMovieInfoFetcher
2025-06-24 04:35:15,954 - seret.movie_info_fetchers.composite - INFO - Got info for Karate Kid: Legends using ElasticMovieInfoFetcher
2025-06-24 04:35:15,971 - seret.movie_info_fetchers.composite - INFO - Got info for    -  using ElasticMovieInfoFetcher
2025-06-24 04:35:16,346 - seret.movie_info_fetchers.composite - INFO - Got info for Elio using ElasticMovieInfoFetcher
2025-06-24 04:35:16,982 - seret.movie_info_fetchers.composite - INFO - Got info for  using ElasticMovieInfoFetcher
2025-06-24 04:35:18,399 - seret.movie_info_fetchers.composite - INFO - Got info for  &  using ElasticMovieInfoFetcher
2025-06-24 04:35:18,416 - seret.movie_info_fetchers.composite - INFO - Got info for Lilo & Stitch using ElasticMovieInfoFetcher
2025-06-24 04:35:19,735 - seret.movie_info_fetchers.composite - INFO - Got info for   -      using ElasticMovieInfoFetcher
2025-06-24 04:35:20,130 - seret.movie_info_fetchers.composite - INFO - Got info for   using ElasticMovieInfoFetcher
2025-06-24 04:35:20,938 - seret.movie_info_fetchers.composite - INFO - Got info for   -   using ElasticMovieInfoFetcher
2025-06-24 04:35:21,588 - seret.movie_info_fetchers.composite - INFO - Got info for Mamma Mia using ElasticMovieInfoFetcher
2025-06-24 04:35:21,588 - seret.info_fetcher - ERROR - Failed to get info for 1 movies: [{'date': '25-06-2025', 'cinema': ' ', 'location': '', 'district': '', 'title': '', 'eng_title': 'The Professionals', 'type': '2D', 'time': '20:00', 'link': 'https://hotcinema.co.il/order?theaterId=9&eventId=90730&site=undefined', 'coords': (32.7896, 35.0071), 'dubbed': False}]
2025-06-24 04:35:21,589 - root - INFO - 11
