2025-11-28 03:30:09,070 - root - INFO - ********************
2025-11-28 03:30:09,070 - root - INFO - started checking for:28-11-2025
2025-11-28 03:30:09,071 - cinemas.yes_planet - INFO - STARTED YES PLANET
2025-11-28 03:30:09,071 - cinemas.yes_planet - INFO - STARTED YES PLANET RISHON
2025-11-28 03:30:25,462 - cinemas.yes_planet - INFO - DONE YES PLANET RISHON
2025-11-28 03:30:25,462 - cinemas.yes_planet - INFO - STARTED YES PLANET AYALON
2025-11-28 03:30:27,368 - cinemas.yes_planet - INFO - DONE YES PLANET AYALON
2025-11-28 03:30:27,368 - cinemas.yes_planet - INFO - STARTED YES PLANET ZICHRON
2025-11-28 03:30:28,054 - cinemas.yes_planet - INFO - DONE YES PLANET ZICHRON
2025-11-28 03:30:28,054 - cinemas.yes_planet - INFO - STARTED YES PLANET HAIFA
2025-11-28 03:30:29,385 - cinemas.yes_planet - INFO - DONE YES PLANET HAIFA
2025-11-28 03:30:29,386 - cinemas.yes_planet - INFO - STARTED YES PLANET JERUSALEM
2025-11-28 03:30:30,069 - cinemas.yes_planet - INFO - DONE YES PLANET JERUSALEM
2025-11-28 03:30:30,069 - cinemas.yes_planet - INFO - STARTED YES PLANET BEER_SHEVA
2025-11-28 03:30:30,925 - cinemas.yes_planet - INFO - DONE YES PLANET BEER_SHEVA
2025-11-28 03:30:30,926 - cinemas.yes_planet - INFO - DONE YES PLANET
2025-11-28 03:30:30,926 - cinemas.rav_hen - INFO - STARTED RAV HEN
2025-11-28 03:30:30,926 - cinemas.rav_hen - INFO - STARTED RAV HEN GIVATAIM
2025-11-28 03:30:35,433 - cinemas.rav_hen - INFO - DONE RAV HEN GIVATAIM
2025-11-28 03:30:35,434 - cinemas.rav_hen - INFO - STARTED RAV HEN DIZINGOF
2025-11-28 03:30:35,864 - cinemas.rav_hen - INFO - DONE RAV HEN DIZINGOF
2025-11-28 03:30:35,864 - cinemas.rav_hen - INFO - STARTED RAV HEN MODIIN
2025-11-28 03:30:36,362 - cinemas.rav_hen - INFO - DONE RAV HEN MODIIN
2025-11-28 03:30:36,362 - cinemas.rav_hen - INFO - STARTED RAV HEN KIRYAT_ONO
2025-11-28 03:30:37,482 - cinemas.rav_hen - INFO - DONE RAV HEN KIRYAT_ONO
2025-11-28 03:30:37,483 - cinemas.rav_hen - INFO - DONE RAV HEN
2025-11-28 03:30:37,483 - cinemas.hot_cinema - INFO - STARTED HOT CINEMA
2025-11-28 03:30:37,483 - cinemas.hot_cinema - INFO - STARTED HOT CINEMA MODIIN
2025-11-28 03:46:27,523 - root - ERROR - hot cinema crashed
Traceback (most recent call last):
  File "/opt/hostedtoolcache/Python/3.11.14/x64/lib/python3.11/site-packages/urllib3/connectionpool.py", line 404, in _make_request
    self._validate_conn(conn)
  File "/opt/hostedtoolcache/Python/3.11.14/x64/lib/python3.11/site-packages/urllib3/connectionpool.py", line 1061, in _validate_conn
    conn.connect()
  File "/opt/hostedtoolcache/Python/3.11.14/x64/lib/python3.11/site-packages/urllib3/connection.py", line 419, in connect
    self.sock = ssl_wrap_socket(
                ^^^^^^^^^^^^^^^^
  File "/opt/hostedtoolcache/Python/3.11.14/x64/lib/python3.11/site-packages/urllib3/util/ssl_.py", line 458, in ssl_wrap_socket
    ssl_sock = _ssl_wrap_socket_impl(
               ^^^^^^^^^^^^^^^^^^^^^^
  File "/opt/hostedtoolcache/Python/3.11.14/x64/lib/python3.11/site-packages/urllib3/util/ssl_.py", line 502, in _ssl_wrap_socket_impl
    return ssl_context.wrap_socket(sock, server_hostname=server_hostname)
           ^^^^^^^^^^^^^^^^^^^^^^^^^^^^^^^^^^^^^^^^^^^^^^^^^^^^^^^^^^^^^^
  File "/opt/hostedtoolcache/Python/3.11.14/x64/lib/python3.11/ssl.py", line 517, in wrap_socket
    return self.sslsocket_class._create(
           ^^^^^^^^^^^^^^^^^^^^^^^^^^^^^
  File "/opt/hostedtoolcache/Python/3.11.14/x64/lib/python3.11/ssl.py", line 1104, in _create
    self.do_handshake()
  File "/opt/hostedtoolcache/Python/3.11.14/x64/lib/python3.11/ssl.py", line 1382, in do_handshake
    self._sslobj.do_handshake()
TimeoutError: [Errno 110] Connection timed out

During handling of the above exception, another exception occurred:

Traceback (most recent call last):
  File "/opt/hostedtoolcache/Python/3.11.14/x64/lib/python3.11/site-packages/requests/adapters.py", line 644, in send
    resp = conn.urlopen(
           ^^^^^^^^^^^^^
  File "/opt/hostedtoolcache/Python/3.11.14/x64/lib/python3.11/site-packages/urllib3/connectionpool.py", line 802, in urlopen
    retries = retries.increment(
              ^^^^^^^^^^^^^^^^^^
  File "/opt/hostedtoolcache/Python/3.11.14/x64/lib/python3.11/site-packages/urllib3/util/retry.py", line 552, in increment
    raise six.reraise(type(error), error, _stacktrace)
          ^^^^^^^^^^^^^^^^^^^^^^^^^^^^^^^^^^^^^^^^^^^^
  File "/opt/hostedtoolcache/Python/3.11.14/x64/lib/python3.11/site-packages/urllib3/packages/six.py", line 770, in reraise
    raise value
  File "/opt/hostedtoolcache/Python/3.11.14/x64/lib/python3.11/site-packages/urllib3/connectionpool.py", line 716, in urlopen
    httplib_response = self._make_request(
                       ^^^^^^^^^^^^^^^^^^^
  File "/opt/hostedtoolcache/Python/3.11.14/x64/lib/python3.11/site-packages/urllib3/connectionpool.py", line 407, in _make_request
    self._raise_timeout(err=e, url=url, timeout_value=conn.timeout)
  File "/opt/hostedtoolcache/Python/3.11.14/x64/lib/python3.11/site-packages/urllib3/connectionpool.py", line 358, in _raise_timeout
    raise ReadTimeoutError(
urllib3.exceptions.ReadTimeoutError: HTTPSConnectionPool(host='hotcinema.co.il', port=443): Read timed out. (read timeout=None)

During handling of the above exception, another exception occurred:

Traceback (most recent call last):
  File "/home/runner/work/Movie-Time-Server/Movie-Time-Server/main.py", line 56, in get_screenings_from_cinema
    return unsafe_get_screenings_from_cinema(get_screening, cinema, date, s)
           ^^^^^^^^^^^^^^^^^^^^^^^^^^^^^^^^^^^^^^^^^^^^^^^^^^^^^^^^^^^^^^^^^
  File "/opt/hostedtoolcache/Python/3.11.14/x64/lib/python3.11/site-packages/decorator.py", line 235, in fun
    return caller(func, *(extras + args), **kw)
           ^^^^^^^^^^^^^^^^^^^^^^^^^^^^^^^^^^^^
  File "/opt/hostedtoolcache/Python/3.11.14/x64/lib/python3.11/site-packages/retry/api.py", line 90, in retry_decorator
    return __retry_internal(partial(f, *args, **kwargs), exceptions, tries, delay, max_delay, backoff, jitter,
           ^^^^^^^^^^^^^^^^^^^^^^^^^^^^^^^^^^^^^^^^^^^^^^^^^^^^^^^^^^^^^^^^^^^^^^^^^^^^^^^^^^^^^^^^^^^^^^^^^^^
  File "/opt/hostedtoolcache/Python/3.11.14/x64/lib/python3.11/site-packages/retry/api.py", line 35, in __retry_internal
    return f()
           ^^^
  File "/home/runner/work/Movie-Time-Server/Movie-Time-Server/main.py", line 71, in unsafe_get_screenings_from_cinema
    screenings = get_screening(year, month, day, s)
                 ^^^^^^^^^^^^^^^^^^^^^^^^^^^^^^^^^^
  File "/home/runner/work/Movie-Time-Server/Movie-Time-Server/cinemas/hot_cinema.py", line 131, in get_screenings
    screenings.extend(get_by_location(location, date, s))
                      ^^^^^^^^^^^^^^^^^^^^^^^^^^^^^^^^^^
  File "/home/runner/work/Movie-Time-Server/Movie-Time-Server/cinemas/hot_cinema.py", line 104, in get_by_location
    res = s.get(url).json()
          ^^^^^^^^^^
  File "/opt/hostedtoolcache/Python/3.11.14/x64/lib/python3.11/site-packages/requests/sessions.py", line 602, in get
    return self.request("GET", url, **kwargs)
           ^^^^^^^^^^^^^^^^^^^^^^^^^^^^^^^^^^
  File "/opt/hostedtoolcache/Python/3.11.14/x64/lib/python3.11/site-packages/requests/sessions.py", line 589, in request
    resp = self.send(prep, **send_kwargs)
           ^^^^^^^^^^^^^^^^^^^^^^^^^^^^^^
  File "/opt/hostedtoolcache/Python/3.11.14/x64/lib/python3.11/site-packages/requests/sessions.py", line 703, in send
    r = adapter.send(request, **kwargs)
        ^^^^^^^^^^^^^^^^^^^^^^^^^^^^^^^
  File "/opt/hostedtoolcache/Python/3.11.14/x64/lib/python3.11/site-packages/requests/adapters.py", line 690, in send
    raise ReadTimeout(e, request=request)
requests.exceptions.ReadTimeout: HTTPSConnectionPool(host='hotcinema.co.il', port=443): Read timed out. (read timeout=None)
2025-11-28 03:46:27,541 - cinemas.cinema_city - INFO - STARTED CINEMA CITY
2025-11-28 03:46:36,892 - proxy - INFO - Proxy: {'YourFuckingIPAddress': '45.150.108.125', 'YourFuckingLocation': 'Petah Tikva, M, Israel', 'YourFuckingHostname': '45.150.108.125', 'YourFuckingISP': 'BlueVPS OU', 'YourFuckingTorExit': False, 'YourFuckingCity': 'Petah Tikva', 'YourFuckingCountry': 'Israel', 'YourFuckingCountryCode': 'IL'}
2025-11-28 03:46:36,892 - cinemas.cinema_city - INFO - STARTED CINEMA CITY GLILOT
2025-11-28 03:48:29,425 - cinemas.cinema_city - INFO - DONE CINEMA CITY GLILOT
2025-11-28 03:48:29,425 - cinemas.cinema_city - INFO - STARTED CINEMA CITY RISHON
2025-11-28 03:48:44,932 - cinemas.cinema_city - INFO - DONE CINEMA CITY RISHON
2025-11-28 03:48:44,932 - cinemas.cinema_city - INFO - STARTED CINEMA CITY JERUSALEM
2025-11-28 03:48:46,316 - cinemas.cinema_city - INFO - DONE CINEMA CITY JERUSALEM
2025-11-28 03:48:46,316 - cinemas.cinema_city - INFO - STARTED CINEMA CITY KFAR_SABBA
2025-11-28 03:48:50,410 - cinemas.cinema_city - INFO - DONE CINEMA CITY KFAR_SABBA
2025-11-28 03:48:50,410 - cinemas.cinema_city - INFO - STARTED CINEMA CITY NATANIA
2025-11-28 03:48:51,631 - cinemas.cinema_city - INFO - DONE CINEMA CITY NATANIA
2025-11-28 03:48:51,631 - cinemas.cinema_city - INFO - STARTED CINEMA CITY BEER_SHEVA
2025-11-28 03:48:52,657 - cinemas.cinema_city - INFO - DONE CINEMA CITY BEER_SHEVA
2025-11-28 03:48:52,657 - cinemas.cinema_city - INFO - STARTED CINEMA CITY HADERA
2025-11-28 03:48:53,715 - cinemas.cinema_city - INFO - DONE CINEMA CITY HADERA
2025-11-28 03:48:53,715 - cinemas.cinema_city - INFO - STARTED CINEMA CITY ASHDOD
2025-11-28 03:48:57,453 - cinemas.cinema_city - WARNING - error while getting movie info:
Traceback (most recent call last):
  File "/home/runner/work/Movie-Time-Server/Movie-Time-Server/cinemas/cinema_city.py", line 123, in get_by_location
    for movie in res.json():
                 ^^^^^^^^^^
  File "/home/runner/work/Movie-Time-Server/Movie-Time-Server/proxy.py", line 18, in json
    return json.loads(self.pre)
           ^^^^^^^^^^^^^^^^^^^^
  File "/opt/hostedtoolcache/Python/3.11.14/x64/lib/python3.11/json/__init__.py", line 339, in loads
    raise TypeError(f'the JSON object must be str, bytes or bytearray, '
TypeError: the JSON object must be str, bytes or bytearray, not NoneType
2025-11-28 03:48:57,472 - cinemas.cinema_city - INFO - DONE CINEMA CITY ASHDOD
2025-11-28 03:48:57,560 - proxy - INFO - Proxy removed
2025-11-28 03:48:57,560 - cinemas.cinema_city - INFO - DONE CINEMA CITY
2025-11-28 03:48:57,560 - cinemas.lev - INFO - STARTED LEV
2025-11-28 03:48:59,255 - proxy - INFO - Proxy: {'YourFuckingIPAddress': '45.150.108.125', 'YourFuckingLocation': 'Petah Tikva, M, Israel', 'YourFuckingHostname': '45.150.108.125', 'YourFuckingISP': 'BlueVPS OU', 'YourFuckingTorExit': False, 'YourFuckingCity': 'Petah Tikva', 'YourFuckingCountry': 'Israel', 'YourFuckingCountryCode': 'IL'}
2025-11-28 03:48:59,256 - cinemas.lev - INFO - STARTED LEV TEL_AVIV
2025-11-28 03:49:01,772 - cinemas.lev - INFO - DONE LEV TEL_AVIV
2025-11-28 03:49:01,772 - cinemas.lev - INFO - STARTED LEV RAMAT_HASHARON
2025-11-28 03:49:02,494 - cinemas.lev - INFO - DONE LEV RAMAT_HASHARON
2025-11-28 03:49:02,494 - cinemas.lev - INFO - STARTED LEV MANDARIN
2025-11-28 03:49:03,070 - cinemas.lev - INFO - DONE LEV MANDARIN
2025-11-28 03:49:03,070 - cinemas.lev - INFO - STARTED LEV EVEN_YEHUDA
2025-11-28 03:49:03,847 - cinemas.lev - INFO - DONE LEV EVEN_YEHUDA
2025-11-28 03:49:03,847 - cinemas.lev - INFO - STARTED LEV SMADAR
2025-11-28 03:49:04,418 - cinemas.lev - INFO - DONE LEV SMADAR
2025-11-28 03:49:04,419 - cinemas.lev - INFO - STARTED LEV RAANANA
2025-11-28 03:49:05,159 - cinemas.lev - INFO - DONE LEV RAANANA
2025-11-28 03:49:05,160 - cinemas.lev - INFO - STARTED LEV OMER
2025-11-28 03:49:05,528 - cinemas.lev - INFO - DONE LEV OMER
2025-11-28 03:49:05,528 - cinemas.lev - INFO - STARTED LEV SHOHAM
2025-11-28 03:49:06,173 - cinemas.lev - INFO - DONE LEV SHOHAM
2025-11-28 03:49:06,174 - cinemas.lev - INFO - STARTED LEV DANIEL
2025-11-28 03:49:06,543 - cinemas.lev - INFO - DONE LEV DANIEL
2025-11-28 03:49:06,604 - proxy - INFO - Proxy removed
2025-11-28 03:49:06,604 - cinemas.lev - INFO - DONE LEV
2025-11-28 03:49:06,604 - cinemas.movieland - INFO - STARTED Movie Land
2025-11-28 03:49:06,604 - cinemas.movieland - INFO - STARTED Movie Land CARMIEL
2025-11-28 03:49:12,493 - cinemas.movieland - INFO - DONE Movie Land CARMIEL
2025-11-28 03:49:12,493 - cinemas.movieland - INFO - STARTED Movie Land HAIFA
2025-11-28 03:49:13,111 - cinemas.movieland - INFO - DONE Movie Land HAIFA
2025-11-28 03:49:13,111 - cinemas.movieland - INFO - STARTED Movie Land NATANYA
2025-11-28 03:49:16,057 - cinemas.movieland - INFO - DONE Movie Land NATANYA
2025-11-28 03:49:16,057 - cinemas.movieland - INFO - DONE Movie Land
2025-11-28 03:49:16,057 - root - INFO - ********************
2025-11-28 03:49:16,057 - root - INFO - started checking for:29-11-2025
2025-11-28 03:49:16,057 - cinemas.yes_planet - INFO - STARTED YES PLANET
2025-11-28 03:49:16,057 - cinemas.yes_planet - INFO - STARTED YES PLANET RISHON
2025-11-28 03:49:19,418 - cinemas.yes_planet - INFO - DONE YES PLANET RISHON
2025-11-28 03:49:19,418 - cinemas.yes_planet - INFO - STARTED YES PLANET AYALON
2025-11-28 03:49:22,015 - cinemas.yes_planet - INFO - DONE YES PLANET AYALON
2025-11-28 03:49:22,015 - cinemas.yes_planet - INFO - STARTED YES PLANET ZICHRON
2025-11-28 03:49:22,683 - cinemas.yes_planet - INFO - DONE YES PLANET ZICHRON
2025-11-28 03:49:22,683 - cinemas.yes_planet - INFO - STARTED YES PLANET HAIFA
2025-11-28 03:49:24,217 - cinemas.yes_planet - INFO - DONE YES PLANET HAIFA
2025-11-28 03:49:24,217 - cinemas.yes_planet - INFO - STARTED YES PLANET JERUSALEM
2025-11-28 03:49:26,303 - cinemas.yes_planet - INFO - DONE YES PLANET JERUSALEM
2025-11-28 03:49:26,303 - cinemas.yes_planet - INFO - STARTED YES PLANET BEER_SHEVA
2025-11-28 03:49:26,965 - cinemas.yes_planet - INFO - DONE YES PLANET BEER_SHEVA
2025-11-28 03:49:26,965 - cinemas.yes_planet - INFO - DONE YES PLANET
2025-11-28 03:49:26,966 - cinemas.rav_hen - INFO - STARTED RAV HEN
2025-11-28 03:49:26,966 - cinemas.rav_hen - INFO - STARTED RAV HEN GIVATAIM
2025-11-28 03:49:30,836 - cinemas.rav_hen - INFO - DONE RAV HEN GIVATAIM
2025-11-28 03:49:30,837 - cinemas.rav_hen - INFO - STARTED RAV HEN DIZINGOF
2025-11-28 03:49:31,410 - cinemas.rav_hen - INFO - DONE RAV HEN DIZINGOF
2025-11-28 03:49:31,411 - cinemas.rav_hen - INFO - STARTED RAV HEN MODIIN
2025-11-28 03:49:31,905 - cinemas.rav_hen - INFO - DONE RAV HEN MODIIN
2025-11-28 03:49:31,905 - cinemas.rav_hen - INFO - STARTED RAV HEN KIRYAT_ONO
2025-11-28 03:49:33,062 - cinemas.rav_hen - INFO - DONE RAV HEN KIRYAT_ONO
2025-11-28 03:49:33,062 - cinemas.rav_hen - INFO - DONE RAV HEN
2025-11-28 03:49:33,062 - cinemas.hot_cinema - INFO - STARTED HOT CINEMA
2025-11-28 03:49:33,063 - cinemas.hot_cinema - INFO - STARTED HOT CINEMA MODIIN
2025-11-28 04:05:22,115 - root - ERROR - hot cinema crashed
Traceback (most recent call last):
  File "/opt/hostedtoolcache/Python/3.11.14/x64/lib/python3.11/site-packages/urllib3/connectionpool.py", line 404, in _make_request
    self._validate_conn(conn)
  File "/opt/hostedtoolcache/Python/3.11.14/x64/lib/python3.11/site-packages/urllib3/connectionpool.py", line 1061, in _validate_conn
    conn.connect()
  File "/opt/hostedtoolcache/Python/3.11.14/x64/lib/python3.11/site-packages/urllib3/connection.py", line 419, in connect
    self.sock = ssl_wrap_socket(
                ^^^^^^^^^^^^^^^^
  File "/opt/hostedtoolcache/Python/3.11.14/x64/lib/python3.11/site-packages/urllib3/util/ssl_.py", line 458, in ssl_wrap_socket
    ssl_sock = _ssl_wrap_socket_impl(
               ^^^^^^^^^^^^^^^^^^^^^^
  File "/opt/hostedtoolcache/Python/3.11.14/x64/lib/python3.11/site-packages/urllib3/util/ssl_.py", line 502, in _ssl_wrap_socket_impl
    return ssl_context.wrap_socket(sock, server_hostname=server_hostname)
           ^^^^^^^^^^^^^^^^^^^^^^^^^^^^^^^^^^^^^^^^^^^^^^^^^^^^^^^^^^^^^^
  File "/opt/hostedtoolcache/Python/3.11.14/x64/lib/python3.11/ssl.py", line 517, in wrap_socket
    return self.sslsocket_class._create(
           ^^^^^^^^^^^^^^^^^^^^^^^^^^^^^
  File "/opt/hostedtoolcache/Python/3.11.14/x64/lib/python3.11/ssl.py", line 1104, in _create
    self.do_handshake()
  File "/opt/hostedtoolcache/Python/3.11.14/x64/lib/python3.11/ssl.py", line 1382, in do_handshake
    self._sslobj.do_handshake()
TimeoutError: [Errno 110] Connection timed out

During handling of the above exception, another exception occurred:

Traceback (most recent call last):
  File "/opt/hostedtoolcache/Python/3.11.14/x64/lib/python3.11/site-packages/requests/adapters.py", line 644, in send
    resp = conn.urlopen(
           ^^^^^^^^^^^^^
  File "/opt/hostedtoolcache/Python/3.11.14/x64/lib/python3.11/site-packages/urllib3/connectionpool.py", line 802, in urlopen
    retries = retries.increment(
              ^^^^^^^^^^^^^^^^^^
  File "/opt/hostedtoolcache/Python/3.11.14/x64/lib/python3.11/site-packages/urllib3/util/retry.py", line 552, in increment
    raise six.reraise(type(error), error, _stacktrace)
          ^^^^^^^^^^^^^^^^^^^^^^^^^^^^^^^^^^^^^^^^^^^^
  File "/opt/hostedtoolcache/Python/3.11.14/x64/lib/python3.11/site-packages/urllib3/packages/six.py", line 770, in reraise
    raise value
  File "/opt/hostedtoolcache/Python/3.11.14/x64/lib/python3.11/site-packages/urllib3/connectionpool.py", line 716, in urlopen
    httplib_response = self._make_request(
                       ^^^^^^^^^^^^^^^^^^^
  File "/opt/hostedtoolcache/Python/3.11.14/x64/lib/python3.11/site-packages/urllib3/connectionpool.py", line 407, in _make_request
    self._raise_timeout(err=e, url=url, timeout_value=conn.timeout)
  File "/opt/hostedtoolcache/Python/3.11.14/x64/lib/python3.11/site-packages/urllib3/connectionpool.py", line 358, in _raise_timeout
    raise ReadTimeoutError(
urllib3.exceptions.ReadTimeoutError: HTTPSConnectionPool(host='hotcinema.co.il', port=443): Read timed out. (read timeout=None)

During handling of the above exception, another exception occurred:

Traceback (most recent call last):
  File "/home/runner/work/Movie-Time-Server/Movie-Time-Server/main.py", line 56, in get_screenings_from_cinema
    return unsafe_get_screenings_from_cinema(get_screening, cinema, date, s)
           ^^^^^^^^^^^^^^^^^^^^^^^^^^^^^^^^^^^^^^^^^^^^^^^^^^^^^^^^^^^^^^^^^
  File "/opt/hostedtoolcache/Python/3.11.14/x64/lib/python3.11/site-packages/decorator.py", line 235, in fun
    return caller(func, *(extras + args), **kw)
           ^^^^^^^^^^^^^^^^^^^^^^^^^^^^^^^^^^^^
  File "/opt/hostedtoolcache/Python/3.11.14/x64/lib/python3.11/site-packages/retry/api.py", line 90, in retry_decorator
    return __retry_internal(partial(f, *args, **kwargs), exceptions, tries, delay, max_delay, backoff, jitter,
           ^^^^^^^^^^^^^^^^^^^^^^^^^^^^^^^^^^^^^^^^^^^^^^^^^^^^^^^^^^^^^^^^^^^^^^^^^^^^^^^^^^^^^^^^^^^^^^^^^^^
  File "/opt/hostedtoolcache/Python/3.11.14/x64/lib/python3.11/site-packages/retry/api.py", line 35, in __retry_internal
    return f()
           ^^^
  File "/home/runner/work/Movie-Time-Server/Movie-Time-Server/main.py", line 71, in unsafe_get_screenings_from_cinema
    screenings = get_screening(year, month, day, s)
                 ^^^^^^^^^^^^^^^^^^^^^^^^^^^^^^^^^^
  File "/home/runner/work/Movie-Time-Server/Movie-Time-Server/cinemas/hot_cinema.py", line 131, in get_screenings
    screenings.extend(get_by_location(location, date, s))
                      ^^^^^^^^^^^^^^^^^^^^^^^^^^^^^^^^^^
  File "/home/runner/work/Movie-Time-Server/Movie-Time-Server/cinemas/hot_cinema.py", line 104, in get_by_location
    res = s.get(url).json()
          ^^^^^^^^^^
  File "/opt/hostedtoolcache/Python/3.11.14/x64/lib/python3.11/site-packages/requests/sessions.py", line 602, in get
    return self.request("GET", url, **kwargs)
           ^^^^^^^^^^^^^^^^^^^^^^^^^^^^^^^^^^
  File "/opt/hostedtoolcache/Python/3.11.14/x64/lib/python3.11/site-packages/requests/sessions.py", line 589, in request
    resp = self.send(prep, **send_kwargs)
           ^^^^^^^^^^^^^^^^^^^^^^^^^^^^^^
  File "/opt/hostedtoolcache/Python/3.11.14/x64/lib/python3.11/site-packages/requests/sessions.py", line 703, in send
    r = adapter.send(request, **kwargs)
        ^^^^^^^^^^^^^^^^^^^^^^^^^^^^^^^
  File "/opt/hostedtoolcache/Python/3.11.14/x64/lib/python3.11/site-packages/requests/adapters.py", line 690, in send
    raise ReadTimeout(e, request=request)
requests.exceptions.ReadTimeout: HTTPSConnectionPool(host='hotcinema.co.il', port=443): Read timed out. (read timeout=None)
2025-11-28 04:05:22,116 - cinemas.cinema_city - INFO - STARTED CINEMA CITY
2025-11-28 04:05:24,172 - proxy - INFO - Proxy: {'YourFuckingIPAddress': '45.150.108.125', 'YourFuckingLocation': 'Petah Tikva, M, Israel', 'YourFuckingHostname': '45.150.108.125', 'YourFuckingISP': 'BlueVPS OU', 'YourFuckingTorExit': False, 'YourFuckingCity': 'Petah Tikva', 'YourFuckingCountry': 'Israel', 'YourFuckingCountryCode': 'IL'}
2025-11-28 04:05:24,173 - cinemas.cinema_city - INFO - STARTED CINEMA CITY GLILOT
2025-11-28 04:05:44,685 - cinemas.cinema_city - INFO - DONE CINEMA CITY GLILOT
2025-11-28 04:05:44,685 - cinemas.cinema_city - INFO - STARTED CINEMA CITY RISHON
2025-11-28 04:05:54,648 - cinemas.cinema_city - INFO - DONE CINEMA CITY RISHON
2025-11-28 04:05:54,648 - cinemas.cinema_city - INFO - STARTED CINEMA CITY JERUSALEM
2025-11-28 04:06:01,561 - cinemas.cinema_city - INFO - DONE CINEMA CITY JERUSALEM
2025-11-28 04:06:01,561 - cinemas.cinema_city - INFO - STARTED CINEMA CITY KFAR_SABBA
2025-11-28 04:06:02,437 - cinemas.cinema_city - INFO - DONE CINEMA CITY KFAR_SABBA
2025-11-28 04:06:02,437 - cinemas.cinema_city - INFO - STARTED CINEMA CITY NATANIA
2025-11-28 04:06:06,007 - cinemas.cinema_city - INFO - DONE CINEMA CITY NATANIA
2025-11-28 04:06:06,008 - cinemas.cinema_city - INFO - STARTED CINEMA CITY BEER_SHEVA
2025-11-28 04:06:10,025 - cinemas.cinema_city - INFO - DONE CINEMA CITY BEER_SHEVA
2025-11-28 04:06:10,025 - cinemas.cinema_city - INFO - STARTED CINEMA CITY HADERA
2025-11-28 04:06:10,655 - cinemas.cinema_city - INFO - DONE CINEMA CITY HADERA
2025-11-28 04:06:10,655 - cinemas.cinema_city - INFO - STARTED CINEMA CITY ASHDOD
2025-11-28 04:06:11,564 - cinemas.cinema_city - WARNING - error while getting movie info:
Traceback (most recent call last):
  File "/home/runner/work/Movie-Time-Server/Movie-Time-Server/cinemas/cinema_city.py", line 123, in get_by_location
    for movie in res.json():
                 ^^^^^^^^^^
  File "/home/runner/work/Movie-Time-Server/Movie-Time-Server/proxy.py", line 18, in json
    return json.loads(self.pre)
           ^^^^^^^^^^^^^^^^^^^^
  File "/opt/hostedtoolcache/Python/3.11.14/x64/lib/python3.11/json/__init__.py", line 339, in loads
    raise TypeError(f'the JSON object must be str, bytes or bytearray, '
TypeError: the JSON object must be str, bytes or bytearray, not NoneType
2025-11-28 04:06:11,565 - cinemas.cinema_city - INFO - DONE CINEMA CITY ASHDOD
2025-11-28 04:06:11,647 - proxy - INFO - Proxy removed
2025-11-28 04:06:11,647 - cinemas.cinema_city - INFO - DONE CINEMA CITY
2025-11-28 04:06:11,647 - cinemas.lev - INFO - STARTED LEV
2025-11-28 04:06:12,883 - proxy - INFO - Proxy: {'YourFuckingIPAddress': '45.150.108.125', 'YourFuckingLocation': 'Petah Tikva, M, Israel', 'YourFuckingHostname': '45.150.108.125', 'YourFuckingISP': 'BlueVPS OU', 'YourFuckingTorExit': False, 'YourFuckingCity': 'Petah Tikva', 'YourFuckingCountry': 'Israel', 'YourFuckingCountryCode': 'IL'}
2025-11-28 04:06:12,883 - cinemas.lev - INFO - STARTED LEV TEL_AVIV
2025-11-28 04:06:15,286 - cinemas.lev - INFO - DONE LEV TEL_AVIV
2025-11-28 04:06:15,286 - cinemas.lev - INFO - STARTED LEV RAMAT_HASHARON
2025-11-28 04:06:16,088 - cinemas.lev - INFO - DONE LEV RAMAT_HASHARON
2025-11-28 04:06:16,088 - cinemas.lev - INFO - STARTED LEV MANDARIN
2025-11-28 04:06:16,724 - cinemas.lev - INFO - DONE LEV MANDARIN
2025-11-28 04:06:16,724 - cinemas.lev - INFO - STARTED LEV EVEN_YEHUDA
2025-11-28 04:06:17,491 - cinemas.lev - INFO - DONE LEV EVEN_YEHUDA
2025-11-28 04:06:17,492 - cinemas.lev - INFO - STARTED LEV SMADAR
2025-11-28 04:06:17,924 - cinemas.lev - INFO - DONE LEV SMADAR
2025-11-28 04:06:17,924 - cinemas.lev - INFO - STARTED LEV RAANANA
2025-11-28 04:06:18,795 - cinemas.lev - INFO - DONE LEV RAANANA
2025-11-28 04:06:18,795 - cinemas.lev - INFO - STARTED LEV OMER
2025-11-28 04:06:19,163 - cinemas.lev - INFO - DONE LEV OMER
2025-11-28 04:06:19,163 - cinemas.lev - INFO - STARTED LEV SHOHAM
2025-11-28 04:06:19,790 - cinemas.lev - INFO - DONE LEV SHOHAM
2025-11-28 04:06:19,790 - cinemas.lev - INFO - STARTED LEV DANIEL
2025-11-28 04:06:20,171 - cinemas.lev - INFO - DONE LEV DANIEL
2025-11-28 04:06:20,232 - proxy - INFO - Proxy removed
2025-11-28 04:06:20,232 - cinemas.lev - INFO - DONE LEV
2025-11-28 04:06:20,233 - cinemas.movieland - INFO - STARTED Movie Land
2025-11-28 04:06:20,233 - cinemas.movieland - INFO - STARTED Movie Land CARMIEL
2025-11-28 04:06:21,888 - cinemas.movieland - INFO - DONE Movie Land CARMIEL
2025-11-28 04:06:21,888 - cinemas.movieland - INFO - STARTED Movie Land HAIFA
2025-11-28 04:06:21,889 - cinemas.movieland - INFO - DONE Movie Land HAIFA
2025-11-28 04:06:21,889 - cinemas.movieland - INFO - STARTED Movie Land NATANYA
2025-11-28 04:06:22,750 - cinemas.movieland - INFO - DONE Movie Land NATANYA
2025-11-28 04:06:22,750 - cinemas.movieland - INFO - DONE Movie Land
2025-11-28 04:06:22,750 - root - INFO - ********************
2025-11-28 04:06:22,750 - root - INFO - started checking for:30-11-2025
2025-11-28 04:06:22,750 - cinemas.yes_planet - INFO - STARTED YES PLANET
2025-11-28 04:06:22,750 - cinemas.yes_planet - INFO - STARTED YES PLANET RISHON
2025-11-28 04:06:23,521 - cinemas.yes_planet - INFO - DONE YES PLANET RISHON
2025-11-28 04:06:23,521 - cinemas.yes_planet - INFO - STARTED YES PLANET AYALON
2025-11-28 04:06:24,258 - cinemas.yes_planet - INFO - DONE YES PLANET AYALON
2025-11-28 04:06:24,258 - cinemas.yes_planet - INFO - STARTED YES PLANET ZICHRON
2025-11-28 04:06:24,893 - cinemas.yes_planet - INFO - DONE YES PLANET ZICHRON
2025-11-28 04:06:24,893 - cinemas.yes_planet - INFO - STARTED YES PLANET HAIFA
2025-11-28 04:06:25,591 - cinemas.yes_planet - INFO - DONE YES PLANET HAIFA
2025-11-28 04:06:25,591 - cinemas.yes_planet - INFO - STARTED YES PLANET JERUSALEM
2025-11-28 04:06:26,180 - cinemas.yes_planet - INFO - DONE YES PLANET JERUSALEM
2025-11-28 04:06:26,180 - cinemas.yes_planet - INFO - STARTED YES PLANET BEER_SHEVA
2025-11-28 04:06:26,854 - cinemas.yes_planet - INFO - DONE YES PLANET BEER_SHEVA
2025-11-28 04:06:26,854 - cinemas.yes_planet - INFO - DONE YES PLANET
2025-11-28 04:06:26,854 - cinemas.rav_hen - INFO - STARTED RAV HEN
2025-11-28 04:06:26,854 - cinemas.rav_hen - INFO - STARTED RAV HEN GIVATAIM
2025-11-28 04:06:27,422 - cinemas.rav_hen - INFO - DONE RAV HEN GIVATAIM
2025-11-28 04:06:27,422 - cinemas.rav_hen - INFO - STARTED RAV HEN DIZINGOF
2025-11-28 04:06:27,917 - cinemas.rav_hen - INFO - DONE RAV HEN DIZINGOF
2025-11-28 04:06:27,917 - cinemas.rav_hen - INFO - STARTED RAV HEN MODIIN
2025-11-28 04:06:28,427 - cinemas.rav_hen - INFO - DONE RAV HEN MODIIN
2025-11-28 04:06:28,427 - cinemas.rav_hen - INFO - STARTED RAV HEN KIRYAT_ONO
2025-11-28 04:06:28,927 - cinemas.rav_hen - INFO - DONE RAV HEN KIRYAT_ONO
2025-11-28 04:06:28,927 - cinemas.rav_hen - INFO - DONE RAV HEN
2025-11-28 04:06:28,927 - cinemas.hot_cinema - INFO - STARTED HOT CINEMA
2025-11-28 04:06:28,927 - cinemas.hot_cinema - INFO - STARTED HOT CINEMA MODIIN
2025-11-28 04:22:26,115 - root - ERROR - hot cinema crashed
Traceback (most recent call last):
  File "/opt/hostedtoolcache/Python/3.11.14/x64/lib/python3.11/site-packages/urllib3/connectionpool.py", line 404, in _make_request
    self._validate_conn(conn)
  File "/opt/hostedtoolcache/Python/3.11.14/x64/lib/python3.11/site-packages/urllib3/connectionpool.py", line 1061, in _validate_conn
    conn.connect()
  File "/opt/hostedtoolcache/Python/3.11.14/x64/lib/python3.11/site-packages/urllib3/connection.py", line 419, in connect
    self.sock = ssl_wrap_socket(
                ^^^^^^^^^^^^^^^^
  File "/opt/hostedtoolcache/Python/3.11.14/x64/lib/python3.11/site-packages/urllib3/util/ssl_.py", line 458, in ssl_wrap_socket
    ssl_sock = _ssl_wrap_socket_impl(
               ^^^^^^^^^^^^^^^^^^^^^^
  File "/opt/hostedtoolcache/Python/3.11.14/x64/lib/python3.11/site-packages/urllib3/util/ssl_.py", line 502, in _ssl_wrap_socket_impl
    return ssl_context.wrap_socket(sock, server_hostname=server_hostname)
           ^^^^^^^^^^^^^^^^^^^^^^^^^^^^^^^^^^^^^^^^^^^^^^^^^^^^^^^^^^^^^^
  File "/opt/hostedtoolcache/Python/3.11.14/x64/lib/python3.11/ssl.py", line 517, in wrap_socket
    return self.sslsocket_class._create(
           ^^^^^^^^^^^^^^^^^^^^^^^^^^^^^
  File "/opt/hostedtoolcache/Python/3.11.14/x64/lib/python3.11/ssl.py", line 1104, in _create
    self.do_handshake()
  File "/opt/hostedtoolcache/Python/3.11.14/x64/lib/python3.11/ssl.py", line 1382, in do_handshake
    self._sslobj.do_handshake()
TimeoutError: [Errno 110] Connection timed out

During handling of the above exception, another exception occurred:

Traceback (most recent call last):
  File "/opt/hostedtoolcache/Python/3.11.14/x64/lib/python3.11/site-packages/requests/adapters.py", line 644, in send
    resp = conn.urlopen(
           ^^^^^^^^^^^^^
  File "/opt/hostedtoolcache/Python/3.11.14/x64/lib/python3.11/site-packages/urllib3/connectionpool.py", line 802, in urlopen
    retries = retries.increment(
              ^^^^^^^^^^^^^^^^^^
  File "/opt/hostedtoolcache/Python/3.11.14/x64/lib/python3.11/site-packages/urllib3/util/retry.py", line 552, in increment
    raise six.reraise(type(error), error, _stacktrace)
          ^^^^^^^^^^^^^^^^^^^^^^^^^^^^^^^^^^^^^^^^^^^^
  File "/opt/hostedtoolcache/Python/3.11.14/x64/lib/python3.11/site-packages/urllib3/packages/six.py", line 770, in reraise
    raise value
  File "/opt/hostedtoolcache/Python/3.11.14/x64/lib/python3.11/site-packages/urllib3/connectionpool.py", line 716, in urlopen
    httplib_response = self._make_request(
                       ^^^^^^^^^^^^^^^^^^^
  File "/opt/hostedtoolcache/Python/3.11.14/x64/lib/python3.11/site-packages/urllib3/connectionpool.py", line 407, in _make_request
    self._raise_timeout(err=e, url=url, timeout_value=conn.timeout)
  File "/opt/hostedtoolcache/Python/3.11.14/x64/lib/python3.11/site-packages/urllib3/connectionpool.py", line 358, in _raise_timeout
    raise ReadTimeoutError(
urllib3.exceptions.ReadTimeoutError: HTTPSConnectionPool(host='hotcinema.co.il', port=443): Read timed out. (read timeout=None)

During handling of the above exception, another exception occurred:

Traceback (most recent call last):
  File "/home/runner/work/Movie-Time-Server/Movie-Time-Server/main.py", line 56, in get_screenings_from_cinema
    return unsafe_get_screenings_from_cinema(get_screening, cinema, date, s)
           ^^^^^^^^^^^^^^^^^^^^^^^^^^^^^^^^^^^^^^^^^^^^^^^^^^^^^^^^^^^^^^^^^
  File "/opt/hostedtoolcache/Python/3.11.14/x64/lib/python3.11/site-packages/decorator.py", line 235, in fun
    return caller(func, *(extras + args), **kw)
           ^^^^^^^^^^^^^^^^^^^^^^^^^^^^^^^^^^^^
  File "/opt/hostedtoolcache/Python/3.11.14/x64/lib/python3.11/site-packages/retry/api.py", line 90, in retry_decorator
    return __retry_internal(partial(f, *args, **kwargs), exceptions, tries, delay, max_delay, backoff, jitter,
           ^^^^^^^^^^^^^^^^^^^^^^^^^^^^^^^^^^^^^^^^^^^^^^^^^^^^^^^^^^^^^^^^^^^^^^^^^^^^^^^^^^^^^^^^^^^^^^^^^^^
  File "/opt/hostedtoolcache/Python/3.11.14/x64/lib/python3.11/site-packages/retry/api.py", line 35, in __retry_internal
    return f()
           ^^^
  File "/home/runner/work/Movie-Time-Server/Movie-Time-Server/main.py", line 71, in unsafe_get_screenings_from_cinema
    screenings = get_screening(year, month, day, s)
                 ^^^^^^^^^^^^^^^^^^^^^^^^^^^^^^^^^^
  File "/home/runner/work/Movie-Time-Server/Movie-Time-Server/cinemas/hot_cinema.py", line 131, in get_screenings
    screenings.extend(get_by_location(location, date, s))
                      ^^^^^^^^^^^^^^^^^^^^^^^^^^^^^^^^^^
  File "/home/runner/work/Movie-Time-Server/Movie-Time-Server/cinemas/hot_cinema.py", line 104, in get_by_location
    res = s.get(url).json()
          ^^^^^^^^^^
  File "/opt/hostedtoolcache/Python/3.11.14/x64/lib/python3.11/site-packages/requests/sessions.py", line 602, in get
    return self.request("GET", url, **kwargs)
           ^^^^^^^^^^^^^^^^^^^^^^^^^^^^^^^^^^
  File "/opt/hostedtoolcache/Python/3.11.14/x64/lib/python3.11/site-packages/requests/sessions.py", line 589, in request
    resp = self.send(prep, **send_kwargs)
           ^^^^^^^^^^^^^^^^^^^^^^^^^^^^^^
  File "/opt/hostedtoolcache/Python/3.11.14/x64/lib/python3.11/site-packages/requests/sessions.py", line 703, in send
    r = adapter.send(request, **kwargs)
        ^^^^^^^^^^^^^^^^^^^^^^^^^^^^^^^
  File "/opt/hostedtoolcache/Python/3.11.14/x64/lib/python3.11/site-packages/requests/adapters.py", line 690, in send
    raise ReadTimeout(e, request=request)
requests.exceptions.ReadTimeout: HTTPSConnectionPool(host='hotcinema.co.il', port=443): Read timed out. (read timeout=None)
2025-11-28 04:22:26,116 - cinemas.cinema_city - INFO - STARTED CINEMA CITY
2025-11-28 04:22:27,410 - proxy - INFO - Proxy: {'YourFuckingIPAddress': '45.150.108.125', 'YourFuckingLocation': 'Petah Tikva, M, Israel', 'YourFuckingHostname': '45.150.108.125', 'YourFuckingISP': 'BlueVPS OU', 'YourFuckingTorExit': False, 'YourFuckingCity': 'Petah Tikva', 'YourFuckingCountry': 'Israel', 'YourFuckingCountryCode': 'IL'}
2025-11-28 04:22:27,410 - cinemas.cinema_city - INFO - STARTED CINEMA CITY GLILOT
2025-11-28 04:22:29,164 - cinemas.cinema_city - INFO - DONE CINEMA CITY GLILOT
2025-11-28 04:22:29,164 - cinemas.cinema_city - INFO - STARTED CINEMA CITY RISHON
2025-11-28 04:22:45,100 - cinemas.cinema_city - INFO - DONE CINEMA CITY RISHON
2025-11-28 04:22:45,100 - cinemas.cinema_city - INFO - STARTED CINEMA CITY JERUSALEM
2025-11-28 04:22:51,417 - cinemas.cinema_city - INFO - DONE CINEMA CITY JERUSALEM
2025-11-28 04:22:51,417 - cinemas.cinema_city - INFO - STARTED CINEMA CITY KFAR_SABBA
2025-11-28 04:22:52,265 - cinemas.cinema_city - INFO - DONE CINEMA CITY KFAR_SABBA
2025-11-28 04:22:52,265 - cinemas.cinema_city - INFO - STARTED CINEMA CITY NATANIA
2025-11-28 04:22:57,199 - cinemas.cinema_city - INFO - DONE CINEMA CITY NATANIA
2025-11-28 04:22:57,200 - cinemas.cinema_city - INFO - STARTED CINEMA CITY BEER_SHEVA
2025-11-28 04:22:58,211 - cinemas.cinema_city - INFO - DONE CINEMA CITY BEER_SHEVA
2025-11-28 04:22:58,211 - cinemas.cinema_city - INFO - STARTED CINEMA CITY HADERA
2025-11-28 04:22:59,284 - cinemas.cinema_city - INFO - DONE CINEMA CITY HADERA
2025-11-28 04:22:59,284 - cinemas.cinema_city - INFO - STARTED CINEMA CITY ASHDOD
2025-11-28 04:23:00,391 - cinemas.cinema_city - WARNING - error while getting movie info:
Traceback (most recent call last):
  File "/home/runner/work/Movie-Time-Server/Movie-Time-Server/cinemas/cinema_city.py", line 123, in get_by_location
    for movie in res.json():
                 ^^^^^^^^^^
  File "/home/runner/work/Movie-Time-Server/Movie-Time-Server/proxy.py", line 18, in json
    return json.loads(self.pre)
           ^^^^^^^^^^^^^^^^^^^^
  File "/opt/hostedtoolcache/Python/3.11.14/x64/lib/python3.11/json/__init__.py", line 339, in loads
    raise TypeError(f'the JSON object must be str, bytes or bytearray, '
TypeError: the JSON object must be str, bytes or bytearray, not NoneType
2025-11-28 04:23:00,391 - cinemas.cinema_city - INFO - DONE CINEMA CITY ASHDOD
2025-11-28 04:23:00,464 - proxy - INFO - Proxy removed
2025-11-28 04:23:00,464 - cinemas.cinema_city - INFO - DONE CINEMA CITY
2025-11-28 04:23:00,464 - cinemas.lev - INFO - STARTED LEV
2025-11-28 04:23:02,421 - proxy - INFO - Proxy: {'YourFuckingIPAddress': '45.150.108.125', 'YourFuckingLocation': 'Petah Tikva, M, Israel', 'YourFuckingHostname': '45.150.108.125', 'YourFuckingISP': 'BlueVPS OU', 'YourFuckingTorExit': False, 'YourFuckingCity': 'Petah Tikva', 'YourFuckingCountry': 'Israel', 'YourFuckingCountryCode': 'IL'}
2025-11-28 04:23:02,421 - cinemas.lev - INFO - STARTED LEV TEL_AVIV
2025-11-28 04:23:04,665 - cinemas.lev - INFO - DONE LEV TEL_AVIV
2025-11-28 04:23:04,666 - cinemas.lev - INFO - STARTED LEV RAMAT_HASHARON
2025-11-28 04:23:05,460 - cinemas.lev - INFO - DONE LEV RAMAT_HASHARON
2025-11-28 04:23:05,460 - cinemas.lev - INFO - STARTED LEV MANDARIN
2025-11-28 04:23:06,039 - cinemas.lev - INFO - DONE LEV MANDARIN
2025-11-28 04:23:06,039 - cinemas.lev - INFO - STARTED LEV EVEN_YEHUDA
2025-11-28 04:23:06,802 - cinemas.lev - INFO - DONE LEV EVEN_YEHUDA
2025-11-28 04:23:06,802 - cinemas.lev - INFO - STARTED LEV SMADAR
2025-11-28 04:23:07,235 - cinemas.lev - INFO - DONE LEV SMADAR
2025-11-28 04:23:07,235 - cinemas.lev - INFO - STARTED LEV RAANANA
2025-11-28 04:23:08,098 - cinemas.lev - INFO - DONE LEV RAANANA
2025-11-28 04:23:08,098 - cinemas.lev - INFO - STARTED LEV OMER
2025-11-28 04:23:08,477 - cinemas.lev - INFO - DONE LEV OMER
2025-11-28 04:23:08,477 - cinemas.lev - INFO - STARTED LEV SHOHAM
2025-11-28 04:23:09,128 - cinemas.lev - INFO - DONE LEV SHOHAM
2025-11-28 04:23:09,128 - cinemas.lev - INFO - STARTED LEV DANIEL
2025-11-28 04:23:09,454 - cinemas.lev - INFO - DONE LEV DANIEL
2025-11-28 04:23:09,515 - proxy - INFO - Proxy removed
2025-11-28 04:23:09,515 - cinemas.lev - INFO - DONE LEV
2025-11-28 04:23:09,516 - cinemas.movieland - INFO - STARTED Movie Land
2025-11-28 04:23:09,516 - cinemas.movieland - INFO - STARTED Movie Land CARMIEL
2025-11-28 04:23:10,658 - cinemas.movieland - INFO - DONE Movie Land CARMIEL
2025-11-28 04:23:10,658 - cinemas.movieland - INFO - STARTED Movie Land HAIFA
2025-11-28 04:23:10,658 - cinemas.movieland - INFO - DONE Movie Land HAIFA
2025-11-28 04:23:10,659 - cinemas.movieland - INFO - STARTED Movie Land NATANYA
2025-11-28 04:23:10,936 - cinemas.movieland - INFO - DONE Movie Land NATANYA
2025-11-28 04:23:10,936 - cinemas.movieland - INFO - DONE Movie Land
2025-11-28 04:23:10,936 - root - INFO - ********************
2025-11-28 04:23:10,936 - root - INFO - started checking for:01-12-2025
2025-11-28 04:23:10,936 - cinemas.yes_planet - INFO - STARTED YES PLANET
2025-11-28 04:23:10,937 - cinemas.yes_planet - INFO - STARTED YES PLANET RISHON
2025-11-28 04:23:11,718 - cinemas.yes_planet - INFO - DONE YES PLANET RISHON
2025-11-28 04:23:11,718 - cinemas.yes_planet - INFO - STARTED YES PLANET AYALON
2025-11-28 04:23:12,381 - cinemas.yes_planet - INFO - DONE YES PLANET AYALON
2025-11-28 04:23:12,382 - cinemas.yes_planet - INFO - STARTED YES PLANET ZICHRON
2025-11-28 04:23:13,143 - cinemas.yes_planet - INFO - DONE YES PLANET ZICHRON
2025-11-28 04:23:13,143 - cinemas.yes_planet - INFO - STARTED YES PLANET HAIFA
2025-11-28 04:23:13,803 - cinemas.yes_planet - INFO - DONE YES PLANET HAIFA
2025-11-28 04:23:13,803 - cinemas.yes_planet - INFO - STARTED YES PLANET JERUSALEM
2025-11-28 04:23:14,394 - cinemas.yes_planet - INFO - DONE YES PLANET JERUSALEM
2025-11-28 04:23:14,394 - cinemas.yes_planet - INFO - STARTED YES PLANET BEER_SHEVA
2025-11-28 04:23:15,050 - cinemas.yes_planet - INFO - DONE YES PLANET BEER_SHEVA
2025-11-28 04:23:15,050 - cinemas.yes_planet - INFO - DONE YES PLANET
2025-11-28 04:23:15,050 - cinemas.rav_hen - INFO - STARTED RAV HEN
2025-11-28 04:23:15,050 - cinemas.rav_hen - INFO - STARTED RAV HEN GIVATAIM
2025-11-28 04:23:15,710 - cinemas.rav_hen - INFO - DONE RAV HEN GIVATAIM
2025-11-28 04:23:15,710 - cinemas.rav_hen - INFO - STARTED RAV HEN DIZINGOF
2025-11-28 04:23:16,125 - cinemas.rav_hen - INFO - DONE RAV HEN DIZINGOF
2025-11-28 04:23:16,126 - cinemas.rav_hen - INFO - STARTED RAV HEN MODIIN
2025-11-28 04:23:16,584 - cinemas.rav_hen - INFO - DONE RAV HEN MODIIN
2025-11-28 04:23:16,584 - cinemas.rav_hen - INFO - STARTED RAV HEN KIRYAT_ONO
2025-11-28 04:23:17,155 - cinemas.rav_hen - INFO - DONE RAV HEN KIRYAT_ONO
2025-11-28 04:23:17,155 - cinemas.rav_hen - INFO - DONE RAV HEN
2025-11-28 04:23:17,155 - cinemas.hot_cinema - INFO - STARTED HOT CINEMA
2025-11-28 04:23:17,155 - cinemas.hot_cinema - INFO - STARTED HOT CINEMA MODIIN
2025-11-28 04:39:05,539 - root - ERROR - hot cinema crashed
Traceback (most recent call last):
  File "/opt/hostedtoolcache/Python/3.11.14/x64/lib/python3.11/site-packages/urllib3/connectionpool.py", line 404, in _make_request
    self._validate_conn(conn)
  File "/opt/hostedtoolcache/Python/3.11.14/x64/lib/python3.11/site-packages/urllib3/connectionpool.py", line 1061, in _validate_conn
    conn.connect()
  File "/opt/hostedtoolcache/Python/3.11.14/x64/lib/python3.11/site-packages/urllib3/connection.py", line 419, in connect
    self.sock = ssl_wrap_socket(
                ^^^^^^^^^^^^^^^^
  File "/opt/hostedtoolcache/Python/3.11.14/x64/lib/python3.11/site-packages/urllib3/util/ssl_.py", line 458, in ssl_wrap_socket
    ssl_sock = _ssl_wrap_socket_impl(
               ^^^^^^^^^^^^^^^^^^^^^^
  File "/opt/hostedtoolcache/Python/3.11.14/x64/lib/python3.11/site-packages/urllib3/util/ssl_.py", line 502, in _ssl_wrap_socket_impl
    return ssl_context.wrap_socket(sock, server_hostname=server_hostname)
           ^^^^^^^^^^^^^^^^^^^^^^^^^^^^^^^^^^^^^^^^^^^^^^^^^^^^^^^^^^^^^^
  File "/opt/hostedtoolcache/Python/3.11.14/x64/lib/python3.11/ssl.py", line 517, in wrap_socket
    return self.sslsocket_class._create(
           ^^^^^^^^^^^^^^^^^^^^^^^^^^^^^
  File "/opt/hostedtoolcache/Python/3.11.14/x64/lib/python3.11/ssl.py", line 1104, in _create
    self.do_handshake()
  File "/opt/hostedtoolcache/Python/3.11.14/x64/lib/python3.11/ssl.py", line 1382, in do_handshake
    self._sslobj.do_handshake()
TimeoutError: [Errno 110] Connection timed out

During handling of the above exception, another exception occurred:

Traceback (most recent call last):
  File "/opt/hostedtoolcache/Python/3.11.14/x64/lib/python3.11/site-packages/requests/adapters.py", line 644, in send
    resp = conn.urlopen(
           ^^^^^^^^^^^^^
  File "/opt/hostedtoolcache/Python/3.11.14/x64/lib/python3.11/site-packages/urllib3/connectionpool.py", line 802, in urlopen
    retries = retries.increment(
              ^^^^^^^^^^^^^^^^^^
  File "/opt/hostedtoolcache/Python/3.11.14/x64/lib/python3.11/site-packages/urllib3/util/retry.py", line 552, in increment
    raise six.reraise(type(error), error, _stacktrace)
          ^^^^^^^^^^^^^^^^^^^^^^^^^^^^^^^^^^^^^^^^^^^^
  File "/opt/hostedtoolcache/Python/3.11.14/x64/lib/python3.11/site-packages/urllib3/packages/six.py", line 770, in reraise
    raise value
  File "/opt/hostedtoolcache/Python/3.11.14/x64/lib/python3.11/site-packages/urllib3/connectionpool.py", line 716, in urlopen
    httplib_response = self._make_request(
                       ^^^^^^^^^^^^^^^^^^^
  File "/opt/hostedtoolcache/Python/3.11.14/x64/lib/python3.11/site-packages/urllib3/connectionpool.py", line 407, in _make_request
    self._raise_timeout(err=e, url=url, timeout_value=conn.timeout)
  File "/opt/hostedtoolcache/Python/3.11.14/x64/lib/python3.11/site-packages/urllib3/connectionpool.py", line 358, in _raise_timeout
    raise ReadTimeoutError(
urllib3.exceptions.ReadTimeoutError: HTTPSConnectionPool(host='hotcinema.co.il', port=443): Read timed out. (read timeout=None)

During handling of the above exception, another exception occurred:

Traceback (most recent call last):
  File "/home/runner/work/Movie-Time-Server/Movie-Time-Server/main.py", line 56, in get_screenings_from_cinema
    return unsafe_get_screenings_from_cinema(get_screening, cinema, date, s)
           ^^^^^^^^^^^^^^^^^^^^^^^^^^^^^^^^^^^^^^^^^^^^^^^^^^^^^^^^^^^^^^^^^
  File "/opt/hostedtoolcache/Python/3.11.14/x64/lib/python3.11/site-packages/decorator.py", line 235, in fun
    return caller(func, *(extras + args), **kw)
           ^^^^^^^^^^^^^^^^^^^^^^^^^^^^^^^^^^^^
  File "/opt/hostedtoolcache/Python/3.11.14/x64/lib/python3.11/site-packages/retry/api.py", line 90, in retry_decorator
    return __retry_internal(partial(f, *args, **kwargs), exceptions, tries, delay, max_delay, backoff, jitter,
           ^^^^^^^^^^^^^^^^^^^^^^^^^^^^^^^^^^^^^^^^^^^^^^^^^^^^^^^^^^^^^^^^^^^^^^^^^^^^^^^^^^^^^^^^^^^^^^^^^^^
  File "/opt/hostedtoolcache/Python/3.11.14/x64/lib/python3.11/site-packages/retry/api.py", line 35, in __retry_internal
    return f()
           ^^^
  File "/home/runner/work/Movie-Time-Server/Movie-Time-Server/main.py", line 71, in unsafe_get_screenings_from_cinema
    screenings = get_screening(year, month, day, s)
                 ^^^^^^^^^^^^^^^^^^^^^^^^^^^^^^^^^^
  File "/home/runner/work/Movie-Time-Server/Movie-Time-Server/cinemas/hot_cinema.py", line 131, in get_screenings
    screenings.extend(get_by_location(location, date, s))
                      ^^^^^^^^^^^^^^^^^^^^^^^^^^^^^^^^^^
  File "/home/runner/work/Movie-Time-Server/Movie-Time-Server/cinemas/hot_cinema.py", line 104, in get_by_location
    res = s.get(url).json()
          ^^^^^^^^^^
  File "/opt/hostedtoolcache/Python/3.11.14/x64/lib/python3.11/site-packages/requests/sessions.py", line 602, in get
    return self.request("GET", url, **kwargs)
           ^^^^^^^^^^^^^^^^^^^^^^^^^^^^^^^^^^
  File "/opt/hostedtoolcache/Python/3.11.14/x64/lib/python3.11/site-packages/requests/sessions.py", line 589, in request
    resp = self.send(prep, **send_kwargs)
           ^^^^^^^^^^^^^^^^^^^^^^^^^^^^^^
  File "/opt/hostedtoolcache/Python/3.11.14/x64/lib/python3.11/site-packages/requests/sessions.py", line 703, in send
    r = adapter.send(request, **kwargs)
        ^^^^^^^^^^^^^^^^^^^^^^^^^^^^^^^
  File "/opt/hostedtoolcache/Python/3.11.14/x64/lib/python3.11/site-packages/requests/adapters.py", line 690, in send
    raise ReadTimeout(e, request=request)
requests.exceptions.ReadTimeout: HTTPSConnectionPool(host='hotcinema.co.il', port=443): Read timed out. (read timeout=None)
2025-11-28 04:39:05,540 - cinemas.cinema_city - INFO - STARTED CINEMA CITY
2025-11-28 04:39:06,712 - proxy - INFO - Proxy: {'YourFuckingIPAddress': '45.150.108.125', 'YourFuckingLocation': 'Petah Tikva, M, Israel', 'YourFuckingHostname': '45.150.108.125', 'YourFuckingISP': 'BlueVPS OU', 'YourFuckingTorExit': False, 'YourFuckingCity': 'Petah Tikva', 'YourFuckingCountry': 'Israel', 'YourFuckingCountryCode': 'IL'}
2025-11-28 04:39:06,713 - cinemas.cinema_city - INFO - STARTED CINEMA CITY GLILOT
2025-11-28 04:39:08,535 - cinemas.cinema_city - INFO - DONE CINEMA CITY GLILOT
2025-11-28 04:39:08,535 - cinemas.cinema_city - INFO - STARTED CINEMA CITY RISHON
2025-11-28 04:39:09,698 - cinemas.cinema_city - INFO - DONE CINEMA CITY RISHON
2025-11-28 04:39:09,698 - cinemas.cinema_city - INFO - STARTED CINEMA CITY JERUSALEM
2025-11-28 04:39:10,782 - cinemas.cinema_city - INFO - DONE CINEMA CITY JERUSALEM
2025-11-28 04:39:10,782 - cinemas.cinema_city - INFO - STARTED CINEMA CITY KFAR_SABBA
2025-11-28 04:39:11,858 - cinemas.cinema_city - INFO - DONE CINEMA CITY KFAR_SABBA
2025-11-28 04:39:11,858 - cinemas.cinema_city - INFO - STARTED CINEMA CITY NATANIA
2025-11-28 04:39:12,958 - cinemas.cinema_city - INFO - DONE CINEMA CITY NATANIA
2025-11-28 04:39:12,958 - cinemas.cinema_city - INFO - STARTED CINEMA CITY BEER_SHEVA
2025-11-28 04:39:14,273 - cinemas.cinema_city - INFO - DONE CINEMA CITY BEER_SHEVA
2025-11-28 04:39:14,273 - cinemas.cinema_city - INFO - STARTED CINEMA CITY HADERA
2025-11-28 04:39:15,600 - cinemas.cinema_city - INFO - DONE CINEMA CITY HADERA
2025-11-28 04:39:15,600 - cinemas.cinema_city - INFO - STARTED CINEMA CITY ASHDOD
2025-11-28 04:39:16,801 - cinemas.cinema_city - WARNING - error while getting movie info:
Traceback (most recent call last):
  File "/home/runner/work/Movie-Time-Server/Movie-Time-Server/cinemas/cinema_city.py", line 123, in get_by_location
    for movie in res.json():
                 ^^^^^^^^^^
  File "/home/runner/work/Movie-Time-Server/Movie-Time-Server/proxy.py", line 18, in json
    return json.loads(self.pre)
           ^^^^^^^^^^^^^^^^^^^^
  File "/opt/hostedtoolcache/Python/3.11.14/x64/lib/python3.11/json/__init__.py", line 339, in loads
    raise TypeError(f'the JSON object must be str, bytes or bytearray, '
TypeError: the JSON object must be str, bytes or bytearray, not NoneType
2025-11-28 04:39:16,801 - cinemas.cinema_city - INFO - DONE CINEMA CITY ASHDOD
2025-11-28 04:39:16,863 - proxy - INFO - Proxy removed
2025-11-28 04:39:16,863 - cinemas.cinema_city - INFO - DONE CINEMA CITY
2025-11-28 04:39:16,863 - cinemas.lev - INFO - STARTED LEV
2025-11-28 04:39:18,046 - proxy - INFO - Proxy: {'YourFuckingIPAddress': '45.150.108.125', 'YourFuckingLocation': 'Petah Tikva, M, Israel', 'YourFuckingHostname': '45.150.108.125', 'YourFuckingISP': 'BlueVPS OU', 'YourFuckingTorExit': False, 'YourFuckingCity': 'Petah Tikva', 'YourFuckingCountry': 'Israel', 'YourFuckingCountryCode': 'IL'}
2025-11-28 04:39:18,046 - cinemas.lev - INFO - STARTED LEV TEL_AVIV
2025-11-28 04:39:20,426 - cinemas.lev - INFO - DONE LEV TEL_AVIV
2025-11-28 04:39:20,426 - cinemas.lev - INFO - STARTED LEV RAMAT_HASHARON
2025-11-28 04:39:21,390 - cinemas.lev - INFO - DONE LEV RAMAT_HASHARON
2025-11-28 04:39:21,390 - cinemas.lev - INFO - STARTED LEV MANDARIN
2025-11-28 04:39:21,962 - cinemas.lev - INFO - DONE LEV MANDARIN
2025-11-28 04:39:21,962 - cinemas.lev - INFO - STARTED LEV EVEN_YEHUDA
2025-11-28 04:39:22,740 - cinemas.lev - INFO - DONE LEV EVEN_YEHUDA
2025-11-28 04:39:22,741 - cinemas.lev - INFO - STARTED LEV SMADAR
2025-11-28 04:39:23,345 - cinemas.lev - INFO - DONE LEV SMADAR
2025-11-28 04:39:23,345 - cinemas.lev - INFO - STARTED LEV RAANANA
2025-11-28 04:39:24,087 - cinemas.lev - INFO - DONE LEV RAANANA
2025-11-28 04:39:24,087 - cinemas.lev - INFO - STARTED LEV OMER
2025-11-28 04:39:24,456 - cinemas.lev - INFO - DONE LEV OMER
2025-11-28 04:39:24,457 - cinemas.lev - INFO - STARTED LEV SHOHAM
2025-11-28 04:39:25,033 - cinemas.lev - INFO - DONE LEV SHOHAM
2025-11-28 04:39:25,033 - cinemas.lev - INFO - STARTED LEV DANIEL
2025-11-28 04:39:25,346 - cinemas.lev - INFO - DONE LEV DANIEL
2025-11-28 04:39:25,405 - proxy - INFO - Proxy removed
2025-11-28 04:39:25,406 - cinemas.lev - INFO - DONE LEV
2025-11-28 04:39:25,406 - cinemas.movieland - INFO - STARTED Movie Land
2025-11-28 04:39:25,406 - cinemas.movieland - INFO - STARTED Movie Land CARMIEL
2025-11-28 04:39:26,330 - cinemas.movieland - INFO - DONE Movie Land CARMIEL
2025-11-28 04:39:26,330 - cinemas.movieland - INFO - STARTED Movie Land HAIFA
2025-11-28 04:39:26,330 - cinemas.movieland - INFO - DONE Movie Land HAIFA
2025-11-28 04:39:26,330 - cinemas.movieland - INFO - STARTED Movie Land NATANYA
2025-11-28 04:39:26,918 - cinemas.movieland - INFO - DONE Movie Land NATANYA
2025-11-28 04:39:26,918 - cinemas.movieland - INFO - DONE Movie Land
2025-11-28 04:39:26,918 - root - INFO - ********************
2025-11-28 04:39:26,919 - root - INFO - started checking for:02-12-2025
2025-11-28 04:39:26,919 - cinemas.yes_planet - INFO - STARTED YES PLANET
2025-11-28 04:39:26,919 - cinemas.yes_planet - INFO - STARTED YES PLANET RISHON
2025-11-28 04:39:28,033 - cinemas.yes_planet - INFO - DONE YES PLANET RISHON
2025-11-28 04:39:28,033 - cinemas.yes_planet - INFO - STARTED YES PLANET AYALON
2025-11-28 04:39:28,605 - cinemas.yes_planet - INFO - DONE YES PLANET AYALON
2025-11-28 04:39:28,605 - cinemas.yes_planet - INFO - STARTED YES PLANET ZICHRON
2025-11-28 04:39:29,270 - cinemas.yes_planet - INFO - DONE YES PLANET ZICHRON
2025-11-28 04:39:29,270 - cinemas.yes_planet - INFO - STARTED YES PLANET HAIFA
2025-11-28 04:39:29,858 - cinemas.yes_planet - INFO - DONE YES PLANET HAIFA
2025-11-28 04:39:29,858 - cinemas.yes_planet - INFO - STARTED YES PLANET JERUSALEM
2025-11-28 04:39:30,538 - cinemas.yes_planet - INFO - DONE YES PLANET JERUSALEM
2025-11-28 04:39:30,538 - cinemas.yes_planet - INFO - STARTED YES PLANET BEER_SHEVA
2025-11-28 04:39:31,132 - cinemas.yes_planet - INFO - DONE YES PLANET BEER_SHEVA
2025-11-28 04:39:31,132 - cinemas.yes_planet - INFO - DONE YES PLANET
2025-11-28 04:39:31,132 - cinemas.rav_hen - INFO - STARTED RAV HEN
2025-11-28 04:39:31,132 - cinemas.rav_hen - INFO - STARTED RAV HEN GIVATAIM
2025-11-28 04:39:31,747 - cinemas.rav_hen - INFO - DONE RAV HEN GIVATAIM
2025-11-28 04:39:31,747 - cinemas.rav_hen - INFO - STARTED RAV HEN DIZINGOF
2025-11-28 04:39:32,194 - cinemas.rav_hen - INFO - DONE RAV HEN DIZINGOF
2025-11-28 04:39:32,194 - cinemas.rav_hen - INFO - STARTED RAV HEN MODIIN
2025-11-28 04:39:32,613 - cinemas.rav_hen - INFO - DONE RAV HEN MODIIN
2025-11-28 04:39:32,613 - cinemas.rav_hen - INFO - STARTED RAV HEN KIRYAT_ONO
2025-11-28 04:39:33,178 - cinemas.rav_hen - INFO - DONE RAV HEN KIRYAT_ONO
2025-11-28 04:39:33,178 - cinemas.rav_hen - INFO - DONE RAV HEN
2025-11-28 04:39:33,178 - cinemas.hot_cinema - INFO - STARTED HOT CINEMA
2025-11-28 04:39:33,179 - cinemas.hot_cinema - INFO - STARTED HOT CINEMA MODIIN
2025-11-28 04:55:32,674 - root - ERROR - hot cinema crashed
Traceback (most recent call last):
  File "/opt/hostedtoolcache/Python/3.11.14/x64/lib/python3.11/site-packages/urllib3/connectionpool.py", line 404, in _make_request
    self._validate_conn(conn)
  File "/opt/hostedtoolcache/Python/3.11.14/x64/lib/python3.11/site-packages/urllib3/connectionpool.py", line 1061, in _validate_conn
    conn.connect()
  File "/opt/hostedtoolcache/Python/3.11.14/x64/lib/python3.11/site-packages/urllib3/connection.py", line 419, in connect
    self.sock = ssl_wrap_socket(
                ^^^^^^^^^^^^^^^^
  File "/opt/hostedtoolcache/Python/3.11.14/x64/lib/python3.11/site-packages/urllib3/util/ssl_.py", line 458, in ssl_wrap_socket
    ssl_sock = _ssl_wrap_socket_impl(
               ^^^^^^^^^^^^^^^^^^^^^^
  File "/opt/hostedtoolcache/Python/3.11.14/x64/lib/python3.11/site-packages/urllib3/util/ssl_.py", line 502, in _ssl_wrap_socket_impl
    return ssl_context.wrap_socket(sock, server_hostname=server_hostname)
           ^^^^^^^^^^^^^^^^^^^^^^^^^^^^^^^^^^^^^^^^^^^^^^^^^^^^^^^^^^^^^^
  File "/opt/hostedtoolcache/Python/3.11.14/x64/lib/python3.11/ssl.py", line 517, in wrap_socket
    return self.sslsocket_class._create(
           ^^^^^^^^^^^^^^^^^^^^^^^^^^^^^
  File "/opt/hostedtoolcache/Python/3.11.14/x64/lib/python3.11/ssl.py", line 1104, in _create
    self.do_handshake()
  File "/opt/hostedtoolcache/Python/3.11.14/x64/lib/python3.11/ssl.py", line 1382, in do_handshake
    self._sslobj.do_handshake()
TimeoutError: [Errno 110] Connection timed out

During handling of the above exception, another exception occurred:

Traceback (most recent call last):
  File "/opt/hostedtoolcache/Python/3.11.14/x64/lib/python3.11/site-packages/requests/adapters.py", line 644, in send
    resp = conn.urlopen(
           ^^^^^^^^^^^^^
  File "/opt/hostedtoolcache/Python/3.11.14/x64/lib/python3.11/site-packages/urllib3/connectionpool.py", line 802, in urlopen
    retries = retries.increment(
              ^^^^^^^^^^^^^^^^^^
  File "/opt/hostedtoolcache/Python/3.11.14/x64/lib/python3.11/site-packages/urllib3/util/retry.py", line 552, in increment
    raise six.reraise(type(error), error, _stacktrace)
          ^^^^^^^^^^^^^^^^^^^^^^^^^^^^^^^^^^^^^^^^^^^^
  File "/opt/hostedtoolcache/Python/3.11.14/x64/lib/python3.11/site-packages/urllib3/packages/six.py", line 770, in reraise
    raise value
  File "/opt/hostedtoolcache/Python/3.11.14/x64/lib/python3.11/site-packages/urllib3/connectionpool.py", line 716, in urlopen
    httplib_response = self._make_request(
                       ^^^^^^^^^^^^^^^^^^^
  File "/opt/hostedtoolcache/Python/3.11.14/x64/lib/python3.11/site-packages/urllib3/connectionpool.py", line 407, in _make_request
    self._raise_timeout(err=e, url=url, timeout_value=conn.timeout)
  File "/opt/hostedtoolcache/Python/3.11.14/x64/lib/python3.11/site-packages/urllib3/connectionpool.py", line 358, in _raise_timeout
    raise ReadTimeoutError(
urllib3.exceptions.ReadTimeoutError: HTTPSConnectionPool(host='hotcinema.co.il', port=443): Read timed out. (read timeout=None)

During handling of the above exception, another exception occurred:

Traceback (most recent call last):
  File "/home/runner/work/Movie-Time-Server/Movie-Time-Server/main.py", line 56, in get_screenings_from_cinema
    return unsafe_get_screenings_from_cinema(get_screening, cinema, date, s)
           ^^^^^^^^^^^^^^^^^^^^^^^^^^^^^^^^^^^^^^^^^^^^^^^^^^^^^^^^^^^^^^^^^
  File "/opt/hostedtoolcache/Python/3.11.14/x64/lib/python3.11/site-packages/decorator.py", line 235, in fun
    return caller(func, *(extras + args), **kw)
           ^^^^^^^^^^^^^^^^^^^^^^^^^^^^^^^^^^^^
  File "/opt/hostedtoolcache/Python/3.11.14/x64/lib/python3.11/site-packages/retry/api.py", line 90, in retry_decorator
    return __retry_internal(partial(f, *args, **kwargs), exceptions, tries, delay, max_delay, backoff, jitter,
           ^^^^^^^^^^^^^^^^^^^^^^^^^^^^^^^^^^^^^^^^^^^^^^^^^^^^^^^^^^^^^^^^^^^^^^^^^^^^^^^^^^^^^^^^^^^^^^^^^^^
  File "/opt/hostedtoolcache/Python/3.11.14/x64/lib/python3.11/site-packages/retry/api.py", line 35, in __retry_internal
    return f()
           ^^^
  File "/home/runner/work/Movie-Time-Server/Movie-Time-Server/main.py", line 71, in unsafe_get_screenings_from_cinema
    screenings = get_screening(year, month, day, s)
                 ^^^^^^^^^^^^^^^^^^^^^^^^^^^^^^^^^^
  File "/home/runner/work/Movie-Time-Server/Movie-Time-Server/cinemas/hot_cinema.py", line 131, in get_screenings
    screenings.extend(get_by_location(location, date, s))
                      ^^^^^^^^^^^^^^^^^^^^^^^^^^^^^^^^^^
  File "/home/runner/work/Movie-Time-Server/Movie-Time-Server/cinemas/hot_cinema.py", line 104, in get_by_location
    res = s.get(url).json()
          ^^^^^^^^^^
  File "/opt/hostedtoolcache/Python/3.11.14/x64/lib/python3.11/site-packages/requests/sessions.py", line 602, in get
    return self.request("GET", url, **kwargs)
           ^^^^^^^^^^^^^^^^^^^^^^^^^^^^^^^^^^
  File "/opt/hostedtoolcache/Python/3.11.14/x64/lib/python3.11/site-packages/requests/sessions.py", line 589, in request
    resp = self.send(prep, **send_kwargs)
           ^^^^^^^^^^^^^^^^^^^^^^^^^^^^^^
  File "/opt/hostedtoolcache/Python/3.11.14/x64/lib/python3.11/site-packages/requests/sessions.py", line 703, in send
    r = adapter.send(request, **kwargs)
        ^^^^^^^^^^^^^^^^^^^^^^^^^^^^^^^
  File "/opt/hostedtoolcache/Python/3.11.14/x64/lib/python3.11/site-packages/requests/adapters.py", line 690, in send
    raise ReadTimeout(e, request=request)
requests.exceptions.ReadTimeout: HTTPSConnectionPool(host='hotcinema.co.il', port=443): Read timed out. (read timeout=None)
2025-11-28 04:55:32,676 - cinemas.cinema_city - INFO - STARTED CINEMA CITY
2025-11-28 04:55:33,938 - proxy - INFO - Proxy: {'YourFuckingIPAddress': '45.150.108.125', 'YourFuckingLocation': 'Petah Tikva, M, Israel', 'YourFuckingHostname': '45.150.108.125', 'YourFuckingISP': 'BlueVPS OU', 'YourFuckingTorExit': False, 'YourFuckingCity': 'Petah Tikva', 'YourFuckingCountry': 'Israel', 'YourFuckingCountryCode': 'IL'}
2025-11-28 04:55:33,938 - cinemas.cinema_city - INFO - STARTED CINEMA CITY GLILOT
2025-11-28 04:56:13,099 - cinemas.cinema_city - INFO - DONE CINEMA CITY GLILOT
2025-11-28 04:56:13,099 - cinemas.cinema_city - INFO - STARTED CINEMA CITY RISHON
2025-11-28 04:56:14,173 - cinemas.cinema_city - INFO - DONE CINEMA CITY RISHON
2025-11-28 04:56:14,173 - cinemas.cinema_city - INFO - STARTED CINEMA CITY JERUSALEM
2025-11-28 04:56:15,258 - cinemas.cinema_city - INFO - DONE CINEMA CITY JERUSALEM
2025-11-28 04:56:15,258 - cinemas.cinema_city - INFO - STARTED CINEMA CITY KFAR_SABBA
2025-11-28 04:56:16,341 - cinemas.cinema_city - INFO - DONE CINEMA CITY KFAR_SABBA
2025-11-28 04:56:16,342 - cinemas.cinema_city - INFO - STARTED CINEMA CITY NATANIA
2025-11-28 04:56:17,590 - cinemas.cinema_city - INFO - DONE CINEMA CITY NATANIA
2025-11-28 04:56:17,590 - cinemas.cinema_city - INFO - STARTED CINEMA CITY BEER_SHEVA
2025-11-28 04:56:18,783 - cinemas.cinema_city - INFO - DONE CINEMA CITY BEER_SHEVA
2025-11-28 04:56:18,783 - cinemas.cinema_city - INFO - STARTED CINEMA CITY HADERA
2025-11-28 04:56:19,910 - cinemas.cinema_city - INFO - DONE CINEMA CITY HADERA
2025-11-28 04:56:19,910 - cinemas.cinema_city - INFO - STARTED CINEMA CITY ASHDOD
2025-11-28 04:56:21,009 - cinemas.cinema_city - WARNING - error while getting movie info:
Traceback (most recent call last):
  File "/home/runner/work/Movie-Time-Server/Movie-Time-Server/cinemas/cinema_city.py", line 123, in get_by_location
    for movie in res.json():
                 ^^^^^^^^^^
  File "/home/runner/work/Movie-Time-Server/Movie-Time-Server/proxy.py", line 18, in json
    return json.loads(self.pre)
           ^^^^^^^^^^^^^^^^^^^^
  File "/opt/hostedtoolcache/Python/3.11.14/x64/lib/python3.11/json/__init__.py", line 339, in loads
    raise TypeError(f'the JSON object must be str, bytes or bytearray, '
TypeError: the JSON object must be str, bytes or bytearray, not NoneType
2025-11-28 04:56:21,009 - cinemas.cinema_city - INFO - DONE CINEMA CITY ASHDOD
2025-11-28 04:56:21,083 - proxy - INFO - Proxy removed
2025-11-28 04:56:21,083 - cinemas.cinema_city - INFO - DONE CINEMA CITY
2025-11-28 04:56:21,083 - cinemas.lev - INFO - STARTED LEV
2025-11-28 04:56:22,359 - proxy - INFO - Proxy: {'YourFuckingIPAddress': '45.150.108.125', 'YourFuckingLocation': 'Petah Tikva, M, Israel', 'YourFuckingHostname': '45.150.108.125', 'YourFuckingISP': 'BlueVPS OU', 'YourFuckingTorExit': False, 'YourFuckingCity': 'Petah Tikva', 'YourFuckingCountry': 'Israel', 'YourFuckingCountryCode': 'IL'}
2025-11-28 04:56:22,359 - cinemas.lev - INFO - STARTED LEV TEL_AVIV
2025-11-28 04:56:25,008 - cinemas.lev - INFO - DONE LEV TEL_AVIV
2025-11-28 04:56:25,008 - cinemas.lev - INFO - STARTED LEV RAMAT_HASHARON
2025-11-28 04:56:25,811 - cinemas.lev - INFO - DONE LEV RAMAT_HASHARON
2025-11-28 04:56:25,811 - cinemas.lev - INFO - STARTED LEV MANDARIN
2025-11-28 04:56:26,392 - cinemas.lev - INFO - DONE LEV MANDARIN
2025-11-28 04:56:26,392 - cinemas.lev - INFO - STARTED LEV EVEN_YEHUDA
2025-11-28 04:56:27,155 - cinemas.lev - INFO - DONE LEV EVEN_YEHUDA
2025-11-28 04:56:27,155 - cinemas.lev - INFO - STARTED LEV SMADAR
2025-11-28 04:56:27,719 - cinemas.lev - INFO - DONE LEV SMADAR
2025-11-28 04:56:27,720 - cinemas.lev - INFO - STARTED LEV RAANANA
2025-11-28 04:56:28,568 - cinemas.lev - INFO - DONE LEV RAANANA
2025-11-28 04:56:28,568 - cinemas.lev - INFO - STARTED LEV OMER
2025-11-28 04:56:28,888 - cinemas.lev - INFO - DONE LEV OMER
2025-11-28 04:56:28,888 - cinemas.lev - INFO - STARTED LEV SHOHAM
2025-11-28 04:56:29,564 - cinemas.lev - INFO - DONE LEV SHOHAM
2025-11-28 04:56:29,564 - cinemas.lev - INFO - STARTED LEV DANIEL
2025-11-28 04:56:29,931 - cinemas.lev - INFO - DONE LEV DANIEL
2025-11-28 04:56:29,993 - proxy - INFO - Proxy removed
2025-11-28 04:56:29,993 - cinemas.lev - INFO - DONE LEV
2025-11-28 04:56:29,993 - cinemas.movieland - INFO - STARTED Movie Land
2025-11-28 04:56:29,993 - cinemas.movieland - INFO - STARTED Movie Land CARMIEL
2025-11-28 04:56:32,576 - cinemas.movieland - INFO - DONE Movie Land CARMIEL
2025-11-28 04:56:32,576 - cinemas.movieland - INFO - STARTED Movie Land HAIFA
2025-11-28 04:56:32,576 - cinemas.movieland - INFO - DONE Movie Land HAIFA
2025-11-28 04:56:32,576 - cinemas.movieland - INFO - STARTED Movie Land NATANYA
2025-11-28 04:56:32,845 - cinemas.movieland - INFO - DONE Movie Land NATANYA
2025-11-28 04:56:32,845 - cinemas.movieland - INFO - DONE Movie Land
2025-11-28 04:56:34,424 - seret.movie_info_fetchers.composite - INFO - Got info for    -   using ElasticMovieInfoFetcher
2025-11-28 04:56:35,018 - seret.movie_info_fetchers.composite - INFO - Got info for  3 using ElasticMovieInfoFetcher
2025-11-28 04:56:35,028 - seret.movie_info_fetchers.composite - INFO - Got info for  using ElasticMovieInfoFetcher
2025-11-28 04:56:35,029 - seret.info_fetcher - ERROR - Failed to get info for  and 
2025-11-28 04:56:35,828 - seret.movie_info_fetchers.composite - INFO - Got info for  2 using ElasticMovieInfoFetcher
2025-11-28 04:56:36,748 - seret.movie_info_fetchers.composite - INFO - Got info for    2 using ElasticMovieInfoFetcher
2025-11-28 04:56:39,054 - seret.movie_info_fetchers.composite - INFO - Got info for   using ElasticMovieInfoFetcher
2025-11-28 04:56:39,054 - seret.info_fetcher - ERROR - Failed to get info for   and  
2025-11-28 04:56:39,991 - imdb_api - ERROR - id='tt33097806', movie='Jims Story'
Traceback (most recent call last):
  File "/home/runner/work/Movie-Time-Server/Movie-Time-Server/seret/movie_raters/imdb_api.py", line 67, in get_imdb_rating
    return info["aggregateRating"]['ratingValue']
           ~~~~^^^^^^^^^^^^^^^^^^^
KeyError: 'aggregateRating'
2025-11-28 04:56:39,992 - seret.movie_raters.composite - WARNING - Failed to get rating for Jims Story
2025-11-28 04:56:40,325 - seret.movie_raters.composite - WARNING - Failed to get rating for   '
2025-11-28 04:56:40,326 - seret.movie_info_fetchers.composite - INFO - Got info for   ' using ElasticMovieInfoFetcher
2025-11-28 04:56:41,243 - seret.movie_info_fetchers.composite - INFO - Got info for     using ElasticMovieInfoFetcher
2025-11-28 04:56:42,339 - seret.movie_info_fetchers.composite - INFO - Got info for  '   using ElasticMovieInfoFetcher
2025-11-28 04:56:43,127 - seret.movie_info_fetchers.composite - INFO - Got info for :  2 using ElasticMovieInfoFetcher
2025-11-28 04:56:43,797 - seret.movie_info_fetchers.composite - INFO - Got info for  using ElasticMovieInfoFetcher
2025-11-28 04:56:44,948 - seret.movie_info_fetchers.composite - INFO - Got info for    using ElasticMovieInfoFetcher
2025-11-28 04:56:45,968 - seret.movie_info_fetchers.composite - INFO - Got info for :   using ElasticMovieInfoFetcher
2025-11-28 04:56:47,256 - seret.movie_info_fetchers.composite - INFO - Got info for    using ElasticMovieInfoFetcher
2025-11-28 04:56:47,658 - seret.movie_raters.composite - WARNING - Failed to get rating for Stay Forte
2025-11-28 04:56:47,856 - seret.movie_raters.composite - WARNING - Failed to get rating for  
2025-11-28 04:56:47,857 - seret.movie_info_fetchers.composite - INFO - Got info for   using ElasticMovieInfoFetcher
2025-11-28 04:56:48,752 - seret.movie_info_fetchers.composite - INFO - Got info for   : ,   using ElasticMovieInfoFetcher
2025-11-28 04:56:49,507 - seret.movie_info_fetchers.composite - INFO - Got info for CHAINSAW MAN  THE MOVIE REZE ARC using ElasticMovieInfoFetcher
2025-11-28 04:56:50,160 - seret.movie_info_fetchers.composite - INFO - Got info for  using ElasticMovieInfoFetcher
2025-11-28 04:56:51,596 - seret.movie_info_fetchers.composite - INFO - Got info for     using ElasticMovieInfoFetcher
2025-11-28 04:56:52,264 - seret.movie_info_fetchers.composite - INFO - Got info for  using ElasticMovieInfoFetcher
2025-11-28 04:56:53,661 - seret.movie_info_fetchers.composite - INFO - Got info for '  using ElasticMovieInfoFetcher
2025-11-28 04:56:54,644 - seret.movie_info_fetchers.composite - INFO - Got info for  using ElasticMovieInfoFetcher
2025-11-28 04:56:55,186 - seret.movie_info_fetchers.composite - INFO - Got info for  2 - ZooTopia 2 using ElasticMovieInfoFetcher
2025-11-28 04:56:56,604 - seret.movie_info_fetchers.composite - INFO - Got info for   using ElasticMovieInfoFetcher
2025-11-28 04:56:57,397 - seret.movie_info_fetchers.composite - INFO - Got info for   using ElasticMovieInfoFetcher
2025-11-28 04:56:57,975 - seret.movie_raters.composite - WARNING - Failed to get rating for Grandma The Foreigner
2025-11-28 04:56:58,171 - seret.movie_raters.composite - WARNING - Failed to get rating for    
2025-11-28 04:56:58,172 - seret.movie_info_fetchers.composite - INFO - Got info for     using ElasticMovieInfoFetcher
2025-11-28 04:56:58,181 - seret.movie_info_fetchers.composite - INFO - Got info for   using ElasticMovieInfoFetcher
2025-11-28 04:56:58,181 - seret.info_fetcher - ERROR - Failed to get info for   and  
2025-11-28 04:56:59,792 - seret.movie_info_fetchers.composite - INFO - Got info for  using ElasticMovieInfoFetcher
2025-11-28 04:56:59,836 - seret.movie_info_fetchers.composite - INFO - Got info for :   - Predator: Badla using ElasticMovieInfoFetcher
2025-11-28 04:56:59,836 - seret.info_fetcher - ERROR - Failed to get info for :   - Predator: Badla and :   - Predator: Badla
2025-11-28 04:57:00,758 - seret.movie_info_fetchers.composite - INFO - Got info for    4:   using ElasticMovieInfoFetcher
2025-11-28 04:57:02,436 - seret.movie_info_fetchers.composite - INFO - Got info for -  using ElasticMovieInfoFetcher
2025-11-28 04:57:03,646 - seret.movie_info_fetchers.composite - INFO - Got info for     using ElasticMovieInfoFetcher
2025-11-28 04:57:04,403 - seret.movie_info_fetchers.composite - INFO - Got info for   using ElasticMovieInfoFetcher
2025-11-28 04:57:05,000 - seret.movie_info_fetchers.composite - INFO - Got info for  using ElasticMovieInfoFetcher
2025-11-28 04:57:05,702 - seret.movie_info_fetchers.composite - INFO - Got info for Keeper using ElasticMovieInfoFetcher
2025-11-28 04:57:07,018 - seret.movie_info_fetchers.composite - INFO - Got info for   using ElasticMovieInfoFetcher
2025-11-28 04:57:08,170 - seret.movie_info_fetchers.composite - INFO - Got info for    using ElasticMovieInfoFetcher
2025-11-28 04:57:08,808 - seret.movie_info_fetchers.composite - INFO - Got info for    using ElasticMovieInfoFetcher
2025-11-28 04:57:10,090 - seret.movie_info_fetchers.composite - INFO - Got info for  51 using ElasticMovieInfoFetcher
2025-11-28 04:57:10,745 - seret.movie_info_fetchers.composite - INFO - Got info for    using ElasticMovieInfoFetcher
2025-11-28 04:57:11,282 - seret.movie_info_fetchers.composite - INFO - Got info for .  2 - Wicked for good using ElasticMovieInfoFetcher
2025-11-28 04:57:11,818 - seret.movie_info_fetchers.composite - INFO - Got info for KEEPER using ElasticMovieInfoFetcher
2025-11-28 04:57:12,798 - seret.movie_info_fetchers.composite - INFO - Got info for ELEANOR THE GREAT using ElasticMovieInfoFetcher
2025-11-28 04:57:13,462 - seret.movie_info_fetchers.composite - INFO - Got info for    - using ElasticMovieInfoFetcher
2025-11-28 04:57:14,068 - seret.movie_info_fetchers.composite - INFO - Got info for Gabby's Dollhouse The Movie using ElasticMovieInfoFetcher
2025-11-28 04:57:14,805 - seret.movie_info_fetchers.composite - INFO - Got info for Jay Kelly using ElasticMovieInfoFetcher
2025-11-28 04:57:15,407 - seret.movie_info_fetchers.composite - INFO - Got info for Roofman using ElasticMovieInfoFetcher
2025-11-28 04:57:16,567 - imdb_api - ERROR - id='tt35934525', movie='Diplodocus'
Traceback (most recent call last):
  File "/home/runner/work/Movie-Time-Server/Movie-Time-Server/seret/movie_raters/imdb_api.py", line 67, in get_imdb_rating
    return info["aggregateRating"]['ratingValue']
           ~~~~^^^^^^^^^^^^^^^^^^^
KeyError: 'aggregateRating'
2025-11-28 04:57:16,567 - seret.movie_raters.composite - WARNING - Failed to get rating for Diplodocus
2025-11-28 04:57:16,753 - seret.movie_raters.composite - WARNING - Failed to get rating for   
2025-11-28 04:57:16,753 - seret.movie_info_fetchers.composite - INFO - Got info for DIPLODOCUS using ElasticMovieInfoFetcher
2025-11-28 04:57:17,463 - seret.movie_info_fetchers.composite - INFO - Got info for NOW YOU SEE ME: NOW YOU DONT using ElasticMovieInfoFetcher
2025-11-28 04:57:18,075 - seret.movie_info_fetchers.composite - INFO - Got info for Predator: Badlands using ElasticMovieInfoFetcher
2025-11-28 04:57:18,920 - seret.movie_info_fetchers.composite - INFO - Got info for     using ElasticMovieInfoFetcher
2025-11-28 04:57:19,446 - seret.movie_info_fetchers.composite - INFO - Got info for Ma mre, Dieu et Sylvie Vartan using ElasticMovieInfoFetcher
2025-11-28 04:57:20,205 - seret.movie_info_fetchers.composite - INFO - Got info for The Running Man using ElasticMovieInfoFetcher
2025-11-28 04:57:20,754 - seret.movie_info_fetchers.composite - INFO - Got info for ZOOTOPIA 2 using ElasticMovieInfoFetcher
2025-11-28 04:57:21,406 - seret.movie_info_fetchers.composite - INFO - Got info for Pets on a Train using ElasticMovieInfoFetcher
2025-11-28 04:57:21,413 - seret.movie_info_fetchers.composite - INFO - Got info for Dreams using ElasticMovieInfoFetcher
2025-11-28 04:57:21,915 - seret.movie_info_fetchers.composite - INFO - Got info for Tom & Jerry: Forbidden Compass using ElasticMovieInfoFetcher
2025-11-28 04:57:22,969 - seret.movie_info_fetchers.composite - INFO - Got info for   using ElasticMovieInfoFetcher
2025-11-28 04:57:23,594 - seret.movie_info_fetchers.composite - INFO - Got info for Splitsville using ElasticMovieInfoFetcher
2025-11-28 04:57:24,608 - seret.movie_info_fetchers.composite - INFO - Got info for Under The Stars using ElasticMovieInfoFetcher
2025-11-28 04:57:25,927 - seret.movie_info_fetchers.composite - INFO - Got info for   using ElasticMovieInfoFetcher
2025-11-28 04:57:26,637 - seret.movie_info_fetchers.composite - INFO - Got info for Regretting You using ElasticMovieInfoFetcher
2025-11-28 04:57:26,637 - seret.info_fetcher - ERROR - Failed to get info for Regretting You and  
2025-11-28 04:57:26,670 - seret.movie_raters.composite - WARNING - Failed to get rating for Grandma The Foreigner
2025-11-28 04:57:26,686 - seret.movie_raters.composite - WARNING - Failed to get rating for    
2025-11-28 04:57:26,686 - seret.movie_info_fetchers.composite - INFO - Got info for Grandma and the Foreigner using ElasticMovieInfoFetcher
2025-11-28 04:57:27,215 - seret.movie_info_fetchers.composite - INFO - Got info for Wicked: For Good using ElasticMovieInfoFetcher
2025-11-28 04:57:27,644 - seret.movie_info_fetchers.composite - INFO - Got info for NANDAURI using ElasticMovieInfoFetcher
2025-11-28 04:57:28,240 - seret.movie_info_fetchers.composite - INFO - Got info for NUREMBERG using ElasticMovieInfoFetcher
2025-11-28 04:57:28,690 - seret.movie_info_fetchers.composite - INFO - Got info for - using ElasticMovieInfoFetcher
2025-11-28 04:57:29,154 - seret.movie_info_fetchers.composite - INFO - Got info for Cinderella's Curse using ElasticMovieInfoFetcher
2025-11-28 04:57:30,617 - seret.movie_info_fetchers.composite - INFO - Got info for    using ElasticMovieInfoFetcher
2025-11-28 04:57:31,102 - seret.movie_info_fetchers.composite - INFO - Got info for THE SLOTH LANE using ElasticMovieInfoFetcher
2025-11-28 04:57:31,818 - seret.movie_info_fetchers.composite - INFO - Got info for Playdate using ElasticMovieInfoFetcher
2025-11-28 04:57:32,370 - seret.movie_info_fetchers.composite - INFO - Got info for Wake Up Dead Man: A Knives Out Mystery using ElasticMovieInfoFetcher
2025-11-28 04:57:32,945 - seret.movie_info_fetchers.composite - INFO - Got info for Out Come the Wolves using ElasticMovieInfoFetcher
2025-11-28 04:57:32,954 - seret.movie_info_fetchers.composite - INFO - Got info for Be Strong using ElasticMovieInfoFetcher
2025-11-28 04:57:32,968 - seret.movie_info_fetchers.composite - INFO - Got info for   using ElasticMovieInfoFetcher
2025-11-28 04:57:34,020 - seret.movie_info_fetchers.composite - INFO - Got info for  2 using ElasticMovieInfoFetcher
2025-11-28 04:57:34,566 - seret.movie_info_fetchers.composite - INFO - Got info for   - using ElasticMovieInfoFetcher
2025-11-28 04:57:35,117 - seret.movie_info_fetchers.composite - INFO - Got info for SAVING SHULI 2 using ElasticMovieInfoFetcher
2025-11-28 04:57:35,127 - seret.movie_info_fetchers.composite - INFO - Got info for :  using ElasticMovieInfoFetcher
2025-11-28 04:57:36,295 - seret.movie_info_fetchers.composite - INFO - Got info for    using ElasticMovieInfoFetcher
2025-11-28 04:57:36,787 - seret.movie_info_fetchers.composite - INFO - Got info for Kayara using ElasticMovieInfoFetcher
2025-11-28 04:57:37,620 - seret.movie_info_fetchers.composite - INFO - Got info for Bad Guys 2 using ElasticMovieInfoFetcher
2025-11-28 04:57:37,641 - seret.movie_raters.composite - WARNING - Failed to get rating for Grandma The Foreigner
2025-11-28 04:57:37,645 - seret.movie_raters.composite - WARNING - Failed to get rating for    
2025-11-28 04:57:37,645 - seret.movie_info_fetchers.composite - INFO - Got info for Grandma & The Foreigner using ElasticMovieInfoFetcher
2025-11-28 04:57:37,655 - seret.movie_info_fetchers.composite - INFO - Got info for Once Upon My Mother using ElasticMovieInfoFetcher
2025-11-28 04:57:38,250 - seret.movie_info_fetchers.composite - INFO - Got info for Eleanor The Great using ElasticMovieInfoFetcher
2025-11-28 04:57:40,353 - seret.movie_info_fetchers.composite - INFO - Got info for  -   using ElasticMovieInfoFetcher
2025-11-28 04:57:40,721 - seret.movie_raters.composite - WARNING - Failed to get rating for Etty
2025-11-28 04:57:41,106 - seret.movie_raters.composite - WARNING - Failed to get rating for 
2025-11-28 04:57:41,106 - seret.movie_info_fetchers.composite - INFO - Got info for Etty Part 1 using ElasticMovieInfoFetcher
2025-11-28 04:57:41,637 - seret.movie_info_fetchers.composite - INFO - Got info for Zootopia 2 Dubbed using ElasticMovieInfoFetcher
2025-11-28 04:57:42,155 - seret.movie_info_fetchers.composite - INFO - Got info for Nandauri using ElasticMovieInfoFetcher
2025-11-28 04:57:42,623 - seret.movie_info_fetchers.composite - INFO - Got info for Wicked: For Good Dubbed using ElasticMovieInfoFetcher
2025-11-28 04:57:43,348 - seret.movie_info_fetchers.composite - INFO - Got info for Bugonia using ElasticMovieInfoFetcher
2025-11-28 04:57:43,878 - seret.movie_info_fetchers.composite - INFO - Got info for Zootopia 2 using ElasticMovieInfoFetcher
2025-11-28 04:57:44,534 - seret.movie_info_fetchers.composite - INFO - Got info for One Battle After The Other using ElasticMovieInfoFetcher
2025-11-28 04:57:45,638 - imdb_api - ERROR - id='tt0167500', movie='Yehuda HaMeshuchreret'
Traceback (most recent call last):
  File "/home/runner/work/Movie-Time-Server/Movie-Time-Server/seret/movie_raters/imdb_api.py", line 67, in get_imdb_rating
    return info["aggregateRating"]['ratingValue']
           ~~~~^^^^^^^^^^^^^^^^^^^
KeyError: 'aggregateRating'
2025-11-28 04:57:45,638 - seret.movie_raters.composite - WARNING - Failed to get rating for Yehuda HaMeshuchreret
2025-11-28 04:57:45,884 - seret.movie_raters.composite - WARNING - Failed to get rating for  
2025-11-28 04:57:45,884 - seret.movie_info_fetchers.composite - INFO - Got info for    -   using ElasticMovieInfoFetcher
2025-11-28 04:57:47,414 - seret.movie_info_fetchers.composite - INFO - Got info for Queen Mom using ElasticMovieInfoFetcher
2025-11-28 04:57:48,414 - seret.movie_info_fetchers.composite - INFO - Got info for Play Date using ElasticMovieInfoFetcher
2025-11-28 04:57:49,146 - seret.movie_info_fetchers.composite - INFO - Got info for Out come the Wolves using ElasticMovieInfoFetcher
2025-11-28 04:57:49,602 - seret.movie_info_fetchers.composite - INFO - Got info for Ma Mre, Dieu et Sylvie Vartan using ElasticMovieInfoFetcher
2025-11-28 04:57:50,190 - seret.movie_info_fetchers.composite - INFO - Got info for Wicked for good using ElasticMovieInfoFetcher
2025-11-28 04:57:50,974 - seret.movie_info_fetchers.composite - INFO - Got info for Now You See Me: Now You Don't using ElasticMovieInfoFetcher
2025-11-28 04:57:51,424 - seret.movie_info_fetchers.composite - INFO - Got info for  -  using ElasticMovieInfoFetcher
2025-11-28 04:57:52,255 - seret.movie_info_fetchers.composite - INFO - Got info for Cinderellas Curse using ElasticMovieInfoFetcher
2025-11-28 04:57:52,809 - seret.movie_info_fetchers.composite - INFO - Got info for  2 using ElasticMovieInfoFetcher
2025-11-28 04:57:53,480 - seret.movie_info_fetchers.composite - INFO - Got info for   2 using ElasticMovieInfoFetcher
2025-11-28 04:57:54,038 - seret.movie_info_fetchers.composite - INFO - Got info for Black Phone 2 using ElasticMovieInfoFetcher
2025-11-28 04:57:54,527 - seret.movie_info_fetchers.composite - INFO - Got info for Regretting You using ElasticMovieInfoFetcher
2025-11-28 04:57:55,452 - imdb_api - ERROR - id='tt35934525', movie='Diplodocus'
Traceback (most recent call last):
  File "/home/runner/work/Movie-Time-Server/Movie-Time-Server/seret/movie_raters/imdb_api.py", line 67, in get_imdb_rating
    return info["aggregateRating"]['ratingValue']
           ~~~~^^^^^^^^^^^^^^^^^^^
KeyError: 'aggregateRating'
2025-11-28 04:57:55,452 - seret.movie_raters.composite - WARNING - Failed to get rating for Diplodocus
2025-11-28 04:57:55,468 - seret.movie_raters.composite - WARNING - Failed to get rating for   
2025-11-28 04:57:55,468 - seret.movie_info_fetchers.composite - INFO - Got info for    using ElasticMovieInfoFetcher
2025-11-28 04:57:55,933 - imdb_api - ERROR - id='tt35934525', movie='Diplodocus'
Traceback (most recent call last):
  File "/home/runner/work/Movie-Time-Server/Movie-Time-Server/seret/movie_raters/imdb_api.py", line 67, in get_imdb_rating
    return info["aggregateRating"]['ratingValue']
           ~~~~^^^^^^^^^^^^^^^^^^^
KeyError: 'aggregateRating'
2025-11-28 04:57:55,933 - seret.movie_raters.composite - WARNING - Failed to get rating for Diplodocus
2025-11-28 04:57:55,938 - seret.movie_raters.composite - WARNING - Failed to get rating for   
2025-11-28 04:57:55,938 - seret.movie_info_fetchers.composite - INFO - Got info for DIPLODOCUS using ElasticMovieInfoFetcher
2025-11-28 04:57:56,442 - seret.movie_info_fetchers.composite - INFO - Got info for SHELBY OAKS using ElasticMovieInfoFetcher
2025-11-28 04:57:57,545 - seret.movie_info_fetchers.composite - INFO - Got info for  :  using ElasticMovieInfoFetcher
2025-11-28 04:57:58,278 - seret.movie_info_fetchers.composite - INFO - Got info for Peter Pan's Neverland Nightmare using ElasticMovieInfoFetcher
2025-11-28 04:57:58,291 - seret.movie_info_fetchers.composite - INFO - Got info for   using ElasticMovieInfoFetcher
2025-11-28 04:57:58,291 - seret.info_fetcher - ERROR - Failed to get info for   and  
2025-11-28 04:57:58,891 - seret.movie_info_fetchers.composite - INFO - Got info for .  2 using ElasticMovieInfoFetcher
2025-11-28 04:57:58,907 - seret.movie_info_fetchers.composite - INFO - Got info for :   using ElasticMovieInfoFetcher
2025-11-28 04:57:58,908 - seret.info_fetcher - ERROR - Failed to get info for :   and :  
2025-11-28 04:58:00,128 - seret.movie_info_fetchers.composite - INFO - Got info for    using ElasticMovieInfoFetcher
2025-11-28 04:58:00,476 - seret.movie_raters.composite - WARNING - Failed to get rating for Ducks
2025-11-28 04:58:00,667 - seret.movie_raters.composite - WARNING - Failed to get rating for    
2025-11-28 04:58:00,667 - seret.movie_info_fetchers.composite - INFO - Got info for     using ElasticMovieInfoFetcher
2025-11-28 04:58:01,697 - seret.movie_info_fetchers.composite - INFO - Got info for Demon Slayer: Infinity Castle using ElasticMovieInfoFetcher
2025-11-28 04:58:02,729 - seret.movie_info_fetchers.composite - INFO - Got info for  using ElasticMovieInfoFetcher
2025-11-28 04:58:04,048 - seret.movie_info_fetchers.composite - INFO - Got info for  ',  using ElasticMovieInfoFetcher
2025-11-28 04:58:05,444 - seret.movie_info_fetchers.composite - INFO - Got info for  ' using ElasticMovieInfoFetcher
2025-11-28 04:58:07,035 - seret.movie_info_fetchers.composite - INFO - Got info for     using ElasticMovieInfoFetcher
2025-11-28 04:58:08,689 - seret.movie_info_fetchers.composite - INFO - Got info for  using ElasticMovieInfoFetcher
2025-11-28 04:58:09,338 - seret.movie_info_fetchers.composite - INFO - Got info for SMURFS using ElasticMovieInfoFetcher
2025-11-28 04:58:09,365 - seret.movie_raters.composite - WARNING - Failed to get rating for Ducks
2025-11-28 04:58:09,388 - seret.movie_raters.composite - WARNING - Failed to get rating for    
2025-11-28 04:58:09,388 - seret.movie_info_fetchers.composite - INFO - Got info for     using ElasticMovieInfoFetcher
2025-11-28 04:58:09,951 - seret.movie_info_fetchers.composite - INFO - Got info for One Battle After Another using ElasticMovieInfoFetcher
2025-11-28 04:58:11,104 - seret.movie_info_fetchers.composite - INFO - Got info for  &  using ElasticMovieInfoFetcher
2025-11-28 04:58:11,114 - seret.movie_info_fetchers.composite - INFO - Got info for Lilo & Stitch using ElasticMovieInfoFetcher
2025-11-28 04:58:11,841 - seret.movie_info_fetchers.composite - INFO - Got info for KANGAROO using ElasticMovieInfoFetcher
2025-11-28 04:58:12,914 - imdb_api - ERROR - id='tt38734331', movie='Bros 2025'
Traceback (most recent call last):
  File "/home/runner/work/Movie-Time-Server/Movie-Time-Server/seret/movie_raters/imdb_api.py", line 67, in get_imdb_rating
    return info["aggregateRating"]['ratingValue']
           ~~~~^^^^^^^^^^^^^^^^^^^
KeyError: 'aggregateRating'
2025-11-28 04:58:12,914 - seret.movie_raters.composite - WARNING - Failed to get rating for Bros 2025
2025-11-28 04:58:13,067 - seret.movie_raters.composite - WARNING - Failed to get rating for  
2025-11-28 04:58:13,068 - seret.movie_info_fetchers.composite - INFO - Got info for   using ElasticMovieInfoFetcher
2025-11-28 04:58:13,688 - seret.movie_info_fetchers.composite - INFO - Got info for :  2-  using ElasticMovieInfoFetcher
2025-11-28 04:58:13,696 - seret.movie_info_fetchers.composite - INFO - Got info for Wicked: Partie II using ElasticMovieInfoFetcher
2025-11-28 04:58:14,460 - seret.movie_info_fetchers.composite - INFO - Got info for   2-  using ElasticMovieInfoFetcher
2025-11-28 04:58:14,537 - seret.movie_raters.composite - WARNING - Failed to get rating for Des
2025-11-28 04:58:14,668 - seret.movie_raters.composite - WARNING - Failed to get rating for 
2025-11-28 04:58:14,668 - seret.movie_info_fetchers.composite - INFO - Got info for De De Pyaar De 2 using ElasticMovieInfoFetcher
2025-11-28 04:58:15,696 - imdb_api - ERROR - id='tt36907590', movie='Orna and Ella'
Traceback (most recent call last):
  File "/home/runner/work/Movie-Time-Server/Movie-Time-Server/seret/movie_raters/imdb_api.py", line 67, in get_imdb_rating
    return info["aggregateRating"]['ratingValue']
           ~~~~^^^^^^^^^^^^^^^^^^^
KeyError: 'aggregateRating'
2025-11-28 04:58:15,696 - seret.movie_raters.composite - WARNING - Failed to get rating for Orna and Ella
2025-11-28 04:58:15,866 - seret.movie_raters.composite - WARNING - Failed to get rating for  
2025-11-28 04:58:15,866 - seret.movie_info_fetchers.composite - INFO - Got info for   +   using ElasticMovieInfoFetcher
2025-11-28 04:58:16,228 - imdb_api - ERROR - id='tt36907590', movie='Orna and Ella'
Traceback (most recent call last):
  File "/home/runner/work/Movie-Time-Server/Movie-Time-Server/seret/movie_raters/imdb_api.py", line 67, in get_imdb_rating
    return info["aggregateRating"]['ratingValue']
           ~~~~^^^^^^^^^^^^^^^^^^^
KeyError: 'aggregateRating'
2025-11-28 04:58:16,228 - seret.movie_raters.composite - WARNING - Failed to get rating for Orna and Ella
2025-11-28 04:58:16,245 - seret.movie_raters.composite - WARNING - Failed to get rating for  
2025-11-28 04:58:16,246 - seret.movie_info_fetchers.composite - INFO - Got info for Orna and Ella using ElasticMovieInfoFetcher
2025-11-28 04:58:16,908 - seret.movie_info_fetchers.composite - INFO - Got info for Pets on A Train using ElasticMovieInfoFetcher
2025-11-28 04:58:16,915 - seret.movie_info_fetchers.composite - INFO - Got info for   using ElasticMovieInfoFetcher
2025-11-28 04:58:17,925 - imdb_api - ERROR - id='tt29881776', movie='12th Fail'
Traceback (most recent call last):
  File "/home/runner/work/Movie-Time-Server/Movie-Time-Server/seret/movie_raters/imdb_api.py", line 67, in get_imdb_rating
    return info["aggregateRating"]['ratingValue']
           ~~~~^^^^^^^^^^^^^^^^^^^
KeyError: 'aggregateRating'
2025-11-28 04:58:17,925 - seret.movie_raters.composite - WARNING - Failed to get rating for 12th Fail
2025-11-28 04:58:18,108 - seret.movie_raters.composite - WARNING - Failed to get rating for  
2025-11-28 04:58:18,108 - seret.movie_info_fetchers.composite - INFO - Got info for 12th Fail using ElasticMovieInfoFetcher
2025-11-28 04:58:18,734 - seret.movie_info_fetchers.composite - INFO - Got info for Chainsaw Man- The Movie Reze Arc using ElasticMovieInfoFetcher
2025-11-28 04:58:19,448 - seret.movie_info_fetchers.composite - INFO - Got info for   using ElasticMovieInfoFetcher
2025-11-28 04:58:20,085 - seret.movie_info_fetchers.composite - INFO - Got info for Good Fortune using ElasticMovieInfoFetcher
2025-11-28 04:58:21,981 - seret.movie_info_fetchers.composite - INFO - Got info for    using ElasticMovieInfoFetcher
2025-11-28 04:58:22,625 - seret.movie_info_fetchers.composite - INFO - Got info for LAND OF BAD using ElasticMovieInfoFetcher
2025-11-28 04:58:23,219 - seret.movie_info_fetchers.composite - INFO - Got info for Zootopie 2 using ElasticMovieInfoFetcher
2025-11-28 04:58:23,869 - seret.movie_info_fetchers.composite - INFO - Got info for    - :  2 using ElasticMovieInfoFetcher
2025-11-28 04:58:24,458 - seret.movie_info_fetchers.composite - INFO - Got info for Wicked: For Good using ElasticMovieInfoFetcher
2025-11-28 04:58:25,056 - seret.movie_info_fetchers.composite - INFO - Got info for Nuremberg using ElasticMovieInfoFetcher
2025-11-28 04:58:26,244 - seret.movie_info_fetchers.composite - INFO - Got info for  -  ' +   using ElasticMovieInfoFetcher
2025-11-28 04:58:26,269 - seret.movie_raters.composite - WARNING - Failed to get rating for Etty
2025-11-28 04:58:26,286 - seret.movie_raters.composite - WARNING - Failed to get rating for 
2025-11-28 04:58:26,286 - seret.movie_info_fetchers.composite - INFO - Got info for Etty Part 2 using ElasticMovieInfoFetcher
2025-11-28 04:58:27,537 - seret.movie_info_fetchers.composite - INFO - Got info for     -   using ElasticMovieInfoFetcher
2025-11-28 04:58:27,542 - seret.movie_info_fetchers.composite - INFO - Got info for Eternity using ElasticMovieInfoFetcher
2025-11-28 04:58:28,248 - seret.movie_info_fetchers.composite - INFO - Got info for    :  using ElasticMovieInfoFetcher
2025-11-28 04:58:28,903 - seret.movie_info_fetchers.composite - INFO - Got info for Gabby's Dollhouse: The Movie using ElasticMovieInfoFetcher
2025-11-28 04:58:29,342 - seret.movie_info_fetchers.composite - INFO - Got info for The Sloth Lane using ElasticMovieInfoFetcher
2025-11-28 04:58:29,350 - seret.movie_info_fetchers.composite - INFO - Got info for   -    using ElasticMovieInfoFetcher
2025-11-28 04:58:30,433 - seret.movie_info_fetchers.composite - INFO - Got info for When in Rome using ElasticMovieInfoFetcher
2025-11-28 04:58:31,007 - seret.movie_info_fetchers.composite - INFO - Got info for The Bad Guys 2 using ElasticMovieInfoFetcher
2025-11-28 04:58:31,508 - seret.movie_raters.composite - WARNING - Failed to get rating for Speak Out
2025-11-28 04:58:31,657 - seret.movie_raters.composite - WARNING - Failed to get rating for   
2025-11-28 04:58:31,657 - seret.movie_info_fetchers.composite - INFO - Got info for   2 using ElasticMovieInfoFetcher
2025-11-28 04:58:31,680 - seret.movie_raters.composite - WARNING - Failed to get rating for Des
2025-11-28 04:58:31,697 - seret.movie_raters.composite - WARNING - Failed to get rating for 
2025-11-28 04:58:31,697 - seret.movie_info_fetchers.composite - INFO - Got info for De De Pyaar De 2 using ElasticMovieInfoFetcher
2025-11-28 04:58:32,673 - seret.movie_info_fetchers.composite - INFO - Got info for Bon voyage, Marie using ElasticMovieInfoFetcher
2025-11-28 04:58:32,679 - seret.movie_info_fetchers.composite - INFO - Got info for   using ElasticMovieInfoFetcher
2025-11-28 04:58:33,414 - seret.movie_info_fetchers.composite - INFO - Got info for Ghostlight using ElasticMovieInfoFetcher
2025-11-28 04:58:34,736 - seret.movie_info_fetchers.composite - INFO - Got info for  using ElasticMovieInfoFetcher
2025-11-28 04:58:35,243 - seret.movie_info_fetchers.composite - INFO - Got info for The Musicians using ElasticMovieInfoFetcher
2025-11-28 04:58:35,796 - imdb_api - ERROR - id='tt33097806', movie='Jims Story'
Traceback (most recent call last):
  File "/home/runner/work/Movie-Time-Server/Movie-Time-Server/seret/movie_raters/imdb_api.py", line 67, in get_imdb_rating
    return info["aggregateRating"]['ratingValue']
           ~~~~^^^^^^^^^^^^^^^^^^^
KeyError: 'aggregateRating'
2025-11-28 04:58:35,797 - seret.movie_raters.composite - WARNING - Failed to get rating for Jims Story
2025-11-28 04:58:35,814 - seret.movie_raters.composite - WARNING - Failed to get rating for   '
2025-11-28 04:58:35,814 - seret.movie_info_fetchers.composite - INFO - Got info for Jim's Story using ElasticMovieInfoFetcher
2025-11-28 04:58:36,825 - seret.movie_info_fetchers.composite - INFO - Got info for Redress using ElasticMovieInfoFetcher
2025-11-28 04:58:37,367 - seret.movie_info_fetchers.composite - INFO - Got info for Chien 51 using ElasticMovieInfoFetcher
2025-11-28 04:58:39,056 - seret.movie_info_fetchers.composite - INFO - Got info for   using ElasticMovieInfoFetcher
2025-11-28 04:58:39,651 - seret.movie_info_fetchers.composite - INFO - Got info for The Marching Band using ElasticMovieInfoFetcher
2025-11-28 04:58:40,263 - seret.movie_info_fetchers.composite - INFO - Got info for Under the Stars using ElasticMovieInfoFetcher
2025-11-28 04:58:40,268 - seret.movie_info_fetchers.composite - INFO - Got info for Ducks using ElasticMovieInfoFetcher
2025-11-28 04:58:40,268 - seret.info_fetcher - ERROR - Failed to get info for 7 movies: [{'date': '28-11-2025', 'cinema': ' ', 'location': ' ', 'district': ' ', 'title': '', 'eng_title': '', 'type': '2D', 'time': '14:20', 'link': 'https://tickets5.planetcinema.co.il/order/164605?lang=he', 'coords': (31.9798, 34.7475), 'dubbed': False}, {'date': '28-11-2025', 'cinema': ' ', 'location': ' ', 'district': ' ', 'title': ' ', 'eng_title': 'Strange Planet', 'type': '2D', 'time': '14:30', 'link': 'https://tickets5.planetcinema.co.il/order/164677?lang=he', 'coords': (31.9798, 34.7475), 'dubbed': False}, {'date': '28-11-2025', 'cinema': ' ', 'location': ' ', 'district': ' ', 'title': ' ', 'eng_title': ' ', 'type': '2D', 'time': '18:45', 'link': 'https://tickets5.planetcinema.co.il/order/164640?lang=he', 'coords': (31.9798, 34.7475), 'dubbed': False}, {'date': '28-11-2025', 'cinema': ' ', 'location': ' ', 'district': ' ', 'title': ':   - Predator: Badla', 'eng_title': ':   - Predator: Badla', 'type': '2D', 'time': '21:00', 'link': 'https://tickets5.planetcinema.co.il/order/164741?lang=he', 'coords': (31.9798, 34.7475), 'dubbed': True}, {'date': '28-11-2025', 'cinema': ' ', 'location': '', 'district': ' ', 'title': ' ', 'eng_title': 'Vision Quest', 'type': '2D', 'time': '22:10', 'link': 'https://tickets.cinema-city.co.il/order/731864', 'coords': (32.1464, 34.804), 'dubbed': False}, {'date': '28-11-2025', 'cinema': '', 'location': '', 'district': '', 'title': ' ', 'eng_title': ' ', 'type': '2D', 'time': '19:00', 'link': 'https://ecom.biggerpicture.ai/site/1292?code=1292-119115&saleChannelCode=web&languageid=he_IL', 'coords': (32.2812, 34.862), 'dubbed': True}, {'date': '28-11-2025', 'cinema': '', 'location': '', 'district': '', 'title': ':  ', 'eng_title': ':  ', 'type': '2D', 'time': '19:45', 'link': 'https://ecom.biggerpicture.ai/site/1292?code=1292-119114&saleChannelCode=web&languageid=he_IL', 'coords': (32.2812, 34.862), 'dubbed': True}]
2025-11-28 04:58:40,380 - root - INFO - 5529
