2025-01-03 02:58:38,045 - root - INFO - ********************
2025-01-03 02:58:38,045 - root - INFO - started checking for:03-01-2025
2025-01-03 02:58:38,045 - cinemas.yes_planet - INFO - STARTED YES PLANET
2025-01-03 02:58:38,045 - cinemas.yes_planet - INFO - STARTED YES PLANET RISHON
2025-01-03 02:58:38,046 - cinemas.yes_planet - INFO - STARTED YES PLANET INIT
2025-01-03 02:58:39,222 - cinemas.yes_planet - INFO - DONE YES PLANET RISHON
2025-01-03 02:58:39,222 - cinemas.yes_planet - INFO - STARTED YES PLANET AYALON
2025-01-03 02:58:39,222 - cinemas.yes_planet - INFO - DONE YES PLANET AYALON
2025-01-03 02:58:39,222 - cinemas.yes_planet - INFO - STARTED YES PLANET ZICHRON
2025-01-03 02:58:39,222 - cinemas.yes_planet - INFO - DONE YES PLANET ZICHRON
2025-01-03 02:58:39,222 - cinemas.yes_planet - INFO - STARTED YES PLANET HAIFA
2025-01-03 02:58:39,222 - cinemas.yes_planet - INFO - DONE YES PLANET HAIFA
2025-01-03 02:58:39,222 - cinemas.yes_planet - INFO - STARTED YES PLANET JERUSALEM
2025-01-03 02:58:39,222 - cinemas.yes_planet - INFO - DONE YES PLANET JERUSALEM
2025-01-03 02:58:39,222 - cinemas.yes_planet - INFO - STARTED YES PLANET BEER_SHEVA
2025-01-03 02:58:39,222 - cinemas.yes_planet - INFO - DONE YES PLANET BEER_SHEVA
2025-01-03 02:58:39,222 - cinemas.yes_planet - INFO - DONE YES PLANET
2025-01-03 02:58:39,222 - cinemas.rav_hen - INFO - STARTED RAV HEN
2025-01-03 02:58:39,222 - cinemas.rav_hen - INFO - STARTED RAV HEN GIVATAIM
2025-01-03 02:58:43,417 - cinemas.rav_hen - INFO - DONE RAV HEN GIVATAIM
2025-01-03 02:58:43,417 - cinemas.rav_hen - INFO - STARTED RAV HEN DIZINGOF
2025-01-03 02:58:43,889 - cinemas.rav_hen - INFO - DONE RAV HEN DIZINGOF
2025-01-03 02:58:43,889 - cinemas.rav_hen - INFO - STARTED RAV HEN MODIIN
2025-01-03 02:58:44,288 - cinemas.rav_hen - INFO - DONE RAV HEN MODIIN
2025-01-03 02:58:44,288 - cinemas.rav_hen - INFO - STARTED RAV HEN KIRYAT_ONO
2025-01-03 02:58:44,947 - cinemas.rav_hen - INFO - DONE RAV HEN KIRYAT_ONO
2025-01-03 02:58:44,947 - cinemas.rav_hen - INFO - DONE RAV HEN
2025-01-03 02:58:44,947 - cinemas.hot_cinema - INFO - STARTED HOT CINEMA
2025-01-03 02:58:44,947 - cinemas.hot_cinema - INFO - STARTED HOT CINEMA MODIIN
2025-01-03 02:58:57,744 - cinemas.hot_cinema - INFO - DONE HOT CINEMA MODIIN
2025-01-03 02:58:57,744 - cinemas.hot_cinema - INFO - STARTED HOT CINEMA KIRYON
2025-01-03 02:59:04,060 - cinemas.hot_cinema - INFO - DONE HOT CINEMA KIRYON
2025-01-03 02:59:04,060 - cinemas.hot_cinema - INFO - STARTED HOT CINEMA KFAR_SABBA
2025-01-03 02:59:05,329 - cinemas.hot_cinema - INFO - DONE HOT CINEMA KFAR_SABBA
2025-01-03 02:59:05,329 - cinemas.hot_cinema - INFO - STARTED HOT CINEMA HAIFA
2025-01-03 02:59:07,107 - cinemas.hot_cinema - INFO - DONE HOT CINEMA HAIFA
2025-01-03 02:59:07,107 - cinemas.hot_cinema - INFO - STARTED HOT CINEMA PETACH_TIKVA
2025-01-03 02:59:07,265 - cinemas.hot_cinema - INFO - DONE HOT CINEMA PETACH_TIKVA
2025-01-03 02:59:07,265 - cinemas.hot_cinema - INFO - STARTED HOT CINEMA RECHOVOT
2025-01-03 02:59:07,422 - cinemas.hot_cinema - INFO - DONE HOT CINEMA RECHOVOT
2025-01-03 02:59:07,422 - cinemas.hot_cinema - INFO - STARTED HOT CINEMA ASHKELON
2025-01-03 02:59:07,582 - cinemas.hot_cinema - INFO - DONE HOT CINEMA ASHKELON
2025-01-03 02:59:07,582 - cinemas.hot_cinema - INFO - STARTED HOT CINEMA KARMIEL
2025-01-03 02:59:07,740 - cinemas.hot_cinema - INFO - DONE HOT CINEMA KARMIEL
2025-01-03 02:59:07,740 - cinemas.hot_cinema - INFO - STARTED HOT CINEMA NAHARIA
2025-01-03 02:59:07,904 - cinemas.hot_cinema - INFO - DONE HOT CINEMA NAHARIA
2025-01-03 02:59:07,905 - cinemas.hot_cinema - INFO - STARTED HOT CINEMA ASHDOD
2025-01-03 02:59:08,061 - cinemas.hot_cinema - INFO - DONE HOT CINEMA ASHDOD
2025-01-03 02:59:08,061 - cinemas.hot_cinema - INFO - DONE HOT CINEMA
2025-01-03 02:59:08,061 - cinemas.cinema_city - INFO - STARTED CINEMA CITY
2025-01-03 02:59:10,178 - proxy - INFO - Proxy: {'YourFuckingIPAddress': '81.28.7.51', 'YourFuckingLocation': 'Haifa, HA, Israel', 'YourFuckingHostname': '81.28.7.51', 'YourFuckingISP': 'O.M.C. COMPUTERS & COMMUNICATIONS LTD', 'YourFuckingTorExit': False, 'YourFuckingCity': 'Haifa', 'YourFuckingCountry': 'Israel', 'YourFuckingCountryCode': 'IL'}
2025-01-03 02:59:10,179 - cinemas.cinema_city - INFO - STARTED CINEMA CITY GLILOT
2025-01-03 03:03:01,021 - cinemas.cinema_city - ERROR - Failed to get english name for פנדה באפריקה-מדובב
Traceback (most recent call last):
  File "/opt/hostedtoolcache/Python/3.11.11/x64/lib/python3.11/site-packages/urllib3/connectionpool.py", line 468, in _make_request
    six.raise_from(e, None)
  File "<string>", line 3, in raise_from
  File "/opt/hostedtoolcache/Python/3.11.11/x64/lib/python3.11/site-packages/urllib3/connectionpool.py", line 463, in _make_request
    httplib_response = conn.getresponse()
                       ^^^^^^^^^^^^^^^^^^
  File "/opt/hostedtoolcache/Python/3.11.11/x64/lib/python3.11/http/client.py", line 1395, in getresponse
    response.begin()
  File "/opt/hostedtoolcache/Python/3.11.11/x64/lib/python3.11/http/client.py", line 325, in begin
    version, status, reason = self._read_status()
                              ^^^^^^^^^^^^^^^^^^^
  File "/opt/hostedtoolcache/Python/3.11.11/x64/lib/python3.11/http/client.py", line 286, in _read_status
    line = str(self.fp.readline(_MAXLINE + 1), "iso-8859-1")
               ^^^^^^^^^^^^^^^^^^^^^^^^^^^^^^
  File "/opt/hostedtoolcache/Python/3.11.11/x64/lib/python3.11/socket.py", line 718, in readinto
    return self._sock.recv_into(b)
           ^^^^^^^^^^^^^^^^^^^^^^^
TimeoutError: timed out

During handling of the above exception, another exception occurred:

Traceback (most recent call last):
  File "/home/runner/work/Movie-Time-Server/Movie-Time-Server/cinemas/cinema_city.py", line 88, in get_english_name
    bs = BeautifulSoup(s.get(url).text, "html.parser")
                       ^^^^^^^^^^
  File "/home/runner/work/Movie-Time-Server/Movie-Time-Server/proxy.py", line 30, in get
    self.driver.get(url)
  File "/opt/hostedtoolcache/Python/3.11.11/x64/lib/python3.11/site-packages/selenium/webdriver/remote/webdriver.py", line 393, in get
    self.execute(Command.GET, {"url": url})
  File "/opt/hostedtoolcache/Python/3.11.11/x64/lib/python3.11/site-packages/selenium/webdriver/remote/webdriver.py", line 382, in execute
    response = self.command_executor.execute(driver_command, params)
               ^^^^^^^^^^^^^^^^^^^^^^^^^^^^^^^^^^^^^^^^^^^^^^^^^^^^^
  File "/opt/hostedtoolcache/Python/3.11.11/x64/lib/python3.11/site-packages/selenium/webdriver/remote/remote_connection.py", line 404, in execute
    return self._request(command_info[0], url, body=data)
           ^^^^^^^^^^^^^^^^^^^^^^^^^^^^^^^^^^^^^^^^^^^^^^
  File "/opt/hostedtoolcache/Python/3.11.11/x64/lib/python3.11/site-packages/selenium/webdriver/remote/remote_connection.py", line 428, in _request
    response = self._conn.request(method, url, body=body, headers=headers, timeout=self._client_config.timeout)
               ^^^^^^^^^^^^^^^^^^^^^^^^^^^^^^^^^^^^^^^^^^^^^^^^^^^^^^^^^^^^^^^^^^^^^^^^^^^^^^^^^^^^^^^^^^^^^^^^
  File "/opt/hostedtoolcache/Python/3.11.11/x64/lib/python3.11/site-packages/urllib3/request.py", line 81, in request
    return self.request_encode_body(
           ^^^^^^^^^^^^^^^^^^^^^^^^^
  File "/opt/hostedtoolcache/Python/3.11.11/x64/lib/python3.11/site-packages/urllib3/request.py", line 173, in request_encode_body
    return self.urlopen(method, url, **extra_kw)
           ^^^^^^^^^^^^^^^^^^^^^^^^^^^^^^^^^^^^^
  File "/opt/hostedtoolcache/Python/3.11.11/x64/lib/python3.11/site-packages/urllib3/poolmanager.py", line 376, in urlopen
    response = conn.urlopen(method, u.request_uri, **kw)
               ^^^^^^^^^^^^^^^^^^^^^^^^^^^^^^^^^^^^^^^^^
  File "/opt/hostedtoolcache/Python/3.11.11/x64/lib/python3.11/site-packages/urllib3/connectionpool.py", line 802, in urlopen
    retries = retries.increment(
              ^^^^^^^^^^^^^^^^^^
  File "/opt/hostedtoolcache/Python/3.11.11/x64/lib/python3.11/site-packages/urllib3/util/retry.py", line 552, in increment
    raise six.reraise(type(error), error, _stacktrace)
          ^^^^^^^^^^^^^^^^^^^^^^^^^^^^^^^^^^^^^^^^^^^^
  File "/opt/hostedtoolcache/Python/3.11.11/x64/lib/python3.11/site-packages/urllib3/packages/six.py", line 770, in reraise
    raise value
  File "/opt/hostedtoolcache/Python/3.11.11/x64/lib/python3.11/site-packages/urllib3/connectionpool.py", line 716, in urlopen
    httplib_response = self._make_request(
                       ^^^^^^^^^^^^^^^^^^^
  File "/opt/hostedtoolcache/Python/3.11.11/x64/lib/python3.11/site-packages/urllib3/connectionpool.py", line 470, in _make_request
    self._raise_timeout(err=e, url=url, timeout_value=read_timeout)
  File "/opt/hostedtoolcache/Python/3.11.11/x64/lib/python3.11/site-packages/urllib3/connectionpool.py", line 358, in _raise_timeout
    raise ReadTimeoutError(
urllib3.exceptions.ReadTimeoutError: HTTPConnectionPool(host='localhost', port=53821): Read timed out. (read timeout=120)
2025-01-03 03:05:01,186 - cinemas.cinema_city - WARNING - error while getting movie info:
Traceback (most recent call last):
  File "/opt/hostedtoolcache/Python/3.11.11/x64/lib/python3.11/site-packages/urllib3/connectionpool.py", line 468, in _make_request
    six.raise_from(e, None)
  File "<string>", line 3, in raise_from
  File "/opt/hostedtoolcache/Python/3.11.11/x64/lib/python3.11/site-packages/urllib3/connectionpool.py", line 463, in _make_request
    httplib_response = conn.getresponse()
                       ^^^^^^^^^^^^^^^^^^
  File "/opt/hostedtoolcache/Python/3.11.11/x64/lib/python3.11/http/client.py", line 1395, in getresponse
    response.begin()
  File "/opt/hostedtoolcache/Python/3.11.11/x64/lib/python3.11/http/client.py", line 325, in begin
    version, status, reason = self._read_status()
                              ^^^^^^^^^^^^^^^^^^^
  File "/opt/hostedtoolcache/Python/3.11.11/x64/lib/python3.11/http/client.py", line 286, in _read_status
    line = str(self.fp.readline(_MAXLINE + 1), "iso-8859-1")
               ^^^^^^^^^^^^^^^^^^^^^^^^^^^^^^
  File "/opt/hostedtoolcache/Python/3.11.11/x64/lib/python3.11/socket.py", line 718, in readinto
    return self._sock.recv_into(b)
           ^^^^^^^^^^^^^^^^^^^^^^^
TimeoutError: timed out

During handling of the above exception, another exception occurred:

Traceback (most recent call last):
  File "/home/runner/work/Movie-Time-Server/Movie-Time-Server/cinemas/cinema_city.py", line 128, in get_by_location
    english_name = get_english_name(movie_name, s)
                   ^^^^^^^^^^^^^^^^^^^^^^^^^^^^^^^
  File "/home/runner/work/Movie-Time-Server/Movie-Time-Server/cinemas/cinema_city.py", line 85, in get_english_name
    info = s.get(url).json()[1]
           ^^^^^^^^^^
  File "/home/runner/work/Movie-Time-Server/Movie-Time-Server/proxy.py", line 30, in get
    self.driver.get(url)
  File "/opt/hostedtoolcache/Python/3.11.11/x64/lib/python3.11/site-packages/selenium/webdriver/remote/webdriver.py", line 393, in get
    self.execute(Command.GET, {"url": url})
  File "/opt/hostedtoolcache/Python/3.11.11/x64/lib/python3.11/site-packages/selenium/webdriver/remote/webdriver.py", line 382, in execute
    response = self.command_executor.execute(driver_command, params)
               ^^^^^^^^^^^^^^^^^^^^^^^^^^^^^^^^^^^^^^^^^^^^^^^^^^^^^
  File "/opt/hostedtoolcache/Python/3.11.11/x64/lib/python3.11/site-packages/selenium/webdriver/remote/remote_connection.py", line 404, in execute
    return self._request(command_info[0], url, body=data)
           ^^^^^^^^^^^^^^^^^^^^^^^^^^^^^^^^^^^^^^^^^^^^^^
  File "/opt/hostedtoolcache/Python/3.11.11/x64/lib/python3.11/site-packages/selenium/webdriver/remote/remote_connection.py", line 428, in _request
    response = self._conn.request(method, url, body=body, headers=headers, timeout=self._client_config.timeout)
               ^^^^^^^^^^^^^^^^^^^^^^^^^^^^^^^^^^^^^^^^^^^^^^^^^^^^^^^^^^^^^^^^^^^^^^^^^^^^^^^^^^^^^^^^^^^^^^^^
  File "/opt/hostedtoolcache/Python/3.11.11/x64/lib/python3.11/site-packages/urllib3/request.py", line 81, in request
    return self.request_encode_body(
           ^^^^^^^^^^^^^^^^^^^^^^^^^
  File "/opt/hostedtoolcache/Python/3.11.11/x64/lib/python3.11/site-packages/urllib3/request.py", line 173, in request_encode_body
    return self.urlopen(method, url, **extra_kw)
           ^^^^^^^^^^^^^^^^^^^^^^^^^^^^^^^^^^^^^
  File "/opt/hostedtoolcache/Python/3.11.11/x64/lib/python3.11/site-packages/urllib3/poolmanager.py", line 376, in urlopen
    response = conn.urlopen(method, u.request_uri, **kw)
               ^^^^^^^^^^^^^^^^^^^^^^^^^^^^^^^^^^^^^^^^^
  File "/opt/hostedtoolcache/Python/3.11.11/x64/lib/python3.11/site-packages/urllib3/connectionpool.py", line 802, in urlopen
    retries = retries.increment(
              ^^^^^^^^^^^^^^^^^^
  File "/opt/hostedtoolcache/Python/3.11.11/x64/lib/python3.11/site-packages/urllib3/util/retry.py", line 552, in increment
    raise six.reraise(type(error), error, _stacktrace)
          ^^^^^^^^^^^^^^^^^^^^^^^^^^^^^^^^^^^^^^^^^^^^
  File "/opt/hostedtoolcache/Python/3.11.11/x64/lib/python3.11/site-packages/urllib3/packages/six.py", line 770, in reraise
    raise value
  File "/opt/hostedtoolcache/Python/3.11.11/x64/lib/python3.11/site-packages/urllib3/connectionpool.py", line 716, in urlopen
    httplib_response = self._make_request(
                       ^^^^^^^^^^^^^^^^^^^
  File "/opt/hostedtoolcache/Python/3.11.11/x64/lib/python3.11/site-packages/urllib3/connectionpool.py", line 470, in _make_request
    self._raise_timeout(err=e, url=url, timeout_value=read_timeout)
  File "/opt/hostedtoolcache/Python/3.11.11/x64/lib/python3.11/site-packages/urllib3/connectionpool.py", line 358, in _raise_timeout
    raise ReadTimeoutError(
urllib3.exceptions.ReadTimeoutError: HTTPConnectionPool(host='localhost', port=53821): Read timed out. (read timeout=120)
2025-01-03 03:07:11,136 - proxy - INFO - Proxy removed
2025-01-03 03:07:11,136 - root - ERROR - cinema city crashed
Traceback (most recent call last):
  File "/opt/hostedtoolcache/Python/3.11.11/x64/lib/python3.11/site-packages/urllib3/connectionpool.py", line 468, in _make_request
    six.raise_from(e, None)
  File "<string>", line 3, in raise_from
  File "/opt/hostedtoolcache/Python/3.11.11/x64/lib/python3.11/site-packages/urllib3/connectionpool.py", line 463, in _make_request
    httplib_response = conn.getresponse()
                       ^^^^^^^^^^^^^^^^^^
  File "/opt/hostedtoolcache/Python/3.11.11/x64/lib/python3.11/http/client.py", line 1395, in getresponse
    response.begin()
  File "/opt/hostedtoolcache/Python/3.11.11/x64/lib/python3.11/http/client.py", line 325, in begin
    version, status, reason = self._read_status()
                              ^^^^^^^^^^^^^^^^^^^
  File "/opt/hostedtoolcache/Python/3.11.11/x64/lib/python3.11/http/client.py", line 286, in _read_status
    line = str(self.fp.readline(_MAXLINE + 1), "iso-8859-1")
               ^^^^^^^^^^^^^^^^^^^^^^^^^^^^^^
  File "/opt/hostedtoolcache/Python/3.11.11/x64/lib/python3.11/socket.py", line 718, in readinto
    return self._sock.recv_into(b)
           ^^^^^^^^^^^^^^^^^^^^^^^
TimeoutError: timed out

During handling of the above exception, another exception occurred:

Traceback (most recent call last):
  File "/home/runner/work/Movie-Time-Server/Movie-Time-Server/main.py", line 56, in get_screenings_from_cinema
    return unsafe_get_screenings_from_cinema(get_screening, cinema, date, s)
           ^^^^^^^^^^^^^^^^^^^^^^^^^^^^^^^^^^^^^^^^^^^^^^^^^^^^^^^^^^^^^^^^^
  File "/opt/hostedtoolcache/Python/3.11.11/x64/lib/python3.11/site-packages/decorator.py", line 232, in fun
    return caller(func, *(extras + args), **kw)
           ^^^^^^^^^^^^^^^^^^^^^^^^^^^^^^^^^^^^
  File "/opt/hostedtoolcache/Python/3.11.11/x64/lib/python3.11/site-packages/retry/api.py", line 90, in retry_decorator
    return __retry_internal(partial(f, *args, **kwargs), exceptions, tries, delay, max_delay, backoff, jitter,
           ^^^^^^^^^^^^^^^^^^^^^^^^^^^^^^^^^^^^^^^^^^^^^^^^^^^^^^^^^^^^^^^^^^^^^^^^^^^^^^^^^^^^^^^^^^^^^^^^^^^
  File "/opt/hostedtoolcache/Python/3.11.11/x64/lib/python3.11/site-packages/retry/api.py", line 35, in __retry_internal
    return f()
           ^^^
  File "/home/runner/work/Movie-Time-Server/Movie-Time-Server/main.py", line 71, in unsafe_get_screenings_from_cinema
    screenings = get_screening(year, month, day, s)
                 ^^^^^^^^^^^^^^^^^^^^^^^^^^^^^^^^^^
  File "/home/runner/work/Movie-Time-Server/Movie-Time-Server/cinemas/cinema_city.py", line 148, in get_screenings
    screenings.extend(get_by_location(location, date, ps))
                      ^^^^^^^^^^^^^^^^^^^^^^^^^^^^^^^^^^^
  File "/home/runner/work/Movie-Time-Server/Movie-Time-Server/cinemas/cinema_city.py", line 121, in get_by_location
    res = s.get(url)
          ^^^^^^^^^^
  File "/home/runner/work/Movie-Time-Server/Movie-Time-Server/proxy.py", line 30, in get
    self.driver.get(url)
  File "/opt/hostedtoolcache/Python/3.11.11/x64/lib/python3.11/site-packages/selenium/webdriver/remote/webdriver.py", line 393, in get
    self.execute(Command.GET, {"url": url})
  File "/opt/hostedtoolcache/Python/3.11.11/x64/lib/python3.11/site-packages/selenium/webdriver/remote/webdriver.py", line 382, in execute
    response = self.command_executor.execute(driver_command, params)
               ^^^^^^^^^^^^^^^^^^^^^^^^^^^^^^^^^^^^^^^^^^^^^^^^^^^^^
  File "/opt/hostedtoolcache/Python/3.11.11/x64/lib/python3.11/site-packages/selenium/webdriver/remote/remote_connection.py", line 404, in execute
    return self._request(command_info[0], url, body=data)
           ^^^^^^^^^^^^^^^^^^^^^^^^^^^^^^^^^^^^^^^^^^^^^^
  File "/opt/hostedtoolcache/Python/3.11.11/x64/lib/python3.11/site-packages/selenium/webdriver/remote/remote_connection.py", line 428, in _request
    response = self._conn.request(method, url, body=body, headers=headers, timeout=self._client_config.timeout)
               ^^^^^^^^^^^^^^^^^^^^^^^^^^^^^^^^^^^^^^^^^^^^^^^^^^^^^^^^^^^^^^^^^^^^^^^^^^^^^^^^^^^^^^^^^^^^^^^^
  File "/opt/hostedtoolcache/Python/3.11.11/x64/lib/python3.11/site-packages/urllib3/request.py", line 81, in request
    return self.request_encode_body(
           ^^^^^^^^^^^^^^^^^^^^^^^^^
  File "/opt/hostedtoolcache/Python/3.11.11/x64/lib/python3.11/site-packages/urllib3/request.py", line 173, in request_encode_body
    return self.urlopen(method, url, **extra_kw)
           ^^^^^^^^^^^^^^^^^^^^^^^^^^^^^^^^^^^^^
  File "/opt/hostedtoolcache/Python/3.11.11/x64/lib/python3.11/site-packages/urllib3/poolmanager.py", line 376, in urlopen
    response = conn.urlopen(method, u.request_uri, **kw)
               ^^^^^^^^^^^^^^^^^^^^^^^^^^^^^^^^^^^^^^^^^
  File "/opt/hostedtoolcache/Python/3.11.11/x64/lib/python3.11/site-packages/urllib3/connectionpool.py", line 802, in urlopen
    retries = retries.increment(
              ^^^^^^^^^^^^^^^^^^
  File "/opt/hostedtoolcache/Python/3.11.11/x64/lib/python3.11/site-packages/urllib3/util/retry.py", line 552, in increment
    raise six.reraise(type(error), error, _stacktrace)
          ^^^^^^^^^^^^^^^^^^^^^^^^^^^^^^^^^^^^^^^^^^^^
  File "/opt/hostedtoolcache/Python/3.11.11/x64/lib/python3.11/site-packages/urllib3/packages/six.py", line 770, in reraise
    raise value
  File "/opt/hostedtoolcache/Python/3.11.11/x64/lib/python3.11/site-packages/urllib3/connectionpool.py", line 716, in urlopen
    httplib_response = self._make_request(
                       ^^^^^^^^^^^^^^^^^^^
  File "/opt/hostedtoolcache/Python/3.11.11/x64/lib/python3.11/site-packages/urllib3/connectionpool.py", line 470, in _make_request
    self._raise_timeout(err=e, url=url, timeout_value=read_timeout)
  File "/opt/hostedtoolcache/Python/3.11.11/x64/lib/python3.11/site-packages/urllib3/connectionpool.py", line 358, in _raise_timeout
    raise ReadTimeoutError(
urllib3.exceptions.ReadTimeoutError: HTTPConnectionPool(host='localhost', port=53821): Read timed out. (read timeout=120)
2025-01-03 03:07:11,138 - cinemas.lev - INFO - STARTED LEV
2025-01-03 03:07:41,498 - root - ERROR - lev crashed
Traceback (most recent call last):
  File "/home/runner/work/Movie-Time-Server/Movie-Time-Server/main.py", line 56, in get_screenings_from_cinema
    return unsafe_get_screenings_from_cinema(get_screening, cinema, date, s)
           ^^^^^^^^^^^^^^^^^^^^^^^^^^^^^^^^^^^^^^^^^^^^^^^^^^^^^^^^^^^^^^^^^
  File "/opt/hostedtoolcache/Python/3.11.11/x64/lib/python3.11/site-packages/decorator.py", line 232, in fun
    return caller(func, *(extras + args), **kw)
           ^^^^^^^^^^^^^^^^^^^^^^^^^^^^^^^^^^^^
  File "/opt/hostedtoolcache/Python/3.11.11/x64/lib/python3.11/site-packages/retry/api.py", line 90, in retry_decorator
    return __retry_internal(partial(f, *args, **kwargs), exceptions, tries, delay, max_delay, backoff, jitter,
           ^^^^^^^^^^^^^^^^^^^^^^^^^^^^^^^^^^^^^^^^^^^^^^^^^^^^^^^^^^^^^^^^^^^^^^^^^^^^^^^^^^^^^^^^^^^^^^^^^^^
  File "/opt/hostedtoolcache/Python/3.11.11/x64/lib/python3.11/site-packages/retry/api.py", line 35, in __retry_internal
    return f()
           ^^^
  File "/home/runner/work/Movie-Time-Server/Movie-Time-Server/main.py", line 71, in unsafe_get_screenings_from_cinema
    screenings = get_screening(year, month, day, s)
                 ^^^^^^^^^^^^^^^^^^^^^^^^^^^^^^^^^^
  File "/home/runner/work/Movie-Time-Server/Movie-Time-Server/cinemas/lev.py", line 127, in get_screenings
    with ProxifiedSession(s) as ps:
  File "/home/runner/work/Movie-Time-Server/Movie-Time-Server/proxy.py", line 44, in __enter__
    proxy_info = driver.get("https://wtfismyip.com/json").json()
                 ^^^^^^^^^^^^^^^^^^^^^^^^^^^^^^^^^^^^^^^^^^^^^^^
  File "/home/runner/work/Movie-Time-Server/Movie-Time-Server/proxy.py", line 18, in json
    return json.loads(self.pre)
           ^^^^^^^^^^^^^^^^^^^^
  File "/opt/hostedtoolcache/Python/3.11.11/x64/lib/python3.11/json/__init__.py", line 339, in loads
    raise TypeError(f'the JSON object must be str, bytes or bytearray, '
TypeError: the JSON object must be str, bytes or bytearray, not NoneType
2025-01-03 03:07:41,531 - cinemas.movieland - INFO - STARTED Movie Land
2025-01-03 03:07:41,531 - cinemas.movieland - INFO - STARTED Movie Land CARMIEL
2025-01-03 03:07:47,972 - cinemas.movieland - INFO - DONE Movie Land CARMIEL
2025-01-03 03:07:47,972 - cinemas.movieland - INFO - STARTED Movie Land HAIFA
2025-01-03 03:07:48,718 - cinemas.movieland - INFO - DONE Movie Land HAIFA
2025-01-03 03:07:48,718 - cinemas.movieland - INFO - STARTED Movie Land NATANYA
2025-01-03 03:07:49,994 - cinemas.movieland - INFO - DONE Movie Land NATANYA
2025-01-03 03:07:49,995 - cinemas.movieland - INFO - DONE Movie Land
2025-01-03 03:07:49,995 - root - INFO - ********************
2025-01-03 03:07:49,995 - root - INFO - started checking for:04-01-2025
2025-01-03 03:07:49,995 - cinemas.yes_planet - INFO - STARTED YES PLANET
2025-01-03 03:07:49,995 - cinemas.yes_planet - INFO - STARTED YES PLANET RISHON
2025-01-03 03:07:49,995 - cinemas.yes_planet - INFO - DONE YES PLANET RISHON
2025-01-03 03:07:49,995 - cinemas.yes_planet - INFO - STARTED YES PLANET AYALON
2025-01-03 03:07:49,995 - cinemas.yes_planet - INFO - DONE YES PLANET AYALON
2025-01-03 03:07:49,995 - cinemas.yes_planet - INFO - STARTED YES PLANET ZICHRON
2025-01-03 03:07:49,995 - cinemas.yes_planet - INFO - DONE YES PLANET ZICHRON
2025-01-03 03:07:49,995 - cinemas.yes_planet - INFO - STARTED YES PLANET HAIFA
2025-01-03 03:07:49,995 - cinemas.yes_planet - INFO - DONE YES PLANET HAIFA
2025-01-03 03:07:49,995 - cinemas.yes_planet - INFO - STARTED YES PLANET JERUSALEM
2025-01-03 03:07:49,995 - cinemas.yes_planet - INFO - DONE YES PLANET JERUSALEM
2025-01-03 03:07:49,995 - cinemas.yes_planet - INFO - STARTED YES PLANET BEER_SHEVA
2025-01-03 03:07:49,995 - cinemas.yes_planet - INFO - DONE YES PLANET BEER_SHEVA
2025-01-03 03:07:49,995 - cinemas.yes_planet - INFO - DONE YES PLANET
2025-01-03 03:07:49,995 - cinemas.rav_hen - INFO - STARTED RAV HEN
2025-01-03 03:07:49,996 - cinemas.rav_hen - INFO - STARTED RAV HEN GIVATAIM
2025-01-03 03:07:51,106 - cinemas.rav_hen - INFO - DONE RAV HEN GIVATAIM
2025-01-03 03:07:51,106 - cinemas.rav_hen - INFO - STARTED RAV HEN DIZINGOF
2025-01-03 03:07:51,594 - cinemas.rav_hen - INFO - DONE RAV HEN DIZINGOF
2025-01-03 03:07:51,594 - cinemas.rav_hen - INFO - STARTED RAV HEN MODIIN
2025-01-03 03:07:52,005 - cinemas.rav_hen - INFO - DONE RAV HEN MODIIN
2025-01-03 03:07:52,005 - cinemas.rav_hen - INFO - STARTED RAV HEN KIRYAT_ONO
2025-01-03 03:07:52,490 - cinemas.rav_hen - INFO - DONE RAV HEN KIRYAT_ONO
2025-01-03 03:07:52,490 - cinemas.rav_hen - INFO - DONE RAV HEN
2025-01-03 03:07:52,490 - cinemas.hot_cinema - INFO - STARTED HOT CINEMA
2025-01-03 03:07:52,490 - cinemas.hot_cinema - INFO - STARTED HOT CINEMA MODIIN
2025-01-03 03:07:54,216 - cinemas.hot_cinema - INFO - DONE HOT CINEMA MODIIN
2025-01-03 03:07:54,216 - cinemas.hot_cinema - INFO - STARTED HOT CINEMA KIRYON
2025-01-03 03:07:54,897 - cinemas.hot_cinema - INFO - DONE HOT CINEMA KIRYON
2025-01-03 03:07:54,897 - cinemas.hot_cinema - INFO - STARTED HOT CINEMA KFAR_SABBA
2025-01-03 03:07:55,576 - cinemas.hot_cinema - INFO - DONE HOT CINEMA KFAR_SABBA
2025-01-03 03:07:55,576 - cinemas.hot_cinema - INFO - STARTED HOT CINEMA HAIFA
2025-01-03 03:07:55,737 - cinemas.hot_cinema - INFO - DONE HOT CINEMA HAIFA
2025-01-03 03:07:55,737 - cinemas.hot_cinema - INFO - STARTED HOT CINEMA PETACH_TIKVA
2025-01-03 03:07:55,895 - cinemas.hot_cinema - INFO - DONE HOT CINEMA PETACH_TIKVA
2025-01-03 03:07:55,895 - cinemas.hot_cinema - INFO - STARTED HOT CINEMA RECHOVOT
2025-01-03 03:07:56,052 - cinemas.hot_cinema - INFO - DONE HOT CINEMA RECHOVOT
2025-01-03 03:07:56,053 - cinemas.hot_cinema - INFO - STARTED HOT CINEMA ASHKELON
2025-01-03 03:07:56,212 - cinemas.hot_cinema - INFO - DONE HOT CINEMA ASHKELON
2025-01-03 03:07:56,212 - cinemas.hot_cinema - INFO - STARTED HOT CINEMA KARMIEL
2025-01-03 03:07:56,373 - cinemas.hot_cinema - INFO - DONE HOT CINEMA KARMIEL
2025-01-03 03:07:56,373 - cinemas.hot_cinema - INFO - STARTED HOT CINEMA NAHARIA
2025-01-03 03:07:56,530 - cinemas.hot_cinema - INFO - DONE HOT CINEMA NAHARIA
2025-01-03 03:07:56,530 - cinemas.hot_cinema - INFO - STARTED HOT CINEMA ASHDOD
2025-01-03 03:07:56,687 - cinemas.hot_cinema - INFO - DONE HOT CINEMA ASHDOD
2025-01-03 03:07:56,687 - cinemas.hot_cinema - INFO - DONE HOT CINEMA
2025-01-03 03:07:56,687 - cinemas.cinema_city - INFO - STARTED CINEMA CITY
2025-01-03 03:08:27,024 - root - ERROR - cinema city crashed
Traceback (most recent call last):
  File "/home/runner/work/Movie-Time-Server/Movie-Time-Server/main.py", line 56, in get_screenings_from_cinema
    return unsafe_get_screenings_from_cinema(get_screening, cinema, date, s)
           ^^^^^^^^^^^^^^^^^^^^^^^^^^^^^^^^^^^^^^^^^^^^^^^^^^^^^^^^^^^^^^^^^
  File "/opt/hostedtoolcache/Python/3.11.11/x64/lib/python3.11/site-packages/decorator.py", line 232, in fun
    return caller(func, *(extras + args), **kw)
           ^^^^^^^^^^^^^^^^^^^^^^^^^^^^^^^^^^^^
  File "/opt/hostedtoolcache/Python/3.11.11/x64/lib/python3.11/site-packages/retry/api.py", line 90, in retry_decorator
    return __retry_internal(partial(f, *args, **kwargs), exceptions, tries, delay, max_delay, backoff, jitter,
           ^^^^^^^^^^^^^^^^^^^^^^^^^^^^^^^^^^^^^^^^^^^^^^^^^^^^^^^^^^^^^^^^^^^^^^^^^^^^^^^^^^^^^^^^^^^^^^^^^^^
  File "/opt/hostedtoolcache/Python/3.11.11/x64/lib/python3.11/site-packages/retry/api.py", line 35, in __retry_internal
    return f()
           ^^^
  File "/home/runner/work/Movie-Time-Server/Movie-Time-Server/main.py", line 71, in unsafe_get_screenings_from_cinema
    screenings = get_screening(year, month, day, s)
                 ^^^^^^^^^^^^^^^^^^^^^^^^^^^^^^^^^^
  File "/home/runner/work/Movie-Time-Server/Movie-Time-Server/cinemas/cinema_city.py", line 146, in get_screenings
    with ProxifiedSession(s) as ps:
  File "/home/runner/work/Movie-Time-Server/Movie-Time-Server/proxy.py", line 44, in __enter__
    proxy_info = driver.get("https://wtfismyip.com/json").json()
                 ^^^^^^^^^^^^^^^^^^^^^^^^^^^^^^^^^^^^^^^^^^^^^^^
  File "/home/runner/work/Movie-Time-Server/Movie-Time-Server/proxy.py", line 18, in json
    return json.loads(self.pre)
           ^^^^^^^^^^^^^^^^^^^^
  File "/opt/hostedtoolcache/Python/3.11.11/x64/lib/python3.11/json/__init__.py", line 339, in loads
    raise TypeError(f'the JSON object must be str, bytes or bytearray, '
TypeError: the JSON object must be str, bytes or bytearray, not NoneType
2025-01-03 03:08:27,025 - cinemas.lev - INFO - STARTED LEV
2025-01-03 03:08:57,377 - root - ERROR - lev crashed
Traceback (most recent call last):
  File "/home/runner/work/Movie-Time-Server/Movie-Time-Server/main.py", line 56, in get_screenings_from_cinema
    return unsafe_get_screenings_from_cinema(get_screening, cinema, date, s)
           ^^^^^^^^^^^^^^^^^^^^^^^^^^^^^^^^^^^^^^^^^^^^^^^^^^^^^^^^^^^^^^^^^
  File "/opt/hostedtoolcache/Python/3.11.11/x64/lib/python3.11/site-packages/decorator.py", line 232, in fun
    return caller(func, *(extras + args), **kw)
           ^^^^^^^^^^^^^^^^^^^^^^^^^^^^^^^^^^^^
  File "/opt/hostedtoolcache/Python/3.11.11/x64/lib/python3.11/site-packages/retry/api.py", line 90, in retry_decorator
    return __retry_internal(partial(f, *args, **kwargs), exceptions, tries, delay, max_delay, backoff, jitter,
           ^^^^^^^^^^^^^^^^^^^^^^^^^^^^^^^^^^^^^^^^^^^^^^^^^^^^^^^^^^^^^^^^^^^^^^^^^^^^^^^^^^^^^^^^^^^^^^^^^^^
  File "/opt/hostedtoolcache/Python/3.11.11/x64/lib/python3.11/site-packages/retry/api.py", line 35, in __retry_internal
    return f()
           ^^^
  File "/home/runner/work/Movie-Time-Server/Movie-Time-Server/main.py", line 71, in unsafe_get_screenings_from_cinema
    screenings = get_screening(year, month, day, s)
                 ^^^^^^^^^^^^^^^^^^^^^^^^^^^^^^^^^^
  File "/home/runner/work/Movie-Time-Server/Movie-Time-Server/cinemas/lev.py", line 127, in get_screenings
    with ProxifiedSession(s) as ps:
  File "/home/runner/work/Movie-Time-Server/Movie-Time-Server/proxy.py", line 44, in __enter__
    proxy_info = driver.get("https://wtfismyip.com/json").json()
                 ^^^^^^^^^^^^^^^^^^^^^^^^^^^^^^^^^^^^^^^^^^^^^^^
  File "/home/runner/work/Movie-Time-Server/Movie-Time-Server/proxy.py", line 18, in json
    return json.loads(self.pre)
           ^^^^^^^^^^^^^^^^^^^^
  File "/opt/hostedtoolcache/Python/3.11.11/x64/lib/python3.11/json/__init__.py", line 339, in loads
    raise TypeError(f'the JSON object must be str, bytes or bytearray, '
TypeError: the JSON object must be str, bytes or bytearray, not NoneType
2025-01-03 03:08:57,378 - cinemas.movieland - INFO - STARTED Movie Land
2025-01-03 03:08:57,378 - cinemas.movieland - INFO - STARTED Movie Land CARMIEL
2025-01-03 03:08:57,760 - cinemas.movieland - INFO - DONE Movie Land CARMIEL
2025-01-03 03:08:57,760 - cinemas.movieland - INFO - STARTED Movie Land HAIFA
2025-01-03 03:08:57,761 - cinemas.movieland - INFO - DONE Movie Land HAIFA
2025-01-03 03:08:57,761 - cinemas.movieland - INFO - STARTED Movie Land NATANYA
2025-01-03 03:08:57,762 - cinemas.movieland - INFO - DONE Movie Land NATANYA
2025-01-03 03:08:57,762 - cinemas.movieland - INFO - DONE Movie Land
2025-01-03 03:08:57,762 - root - INFO - ********************
2025-01-03 03:08:57,762 - root - INFO - started checking for:05-01-2025
2025-01-03 03:08:57,762 - cinemas.yes_planet - INFO - STARTED YES PLANET
2025-01-03 03:08:57,762 - cinemas.yes_planet - INFO - STARTED YES PLANET RISHON
2025-01-03 03:08:57,762 - cinemas.yes_planet - INFO - DONE YES PLANET RISHON
2025-01-03 03:08:57,762 - cinemas.yes_planet - INFO - STARTED YES PLANET AYALON
2025-01-03 03:08:57,762 - cinemas.yes_planet - INFO - DONE YES PLANET AYALON
2025-01-03 03:08:57,762 - cinemas.yes_planet - INFO - STARTED YES PLANET ZICHRON
2025-01-03 03:08:57,762 - cinemas.yes_planet - INFO - DONE YES PLANET ZICHRON
2025-01-03 03:08:57,762 - cinemas.yes_planet - INFO - STARTED YES PLANET HAIFA
2025-01-03 03:08:57,762 - cinemas.yes_planet - INFO - DONE YES PLANET HAIFA
2025-01-03 03:08:57,762 - cinemas.yes_planet - INFO - STARTED YES PLANET JERUSALEM
2025-01-03 03:08:57,762 - cinemas.yes_planet - INFO - DONE YES PLANET JERUSALEM
2025-01-03 03:08:57,762 - cinemas.yes_planet - INFO - STARTED YES PLANET BEER_SHEVA
2025-01-03 03:08:57,763 - cinemas.yes_planet - INFO - DONE YES PLANET BEER_SHEVA
2025-01-03 03:08:57,763 - cinemas.yes_planet - INFO - DONE YES PLANET
2025-01-03 03:08:57,763 - cinemas.rav_hen - INFO - STARTED RAV HEN
2025-01-03 03:08:57,763 - cinemas.rav_hen - INFO - STARTED RAV HEN GIVATAIM
2025-01-03 03:08:58,418 - cinemas.rav_hen - INFO - DONE RAV HEN GIVATAIM
2025-01-03 03:08:58,418 - cinemas.rav_hen - INFO - STARTED RAV HEN DIZINGOF
2025-01-03 03:08:58,821 - cinemas.rav_hen - INFO - DONE RAV HEN DIZINGOF
2025-01-03 03:08:58,821 - cinemas.rav_hen - INFO - STARTED RAV HEN MODIIN
2025-01-03 03:08:59,270 - cinemas.rav_hen - INFO - DONE RAV HEN MODIIN
2025-01-03 03:08:59,270 - cinemas.rav_hen - INFO - STARTED RAV HEN KIRYAT_ONO
2025-01-03 03:08:59,907 - cinemas.rav_hen - INFO - DONE RAV HEN KIRYAT_ONO
2025-01-03 03:08:59,907 - cinemas.rav_hen - INFO - DONE RAV HEN
2025-01-03 03:08:59,907 - cinemas.hot_cinema - INFO - STARTED HOT CINEMA
2025-01-03 03:08:59,907 - cinemas.hot_cinema - INFO - STARTED HOT CINEMA MODIIN
2025-01-03 03:09:00,066 - cinemas.hot_cinema - INFO - DONE HOT CINEMA MODIIN
2025-01-03 03:09:00,066 - cinemas.hot_cinema - INFO - STARTED HOT CINEMA KIRYON
2025-01-03 03:09:00,224 - cinemas.hot_cinema - INFO - DONE HOT CINEMA KIRYON
2025-01-03 03:09:00,224 - cinemas.hot_cinema - INFO - STARTED HOT CINEMA KFAR_SABBA
2025-01-03 03:09:00,383 - cinemas.hot_cinema - INFO - DONE HOT CINEMA KFAR_SABBA
2025-01-03 03:09:00,383 - cinemas.hot_cinema - INFO - STARTED HOT CINEMA HAIFA
2025-01-03 03:09:01,101 - cinemas.hot_cinema - INFO - DONE HOT CINEMA HAIFA
2025-01-03 03:09:01,101 - cinemas.hot_cinema - INFO - STARTED HOT CINEMA PETACH_TIKVA
2025-01-03 03:09:01,780 - cinemas.hot_cinema - INFO - DONE HOT CINEMA PETACH_TIKVA
2025-01-03 03:09:01,780 - cinemas.hot_cinema - INFO - STARTED HOT CINEMA RECHOVOT
2025-01-03 03:09:01,936 - cinemas.hot_cinema - INFO - DONE HOT CINEMA RECHOVOT
2025-01-03 03:09:01,937 - cinemas.hot_cinema - INFO - STARTED HOT CINEMA ASHKELON
2025-01-03 03:09:02,093 - cinemas.hot_cinema - INFO - DONE HOT CINEMA ASHKELON
2025-01-03 03:09:02,093 - cinemas.hot_cinema - INFO - STARTED HOT CINEMA KARMIEL
2025-01-03 03:09:02,249 - cinemas.hot_cinema - INFO - DONE HOT CINEMA KARMIEL
2025-01-03 03:09:02,250 - cinemas.hot_cinema - INFO - STARTED HOT CINEMA NAHARIA
2025-01-03 03:09:02,405 - cinemas.hot_cinema - INFO - DONE HOT CINEMA NAHARIA
2025-01-03 03:09:02,405 - cinemas.hot_cinema - INFO - STARTED HOT CINEMA ASHDOD
2025-01-03 03:09:02,563 - cinemas.hot_cinema - INFO - DONE HOT CINEMA ASHDOD
2025-01-03 03:09:02,563 - cinemas.hot_cinema - INFO - DONE HOT CINEMA
2025-01-03 03:09:02,564 - cinemas.cinema_city - INFO - STARTED CINEMA CITY
2025-01-03 03:09:32,934 - root - ERROR - cinema city crashed
Traceback (most recent call last):
  File "/home/runner/work/Movie-Time-Server/Movie-Time-Server/main.py", line 56, in get_screenings_from_cinema
    return unsafe_get_screenings_from_cinema(get_screening, cinema, date, s)
           ^^^^^^^^^^^^^^^^^^^^^^^^^^^^^^^^^^^^^^^^^^^^^^^^^^^^^^^^^^^^^^^^^
  File "/opt/hostedtoolcache/Python/3.11.11/x64/lib/python3.11/site-packages/decorator.py", line 232, in fun
    return caller(func, *(extras + args), **kw)
           ^^^^^^^^^^^^^^^^^^^^^^^^^^^^^^^^^^^^
  File "/opt/hostedtoolcache/Python/3.11.11/x64/lib/python3.11/site-packages/retry/api.py", line 90, in retry_decorator
    return __retry_internal(partial(f, *args, **kwargs), exceptions, tries, delay, max_delay, backoff, jitter,
           ^^^^^^^^^^^^^^^^^^^^^^^^^^^^^^^^^^^^^^^^^^^^^^^^^^^^^^^^^^^^^^^^^^^^^^^^^^^^^^^^^^^^^^^^^^^^^^^^^^^
  File "/opt/hostedtoolcache/Python/3.11.11/x64/lib/python3.11/site-packages/retry/api.py", line 35, in __retry_internal
    return f()
           ^^^
  File "/home/runner/work/Movie-Time-Server/Movie-Time-Server/main.py", line 71, in unsafe_get_screenings_from_cinema
    screenings = get_screening(year, month, day, s)
                 ^^^^^^^^^^^^^^^^^^^^^^^^^^^^^^^^^^
  File "/home/runner/work/Movie-Time-Server/Movie-Time-Server/cinemas/cinema_city.py", line 146, in get_screenings
    with ProxifiedSession(s) as ps:
  File "/home/runner/work/Movie-Time-Server/Movie-Time-Server/proxy.py", line 44, in __enter__
    proxy_info = driver.get("https://wtfismyip.com/json").json()
                 ^^^^^^^^^^^^^^^^^^^^^^^^^^^^^^^^^^^^^^^^^^^^^^^
  File "/home/runner/work/Movie-Time-Server/Movie-Time-Server/proxy.py", line 18, in json
    return json.loads(self.pre)
           ^^^^^^^^^^^^^^^^^^^^
  File "/opt/hostedtoolcache/Python/3.11.11/x64/lib/python3.11/json/__init__.py", line 339, in loads
    raise TypeError(f'the JSON object must be str, bytes or bytearray, '
TypeError: the JSON object must be str, bytes or bytearray, not NoneType
2025-01-03 03:09:32,935 - cinemas.lev - INFO - STARTED LEV
2025-01-03 03:10:03,287 - root - ERROR - lev crashed
Traceback (most recent call last):
  File "/home/runner/work/Movie-Time-Server/Movie-Time-Server/main.py", line 56, in get_screenings_from_cinema
    return unsafe_get_screenings_from_cinema(get_screening, cinema, date, s)
           ^^^^^^^^^^^^^^^^^^^^^^^^^^^^^^^^^^^^^^^^^^^^^^^^^^^^^^^^^^^^^^^^^
  File "/opt/hostedtoolcache/Python/3.11.11/x64/lib/python3.11/site-packages/decorator.py", line 232, in fun
    return caller(func, *(extras + args), **kw)
           ^^^^^^^^^^^^^^^^^^^^^^^^^^^^^^^^^^^^
  File "/opt/hostedtoolcache/Python/3.11.11/x64/lib/python3.11/site-packages/retry/api.py", line 90, in retry_decorator
    return __retry_internal(partial(f, *args, **kwargs), exceptions, tries, delay, max_delay, backoff, jitter,
           ^^^^^^^^^^^^^^^^^^^^^^^^^^^^^^^^^^^^^^^^^^^^^^^^^^^^^^^^^^^^^^^^^^^^^^^^^^^^^^^^^^^^^^^^^^^^^^^^^^^
  File "/opt/hostedtoolcache/Python/3.11.11/x64/lib/python3.11/site-packages/retry/api.py", line 35, in __retry_internal
    return f()
           ^^^
  File "/home/runner/work/Movie-Time-Server/Movie-Time-Server/main.py", line 71, in unsafe_get_screenings_from_cinema
    screenings = get_screening(year, month, day, s)
                 ^^^^^^^^^^^^^^^^^^^^^^^^^^^^^^^^^^
  File "/home/runner/work/Movie-Time-Server/Movie-Time-Server/cinemas/lev.py", line 127, in get_screenings
    with ProxifiedSession(s) as ps:
  File "/home/runner/work/Movie-Time-Server/Movie-Time-Server/proxy.py", line 44, in __enter__
    proxy_info = driver.get("https://wtfismyip.com/json").json()
                 ^^^^^^^^^^^^^^^^^^^^^^^^^^^^^^^^^^^^^^^^^^^^^^^
  File "/home/runner/work/Movie-Time-Server/Movie-Time-Server/proxy.py", line 18, in json
    return json.loads(self.pre)
           ^^^^^^^^^^^^^^^^^^^^
  File "/opt/hostedtoolcache/Python/3.11.11/x64/lib/python3.11/json/__init__.py", line 339, in loads
    raise TypeError(f'the JSON object must be str, bytes or bytearray, '
TypeError: the JSON object must be str, bytes or bytearray, not NoneType
2025-01-03 03:10:03,287 - cinemas.movieland - INFO - STARTED Movie Land
2025-01-03 03:10:03,287 - cinemas.movieland - INFO - STARTED Movie Land CARMIEL
2025-01-03 03:10:03,288 - cinemas.movieland - INFO - DONE Movie Land CARMIEL
2025-01-03 03:10:03,288 - cinemas.movieland - INFO - STARTED Movie Land HAIFA
2025-01-03 03:10:03,288 - cinemas.movieland - INFO - DONE Movie Land HAIFA
2025-01-03 03:10:03,288 - cinemas.movieland - INFO - STARTED Movie Land NATANYA
2025-01-03 03:10:03,648 - cinemas.movieland - INFO - DONE Movie Land NATANYA
2025-01-03 03:10:03,648 - cinemas.movieland - INFO - DONE Movie Land
2025-01-03 03:10:03,648 - root - INFO - ********************
2025-01-03 03:10:03,648 - root - INFO - started checking for:06-01-2025
2025-01-03 03:10:03,648 - cinemas.yes_planet - INFO - STARTED YES PLANET
2025-01-03 03:10:03,648 - cinemas.yes_planet - INFO - STARTED YES PLANET RISHON
2025-01-03 03:10:03,648 - cinemas.yes_planet - INFO - DONE YES PLANET RISHON
2025-01-03 03:10:03,648 - cinemas.yes_planet - INFO - STARTED YES PLANET AYALON
2025-01-03 03:10:03,648 - cinemas.yes_planet - INFO - DONE YES PLANET AYALON
2025-01-03 03:10:03,649 - cinemas.yes_planet - INFO - STARTED YES PLANET ZICHRON
2025-01-03 03:10:03,649 - cinemas.yes_planet - INFO - DONE YES PLANET ZICHRON
2025-01-03 03:10:03,649 - cinemas.yes_planet - INFO - STARTED YES PLANET HAIFA
2025-01-03 03:10:03,649 - cinemas.yes_planet - INFO - DONE YES PLANET HAIFA
2025-01-03 03:10:03,649 - cinemas.yes_planet - INFO - STARTED YES PLANET JERUSALEM
2025-01-03 03:10:03,649 - cinemas.yes_planet - INFO - DONE YES PLANET JERUSALEM
2025-01-03 03:10:03,649 - cinemas.yes_planet - INFO - STARTED YES PLANET BEER_SHEVA
2025-01-03 03:10:03,649 - cinemas.yes_planet - INFO - DONE YES PLANET BEER_SHEVA
2025-01-03 03:10:03,649 - cinemas.yes_planet - INFO - DONE YES PLANET
2025-01-03 03:10:03,649 - cinemas.rav_hen - INFO - STARTED RAV HEN
2025-01-03 03:10:03,649 - cinemas.rav_hen - INFO - STARTED RAV HEN GIVATAIM
2025-01-03 03:10:04,225 - cinemas.rav_hen - INFO - DONE RAV HEN GIVATAIM
2025-01-03 03:10:04,225 - cinemas.rav_hen - INFO - STARTED RAV HEN DIZINGOF
2025-01-03 03:10:04,781 - cinemas.rav_hen - INFO - DONE RAV HEN DIZINGOF
2025-01-03 03:10:04,781 - cinemas.rav_hen - INFO - STARTED RAV HEN MODIIN
2025-01-03 03:10:05,305 - cinemas.rav_hen - INFO - DONE RAV HEN MODIIN
2025-01-03 03:10:05,305 - cinemas.rav_hen - INFO - STARTED RAV HEN KIRYAT_ONO
2025-01-03 03:10:05,849 - cinemas.rav_hen - INFO - DONE RAV HEN KIRYAT_ONO
2025-01-03 03:10:05,849 - cinemas.rav_hen - INFO - DONE RAV HEN
2025-01-03 03:10:05,849 - cinemas.hot_cinema - INFO - STARTED HOT CINEMA
2025-01-03 03:10:05,849 - cinemas.hot_cinema - INFO - STARTED HOT CINEMA MODIIN
2025-01-03 03:10:06,008 - cinemas.hot_cinema - INFO - DONE HOT CINEMA MODIIN
2025-01-03 03:10:06,008 - cinemas.hot_cinema - INFO - STARTED HOT CINEMA KIRYON
2025-01-03 03:10:07,856 - cinemas.hot_cinema - INFO - DONE HOT CINEMA KIRYON
2025-01-03 03:10:07,856 - cinemas.hot_cinema - INFO - STARTED HOT CINEMA KFAR_SABBA
2025-01-03 03:10:08,013 - cinemas.hot_cinema - INFO - DONE HOT CINEMA KFAR_SABBA
2025-01-03 03:10:08,014 - cinemas.hot_cinema - INFO - STARTED HOT CINEMA HAIFA
2025-01-03 03:10:08,734 - cinemas.hot_cinema - INFO - DONE HOT CINEMA HAIFA
2025-01-03 03:10:08,734 - cinemas.hot_cinema - INFO - STARTED HOT CINEMA PETACH_TIKVA
2025-01-03 03:10:08,891 - cinemas.hot_cinema - INFO - DONE HOT CINEMA PETACH_TIKVA
2025-01-03 03:10:08,891 - cinemas.hot_cinema - INFO - STARTED HOT CINEMA RECHOVOT
2025-01-03 03:10:09,048 - cinemas.hot_cinema - INFO - DONE HOT CINEMA RECHOVOT
2025-01-03 03:10:09,048 - cinemas.hot_cinema - INFO - STARTED HOT CINEMA ASHKELON
2025-01-03 03:10:09,205 - cinemas.hot_cinema - INFO - DONE HOT CINEMA ASHKELON
2025-01-03 03:10:09,205 - cinemas.hot_cinema - INFO - STARTED HOT CINEMA KARMIEL
2025-01-03 03:10:09,364 - cinemas.hot_cinema - INFO - DONE HOT CINEMA KARMIEL
2025-01-03 03:10:09,364 - cinemas.hot_cinema - INFO - STARTED HOT CINEMA NAHARIA
2025-01-03 03:10:09,521 - cinemas.hot_cinema - INFO - DONE HOT CINEMA NAHARIA
2025-01-03 03:10:09,521 - cinemas.hot_cinema - INFO - STARTED HOT CINEMA ASHDOD
2025-01-03 03:10:09,677 - cinemas.hot_cinema - INFO - DONE HOT CINEMA ASHDOD
2025-01-03 03:10:09,677 - cinemas.hot_cinema - INFO - DONE HOT CINEMA
2025-01-03 03:10:09,678 - cinemas.cinema_city - INFO - STARTED CINEMA CITY
2025-01-03 03:10:40,033 - root - ERROR - cinema city crashed
Traceback (most recent call last):
  File "/home/runner/work/Movie-Time-Server/Movie-Time-Server/main.py", line 56, in get_screenings_from_cinema
    return unsafe_get_screenings_from_cinema(get_screening, cinema, date, s)
           ^^^^^^^^^^^^^^^^^^^^^^^^^^^^^^^^^^^^^^^^^^^^^^^^^^^^^^^^^^^^^^^^^
  File "/opt/hostedtoolcache/Python/3.11.11/x64/lib/python3.11/site-packages/decorator.py", line 232, in fun
    return caller(func, *(extras + args), **kw)
           ^^^^^^^^^^^^^^^^^^^^^^^^^^^^^^^^^^^^
  File "/opt/hostedtoolcache/Python/3.11.11/x64/lib/python3.11/site-packages/retry/api.py", line 90, in retry_decorator
    return __retry_internal(partial(f, *args, **kwargs), exceptions, tries, delay, max_delay, backoff, jitter,
           ^^^^^^^^^^^^^^^^^^^^^^^^^^^^^^^^^^^^^^^^^^^^^^^^^^^^^^^^^^^^^^^^^^^^^^^^^^^^^^^^^^^^^^^^^^^^^^^^^^^
  File "/opt/hostedtoolcache/Python/3.11.11/x64/lib/python3.11/site-packages/retry/api.py", line 35, in __retry_internal
    return f()
           ^^^
  File "/home/runner/work/Movie-Time-Server/Movie-Time-Server/main.py", line 71, in unsafe_get_screenings_from_cinema
    screenings = get_screening(year, month, day, s)
                 ^^^^^^^^^^^^^^^^^^^^^^^^^^^^^^^^^^
  File "/home/runner/work/Movie-Time-Server/Movie-Time-Server/cinemas/cinema_city.py", line 146, in get_screenings
    with ProxifiedSession(s) as ps:
  File "/home/runner/work/Movie-Time-Server/Movie-Time-Server/proxy.py", line 44, in __enter__
    proxy_info = driver.get("https://wtfismyip.com/json").json()
                 ^^^^^^^^^^^^^^^^^^^^^^^^^^^^^^^^^^^^^^^^^^^^^^^
  File "/home/runner/work/Movie-Time-Server/Movie-Time-Server/proxy.py", line 18, in json
    return json.loads(self.pre)
           ^^^^^^^^^^^^^^^^^^^^
  File "/opt/hostedtoolcache/Python/3.11.11/x64/lib/python3.11/json/__init__.py", line 339, in loads
    raise TypeError(f'the JSON object must be str, bytes or bytearray, '
TypeError: the JSON object must be str, bytes or bytearray, not NoneType
2025-01-03 03:10:40,033 - cinemas.lev - INFO - STARTED LEV
2025-01-03 03:11:10,395 - root - ERROR - lev crashed
Traceback (most recent call last):
  File "/home/runner/work/Movie-Time-Server/Movie-Time-Server/main.py", line 56, in get_screenings_from_cinema
    return unsafe_get_screenings_from_cinema(get_screening, cinema, date, s)
           ^^^^^^^^^^^^^^^^^^^^^^^^^^^^^^^^^^^^^^^^^^^^^^^^^^^^^^^^^^^^^^^^^
  File "/opt/hostedtoolcache/Python/3.11.11/x64/lib/python3.11/site-packages/decorator.py", line 232, in fun
    return caller(func, *(extras + args), **kw)
           ^^^^^^^^^^^^^^^^^^^^^^^^^^^^^^^^^^^^
  File "/opt/hostedtoolcache/Python/3.11.11/x64/lib/python3.11/site-packages/retry/api.py", line 90, in retry_decorator
    return __retry_internal(partial(f, *args, **kwargs), exceptions, tries, delay, max_delay, backoff, jitter,
           ^^^^^^^^^^^^^^^^^^^^^^^^^^^^^^^^^^^^^^^^^^^^^^^^^^^^^^^^^^^^^^^^^^^^^^^^^^^^^^^^^^^^^^^^^^^^^^^^^^^
  File "/opt/hostedtoolcache/Python/3.11.11/x64/lib/python3.11/site-packages/retry/api.py", line 35, in __retry_internal
    return f()
           ^^^
  File "/home/runner/work/Movie-Time-Server/Movie-Time-Server/main.py", line 71, in unsafe_get_screenings_from_cinema
    screenings = get_screening(year, month, day, s)
                 ^^^^^^^^^^^^^^^^^^^^^^^^^^^^^^^^^^
  File "/home/runner/work/Movie-Time-Server/Movie-Time-Server/cinemas/lev.py", line 127, in get_screenings
    with ProxifiedSession(s) as ps:
  File "/home/runner/work/Movie-Time-Server/Movie-Time-Server/proxy.py", line 44, in __enter__
    proxy_info = driver.get("https://wtfismyip.com/json").json()
                 ^^^^^^^^^^^^^^^^^^^^^^^^^^^^^^^^^^^^^^^^^^^^^^^
  File "/home/runner/work/Movie-Time-Server/Movie-Time-Server/proxy.py", line 18, in json
    return json.loads(self.pre)
           ^^^^^^^^^^^^^^^^^^^^
  File "/opt/hostedtoolcache/Python/3.11.11/x64/lib/python3.11/json/__init__.py", line 339, in loads
    raise TypeError(f'the JSON object must be str, bytes or bytearray, '
TypeError: the JSON object must be str, bytes or bytearray, not NoneType
2025-01-03 03:11:10,396 - cinemas.movieland - INFO - STARTED Movie Land
2025-01-03 03:11:10,396 - cinemas.movieland - INFO - STARTED Movie Land CARMIEL
2025-01-03 03:11:10,397 - cinemas.movieland - INFO - DONE Movie Land CARMIEL
2025-01-03 03:11:10,397 - cinemas.movieland - INFO - STARTED Movie Land HAIFA
2025-01-03 03:11:10,397 - cinemas.movieland - INFO - DONE Movie Land HAIFA
2025-01-03 03:11:10,397 - cinemas.movieland - INFO - STARTED Movie Land NATANYA
2025-01-03 03:11:10,398 - cinemas.movieland - INFO - DONE Movie Land NATANYA
2025-01-03 03:11:10,398 - cinemas.movieland - INFO - DONE Movie Land
2025-01-03 03:11:10,398 - root - INFO - ********************
2025-01-03 03:11:10,398 - root - INFO - started checking for:07-01-2025
2025-01-03 03:11:10,398 - cinemas.yes_planet - INFO - STARTED YES PLANET
2025-01-03 03:11:10,398 - cinemas.yes_planet - INFO - STARTED YES PLANET RISHON
2025-01-03 03:11:10,398 - cinemas.yes_planet - INFO - DONE YES PLANET RISHON
2025-01-03 03:11:10,398 - cinemas.yes_planet - INFO - STARTED YES PLANET AYALON
2025-01-03 03:11:10,398 - cinemas.yes_planet - INFO - DONE YES PLANET AYALON
2025-01-03 03:11:10,398 - cinemas.yes_planet - INFO - STARTED YES PLANET ZICHRON
2025-01-03 03:11:10,398 - cinemas.yes_planet - INFO - DONE YES PLANET ZICHRON
2025-01-03 03:11:10,398 - cinemas.yes_planet - INFO - STARTED YES PLANET HAIFA
2025-01-03 03:11:10,399 - cinemas.yes_planet - INFO - DONE YES PLANET HAIFA
2025-01-03 03:11:10,399 - cinemas.yes_planet - INFO - STARTED YES PLANET JERUSALEM
2025-01-03 03:11:10,399 - cinemas.yes_planet - INFO - DONE YES PLANET JERUSALEM
2025-01-03 03:11:10,399 - cinemas.yes_planet - INFO - STARTED YES PLANET BEER_SHEVA
2025-01-03 03:11:10,399 - cinemas.yes_planet - INFO - DONE YES PLANET BEER_SHEVA
2025-01-03 03:11:10,399 - cinemas.yes_planet - INFO - DONE YES PLANET
2025-01-03 03:11:10,399 - cinemas.rav_hen - INFO - STARTED RAV HEN
2025-01-03 03:11:10,399 - cinemas.rav_hen - INFO - STARTED RAV HEN GIVATAIM
2025-01-03 03:11:10,880 - cinemas.rav_hen - INFO - DONE RAV HEN GIVATAIM
2025-01-03 03:11:10,880 - cinemas.rav_hen - INFO - STARTED RAV HEN DIZINGOF
2025-01-03 03:11:11,279 - cinemas.rav_hen - INFO - DONE RAV HEN DIZINGOF
2025-01-03 03:11:11,279 - cinemas.rav_hen - INFO - STARTED RAV HEN MODIIN
2025-01-03 03:11:11,669 - cinemas.rav_hen - INFO - DONE RAV HEN MODIIN
2025-01-03 03:11:11,669 - cinemas.rav_hen - INFO - STARTED RAV HEN KIRYAT_ONO
2025-01-03 03:11:12,154 - cinemas.rav_hen - INFO - DONE RAV HEN KIRYAT_ONO
2025-01-03 03:11:12,154 - cinemas.rav_hen - INFO - DONE RAV HEN
2025-01-03 03:11:12,155 - cinemas.hot_cinema - INFO - STARTED HOT CINEMA
2025-01-03 03:11:12,155 - cinemas.hot_cinema - INFO - STARTED HOT CINEMA MODIIN
2025-01-03 03:11:13,532 - cinemas.hot_cinema - INFO - DONE HOT CINEMA MODIIN
2025-01-03 03:11:13,532 - cinemas.hot_cinema - INFO - STARTED HOT CINEMA KIRYON
2025-01-03 03:11:16,337 - cinemas.hot_cinema - INFO - DONE HOT CINEMA KIRYON
2025-01-03 03:11:16,337 - cinemas.hot_cinema - INFO - STARTED HOT CINEMA KFAR_SABBA
2025-01-03 03:11:16,496 - cinemas.hot_cinema - INFO - DONE HOT CINEMA KFAR_SABBA
2025-01-03 03:11:16,496 - cinemas.hot_cinema - INFO - STARTED HOT CINEMA HAIFA
2025-01-03 03:11:16,658 - cinemas.hot_cinema - INFO - DONE HOT CINEMA HAIFA
2025-01-03 03:11:16,658 - cinemas.hot_cinema - INFO - STARTED HOT CINEMA PETACH_TIKVA
2025-01-03 03:11:16,818 - cinemas.hot_cinema - INFO - DONE HOT CINEMA PETACH_TIKVA
2025-01-03 03:11:16,819 - cinemas.hot_cinema - INFO - STARTED HOT CINEMA RECHOVOT
2025-01-03 03:11:16,979 - cinemas.hot_cinema - INFO - DONE HOT CINEMA RECHOVOT
2025-01-03 03:11:16,979 - cinemas.hot_cinema - INFO - STARTED HOT CINEMA ASHKELON
2025-01-03 03:11:17,135 - cinemas.hot_cinema - INFO - DONE HOT CINEMA ASHKELON
2025-01-03 03:11:17,135 - cinemas.hot_cinema - INFO - STARTED HOT CINEMA KARMIEL
2025-01-03 03:11:17,291 - cinemas.hot_cinema - INFO - DONE HOT CINEMA KARMIEL
2025-01-03 03:11:17,291 - cinemas.hot_cinema - INFO - STARTED HOT CINEMA NAHARIA
2025-01-03 03:11:17,447 - cinemas.hot_cinema - INFO - DONE HOT CINEMA NAHARIA
2025-01-03 03:11:17,447 - cinemas.hot_cinema - INFO - STARTED HOT CINEMA ASHDOD
2025-01-03 03:11:17,605 - cinemas.hot_cinema - INFO - DONE HOT CINEMA ASHDOD
2025-01-03 03:11:17,605 - cinemas.hot_cinema - INFO - DONE HOT CINEMA
2025-01-03 03:11:17,605 - cinemas.cinema_city - INFO - STARTED CINEMA CITY
2025-01-03 03:11:47,949 - root - ERROR - cinema city crashed
Traceback (most recent call last):
  File "/home/runner/work/Movie-Time-Server/Movie-Time-Server/main.py", line 56, in get_screenings_from_cinema
    return unsafe_get_screenings_from_cinema(get_screening, cinema, date, s)
           ^^^^^^^^^^^^^^^^^^^^^^^^^^^^^^^^^^^^^^^^^^^^^^^^^^^^^^^^^^^^^^^^^
  File "/opt/hostedtoolcache/Python/3.11.11/x64/lib/python3.11/site-packages/decorator.py", line 232, in fun
    return caller(func, *(extras + args), **kw)
           ^^^^^^^^^^^^^^^^^^^^^^^^^^^^^^^^^^^^
  File "/opt/hostedtoolcache/Python/3.11.11/x64/lib/python3.11/site-packages/retry/api.py", line 90, in retry_decorator
    return __retry_internal(partial(f, *args, **kwargs), exceptions, tries, delay, max_delay, backoff, jitter,
           ^^^^^^^^^^^^^^^^^^^^^^^^^^^^^^^^^^^^^^^^^^^^^^^^^^^^^^^^^^^^^^^^^^^^^^^^^^^^^^^^^^^^^^^^^^^^^^^^^^^
  File "/opt/hostedtoolcache/Python/3.11.11/x64/lib/python3.11/site-packages/retry/api.py", line 35, in __retry_internal
    return f()
           ^^^
  File "/home/runner/work/Movie-Time-Server/Movie-Time-Server/main.py", line 71, in unsafe_get_screenings_from_cinema
    screenings = get_screening(year, month, day, s)
                 ^^^^^^^^^^^^^^^^^^^^^^^^^^^^^^^^^^
  File "/home/runner/work/Movie-Time-Server/Movie-Time-Server/cinemas/cinema_city.py", line 146, in get_screenings
    with ProxifiedSession(s) as ps:
  File "/home/runner/work/Movie-Time-Server/Movie-Time-Server/proxy.py", line 44, in __enter__
    proxy_info = driver.get("https://wtfismyip.com/json").json()
                 ^^^^^^^^^^^^^^^^^^^^^^^^^^^^^^^^^^^^^^^^^^^^^^^
  File "/home/runner/work/Movie-Time-Server/Movie-Time-Server/proxy.py", line 18, in json
    return json.loads(self.pre)
           ^^^^^^^^^^^^^^^^^^^^
  File "/opt/hostedtoolcache/Python/3.11.11/x64/lib/python3.11/json/__init__.py", line 339, in loads
    raise TypeError(f'the JSON object must be str, bytes or bytearray, '
TypeError: the JSON object must be str, bytes or bytearray, not NoneType
2025-01-03 03:11:47,950 - cinemas.lev - INFO - STARTED LEV
2025-01-03 03:12:18,307 - root - ERROR - lev crashed
Traceback (most recent call last):
  File "/home/runner/work/Movie-Time-Server/Movie-Time-Server/main.py", line 56, in get_screenings_from_cinema
    return unsafe_get_screenings_from_cinema(get_screening, cinema, date, s)
           ^^^^^^^^^^^^^^^^^^^^^^^^^^^^^^^^^^^^^^^^^^^^^^^^^^^^^^^^^^^^^^^^^
  File "/opt/hostedtoolcache/Python/3.11.11/x64/lib/python3.11/site-packages/decorator.py", line 232, in fun
    return caller(func, *(extras + args), **kw)
           ^^^^^^^^^^^^^^^^^^^^^^^^^^^^^^^^^^^^
  File "/opt/hostedtoolcache/Python/3.11.11/x64/lib/python3.11/site-packages/retry/api.py", line 90, in retry_decorator
    return __retry_internal(partial(f, *args, **kwargs), exceptions, tries, delay, max_delay, backoff, jitter,
           ^^^^^^^^^^^^^^^^^^^^^^^^^^^^^^^^^^^^^^^^^^^^^^^^^^^^^^^^^^^^^^^^^^^^^^^^^^^^^^^^^^^^^^^^^^^^^^^^^^^
  File "/opt/hostedtoolcache/Python/3.11.11/x64/lib/python3.11/site-packages/retry/api.py", line 35, in __retry_internal
    return f()
           ^^^
  File "/home/runner/work/Movie-Time-Server/Movie-Time-Server/main.py", line 71, in unsafe_get_screenings_from_cinema
    screenings = get_screening(year, month, day, s)
                 ^^^^^^^^^^^^^^^^^^^^^^^^^^^^^^^^^^
  File "/home/runner/work/Movie-Time-Server/Movie-Time-Server/cinemas/lev.py", line 127, in get_screenings
    with ProxifiedSession(s) as ps:
  File "/home/runner/work/Movie-Time-Server/Movie-Time-Server/proxy.py", line 44, in __enter__
    proxy_info = driver.get("https://wtfismyip.com/json").json()
                 ^^^^^^^^^^^^^^^^^^^^^^^^^^^^^^^^^^^^^^^^^^^^^^^
  File "/home/runner/work/Movie-Time-Server/Movie-Time-Server/proxy.py", line 18, in json
    return json.loads(self.pre)
           ^^^^^^^^^^^^^^^^^^^^
  File "/opt/hostedtoolcache/Python/3.11.11/x64/lib/python3.11/json/__init__.py", line 339, in loads
    raise TypeError(f'the JSON object must be str, bytes or bytearray, '
TypeError: the JSON object must be str, bytes or bytearray, not NoneType
2025-01-03 03:12:18,308 - cinemas.movieland - INFO - STARTED Movie Land
2025-01-03 03:12:18,308 - cinemas.movieland - INFO - STARTED Movie Land CARMIEL
2025-01-03 03:12:21,081 - cinemas.movieland - INFO - DONE Movie Land CARMIEL
2025-01-03 03:12:21,081 - cinemas.movieland - INFO - STARTED Movie Land HAIFA
2025-01-03 03:12:21,082 - cinemas.movieland - INFO - DONE Movie Land HAIFA
2025-01-03 03:12:21,082 - cinemas.movieland - INFO - STARTED Movie Land NATANYA
2025-01-03 03:12:21,389 - cinemas.movieland - INFO - DONE Movie Land NATANYA
2025-01-03 03:12:21,389 - cinemas.movieland - INFO - DONE Movie Land
2025-01-03 03:12:22,360 - seret.movie_info_fetchers.composite - INFO - Got info for קרייבן הצייד using ElasticMovieInfoFetcher
2025-01-03 03:12:23,220 - seret.movie_info_fetchers.composite - INFO - Got info for Kraven the Hunter using ElasticMovieInfoFetcher
2025-01-03 03:12:24,679 - seret.movie_info_fetchers.composite - INFO - Got info for הצמה using ElasticMovieInfoFetcher
2025-01-03 03:12:25,199 - seret.movie_info_fetchers.composite - INFO - Got info for The Braid using ElasticMovieInfoFetcher
2025-01-03 03:12:26,319 - imdb_api - ERROR - id='tt31945129', movie='Winnie-the-Pooh: Blood and Honey II'
Traceback (most recent call last):
  File "/home/runner/work/Movie-Time-Server/Movie-Time-Server/seret/movie_raters/imdb_api.py", line 67, in get_imdb_rating
    return info["aggregateRating"]['ratingValue']
           ~~~~^^^^^^^^^^^^^^^^^^^
KeyError: 'aggregateRating'
2025-01-03 03:12:26,319 - seret.movie_raters.composite - WARNING - Failed to get rating for Winnie-the-Pooh: Blood and Honey II
2025-01-03 03:12:26,732 - seret.movie_raters.composite - WARNING - Failed to get rating for פו הדוב: דם ודבש 2
2025-01-03 03:12:26,732 - seret.movie_info_fetchers.composite - INFO - Got info for פו הדוב: דם ודבש 2 using ElasticMovieInfoFetcher
2025-01-03 03:12:26,753 - seret.movie_info_fetchers.composite - INFO - Got info for Winnie the Pooh: Blood & Honey 2 using ElasticMovieInfoFetcher
2025-01-03 03:12:26,764 - seret.movie_info_fetchers.composite - INFO - Got info for מרשעת - סינג אלונג using ElasticMovieInfoFetcher
2025-01-03 03:12:28,129 - imdb_api - ERROR - id='tt19847976', movie='Wicked: Part Two'
Traceback (most recent call last):
  File "/home/runner/work/Movie-Time-Server/Movie-Time-Server/seret/movie_raters/imdb_api.py", line 67, in get_imdb_rating
    return info["aggregateRating"]['ratingValue']
           ~~~~^^^^^^^^^^^^^^^^^^^
KeyError: 'aggregateRating'
2025-01-03 03:12:28,129 - seret.movie_raters.composite - WARNING - Failed to get rating for Wicked: Part Two
2025-01-03 03:12:28,388 - seret.movie_raters.composite - WARNING - Failed to get rating for מרשעת: חלק 2
2025-01-03 03:12:28,388 - seret.movie_info_fetchers.composite - INFO - Got info for Wicked: Part 1 - Sing Along using ElasticMovieInfoFetcher
2025-01-03 03:12:28,388 - seret.info_fetcher - ERROR - Failed to get info for Wicked: Part 1 - Sing Along and מרשעת - סינג אלונג
2025-01-03 03:12:28,396 - seret.movie_info_fetchers.composite - INFO - Got info for מרשעת using ElasticMovieInfoFetcher
2025-01-03 03:12:29,001 - imdb_api - ERROR - id='tt19847976', movie='Wicked: Part Two'
Traceback (most recent call last):
  File "/home/runner/work/Movie-Time-Server/Movie-Time-Server/seret/movie_raters/imdb_api.py", line 67, in get_imdb_rating
    return info["aggregateRating"]['ratingValue']
           ~~~~^^^^^^^^^^^^^^^^^^^
KeyError: 'aggregateRating'
2025-01-03 03:12:29,002 - seret.movie_raters.composite - WARNING - Failed to get rating for Wicked: Part Two
2025-01-03 03:12:29,015 - seret.movie_raters.composite - WARNING - Failed to get rating for מרשעת: חלק 2
2025-01-03 03:12:29,015 - seret.movie_info_fetchers.composite - INFO - Got info for Wicked: Part 1 using ElasticMovieInfoFetcher
2025-01-03 03:12:30,058 - seret.movie_info_fetchers.composite - INFO - Got info for מופאסה: מלך האריות using ElasticMovieInfoFetcher
2025-01-03 03:12:30,632 - seret.movie_info_fetchers.composite - INFO - Got info for Mufasa: The Lion King using ElasticMovieInfoFetcher
2025-01-03 03:12:31,466 - seret.movie_info_fetchers.composite - INFO - Got info for מואנה 2 using ElasticMovieInfoFetcher
2025-01-03 03:12:32,198 - seret.movie_info_fetchers.composite - INFO - Got info for Moana 2 using ElasticMovieInfoFetcher
2025-01-03 03:12:33,154 - seret.movie_info_fetchers.composite - INFO - Got info for מבצע סנטה using ElasticMovieInfoFetcher
2025-01-03 03:12:33,724 - seret.movie_info_fetchers.composite - INFO - Got info for Red One using ElasticMovieInfoFetcher
2025-01-03 03:12:33,731 - seret.movie_info_fetchers.composite - INFO - Got info for נוספרטו using ElasticMovieInfoFetcher
2025-01-03 03:12:34,647 - seret.movie_info_fetchers.composite - INFO - Got info for Nosferatu using ElasticMovieInfoFetcher
2025-01-03 03:12:35,519 - seret.movie_info_fetchers.composite - INFO - Got info for גלדיאטור II using ElasticMovieInfoFetcher
2025-01-03 03:12:36,830 - seret.movie_info_fetchers.composite - INFO - Got info for Gladiator II using ElasticMovieInfoFetcher
2025-01-03 03:12:38,441 - seret.movie_info_fetchers.composite - INFO - Got info for היורש using ElasticMovieInfoFetcher
2025-01-03 03:12:38,902 - seret.movie_info_fetchers.composite - INFO - Got info for The successor using ElasticMovieInfoFetcher
2025-01-03 03:12:39,732 - seret.movie_raters.composite - WARNING - Failed to get rating for Riviera Revenge
2025-01-03 03:12:39,958 - seret.movie_raters.composite - WARNING - Failed to get rating for מכתבי אהבה מהריביירה
2025-01-03 03:12:39,958 - seret.movie_info_fetchers.composite - INFO - Got info for מכתבי אהבה מהריביירה using ElasticMovieInfoFetcher
2025-01-03 03:12:39,990 - seret.movie_raters.composite - WARNING - Failed to get rating for Riviera Revenge
2025-01-03 03:12:40,009 - seret.movie_raters.composite - WARNING - Failed to get rating for מכתבי אהבה מהריביירה
2025-01-03 03:12:40,009 - seret.movie_info_fetchers.composite - INFO - Got info for Riviera Revenge using ElasticMovieInfoFetcher
2025-01-03 03:12:40,018 - seret.movie_info_fetchers.composite - INFO - Got info for יופי מסוכן using ElasticMovieInfoFetcher
2025-01-03 03:12:40,858 - seret.movie_info_fetchers.composite - INFO - Got info for The Substance using ElasticMovieInfoFetcher
2025-01-03 03:12:41,533 - seret.movie_info_fetchers.composite - INFO - Got info for מבעד לעדשה using ElasticMovieInfoFetcher
2025-01-03 03:12:42,071 - seret.movie_info_fetchers.composite - INFO - Got info for Lee using ElasticMovieInfoFetcher
2025-01-03 03:12:42,079 - seret.movie_info_fetchers.composite - INFO - Got info for הטבעת using ElasticMovieInfoFetcher
2025-01-03 03:12:42,087 - seret.movie_info_fetchers.composite - INFO - Got info for The Ring using ElasticMovieInfoFetcher
2025-01-03 03:12:42,087 - seret.info_fetcher - ERROR - Failed to get info for The Ring and הטבעת
2025-01-03 03:12:42,871 - seret.movie_info_fetchers.composite - INFO - Got info for סוניק 3 using ElasticMovieInfoFetcher
2025-01-03 03:12:44,667 - seret.movie_info_fetchers.composite - INFO - Got info for Sonic the Hedgehog 3 using ElasticMovieInfoFetcher
2025-01-03 03:12:45,512 - seret.movie_info_fetchers.composite - INFO - Got info for אנורה using ElasticMovieInfoFetcher
2025-01-03 03:12:46,512 - seret.movie_info_fetchers.composite - INFO - Got info for Anora using ElasticMovieInfoFetcher
2025-01-03 03:12:47,205 - seret.movie_info_fetchers.composite - INFO - Got info for החדר הסמוך using ElasticMovieInfoFetcher
2025-01-03 03:12:47,900 - seret.movie_info_fetchers.composite - INFO - Got info for The Room Next Door using ElasticMovieInfoFetcher
2025-01-03 03:12:48,687 - seret.movie_info_fetchers.composite - INFO - Got info for פחד אלוהים using ElasticMovieInfoFetcher
2025-01-03 03:12:49,298 - seret.movie_info_fetchers.composite - INFO - Got info for Heretic using ElasticMovieInfoFetcher
2025-01-03 03:12:50,579 - seret.movie_info_fetchers.composite - INFO - Got info for BETTER MAN: סיפורו של רובי וויליאמס using ElasticMovieInfoFetcher
2025-01-03 03:12:51,132 - seret.movie_info_fetchers.composite - INFO - Got info for Better Man using ElasticMovieInfoFetcher
2025-01-03 03:12:52,732 - seret.movie_info_fetchers.composite - INFO - Got info for חיבור מסוכן using ElasticMovieInfoFetcher
2025-01-03 03:12:52,743 - seret.movie_info_fetchers.composite - INFO - Got info for Here Now using ElasticMovieInfoFetcher
2025-01-03 03:12:54,246 - seret.movie_info_fetchers.composite - INFO - Got info for 9 קליעים using ElasticMovieInfoFetcher
2025-01-03 03:12:55,542 - seret.movie_info_fetchers.composite - INFO - Got info for Nine Bullets using ElasticMovieInfoFetcher
2025-01-03 03:12:56,213 - seret.movie_info_fetchers.composite - INFO - Got info for בייביגירל using ElasticMovieInfoFetcher
2025-01-03 03:12:57,461 - seret.movie_info_fetchers.composite - INFO - Got info for Babygirl using ElasticMovieInfoFetcher
2025-01-03 03:12:57,534 - seret.movie_raters.composite - WARNING - Failed to get rating for Order
2025-01-03 03:12:57,674 - seret.movie_raters.composite - WARNING - Failed to get rating for המסדר
2025-01-03 03:12:57,674 - seret.movie_info_fetchers.composite - INFO - Got info for המסדר using ElasticMovieInfoFetcher
2025-01-03 03:12:57,681 - seret.movie_info_fetchers.composite - INFO - Got info for The Order using ElasticMovieInfoFetcher
2025-01-03 03:12:57,681 - seret.info_fetcher - ERROR - Failed to get info for The Order and המסדר
2025-01-03 03:12:59,238 - seret.movie_info_fetchers.composite - INFO - Got info for למה מלחמה using ElasticMovieInfoFetcher
2025-01-03 03:13:00,044 - seret.movie_info_fetchers.composite - INFO - Got info for Why War using ElasticMovieInfoFetcher
2025-01-03 03:13:01,191 - seret.movie_info_fetchers.composite - INFO - Got info for במשפחות הכי טובות using ElasticMovieInfoFetcher
2025-01-03 03:13:02,198 - seret.movie_info_fetchers.composite - INFO - Got info for Cocorico using ElasticMovieInfoFetcher
2025-01-03 03:13:05,160 - seret.movie_info_fetchers.composite - INFO - Got info for ונום: הריקוד האחרון using ElasticMovieInfoFetcher
2025-01-03 03:13:05,788 - seret.movie_info_fetchers.composite - INFO - Got info for Venom: The Last Dance using ElasticMovieInfoFetcher
2025-01-03 03:13:05,795 - seret.movie_info_fetchers.composite - INFO - Got info for טיפול זוגי using ElasticMovieInfoFetcher
2025-01-03 03:13:07,325 - seret.movie_info_fetchers.composite - INFO - Got info for Under Therapy using ElasticMovieInfoFetcher
2025-01-03 03:13:08,678 - seret.movie_info_fetchers.composite - INFO - Got info for הנכס using ElasticMovieInfoFetcher
2025-01-03 03:13:09,236 - seret.movie_info_fetchers.composite - INFO - Got info for The Property using ElasticMovieInfoFetcher
2025-01-03 03:13:09,242 - seret.movie_info_fetchers.composite - INFO - Got info for המרתף using ElasticMovieInfoFetcher
2025-01-03 03:13:10,506 - seret.movie_info_fetchers.composite - INFO - Got info for Cellar Door using ElasticMovieInfoFetcher
2025-01-03 03:13:12,004 - seret.movie_info_fetchers.composite - INFO - Got info for והחגיגה נמשכת using ElasticMovieInfoFetcher
2025-01-03 03:13:12,964 - seret.movie_info_fetchers.composite - INFO - Got info for and the party goes on using ElasticMovieInfoFetcher
2025-01-03 03:13:14,406 - seret.movie_info_fetchers.composite - INFO - Got info for ארוגם ביי using ElasticMovieInfoFetcher
2025-01-03 03:13:15,057 - seret.movie_info_fetchers.composite - INFO - Got info for Arugam Bay using ElasticMovieInfoFetcher
2025-01-03 03:13:17,141 - seret.movie_info_fetchers.composite - INFO - Got info for איך לשגע את אבא בעשרה ימים using ElasticMovieInfoFetcher
2025-01-03 03:13:18,768 - seret.movie_info_fetchers.composite - INFO - Got info for How to Survive Without Mom using ElasticMovieInfoFetcher
2025-01-03 03:13:19,817 - seret.movie_info_fetchers.composite - INFO - Got info for 200% זאב using ElasticMovieInfoFetcher
2025-01-03 03:13:20,345 - seret.movie_info_fetchers.composite - INFO - Got info for 200% Wolf using ElasticMovieInfoFetcher
2025-01-03 03:13:21,213 - seret.movie_info_fetchers.composite - INFO - Got info for גלדיאטור 2 using ElasticMovieInfoFetcher
2025-01-03 03:13:23,041 - seret.movie_info_fetchers.composite - INFO - Got info for Gladiator II using ElasticMovieInfoFetcher
2025-01-03 03:13:23,049 - seret.movie_info_fetchers.composite - INFO - Got info for the ring using ElasticMovieInfoFetcher
2025-01-03 03:13:23,859 - seret.movie_info_fetchers.composite - INFO - Got info for The SUBSTANCE using ElasticMovieInfoFetcher
2025-01-03 03:13:23,865 - seret.movie_info_fetchers.composite - INFO - Got info for Wicked using ElasticMovieInfoFetcher
2025-01-03 03:13:23,865 - seret.info_fetcher - ERROR - Failed to get info for Wicked and מרשעת
2025-01-03 03:13:24,652 - seret.movie_info_fetchers.composite - INFO - Got info for Sonic 3 using ElasticMovieInfoFetcher
2025-01-03 03:13:25,280 - seret.movie_info_fetchers.composite - INFO - Got info for רובוטריקים ההתחלה using ElasticMovieInfoFetcher
2025-01-03 03:13:25,980 - seret.movie_info_fetchers.composite - INFO - Got info for Transformers: One using ElasticMovieInfoFetcher
2025-01-03 03:13:26,773 - seret.movie_info_fetchers.composite - INFO - Got info for רוז הרובוטית using ElasticMovieInfoFetcher
2025-01-03 03:13:27,556 - seret.movie_info_fetchers.composite - INFO - Got info for The Wild Robot using ElasticMovieInfoFetcher
2025-01-03 03:13:28,644 - seret.movie_info_fetchers.composite - INFO - Got info for BETTER MAN using ElasticMovieInfoFetcher
2025-01-03 03:13:29,783 - imdb_api - ERROR - id='tt32045419', movie='ДОМОВЁНОК КУЗЯ'
Traceback (most recent call last):
  File "/home/runner/work/Movie-Time-Server/Movie-Time-Server/seret/movie_raters/imdb_api.py", line 67, in get_imdb_rating
    return info["aggregateRating"]['ratingValue']
           ~~~~^^^^^^^^^^^^^^^^^^^
KeyError: 'aggregateRating'
2025-01-03 03:13:29,783 - seret.movie_raters.composite - WARNING - Failed to get rating for ДОМОВЁНОК КУЗЯ
2025-01-03 03:13:29,997 - seret.movie_raters.composite - WARNING - Failed to get rating for דומוביונוק קוזיה
2025-01-03 03:13:29,997 - seret.movie_info_fetchers.composite - INFO - Got info for  קוזיה DOMOVIONOK KUZYA ДОМОВЁНОК КУЗЯ רוסית using ElasticMovieInfoFetcher
2025-01-03 03:13:30,007 - seret.movie_info_fetchers.composite - INFO - Got info for DOMOVIONOK KUZYA using ElasticMovieInfoFetcher
2025-01-03 03:13:31,142 - seret.movie_info_fetchers.composite - INFO - Got info for 200 זאב using ElasticMovieInfoFetcher
2025-01-03 03:13:31,804 - seret.movie_info_fetchers.composite - INFO - Got info for 200 Wolf using ElasticMovieInfoFetcher
2025-01-03 03:13:32,315 - seret.movie_info_fetchers.composite - INFO - Got info for 9 Bullets using ElasticMovieInfoFetcher
2025-01-03 03:13:34,241 - seret.movie_info_fetchers.composite - INFO - Got info for איתנו זה נגמר using ElasticMovieInfoFetcher
2025-01-03 03:13:35,375 - seret.movie_info_fetchers.composite - INFO - Got info for It Ends With Us using ElasticMovieInfoFetcher
2025-01-03 03:13:35,381 - seret.movie_info_fetchers.composite - INFO - Got info for מרשעת Sing Along using ElasticMovieInfoFetcher
2025-01-03 03:13:35,388 - seret.movie_info_fetchers.composite - INFO - Got info for Wicked Sing Along using ElasticMovieInfoFetcher
2025-01-03 03:13:35,388 - seret.info_fetcher - ERROR - Failed to get info for Wicked Sing Along and מרשעת Sing Along
2025-01-03 03:13:35,989 - imdb_api - ERROR - id='tt31945129', movie='Winnie-the-Pooh: Blood and Honey II'
Traceback (most recent call last):
  File "/home/runner/work/Movie-Time-Server/Movie-Time-Server/seret/movie_raters/imdb_api.py", line 67, in get_imdb_rating
    return info["aggregateRating"]['ratingValue']
           ~~~~^^^^^^^^^^^^^^^^^^^
KeyError: 'aggregateRating'
2025-01-03 03:13:35,990 - seret.movie_raters.composite - WARNING - Failed to get rating for Winnie-the-Pooh: Blood and Honey II
2025-01-03 03:13:36,005 - seret.movie_raters.composite - WARNING - Failed to get rating for פו הדוב: דם ודבש 2
2025-01-03 03:13:36,005 - seret.movie_info_fetchers.composite - INFO - Got info for פו הדוב – דם ודבש 2 using ElasticMovieInfoFetcher
2025-01-03 03:13:36,014 - seret.movie_info_fetchers.composite - INFO - Got info for Winnie the Pooh – Blood and Honey 2 using ElasticMovieInfoFetcher
2025-01-03 03:13:36,017 - seret.movie_info_fetchers.composite - INFO - Got info for  using ElasticMovieInfoFetcher
2025-01-03 03:13:36,017 - seret.info_fetcher - ERROR - Failed to get info for  and 
2025-01-03 03:13:37,452 - seret.movie_info_fetchers.composite - INFO - Got info for אנזו חתול הרפאים using ElasticMovieInfoFetcher
2025-01-03 03:13:38,098 - seret.movie_info_fetchers.composite - INFO - Got info for GHOST CAT ANZU using ElasticMovieInfoFetcher
2025-01-03 03:13:39,059 - seret.movie_info_fetchers.composite - INFO - Got info for אין מחילה using ElasticMovieInfoFetcher
2025-01-03 03:13:40,197 - seret.movie_info_fetchers.composite - INFO - Got info for Absolution using ElasticMovieInfoFetcher
2025-01-03 03:13:41,217 - seret.movie_info_fetchers.composite - INFO - Got info for Better Man - סיפורו של רובי וויליאמס using ElasticMovieInfoFetcher
2025-01-03 03:13:42,094 - seret.movie_info_fetchers.composite - INFO - Got info for Better Man using ElasticMovieInfoFetcher
2025-01-03 03:13:42,099 - seret.movie_info_fetchers.composite - INFO - Got info for NOSTERATU using ElasticMovieInfoFetcher
2025-01-03 03:13:42,903 - seret.movie_info_fetchers.composite - INFO - Got info for סוניק 3 הסרט using ElasticMovieInfoFetcher
2025-01-03 03:13:44,350 - seret.movie_info_fetchers.composite - INFO - Got info for Sonic the Hedgehog 3 using ElasticMovieInfoFetcher
2025-01-03 03:13:44,359 - seret.movie_info_fetchers.composite - INFO - Got info for Winnie the Pooh – Blood and Honey 2 using ElasticMovieInfoFetcher
2025-01-03 03:13:44,825 - imdb_api - ERROR - id='tt32045419', movie='ДОМОВЁНОК КУЗЯ'
Traceback (most recent call last):
  File "/home/runner/work/Movie-Time-Server/Movie-Time-Server/seret/movie_raters/imdb_api.py", line 67, in get_imdb_rating
    return info["aggregateRating"]['ratingValue']
           ~~~~^^^^^^^^^^^^^^^^^^^
KeyError: 'aggregateRating'
2025-01-03 03:13:44,825 - seret.movie_raters.composite - WARNING - Failed to get rating for ДОМОВЁНОК КУЗЯ
2025-01-03 03:13:44,847 - seret.movie_raters.composite - WARNING - Failed to get rating for דומוביונוק קוזיה
2025-01-03 03:13:44,847 - seret.movie_info_fetchers.composite - INFO - Got info for ДОМОВЁНОК КУЗЯ using ElasticMovieInfoFetcher
2025-01-03 03:13:44,857 - seret.movie_info_fetchers.composite - INFO - Got info for СОНИК 3 using ElasticMovieInfoFetcher
2025-01-03 03:13:44,857 - seret.info_fetcher - ERROR - Failed to get info for СОНИК 3 and СОНИК 3
2025-01-03 03:13:45,456 - seret.movie_info_fetchers.composite - INFO - Got info for כאן ולתמיד using ElasticMovieInfoFetcher
2025-01-03 03:13:45,461 - seret.movie_info_fetchers.composite - INFO - Got info for Here using ElasticMovieInfoFetcher
2025-01-03 03:13:46,789 - seret.movie_info_fetchers.composite - INFO - Got info for פנדה באפריקה using ElasticMovieInfoFetcher
2025-01-03 03:13:47,320 - seret.movie_info_fetchers.composite - INFO - Got info for Panda Bear in Africa using ElasticMovieInfoFetcher
2025-01-03 03:13:49,090 - seret.movie_info_fetchers.composite - INFO - Got info for בחורים טובים 2 using ElasticMovieInfoFetcher
2025-01-03 03:13:49,532 - seret.movie_raters.composite - WARNING - Failed to get rating for Last of the Good Guys
2025-01-03 03:13:49,772 - seret.movie_raters.composite - WARNING - Failed to get rating for אחרון הבחורים הטובים
2025-01-03 03:13:49,772 - seret.movie_info_fetchers.composite - INFO - Got info for good guys 2 using ElasticMovieInfoFetcher
2025-01-03 03:13:49,779 - seret.movie_info_fetchers.composite - INFO - Got info for בים בם בם תירס חם using ElasticMovieInfoFetcher
2025-01-03 03:13:49,779 - seret.info_fetcher - ERROR - Failed to get info for בים בם בם תירס חם and בים בם בם תירס חם
2025-01-03 03:13:49,784 - seret.movie_info_fetchers.composite - INFO - Got info for בנצי הפיל using ElasticMovieInfoFetcher
2025-01-03 03:13:49,784 - seret.info_fetcher - ERROR - Failed to get info for בנצי הפיל and בנצי הפיל
2025-01-03 03:13:51,560 - seret.movie_info_fetchers.composite - INFO - Got info for אישה יפה using ElasticMovieInfoFetcher
2025-01-03 03:13:54,246 - seret.movie_info_fetchers.composite - INFO - Got info for Pretty Woman using ElasticMovieInfoFetcher
2025-01-03 03:13:55,574 - seret.movie_info_fetchers.composite - INFO - Got info for רובוטריקים: ההתחלה using ElasticMovieInfoFetcher
2025-01-03 03:13:56,148 - seret.movie_info_fetchers.composite - INFO - Got info for Transformers One using ElasticMovieInfoFetcher
2025-01-03 03:13:56,691 - seret.movie_info_fetchers.composite - INFO - Got info for איך לשגע את אבא ב- 10 ימים using ElasticMovieInfoFetcher
2025-01-03 03:13:57,186 - seret.movie_info_fetchers.composite - INFO - Got info for How to Survive without Mom using ElasticMovieInfoFetcher
2025-01-03 03:13:59,425 - seret.movie_info_fetchers.composite - INFO - Got info for חדר הפלאות using ElasticMovieInfoFetcher
2025-01-03 03:13:59,938 - seret.movie_info_fetchers.composite - INFO - Got info for La Chambre des merveilles using ElasticMovieInfoFetcher
2025-01-03 03:14:00,979 - seret.movie_info_fetchers.composite - INFO - Got info for שר הטבעות: מלחמת הרוהירים using ElasticMovieInfoFetcher
2025-01-03 03:14:01,545 - seret.movie_info_fetchers.composite - INFO - Got info for War of the Rohirrim using ElasticMovieInfoFetcher
2025-01-03 03:14:01,555 - seret.movie_info_fetchers.composite - INFO - Got info for The Book of Wonders using ElasticMovieInfoFetcher
2025-01-03 03:14:02,156 - seret.movie_info_fetchers.composite - INFO - Got info for כאב אמיתי using ElasticMovieInfoFetcher
2025-01-03 03:14:02,714 - seret.movie_info_fetchers.composite - INFO - Got info for Real Pain using ElasticMovieInfoFetcher
2025-01-03 03:14:03,214 - seret.movie_info_fetchers.composite - INFO - Got info for the property using ElasticMovieInfoFetcher
2025-01-03 03:14:04,571 - seret.movie_info_fetchers.composite - INFO - Got info for אמיליה פרז using ElasticMovieInfoFetcher
2025-01-03 03:14:05,362 - seret.movie_info_fetchers.composite - INFO - Got info for EMILIA PEREZ using ElasticMovieInfoFetcher
2025-01-03 03:14:05,369 - seret.movie_info_fetchers.composite - INFO - Got info for HERE using ElasticMovieInfoFetcher
2025-01-03 03:14:06,049 - seret.movie_info_fetchers.composite - INFO - Got info for LEE using ElasticMovieInfoFetcher
2025-01-03 03:14:07,586 - seret.movie_info_fetchers.composite - INFO - Got info for מסיבת פרידה using ElasticMovieInfoFetcher
2025-01-03 03:14:08,462 - seret.movie_info_fetchers.composite - INFO - Got info for The other way around using ElasticMovieInfoFetcher
2025-01-03 03:14:09,030 - seret.movie_info_fetchers.composite - INFO - Got info for A Real Pain using ElasticMovieInfoFetcher
2025-01-03 03:14:10,887 - seret.movie_info_fetchers.composite - INFO - Got info for And the Party Goes On using ElasticMovieInfoFetcher
2025-01-03 03:14:10,887 - seret.info_fetcher - ERROR - Failed to get info for 9 movies: [{'date': '03-01-2025', 'cinema': 'יס פלאנט', 'location': 'ראשון לציון', 'district': 'גוש דן', 'title': 'מרשעת: חלק 2', 'eng_title': 'Wicked: Part Two', 'type': '2D', 'time': '14:10', 'link': 'https://tickets3.planetcinema.co.il/site/1072?code=1072-66726&saleChannelCode=web', 'coords': (31.9798, 34.7475), 'dubbed': False}, {'date': '03-01-2025', 'cinema': 'יס פלאנט', 'location': 'ראשון לציון', 'district': 'גוש דן', 'title': 'הטבעת', 'eng_title': 'The Ring', 'type': '2D', 'time': '00:00', 'link': 'https://tickets3.planetcinema.co.il/site/1072?code=1072-66514&saleChannelCode=web', 'coords': (31.9798, 34.7475), 'dubbed': False}, {'date': '03-01-2025', 'cinema': 'יס פלאנט', 'location': 'ראשון לציון', 'district': 'גוש דן', 'title': 'המסדר', 'eng_title': 'Order', 'type': '2D', 'time': '00:30', 'link': 'https://tickets3.planetcinema.co.il/site/1072?code=1072-66503&saleChannelCode=web', 'coords': (31.9798, 34.7475), 'dubbed': False}, {'date': '03-01-2025', 'cinema': 'הוט סינמה', 'location': 'מודיעין', 'district': 'ירושלים', 'title': 'מרשעת', 'eng_title': 'Wicked', 'type': '2D', 'time': '17:30', 'link': 'https://hotcinema.co.il/order?theaterId=1&eventId=39205&site=undefined', 'coords': (31.889, 34.9634), 'dubbed': False}, {'date': '03-01-2025', 'cinema': 'הוט סינמה', 'location': 'קריון', 'district': 'הצפון', 'title': 'מרשעת Sing Along', 'eng_title': 'Wicked Sing Along', 'type': '2D', 'time': '17:00', 'link': 'https://hotcinema.co.il/order?theaterId=2&eventId=67530&site=undefined', 'coords': (32.8427, 35.0897), 'dubbed': False}, {'date': '03-01-2025', 'cinema': 'הוט סינמה', 'location': 'כפר סבא', 'district': 'השרון', 'title': '', 'eng_title': '', 'type': '3D', 'time': '14:15', 'link': 'https://hotcinema.co.il/order?theaterId=16&eventId=55332&site=undefined', 'coords': (32.1654, 34.9277), 'dubbed': False}, {'date': '03-01-2025', 'cinema': 'מובילנד', 'location': 'כרמיאל', 'district': 'הצפון', 'title': 'СОНИК 3', 'eng_title': 'СОНИК 3', 'type': '2D', 'time': '19:25', 'link': 'https://ecom.biggerpicture.ai/site/1290?code=1290-61619&saleChannelCode=web&languageid=he_IL', 'coords': (32.922, 35.3078), 'dubbed': True}, {'date': '04-01-2025', 'cinema': 'הוט סינמה', 'location': 'קריון', 'district': 'הצפון', 'title': 'בים בם בם תירס חם', 'eng_title': 'בים בם בם תירס חם', 'type': '2D', 'time': '11:00', 'link': 'https://hotcinema.co.il/order?theaterId=2&eventId=57948&site=undefined', 'coords': (32.8427, 35.0897), 'dubbed': False}, {'date': '04-01-2025', 'cinema': 'הוט סינמה', 'location': 'כפר סבא', 'district': 'השרון', 'title': 'בנצי הפיל', 'eng_title': 'בנצי הפיל', 'type': '2D', 'time': '10:00', 'link': 'https://hotcinema.co.il/order?theaterId=16&eventId=53150&site=undefined', 'coords': (32.1654, 34.9277), 'dubbed': False}]
2025-01-03 03:14:11,049 - root - INFO - 5235
