2025-01-21 02:54:30,726 - root - INFO - ********************
2025-01-21 02:54:30,726 - root - INFO - started checking for:21-01-2025
2025-01-21 02:54:30,727 - cinemas.yes_planet - INFO - STARTED YES PLANET
2025-01-21 02:54:30,727 - cinemas.yes_planet - INFO - STARTED YES PLANET RISHON
2025-01-21 02:54:30,727 - cinemas.yes_planet - INFO - STARTED YES PLANET INIT
2025-01-21 02:54:32,997 - cinemas.yes_planet - INFO - DONE YES PLANET RISHON
2025-01-21 02:54:32,997 - cinemas.yes_planet - INFO - STARTED YES PLANET AYALON
2025-01-21 02:54:32,997 - cinemas.yes_planet - INFO - DONE YES PLANET AYALON
2025-01-21 02:54:32,997 - cinemas.yes_planet - INFO - STARTED YES PLANET ZICHRON
2025-01-21 02:54:32,998 - cinemas.yes_planet - INFO - DONE YES PLANET ZICHRON
2025-01-21 02:54:32,998 - cinemas.yes_planet - INFO - STARTED YES PLANET HAIFA
2025-01-21 02:54:32,998 - cinemas.yes_planet - INFO - DONE YES PLANET HAIFA
2025-01-21 02:54:32,998 - cinemas.yes_planet - INFO - STARTED YES PLANET JERUSALEM
2025-01-21 02:54:32,998 - cinemas.yes_planet - INFO - DONE YES PLANET JERUSALEM
2025-01-21 02:54:32,998 - cinemas.yes_planet - INFO - STARTED YES PLANET BEER_SHEVA
2025-01-21 02:54:32,998 - cinemas.yes_planet - INFO - DONE YES PLANET BEER_SHEVA
2025-01-21 02:54:32,998 - cinemas.yes_planet - INFO - DONE YES PLANET
2025-01-21 02:54:32,998 - cinemas.rav_hen - INFO - STARTED RAV HEN
2025-01-21 02:54:32,998 - cinemas.rav_hen - INFO - STARTED RAV HEN GIVATAIM
2025-01-21 02:54:44,042 - cinemas.rav_hen - INFO - DONE RAV HEN GIVATAIM
2025-01-21 02:54:44,042 - cinemas.rav_hen - INFO - STARTED RAV HEN DIZINGOF
2025-01-21 02:54:44,769 - cinemas.rav_hen - INFO - DONE RAV HEN DIZINGOF
2025-01-21 02:54:44,769 - cinemas.rav_hen - INFO - STARTED RAV HEN MODIIN
2025-01-21 02:54:45,417 - cinemas.rav_hen - INFO - DONE RAV HEN MODIIN
2025-01-21 02:54:45,418 - cinemas.rav_hen - INFO - STARTED RAV HEN KIRYAT_ONO
2025-01-21 02:54:47,142 - cinemas.rav_hen - INFO - DONE RAV HEN KIRYAT_ONO
2025-01-21 02:54:47,142 - cinemas.rav_hen - INFO - DONE RAV HEN
2025-01-21 02:54:47,142 - cinemas.hot_cinema - INFO - STARTED HOT CINEMA
2025-01-21 02:54:47,142 - cinemas.hot_cinema - INFO - STARTED HOT CINEMA MODIIN
2025-01-21 02:55:03,629 - cinemas.hot_cinema - INFO - DONE HOT CINEMA MODIIN
2025-01-21 02:55:03,629 - cinemas.hot_cinema - INFO - STARTED HOT CINEMA KIRYON
2025-01-21 02:55:11,624 - cinemas.hot_cinema - INFO - DONE HOT CINEMA KIRYON
2025-01-21 02:55:11,624 - cinemas.hot_cinema - INFO - STARTED HOT CINEMA KFAR_SABBA
2025-01-21 02:55:11,843 - cinemas.hot_cinema - INFO - DONE HOT CINEMA KFAR_SABBA
2025-01-21 02:55:11,843 - cinemas.hot_cinema - INFO - STARTED HOT CINEMA HAIFA
2025-01-21 02:55:12,741 - cinemas.hot_cinema - INFO - DONE HOT CINEMA HAIFA
2025-01-21 02:55:12,741 - cinemas.hot_cinema - INFO - STARTED HOT CINEMA PETACH_TIKVA
2025-01-21 02:55:12,953 - cinemas.hot_cinema - INFO - DONE HOT CINEMA PETACH_TIKVA
2025-01-21 02:55:12,953 - cinemas.hot_cinema - INFO - STARTED HOT CINEMA RECHOVOT
2025-01-21 02:55:13,165 - cinemas.hot_cinema - INFO - DONE HOT CINEMA RECHOVOT
2025-01-21 02:55:13,166 - cinemas.hot_cinema - INFO - STARTED HOT CINEMA ASHKELON
2025-01-21 02:55:13,377 - cinemas.hot_cinema - INFO - DONE HOT CINEMA ASHKELON
2025-01-21 02:55:13,377 - cinemas.hot_cinema - INFO - STARTED HOT CINEMA KARMIEL
2025-01-21 02:55:14,275 - cinemas.hot_cinema - INFO - DONE HOT CINEMA KARMIEL
2025-01-21 02:55:14,275 - cinemas.hot_cinema - INFO - STARTED HOT CINEMA NAHARIA
2025-01-21 02:55:14,484 - cinemas.hot_cinema - INFO - DONE HOT CINEMA NAHARIA
2025-01-21 02:55:14,484 - cinemas.hot_cinema - INFO - STARTED HOT CINEMA ASHDOD
2025-01-21 02:55:14,695 - cinemas.hot_cinema - INFO - DONE HOT CINEMA ASHDOD
2025-01-21 02:55:14,695 - cinemas.hot_cinema - INFO - DONE HOT CINEMA
2025-01-21 02:55:14,695 - cinemas.cinema_city - INFO - STARTED CINEMA CITY
2025-01-21 02:55:20,571 - proxy - INFO - Proxy: {'YourFuckingIPAddress': '81.28.7.51', 'YourFuckingLocation': 'Haifa, HA, Israel', 'YourFuckingHostname': '81.28.7.51', 'YourFuckingISP': 'O.M.C. COMPUTERS & COMMUNICATIONS LTD', 'YourFuckingTorExit': False, 'YourFuckingCity': 'Haifa', 'YourFuckingCountry': 'Israel', 'YourFuckingCountryCode': 'IL'}
2025-01-21 02:55:20,571 - cinemas.cinema_city - INFO - STARTED CINEMA CITY GLILOT
2025-01-21 02:57:55,380 - cinemas.cinema_city - INFO - DONE CINEMA CITY GLILOT
2025-01-21 02:57:55,380 - cinemas.cinema_city - INFO - STARTED CINEMA CITY RISHON
2025-01-21 02:58:26,381 - cinemas.cinema_city - INFO - DONE CINEMA CITY RISHON
2025-01-21 02:58:26,381 - cinemas.cinema_city - INFO - STARTED CINEMA CITY JERUSALEM
2025-01-21 02:58:34,375 - cinemas.cinema_city - INFO - DONE CINEMA CITY JERUSALEM
2025-01-21 02:58:34,375 - cinemas.cinema_city - INFO - STARTED CINEMA CITY KFAR_SABBA
2025-01-21 02:58:35,471 - cinemas.cinema_city - INFO - DONE CINEMA CITY KFAR_SABBA
2025-01-21 02:58:35,471 - cinemas.cinema_city - INFO - STARTED CINEMA CITY NATANIA
2025-01-21 02:58:36,840 - cinemas.cinema_city - INFO - DONE CINEMA CITY NATANIA
2025-01-21 02:58:36,840 - cinemas.cinema_city - INFO - STARTED CINEMA CITY BEER_SHEVA
2025-01-21 02:58:38,278 - cinemas.cinema_city - INFO - DONE CINEMA CITY BEER_SHEVA
2025-01-21 02:58:38,278 - cinemas.cinema_city - INFO - STARTED CINEMA CITY HADERA
2025-01-21 02:58:39,484 - cinemas.cinema_city - INFO - DONE CINEMA CITY HADERA
2025-01-21 02:58:39,485 - cinemas.cinema_city - INFO - STARTED CINEMA CITY ASHDOD
2025-01-21 02:58:47,538 - cinemas.cinema_city - WARNING - error while getting movie info:
Traceback (most recent call last):
  File "/home/runner/work/Movie-Time-Server/Movie-Time-Server/cinemas/cinema_city.py", line 123, in get_by_location
    for movie in res.json():
                 ^^^^^^^^^^
  File "/home/runner/work/Movie-Time-Server/Movie-Time-Server/proxy.py", line 18, in json
    return json.loads(self.pre)
           ^^^^^^^^^^^^^^^^^^^^
  File "/opt/hostedtoolcache/Python/3.11.11/x64/lib/python3.11/json/__init__.py", line 339, in loads
    raise TypeError(f'the JSON object must be str, bytes or bytearray, '
TypeError: the JSON object must be str, bytes or bytearray, not NoneType
2025-01-21 02:58:47,560 - cinemas.cinema_city - INFO - DONE CINEMA CITY ASHDOD
2025-01-21 02:58:47,663 - proxy - INFO - Proxy removed
2025-01-21 02:58:47,663 - cinemas.cinema_city - INFO - DONE CINEMA CITY
2025-01-21 02:58:47,663 - cinemas.lev - INFO - STARTED LEV
2025-01-21 02:58:49,396 - proxy - INFO - Proxy: {'YourFuckingIPAddress': '81.28.7.51', 'YourFuckingLocation': 'Haifa, HA, Israel', 'YourFuckingHostname': '81.28.7.51', 'YourFuckingISP': 'O.M.C. COMPUTERS & COMMUNICATIONS LTD', 'YourFuckingTorExit': False, 'YourFuckingCity': 'Haifa', 'YourFuckingCountry': 'Israel', 'YourFuckingCountryCode': 'IL'}
2025-01-21 02:58:49,396 - cinemas.lev - INFO - STARTED LEV TEL_AVIV
2025-01-21 02:58:51,318 - cinemas.lev - INFO - DONE LEV TEL_AVIV
2025-01-21 02:58:51,318 - cinemas.lev - INFO - STARTED LEV RAMAT_HASHARON
2025-01-21 02:58:51,919 - cinemas.lev - INFO - DONE LEV RAMAT_HASHARON
2025-01-21 02:58:51,919 - cinemas.lev - INFO - STARTED LEV MANDARIN
2025-01-21 02:58:52,580 - cinemas.lev - INFO - DONE LEV MANDARIN
2025-01-21 02:58:52,580 - cinemas.lev - INFO - STARTED LEV EVEN_YEHUDA
2025-01-21 02:58:53,309 - cinemas.lev - INFO - DONE LEV EVEN_YEHUDA
2025-01-21 02:58:53,309 - cinemas.lev - INFO - STARTED LEV SMADAR
2025-01-21 02:58:55,509 - cinemas.lev - INFO - DONE LEV SMADAR
2025-01-21 02:58:55,509 - cinemas.lev - INFO - STARTED LEV RAANANA
2025-01-21 02:58:56,318 - cinemas.lev - INFO - DONE LEV RAANANA
2025-01-21 02:58:56,319 - cinemas.lev - INFO - STARTED LEV OMER
2025-01-21 02:58:56,790 - cinemas.lev - INFO - DONE LEV OMER
2025-01-21 02:58:56,790 - cinemas.lev - INFO - STARTED LEV SHOHAM
2025-01-21 02:58:57,498 - cinemas.lev - INFO - DONE LEV SHOHAM
2025-01-21 02:58:57,498 - cinemas.lev - INFO - STARTED LEV DANIEL
2025-01-21 02:58:58,249 - cinemas.lev - INFO - DONE LEV DANIEL
2025-01-21 02:58:58,316 - proxy - INFO - Proxy removed
2025-01-21 02:58:58,316 - cinemas.lev - INFO - DONE LEV
2025-01-21 02:58:58,316 - cinemas.movieland - INFO - STARTED Movie Land
2025-01-21 02:58:58,316 - cinemas.movieland - INFO - STARTED Movie Land CARMIEL
2025-01-21 02:59:11,286 - cinemas.movieland - INFO - DONE Movie Land CARMIEL
2025-01-21 02:59:11,286 - cinemas.movieland - INFO - STARTED Movie Land HAIFA
2025-01-21 02:59:12,233 - cinemas.movieland - INFO - DONE Movie Land HAIFA
2025-01-21 02:59:12,233 - cinemas.movieland - INFO - STARTED Movie Land NATANYA
2025-01-21 02:59:15,738 - cinemas.movieland - INFO - DONE Movie Land NATANYA
2025-01-21 02:59:15,738 - cinemas.movieland - INFO - DONE Movie Land
2025-01-21 02:59:15,739 - root - INFO - ********************
2025-01-21 02:59:15,739 - root - INFO - started checking for:22-01-2025
2025-01-21 02:59:15,739 - cinemas.yes_planet - INFO - STARTED YES PLANET
2025-01-21 02:59:15,739 - cinemas.yes_planet - INFO - STARTED YES PLANET RISHON
2025-01-21 02:59:15,739 - cinemas.yes_planet - INFO - DONE YES PLANET RISHON
2025-01-21 02:59:15,739 - cinemas.yes_planet - INFO - STARTED YES PLANET AYALON
2025-01-21 02:59:15,739 - cinemas.yes_planet - INFO - DONE YES PLANET AYALON
2025-01-21 02:59:15,739 - cinemas.yes_planet - INFO - STARTED YES PLANET ZICHRON
2025-01-21 02:59:15,739 - cinemas.yes_planet - INFO - DONE YES PLANET ZICHRON
2025-01-21 02:59:15,739 - cinemas.yes_planet - INFO - STARTED YES PLANET HAIFA
2025-01-21 02:59:15,739 - cinemas.yes_planet - INFO - DONE YES PLANET HAIFA
2025-01-21 02:59:15,739 - cinemas.yes_planet - INFO - STARTED YES PLANET JERUSALEM
2025-01-21 02:59:15,739 - cinemas.yes_planet - INFO - DONE YES PLANET JERUSALEM
2025-01-21 02:59:15,739 - cinemas.yes_planet - INFO - STARTED YES PLANET BEER_SHEVA
2025-01-21 02:59:15,739 - cinemas.yes_planet - INFO - DONE YES PLANET BEER_SHEVA
2025-01-21 02:59:15,739 - cinemas.yes_planet - INFO - DONE YES PLANET
2025-01-21 02:59:15,740 - cinemas.rav_hen - INFO - STARTED RAV HEN
2025-01-21 02:59:15,740 - cinemas.rav_hen - INFO - STARTED RAV HEN GIVATAIM
2025-01-21 02:59:16,584 - cinemas.rav_hen - INFO - DONE RAV HEN GIVATAIM
2025-01-21 02:59:16,584 - cinemas.rav_hen - INFO - STARTED RAV HEN DIZINGOF
2025-01-21 02:59:17,396 - cinemas.rav_hen - INFO - DONE RAV HEN DIZINGOF
2025-01-21 02:59:17,396 - cinemas.rav_hen - INFO - STARTED RAV HEN MODIIN
2025-01-21 02:59:18,109 - cinemas.rav_hen - INFO - DONE RAV HEN MODIIN
2025-01-21 02:59:18,109 - cinemas.rav_hen - INFO - STARTED RAV HEN KIRYAT_ONO
2025-01-21 02:59:18,913 - cinemas.rav_hen - INFO - DONE RAV HEN KIRYAT_ONO
2025-01-21 02:59:18,913 - cinemas.rav_hen - INFO - DONE RAV HEN
2025-01-21 02:59:18,913 - cinemas.hot_cinema - INFO - STARTED HOT CINEMA
2025-01-21 02:59:18,913 - cinemas.hot_cinema - INFO - STARTED HOT CINEMA MODIIN
2025-01-21 02:59:21,023 - cinemas.hot_cinema - INFO - DONE HOT CINEMA MODIIN
2025-01-21 02:59:21,024 - cinemas.hot_cinema - INFO - STARTED HOT CINEMA KIRYON
2025-01-21 02:59:22,644 - cinemas.hot_cinema - INFO - DONE HOT CINEMA KIRYON
2025-01-21 02:59:22,644 - cinemas.hot_cinema - INFO - STARTED HOT CINEMA KFAR_SABBA
2025-01-21 02:59:24,231 - cinemas.hot_cinema - INFO - DONE HOT CINEMA KFAR_SABBA
2025-01-21 02:59:24,231 - cinemas.hot_cinema - INFO - STARTED HOT CINEMA HAIFA
2025-01-21 02:59:25,124 - cinemas.hot_cinema - INFO - DONE HOT CINEMA HAIFA
2025-01-21 02:59:25,124 - cinemas.hot_cinema - INFO - STARTED HOT CINEMA PETACH_TIKVA
2025-01-21 02:59:25,335 - cinemas.hot_cinema - INFO - DONE HOT CINEMA PETACH_TIKVA
2025-01-21 02:59:25,335 - cinemas.hot_cinema - INFO - STARTED HOT CINEMA RECHOVOT
2025-01-21 02:59:25,545 - cinemas.hot_cinema - INFO - DONE HOT CINEMA RECHOVOT
2025-01-21 02:59:25,545 - cinemas.hot_cinema - INFO - STARTED HOT CINEMA ASHKELON
2025-01-21 02:59:25,755 - cinemas.hot_cinema - INFO - DONE HOT CINEMA ASHKELON
2025-01-21 02:59:25,755 - cinemas.hot_cinema - INFO - STARTED HOT CINEMA KARMIEL
2025-01-21 02:59:25,965 - cinemas.hot_cinema - INFO - DONE HOT CINEMA KARMIEL
2025-01-21 02:59:25,965 - cinemas.hot_cinema - INFO - STARTED HOT CINEMA NAHARIA
2025-01-21 02:59:26,174 - cinemas.hot_cinema - INFO - DONE HOT CINEMA NAHARIA
2025-01-21 02:59:26,174 - cinemas.hot_cinema - INFO - STARTED HOT CINEMA ASHDOD
2025-01-21 02:59:27,077 - cinemas.hot_cinema - INFO - DONE HOT CINEMA ASHDOD
2025-01-21 02:59:27,077 - cinemas.hot_cinema - INFO - DONE HOT CINEMA
2025-01-21 02:59:27,077 - cinemas.cinema_city - INFO - STARTED CINEMA CITY
2025-01-21 02:59:28,884 - proxy - INFO - Proxy: {'YourFuckingIPAddress': '81.28.7.51', 'YourFuckingLocation': 'Haifa, HA, Israel', 'YourFuckingHostname': '81.28.7.51', 'YourFuckingISP': 'O.M.C. COMPUTERS & COMMUNICATIONS LTD', 'YourFuckingTorExit': False, 'YourFuckingCity': 'Haifa', 'YourFuckingCountry': 'Israel', 'YourFuckingCountryCode': 'IL'}
2025-01-21 02:59:28,884 - cinemas.cinema_city - INFO - STARTED CINEMA CITY GLILOT
2025-01-21 03:00:04,779 - cinemas.cinema_city - INFO - DONE CINEMA CITY GLILOT
2025-01-21 03:00:04,779 - cinemas.cinema_city - INFO - STARTED CINEMA CITY RISHON
2025-01-21 03:00:05,996 - cinemas.cinema_city - INFO - DONE CINEMA CITY RISHON
2025-01-21 03:00:05,996 - cinemas.cinema_city - INFO - STARTED CINEMA CITY JERUSALEM
2025-01-21 03:00:07,951 - cinemas.cinema_city - INFO - DONE CINEMA CITY JERUSALEM
2025-01-21 03:00:07,951 - cinemas.cinema_city - INFO - STARTED CINEMA CITY KFAR_SABBA
2025-01-21 03:00:09,893 - cinemas.cinema_city - INFO - DONE CINEMA CITY KFAR_SABBA
2025-01-21 03:00:09,893 - cinemas.cinema_city - INFO - STARTED CINEMA CITY NATANIA
2025-01-21 03:00:16,101 - cinemas.cinema_city - INFO - DONE CINEMA CITY NATANIA
2025-01-21 03:00:16,101 - cinemas.cinema_city - INFO - STARTED CINEMA CITY BEER_SHEVA
2025-01-21 03:00:17,585 - cinemas.cinema_city - INFO - DONE CINEMA CITY BEER_SHEVA
2025-01-21 03:00:17,585 - cinemas.cinema_city - INFO - STARTED CINEMA CITY HADERA
2025-01-21 03:00:19,706 - cinemas.cinema_city - INFO - DONE CINEMA CITY HADERA
2025-01-21 03:00:19,706 - cinemas.cinema_city - INFO - STARTED CINEMA CITY ASHDOD
2025-01-21 03:00:21,723 - cinemas.cinema_city - WARNING - error while getting movie info:
Traceback (most recent call last):
  File "/home/runner/work/Movie-Time-Server/Movie-Time-Server/cinemas/cinema_city.py", line 123, in get_by_location
    for movie in res.json():
                 ^^^^^^^^^^
  File "/home/runner/work/Movie-Time-Server/Movie-Time-Server/proxy.py", line 18, in json
    return json.loads(self.pre)
           ^^^^^^^^^^^^^^^^^^^^
  File "/opt/hostedtoolcache/Python/3.11.11/x64/lib/python3.11/json/__init__.py", line 339, in loads
    raise TypeError(f'the JSON object must be str, bytes or bytearray, '
TypeError: the JSON object must be str, bytes or bytearray, not NoneType
2025-01-21 03:00:21,724 - cinemas.cinema_city - INFO - DONE CINEMA CITY ASHDOD
2025-01-21 03:00:21,801 - proxy - INFO - Proxy removed
2025-01-21 03:00:21,801 - cinemas.cinema_city - INFO - DONE CINEMA CITY
2025-01-21 03:00:21,801 - cinemas.lev - INFO - STARTED LEV
2025-01-21 03:00:23,600 - proxy - INFO - Proxy: {'YourFuckingIPAddress': '81.28.7.51', 'YourFuckingLocation': 'Haifa, HA, Israel', 'YourFuckingHostname': '81.28.7.51', 'YourFuckingISP': 'O.M.C. COMPUTERS & COMMUNICATIONS LTD', 'YourFuckingTorExit': False, 'YourFuckingCity': 'Haifa', 'YourFuckingCountry': 'Israel', 'YourFuckingCountryCode': 'IL'}
2025-01-21 03:00:23,600 - cinemas.lev - INFO - STARTED LEV TEL_AVIV
2025-01-21 03:00:25,691 - cinemas.lev - INFO - DONE LEV TEL_AVIV
2025-01-21 03:00:25,691 - cinemas.lev - INFO - STARTED LEV RAMAT_HASHARON
2025-01-21 03:00:26,406 - cinemas.lev - INFO - DONE LEV RAMAT_HASHARON
2025-01-21 03:00:26,406 - cinemas.lev - INFO - STARTED LEV MANDARIN
2025-01-21 03:00:27,132 - cinemas.lev - INFO - DONE LEV MANDARIN
2025-01-21 03:00:27,132 - cinemas.lev - INFO - STARTED LEV EVEN_YEHUDA
2025-01-21 03:00:27,736 - cinemas.lev - INFO - DONE LEV EVEN_YEHUDA
2025-01-21 03:00:27,736 - cinemas.lev - INFO - STARTED LEV SMADAR
2025-01-21 03:00:28,293 - cinemas.lev - INFO - DONE LEV SMADAR
2025-01-21 03:00:28,294 - cinemas.lev - INFO - STARTED LEV RAANANA
2025-01-21 03:00:29,036 - cinemas.lev - INFO - DONE LEV RAANANA
2025-01-21 03:00:29,036 - cinemas.lev - INFO - STARTED LEV OMER
2025-01-21 03:00:29,374 - cinemas.lev - INFO - DONE LEV OMER
2025-01-21 03:00:29,374 - cinemas.lev - INFO - STARTED LEV SHOHAM
2025-01-21 03:00:29,979 - cinemas.lev - INFO - DONE LEV SHOHAM
2025-01-21 03:00:29,980 - cinemas.lev - INFO - STARTED LEV DANIEL
2025-01-21 03:00:30,468 - cinemas.lev - INFO - DONE LEV DANIEL
2025-01-21 03:00:30,533 - proxy - INFO - Proxy removed
2025-01-21 03:00:30,533 - cinemas.lev - INFO - DONE LEV
2025-01-21 03:00:30,533 - cinemas.movieland - INFO - STARTED Movie Land
2025-01-21 03:00:30,534 - cinemas.movieland - INFO - STARTED Movie Land CARMIEL
2025-01-21 03:00:31,535 - cinemas.movieland - INFO - DONE Movie Land CARMIEL
2025-01-21 03:00:31,535 - cinemas.movieland - INFO - STARTED Movie Land HAIFA
2025-01-21 03:00:32,036 - cinemas.movieland - INFO - DONE Movie Land HAIFA
2025-01-21 03:00:32,036 - cinemas.movieland - INFO - STARTED Movie Land NATANYA
2025-01-21 03:00:32,036 - cinemas.movieland - INFO - DONE Movie Land NATANYA
2025-01-21 03:00:32,036 - cinemas.movieland - INFO - DONE Movie Land
2025-01-21 03:00:32,036 - root - INFO - ********************
2025-01-21 03:00:32,036 - root - INFO - started checking for:23-01-2025
2025-01-21 03:00:32,037 - cinemas.yes_planet - INFO - STARTED YES PLANET
2025-01-21 03:00:32,037 - cinemas.yes_planet - INFO - STARTED YES PLANET RISHON
2025-01-21 03:00:32,037 - cinemas.yes_planet - INFO - DONE YES PLANET RISHON
2025-01-21 03:00:32,037 - cinemas.yes_planet - INFO - STARTED YES PLANET AYALON
2025-01-21 03:00:32,037 - cinemas.yes_planet - INFO - DONE YES PLANET AYALON
2025-01-21 03:00:32,037 - cinemas.yes_planet - INFO - STARTED YES PLANET ZICHRON
2025-01-21 03:00:32,037 - cinemas.yes_planet - INFO - DONE YES PLANET ZICHRON
2025-01-21 03:00:32,037 - cinemas.yes_planet - INFO - STARTED YES PLANET HAIFA
2025-01-21 03:00:32,037 - cinemas.yes_planet - INFO - DONE YES PLANET HAIFA
2025-01-21 03:00:32,037 - cinemas.yes_planet - INFO - STARTED YES PLANET JERUSALEM
2025-01-21 03:00:32,037 - cinemas.yes_planet - INFO - DONE YES PLANET JERUSALEM
2025-01-21 03:00:32,037 - cinemas.yes_planet - INFO - STARTED YES PLANET BEER_SHEVA
2025-01-21 03:00:32,037 - cinemas.yes_planet - INFO - DONE YES PLANET BEER_SHEVA
2025-01-21 03:00:32,037 - cinemas.yes_planet - INFO - DONE YES PLANET
2025-01-21 03:00:32,037 - cinemas.rav_hen - INFO - STARTED RAV HEN
2025-01-21 03:00:32,037 - cinemas.rav_hen - INFO - STARTED RAV HEN GIVATAIM
2025-01-21 03:00:34,072 - cinemas.rav_hen - INFO - DONE RAV HEN GIVATAIM
2025-01-21 03:00:34,072 - cinemas.rav_hen - INFO - STARTED RAV HEN DIZINGOF
2025-01-21 03:00:34,650 - cinemas.rav_hen - INFO - DONE RAV HEN DIZINGOF
2025-01-21 03:00:34,650 - cinemas.rav_hen - INFO - STARTED RAV HEN MODIIN
2025-01-21 03:00:35,309 - cinemas.rav_hen - INFO - DONE RAV HEN MODIIN
2025-01-21 03:00:35,309 - cinemas.rav_hen - INFO - STARTED RAV HEN KIRYAT_ONO
2025-01-21 03:00:35,980 - cinemas.rav_hen - INFO - DONE RAV HEN KIRYAT_ONO
2025-01-21 03:00:35,980 - cinemas.rav_hen - INFO - DONE RAV HEN
2025-01-21 03:00:35,980 - cinemas.hot_cinema - INFO - STARTED HOT CINEMA
2025-01-21 03:00:35,980 - cinemas.hot_cinema - INFO - STARTED HOT CINEMA MODIIN
2025-01-21 03:00:36,190 - cinemas.hot_cinema - INFO - DONE HOT CINEMA MODIIN
2025-01-21 03:00:36,190 - cinemas.hot_cinema - INFO - STARTED HOT CINEMA KIRYON
2025-01-21 03:00:37,152 - cinemas.hot_cinema - INFO - DONE HOT CINEMA KIRYON
2025-01-21 03:00:37,152 - cinemas.hot_cinema - INFO - STARTED HOT CINEMA KFAR_SABBA
2025-01-21 03:00:38,042 - cinemas.hot_cinema - INFO - DONE HOT CINEMA KFAR_SABBA
2025-01-21 03:00:38,042 - cinemas.hot_cinema - INFO - STARTED HOT CINEMA HAIFA
2025-01-21 03:00:38,250 - cinemas.hot_cinema - INFO - DONE HOT CINEMA HAIFA
2025-01-21 03:00:38,250 - cinemas.hot_cinema - INFO - STARTED HOT CINEMA PETACH_TIKVA
2025-01-21 03:00:38,459 - cinemas.hot_cinema - INFO - DONE HOT CINEMA PETACH_TIKVA
2025-01-21 03:00:38,459 - cinemas.hot_cinema - INFO - STARTED HOT CINEMA RECHOVOT
2025-01-21 03:00:38,670 - cinemas.hot_cinema - INFO - DONE HOT CINEMA RECHOVOT
2025-01-21 03:00:38,670 - cinemas.hot_cinema - INFO - STARTED HOT CINEMA ASHKELON
2025-01-21 03:00:38,879 - cinemas.hot_cinema - INFO - DONE HOT CINEMA ASHKELON
2025-01-21 03:00:38,879 - cinemas.hot_cinema - INFO - STARTED HOT CINEMA KARMIEL
2025-01-21 03:00:39,088 - cinemas.hot_cinema - INFO - DONE HOT CINEMA KARMIEL
2025-01-21 03:00:39,088 - cinemas.hot_cinema - INFO - STARTED HOT CINEMA NAHARIA
2025-01-21 03:00:39,297 - cinemas.hot_cinema - INFO - DONE HOT CINEMA NAHARIA
2025-01-21 03:00:39,297 - cinemas.hot_cinema - INFO - STARTED HOT CINEMA ASHDOD
2025-01-21 03:00:39,507 - cinemas.hot_cinema - INFO - DONE HOT CINEMA ASHDOD
2025-01-21 03:00:39,507 - cinemas.hot_cinema - INFO - DONE HOT CINEMA
2025-01-21 03:00:39,507 - cinemas.cinema_city - INFO - STARTED CINEMA CITY
2025-01-21 03:00:41,321 - proxy - INFO - Proxy: {'YourFuckingIPAddress': '81.28.7.51', 'YourFuckingLocation': 'Haifa, HA, Israel', 'YourFuckingHostname': '81.28.7.51', 'YourFuckingISP': 'O.M.C. COMPUTERS & COMMUNICATIONS LTD', 'YourFuckingTorExit': False, 'YourFuckingCity': 'Haifa', 'YourFuckingCountry': 'Israel', 'YourFuckingCountryCode': 'IL'}
2025-01-21 03:00:41,321 - cinemas.cinema_city - INFO - STARTED CINEMA CITY GLILOT
2025-01-21 03:00:43,251 - cinemas.cinema_city - ERROR - NO DATE FOUND FOR GLILOT
2025-01-21 03:00:43,251 - cinemas.cinema_city - INFO - STARTED CINEMA CITY RISHON
2025-01-21 03:00:43,705 - cinemas.cinema_city - ERROR - NO DATE FOUND FOR RISHON
2025-01-21 03:00:43,705 - cinemas.cinema_city - INFO - STARTED CINEMA CITY JERUSALEM
2025-01-21 03:00:44,310 - cinemas.cinema_city - ERROR - NO DATE FOUND FOR JERUSALEM
2025-01-21 03:00:44,311 - cinemas.cinema_city - INFO - STARTED CINEMA CITY KFAR_SABBA
2025-01-21 03:00:45,047 - cinemas.cinema_city - ERROR - NO DATE FOUND FOR KFAR_SABBA
2025-01-21 03:00:45,047 - cinemas.cinema_city - INFO - STARTED CINEMA CITY NATANIA
2025-01-21 03:00:45,737 - cinemas.cinema_city - ERROR - NO DATE FOUND FOR NATANIA
2025-01-21 03:00:45,737 - cinemas.cinema_city - INFO - STARTED CINEMA CITY BEER_SHEVA
2025-01-21 03:00:46,436 - cinemas.cinema_city - ERROR - NO DATE FOUND FOR BEER_SHEVA
2025-01-21 03:00:46,436 - cinemas.cinema_city - INFO - STARTED CINEMA CITY HADERA
2025-01-21 03:02:48,015 - cinemas.cinema_city - ERROR - Failed to get english name for מרתון סטנדאפ-שובר שורות
Traceback (most recent call last):
  File "/opt/hostedtoolcache/Python/3.11.11/x64/lib/python3.11/site-packages/urllib3/connectionpool.py", line 468, in _make_request
    six.raise_from(e, None)
  File "<string>", line 3, in raise_from
  File "/opt/hostedtoolcache/Python/3.11.11/x64/lib/python3.11/site-packages/urllib3/connectionpool.py", line 463, in _make_request
    httplib_response = conn.getresponse()
                       ^^^^^^^^^^^^^^^^^^
  File "/opt/hostedtoolcache/Python/3.11.11/x64/lib/python3.11/http/client.py", line 1395, in getresponse
    response.begin()
  File "/opt/hostedtoolcache/Python/3.11.11/x64/lib/python3.11/http/client.py", line 325, in begin
    version, status, reason = self._read_status()
                              ^^^^^^^^^^^^^^^^^^^
  File "/opt/hostedtoolcache/Python/3.11.11/x64/lib/python3.11/http/client.py", line 286, in _read_status
    line = str(self.fp.readline(_MAXLINE + 1), "iso-8859-1")
               ^^^^^^^^^^^^^^^^^^^^^^^^^^^^^^
  File "/opt/hostedtoolcache/Python/3.11.11/x64/lib/python3.11/socket.py", line 718, in readinto
    return self._sock.recv_into(b)
           ^^^^^^^^^^^^^^^^^^^^^^^
TimeoutError: timed out

During handling of the above exception, another exception occurred:

Traceback (most recent call last):
  File "/home/runner/work/Movie-Time-Server/Movie-Time-Server/cinemas/cinema_city.py", line 88, in get_english_name
    bs = BeautifulSoup(s.get(url).text, "html.parser")
                       ^^^^^^^^^^
  File "/home/runner/work/Movie-Time-Server/Movie-Time-Server/proxy.py", line 30, in get
    self.driver.get(url)
  File "/opt/hostedtoolcache/Python/3.11.11/x64/lib/python3.11/site-packages/selenium/webdriver/remote/webdriver.py", line 454, in get
    self.execute(Command.GET, {"url": url})
  File "/opt/hostedtoolcache/Python/3.11.11/x64/lib/python3.11/site-packages/selenium/webdriver/remote/webdriver.py", line 427, in execute
    response = self.command_executor.execute(driver_command, params)
               ^^^^^^^^^^^^^^^^^^^^^^^^^^^^^^^^^^^^^^^^^^^^^^^^^^^^^
  File "/opt/hostedtoolcache/Python/3.11.11/x64/lib/python3.11/site-packages/selenium/webdriver/remote/remote_connection.py", line 404, in execute
    return self._request(command_info[0], url, body=data)
           ^^^^^^^^^^^^^^^^^^^^^^^^^^^^^^^^^^^^^^^^^^^^^^
  File "/opt/hostedtoolcache/Python/3.11.11/x64/lib/python3.11/site-packages/selenium/webdriver/remote/remote_connection.py", line 428, in _request
    response = self._conn.request(method, url, body=body, headers=headers, timeout=self._client_config.timeout)
               ^^^^^^^^^^^^^^^^^^^^^^^^^^^^^^^^^^^^^^^^^^^^^^^^^^^^^^^^^^^^^^^^^^^^^^^^^^^^^^^^^^^^^^^^^^^^^^^^
  File "/opt/hostedtoolcache/Python/3.11.11/x64/lib/python3.11/site-packages/urllib3/request.py", line 81, in request
    return self.request_encode_body(
           ^^^^^^^^^^^^^^^^^^^^^^^^^
  File "/opt/hostedtoolcache/Python/3.11.11/x64/lib/python3.11/site-packages/urllib3/request.py", line 173, in request_encode_body
    return self.urlopen(method, url, **extra_kw)
           ^^^^^^^^^^^^^^^^^^^^^^^^^^^^^^^^^^^^^
  File "/opt/hostedtoolcache/Python/3.11.11/x64/lib/python3.11/site-packages/urllib3/poolmanager.py", line 376, in urlopen
    response = conn.urlopen(method, u.request_uri, **kw)
               ^^^^^^^^^^^^^^^^^^^^^^^^^^^^^^^^^^^^^^^^^
  File "/opt/hostedtoolcache/Python/3.11.11/x64/lib/python3.11/site-packages/urllib3/connectionpool.py", line 802, in urlopen
    retries = retries.increment(
              ^^^^^^^^^^^^^^^^^^
  File "/opt/hostedtoolcache/Python/3.11.11/x64/lib/python3.11/site-packages/urllib3/util/retry.py", line 552, in increment
    raise six.reraise(type(error), error, _stacktrace)
          ^^^^^^^^^^^^^^^^^^^^^^^^^^^^^^^^^^^^^^^^^^^^
  File "/opt/hostedtoolcache/Python/3.11.11/x64/lib/python3.11/site-packages/urllib3/packages/six.py", line 770, in reraise
    raise value
  File "/opt/hostedtoolcache/Python/3.11.11/x64/lib/python3.11/site-packages/urllib3/connectionpool.py", line 716, in urlopen
    httplib_response = self._make_request(
                       ^^^^^^^^^^^^^^^^^^^
  File "/opt/hostedtoolcache/Python/3.11.11/x64/lib/python3.11/site-packages/urllib3/connectionpool.py", line 470, in _make_request
    self._raise_timeout(err=e, url=url, timeout_value=read_timeout)
  File "/opt/hostedtoolcache/Python/3.11.11/x64/lib/python3.11/site-packages/urllib3/connectionpool.py", line 358, in _raise_timeout
    raise ReadTimeoutError(
urllib3.exceptions.ReadTimeoutError: HTTPConnectionPool(host='localhost', port=49089): Read timed out. (read timeout=120)
2025-01-21 03:06:18,087 - proxy - INFO - Proxy removed
2025-01-21 03:06:18,087 - root - ERROR - cinema city crashed
Traceback (most recent call last):
  File "/opt/hostedtoolcache/Python/3.11.11/x64/lib/python3.11/site-packages/urllib3/connectionpool.py", line 468, in _make_request
    six.raise_from(e, None)
  File "<string>", line 3, in raise_from
  File "/opt/hostedtoolcache/Python/3.11.11/x64/lib/python3.11/site-packages/urllib3/connectionpool.py", line 463, in _make_request
    httplib_response = conn.getresponse()
                       ^^^^^^^^^^^^^^^^^^
  File "/opt/hostedtoolcache/Python/3.11.11/x64/lib/python3.11/http/client.py", line 1395, in getresponse
    response.begin()
  File "/opt/hostedtoolcache/Python/3.11.11/x64/lib/python3.11/http/client.py", line 325, in begin
    version, status, reason = self._read_status()
                              ^^^^^^^^^^^^^^^^^^^
  File "/opt/hostedtoolcache/Python/3.11.11/x64/lib/python3.11/http/client.py", line 286, in _read_status
    line = str(self.fp.readline(_MAXLINE + 1), "iso-8859-1")
               ^^^^^^^^^^^^^^^^^^^^^^^^^^^^^^
  File "/opt/hostedtoolcache/Python/3.11.11/x64/lib/python3.11/socket.py", line 718, in readinto
    return self._sock.recv_into(b)
           ^^^^^^^^^^^^^^^^^^^^^^^
TimeoutError: timed out

During handling of the above exception, another exception occurred:

Traceback (most recent call last):
  File "/home/runner/work/Movie-Time-Server/Movie-Time-Server/main.py", line 56, in get_screenings_from_cinema
    return unsafe_get_screenings_from_cinema(get_screening, cinema, date, s)
           ^^^^^^^^^^^^^^^^^^^^^^^^^^^^^^^^^^^^^^^^^^^^^^^^^^^^^^^^^^^^^^^^^
  File "/opt/hostedtoolcache/Python/3.11.11/x64/lib/python3.11/site-packages/decorator.py", line 232, in fun
    return caller(func, *(extras + args), **kw)
           ^^^^^^^^^^^^^^^^^^^^^^^^^^^^^^^^^^^^
  File "/opt/hostedtoolcache/Python/3.11.11/x64/lib/python3.11/site-packages/retry/api.py", line 90, in retry_decorator
    return __retry_internal(partial(f, *args, **kwargs), exceptions, tries, delay, max_delay, backoff, jitter,
           ^^^^^^^^^^^^^^^^^^^^^^^^^^^^^^^^^^^^^^^^^^^^^^^^^^^^^^^^^^^^^^^^^^^^^^^^^^^^^^^^^^^^^^^^^^^^^^^^^^^
  File "/opt/hostedtoolcache/Python/3.11.11/x64/lib/python3.11/site-packages/retry/api.py", line 35, in __retry_internal
    return f()
           ^^^
  File "/home/runner/work/Movie-Time-Server/Movie-Time-Server/main.py", line 71, in unsafe_get_screenings_from_cinema
    screenings = get_screening(year, month, day, s)
                 ^^^^^^^^^^^^^^^^^^^^^^^^^^^^^^^^^^
  File "/home/runner/work/Movie-Time-Server/Movie-Time-Server/cinemas/cinema_city.py", line 148, in get_screenings
    screenings.extend(get_by_location(location, date, ps))
                      ^^^^^^^^^^^^^^^^^^^^^^^^^^^^^^^^^^^
  File "/home/runner/work/Movie-Time-Server/Movie-Time-Server/cinemas/cinema_city.py", line 121, in get_by_location
    res = s.get(url)
          ^^^^^^^^^^
  File "/home/runner/work/Movie-Time-Server/Movie-Time-Server/proxy.py", line 30, in get
    self.driver.get(url)
  File "/opt/hostedtoolcache/Python/3.11.11/x64/lib/python3.11/site-packages/selenium/webdriver/remote/webdriver.py", line 454, in get
    self.execute(Command.GET, {"url": url})
  File "/opt/hostedtoolcache/Python/3.11.11/x64/lib/python3.11/site-packages/selenium/webdriver/remote/webdriver.py", line 427, in execute
    response = self.command_executor.execute(driver_command, params)
               ^^^^^^^^^^^^^^^^^^^^^^^^^^^^^^^^^^^^^^^^^^^^^^^^^^^^^
  File "/opt/hostedtoolcache/Python/3.11.11/x64/lib/python3.11/site-packages/selenium/webdriver/remote/remote_connection.py", line 404, in execute
    return self._request(command_info[0], url, body=data)
           ^^^^^^^^^^^^^^^^^^^^^^^^^^^^^^^^^^^^^^^^^^^^^^
  File "/opt/hostedtoolcache/Python/3.11.11/x64/lib/python3.11/site-packages/selenium/webdriver/remote/remote_connection.py", line 428, in _request
    response = self._conn.request(method, url, body=body, headers=headers, timeout=self._client_config.timeout)
               ^^^^^^^^^^^^^^^^^^^^^^^^^^^^^^^^^^^^^^^^^^^^^^^^^^^^^^^^^^^^^^^^^^^^^^^^^^^^^^^^^^^^^^^^^^^^^^^^
  File "/opt/hostedtoolcache/Python/3.11.11/x64/lib/python3.11/site-packages/urllib3/request.py", line 81, in request
    return self.request_encode_body(
           ^^^^^^^^^^^^^^^^^^^^^^^^^
  File "/opt/hostedtoolcache/Python/3.11.11/x64/lib/python3.11/site-packages/urllib3/request.py", line 173, in request_encode_body
    return self.urlopen(method, url, **extra_kw)
           ^^^^^^^^^^^^^^^^^^^^^^^^^^^^^^^^^^^^^
  File "/opt/hostedtoolcache/Python/3.11.11/x64/lib/python3.11/site-packages/urllib3/poolmanager.py", line 376, in urlopen
    response = conn.urlopen(method, u.request_uri, **kw)
               ^^^^^^^^^^^^^^^^^^^^^^^^^^^^^^^^^^^^^^^^^
  File "/opt/hostedtoolcache/Python/3.11.11/x64/lib/python3.11/site-packages/urllib3/connectionpool.py", line 802, in urlopen
    retries = retries.increment(
              ^^^^^^^^^^^^^^^^^^
  File "/opt/hostedtoolcache/Python/3.11.11/x64/lib/python3.11/site-packages/urllib3/util/retry.py", line 552, in increment
    raise six.reraise(type(error), error, _stacktrace)
          ^^^^^^^^^^^^^^^^^^^^^^^^^^^^^^^^^^^^^^^^^^^^
  File "/opt/hostedtoolcache/Python/3.11.11/x64/lib/python3.11/site-packages/urllib3/packages/six.py", line 770, in reraise
    raise value
  File "/opt/hostedtoolcache/Python/3.11.11/x64/lib/python3.11/site-packages/urllib3/connectionpool.py", line 716, in urlopen
    httplib_response = self._make_request(
                       ^^^^^^^^^^^^^^^^^^^
  File "/opt/hostedtoolcache/Python/3.11.11/x64/lib/python3.11/site-packages/urllib3/connectionpool.py", line 470, in _make_request
    self._raise_timeout(err=e, url=url, timeout_value=read_timeout)
  File "/opt/hostedtoolcache/Python/3.11.11/x64/lib/python3.11/site-packages/urllib3/connectionpool.py", line 358, in _raise_timeout
    raise ReadTimeoutError(
urllib3.exceptions.ReadTimeoutError: HTTPConnectionPool(host='localhost', port=49089): Read timed out. (read timeout=120)
2025-01-21 03:06:18,089 - cinemas.lev - INFO - STARTED LEV
2025-01-21 03:06:48,474 - root - ERROR - lev crashed
Traceback (most recent call last):
  File "/home/runner/work/Movie-Time-Server/Movie-Time-Server/main.py", line 56, in get_screenings_from_cinema
    return unsafe_get_screenings_from_cinema(get_screening, cinema, date, s)
           ^^^^^^^^^^^^^^^^^^^^^^^^^^^^^^^^^^^^^^^^^^^^^^^^^^^^^^^^^^^^^^^^^
  File "/opt/hostedtoolcache/Python/3.11.11/x64/lib/python3.11/site-packages/decorator.py", line 232, in fun
    return caller(func, *(extras + args), **kw)
           ^^^^^^^^^^^^^^^^^^^^^^^^^^^^^^^^^^^^
  File "/opt/hostedtoolcache/Python/3.11.11/x64/lib/python3.11/site-packages/retry/api.py", line 90, in retry_decorator
    return __retry_internal(partial(f, *args, **kwargs), exceptions, tries, delay, max_delay, backoff, jitter,
           ^^^^^^^^^^^^^^^^^^^^^^^^^^^^^^^^^^^^^^^^^^^^^^^^^^^^^^^^^^^^^^^^^^^^^^^^^^^^^^^^^^^^^^^^^^^^^^^^^^^
  File "/opt/hostedtoolcache/Python/3.11.11/x64/lib/python3.11/site-packages/retry/api.py", line 35, in __retry_internal
    return f()
           ^^^
  File "/home/runner/work/Movie-Time-Server/Movie-Time-Server/main.py", line 71, in unsafe_get_screenings_from_cinema
    screenings = get_screening(year, month, day, s)
                 ^^^^^^^^^^^^^^^^^^^^^^^^^^^^^^^^^^
  File "/home/runner/work/Movie-Time-Server/Movie-Time-Server/cinemas/lev.py", line 127, in get_screenings
    with ProxifiedSession(s) as ps:
  File "/home/runner/work/Movie-Time-Server/Movie-Time-Server/proxy.py", line 44, in __enter__
    proxy_info = driver.get("https://wtfismyip.com/json").json()
                 ^^^^^^^^^^^^^^^^^^^^^^^^^^^^^^^^^^^^^^^^^^^^^^^
  File "/home/runner/work/Movie-Time-Server/Movie-Time-Server/proxy.py", line 18, in json
    return json.loads(self.pre)
           ^^^^^^^^^^^^^^^^^^^^
  File "/opt/hostedtoolcache/Python/3.11.11/x64/lib/python3.11/json/__init__.py", line 339, in loads
    raise TypeError(f'the JSON object must be str, bytes or bytearray, '
TypeError: the JSON object must be str, bytes or bytearray, not NoneType
2025-01-21 03:06:48,475 - cinemas.movieland - INFO - STARTED Movie Land
2025-01-21 03:06:48,475 - cinemas.movieland - INFO - STARTED Movie Land CARMIEL
2025-01-21 03:06:48,475 - cinemas.movieland - INFO - DONE Movie Land CARMIEL
2025-01-21 03:06:48,475 - cinemas.movieland - INFO - STARTED Movie Land HAIFA
2025-01-21 03:06:48,475 - cinemas.movieland - INFO - DONE Movie Land HAIFA
2025-01-21 03:06:48,475 - cinemas.movieland - INFO - STARTED Movie Land NATANYA
2025-01-21 03:06:48,475 - cinemas.movieland - INFO - DONE Movie Land NATANYA
2025-01-21 03:06:48,475 - cinemas.movieland - INFO - DONE Movie Land
2025-01-21 03:06:48,475 - retry.api - WARNING - AssertionError: movieland returned empty list in __main__.unsafe_get_screenings_from_cinema, retrying in 1 seconds...
2025-01-21 03:06:49,476 - cinemas.movieland - INFO - STARTED Movie Land
2025-01-21 03:06:49,476 - cinemas.movieland - INFO - STARTED Movie Land CARMIEL
2025-01-21 03:06:49,476 - cinemas.movieland - INFO - DONE Movie Land CARMIEL
2025-01-21 03:06:49,476 - cinemas.movieland - INFO - STARTED Movie Land HAIFA
2025-01-21 03:06:49,476 - cinemas.movieland - INFO - DONE Movie Land HAIFA
2025-01-21 03:06:49,476 - cinemas.movieland - INFO - STARTED Movie Land NATANYA
2025-01-21 03:06:49,476 - cinemas.movieland - INFO - DONE Movie Land NATANYA
2025-01-21 03:06:49,476 - cinemas.movieland - INFO - DONE Movie Land
2025-01-21 03:06:49,476 - retry.api - WARNING - AssertionError: movieland returned empty list in __main__.unsafe_get_screenings_from_cinema, retrying in 2 seconds...
2025-01-21 03:06:51,477 - cinemas.movieland - INFO - STARTED Movie Land
2025-01-21 03:06:51,477 - cinemas.movieland - INFO - STARTED Movie Land CARMIEL
2025-01-21 03:06:51,477 - cinemas.movieland - INFO - DONE Movie Land CARMIEL
2025-01-21 03:06:51,477 - cinemas.movieland - INFO - STARTED Movie Land HAIFA
2025-01-21 03:06:51,477 - cinemas.movieland - INFO - DONE Movie Land HAIFA
2025-01-21 03:06:51,477 - cinemas.movieland - INFO - STARTED Movie Land NATANYA
2025-01-21 03:06:51,477 - cinemas.movieland - INFO - DONE Movie Land NATANYA
2025-01-21 03:06:51,477 - cinemas.movieland - INFO - DONE Movie Land
2025-01-21 03:06:51,477 - root - ERROR - movieland crashed: movieland returned empty list
2025-01-21 03:06:51,477 - root - INFO - ********************
2025-01-21 03:06:51,478 - root - INFO - started checking for:24-01-2025
2025-01-21 03:06:51,478 - cinemas.yes_planet - INFO - STARTED YES PLANET
2025-01-21 03:06:51,478 - cinemas.yes_planet - INFO - STARTED YES PLANET RISHON
2025-01-21 03:06:51,478 - cinemas.yes_planet - INFO - DONE YES PLANET RISHON
2025-01-21 03:06:51,478 - cinemas.yes_planet - INFO - STARTED YES PLANET AYALON
2025-01-21 03:06:51,478 - cinemas.yes_planet - INFO - DONE YES PLANET AYALON
2025-01-21 03:06:51,478 - cinemas.yes_planet - INFO - STARTED YES PLANET ZICHRON
2025-01-21 03:06:51,478 - cinemas.yes_planet - INFO - DONE YES PLANET ZICHRON
2025-01-21 03:06:51,478 - cinemas.yes_planet - INFO - STARTED YES PLANET HAIFA
2025-01-21 03:06:51,478 - cinemas.yes_planet - INFO - DONE YES PLANET HAIFA
2025-01-21 03:06:51,478 - cinemas.yes_planet - INFO - STARTED YES PLANET JERUSALEM
2025-01-21 03:06:51,478 - cinemas.yes_planet - INFO - DONE YES PLANET JERUSALEM
2025-01-21 03:06:51,478 - cinemas.yes_planet - INFO - STARTED YES PLANET BEER_SHEVA
2025-01-21 03:06:51,478 - cinemas.yes_planet - INFO - DONE YES PLANET BEER_SHEVA
2025-01-21 03:06:51,478 - cinemas.yes_planet - INFO - DONE YES PLANET
2025-01-21 03:06:51,478 - cinemas.rav_hen - INFO - STARTED RAV HEN
2025-01-21 03:06:51,478 - cinemas.rav_hen - INFO - STARTED RAV HEN GIVATAIM
2025-01-21 03:06:52,370 - cinemas.rav_hen - INFO - DONE RAV HEN GIVATAIM
2025-01-21 03:06:52,370 - cinemas.rav_hen - INFO - STARTED RAV HEN DIZINGOF
2025-01-21 03:06:53,072 - cinemas.rav_hen - INFO - DONE RAV HEN DIZINGOF
2025-01-21 03:06:53,072 - cinemas.rav_hen - INFO - STARTED RAV HEN MODIIN
2025-01-21 03:06:53,821 - cinemas.rav_hen - INFO - DONE RAV HEN MODIIN
2025-01-21 03:06:53,821 - cinemas.rav_hen - INFO - STARTED RAV HEN KIRYAT_ONO
2025-01-21 03:06:54,479 - cinemas.rav_hen - INFO - DONE RAV HEN KIRYAT_ONO
2025-01-21 03:06:54,479 - cinemas.rav_hen - INFO - DONE RAV HEN
2025-01-21 03:06:54,479 - cinemas.hot_cinema - INFO - STARTED HOT CINEMA
2025-01-21 03:06:54,479 - cinemas.hot_cinema - INFO - STARTED HOT CINEMA MODIIN
2025-01-21 03:06:55,937 - cinemas.hot_cinema - INFO - DONE HOT CINEMA MODIIN
2025-01-21 03:06:55,937 - cinemas.hot_cinema - INFO - STARTED HOT CINEMA KIRYON
2025-01-21 03:06:56,148 - cinemas.hot_cinema - INFO - DONE HOT CINEMA KIRYON
2025-01-21 03:06:56,148 - cinemas.hot_cinema - INFO - STARTED HOT CINEMA KFAR_SABBA
2025-01-21 03:06:56,357 - cinemas.hot_cinema - INFO - DONE HOT CINEMA KFAR_SABBA
2025-01-21 03:06:56,357 - cinemas.hot_cinema - INFO - STARTED HOT CINEMA HAIFA
2025-01-21 03:06:56,566 - cinemas.hot_cinema - INFO - DONE HOT CINEMA HAIFA
2025-01-21 03:06:56,566 - cinemas.hot_cinema - INFO - STARTED HOT CINEMA PETACH_TIKVA
2025-01-21 03:06:56,775 - cinemas.hot_cinema - INFO - DONE HOT CINEMA PETACH_TIKVA
2025-01-21 03:06:56,775 - cinemas.hot_cinema - INFO - STARTED HOT CINEMA RECHOVOT
2025-01-21 03:06:56,983 - cinemas.hot_cinema - INFO - DONE HOT CINEMA RECHOVOT
2025-01-21 03:06:56,983 - cinemas.hot_cinema - INFO - STARTED HOT CINEMA ASHKELON
2025-01-21 03:06:57,192 - cinemas.hot_cinema - INFO - DONE HOT CINEMA ASHKELON
2025-01-21 03:06:57,192 - cinemas.hot_cinema - INFO - STARTED HOT CINEMA KARMIEL
2025-01-21 03:06:57,400 - cinemas.hot_cinema - INFO - DONE HOT CINEMA KARMIEL
2025-01-21 03:06:57,400 - cinemas.hot_cinema - INFO - STARTED HOT CINEMA NAHARIA
2025-01-21 03:06:57,610 - cinemas.hot_cinema - INFO - DONE HOT CINEMA NAHARIA
2025-01-21 03:06:57,611 - cinemas.hot_cinema - INFO - STARTED HOT CINEMA ASHDOD
2025-01-21 03:06:57,819 - cinemas.hot_cinema - INFO - DONE HOT CINEMA ASHDOD
2025-01-21 03:06:57,819 - cinemas.hot_cinema - INFO - DONE HOT CINEMA
2025-01-21 03:06:57,819 - cinemas.cinema_city - INFO - STARTED CINEMA CITY
2025-01-21 03:07:28,190 - root - ERROR - cinema city crashed
Traceback (most recent call last):
  File "/home/runner/work/Movie-Time-Server/Movie-Time-Server/main.py", line 56, in get_screenings_from_cinema
    return unsafe_get_screenings_from_cinema(get_screening, cinema, date, s)
           ^^^^^^^^^^^^^^^^^^^^^^^^^^^^^^^^^^^^^^^^^^^^^^^^^^^^^^^^^^^^^^^^^
  File "/opt/hostedtoolcache/Python/3.11.11/x64/lib/python3.11/site-packages/decorator.py", line 232, in fun
    return caller(func, *(extras + args), **kw)
           ^^^^^^^^^^^^^^^^^^^^^^^^^^^^^^^^^^^^
  File "/opt/hostedtoolcache/Python/3.11.11/x64/lib/python3.11/site-packages/retry/api.py", line 90, in retry_decorator
    return __retry_internal(partial(f, *args, **kwargs), exceptions, tries, delay, max_delay, backoff, jitter,
           ^^^^^^^^^^^^^^^^^^^^^^^^^^^^^^^^^^^^^^^^^^^^^^^^^^^^^^^^^^^^^^^^^^^^^^^^^^^^^^^^^^^^^^^^^^^^^^^^^^^
  File "/opt/hostedtoolcache/Python/3.11.11/x64/lib/python3.11/site-packages/retry/api.py", line 35, in __retry_internal
    return f()
           ^^^
  File "/home/runner/work/Movie-Time-Server/Movie-Time-Server/main.py", line 71, in unsafe_get_screenings_from_cinema
    screenings = get_screening(year, month, day, s)
                 ^^^^^^^^^^^^^^^^^^^^^^^^^^^^^^^^^^
  File "/home/runner/work/Movie-Time-Server/Movie-Time-Server/cinemas/cinema_city.py", line 146, in get_screenings
    with ProxifiedSession(s) as ps:
  File "/home/runner/work/Movie-Time-Server/Movie-Time-Server/proxy.py", line 44, in __enter__
    proxy_info = driver.get("https://wtfismyip.com/json").json()
                 ^^^^^^^^^^^^^^^^^^^^^^^^^^^^^^^^^^^^^^^^^^^^^^^
  File "/home/runner/work/Movie-Time-Server/Movie-Time-Server/proxy.py", line 18, in json
    return json.loads(self.pre)
           ^^^^^^^^^^^^^^^^^^^^
  File "/opt/hostedtoolcache/Python/3.11.11/x64/lib/python3.11/json/__init__.py", line 339, in loads
    raise TypeError(f'the JSON object must be str, bytes or bytearray, '
TypeError: the JSON object must be str, bytes or bytearray, not NoneType
2025-01-21 03:07:28,191 - cinemas.lev - INFO - STARTED LEV
2025-01-21 03:07:58,561 - root - ERROR - lev crashed
Traceback (most recent call last):
  File "/home/runner/work/Movie-Time-Server/Movie-Time-Server/main.py", line 56, in get_screenings_from_cinema
    return unsafe_get_screenings_from_cinema(get_screening, cinema, date, s)
           ^^^^^^^^^^^^^^^^^^^^^^^^^^^^^^^^^^^^^^^^^^^^^^^^^^^^^^^^^^^^^^^^^
  File "/opt/hostedtoolcache/Python/3.11.11/x64/lib/python3.11/site-packages/decorator.py", line 232, in fun
    return caller(func, *(extras + args), **kw)
           ^^^^^^^^^^^^^^^^^^^^^^^^^^^^^^^^^^^^
  File "/opt/hostedtoolcache/Python/3.11.11/x64/lib/python3.11/site-packages/retry/api.py", line 90, in retry_decorator
    return __retry_internal(partial(f, *args, **kwargs), exceptions, tries, delay, max_delay, backoff, jitter,
           ^^^^^^^^^^^^^^^^^^^^^^^^^^^^^^^^^^^^^^^^^^^^^^^^^^^^^^^^^^^^^^^^^^^^^^^^^^^^^^^^^^^^^^^^^^^^^^^^^^^
  File "/opt/hostedtoolcache/Python/3.11.11/x64/lib/python3.11/site-packages/retry/api.py", line 35, in __retry_internal
    return f()
           ^^^
  File "/home/runner/work/Movie-Time-Server/Movie-Time-Server/main.py", line 71, in unsafe_get_screenings_from_cinema
    screenings = get_screening(year, month, day, s)
                 ^^^^^^^^^^^^^^^^^^^^^^^^^^^^^^^^^^
  File "/home/runner/work/Movie-Time-Server/Movie-Time-Server/cinemas/lev.py", line 127, in get_screenings
    with ProxifiedSession(s) as ps:
  File "/home/runner/work/Movie-Time-Server/Movie-Time-Server/proxy.py", line 44, in __enter__
    proxy_info = driver.get("https://wtfismyip.com/json").json()
                 ^^^^^^^^^^^^^^^^^^^^^^^^^^^^^^^^^^^^^^^^^^^^^^^
  File "/home/runner/work/Movie-Time-Server/Movie-Time-Server/proxy.py", line 18, in json
    return json.loads(self.pre)
           ^^^^^^^^^^^^^^^^^^^^
  File "/opt/hostedtoolcache/Python/3.11.11/x64/lib/python3.11/json/__init__.py", line 339, in loads
    raise TypeError(f'the JSON object must be str, bytes or bytearray, '
TypeError: the JSON object must be str, bytes or bytearray, not NoneType
2025-01-21 03:07:58,561 - cinemas.movieland - INFO - STARTED Movie Land
2025-01-21 03:07:58,561 - cinemas.movieland - INFO - STARTED Movie Land CARMIEL
2025-01-21 03:07:58,561 - cinemas.movieland - INFO - DONE Movie Land CARMIEL
2025-01-21 03:07:58,562 - cinemas.movieland - INFO - STARTED Movie Land HAIFA
2025-01-21 03:07:58,562 - cinemas.movieland - INFO - DONE Movie Land HAIFA
2025-01-21 03:07:58,562 - cinemas.movieland - INFO - STARTED Movie Land NATANYA
2025-01-21 03:07:58,562 - cinemas.movieland - INFO - DONE Movie Land NATANYA
2025-01-21 03:07:58,562 - cinemas.movieland - INFO - DONE Movie Land
2025-01-21 03:07:58,562 - retry.api - WARNING - AssertionError: movieland returned empty list in __main__.unsafe_get_screenings_from_cinema, retrying in 1 seconds...
2025-01-21 03:07:59,562 - cinemas.movieland - INFO - STARTED Movie Land
2025-01-21 03:07:59,562 - cinemas.movieland - INFO - STARTED Movie Land CARMIEL
2025-01-21 03:07:59,562 - cinemas.movieland - INFO - DONE Movie Land CARMIEL
2025-01-21 03:07:59,562 - cinemas.movieland - INFO - STARTED Movie Land HAIFA
2025-01-21 03:07:59,563 - cinemas.movieland - INFO - DONE Movie Land HAIFA
2025-01-21 03:07:59,563 - cinemas.movieland - INFO - STARTED Movie Land NATANYA
2025-01-21 03:07:59,563 - cinemas.movieland - INFO - DONE Movie Land NATANYA
2025-01-21 03:07:59,563 - cinemas.movieland - INFO - DONE Movie Land
2025-01-21 03:07:59,563 - retry.api - WARNING - AssertionError: movieland returned empty list in __main__.unsafe_get_screenings_from_cinema, retrying in 2 seconds...
2025-01-21 03:08:01,563 - cinemas.movieland - INFO - STARTED Movie Land
2025-01-21 03:08:01,563 - cinemas.movieland - INFO - STARTED Movie Land CARMIEL
2025-01-21 03:08:01,563 - cinemas.movieland - INFO - DONE Movie Land CARMIEL
2025-01-21 03:08:01,563 - cinemas.movieland - INFO - STARTED Movie Land HAIFA
2025-01-21 03:08:01,564 - cinemas.movieland - INFO - DONE Movie Land HAIFA
2025-01-21 03:08:01,564 - cinemas.movieland - INFO - STARTED Movie Land NATANYA
2025-01-21 03:08:01,564 - cinemas.movieland - INFO - DONE Movie Land NATANYA
2025-01-21 03:08:01,564 - cinemas.movieland - INFO - DONE Movie Land
2025-01-21 03:08:01,564 - root - ERROR - movieland crashed: movieland returned empty list
2025-01-21 03:08:01,564 - root - INFO - ********************
2025-01-21 03:08:01,564 - root - INFO - started checking for:25-01-2025
2025-01-21 03:08:01,564 - cinemas.yes_planet - INFO - STARTED YES PLANET
2025-01-21 03:08:01,564 - cinemas.yes_planet - INFO - STARTED YES PLANET RISHON
2025-01-21 03:08:01,564 - cinemas.yes_planet - INFO - DONE YES PLANET RISHON
2025-01-21 03:08:01,564 - cinemas.yes_planet - INFO - STARTED YES PLANET AYALON
2025-01-21 03:08:01,564 - cinemas.yes_planet - INFO - DONE YES PLANET AYALON
2025-01-21 03:08:01,564 - cinemas.yes_planet - INFO - STARTED YES PLANET ZICHRON
2025-01-21 03:08:01,564 - cinemas.yes_planet - INFO - DONE YES PLANET ZICHRON
2025-01-21 03:08:01,565 - cinemas.yes_planet - INFO - STARTED YES PLANET HAIFA
2025-01-21 03:08:01,565 - cinemas.yes_planet - INFO - DONE YES PLANET HAIFA
2025-01-21 03:08:01,565 - cinemas.yes_planet - INFO - STARTED YES PLANET JERUSALEM
2025-01-21 03:08:01,565 - cinemas.yes_planet - INFO - DONE YES PLANET JERUSALEM
2025-01-21 03:08:01,565 - cinemas.yes_planet - INFO - STARTED YES PLANET BEER_SHEVA
2025-01-21 03:08:01,565 - cinemas.yes_planet - INFO - DONE YES PLANET BEER_SHEVA
2025-01-21 03:08:01,565 - cinemas.yes_planet - INFO - DONE YES PLANET
2025-01-21 03:08:01,565 - cinemas.rav_hen - INFO - STARTED RAV HEN
2025-01-21 03:08:01,565 - cinemas.rav_hen - INFO - STARTED RAV HEN GIVATAIM
2025-01-21 03:08:03,319 - cinemas.rav_hen - INFO - DONE RAV HEN GIVATAIM
2025-01-21 03:08:03,319 - cinemas.rav_hen - INFO - STARTED RAV HEN DIZINGOF
2025-01-21 03:08:04,122 - cinemas.rav_hen - INFO - DONE RAV HEN DIZINGOF
2025-01-21 03:08:04,122 - cinemas.rav_hen - INFO - STARTED RAV HEN MODIIN
2025-01-21 03:08:04,674 - cinemas.rav_hen - INFO - DONE RAV HEN MODIIN
2025-01-21 03:08:04,674 - cinemas.rav_hen - INFO - STARTED RAV HEN KIRYAT_ONO
2025-01-21 03:08:05,413 - cinemas.rav_hen - INFO - DONE RAV HEN KIRYAT_ONO
2025-01-21 03:08:05,414 - cinemas.rav_hen - INFO - DONE RAV HEN
2025-01-21 03:08:05,414 - cinemas.hot_cinema - INFO - STARTED HOT CINEMA
2025-01-21 03:08:05,414 - cinemas.hot_cinema - INFO - STARTED HOT CINEMA MODIIN
2025-01-21 03:08:05,623 - cinemas.hot_cinema - INFO - DONE HOT CINEMA MODIIN
2025-01-21 03:08:05,623 - cinemas.hot_cinema - INFO - STARTED HOT CINEMA KIRYON
2025-01-21 03:08:07,732 - cinemas.hot_cinema - INFO - DONE HOT CINEMA KIRYON
2025-01-21 03:08:07,732 - cinemas.hot_cinema - INFO - STARTED HOT CINEMA KFAR_SABBA
2025-01-21 03:08:08,619 - cinemas.hot_cinema - INFO - DONE HOT CINEMA KFAR_SABBA
2025-01-21 03:08:08,620 - cinemas.hot_cinema - INFO - STARTED HOT CINEMA HAIFA
2025-01-21 03:08:08,829 - cinemas.hot_cinema - INFO - DONE HOT CINEMA HAIFA
2025-01-21 03:08:08,829 - cinemas.hot_cinema - INFO - STARTED HOT CINEMA PETACH_TIKVA
2025-01-21 03:08:09,037 - cinemas.hot_cinema - INFO - DONE HOT CINEMA PETACH_TIKVA
2025-01-21 03:08:09,038 - cinemas.hot_cinema - INFO - STARTED HOT CINEMA RECHOVOT
2025-01-21 03:08:09,248 - cinemas.hot_cinema - INFO - DONE HOT CINEMA RECHOVOT
2025-01-21 03:08:09,248 - cinemas.hot_cinema - INFO - STARTED HOT CINEMA ASHKELON
2025-01-21 03:08:09,458 - cinemas.hot_cinema - INFO - DONE HOT CINEMA ASHKELON
2025-01-21 03:08:09,458 - cinemas.hot_cinema - INFO - STARTED HOT CINEMA KARMIEL
2025-01-21 03:08:09,667 - cinemas.hot_cinema - INFO - DONE HOT CINEMA KARMIEL
2025-01-21 03:08:09,667 - cinemas.hot_cinema - INFO - STARTED HOT CINEMA NAHARIA
2025-01-21 03:08:09,876 - cinemas.hot_cinema - INFO - DONE HOT CINEMA NAHARIA
2025-01-21 03:08:09,876 - cinemas.hot_cinema - INFO - STARTED HOT CINEMA ASHDOD
2025-01-21 03:08:10,086 - cinemas.hot_cinema - INFO - DONE HOT CINEMA ASHDOD
2025-01-21 03:08:10,086 - cinemas.hot_cinema - INFO - DONE HOT CINEMA
2025-01-21 03:08:10,087 - cinemas.cinema_city - INFO - STARTED CINEMA CITY
2025-01-21 03:08:40,473 - root - ERROR - cinema city crashed
Traceback (most recent call last):
  File "/home/runner/work/Movie-Time-Server/Movie-Time-Server/main.py", line 56, in get_screenings_from_cinema
    return unsafe_get_screenings_from_cinema(get_screening, cinema, date, s)
           ^^^^^^^^^^^^^^^^^^^^^^^^^^^^^^^^^^^^^^^^^^^^^^^^^^^^^^^^^^^^^^^^^
  File "/opt/hostedtoolcache/Python/3.11.11/x64/lib/python3.11/site-packages/decorator.py", line 232, in fun
    return caller(func, *(extras + args), **kw)
           ^^^^^^^^^^^^^^^^^^^^^^^^^^^^^^^^^^^^
  File "/opt/hostedtoolcache/Python/3.11.11/x64/lib/python3.11/site-packages/retry/api.py", line 90, in retry_decorator
    return __retry_internal(partial(f, *args, **kwargs), exceptions, tries, delay, max_delay, backoff, jitter,
           ^^^^^^^^^^^^^^^^^^^^^^^^^^^^^^^^^^^^^^^^^^^^^^^^^^^^^^^^^^^^^^^^^^^^^^^^^^^^^^^^^^^^^^^^^^^^^^^^^^^
  File "/opt/hostedtoolcache/Python/3.11.11/x64/lib/python3.11/site-packages/retry/api.py", line 35, in __retry_internal
    return f()
           ^^^
  File "/home/runner/work/Movie-Time-Server/Movie-Time-Server/main.py", line 71, in unsafe_get_screenings_from_cinema
    screenings = get_screening(year, month, day, s)
                 ^^^^^^^^^^^^^^^^^^^^^^^^^^^^^^^^^^
  File "/home/runner/work/Movie-Time-Server/Movie-Time-Server/cinemas/cinema_city.py", line 146, in get_screenings
    with ProxifiedSession(s) as ps:
  File "/home/runner/work/Movie-Time-Server/Movie-Time-Server/proxy.py", line 44, in __enter__
    proxy_info = driver.get("https://wtfismyip.com/json").json()
                 ^^^^^^^^^^^^^^^^^^^^^^^^^^^^^^^^^^^^^^^^^^^^^^^
  File "/home/runner/work/Movie-Time-Server/Movie-Time-Server/proxy.py", line 18, in json
    return json.loads(self.pre)
           ^^^^^^^^^^^^^^^^^^^^
  File "/opt/hostedtoolcache/Python/3.11.11/x64/lib/python3.11/json/__init__.py", line 339, in loads
    raise TypeError(f'the JSON object must be str, bytes or bytearray, '
TypeError: the JSON object must be str, bytes or bytearray, not NoneType
2025-01-21 03:08:40,474 - cinemas.lev - INFO - STARTED LEV
2025-01-21 03:09:10,868 - root - ERROR - lev crashed
Traceback (most recent call last):
  File "/home/runner/work/Movie-Time-Server/Movie-Time-Server/main.py", line 56, in get_screenings_from_cinema
    return unsafe_get_screenings_from_cinema(get_screening, cinema, date, s)
           ^^^^^^^^^^^^^^^^^^^^^^^^^^^^^^^^^^^^^^^^^^^^^^^^^^^^^^^^^^^^^^^^^
  File "/opt/hostedtoolcache/Python/3.11.11/x64/lib/python3.11/site-packages/decorator.py", line 232, in fun
    return caller(func, *(extras + args), **kw)
           ^^^^^^^^^^^^^^^^^^^^^^^^^^^^^^^^^^^^
  File "/opt/hostedtoolcache/Python/3.11.11/x64/lib/python3.11/site-packages/retry/api.py", line 90, in retry_decorator
    return __retry_internal(partial(f, *args, **kwargs), exceptions, tries, delay, max_delay, backoff, jitter,
           ^^^^^^^^^^^^^^^^^^^^^^^^^^^^^^^^^^^^^^^^^^^^^^^^^^^^^^^^^^^^^^^^^^^^^^^^^^^^^^^^^^^^^^^^^^^^^^^^^^^
  File "/opt/hostedtoolcache/Python/3.11.11/x64/lib/python3.11/site-packages/retry/api.py", line 35, in __retry_internal
    return f()
           ^^^
  File "/home/runner/work/Movie-Time-Server/Movie-Time-Server/main.py", line 71, in unsafe_get_screenings_from_cinema
    screenings = get_screening(year, month, day, s)
                 ^^^^^^^^^^^^^^^^^^^^^^^^^^^^^^^^^^
  File "/home/runner/work/Movie-Time-Server/Movie-Time-Server/cinemas/lev.py", line 127, in get_screenings
    with ProxifiedSession(s) as ps:
  File "/home/runner/work/Movie-Time-Server/Movie-Time-Server/proxy.py", line 44, in __enter__
    proxy_info = driver.get("https://wtfismyip.com/json").json()
                 ^^^^^^^^^^^^^^^^^^^^^^^^^^^^^^^^^^^^^^^^^^^^^^^
  File "/home/runner/work/Movie-Time-Server/Movie-Time-Server/proxy.py", line 18, in json
    return json.loads(self.pre)
           ^^^^^^^^^^^^^^^^^^^^
  File "/opt/hostedtoolcache/Python/3.11.11/x64/lib/python3.11/json/__init__.py", line 339, in loads
    raise TypeError(f'the JSON object must be str, bytes or bytearray, '
TypeError: the JSON object must be str, bytes or bytearray, not NoneType
2025-01-21 03:09:10,869 - cinemas.movieland - INFO - STARTED Movie Land
2025-01-21 03:09:10,869 - cinemas.movieland - INFO - STARTED Movie Land CARMIEL
2025-01-21 03:09:10,869 - cinemas.movieland - INFO - DONE Movie Land CARMIEL
2025-01-21 03:09:10,869 - cinemas.movieland - INFO - STARTED Movie Land HAIFA
2025-01-21 03:09:10,869 - cinemas.movieland - INFO - DONE Movie Land HAIFA
2025-01-21 03:09:10,869 - cinemas.movieland - INFO - STARTED Movie Land NATANYA
2025-01-21 03:09:10,869 - cinemas.movieland - INFO - DONE Movie Land NATANYA
2025-01-21 03:09:10,869 - cinemas.movieland - INFO - DONE Movie Land
2025-01-21 03:09:10,870 - retry.api - WARNING - AssertionError: movieland returned empty list in __main__.unsafe_get_screenings_from_cinema, retrying in 1 seconds...
2025-01-21 03:09:11,870 - cinemas.movieland - INFO - STARTED Movie Land
2025-01-21 03:09:11,870 - cinemas.movieland - INFO - STARTED Movie Land CARMIEL
2025-01-21 03:09:11,870 - cinemas.movieland - INFO - DONE Movie Land CARMIEL
2025-01-21 03:09:11,870 - cinemas.movieland - INFO - STARTED Movie Land HAIFA
2025-01-21 03:09:11,870 - cinemas.movieland - INFO - DONE Movie Land HAIFA
2025-01-21 03:09:11,870 - cinemas.movieland - INFO - STARTED Movie Land NATANYA
2025-01-21 03:09:11,870 - cinemas.movieland - INFO - DONE Movie Land NATANYA
2025-01-21 03:09:11,870 - cinemas.movieland - INFO - DONE Movie Land
2025-01-21 03:09:11,871 - retry.api - WARNING - AssertionError: movieland returned empty list in __main__.unsafe_get_screenings_from_cinema, retrying in 2 seconds...
2025-01-21 03:09:13,871 - cinemas.movieland - INFO - STARTED Movie Land
2025-01-21 03:09:13,871 - cinemas.movieland - INFO - STARTED Movie Land CARMIEL
2025-01-21 03:09:13,871 - cinemas.movieland - INFO - DONE Movie Land CARMIEL
2025-01-21 03:09:13,871 - cinemas.movieland - INFO - STARTED Movie Land HAIFA
2025-01-21 03:09:13,871 - cinemas.movieland - INFO - DONE Movie Land HAIFA
2025-01-21 03:09:13,871 - cinemas.movieland - INFO - STARTED Movie Land NATANYA
2025-01-21 03:09:13,871 - cinemas.movieland - INFO - DONE Movie Land NATANYA
2025-01-21 03:09:13,872 - cinemas.movieland - INFO - DONE Movie Land
2025-01-21 03:09:13,872 - root - ERROR - movieland crashed: movieland returned empty list
2025-01-21 03:09:15,377 - seret.movie_info_fetchers.composite - INFO - Got info for קרייבן הצייד using ElasticMovieInfoFetcher
2025-01-21 03:09:16,523 - seret.movie_info_fetchers.composite - INFO - Got info for Kraven the Hunter using ElasticMovieInfoFetcher
2025-01-21 03:09:18,304 - seret.movie_info_fetchers.composite - INFO - Got info for מלון פאלאס using ElasticMovieInfoFetcher
2025-01-21 03:09:19,228 - seret.movie_info_fetchers.composite - INFO - Got info for The Palace using ElasticMovieInfoFetcher
2025-01-21 03:09:21,417 - seret.movie_info_fetchers.composite - INFO - Got info for חדר הפלאות using ElasticMovieInfoFetcher
2025-01-21 03:09:21,444 - seret.movie_info_fetchers.composite - INFO - Got info for The Book of Wonders using ElasticMovieInfoFetcher
2025-01-21 03:09:22,758 - seret.movie_info_fetchers.composite - INFO - Got info for הצמה using ElasticMovieInfoFetcher
2025-01-21 03:09:23,937 - seret.movie_info_fetchers.composite - INFO - Got info for The Braid using ElasticMovieInfoFetcher
2025-01-21 03:09:23,948 - seret.movie_info_fetchers.composite - INFO - Got info for מרשעת - סינג אלונג using ElasticMovieInfoFetcher
2025-01-21 03:09:25,583 - imdb_api - ERROR - id='tt19847976', movie='Wicked: Part Two'
Traceback (most recent call last):
  File "/home/runner/work/Movie-Time-Server/Movie-Time-Server/seret/movie_raters/imdb_api.py", line 67, in get_imdb_rating
    return info["aggregateRating"]['ratingValue']
           ~~~~^^^^^^^^^^^^^^^^^^^
KeyError: 'aggregateRating'
2025-01-21 03:09:25,583 - seret.movie_raters.composite - WARNING - Failed to get rating for Wicked: Part Two
2025-01-21 03:09:25,880 - seret.movie_raters.composite - WARNING - Failed to get rating for מרשעת: חלק 2
2025-01-21 03:09:25,880 - seret.movie_info_fetchers.composite - INFO - Got info for Wicked: Part 1 - Sing Along using ElasticMovieInfoFetcher
2025-01-21 03:09:25,881 - seret.info_fetcher - ERROR - Failed to get info for Wicked: Part 1 - Sing Along and מרשעת - סינג אלונג
2025-01-21 03:09:25,889 - seret.movie_info_fetchers.composite - INFO - Got info for מרשעת using ElasticMovieInfoFetcher
2025-01-21 03:09:26,583 - imdb_api - ERROR - id='tt19847976', movie='Wicked: Part Two'
Traceback (most recent call last):
  File "/home/runner/work/Movie-Time-Server/Movie-Time-Server/seret/movie_raters/imdb_api.py", line 67, in get_imdb_rating
    return info["aggregateRating"]['ratingValue']
           ~~~~^^^^^^^^^^^^^^^^^^^
KeyError: 'aggregateRating'
2025-01-21 03:09:26,584 - seret.movie_raters.composite - WARNING - Failed to get rating for Wicked: Part Two
2025-01-21 03:09:26,592 - seret.movie_raters.composite - WARNING - Failed to get rating for מרשעת: חלק 2
2025-01-21 03:09:26,592 - seret.movie_info_fetchers.composite - INFO - Got info for Wicked: Part 1 using ElasticMovieInfoFetcher
2025-01-21 03:09:28,203 - seret.movie_info_fetchers.composite - INFO - Got info for מופאסה: מלך האריות using ElasticMovieInfoFetcher
2025-01-21 03:09:29,827 - seret.movie_info_fetchers.composite - INFO - Got info for Mufasa: The Lion King using ElasticMovieInfoFetcher
2025-01-21 03:09:31,622 - seret.movie_info_fetchers.composite - INFO - Got info for סודה using ElasticMovieInfoFetcher
2025-01-21 03:09:32,618 - seret.movie_info_fetchers.composite - INFO - Got info for Soda using ElasticMovieInfoFetcher
2025-01-21 03:09:33,710 - seret.movie_info_fetchers.composite - INFO - Got info for מואנה 2 using ElasticMovieInfoFetcher
2025-01-21 03:09:34,906 - seret.movie_info_fetchers.composite - INFO - Got info for Moana 2 using ElasticMovieInfoFetcher
2025-01-21 03:09:34,915 - seret.movie_info_fetchers.composite - INFO - Got info for נוספרטו using ElasticMovieInfoFetcher
2025-01-21 03:09:36,078 - seret.movie_info_fetchers.composite - INFO - Got info for Nosferatu using ElasticMovieInfoFetcher
2025-01-21 03:09:37,427 - seret.movie_info_fetchers.composite - INFO - Got info for גלדיאטור II using ElasticMovieInfoFetcher
2025-01-21 03:09:38,488 - seret.movie_info_fetchers.composite - INFO - Got info for Gladiator II using ElasticMovieInfoFetcher
2025-01-21 03:09:39,714 - seret.movie_info_fetchers.composite - INFO - Got info for איש זאב using ElasticMovieInfoFetcher
2025-01-21 03:09:40,803 - seret.movie_info_fetchers.composite - INFO - Got info for Wolf Man using ElasticMovieInfoFetcher
2025-01-21 03:09:40,811 - seret.movie_info_fetchers.composite - INFO - Got info for הטבעת using ElasticMovieInfoFetcher
2025-01-21 03:09:40,820 - seret.movie_info_fetchers.composite - INFO - Got info for The Ring using ElasticMovieInfoFetcher
2025-01-21 03:09:40,820 - seret.info_fetcher - ERROR - Failed to get info for The Ring and הטבעת
2025-01-21 03:09:42,406 - seret.movie_info_fetchers.composite - INFO - Got info for סוניק 3 using ElasticMovieInfoFetcher
2025-01-21 03:09:43,492 - seret.movie_info_fetchers.composite - INFO - Got info for Sonic the Hedgehog 3 using ElasticMovieInfoFetcher
2025-01-21 03:09:46,033 - seret.movie_info_fetchers.composite - INFO - Got info for הממלכה של קנסקי using ElasticMovieInfoFetcher
2025-01-21 03:09:47,021 - seret.movie_info_fetchers.composite - INFO - Got info for Kensuke’s Kingdom using ElasticMovieInfoFetcher
2025-01-21 03:09:48,898 - seret.movie_info_fetchers.composite - INFO - Got info for BETTER MAN: סיפורו של רובי וויליאמס using ElasticMovieInfoFetcher
2025-01-21 03:09:50,957 - seret.movie_info_fetchers.composite - INFO - Got info for Better Man using ElasticMovieInfoFetcher
2025-01-21 03:09:52,530 - seret.movie_info_fetchers.composite - INFO - Got info for סופר/מן: סיפור של כריסטופר ריב using ElasticMovieInfoFetcher
2025-01-21 03:09:53,339 - seret.movie_info_fetchers.composite - INFO - Got info for Super/Man: The Christopher Reeve Story using ElasticMovieInfoFetcher
2025-01-21 03:09:54,506 - seret.movie_info_fetchers.composite - INFO - Got info for כאב אמיתי using ElasticMovieInfoFetcher
2025-01-21 03:09:56,106 - seret.movie_info_fetchers.composite - INFO - Got info for Real Pain using ElasticMovieInfoFetcher
2025-01-21 03:09:57,416 - seret.movie_info_fetchers.composite - INFO - Got info for לוחמות ללא גבול using ElasticMovieInfoFetcher
2025-01-21 03:09:58,264 - seret.movie_info_fetchers.composite - INFO - Got info for Dirty Angels using ElasticMovieInfoFetcher
2025-01-21 03:09:59,864 - seret.movie_info_fetchers.composite - INFO - Got info for 9 קליעים using ElasticMovieInfoFetcher
2025-01-21 03:10:02,326 - seret.movie_info_fetchers.composite - INFO - Got info for Nine Bullets using ElasticMovieInfoFetcher
2025-01-21 03:10:03,417 - seret.movie_info_fetchers.composite - INFO - Got info for בייביגירל using ElasticMovieInfoFetcher
2025-01-21 03:10:04,510 - seret.movie_info_fetchers.composite - INFO - Got info for Babygirl using ElasticMovieInfoFetcher
2025-01-21 03:10:06,576 - seret.movie_info_fetchers.composite - INFO - Got info for מאורת הגנבים: פנטרה using ElasticMovieInfoFetcher
2025-01-21 03:10:08,030 - seret.movie_info_fetchers.composite - INFO - Got info for Den of Thieves 2: Pantera using ElasticMovieInfoFetcher
2025-01-21 03:10:08,037 - seret.movie_info_fetchers.composite - INFO - Got info for המסדר using ElasticMovieInfoFetcher
2025-01-21 03:10:08,044 - seret.movie_info_fetchers.composite - INFO - Got info for The Order using ElasticMovieInfoFetcher
2025-01-21 03:10:08,045 - seret.info_fetcher - ERROR - Failed to get info for The Order and המסדר
2025-01-21 03:10:10,381 - seret.movie_info_fetchers.composite - INFO - Got info for דברים קטנים כאלה using ElasticMovieInfoFetcher
2025-01-21 03:10:11,300 - seret.movie_info_fetchers.composite - INFO - Got info for Small Things Like These using ElasticMovieInfoFetcher
2025-01-21 03:10:13,211 - seret.movie_info_fetchers.composite - INFO - Got info for הסיפור של סולימן using ElasticMovieInfoFetcher
2025-01-21 03:10:14,317 - seret.movie_info_fetchers.composite - INFO - Got info for The Story of Souleymane using ElasticMovieInfoFetcher
2025-01-21 03:10:16,917 - seret.movie_info_fetchers.composite - INFO - Got info for מכתבי אהבה מהריביירה using ElasticMovieInfoFetcher
2025-01-21 03:10:17,744 - seret.movie_info_fetchers.composite - INFO - Got info for Riviera Revenge using ElasticMovieInfoFetcher
2025-01-21 03:10:17,752 - seret.movie_info_fetchers.composite - INFO - Got info for יופי מסוכן using ElasticMovieInfoFetcher
2025-01-21 03:10:18,691 - seret.movie_info_fetchers.composite - INFO - Got info for The Substance using ElasticMovieInfoFetcher
2025-01-21 03:10:19,929 - seret.movie_info_fetchers.composite - INFO - Got info for אנורה using ElasticMovieInfoFetcher
2025-01-21 03:10:20,815 - seret.movie_info_fetchers.composite - INFO - Got info for Anora using ElasticMovieInfoFetcher
2025-01-21 03:10:21,819 - seret.movie_info_fetchers.composite - INFO - Got info for החדר הסמוך using ElasticMovieInfoFetcher
2025-01-21 03:10:22,893 - seret.movie_info_fetchers.composite - INFO - Got info for The Room Next Door using ElasticMovieInfoFetcher
2025-01-21 03:10:24,842 - seret.movie_info_fetchers.composite - INFO - Got info for יהלום פרוע using ElasticMovieInfoFetcher
2025-01-21 03:10:25,674 - seret.movie_info_fetchers.composite - INFO - Got info for Wild Diamond using ElasticMovieInfoFetcher
2025-01-21 03:10:27,331 - seret.movie_info_fetchers.composite - INFO - Got info for ונום: הריקוד האחרון using ElasticMovieInfoFetcher
2025-01-21 03:10:28,212 - seret.movie_info_fetchers.composite - INFO - Got info for Venom: The Last Dance using ElasticMovieInfoFetcher
2025-01-21 03:10:30,413 - seret.movie_info_fetchers.composite - INFO - Got info for היורש using ElasticMovieInfoFetcher
2025-01-21 03:10:31,392 - seret.movie_info_fetchers.composite - INFO - Got info for The successor using ElasticMovieInfoFetcher
2025-01-21 03:10:33,310 - seret.movie_info_fetchers.composite - INFO - Got info for הנכס using ElasticMovieInfoFetcher
2025-01-21 03:10:34,151 - seret.movie_info_fetchers.composite - INFO - Got info for The Property using ElasticMovieInfoFetcher
2025-01-21 03:10:36,346 - seret.movie_info_fetchers.composite - INFO - Got info for במשפחות הכי טובות using ElasticMovieInfoFetcher
2025-01-21 03:10:37,219 - seret.movie_info_fetchers.composite - INFO - Got info for Cocorico using ElasticMovieInfoFetcher
2025-01-21 03:10:37,560 - seret.movie_raters.composite - WARNING - Failed to get rating for 200 percent Wolf
2025-01-21 03:10:37,766 - seret.movie_raters.composite - WARNING - Failed to get rating for 200% זאב
2025-01-21 03:10:37,766 - seret.movie_info_fetchers.composite - INFO - Got info for 200% זאב using ElasticMovieInfoFetcher
2025-01-21 03:10:39,357 - seret.movie_info_fetchers.composite - INFO - Got info for 200% Wolf using ElasticMovieInfoFetcher
2025-01-21 03:10:41,379 - seret.movie_info_fetchers.composite - INFO - Got info for והחגיגה נמשכת using ElasticMovieInfoFetcher
2025-01-21 03:10:43,128 - seret.movie_info_fetchers.composite - INFO - Got info for and the party goes on using ElasticMovieInfoFetcher
2025-01-21 03:10:44,815 - seret.movie_info_fetchers.composite - INFO - Got info for אמיליה פרז using ElasticMovieInfoFetcher
2025-01-21 03:10:45,599 - seret.movie_info_fetchers.composite - INFO - Got info for EMILIA PEREZ using ElasticMovieInfoFetcher
2025-01-21 03:10:46,998 - seret.movie_info_fetchers.composite - INFO - Got info for גלדיאטור 2 using ElasticMovieInfoFetcher
2025-01-21 03:10:48,488 - seret.movie_info_fetchers.composite - INFO - Got info for Gladiator II using ElasticMovieInfoFetcher
2025-01-21 03:10:48,495 - seret.movie_info_fetchers.composite - INFO - Got info for the ring using ElasticMovieInfoFetcher
2025-01-21 03:10:49,417 - seret.movie_info_fetchers.composite - INFO - Got info for הממלכה של קונסקי using ElasticMovieInfoFetcher
2025-01-21 03:10:50,399 - seret.movie_info_fetchers.composite - INFO - Got info for KENSUKE'S KINGDOM using ElasticMovieInfoFetcher
2025-01-21 03:10:51,344 - seret.movie_info_fetchers.composite - INFO - Got info for the property using ElasticMovieInfoFetcher
2025-01-21 03:10:52,193 - seret.movie_info_fetchers.composite - INFO - Got info for La Chambre des merveilles using ElasticMovieInfoFetcher
2025-01-21 03:10:53,691 - seret.movie_info_fetchers.composite - INFO - Got info for Her Secret using ElasticMovieInfoFetcher
2025-01-21 03:10:54,714 - seret.movie_info_fetchers.composite - INFO - Got info for Sonic 3 using ElasticMovieInfoFetcher
2025-01-21 03:10:56,021 - seret.movie_info_fetchers.composite - INFO - Got info for סיפורו של כריסטופר ריב Super Man using ElasticMovieInfoFetcher
2025-01-21 03:10:56,849 - seret.movie_info_fetchers.composite - INFO - Got info for Super Man: The Christopher Reeve Story using ElasticMovieInfoFetcher
2025-01-21 03:10:58,596 - seret.movie_info_fetchers.composite - INFO - Got info for BETTER MAN using ElasticMovieInfoFetcher
2025-01-21 03:10:59,474 - seret.movie_info_fetchers.composite - INFO - Got info for The SUBSTANCE using ElasticMovieInfoFetcher
2025-01-21 03:11:00,827 - seret.movie_info_fetchers.composite - INFO - Got info for Den of Thieves: Pantera using ElasticMovieInfoFetcher
2025-01-21 03:11:02,241 - seret.movie_info_fetchers.composite - INFO - Got info for מבעד לעדשה using ElasticMovieInfoFetcher
2025-01-21 03:11:03,322 - seret.movie_info_fetchers.composite - INFO - Got info for LEE using ElasticMovieInfoFetcher
2025-01-21 03:11:03,328 - seret.movie_info_fetchers.composite - INFO - Got info for Wicked using ElasticMovieInfoFetcher
2025-01-21 03:11:03,328 - seret.info_fetcher - ERROR - Failed to get info for Wicked and מרשעת
2025-01-21 03:11:05,019 - seret.movie_info_fetchers.composite - INFO - Got info for I Was There using ElasticMovieInfoFetcher
2025-01-21 03:11:05,823 - seret.movie_info_fetchers.composite - INFO - Got info for The Successor using ElasticMovieInfoFetcher
2025-01-21 03:11:05,830 - seret.movie_info_fetchers.composite - INFO - Got info for טיפול זוגי using ElasticMovieInfoFetcher
2025-01-21 03:11:07,954 - seret.movie_info_fetchers.composite - INFO - Got info for Under Therapy using ElasticMovieInfoFetcher
2025-01-21 03:11:08,822 - seret.movie_info_fetchers.composite - INFO - Got info for סיפורו של כריסטופר ריב using ElasticMovieInfoFetcher
2025-01-21 03:11:10,516 - seret.movie_info_fetchers.composite - INFO - Got info for Super using ElasticMovieInfoFetcher
2025-01-21 03:11:12,535 - seret.movie_info_fetchers.composite - INFO - Got info for בחורים טובים 2 using ElasticMovieInfoFetcher
2025-01-21 03:11:14,788 - seret.movie_info_fetchers.composite - INFO - Got info for Gladiator 2 using ElasticMovieInfoFetcher
2025-01-21 03:11:15,949 - seret.movie_info_fetchers.composite - INFO - Got info for 9 Bullets using ElasticMovieInfoFetcher
2025-01-21 03:11:18,071 - seret.movie_info_fetchers.composite - INFO - Got info for ארוגם ביי using ElasticMovieInfoFetcher
2025-01-21 03:11:19,757 - seret.movie_info_fetchers.composite - INFO - Got info for פו הדוב – דם ודבש 2 using ElasticMovieInfoFetcher
2025-01-21 03:11:19,768 - seret.movie_info_fetchers.composite - INFO - Got info for Winnie the Pooh – Blood and Honey 2 using ElasticMovieInfoFetcher
2025-01-21 03:11:20,961 - seret.movie_info_fetchers.composite - INFO - Got info for קוויר using ElasticMovieInfoFetcher
2025-01-21 03:11:21,793 - seret.movie_info_fetchers.composite - INFO - Got info for Queer using ElasticMovieInfoFetcher
2025-01-21 03:11:23,835 - seret.movie_info_fetchers.composite - INFO - Got info for הממזר using ElasticMovieInfoFetcher
2025-01-21 03:11:23,846 - seret.movie_info_fetchers.composite - INFO - Got info for The Promised Land using ElasticMovieInfoFetcher
2025-01-21 03:11:24,763 - seret.movie_info_fetchers.composite - INFO - Got info for Emilia Perez using ElasticMovieInfoFetcher
2025-01-21 03:11:26,038 - seret.movie_info_fetchers.composite - INFO - Got info for Super/Man: סיפורו של כריסטופר ריב using ElasticMovieInfoFetcher
2025-01-21 03:11:26,872 - seret.movie_info_fetchers.composite - INFO - Got info for Super/Man: The Christopher Reeve Story using ElasticMovieInfoFetcher
2025-01-21 03:11:27,774 - seret.movie_info_fetchers.composite - INFO - Got info for סוניק 3 הסרט using ElasticMovieInfoFetcher
2025-01-21 03:11:28,678 - seret.movie_info_fetchers.composite - INFO - Got info for Sonic the Hedgehog 3 using ElasticMovieInfoFetcher
2025-01-21 03:11:28,684 - seret.movie_info_fetchers.composite - INFO - Got info for NOSTERATU using ElasticMovieInfoFetcher
2025-01-21 03:11:29,723 - seret.movie_info_fetchers.composite - INFO - Got info for A Real Pain using ElasticMovieInfoFetcher
2025-01-21 03:11:30,564 - seret.movie_info_fetchers.composite - INFO - Got info for Better Man - סיפורו של רובי וויליאמס using ElasticMovieInfoFetcher
2025-01-21 03:11:31,673 - seret.movie_info_fetchers.composite - INFO - Got info for Better Man using ElasticMovieInfoFetcher
2025-01-21 03:11:33,249 - seret.movie_info_fetchers.composite - INFO - Got info for מבצע סנטה using ElasticMovieInfoFetcher
2025-01-21 03:11:34,108 - seret.movie_info_fetchers.composite - INFO - Got info for Red One using ElasticMovieInfoFetcher
2025-01-21 03:11:34,921 - seret.movie_info_fetchers.composite - INFO - Got info for Lee using ElasticMovieInfoFetcher
2025-01-21 03:11:36,791 - seret.movie_info_fetchers.composite - INFO - Got info for פנדה באפריקה using ElasticMovieInfoFetcher
2025-01-21 03:11:37,917 - seret.movie_info_fetchers.composite - INFO - Got info for Panda Bear in Africa using ElasticMovieInfoFetcher
2025-01-21 03:11:37,939 - seret.movie_info_fetchers.composite - INFO - Got info for OVERLORD:The Sacred Kingdom using ElasticMovieInfoFetcher
2025-01-21 03:11:37,939 - seret.info_fetcher - ERROR - Failed to get info for None and OVERLORD:The Sacred Kingdom
2025-01-21 03:11:38,909 - seret.movie_info_fetchers.composite - INFO - Got info for רוז הרובוטית using ElasticMovieInfoFetcher
2025-01-21 03:11:39,955 - seret.movie_info_fetchers.composite - INFO - Got info for The Wild Robot using ElasticMovieInfoFetcher
2025-01-21 03:11:39,963 - seret.movie_info_fetchers.composite - INFO - Got info for  קוזיה DOMOVIONOK KUZYA ДОМОВЁНОК КУЗЯ רוסית using ElasticMovieInfoFetcher
2025-01-21 03:11:39,973 - seret.movie_info_fetchers.composite - INFO - Got info for DOMOVIONOK KUZYA using ElasticMovieInfoFetcher
2025-01-21 03:11:39,973 - seret.info_fetcher - ERROR - Failed to get info for DOMOVIONOK KUZYA and  קוזיה DOMOVIONOK KUZYA ДОМОВЁНОК КУЗЯ רוסית
2025-01-21 03:11:39,979 - seret.movie_info_fetchers.composite - INFO - Got info for  using ElasticMovieInfoFetcher
2025-01-21 03:11:39,979 - seret.info_fetcher - ERROR - Failed to get info for  and 
2025-01-21 03:11:39,997 - seret.movie_raters.composite - WARNING - Failed to get rating for 200 percent Wolf
2025-01-21 03:11:40,004 - seret.movie_raters.composite - WARNING - Failed to get rating for 200% זאב
2025-01-21 03:11:40,004 - seret.movie_info_fetchers.composite - INFO - Got info for 200 זאב using ElasticMovieInfoFetcher
2025-01-21 03:11:40,876 - seret.movie_info_fetchers.composite - INFO - Got info for 200 Wolf using ElasticMovieInfoFetcher
2025-01-21 03:11:42,734 - seret.movie_info_fetchers.composite - INFO - Got info for אישה יפה using ElasticMovieInfoFetcher
2025-01-21 03:11:43,749 - seret.movie_info_fetchers.composite - INFO - Got info for Pretty Woman using ElasticMovieInfoFetcher
2025-01-21 03:11:44,262 - seret.movie_raters.composite - WARNING - Failed to get rating for Arieh
2025-01-21 03:11:44,469 - seret.movie_raters.composite - WARNING - Failed to get rating for אריה
2025-01-21 03:11:44,470 - seret.movie_info_fetchers.composite - INFO - Got info for שעת סיפור: אריה הספריה using ElasticMovieInfoFetcher
2025-01-21 03:11:46,365 - seret.movie_info_fetchers.composite - INFO - Got info for איך לשגע את אבא ב-10 ימים using ElasticMovieInfoFetcher
2025-01-21 03:11:48,226 - seret.movie_info_fetchers.composite - INFO - Got info for How to Survive Without Mom using ElasticMovieInfoFetcher
2025-01-21 03:11:48,238 - seret.movie_raters.composite - WARNING - Failed to get rating for 200 percent Wolf
2025-01-21 03:11:48,243 - seret.movie_raters.composite - WARNING - Failed to get rating for 200% זאב
2025-01-21 03:11:48,243 - seret.movie_info_fetchers.composite - INFO - Got info for סינמה קידס נתניה - 200% זאב using ElasticMovieInfoFetcher
2025-01-21 03:11:49,263 - seret.movie_info_fetchers.composite - INFO - Got info for 200% Wolf using ElasticMovieInfoFetcher
2025-01-21 03:11:50,447 - seret.movie_info_fetchers.composite - INFO - Got info for סופר/מן: סיפורו של כריסטופר ריב using ElasticMovieInfoFetcher
2025-01-21 03:11:51,291 - seret.movie_info_fetchers.composite - INFO - Got info for Super/Man: The Christopher Reeve Story using ElasticMovieInfoFetcher
2025-01-21 03:11:52,146 - seret.movie_info_fetchers.composite - INFO - Got info for Sonic 3 Dubbed using ElasticMovieInfoFetcher
2025-01-21 03:11:52,242 - imdb_api - ERROR - id=None, movie='The Jewish Nazi?'
Traceback (most recent call last):
  File "/opt/hostedtoolcache/Python/3.11.11/x64/lib/python3.11/site-packages/requests/models.py", line 974, in json
    return complexjson.loads(self.text, **kwargs)
           ^^^^^^^^^^^^^^^^^^^^^^^^^^^^^^^^^^^^^^
  File "/opt/hostedtoolcache/Python/3.11.11/x64/lib/python3.11/json/__init__.py", line 346, in loads
    return _default_decoder.decode(s)
           ^^^^^^^^^^^^^^^^^^^^^^^^^^
  File "/opt/hostedtoolcache/Python/3.11.11/x64/lib/python3.11/json/decoder.py", line 337, in decode
    obj, end = self.raw_decode(s, idx=_w(s, 0).end())
               ^^^^^^^^^^^^^^^^^^^^^^^^^^^^^^^^^^^^^^
  File "/opt/hostedtoolcache/Python/3.11.11/x64/lib/python3.11/json/decoder.py", line 355, in raw_decode
    raise JSONDecodeError("Expecting value", s, err.value) from None
json.decoder.JSONDecodeError: Expecting value: line 1 column 1 (char 0)

During handling of the above exception, another exception occurred:

Traceback (most recent call last):
  File "/home/runner/work/Movie-Time-Server/Movie-Time-Server/seret/movie_raters/imdb_api.py", line 63, in get_imdb_rating
    id = get_title_id(session, movie, year)
         ^^^^^^^^^^^^^^^^^^^^^^^^^^^^^^^^^^
  File "/home/runner/work/Movie-Time-Server/Movie-Time-Server/seret/movie_raters/imdb_api.py", line 24, in get_title_id
    results = response.json()[IMDB_API_DATA]
              ^^^^^^^^^^^^^^^
  File "/opt/hostedtoolcache/Python/3.11.11/x64/lib/python3.11/site-packages/requests/models.py", line 978, in json
    raise RequestsJSONDecodeError(e.msg, e.doc, e.pos)
requests.exceptions.JSONDecodeError: Expecting value: line 1 column 1 (char 0)
2025-01-21 03:11:52,260 - seret.movie_raters.composite - WARNING - Failed to get rating for The Jewish Nazi?
2025-01-21 03:11:52,355 - imdb_api - ERROR - id=None, movie='הנאצי היהודי?'
Traceback (most recent call last):
  File "/opt/hostedtoolcache/Python/3.11.11/x64/lib/python3.11/site-packages/requests/models.py", line 974, in json
    return complexjson.loads(self.text, **kwargs)
           ^^^^^^^^^^^^^^^^^^^^^^^^^^^^^^^^^^^^^^
  File "/opt/hostedtoolcache/Python/3.11.11/x64/lib/python3.11/json/__init__.py", line 346, in loads
    return _default_decoder.decode(s)
           ^^^^^^^^^^^^^^^^^^^^^^^^^^
  File "/opt/hostedtoolcache/Python/3.11.11/x64/lib/python3.11/json/decoder.py", line 337, in decode
    obj, end = self.raw_decode(s, idx=_w(s, 0).end())
               ^^^^^^^^^^^^^^^^^^^^^^^^^^^^^^^^^^^^^^
  File "/opt/hostedtoolcache/Python/3.11.11/x64/lib/python3.11/json/decoder.py", line 355, in raw_decode
    raise JSONDecodeError("Expecting value", s, err.value) from None
json.decoder.JSONDecodeError: Expecting value: line 1 column 1 (char 0)

During handling of the above exception, another exception occurred:

Traceback (most recent call last):
  File "/home/runner/work/Movie-Time-Server/Movie-Time-Server/seret/movie_raters/imdb_api.py", line 63, in get_imdb_rating
    id = get_title_id(session, movie, year)
         ^^^^^^^^^^^^^^^^^^^^^^^^^^^^^^^^^^
  File "/home/runner/work/Movie-Time-Server/Movie-Time-Server/seret/movie_raters/imdb_api.py", line 24, in get_title_id
    results = response.json()[IMDB_API_DATA]
              ^^^^^^^^^^^^^^^
  File "/opt/hostedtoolcache/Python/3.11.11/x64/lib/python3.11/site-packages/requests/models.py", line 978, in json
    raise RequestsJSONDecodeError(e.msg, e.doc, e.pos)
requests.exceptions.JSONDecodeError: Expecting value: line 1 column 1 (char 0)
2025-01-21 03:11:52,356 - seret.movie_raters.composite - WARNING - Failed to get rating for הנאצי היהודי?
2025-01-21 03:11:52,356 - seret.movie_info_fetchers.composite - INFO - Got info for רוצי אמא - עולם הקולנוע היהודי using ElasticMovieInfoFetcher
2025-01-21 03:11:54,241 - seret.movie_info_fetchers.composite - INFO - Got info for MARATHON MAN using ElasticMovieInfoFetcher
2025-01-21 03:11:56,114 - seret.movie_info_fetchers.composite - INFO - Got info for ДОМОВЁНОК КУЗЯ using ElasticMovieInfoFetcher
2025-01-21 03:11:56,122 - seret.movie_info_fetchers.composite - INFO - Got info for СОНИК 3 using ElasticMovieInfoFetcher
2025-01-21 03:11:56,122 - seret.info_fetcher - ERROR - Failed to get info for СОНИК 3 and СОНИК 3
2025-01-21 03:11:57,951 - seret.movie_info_fetchers.composite - INFO - Got info for נוכחות using ElasticMovieInfoFetcher
2025-01-21 03:11:59,095 - seret.movie_info_fetchers.composite - INFO - Got info for Presence using ElasticMovieInfoFetcher
2025-01-21 03:12:00,840 - seret.movie_info_fetchers.composite - INFO - Got info for סחורה יקרה מכל using ElasticMovieInfoFetcher
2025-01-21 03:12:02,152 - seret.movie_info_fetchers.composite - INFO - Got info for The Most Precious of Cargoes using ElasticMovieInfoFetcher
2025-01-21 03:12:02,783 - seret.movie_raters.composite - WARNING - Failed to get rating for Marked Man
2025-01-21 03:12:03,094 - seret.movie_raters.composite - WARNING - Failed to get rating for בחורים מקועקעים: רול+שו
2025-01-21 03:12:03,094 - seret.movie_info_fetchers.composite - INFO - Got info for בחורים מקועקעים: רול+שו using ElasticMovieInfoFetcher
2025-01-21 03:12:03,111 - seret.movie_raters.composite - WARNING - Failed to get rating for Marked Man
2025-01-21 03:12:03,120 - seret.movie_raters.composite - WARNING - Failed to get rating for בחורים מקועקעים: רול+שו
2025-01-21 03:12:03,120 - seret.movie_info_fetchers.composite - INFO - Got info for Marked Man using ElasticMovieInfoFetcher
2025-01-21 03:12:05,815 - seret.movie_info_fetchers.composite - INFO - Got info for הבעלים לשעבר using ElasticMovieInfoFetcher
2025-01-21 03:12:07,248 - seret.movie_info_fetchers.composite - INFO - Got info for Ex-Husbands using ElasticMovieInfoFetcher
2025-01-21 03:12:08,094 - imdb_api - ERROR - id='tt10078772', movie='Flight Risk'
Traceback (most recent call last):
  File "/home/runner/work/Movie-Time-Server/Movie-Time-Server/seret/movie_raters/imdb_api.py", line 67, in get_imdb_rating
    return info["aggregateRating"]['ratingValue']
           ~~~~^^^^^^^^^^^^^^^^^^^
KeyError: 'aggregateRating'
2025-01-21 03:12:08,094 - seret.movie_raters.composite - WARNING - Failed to get rating for Flight Risk
2025-01-21 03:12:08,350 - seret.movie_raters.composite - WARNING - Failed to get rating for טיסה מסוכנת
2025-01-21 03:12:08,351 - seret.movie_info_fetchers.composite - INFO - Got info for טיסה מסוכנת using ElasticMovieInfoFetcher
2025-01-21 03:12:09,185 - imdb_api - ERROR - id='tt10078772', movie='Flight Risk'
Traceback (most recent call last):
  File "/home/runner/work/Movie-Time-Server/Movie-Time-Server/seret/movie_raters/imdb_api.py", line 67, in get_imdb_rating
    return info["aggregateRating"]['ratingValue']
           ~~~~^^^^^^^^^^^^^^^^^^^
KeyError: 'aggregateRating'
2025-01-21 03:12:09,185 - seret.movie_raters.composite - WARNING - Failed to get rating for Flight Risk
2025-01-21 03:12:09,197 - seret.movie_raters.composite - WARNING - Failed to get rating for טיסה מסוכנת
2025-01-21 03:12:09,197 - seret.movie_info_fetchers.composite - INFO - Got info for Flight Risk using ElasticMovieInfoFetcher
2025-01-21 03:12:09,204 - seret.movie_info_fetchers.composite - INFO - Got info for בני ערובה using ElasticMovieInfoFetcher
2025-01-21 03:12:11,383 - seret.movie_info_fetchers.composite - INFO - Got info for The Best Man using ElasticMovieInfoFetcher
2025-01-21 03:12:12,644 - seret.movie_info_fetchers.composite - INFO - Got info for קומדי בר using ElasticMovieInfoFetcher
2025-01-21 03:12:14,495 - seret.movie_info_fetchers.composite - INFO - Got info for Comedy Bar using ElasticMovieInfoFetcher
2025-01-21 03:12:14,503 - seret.movie_info_fetchers.composite - INFO - Got info for יונתן ברק מגיע ל-HOT CINEMA using ElasticMovieInfoFetcher
2025-01-21 03:12:14,503 - seret.info_fetcher - ERROR - Failed to get info for יונתן ברק מגיע ל-HOT CINEMA and יונתן ברק מגיע ל-HOT CINEMA
2025-01-21 03:12:15,387 - seret.movie_info_fetchers.composite - INFO - Got info for פו הדוב: דם ודבש 2 using ElasticMovieInfoFetcher
2025-01-21 03:12:15,397 - seret.movie_info_fetchers.composite - INFO - Got info for Winnie the Pooh: Blood & Honey 2 using ElasticMovieInfoFetcher
2025-01-21 03:12:15,405 - seret.movie_info_fetchers.composite - INFO - Got info for סיפורי הופמן/הופנבך - אופרה בקולנוע using ElasticMovieInfoFetcher
2025-01-21 03:12:15,406 - seret.info_fetcher - ERROR - Failed to get info for None and סיפורי הופמן/הופנבך - אופרה בקולנוע
2025-01-21 03:12:15,413 - seret.movie_info_fetchers.composite - INFO - Got info for חמישה בספטמבר using ElasticMovieInfoFetcher
2025-01-21 03:12:17,720 - seret.movie_info_fetchers.composite - INFO - Got info for September Five using ElasticMovieInfoFetcher
2025-01-21 03:12:18,547 - seret.movie_info_fetchers.composite - INFO - Got info for איך לשגע את אבא בעשרה ימים using ElasticMovieInfoFetcher
2025-01-21 03:12:19,469 - seret.movie_info_fetchers.composite - INFO - Got info for How to Survive Without Mom using ElasticMovieInfoFetcher
2025-01-21 03:12:19,972 - seret.movie_raters.composite - WARNING - Failed to get rating for Last of the Good Guys
2025-01-21 03:12:20,281 - seret.movie_raters.composite - WARNING - Failed to get rating for אחרון הבחורים הטובים
2025-01-21 03:12:20,281 - seret.movie_info_fetchers.composite - INFO - Got info for good guys 2 using ElasticMovieInfoFetcher
2025-01-21 03:12:20,286 - seret.movie_info_fetchers.composite - INFO - Got info for שמוליקיפוד using ElasticMovieInfoFetcher
2025-01-21 03:12:20,291 - seret.movie_info_fetchers.composite - INFO - Got info for Shmulikipod using ElasticMovieInfoFetcher
2025-01-21 03:12:20,291 - seret.info_fetcher - ERROR - Failed to get info for Shmulikipod and שמוליקיפוד
2025-01-21 03:12:21,086 - seret.movie_raters.composite - WARNING - Failed to get rating for A Tale of Two
2025-01-21 03:12:21,343 - seret.movie_raters.composite - WARNING - Failed to get rating for מעשה בשני בלונים
2025-01-21 03:12:21,343 - seret.movie_info_fetchers.composite - INFO - Got info for מעשה בחמישה בלונים using ElasticMovieInfoFetcher
2025-01-21 03:12:22,057 - seret.movie_raters.composite - WARNING - Failed to get rating for The Five
2025-01-21 03:12:22,272 - seret.movie_raters.composite - WARNING - Failed to get rating for החמישיה
2025-01-21 03:12:22,272 - seret.movie_info_fetchers.composite - INFO - Got info for Five Baloons using ElasticMovieInfoFetcher
2025-01-21 03:12:22,272 - seret.info_fetcher - ERROR - Failed to get info for 11 movies: [{'date': '21-01-2025', 'cinema': 'יס פלאנט', 'location': 'ראשון לציון', 'district': 'גוש דן', 'title': 'מרשעת: חלק 2', 'eng_title': 'Wicked: Part Two', 'type': '2D', 'time': '18:30', 'link': 'https://tickets3.planetcinema.co.il/site/1072?code=1072-68439&saleChannelCode=web', 'coords': (31.9798, 34.7475), 'dubbed': False}, {'date': '21-01-2025', 'cinema': 'יס פלאנט', 'location': 'ראשון לציון', 'district': 'גוש דן', 'title': 'הטבעת', 'eng_title': 'The Ring', 'type': '2D', 'time': '19:00', 'link': 'https://tickets3.planetcinema.co.il/site/1072?code=1072-68368&saleChannelCode=web', 'coords': (31.9798, 34.7475), 'dubbed': False}, {'date': '21-01-2025', 'cinema': 'יס פלאנט', 'location': 'ראשון לציון', 'district': 'גוש דן', 'title': 'המסדר', 'eng_title': 'The Order', 'type': '2D', 'time': '19:30', 'link': 'https://tickets3.planetcinema.co.il/site/1072?code=1072-68364&saleChannelCode=web', 'coords': (31.9798, 34.7475), 'dubbed': False}, {'date': '21-01-2025', 'cinema': 'הוט סינמה', 'location': 'קריון', 'district': 'הצפון', 'title': 'מרשעת', 'eng_title': 'Wicked', 'type': '2D', 'time': '16:50', 'link': 'https://hotcinema.co.il/order?theaterId=2&eventId=70401&site=undefined', 'coords': (32.8427, 35.0897), 'dubbed': False}, {'date': '22-01-2025', 'cinema': 'יס פלאנט', 'location': 'ראשון לציון', 'district': 'גוש דן', 'title': 'OVERLORD:The Sacred Kingdom', 'eng_title': None, 'type': 'IMAX', 'time': '19:30', 'link': 'https://tickets3.planetcinema.co.il/site/1072?code=1072-67633&saleChannelCode=web', 'coords': (31.9798, 34.7475), 'dubbed': False}, {'date': '22-01-2025', 'cinema': 'הוט סינמה', 'location': 'קריון', 'district': 'הצפון', 'title': ' קוזיה DOMOVIONOK KUZYA ДОМОВЁНОК КУЗЯ רוסית', 'eng_title': 'DOMOVIONOK KUZYA', 'type': '2D', 'time': '18:30', 'link': 'https://hotcinema.co.il/order?theaterId=2&eventId=70297&site=undefined', 'coords': (32.8427, 35.0897), 'dubbed': False}, {'date': '22-01-2025', 'cinema': 'הוט סינמה', 'location': 'קריון', 'district': 'הצפון', 'title': '', 'eng_title': '', 'type': '3D', 'time': '14:20', 'link': 'https://hotcinema.co.il/order?theaterId=2&eventId=70254&site=undefined', 'coords': (32.8427, 35.0897), 'dubbed': False}, {'date': '22-01-2025', 'cinema': 'מובילנד', 'location': 'חיפה', 'district': 'הצפון', 'title': 'СОНИК 3', 'eng_title': 'СОНИК 3', 'type': '2D', 'time': '18:45', 'link': 'https://ecom.biggerpicture.ai/site/1291?code=1291-59242&saleChannelCode=web&languageid=he_IL', 'coords': (32.7894, 34.9639), 'dubbed': True}, {'date': '23-01-2025', 'cinema': 'הוט סינמה', 'location': 'כפר סבא', 'district': 'השרון', 'title': 'יונתן ברק מגיע ל-HOT CINEMA', 'eng_title': 'יונתן ברק מגיע ל-HOT CINEMA', 'type': '2D', 'time': '20:30', 'link': 'https://hotcinema.co.il/order?theaterId=16&eventId=49836&site=undefined', 'coords': (32.1654, 34.9277), 'dubbed': False}, {'date': '25-01-2025', 'cinema': 'יס פלאנט', 'location': 'ראשון לציון', 'district': 'גוש דן', 'title': 'סיפורי הופמן/הופנבך - אופרה בקולנוע', 'eng_title': None, 'type': '2D', 'time': '17:00', 'link': 'https://tickets3.planetcinema.co.il/site/1072?code=1072-59690&saleChannelCode=web', 'coords': (31.9798, 34.7475), 'dubbed': False}, {'date': '25-01-2025', 'cinema': 'הוט סינמה', 'location': 'קריון', 'district': 'הצפון', 'title': 'שמוליקיפוד', 'eng_title': 'Shmulikipod', 'type': '2D', 'time': '11:00', 'link': 'https://hotcinema.co.il/order?theaterId=2&eventId=57889&site=undefined', 'coords': (32.8427, 35.0897), 'dubbed': False}]
2025-01-21 03:12:22,380 - root - INFO - 4732
