2026-01-09 03:49:12,376 - root - INFO - ********************
2026-01-09 03:49:12,376 - root - INFO - started checking for:09-01-2026
2026-01-09 03:49:12,376 - cinemas.yes_planet - INFO - STARTED YES PLANET
2026-01-09 03:49:12,376 - cinemas.yes_planet - INFO - STARTED YES PLANET RISHON
2026-01-09 03:49:26,877 - cinemas.yes_planet - INFO - DONE YES PLANET RISHON
2026-01-09 03:49:26,878 - cinemas.yes_planet - INFO - STARTED YES PLANET AYALON
2026-01-09 03:49:28,842 - cinemas.yes_planet - INFO - DONE YES PLANET AYALON
2026-01-09 03:49:28,842 - cinemas.yes_planet - INFO - STARTED YES PLANET ZICHRON
2026-01-09 03:49:30,280 - cinemas.yes_planet - INFO - DONE YES PLANET ZICHRON
2026-01-09 03:49:30,280 - cinemas.yes_planet - INFO - STARTED YES PLANET HAIFA
2026-01-09 03:49:32,337 - cinemas.yes_planet - INFO - DONE YES PLANET HAIFA
2026-01-09 03:49:32,337 - cinemas.yes_planet - INFO - STARTED YES PLANET JERUSALEM
2026-01-09 03:49:34,574 - cinemas.yes_planet - INFO - DONE YES PLANET JERUSALEM
2026-01-09 03:49:34,574 - cinemas.yes_planet - INFO - STARTED YES PLANET BEER_SHEVA
2026-01-09 03:49:35,429 - cinemas.yes_planet - INFO - DONE YES PLANET BEER_SHEVA
2026-01-09 03:49:35,429 - cinemas.yes_planet - INFO - DONE YES PLANET
2026-01-09 03:49:35,429 - cinemas.rav_hen - INFO - STARTED RAV HEN
2026-01-09 03:49:35,429 - cinemas.rav_hen - INFO - STARTED RAV HEN GIVATAIM
2026-01-09 03:49:40,154 - cinemas.rav_hen - INFO - DONE RAV HEN GIVATAIM
2026-01-09 03:49:40,154 - cinemas.rav_hen - INFO - STARTED RAV HEN DIZINGOF
2026-01-09 03:49:40,813 - cinemas.rav_hen - INFO - DONE RAV HEN DIZINGOF
2026-01-09 03:49:40,813 - cinemas.rav_hen - INFO - STARTED RAV HEN MODIIN
2026-01-09 03:49:41,297 - cinemas.rav_hen - INFO - DONE RAV HEN MODIIN
2026-01-09 03:49:41,297 - cinemas.rav_hen - INFO - STARTED RAV HEN KIRYAT_ONO
2026-01-09 03:49:41,782 - cinemas.rav_hen - INFO - DONE RAV HEN KIRYAT_ONO
2026-01-09 03:49:41,782 - cinemas.rav_hen - INFO - DONE RAV HEN
2026-01-09 03:49:41,782 - cinemas.hot_cinema - INFO - STARTED HOT CINEMA
2026-01-09 03:49:41,782 - cinemas.hot_cinema - INFO - STARTED HOT CINEMA MODIIN
2026-01-09 03:49:42,020 - root - ERROR - hot cinema crashed
Traceback (most recent call last):
  File "/opt/hostedtoolcache/Python/3.11.14/x64/lib/python3.11/site-packages/requests/models.py", line 976, in json
    return complexjson.loads(self.text, **kwargs)
           ^^^^^^^^^^^^^^^^^^^^^^^^^^^^^^^^^^^^^^
  File "/opt/hostedtoolcache/Python/3.11.14/x64/lib/python3.11/json/__init__.py", line 346, in loads
    return _default_decoder.decode(s)
           ^^^^^^^^^^^^^^^^^^^^^^^^^^
  File "/opt/hostedtoolcache/Python/3.11.14/x64/lib/python3.11/json/decoder.py", line 337, in decode
    obj, end = self.raw_decode(s, idx=_w(s, 0).end())
               ^^^^^^^^^^^^^^^^^^^^^^^^^^^^^^^^^^^^^^
  File "/opt/hostedtoolcache/Python/3.11.14/x64/lib/python3.11/json/decoder.py", line 355, in raw_decode
    raise JSONDecodeError("Expecting value", s, err.value) from None
json.decoder.JSONDecodeError: Expecting value: line 1 column 1 (char 0)

During handling of the above exception, another exception occurred:

Traceback (most recent call last):
  File "/home/runner/work/Movie-Time-Server/Movie-Time-Server/main.py", line 56, in get_screenings_from_cinema
    return unsafe_get_screenings_from_cinema(get_screening, cinema, date, s)
           ^^^^^^^^^^^^^^^^^^^^^^^^^^^^^^^^^^^^^^^^^^^^^^^^^^^^^^^^^^^^^^^^^
  File "/opt/hostedtoolcache/Python/3.11.14/x64/lib/python3.11/site-packages/decorator.py", line 235, in fun
    return caller(func, *(extras + args), **kw)
           ^^^^^^^^^^^^^^^^^^^^^^^^^^^^^^^^^^^^
  File "/opt/hostedtoolcache/Python/3.11.14/x64/lib/python3.11/site-packages/retry/api.py", line 90, in retry_decorator
    return __retry_internal(partial(f, *args, **kwargs), exceptions, tries, delay, max_delay, backoff, jitter,
           ^^^^^^^^^^^^^^^^^^^^^^^^^^^^^^^^^^^^^^^^^^^^^^^^^^^^^^^^^^^^^^^^^^^^^^^^^^^^^^^^^^^^^^^^^^^^^^^^^^^
  File "/opt/hostedtoolcache/Python/3.11.14/x64/lib/python3.11/site-packages/retry/api.py", line 35, in __retry_internal
    return f()
           ^^^
  File "/home/runner/work/Movie-Time-Server/Movie-Time-Server/main.py", line 71, in unsafe_get_screenings_from_cinema
    screenings = get_screening(year, month, day, s)
                 ^^^^^^^^^^^^^^^^^^^^^^^^^^^^^^^^^^
  File "/home/runner/work/Movie-Time-Server/Movie-Time-Server/cinemas/hot_cinema.py", line 131, in get_screenings
    screenings.extend(get_by_location(location, date, s))
                      ^^^^^^^^^^^^^^^^^^^^^^^^^^^^^^^^^^
  File "/home/runner/work/Movie-Time-Server/Movie-Time-Server/cinemas/hot_cinema.py", line 104, in get_by_location
    res = s.get(url).json()
          ^^^^^^^^^^^^^^^^^
  File "/opt/hostedtoolcache/Python/3.11.14/x64/lib/python3.11/site-packages/requests/models.py", line 980, in json
    raise RequestsJSONDecodeError(e.msg, e.doc, e.pos)
requests.exceptions.JSONDecodeError: Expecting value: line 1 column 1 (char 0)
2026-01-09 03:49:42,050 - cinemas.cinema_city - INFO - STARTED CINEMA CITY
2026-01-09 03:49:48,464 - proxy - INFO - Proxy: {'YourFuckingIPAddress': '45.150.108.121', 'YourFuckingLocation': 'Tel Aviv, TA, Israel', 'YourFuckingHostname': '45.150.108.121', 'YourFuckingISP': 'BlueVPS OU', 'YourFuckingTorExit': False, 'YourFuckingCity': 'Tel Aviv', 'YourFuckingCountry': 'Israel', 'YourFuckingCountryCode': 'IL'}
2026-01-09 03:49:48,464 - cinemas.cinema_city - INFO - STARTED CINEMA CITY GLILOT
2026-01-09 03:51:55,944 - proxy - INFO - Proxy removed
2026-01-09 03:51:55,944 - root - ERROR - cinema city crashed
Traceback (most recent call last):
  File "/opt/hostedtoolcache/Python/3.11.14/x64/lib/python3.11/site-packages/urllib3/connectionpool.py", line 468, in _make_request
    six.raise_from(e, None)
  File "<string>", line 3, in raise_from
  File "/opt/hostedtoolcache/Python/3.11.14/x64/lib/python3.11/site-packages/urllib3/connectionpool.py", line 463, in _make_request
    httplib_response = conn.getresponse()
                       ^^^^^^^^^^^^^^^^^^
  File "/opt/hostedtoolcache/Python/3.11.14/x64/lib/python3.11/http/client.py", line 1395, in getresponse
    response.begin()
  File "/opt/hostedtoolcache/Python/3.11.14/x64/lib/python3.11/http/client.py", line 325, in begin
    version, status, reason = self._read_status()
                              ^^^^^^^^^^^^^^^^^^^
  File "/opt/hostedtoolcache/Python/3.11.14/x64/lib/python3.11/http/client.py", line 286, in _read_status
    line = str(self.fp.readline(_MAXLINE + 1), "iso-8859-1")
               ^^^^^^^^^^^^^^^^^^^^^^^^^^^^^^
  File "/opt/hostedtoolcache/Python/3.11.14/x64/lib/python3.11/socket.py", line 718, in readinto
    return self._sock.recv_into(b)
           ^^^^^^^^^^^^^^^^^^^^^^^
TimeoutError: timed out

During handling of the above exception, another exception occurred:

Traceback (most recent call last):
  File "/home/runner/work/Movie-Time-Server/Movie-Time-Server/main.py", line 56, in get_screenings_from_cinema
    return unsafe_get_screenings_from_cinema(get_screening, cinema, date, s)
           ^^^^^^^^^^^^^^^^^^^^^^^^^^^^^^^^^^^^^^^^^^^^^^^^^^^^^^^^^^^^^^^^^
  File "/opt/hostedtoolcache/Python/3.11.14/x64/lib/python3.11/site-packages/decorator.py", line 235, in fun
    return caller(func, *(extras + args), **kw)
           ^^^^^^^^^^^^^^^^^^^^^^^^^^^^^^^^^^^^
  File "/opt/hostedtoolcache/Python/3.11.14/x64/lib/python3.11/site-packages/retry/api.py", line 90, in retry_decorator
    return __retry_internal(partial(f, *args, **kwargs), exceptions, tries, delay, max_delay, backoff, jitter,
           ^^^^^^^^^^^^^^^^^^^^^^^^^^^^^^^^^^^^^^^^^^^^^^^^^^^^^^^^^^^^^^^^^^^^^^^^^^^^^^^^^^^^^^^^^^^^^^^^^^^
  File "/opt/hostedtoolcache/Python/3.11.14/x64/lib/python3.11/site-packages/retry/api.py", line 35, in __retry_internal
    return f()
           ^^^
  File "/home/runner/work/Movie-Time-Server/Movie-Time-Server/main.py", line 71, in unsafe_get_screenings_from_cinema
    screenings = get_screening(year, month, day, s)
                 ^^^^^^^^^^^^^^^^^^^^^^^^^^^^^^^^^^
  File "/home/runner/work/Movie-Time-Server/Movie-Time-Server/cinemas/cinema_city.py", line 148, in get_screenings
    screenings.extend(get_by_location(location, date, ps))
                      ^^^^^^^^^^^^^^^^^^^^^^^^^^^^^^^^^^^
  File "/home/runner/work/Movie-Time-Server/Movie-Time-Server/cinemas/cinema_city.py", line 116, in get_by_location
    new_date = get_date(location, date, s)
               ^^^^^^^^^^^^^^^^^^^^^^^^^^^
  File "/home/runner/work/Movie-Time-Server/Movie-Time-Server/cinemas/cinema_city.py", line 103, in get_date
    res = s.get(url)
          ^^^^^^^^^^
  File "/home/runner/work/Movie-Time-Server/Movie-Time-Server/proxy.py", line 30, in get
    self.driver.get(url)
  File "/opt/hostedtoolcache/Python/3.11.14/x64/lib/python3.11/site-packages/selenium/webdriver/remote/webdriver.py", line 473, in get
    self.execute(Command.GET, {"url": url})
  File "/opt/hostedtoolcache/Python/3.11.14/x64/lib/python3.11/site-packages/selenium/webdriver/remote/webdriver.py", line 446, in execute
    response = self.command_executor.execute(driver_command, params)
               ^^^^^^^^^^^^^^^^^^^^^^^^^^^^^^^^^^^^^^^^^^^^^^^^^^^^^
  File "/opt/hostedtoolcache/Python/3.11.14/x64/lib/python3.11/site-packages/selenium/webdriver/remote/remote_connection.py", line 404, in execute
    return self._request(command_info[0], url, body=data)
           ^^^^^^^^^^^^^^^^^^^^^^^^^^^^^^^^^^^^^^^^^^^^^^
  File "/opt/hostedtoolcache/Python/3.11.14/x64/lib/python3.11/site-packages/selenium/webdriver/remote/remote_connection.py", line 428, in _request
    response = self._conn.request(method, url, body=body, headers=headers, timeout=self._client_config.timeout)
               ^^^^^^^^^^^^^^^^^^^^^^^^^^^^^^^^^^^^^^^^^^^^^^^^^^^^^^^^^^^^^^^^^^^^^^^^^^^^^^^^^^^^^^^^^^^^^^^^
  File "/opt/hostedtoolcache/Python/3.11.14/x64/lib/python3.11/site-packages/urllib3/request.py", line 81, in request
    return self.request_encode_body(
           ^^^^^^^^^^^^^^^^^^^^^^^^^
  File "/opt/hostedtoolcache/Python/3.11.14/x64/lib/python3.11/site-packages/urllib3/request.py", line 173, in request_encode_body
    return self.urlopen(method, url, **extra_kw)
           ^^^^^^^^^^^^^^^^^^^^^^^^^^^^^^^^^^^^^
  File "/opt/hostedtoolcache/Python/3.11.14/x64/lib/python3.11/site-packages/urllib3/poolmanager.py", line 376, in urlopen
    response = conn.urlopen(method, u.request_uri, **kw)
               ^^^^^^^^^^^^^^^^^^^^^^^^^^^^^^^^^^^^^^^^^
  File "/opt/hostedtoolcache/Python/3.11.14/x64/lib/python3.11/site-packages/urllib3/connectionpool.py", line 802, in urlopen
    retries = retries.increment(
              ^^^^^^^^^^^^^^^^^^
  File "/opt/hostedtoolcache/Python/3.11.14/x64/lib/python3.11/site-packages/urllib3/util/retry.py", line 552, in increment
    raise six.reraise(type(error), error, _stacktrace)
          ^^^^^^^^^^^^^^^^^^^^^^^^^^^^^^^^^^^^^^^^^^^^
  File "/opt/hostedtoolcache/Python/3.11.14/x64/lib/python3.11/site-packages/urllib3/packages/six.py", line 770, in reraise
    raise value
  File "/opt/hostedtoolcache/Python/3.11.14/x64/lib/python3.11/site-packages/urllib3/connectionpool.py", line 716, in urlopen
    httplib_response = self._make_request(
                       ^^^^^^^^^^^^^^^^^^^
  File "/opt/hostedtoolcache/Python/3.11.14/x64/lib/python3.11/site-packages/urllib3/connectionpool.py", line 470, in _make_request
    self._raise_timeout(err=e, url=url, timeout_value=read_timeout)
  File "/opt/hostedtoolcache/Python/3.11.14/x64/lib/python3.11/site-packages/urllib3/connectionpool.py", line 358, in _raise_timeout
    raise ReadTimeoutError(
urllib3.exceptions.ReadTimeoutError: HTTPConnectionPool(host='localhost', port=42059): Read timed out. (read timeout=120)
2026-01-09 03:51:55,991 - cinemas.lev - INFO - STARTED LEV
2026-01-09 03:51:58,688 - proxy - INFO - Proxy: {'YourFuckingIPAddress': '45.150.108.121', 'YourFuckingLocation': 'Tel Aviv, TA, Israel', 'YourFuckingHostname': '45.150.108.121', 'YourFuckingISP': 'BlueVPS OU', 'YourFuckingTorExit': False, 'YourFuckingCity': 'Tel Aviv', 'YourFuckingCountry': 'Israel', 'YourFuckingCountryCode': 'IL'}
2026-01-09 03:51:58,688 - cinemas.lev - INFO - STARTED LEV TEL_AVIV
2026-01-09 03:52:01,399 - cinemas.lev - INFO - DONE LEV TEL_AVIV
2026-01-09 03:52:01,399 - cinemas.lev - INFO - STARTED LEV RAMAT_HASHARON
2026-01-09 03:52:02,224 - cinemas.lev - INFO - DONE LEV RAMAT_HASHARON
2026-01-09 03:52:02,224 - cinemas.lev - INFO - STARTED LEV MANDARIN
2026-01-09 03:52:02,807 - cinemas.lev - INFO - DONE LEV MANDARIN
2026-01-09 03:52:02,807 - cinemas.lev - INFO - STARTED LEV EVEN_YEHUDA
2026-01-09 03:52:03,794 - cinemas.lev - INFO - DONE LEV EVEN_YEHUDA
2026-01-09 03:52:03,794 - cinemas.lev - INFO - STARTED LEV SMADAR
2026-01-09 03:52:04,382 - cinemas.lev - INFO - DONE LEV SMADAR
2026-01-09 03:52:04,382 - cinemas.lev - INFO - STARTED LEV RAANANA
2026-01-09 03:52:05,299 - cinemas.lev - INFO - DONE LEV RAANANA
2026-01-09 03:52:05,300 - cinemas.lev - INFO - STARTED LEV OMER
2026-01-09 03:52:05,671 - cinemas.lev - INFO - DONE LEV OMER
2026-01-09 03:52:05,671 - cinemas.lev - INFO - STARTED LEV SHOHAM
2026-01-09 03:52:06,367 - cinemas.lev - INFO - DONE LEV SHOHAM
2026-01-09 03:52:06,367 - cinemas.lev - INFO - STARTED LEV DANIEL
2026-01-09 03:52:06,797 - cinemas.lev - INFO - DONE LEV DANIEL
2026-01-09 03:52:06,859 - proxy - INFO - Proxy removed
2026-01-09 03:52:06,859 - cinemas.lev - INFO - DONE LEV
2026-01-09 03:52:06,859 - cinemas.movieland - INFO - STARTED Movie Land
2026-01-09 03:52:06,859 - cinemas.movieland - INFO - STARTED Movie Land CARMIEL
2026-01-09 03:52:07,079 - cinemas.movieland - INFO - STARTED Movie Land HAIFA
2026-01-09 03:52:07,144 - cinemas.movieland - INFO - STARTED Movie Land NATANYA
2026-01-09 03:52:07,199 - cinemas.movieland - INFO - DONE Movie Land
2026-01-09 03:52:07,199 - retry.api - WARNING - AssertionError: movieland returned empty list in __main__.unsafe_get_screenings_from_cinema, retrying in 1 seconds...
2026-01-09 03:52:08,199 - cinemas.movieland - INFO - STARTED Movie Land
2026-01-09 03:52:08,199 - cinemas.movieland - INFO - STARTED Movie Land CARMIEL
2026-01-09 03:52:08,267 - cinemas.movieland - INFO - STARTED Movie Land HAIFA
2026-01-09 03:52:08,320 - cinemas.movieland - INFO - STARTED Movie Land NATANYA
2026-01-09 03:52:08,407 - cinemas.movieland - INFO - DONE Movie Land
2026-01-09 03:52:08,408 - retry.api - WARNING - AssertionError: movieland returned empty list in __main__.unsafe_get_screenings_from_cinema, retrying in 2 seconds...
2026-01-09 03:52:10,408 - cinemas.movieland - INFO - STARTED Movie Land
2026-01-09 03:52:10,408 - cinemas.movieland - INFO - STARTED Movie Land CARMIEL
2026-01-09 03:52:10,464 - cinemas.movieland - INFO - STARTED Movie Land HAIFA
2026-01-09 03:52:10,533 - cinemas.movieland - INFO - STARTED Movie Land NATANYA
2026-01-09 03:52:10,590 - cinemas.movieland - INFO - DONE Movie Land
2026-01-09 03:52:10,590 - root - ERROR - movieland crashed: movieland returned empty list
2026-01-09 03:52:10,590 - root - INFO - ********************
2026-01-09 03:52:10,590 - root - INFO - started checking for:10-01-2026
2026-01-09 03:52:10,590 - cinemas.yes_planet - INFO - STARTED YES PLANET
2026-01-09 03:52:10,590 - cinemas.yes_planet - INFO - STARTED YES PLANET RISHON
2026-01-09 03:52:13,914 - cinemas.yes_planet - INFO - DONE YES PLANET RISHON
2026-01-09 03:52:13,915 - cinemas.yes_planet - INFO - STARTED YES PLANET AYALON
2026-01-09 03:52:15,831 - cinemas.yes_planet - INFO - DONE YES PLANET AYALON
2026-01-09 03:52:15,831 - cinemas.yes_planet - INFO - STARTED YES PLANET ZICHRON
2026-01-09 03:52:16,525 - cinemas.yes_planet - INFO - DONE YES PLANET ZICHRON
2026-01-09 03:52:16,525 - cinemas.yes_planet - INFO - STARTED YES PLANET HAIFA
2026-01-09 03:52:17,274 - cinemas.yes_planet - INFO - DONE YES PLANET HAIFA
2026-01-09 03:52:17,274 - cinemas.yes_planet - INFO - STARTED YES PLANET JERUSALEM
2026-01-09 03:52:18,470 - cinemas.yes_planet - INFO - DONE YES PLANET JERUSALEM
2026-01-09 03:52:18,470 - cinemas.yes_planet - INFO - STARTED YES PLANET BEER_SHEVA
2026-01-09 03:52:19,129 - cinemas.yes_planet - INFO - DONE YES PLANET BEER_SHEVA
2026-01-09 03:52:19,130 - cinemas.yes_planet - INFO - DONE YES PLANET
2026-01-09 03:52:19,130 - cinemas.rav_hen - INFO - STARTED RAV HEN
2026-01-09 03:52:19,130 - cinemas.rav_hen - INFO - STARTED RAV HEN GIVATAIM
2026-01-09 03:52:20,764 - cinemas.rav_hen - INFO - DONE RAV HEN GIVATAIM
2026-01-09 03:52:20,764 - cinemas.rav_hen - INFO - STARTED RAV HEN DIZINGOF
2026-01-09 03:52:21,253 - cinemas.rav_hen - INFO - DONE RAV HEN DIZINGOF
2026-01-09 03:52:21,253 - cinemas.rav_hen - INFO - STARTED RAV HEN MODIIN
2026-01-09 03:52:21,735 - cinemas.rav_hen - INFO - DONE RAV HEN MODIIN
2026-01-09 03:52:21,735 - cinemas.rav_hen - INFO - STARTED RAV HEN KIRYAT_ONO
2026-01-09 03:52:23,444 - cinemas.rav_hen - INFO - DONE RAV HEN KIRYAT_ONO
2026-01-09 03:52:23,444 - cinemas.rav_hen - INFO - DONE RAV HEN
2026-01-09 03:52:23,444 - cinemas.hot_cinema - INFO - STARTED HOT CINEMA
2026-01-09 03:52:23,444 - cinemas.hot_cinema - INFO - STARTED HOT CINEMA MODIIN
2026-01-09 03:52:23,517 - root - ERROR - hot cinema crashed
Traceback (most recent call last):
  File "/opt/hostedtoolcache/Python/3.11.14/x64/lib/python3.11/site-packages/requests/models.py", line 976, in json
    return complexjson.loads(self.text, **kwargs)
           ^^^^^^^^^^^^^^^^^^^^^^^^^^^^^^^^^^^^^^
  File "/opt/hostedtoolcache/Python/3.11.14/x64/lib/python3.11/json/__init__.py", line 346, in loads
    return _default_decoder.decode(s)
           ^^^^^^^^^^^^^^^^^^^^^^^^^^
  File "/opt/hostedtoolcache/Python/3.11.14/x64/lib/python3.11/json/decoder.py", line 337, in decode
    obj, end = self.raw_decode(s, idx=_w(s, 0).end())
               ^^^^^^^^^^^^^^^^^^^^^^^^^^^^^^^^^^^^^^
  File "/opt/hostedtoolcache/Python/3.11.14/x64/lib/python3.11/json/decoder.py", line 355, in raw_decode
    raise JSONDecodeError("Expecting value", s, err.value) from None
json.decoder.JSONDecodeError: Expecting value: line 1 column 1 (char 0)

During handling of the above exception, another exception occurred:

Traceback (most recent call last):
  File "/home/runner/work/Movie-Time-Server/Movie-Time-Server/main.py", line 56, in get_screenings_from_cinema
    return unsafe_get_screenings_from_cinema(get_screening, cinema, date, s)
           ^^^^^^^^^^^^^^^^^^^^^^^^^^^^^^^^^^^^^^^^^^^^^^^^^^^^^^^^^^^^^^^^^
  File "/opt/hostedtoolcache/Python/3.11.14/x64/lib/python3.11/site-packages/decorator.py", line 235, in fun
    return caller(func, *(extras + args), **kw)
           ^^^^^^^^^^^^^^^^^^^^^^^^^^^^^^^^^^^^
  File "/opt/hostedtoolcache/Python/3.11.14/x64/lib/python3.11/site-packages/retry/api.py", line 90, in retry_decorator
    return __retry_internal(partial(f, *args, **kwargs), exceptions, tries, delay, max_delay, backoff, jitter,
           ^^^^^^^^^^^^^^^^^^^^^^^^^^^^^^^^^^^^^^^^^^^^^^^^^^^^^^^^^^^^^^^^^^^^^^^^^^^^^^^^^^^^^^^^^^^^^^^^^^^
  File "/opt/hostedtoolcache/Python/3.11.14/x64/lib/python3.11/site-packages/retry/api.py", line 35, in __retry_internal
    return f()
           ^^^
  File "/home/runner/work/Movie-Time-Server/Movie-Time-Server/main.py", line 71, in unsafe_get_screenings_from_cinema
    screenings = get_screening(year, month, day, s)
                 ^^^^^^^^^^^^^^^^^^^^^^^^^^^^^^^^^^
  File "/home/runner/work/Movie-Time-Server/Movie-Time-Server/cinemas/hot_cinema.py", line 131, in get_screenings
    screenings.extend(get_by_location(location, date, s))
                      ^^^^^^^^^^^^^^^^^^^^^^^^^^^^^^^^^^
  File "/home/runner/work/Movie-Time-Server/Movie-Time-Server/cinemas/hot_cinema.py", line 104, in get_by_location
    res = s.get(url).json()
          ^^^^^^^^^^^^^^^^^
  File "/opt/hostedtoolcache/Python/3.11.14/x64/lib/python3.11/site-packages/requests/models.py", line 980, in json
    raise RequestsJSONDecodeError(e.msg, e.doc, e.pos)
requests.exceptions.JSONDecodeError: Expecting value: line 1 column 1 (char 0)
2026-01-09 03:52:23,518 - cinemas.cinema_city - INFO - STARTED CINEMA CITY
2026-01-09 03:52:26,152 - proxy - INFO - Proxy: {'YourFuckingIPAddress': '45.150.108.121', 'YourFuckingLocation': 'Tel Aviv, TA, Israel', 'YourFuckingHostname': '45.150.108.121', 'YourFuckingISP': 'BlueVPS OU', 'YourFuckingTorExit': False, 'YourFuckingCity': 'Tel Aviv', 'YourFuckingCountry': 'Israel', 'YourFuckingCountryCode': 'IL'}
2026-01-09 03:52:26,152 - cinemas.cinema_city - INFO - STARTED CINEMA CITY GLILOT
2026-01-09 03:54:32,892 - proxy - INFO - Proxy removed
2026-01-09 03:54:32,892 - root - ERROR - cinema city crashed
Traceback (most recent call last):
  File "/opt/hostedtoolcache/Python/3.11.14/x64/lib/python3.11/site-packages/urllib3/connectionpool.py", line 468, in _make_request
    six.raise_from(e, None)
  File "<string>", line 3, in raise_from
  File "/opt/hostedtoolcache/Python/3.11.14/x64/lib/python3.11/site-packages/urllib3/connectionpool.py", line 463, in _make_request
    httplib_response = conn.getresponse()
                       ^^^^^^^^^^^^^^^^^^
  File "/opt/hostedtoolcache/Python/3.11.14/x64/lib/python3.11/http/client.py", line 1395, in getresponse
    response.begin()
  File "/opt/hostedtoolcache/Python/3.11.14/x64/lib/python3.11/http/client.py", line 325, in begin
    version, status, reason = self._read_status()
                              ^^^^^^^^^^^^^^^^^^^
  File "/opt/hostedtoolcache/Python/3.11.14/x64/lib/python3.11/http/client.py", line 286, in _read_status
    line = str(self.fp.readline(_MAXLINE + 1), "iso-8859-1")
               ^^^^^^^^^^^^^^^^^^^^^^^^^^^^^^
  File "/opt/hostedtoolcache/Python/3.11.14/x64/lib/python3.11/socket.py", line 718, in readinto
    return self._sock.recv_into(b)
           ^^^^^^^^^^^^^^^^^^^^^^^
TimeoutError: timed out

During handling of the above exception, another exception occurred:

Traceback (most recent call last):
  File "/home/runner/work/Movie-Time-Server/Movie-Time-Server/main.py", line 56, in get_screenings_from_cinema
    return unsafe_get_screenings_from_cinema(get_screening, cinema, date, s)
           ^^^^^^^^^^^^^^^^^^^^^^^^^^^^^^^^^^^^^^^^^^^^^^^^^^^^^^^^^^^^^^^^^
  File "/opt/hostedtoolcache/Python/3.11.14/x64/lib/python3.11/site-packages/decorator.py", line 235, in fun
    return caller(func, *(extras + args), **kw)
           ^^^^^^^^^^^^^^^^^^^^^^^^^^^^^^^^^^^^
  File "/opt/hostedtoolcache/Python/3.11.14/x64/lib/python3.11/site-packages/retry/api.py", line 90, in retry_decorator
    return __retry_internal(partial(f, *args, **kwargs), exceptions, tries, delay, max_delay, backoff, jitter,
           ^^^^^^^^^^^^^^^^^^^^^^^^^^^^^^^^^^^^^^^^^^^^^^^^^^^^^^^^^^^^^^^^^^^^^^^^^^^^^^^^^^^^^^^^^^^^^^^^^^^
  File "/opt/hostedtoolcache/Python/3.11.14/x64/lib/python3.11/site-packages/retry/api.py", line 35, in __retry_internal
    return f()
           ^^^
  File "/home/runner/work/Movie-Time-Server/Movie-Time-Server/main.py", line 71, in unsafe_get_screenings_from_cinema
    screenings = get_screening(year, month, day, s)
                 ^^^^^^^^^^^^^^^^^^^^^^^^^^^^^^^^^^
  File "/home/runner/work/Movie-Time-Server/Movie-Time-Server/cinemas/cinema_city.py", line 148, in get_screenings
    screenings.extend(get_by_location(location, date, ps))
                      ^^^^^^^^^^^^^^^^^^^^^^^^^^^^^^^^^^^
  File "/home/runner/work/Movie-Time-Server/Movie-Time-Server/cinemas/cinema_city.py", line 116, in get_by_location
    new_date = get_date(location, date, s)
               ^^^^^^^^^^^^^^^^^^^^^^^^^^^
  File "/home/runner/work/Movie-Time-Server/Movie-Time-Server/cinemas/cinema_city.py", line 103, in get_date
    res = s.get(url)
          ^^^^^^^^^^
  File "/home/runner/work/Movie-Time-Server/Movie-Time-Server/proxy.py", line 30, in get
    self.driver.get(url)
  File "/opt/hostedtoolcache/Python/3.11.14/x64/lib/python3.11/site-packages/selenium/webdriver/remote/webdriver.py", line 473, in get
    self.execute(Command.GET, {"url": url})
  File "/opt/hostedtoolcache/Python/3.11.14/x64/lib/python3.11/site-packages/selenium/webdriver/remote/webdriver.py", line 446, in execute
    response = self.command_executor.execute(driver_command, params)
               ^^^^^^^^^^^^^^^^^^^^^^^^^^^^^^^^^^^^^^^^^^^^^^^^^^^^^
  File "/opt/hostedtoolcache/Python/3.11.14/x64/lib/python3.11/site-packages/selenium/webdriver/remote/remote_connection.py", line 404, in execute
    return self._request(command_info[0], url, body=data)
           ^^^^^^^^^^^^^^^^^^^^^^^^^^^^^^^^^^^^^^^^^^^^^^
  File "/opt/hostedtoolcache/Python/3.11.14/x64/lib/python3.11/site-packages/selenium/webdriver/remote/remote_connection.py", line 428, in _request
    response = self._conn.request(method, url, body=body, headers=headers, timeout=self._client_config.timeout)
               ^^^^^^^^^^^^^^^^^^^^^^^^^^^^^^^^^^^^^^^^^^^^^^^^^^^^^^^^^^^^^^^^^^^^^^^^^^^^^^^^^^^^^^^^^^^^^^^^
  File "/opt/hostedtoolcache/Python/3.11.14/x64/lib/python3.11/site-packages/urllib3/request.py", line 81, in request
    return self.request_encode_body(
           ^^^^^^^^^^^^^^^^^^^^^^^^^
  File "/opt/hostedtoolcache/Python/3.11.14/x64/lib/python3.11/site-packages/urllib3/request.py", line 173, in request_encode_body
    return self.urlopen(method, url, **extra_kw)
           ^^^^^^^^^^^^^^^^^^^^^^^^^^^^^^^^^^^^^
  File "/opt/hostedtoolcache/Python/3.11.14/x64/lib/python3.11/site-packages/urllib3/poolmanager.py", line 376, in urlopen
    response = conn.urlopen(method, u.request_uri, **kw)
               ^^^^^^^^^^^^^^^^^^^^^^^^^^^^^^^^^^^^^^^^^
  File "/opt/hostedtoolcache/Python/3.11.14/x64/lib/python3.11/site-packages/urllib3/connectionpool.py", line 802, in urlopen
    retries = retries.increment(
              ^^^^^^^^^^^^^^^^^^
  File "/opt/hostedtoolcache/Python/3.11.14/x64/lib/python3.11/site-packages/urllib3/util/retry.py", line 552, in increment
    raise six.reraise(type(error), error, _stacktrace)
          ^^^^^^^^^^^^^^^^^^^^^^^^^^^^^^^^^^^^^^^^^^^^
  File "/opt/hostedtoolcache/Python/3.11.14/x64/lib/python3.11/site-packages/urllib3/packages/six.py", line 770, in reraise
    raise value
  File "/opt/hostedtoolcache/Python/3.11.14/x64/lib/python3.11/site-packages/urllib3/connectionpool.py", line 716, in urlopen
    httplib_response = self._make_request(
                       ^^^^^^^^^^^^^^^^^^^
  File "/opt/hostedtoolcache/Python/3.11.14/x64/lib/python3.11/site-packages/urllib3/connectionpool.py", line 470, in _make_request
    self._raise_timeout(err=e, url=url, timeout_value=read_timeout)
  File "/opt/hostedtoolcache/Python/3.11.14/x64/lib/python3.11/site-packages/urllib3/connectionpool.py", line 358, in _raise_timeout
    raise ReadTimeoutError(
urllib3.exceptions.ReadTimeoutError: HTTPConnectionPool(host='localhost', port=42309): Read timed out. (read timeout=120)
2026-01-09 03:54:32,894 - cinemas.lev - INFO - STARTED LEV
2026-01-09 03:54:35,528 - proxy - INFO - Proxy: {'YourFuckingIPAddress': '45.150.108.121', 'YourFuckingLocation': 'Tel Aviv, TA, Israel', 'YourFuckingHostname': '45.150.108.121', 'YourFuckingISP': 'BlueVPS OU', 'YourFuckingTorExit': False, 'YourFuckingCity': 'Tel Aviv', 'YourFuckingCountry': 'Israel', 'YourFuckingCountryCode': 'IL'}
2026-01-09 03:54:35,528 - cinemas.lev - INFO - STARTED LEV TEL_AVIV
2026-01-09 03:54:36,727 - cinemas.lev - INFO - DONE LEV TEL_AVIV
2026-01-09 03:54:36,727 - cinemas.lev - INFO - STARTED LEV RAMAT_HASHARON
2026-01-09 03:54:37,535 - cinemas.lev - INFO - DONE LEV RAMAT_HASHARON
2026-01-09 03:54:37,535 - cinemas.lev - INFO - STARTED LEV MANDARIN
2026-01-09 03:54:38,025 - cinemas.lev - INFO - DONE LEV MANDARIN
2026-01-09 03:54:38,025 - cinemas.lev - INFO - STARTED LEV EVEN_YEHUDA
2026-01-09 03:54:38,518 - cinemas.lev - INFO - DONE LEV EVEN_YEHUDA
2026-01-09 03:54:38,518 - cinemas.lev - INFO - STARTED LEV SMADAR
2026-01-09 03:54:38,989 - cinemas.lev - INFO - DONE LEV SMADAR
2026-01-09 03:54:38,989 - cinemas.lev - INFO - STARTED LEV RAANANA
2026-01-09 03:54:39,516 - cinemas.lev - INFO - DONE LEV RAANANA
2026-01-09 03:54:39,516 - cinemas.lev - INFO - STARTED LEV OMER
2026-01-09 03:54:39,889 - cinemas.lev - INFO - DONE LEV OMER
2026-01-09 03:54:39,890 - cinemas.lev - INFO - STARTED LEV SHOHAM
2026-01-09 03:54:40,240 - cinemas.lev - INFO - DONE LEV SHOHAM
2026-01-09 03:54:40,240 - cinemas.lev - INFO - STARTED LEV DANIEL
2026-01-09 03:54:40,586 - cinemas.lev - INFO - DONE LEV DANIEL
2026-01-09 03:54:40,648 - proxy - INFO - Proxy removed
2026-01-09 03:54:40,648 - cinemas.lev - INFO - DONE LEV
2026-01-09 03:54:40,648 - cinemas.movieland - INFO - STARTED Movie Land
2026-01-09 03:54:40,648 - cinemas.movieland - INFO - STARTED Movie Land CARMIEL
2026-01-09 03:54:40,697 - cinemas.movieland - INFO - STARTED Movie Land HAIFA
2026-01-09 03:54:40,749 - cinemas.movieland - INFO - STARTED Movie Land NATANYA
2026-01-09 03:54:40,811 - cinemas.movieland - INFO - DONE Movie Land
2026-01-09 03:54:40,811 - retry.api - WARNING - AssertionError: movieland returned empty list in __main__.unsafe_get_screenings_from_cinema, retrying in 1 seconds...
2026-01-09 03:54:41,811 - cinemas.movieland - INFO - STARTED Movie Land
2026-01-09 03:54:41,811 - cinemas.movieland - INFO - STARTED Movie Land CARMIEL
2026-01-09 03:54:41,889 - cinemas.movieland - INFO - STARTED Movie Land HAIFA
2026-01-09 03:54:41,941 - cinemas.movieland - INFO - STARTED Movie Land NATANYA
2026-01-09 03:54:41,996 - cinemas.movieland - INFO - DONE Movie Land
2026-01-09 03:54:41,996 - retry.api - WARNING - AssertionError: movieland returned empty list in __main__.unsafe_get_screenings_from_cinema, retrying in 2 seconds...
2026-01-09 03:54:43,996 - cinemas.movieland - INFO - STARTED Movie Land
2026-01-09 03:54:43,997 - cinemas.movieland - INFO - STARTED Movie Land CARMIEL
2026-01-09 03:54:44,082 - cinemas.movieland - INFO - STARTED Movie Land HAIFA
2026-01-09 03:54:44,156 - cinemas.movieland - INFO - STARTED Movie Land NATANYA
2026-01-09 03:54:44,211 - cinemas.movieland - INFO - DONE Movie Land
2026-01-09 03:54:44,211 - root - ERROR - movieland crashed: movieland returned empty list
2026-01-09 03:54:44,211 - root - INFO - ********************
2026-01-09 03:54:44,211 - root - INFO - started checking for:11-01-2026
2026-01-09 03:54:44,211 - cinemas.yes_planet - INFO - STARTED YES PLANET
2026-01-09 03:54:44,211 - cinemas.yes_planet - INFO - STARTED YES PLANET RISHON
2026-01-09 03:54:44,793 - cinemas.yes_planet - INFO - DONE YES PLANET RISHON
2026-01-09 03:54:44,793 - cinemas.yes_planet - INFO - STARTED YES PLANET AYALON
2026-01-09 03:54:45,412 - cinemas.yes_planet - INFO - DONE YES PLANET AYALON
2026-01-09 03:54:45,412 - cinemas.yes_planet - INFO - STARTED YES PLANET ZICHRON
2026-01-09 03:54:45,974 - cinemas.yes_planet - INFO - DONE YES PLANET ZICHRON
2026-01-09 03:54:45,975 - cinemas.yes_planet - INFO - STARTED YES PLANET HAIFA
2026-01-09 03:54:46,565 - cinemas.yes_planet - INFO - DONE YES PLANET HAIFA
2026-01-09 03:54:46,565 - cinemas.yes_planet - INFO - STARTED YES PLANET JERUSALEM
2026-01-09 03:54:47,245 - cinemas.yes_planet - INFO - DONE YES PLANET JERUSALEM
2026-01-09 03:54:47,245 - cinemas.yes_planet - INFO - STARTED YES PLANET BEER_SHEVA
2026-01-09 03:54:47,817 - cinemas.yes_planet - INFO - DONE YES PLANET BEER_SHEVA
2026-01-09 03:54:47,817 - cinemas.yes_planet - INFO - DONE YES PLANET
2026-01-09 03:54:47,817 - cinemas.rav_hen - INFO - STARTED RAV HEN
2026-01-09 03:54:47,817 - cinemas.rav_hen - INFO - STARTED RAV HEN GIVATAIM
2026-01-09 03:54:48,396 - cinemas.rav_hen - INFO - DONE RAV HEN GIVATAIM
2026-01-09 03:54:48,396 - cinemas.rav_hen - INFO - STARTED RAV HEN DIZINGOF
2026-01-09 03:54:48,859 - cinemas.rav_hen - INFO - DONE RAV HEN DIZINGOF
2026-01-09 03:54:48,859 - cinemas.rav_hen - INFO - STARTED RAV HEN MODIIN
2026-01-09 03:54:49,381 - cinemas.rav_hen - INFO - DONE RAV HEN MODIIN
2026-01-09 03:54:49,381 - cinemas.rav_hen - INFO - STARTED RAV HEN KIRYAT_ONO
2026-01-09 03:54:49,949 - cinemas.rav_hen - INFO - DONE RAV HEN KIRYAT_ONO
2026-01-09 03:54:49,949 - cinemas.rav_hen - INFO - DONE RAV HEN
2026-01-09 03:54:49,949 - cinemas.hot_cinema - INFO - STARTED HOT CINEMA
2026-01-09 03:54:49,949 - cinemas.hot_cinema - INFO - STARTED HOT CINEMA MODIIN
2026-01-09 03:54:50,166 - root - ERROR - hot cinema crashed
Traceback (most recent call last):
  File "/opt/hostedtoolcache/Python/3.11.14/x64/lib/python3.11/site-packages/requests/models.py", line 976, in json
    return complexjson.loads(self.text, **kwargs)
           ^^^^^^^^^^^^^^^^^^^^^^^^^^^^^^^^^^^^^^
  File "/opt/hostedtoolcache/Python/3.11.14/x64/lib/python3.11/json/__init__.py", line 346, in loads
    return _default_decoder.decode(s)
           ^^^^^^^^^^^^^^^^^^^^^^^^^^
  File "/opt/hostedtoolcache/Python/3.11.14/x64/lib/python3.11/json/decoder.py", line 337, in decode
    obj, end = self.raw_decode(s, idx=_w(s, 0).end())
               ^^^^^^^^^^^^^^^^^^^^^^^^^^^^^^^^^^^^^^
  File "/opt/hostedtoolcache/Python/3.11.14/x64/lib/python3.11/json/decoder.py", line 355, in raw_decode
    raise JSONDecodeError("Expecting value", s, err.value) from None
json.decoder.JSONDecodeError: Expecting value: line 1 column 1 (char 0)

During handling of the above exception, another exception occurred:

Traceback (most recent call last):
  File "/home/runner/work/Movie-Time-Server/Movie-Time-Server/main.py", line 56, in get_screenings_from_cinema
    return unsafe_get_screenings_from_cinema(get_screening, cinema, date, s)
           ^^^^^^^^^^^^^^^^^^^^^^^^^^^^^^^^^^^^^^^^^^^^^^^^^^^^^^^^^^^^^^^^^
  File "/opt/hostedtoolcache/Python/3.11.14/x64/lib/python3.11/site-packages/decorator.py", line 235, in fun
    return caller(func, *(extras + args), **kw)
           ^^^^^^^^^^^^^^^^^^^^^^^^^^^^^^^^^^^^
  File "/opt/hostedtoolcache/Python/3.11.14/x64/lib/python3.11/site-packages/retry/api.py", line 90, in retry_decorator
    return __retry_internal(partial(f, *args, **kwargs), exceptions, tries, delay, max_delay, backoff, jitter,
           ^^^^^^^^^^^^^^^^^^^^^^^^^^^^^^^^^^^^^^^^^^^^^^^^^^^^^^^^^^^^^^^^^^^^^^^^^^^^^^^^^^^^^^^^^^^^^^^^^^^
  File "/opt/hostedtoolcache/Python/3.11.14/x64/lib/python3.11/site-packages/retry/api.py", line 35, in __retry_internal
    return f()
           ^^^
  File "/home/runner/work/Movie-Time-Server/Movie-Time-Server/main.py", line 71, in unsafe_get_screenings_from_cinema
    screenings = get_screening(year, month, day, s)
                 ^^^^^^^^^^^^^^^^^^^^^^^^^^^^^^^^^^
  File "/home/runner/work/Movie-Time-Server/Movie-Time-Server/cinemas/hot_cinema.py", line 131, in get_screenings
    screenings.extend(get_by_location(location, date, s))
                      ^^^^^^^^^^^^^^^^^^^^^^^^^^^^^^^^^^
  File "/home/runner/work/Movie-Time-Server/Movie-Time-Server/cinemas/hot_cinema.py", line 104, in get_by_location
    res = s.get(url).json()
          ^^^^^^^^^^^^^^^^^
  File "/opt/hostedtoolcache/Python/3.11.14/x64/lib/python3.11/site-packages/requests/models.py", line 980, in json
    raise RequestsJSONDecodeError(e.msg, e.doc, e.pos)
requests.exceptions.JSONDecodeError: Expecting value: line 1 column 1 (char 0)
2026-01-09 03:54:50,167 - cinemas.cinema_city - INFO - STARTED CINEMA CITY
2026-01-09 03:54:52,788 - proxy - INFO - Proxy: {'YourFuckingIPAddress': '45.150.108.121', 'YourFuckingLocation': 'Tel Aviv, TA, Israel', 'YourFuckingHostname': '45.150.108.121', 'YourFuckingISP': 'BlueVPS OU', 'YourFuckingTorExit': False, 'YourFuckingCity': 'Tel Aviv', 'YourFuckingCountry': 'Israel', 'YourFuckingCountryCode': 'IL'}
2026-01-09 03:54:52,788 - cinemas.cinema_city - INFO - STARTED CINEMA CITY GLILOT
2026-01-09 03:57:10,331 - cinemas.cinema_city - WARNING - error while getting movie info:
Traceback (most recent call last):
  File "/opt/hostedtoolcache/Python/3.11.14/x64/lib/python3.11/site-packages/urllib3/connectionpool.py", line 468, in _make_request
    six.raise_from(e, None)
  File "<string>", line 3, in raise_from
  File "/opt/hostedtoolcache/Python/3.11.14/x64/lib/python3.11/site-packages/urllib3/connectionpool.py", line 463, in _make_request
    httplib_response = conn.getresponse()
                       ^^^^^^^^^^^^^^^^^^
  File "/opt/hostedtoolcache/Python/3.11.14/x64/lib/python3.11/http/client.py", line 1395, in getresponse
    response.begin()
  File "/opt/hostedtoolcache/Python/3.11.14/x64/lib/python3.11/http/client.py", line 325, in begin
    version, status, reason = self._read_status()
                              ^^^^^^^^^^^^^^^^^^^
  File "/opt/hostedtoolcache/Python/3.11.14/x64/lib/python3.11/http/client.py", line 286, in _read_status
    line = str(self.fp.readline(_MAXLINE + 1), "iso-8859-1")
               ^^^^^^^^^^^^^^^^^^^^^^^^^^^^^^
  File "/opt/hostedtoolcache/Python/3.11.14/x64/lib/python3.11/socket.py", line 718, in readinto
    return self._sock.recv_into(b)
           ^^^^^^^^^^^^^^^^^^^^^^^
TimeoutError: timed out

During handling of the above exception, another exception occurred:

Traceback (most recent call last):
  File "/home/runner/work/Movie-Time-Server/Movie-Time-Server/cinemas/cinema_city.py", line 128, in get_by_location
    english_name = get_english_name(movie_name, s)
                   ^^^^^^^^^^^^^^^^^^^^^^^^^^^^^^^
  File "/home/runner/work/Movie-Time-Server/Movie-Time-Server/cinemas/cinema_city.py", line 85, in get_english_name
    info = s.get(url).json()[1]
           ^^^^^^^^^^
  File "/home/runner/work/Movie-Time-Server/Movie-Time-Server/proxy.py", line 30, in get
    self.driver.get(url)
  File "/opt/hostedtoolcache/Python/3.11.14/x64/lib/python3.11/site-packages/selenium/webdriver/remote/webdriver.py", line 473, in get
    self.execute(Command.GET, {"url": url})
  File "/opt/hostedtoolcache/Python/3.11.14/x64/lib/python3.11/site-packages/selenium/webdriver/remote/webdriver.py", line 446, in execute
    response = self.command_executor.execute(driver_command, params)
               ^^^^^^^^^^^^^^^^^^^^^^^^^^^^^^^^^^^^^^^^^^^^^^^^^^^^^
  File "/opt/hostedtoolcache/Python/3.11.14/x64/lib/python3.11/site-packages/selenium/webdriver/remote/remote_connection.py", line 404, in execute
    return self._request(command_info[0], url, body=data)
           ^^^^^^^^^^^^^^^^^^^^^^^^^^^^^^^^^^^^^^^^^^^^^^
  File "/opt/hostedtoolcache/Python/3.11.14/x64/lib/python3.11/site-packages/selenium/webdriver/remote/remote_connection.py", line 428, in _request
    response = self._conn.request(method, url, body=body, headers=headers, timeout=self._client_config.timeout)
               ^^^^^^^^^^^^^^^^^^^^^^^^^^^^^^^^^^^^^^^^^^^^^^^^^^^^^^^^^^^^^^^^^^^^^^^^^^^^^^^^^^^^^^^^^^^^^^^^
  File "/opt/hostedtoolcache/Python/3.11.14/x64/lib/python3.11/site-packages/urllib3/request.py", line 81, in request
    return self.request_encode_body(
           ^^^^^^^^^^^^^^^^^^^^^^^^^
  File "/opt/hostedtoolcache/Python/3.11.14/x64/lib/python3.11/site-packages/urllib3/request.py", line 173, in request_encode_body
    return self.urlopen(method, url, **extra_kw)
           ^^^^^^^^^^^^^^^^^^^^^^^^^^^^^^^^^^^^^
  File "/opt/hostedtoolcache/Python/3.11.14/x64/lib/python3.11/site-packages/urllib3/poolmanager.py", line 376, in urlopen
    response = conn.urlopen(method, u.request_uri, **kw)
               ^^^^^^^^^^^^^^^^^^^^^^^^^^^^^^^^^^^^^^^^^
  File "/opt/hostedtoolcache/Python/3.11.14/x64/lib/python3.11/site-packages/urllib3/connectionpool.py", line 802, in urlopen
    retries = retries.increment(
              ^^^^^^^^^^^^^^^^^^
  File "/opt/hostedtoolcache/Python/3.11.14/x64/lib/python3.11/site-packages/urllib3/util/retry.py", line 552, in increment
    raise six.reraise(type(error), error, _stacktrace)
          ^^^^^^^^^^^^^^^^^^^^^^^^^^^^^^^^^^^^^^^^^^^^
  File "/opt/hostedtoolcache/Python/3.11.14/x64/lib/python3.11/site-packages/urllib3/packages/six.py", line 770, in reraise
    raise value
  File "/opt/hostedtoolcache/Python/3.11.14/x64/lib/python3.11/site-packages/urllib3/connectionpool.py", line 716, in urlopen
    httplib_response = self._make_request(
                       ^^^^^^^^^^^^^^^^^^^
  File "/opt/hostedtoolcache/Python/3.11.14/x64/lib/python3.11/site-packages/urllib3/connectionpool.py", line 470, in _make_request
    self._raise_timeout(err=e, url=url, timeout_value=read_timeout)
  File "/opt/hostedtoolcache/Python/3.11.14/x64/lib/python3.11/site-packages/urllib3/connectionpool.py", line 358, in _raise_timeout
    raise ReadTimeoutError(
urllib3.exceptions.ReadTimeoutError: HTTPConnectionPool(host='localhost', port=46917): Read timed out. (read timeout=120)
2026-01-09 03:57:16,217 - cinemas.cinema_city - INFO - DONE CINEMA CITY GLILOT
2026-01-09 03:57:16,218 - cinemas.cinema_city - INFO - STARTED CINEMA CITY RISHON
2026-01-09 04:00:03,944 - cinemas.cinema_city - WARNING - error while getting movie info:
Traceback (most recent call last):
  File "/opt/hostedtoolcache/Python/3.11.14/x64/lib/python3.11/site-packages/urllib3/connectionpool.py", line 468, in _make_request
    six.raise_from(e, None)
  File "<string>", line 3, in raise_from
  File "/opt/hostedtoolcache/Python/3.11.14/x64/lib/python3.11/site-packages/urllib3/connectionpool.py", line 463, in _make_request
    httplib_response = conn.getresponse()
                       ^^^^^^^^^^^^^^^^^^
  File "/opt/hostedtoolcache/Python/3.11.14/x64/lib/python3.11/http/client.py", line 1395, in getresponse
    response.begin()
  File "/opt/hostedtoolcache/Python/3.11.14/x64/lib/python3.11/http/client.py", line 325, in begin
    version, status, reason = self._read_status()
                              ^^^^^^^^^^^^^^^^^^^
  File "/opt/hostedtoolcache/Python/3.11.14/x64/lib/python3.11/http/client.py", line 286, in _read_status
    line = str(self.fp.readline(_MAXLINE + 1), "iso-8859-1")
               ^^^^^^^^^^^^^^^^^^^^^^^^^^^^^^
  File "/opt/hostedtoolcache/Python/3.11.14/x64/lib/python3.11/socket.py", line 718, in readinto
    return self._sock.recv_into(b)
           ^^^^^^^^^^^^^^^^^^^^^^^
TimeoutError: timed out

During handling of the above exception, another exception occurred:

Traceback (most recent call last):
  File "/home/runner/work/Movie-Time-Server/Movie-Time-Server/cinemas/cinema_city.py", line 128, in get_by_location
    english_name = get_english_name(movie_name, s)
                   ^^^^^^^^^^^^^^^^^^^^^^^^^^^^^^^
  File "/home/runner/work/Movie-Time-Server/Movie-Time-Server/cinemas/cinema_city.py", line 85, in get_english_name
    info = s.get(url).json()[1]
           ^^^^^^^^^^
  File "/home/runner/work/Movie-Time-Server/Movie-Time-Server/proxy.py", line 30, in get
    self.driver.get(url)
  File "/opt/hostedtoolcache/Python/3.11.14/x64/lib/python3.11/site-packages/selenium/webdriver/remote/webdriver.py", line 473, in get
    self.execute(Command.GET, {"url": url})
  File "/opt/hostedtoolcache/Python/3.11.14/x64/lib/python3.11/site-packages/selenium/webdriver/remote/webdriver.py", line 446, in execute
    response = self.command_executor.execute(driver_command, params)
               ^^^^^^^^^^^^^^^^^^^^^^^^^^^^^^^^^^^^^^^^^^^^^^^^^^^^^
  File "/opt/hostedtoolcache/Python/3.11.14/x64/lib/python3.11/site-packages/selenium/webdriver/remote/remote_connection.py", line 404, in execute
    return self._request(command_info[0], url, body=data)
           ^^^^^^^^^^^^^^^^^^^^^^^^^^^^^^^^^^^^^^^^^^^^^^
  File "/opt/hostedtoolcache/Python/3.11.14/x64/lib/python3.11/site-packages/selenium/webdriver/remote/remote_connection.py", line 428, in _request
    response = self._conn.request(method, url, body=body, headers=headers, timeout=self._client_config.timeout)
               ^^^^^^^^^^^^^^^^^^^^^^^^^^^^^^^^^^^^^^^^^^^^^^^^^^^^^^^^^^^^^^^^^^^^^^^^^^^^^^^^^^^^^^^^^^^^^^^^
  File "/opt/hostedtoolcache/Python/3.11.14/x64/lib/python3.11/site-packages/urllib3/request.py", line 81, in request
    return self.request_encode_body(
           ^^^^^^^^^^^^^^^^^^^^^^^^^
  File "/opt/hostedtoolcache/Python/3.11.14/x64/lib/python3.11/site-packages/urllib3/request.py", line 173, in request_encode_body
    return self.urlopen(method, url, **extra_kw)
           ^^^^^^^^^^^^^^^^^^^^^^^^^^^^^^^^^^^^^
  File "/opt/hostedtoolcache/Python/3.11.14/x64/lib/python3.11/site-packages/urllib3/poolmanager.py", line 376, in urlopen
    response = conn.urlopen(method, u.request_uri, **kw)
               ^^^^^^^^^^^^^^^^^^^^^^^^^^^^^^^^^^^^^^^^^
  File "/opt/hostedtoolcache/Python/3.11.14/x64/lib/python3.11/site-packages/urllib3/connectionpool.py", line 802, in urlopen
    retries = retries.increment(
              ^^^^^^^^^^^^^^^^^^
  File "/opt/hostedtoolcache/Python/3.11.14/x64/lib/python3.11/site-packages/urllib3/util/retry.py", line 552, in increment
    raise six.reraise(type(error), error, _stacktrace)
          ^^^^^^^^^^^^^^^^^^^^^^^^^^^^^^^^^^^^^^^^^^^^
  File "/opt/hostedtoolcache/Python/3.11.14/x64/lib/python3.11/site-packages/urllib3/packages/six.py", line 770, in reraise
    raise value
  File "/opt/hostedtoolcache/Python/3.11.14/x64/lib/python3.11/site-packages/urllib3/connectionpool.py", line 716, in urlopen
    httplib_response = self._make_request(
                       ^^^^^^^^^^^^^^^^^^^
  File "/opt/hostedtoolcache/Python/3.11.14/x64/lib/python3.11/site-packages/urllib3/connectionpool.py", line 470, in _make_request
    self._raise_timeout(err=e, url=url, timeout_value=read_timeout)
  File "/opt/hostedtoolcache/Python/3.11.14/x64/lib/python3.11/site-packages/urllib3/connectionpool.py", line 358, in _raise_timeout
    raise ReadTimeoutError(
urllib3.exceptions.ReadTimeoutError: HTTPConnectionPool(host='localhost', port=46917): Read timed out. (read timeout=120)
2026-01-09 04:00:41,998 - cinemas.cinema_city - INFO - DONE CINEMA CITY RISHON
2026-01-09 04:00:41,998 - cinemas.cinema_city - INFO - STARTED CINEMA CITY JERUSALEM
2026-01-09 04:01:16,396 - cinemas.cinema_city - INFO - DONE CINEMA CITY JERUSALEM
2026-01-09 04:01:16,396 - cinemas.cinema_city - INFO - STARTED CINEMA CITY KFAR_SABBA
2026-01-09 04:03:21,902 - cinemas.cinema_city - WARNING - error while getting movie info:
Traceback (most recent call last):
  File "/opt/hostedtoolcache/Python/3.11.14/x64/lib/python3.11/site-packages/urllib3/connectionpool.py", line 468, in _make_request
    six.raise_from(e, None)
  File "<string>", line 3, in raise_from
  File "/opt/hostedtoolcache/Python/3.11.14/x64/lib/python3.11/site-packages/urllib3/connectionpool.py", line 463, in _make_request
    httplib_response = conn.getresponse()
                       ^^^^^^^^^^^^^^^^^^
  File "/opt/hostedtoolcache/Python/3.11.14/x64/lib/python3.11/http/client.py", line 1395, in getresponse
    response.begin()
  File "/opt/hostedtoolcache/Python/3.11.14/x64/lib/python3.11/http/client.py", line 325, in begin
    version, status, reason = self._read_status()
                              ^^^^^^^^^^^^^^^^^^^
  File "/opt/hostedtoolcache/Python/3.11.14/x64/lib/python3.11/http/client.py", line 286, in _read_status
    line = str(self.fp.readline(_MAXLINE + 1), "iso-8859-1")
               ^^^^^^^^^^^^^^^^^^^^^^^^^^^^^^
  File "/opt/hostedtoolcache/Python/3.11.14/x64/lib/python3.11/socket.py", line 718, in readinto
    return self._sock.recv_into(b)
           ^^^^^^^^^^^^^^^^^^^^^^^
TimeoutError: timed out

During handling of the above exception, another exception occurred:

Traceback (most recent call last):
  File "/home/runner/work/Movie-Time-Server/Movie-Time-Server/cinemas/cinema_city.py", line 128, in get_by_location
    english_name = get_english_name(movie_name, s)
                   ^^^^^^^^^^^^^^^^^^^^^^^^^^^^^^^
  File "/home/runner/work/Movie-Time-Server/Movie-Time-Server/cinemas/cinema_city.py", line 85, in get_english_name
    info = s.get(url).json()[1]
           ^^^^^^^^^^
  File "/home/runner/work/Movie-Time-Server/Movie-Time-Server/proxy.py", line 30, in get
    self.driver.get(url)
  File "/opt/hostedtoolcache/Python/3.11.14/x64/lib/python3.11/site-packages/selenium/webdriver/remote/webdriver.py", line 473, in get
    self.execute(Command.GET, {"url": url})
  File "/opt/hostedtoolcache/Python/3.11.14/x64/lib/python3.11/site-packages/selenium/webdriver/remote/webdriver.py", line 446, in execute
    response = self.command_executor.execute(driver_command, params)
               ^^^^^^^^^^^^^^^^^^^^^^^^^^^^^^^^^^^^^^^^^^^^^^^^^^^^^
  File "/opt/hostedtoolcache/Python/3.11.14/x64/lib/python3.11/site-packages/selenium/webdriver/remote/remote_connection.py", line 404, in execute
    return self._request(command_info[0], url, body=data)
           ^^^^^^^^^^^^^^^^^^^^^^^^^^^^^^^^^^^^^^^^^^^^^^
  File "/opt/hostedtoolcache/Python/3.11.14/x64/lib/python3.11/site-packages/selenium/webdriver/remote/remote_connection.py", line 428, in _request
    response = self._conn.request(method, url, body=body, headers=headers, timeout=self._client_config.timeout)
               ^^^^^^^^^^^^^^^^^^^^^^^^^^^^^^^^^^^^^^^^^^^^^^^^^^^^^^^^^^^^^^^^^^^^^^^^^^^^^^^^^^^^^^^^^^^^^^^^
  File "/opt/hostedtoolcache/Python/3.11.14/x64/lib/python3.11/site-packages/urllib3/request.py", line 81, in request
    return self.request_encode_body(
           ^^^^^^^^^^^^^^^^^^^^^^^^^
  File "/opt/hostedtoolcache/Python/3.11.14/x64/lib/python3.11/site-packages/urllib3/request.py", line 173, in request_encode_body
    return self.urlopen(method, url, **extra_kw)
           ^^^^^^^^^^^^^^^^^^^^^^^^^^^^^^^^^^^^^
  File "/opt/hostedtoolcache/Python/3.11.14/x64/lib/python3.11/site-packages/urllib3/poolmanager.py", line 376, in urlopen
    response = conn.urlopen(method, u.request_uri, **kw)
               ^^^^^^^^^^^^^^^^^^^^^^^^^^^^^^^^^^^^^^^^^
  File "/opt/hostedtoolcache/Python/3.11.14/x64/lib/python3.11/site-packages/urllib3/connectionpool.py", line 802, in urlopen
    retries = retries.increment(
              ^^^^^^^^^^^^^^^^^^
  File "/opt/hostedtoolcache/Python/3.11.14/x64/lib/python3.11/site-packages/urllib3/util/retry.py", line 552, in increment
    raise six.reraise(type(error), error, _stacktrace)
          ^^^^^^^^^^^^^^^^^^^^^^^^^^^^^^^^^^^^^^^^^^^^
  File "/opt/hostedtoolcache/Python/3.11.14/x64/lib/python3.11/site-packages/urllib3/packages/six.py", line 770, in reraise
    raise value
  File "/opt/hostedtoolcache/Python/3.11.14/x64/lib/python3.11/site-packages/urllib3/connectionpool.py", line 716, in urlopen
    httplib_response = self._make_request(
                       ^^^^^^^^^^^^^^^^^^^
  File "/opt/hostedtoolcache/Python/3.11.14/x64/lib/python3.11/site-packages/urllib3/connectionpool.py", line 470, in _make_request
    self._raise_timeout(err=e, url=url, timeout_value=read_timeout)
  File "/opt/hostedtoolcache/Python/3.11.14/x64/lib/python3.11/site-packages/urllib3/connectionpool.py", line 358, in _raise_timeout
    raise ReadTimeoutError(
urllib3.exceptions.ReadTimeoutError: HTTPConnectionPool(host='localhost', port=46917): Read timed out. (read timeout=120)
2026-01-09 04:03:28,317 - cinemas.cinema_city - INFO - DONE CINEMA CITY KFAR_SABBA
2026-01-09 04:03:28,317 - cinemas.cinema_city - INFO - STARTED CINEMA CITY NATANIA
2026-01-09 04:05:33,688 - cinemas.cinema_city - ERROR - Failed to get english name for :  2-
Traceback (most recent call last):
  File "/opt/hostedtoolcache/Python/3.11.14/x64/lib/python3.11/site-packages/urllib3/connectionpool.py", line 468, in _make_request
    six.raise_from(e, None)
  File "<string>", line 3, in raise_from
  File "/opt/hostedtoolcache/Python/3.11.14/x64/lib/python3.11/site-packages/urllib3/connectionpool.py", line 463, in _make_request
    httplib_response = conn.getresponse()
                       ^^^^^^^^^^^^^^^^^^
  File "/opt/hostedtoolcache/Python/3.11.14/x64/lib/python3.11/http/client.py", line 1395, in getresponse
    response.begin()
  File "/opt/hostedtoolcache/Python/3.11.14/x64/lib/python3.11/http/client.py", line 325, in begin
    version, status, reason = self._read_status()
                              ^^^^^^^^^^^^^^^^^^^
  File "/opt/hostedtoolcache/Python/3.11.14/x64/lib/python3.11/http/client.py", line 286, in _read_status
    line = str(self.fp.readline(_MAXLINE + 1), "iso-8859-1")
               ^^^^^^^^^^^^^^^^^^^^^^^^^^^^^^
  File "/opt/hostedtoolcache/Python/3.11.14/x64/lib/python3.11/socket.py", line 718, in readinto
    return self._sock.recv_into(b)
           ^^^^^^^^^^^^^^^^^^^^^^^
TimeoutError: timed out

During handling of the above exception, another exception occurred:

Traceback (most recent call last):
  File "/home/runner/work/Movie-Time-Server/Movie-Time-Server/cinemas/cinema_city.py", line 88, in get_english_name
    bs = BeautifulSoup(s.get(url).text, "html.parser")
                       ^^^^^^^^^^
  File "/home/runner/work/Movie-Time-Server/Movie-Time-Server/proxy.py", line 30, in get
    self.driver.get(url)
  File "/opt/hostedtoolcache/Python/3.11.14/x64/lib/python3.11/site-packages/selenium/webdriver/remote/webdriver.py", line 473, in get
    self.execute(Command.GET, {"url": url})
  File "/opt/hostedtoolcache/Python/3.11.14/x64/lib/python3.11/site-packages/selenium/webdriver/remote/webdriver.py", line 446, in execute
    response = self.command_executor.execute(driver_command, params)
               ^^^^^^^^^^^^^^^^^^^^^^^^^^^^^^^^^^^^^^^^^^^^^^^^^^^^^
  File "/opt/hostedtoolcache/Python/3.11.14/x64/lib/python3.11/site-packages/selenium/webdriver/remote/remote_connection.py", line 404, in execute
    return self._request(command_info[0], url, body=data)
           ^^^^^^^^^^^^^^^^^^^^^^^^^^^^^^^^^^^^^^^^^^^^^^
  File "/opt/hostedtoolcache/Python/3.11.14/x64/lib/python3.11/site-packages/selenium/webdriver/remote/remote_connection.py", line 428, in _request
    response = self._conn.request(method, url, body=body, headers=headers, timeout=self._client_config.timeout)
               ^^^^^^^^^^^^^^^^^^^^^^^^^^^^^^^^^^^^^^^^^^^^^^^^^^^^^^^^^^^^^^^^^^^^^^^^^^^^^^^^^^^^^^^^^^^^^^^^
  File "/opt/hostedtoolcache/Python/3.11.14/x64/lib/python3.11/site-packages/urllib3/request.py", line 81, in request
    return self.request_encode_body(
           ^^^^^^^^^^^^^^^^^^^^^^^^^
  File "/opt/hostedtoolcache/Python/3.11.14/x64/lib/python3.11/site-packages/urllib3/request.py", line 173, in request_encode_body
    return self.urlopen(method, url, **extra_kw)
           ^^^^^^^^^^^^^^^^^^^^^^^^^^^^^^^^^^^^^
  File "/opt/hostedtoolcache/Python/3.11.14/x64/lib/python3.11/site-packages/urllib3/poolmanager.py", line 376, in urlopen
    response = conn.urlopen(method, u.request_uri, **kw)
               ^^^^^^^^^^^^^^^^^^^^^^^^^^^^^^^^^^^^^^^^^
  File "/opt/hostedtoolcache/Python/3.11.14/x64/lib/python3.11/site-packages/urllib3/connectionpool.py", line 802, in urlopen
    retries = retries.increment(
              ^^^^^^^^^^^^^^^^^^
  File "/opt/hostedtoolcache/Python/3.11.14/x64/lib/python3.11/site-packages/urllib3/util/retry.py", line 552, in increment
    raise six.reraise(type(error), error, _stacktrace)
          ^^^^^^^^^^^^^^^^^^^^^^^^^^^^^^^^^^^^^^^^^^^^
  File "/opt/hostedtoolcache/Python/3.11.14/x64/lib/python3.11/site-packages/urllib3/packages/six.py", line 770, in reraise
    raise value
  File "/opt/hostedtoolcache/Python/3.11.14/x64/lib/python3.11/site-packages/urllib3/connectionpool.py", line 716, in urlopen
    httplib_response = self._make_request(
                       ^^^^^^^^^^^^^^^^^^^
  File "/opt/hostedtoolcache/Python/3.11.14/x64/lib/python3.11/site-packages/urllib3/connectionpool.py", line 470, in _make_request
    self._raise_timeout(err=e, url=url, timeout_value=read_timeout)
  File "/opt/hostedtoolcache/Python/3.11.14/x64/lib/python3.11/site-packages/urllib3/connectionpool.py", line 358, in _raise_timeout
    raise ReadTimeoutError(
urllib3.exceptions.ReadTimeoutError: HTTPConnectionPool(host='localhost', port=46917): Read timed out. (read timeout=120)
2026-01-09 04:05:40,002 - cinemas.cinema_city - INFO - DONE CINEMA CITY NATANIA
2026-01-09 04:05:40,002 - cinemas.cinema_city - INFO - STARTED CINEMA CITY BEER_SHEVA
2026-01-09 04:05:41,073 - cinemas.cinema_city - INFO - DONE CINEMA CITY BEER_SHEVA
2026-01-09 04:05:41,073 - cinemas.cinema_city - INFO - STARTED CINEMA CITY HADERA
2026-01-09 04:05:42,130 - cinemas.cinema_city - INFO - DONE CINEMA CITY HADERA
2026-01-09 04:05:42,130 - cinemas.cinema_city - INFO - STARTED CINEMA CITY ASHDOD
2026-01-09 04:05:47,512 - cinemas.cinema_city - INFO - DONE CINEMA CITY ASHDOD
2026-01-09 04:05:47,605 - proxy - INFO - Proxy removed
2026-01-09 04:05:47,605 - cinemas.cinema_city - INFO - DONE CINEMA CITY
2026-01-09 04:05:47,606 - cinemas.lev - INFO - STARTED LEV
2026-01-09 04:05:50,367 - proxy - INFO - Proxy: {'YourFuckingIPAddress': '45.150.108.121', 'YourFuckingLocation': 'Tel Aviv, TA, Israel', 'YourFuckingHostname': '45.150.108.121', 'YourFuckingISP': 'BlueVPS OU', 'YourFuckingTorExit': False, 'YourFuckingCity': 'Tel Aviv', 'YourFuckingCountry': 'Israel', 'YourFuckingCountryCode': 'IL'}
2026-01-09 04:05:50,367 - cinemas.lev - INFO - STARTED LEV TEL_AVIV
2026-01-09 04:05:53,193 - cinemas.lev - INFO - DONE LEV TEL_AVIV
2026-01-09 04:05:53,193 - cinemas.lev - INFO - STARTED LEV RAMAT_HASHARON
2026-01-09 04:05:54,008 - cinemas.lev - INFO - DONE LEV RAMAT_HASHARON
2026-01-09 04:05:54,009 - cinemas.lev - INFO - STARTED LEV MANDARIN
2026-01-09 04:05:54,632 - cinemas.lev - INFO - DONE LEV MANDARIN
2026-01-09 04:05:54,632 - cinemas.lev - INFO - STARTED LEV EVEN_YEHUDA
2026-01-09 04:05:55,415 - cinemas.lev - INFO - DONE LEV EVEN_YEHUDA
2026-01-09 04:05:55,415 - cinemas.lev - INFO - STARTED LEV SMADAR
2026-01-09 04:05:55,970 - cinemas.lev - INFO - DONE LEV SMADAR
2026-01-09 04:05:55,970 - cinemas.lev - INFO - STARTED LEV RAANANA
2026-01-09 04:05:56,732 - cinemas.lev - INFO - DONE LEV RAANANA
2026-01-09 04:05:56,733 - cinemas.lev - INFO - STARTED LEV OMER
2026-01-09 04:05:57,104 - cinemas.lev - INFO - DONE LEV OMER
2026-01-09 04:05:57,104 - cinemas.lev - INFO - STARTED LEV SHOHAM
2026-01-09 04:05:57,747 - cinemas.lev - INFO - DONE LEV SHOHAM
2026-01-09 04:05:57,747 - cinemas.lev - INFO - STARTED LEV DANIEL
2026-01-09 04:05:58,126 - cinemas.lev - INFO - DONE LEV DANIEL
2026-01-09 04:05:58,187 - proxy - INFO - Proxy removed
2026-01-09 04:05:58,188 - cinemas.lev - INFO - DONE LEV
2026-01-09 04:05:58,188 - cinemas.movieland - INFO - STARTED Movie Land
2026-01-09 04:05:58,188 - cinemas.movieland - INFO - STARTED Movie Land CARMIEL
2026-01-09 04:05:58,298 - cinemas.movieland - INFO - STARTED Movie Land HAIFA
2026-01-09 04:05:58,357 - cinemas.movieland - INFO - STARTED Movie Land NATANYA
2026-01-09 04:05:58,409 - cinemas.movieland - INFO - DONE Movie Land
2026-01-09 04:05:58,409 - retry.api - WARNING - AssertionError: movieland returned empty list in __main__.unsafe_get_screenings_from_cinema, retrying in 1 seconds...
2026-01-09 04:05:59,409 - cinemas.movieland - INFO - STARTED Movie Land
2026-01-09 04:05:59,410 - cinemas.movieland - INFO - STARTED Movie Land CARMIEL
2026-01-09 04:05:59,465 - cinemas.movieland - INFO - STARTED Movie Land HAIFA
2026-01-09 04:05:59,514 - cinemas.movieland - INFO - STARTED Movie Land NATANYA
2026-01-09 04:05:59,561 - cinemas.movieland - INFO - DONE Movie Land
2026-01-09 04:05:59,561 - retry.api - WARNING - AssertionError: movieland returned empty list in __main__.unsafe_get_screenings_from_cinema, retrying in 2 seconds...
2026-01-09 04:06:01,562 - cinemas.movieland - INFO - STARTED Movie Land
2026-01-09 04:06:01,562 - cinemas.movieland - INFO - STARTED Movie Land CARMIEL
2026-01-09 04:06:01,620 - cinemas.movieland - INFO - STARTED Movie Land HAIFA
2026-01-09 04:06:01,668 - cinemas.movieland - INFO - STARTED Movie Land NATANYA
2026-01-09 04:06:01,719 - cinemas.movieland - INFO - DONE Movie Land
2026-01-09 04:06:01,720 - root - ERROR - movieland crashed: movieland returned empty list
2026-01-09 04:06:01,720 - root - INFO - ********************
2026-01-09 04:06:01,720 - root - INFO - started checking for:12-01-2026
2026-01-09 04:06:01,720 - cinemas.yes_planet - INFO - STARTED YES PLANET
2026-01-09 04:06:01,720 - cinemas.yes_planet - INFO - STARTED YES PLANET RISHON
2026-01-09 04:06:02,600 - cinemas.yes_planet - INFO - DONE YES PLANET RISHON
2026-01-09 04:06:02,600 - cinemas.yes_planet - INFO - STARTED YES PLANET AYALON
2026-01-09 04:06:03,205 - cinemas.yes_planet - INFO - DONE YES PLANET AYALON
2026-01-09 04:06:03,205 - cinemas.yes_planet - INFO - STARTED YES PLANET ZICHRON
2026-01-09 04:06:03,786 - cinemas.yes_planet - INFO - DONE YES PLANET ZICHRON
2026-01-09 04:06:03,786 - cinemas.yes_planet - INFO - STARTED YES PLANET HAIFA
2026-01-09 04:06:04,503 - cinemas.yes_planet - INFO - DONE YES PLANET HAIFA
2026-01-09 04:06:04,503 - cinemas.yes_planet - INFO - STARTED YES PLANET JERUSALEM
2026-01-09 04:06:05,175 - cinemas.yes_planet - INFO - DONE YES PLANET JERUSALEM
2026-01-09 04:06:05,175 - cinemas.yes_planet - INFO - STARTED YES PLANET BEER_SHEVA
2026-01-09 04:06:05,836 - cinemas.yes_planet - INFO - DONE YES PLANET BEER_SHEVA
2026-01-09 04:06:05,836 - cinemas.yes_planet - INFO - DONE YES PLANET
2026-01-09 04:06:05,836 - cinemas.rav_hen - INFO - STARTED RAV HEN
2026-01-09 04:06:05,836 - cinemas.rav_hen - INFO - STARTED RAV HEN GIVATAIM
2026-01-09 04:06:06,422 - cinemas.rav_hen - INFO - DONE RAV HEN GIVATAIM
2026-01-09 04:06:06,422 - cinemas.rav_hen - INFO - STARTED RAV HEN DIZINGOF
2026-01-09 04:06:06,864 - cinemas.rav_hen - INFO - DONE RAV HEN DIZINGOF
2026-01-09 04:06:06,864 - cinemas.rav_hen - INFO - STARTED RAV HEN MODIIN
2026-01-09 04:06:07,316 - cinemas.rav_hen - INFO - DONE RAV HEN MODIIN
2026-01-09 04:06:07,316 - cinemas.rav_hen - INFO - STARTED RAV HEN KIRYAT_ONO
2026-01-09 04:06:07,766 - cinemas.rav_hen - INFO - DONE RAV HEN KIRYAT_ONO
2026-01-09 04:06:07,766 - cinemas.rav_hen - INFO - DONE RAV HEN
2026-01-09 04:06:07,767 - cinemas.hot_cinema - INFO - STARTED HOT CINEMA
2026-01-09 04:06:07,767 - cinemas.hot_cinema - INFO - STARTED HOT CINEMA MODIIN
2026-01-09 04:06:07,866 - root - ERROR - hot cinema crashed
Traceback (most recent call last):
  File "/opt/hostedtoolcache/Python/3.11.14/x64/lib/python3.11/site-packages/requests/models.py", line 976, in json
    return complexjson.loads(self.text, **kwargs)
           ^^^^^^^^^^^^^^^^^^^^^^^^^^^^^^^^^^^^^^
  File "/opt/hostedtoolcache/Python/3.11.14/x64/lib/python3.11/json/__init__.py", line 346, in loads
    return _default_decoder.decode(s)
           ^^^^^^^^^^^^^^^^^^^^^^^^^^
  File "/opt/hostedtoolcache/Python/3.11.14/x64/lib/python3.11/json/decoder.py", line 337, in decode
    obj, end = self.raw_decode(s, idx=_w(s, 0).end())
               ^^^^^^^^^^^^^^^^^^^^^^^^^^^^^^^^^^^^^^
  File "/opt/hostedtoolcache/Python/3.11.14/x64/lib/python3.11/json/decoder.py", line 355, in raw_decode
    raise JSONDecodeError("Expecting value", s, err.value) from None
json.decoder.JSONDecodeError: Expecting value: line 1 column 1 (char 0)

During handling of the above exception, another exception occurred:

Traceback (most recent call last):
  File "/home/runner/work/Movie-Time-Server/Movie-Time-Server/main.py", line 56, in get_screenings_from_cinema
    return unsafe_get_screenings_from_cinema(get_screening, cinema, date, s)
           ^^^^^^^^^^^^^^^^^^^^^^^^^^^^^^^^^^^^^^^^^^^^^^^^^^^^^^^^^^^^^^^^^
  File "/opt/hostedtoolcache/Python/3.11.14/x64/lib/python3.11/site-packages/decorator.py", line 235, in fun
    return caller(func, *(extras + args), **kw)
           ^^^^^^^^^^^^^^^^^^^^^^^^^^^^^^^^^^^^
  File "/opt/hostedtoolcache/Python/3.11.14/x64/lib/python3.11/site-packages/retry/api.py", line 90, in retry_decorator
    return __retry_internal(partial(f, *args, **kwargs), exceptions, tries, delay, max_delay, backoff, jitter,
           ^^^^^^^^^^^^^^^^^^^^^^^^^^^^^^^^^^^^^^^^^^^^^^^^^^^^^^^^^^^^^^^^^^^^^^^^^^^^^^^^^^^^^^^^^^^^^^^^^^^
  File "/opt/hostedtoolcache/Python/3.11.14/x64/lib/python3.11/site-packages/retry/api.py", line 35, in __retry_internal
    return f()
           ^^^
  File "/home/runner/work/Movie-Time-Server/Movie-Time-Server/main.py", line 71, in unsafe_get_screenings_from_cinema
    screenings = get_screening(year, month, day, s)
                 ^^^^^^^^^^^^^^^^^^^^^^^^^^^^^^^^^^
  File "/home/runner/work/Movie-Time-Server/Movie-Time-Server/cinemas/hot_cinema.py", line 131, in get_screenings
    screenings.extend(get_by_location(location, date, s))
                      ^^^^^^^^^^^^^^^^^^^^^^^^^^^^^^^^^^
  File "/home/runner/work/Movie-Time-Server/Movie-Time-Server/cinemas/hot_cinema.py", line 104, in get_by_location
    res = s.get(url).json()
          ^^^^^^^^^^^^^^^^^
  File "/opt/hostedtoolcache/Python/3.11.14/x64/lib/python3.11/site-packages/requests/models.py", line 980, in json
    raise RequestsJSONDecodeError(e.msg, e.doc, e.pos)
requests.exceptions.JSONDecodeError: Expecting value: line 1 column 1 (char 0)
2026-01-09 04:06:07,867 - cinemas.cinema_city - INFO - STARTED CINEMA CITY
2026-01-09 04:06:10,518 - proxy - INFO - Proxy: {'YourFuckingIPAddress': '45.150.108.121', 'YourFuckingLocation': 'Tel Aviv, TA, Israel', 'YourFuckingHostname': '45.150.108.121', 'YourFuckingISP': 'BlueVPS OU', 'YourFuckingTorExit': False, 'YourFuckingCity': 'Tel Aviv', 'YourFuckingCountry': 'Israel', 'YourFuckingCountryCode': 'IL'}
2026-01-09 04:06:10,518 - cinemas.cinema_city - INFO - STARTED CINEMA CITY GLILOT
2026-01-09 04:06:22,520 - cinemas.cinema_city - INFO - DONE CINEMA CITY GLILOT
2026-01-09 04:06:22,520 - cinemas.cinema_city - INFO - STARTED CINEMA CITY RISHON
2026-01-09 04:06:29,463 - cinemas.cinema_city - INFO - DONE CINEMA CITY RISHON
2026-01-09 04:06:29,463 - cinemas.cinema_city - INFO - STARTED CINEMA CITY JERUSALEM
2026-01-09 04:06:34,104 - cinemas.cinema_city - INFO - DONE CINEMA CITY JERUSALEM
2026-01-09 04:06:34,104 - cinemas.cinema_city - INFO - STARTED CINEMA CITY KFAR_SABBA
2026-01-09 04:06:35,075 - cinemas.cinema_city - INFO - DONE CINEMA CITY KFAR_SABBA
2026-01-09 04:06:35,075 - cinemas.cinema_city - INFO - STARTED CINEMA CITY NATANIA
2026-01-09 04:06:36,246 - cinemas.cinema_city - INFO - DONE CINEMA CITY NATANIA
2026-01-09 04:06:36,246 - cinemas.cinema_city - INFO - STARTED CINEMA CITY BEER_SHEVA
2026-01-09 04:06:39,421 - cinemas.cinema_city - INFO - DONE CINEMA CITY BEER_SHEVA
2026-01-09 04:06:39,421 - cinemas.cinema_city - INFO - STARTED CINEMA CITY HADERA
2026-01-09 04:06:40,389 - cinemas.cinema_city - INFO - DONE CINEMA CITY HADERA
2026-01-09 04:06:40,389 - cinemas.cinema_city - INFO - STARTED CINEMA CITY ASHDOD
2026-01-09 04:06:41,713 - cinemas.cinema_city - INFO - DONE CINEMA CITY ASHDOD
2026-01-09 04:06:41,785 - proxy - INFO - Proxy removed
2026-01-09 04:06:41,785 - cinemas.cinema_city - INFO - DONE CINEMA CITY
2026-01-09 04:06:41,785 - cinemas.lev - INFO - STARTED LEV
2026-01-09 04:06:44,426 - proxy - INFO - Proxy: {'YourFuckingIPAddress': '45.150.108.121', 'YourFuckingLocation': 'Tel Aviv, TA, Israel', 'YourFuckingHostname': '45.150.108.121', 'YourFuckingISP': 'BlueVPS OU', 'YourFuckingTorExit': False, 'YourFuckingCity': 'Tel Aviv', 'YourFuckingCountry': 'Israel', 'YourFuckingCountryCode': 'IL'}
2026-01-09 04:06:44,426 - cinemas.lev - INFO - STARTED LEV TEL_AVIV
2026-01-09 04:06:45,562 - cinemas.lev - INFO - DONE LEV TEL_AVIV
2026-01-09 04:06:45,563 - cinemas.lev - INFO - STARTED LEV RAMAT_HASHARON
2026-01-09 04:06:46,106 - cinemas.lev - INFO - DONE LEV RAMAT_HASHARON
2026-01-09 04:06:46,106 - cinemas.lev - INFO - STARTED LEV MANDARIN
2026-01-09 04:06:46,416 - cinemas.lev - INFO - DONE LEV MANDARIN
2026-01-09 04:06:46,416 - cinemas.lev - INFO - STARTED LEV EVEN_YEHUDA
2026-01-09 04:06:46,778 - cinemas.lev - INFO - DONE LEV EVEN_YEHUDA
2026-01-09 04:06:46,778 - cinemas.lev - INFO - STARTED LEV SMADAR
2026-01-09 04:06:47,224 - cinemas.lev - INFO - DONE LEV SMADAR
2026-01-09 04:06:47,225 - cinemas.lev - INFO - STARTED LEV RAANANA
2026-01-09 04:06:47,756 - cinemas.lev - INFO - DONE LEV RAANANA
2026-01-09 04:06:47,756 - cinemas.lev - INFO - STARTED LEV OMER
2026-01-09 04:06:48,124 - cinemas.lev - INFO - DONE LEV OMER
2026-01-09 04:06:48,124 - cinemas.lev - INFO - STARTED LEV SHOHAM
2026-01-09 04:06:48,436 - cinemas.lev - INFO - DONE LEV SHOHAM
2026-01-09 04:06:48,436 - cinemas.lev - INFO - STARTED LEV DANIEL
2026-01-09 04:06:48,826 - cinemas.lev - INFO - DONE LEV DANIEL
2026-01-09 04:06:48,887 - proxy - INFO - Proxy removed
2026-01-09 04:06:48,887 - cinemas.lev - INFO - DONE LEV
2026-01-09 04:06:48,887 - cinemas.movieland - INFO - STARTED Movie Land
2026-01-09 04:06:48,888 - cinemas.movieland - INFO - STARTED Movie Land CARMIEL
2026-01-09 04:06:48,945 - cinemas.movieland - INFO - STARTED Movie Land HAIFA
2026-01-09 04:06:49,004 - cinemas.movieland - INFO - STARTED Movie Land NATANYA
2026-01-09 04:06:49,050 - cinemas.movieland - INFO - DONE Movie Land
2026-01-09 04:06:49,051 - retry.api - WARNING - AssertionError: movieland returned empty list in __main__.unsafe_get_screenings_from_cinema, retrying in 1 seconds...
2026-01-09 04:06:50,051 - cinemas.movieland - INFO - STARTED Movie Land
2026-01-09 04:06:50,051 - cinemas.movieland - INFO - STARTED Movie Land CARMIEL
2026-01-09 04:06:50,102 - cinemas.movieland - INFO - STARTED Movie Land HAIFA
2026-01-09 04:06:50,148 - cinemas.movieland - INFO - STARTED Movie Land NATANYA
2026-01-09 04:06:50,197 - cinemas.movieland - INFO - DONE Movie Land
2026-01-09 04:06:50,197 - retry.api - WARNING - AssertionError: movieland returned empty list in __main__.unsafe_get_screenings_from_cinema, retrying in 2 seconds...
2026-01-09 04:06:52,197 - cinemas.movieland - INFO - STARTED Movie Land
2026-01-09 04:06:52,197 - cinemas.movieland - INFO - STARTED Movie Land CARMIEL
2026-01-09 04:06:52,248 - cinemas.movieland - INFO - STARTED Movie Land HAIFA
2026-01-09 04:06:52,305 - cinemas.movieland - INFO - STARTED Movie Land NATANYA
2026-01-09 04:06:52,353 - cinemas.movieland - INFO - DONE Movie Land
2026-01-09 04:06:52,354 - root - ERROR - movieland crashed: movieland returned empty list
2026-01-09 04:06:52,354 - root - INFO - ********************
2026-01-09 04:06:52,354 - root - INFO - started checking for:13-01-2026
2026-01-09 04:06:52,354 - cinemas.yes_planet - INFO - STARTED YES PLANET
2026-01-09 04:06:52,354 - cinemas.yes_planet - INFO - STARTED YES PLANET RISHON
2026-01-09 04:06:52,967 - cinemas.yes_planet - INFO - DONE YES PLANET RISHON
2026-01-09 04:06:52,967 - cinemas.yes_planet - INFO - STARTED YES PLANET AYALON
2026-01-09 04:06:53,529 - cinemas.yes_planet - INFO - DONE YES PLANET AYALON
2026-01-09 04:06:53,530 - cinemas.yes_planet - INFO - STARTED YES PLANET ZICHRON
2026-01-09 04:06:54,190 - cinemas.yes_planet - INFO - DONE YES PLANET ZICHRON
2026-01-09 04:06:54,190 - cinemas.yes_planet - INFO - STARTED YES PLANET HAIFA
2026-01-09 04:06:54,857 - cinemas.yes_planet - INFO - DONE YES PLANET HAIFA
2026-01-09 04:06:54,858 - cinemas.yes_planet - INFO - STARTED YES PLANET JERUSALEM
2026-01-09 04:06:55,534 - cinemas.yes_planet - INFO - DONE YES PLANET JERUSALEM
2026-01-09 04:06:55,534 - cinemas.yes_planet - INFO - STARTED YES PLANET BEER_SHEVA
2026-01-09 04:06:56,108 - cinemas.yes_planet - INFO - DONE YES PLANET BEER_SHEVA
2026-01-09 04:06:56,108 - cinemas.yes_planet - INFO - DONE YES PLANET
2026-01-09 04:06:56,108 - cinemas.rav_hen - INFO - STARTED RAV HEN
2026-01-09 04:06:56,108 - cinemas.rav_hen - INFO - STARTED RAV HEN GIVATAIM
2026-01-09 04:06:57,239 - cinemas.rav_hen - INFO - DONE RAV HEN GIVATAIM
2026-01-09 04:06:57,240 - cinemas.rav_hen - INFO - STARTED RAV HEN DIZINGOF
2026-01-09 04:06:58,330 - cinemas.rav_hen - INFO - DONE RAV HEN DIZINGOF
2026-01-09 04:06:58,330 - cinemas.rav_hen - INFO - STARTED RAV HEN MODIIN
2026-01-09 04:06:58,751 - cinemas.rav_hen - INFO - DONE RAV HEN MODIIN
2026-01-09 04:06:58,751 - cinemas.rav_hen - INFO - STARTED RAV HEN KIRYAT_ONO
2026-01-09 04:06:59,243 - cinemas.rav_hen - INFO - DONE RAV HEN KIRYAT_ONO
2026-01-09 04:06:59,243 - cinemas.rav_hen - INFO - DONE RAV HEN
2026-01-09 04:06:59,243 - cinemas.hot_cinema - INFO - STARTED HOT CINEMA
2026-01-09 04:06:59,243 - cinemas.hot_cinema - INFO - STARTED HOT CINEMA MODIIN
2026-01-09 04:06:59,312 - root - ERROR - hot cinema crashed
Traceback (most recent call last):
  File "/opt/hostedtoolcache/Python/3.11.14/x64/lib/python3.11/site-packages/requests/models.py", line 976, in json
    return complexjson.loads(self.text, **kwargs)
           ^^^^^^^^^^^^^^^^^^^^^^^^^^^^^^^^^^^^^^
  File "/opt/hostedtoolcache/Python/3.11.14/x64/lib/python3.11/json/__init__.py", line 346, in loads
    return _default_decoder.decode(s)
           ^^^^^^^^^^^^^^^^^^^^^^^^^^
  File "/opt/hostedtoolcache/Python/3.11.14/x64/lib/python3.11/json/decoder.py", line 337, in decode
    obj, end = self.raw_decode(s, idx=_w(s, 0).end())
               ^^^^^^^^^^^^^^^^^^^^^^^^^^^^^^^^^^^^^^
  File "/opt/hostedtoolcache/Python/3.11.14/x64/lib/python3.11/json/decoder.py", line 355, in raw_decode
    raise JSONDecodeError("Expecting value", s, err.value) from None
json.decoder.JSONDecodeError: Expecting value: line 1 column 1 (char 0)

During handling of the above exception, another exception occurred:

Traceback (most recent call last):
  File "/home/runner/work/Movie-Time-Server/Movie-Time-Server/main.py", line 56, in get_screenings_from_cinema
    return unsafe_get_screenings_from_cinema(get_screening, cinema, date, s)
           ^^^^^^^^^^^^^^^^^^^^^^^^^^^^^^^^^^^^^^^^^^^^^^^^^^^^^^^^^^^^^^^^^
  File "/opt/hostedtoolcache/Python/3.11.14/x64/lib/python3.11/site-packages/decorator.py", line 235, in fun
    return caller(func, *(extras + args), **kw)
           ^^^^^^^^^^^^^^^^^^^^^^^^^^^^^^^^^^^^
  File "/opt/hostedtoolcache/Python/3.11.14/x64/lib/python3.11/site-packages/retry/api.py", line 90, in retry_decorator
    return __retry_internal(partial(f, *args, **kwargs), exceptions, tries, delay, max_delay, backoff, jitter,
           ^^^^^^^^^^^^^^^^^^^^^^^^^^^^^^^^^^^^^^^^^^^^^^^^^^^^^^^^^^^^^^^^^^^^^^^^^^^^^^^^^^^^^^^^^^^^^^^^^^^
  File "/opt/hostedtoolcache/Python/3.11.14/x64/lib/python3.11/site-packages/retry/api.py", line 35, in __retry_internal
    return f()
           ^^^
  File "/home/runner/work/Movie-Time-Server/Movie-Time-Server/main.py", line 71, in unsafe_get_screenings_from_cinema
    screenings = get_screening(year, month, day, s)
                 ^^^^^^^^^^^^^^^^^^^^^^^^^^^^^^^^^^
  File "/home/runner/work/Movie-Time-Server/Movie-Time-Server/cinemas/hot_cinema.py", line 131, in get_screenings
    screenings.extend(get_by_location(location, date, s))
                      ^^^^^^^^^^^^^^^^^^^^^^^^^^^^^^^^^^
  File "/home/runner/work/Movie-Time-Server/Movie-Time-Server/cinemas/hot_cinema.py", line 104, in get_by_location
    res = s.get(url).json()
          ^^^^^^^^^^^^^^^^^
  File "/opt/hostedtoolcache/Python/3.11.14/x64/lib/python3.11/site-packages/requests/models.py", line 980, in json
    raise RequestsJSONDecodeError(e.msg, e.doc, e.pos)
requests.exceptions.JSONDecodeError: Expecting value: line 1 column 1 (char 0)
2026-01-09 04:06:59,313 - cinemas.cinema_city - INFO - STARTED CINEMA CITY
2026-01-09 04:07:01,952 - proxy - INFO - Proxy: {'YourFuckingIPAddress': '45.150.108.121', 'YourFuckingLocation': 'Tel Aviv, TA, Israel', 'YourFuckingHostname': '45.150.108.121', 'YourFuckingISP': 'BlueVPS OU', 'YourFuckingTorExit': False, 'YourFuckingCity': 'Tel Aviv', 'YourFuckingCountry': 'Israel', 'YourFuckingCountryCode': 'IL'}
2026-01-09 04:07:01,952 - cinemas.cinema_city - INFO - STARTED CINEMA CITY GLILOT
2026-01-09 04:08:41,983 - cinemas.cinema_city - INFO - DONE CINEMA CITY GLILOT
2026-01-09 04:08:41,983 - cinemas.cinema_city - INFO - STARTED CINEMA CITY RISHON
2026-01-09 04:08:46,598 - cinemas.cinema_city - INFO - DONE CINEMA CITY RISHON
2026-01-09 04:08:46,598 - cinemas.cinema_city - INFO - STARTED CINEMA CITY JERUSALEM
2026-01-09 04:08:47,528 - cinemas.cinema_city - INFO - DONE CINEMA CITY JERUSALEM
2026-01-09 04:08:47,528 - cinemas.cinema_city - INFO - STARTED CINEMA CITY KFAR_SABBA
2026-01-09 04:08:48,587 - cinemas.cinema_city - INFO - DONE CINEMA CITY KFAR_SABBA
2026-01-09 04:08:48,587 - cinemas.cinema_city - INFO - STARTED CINEMA CITY NATANIA
2026-01-09 04:08:49,613 - cinemas.cinema_city - INFO - DONE CINEMA CITY NATANIA
2026-01-09 04:08:49,613 - cinemas.cinema_city - INFO - STARTED CINEMA CITY BEER_SHEVA
2026-01-09 04:08:50,846 - cinemas.cinema_city - INFO - DONE CINEMA CITY BEER_SHEVA
2026-01-09 04:08:50,846 - cinemas.cinema_city - INFO - STARTED CINEMA CITY HADERA
2026-01-09 04:08:52,012 - cinemas.cinema_city - INFO - DONE CINEMA CITY HADERA
2026-01-09 04:08:52,012 - cinemas.cinema_city - INFO - STARTED CINEMA CITY ASHDOD
2026-01-09 04:08:53,093 - cinemas.cinema_city - INFO - DONE CINEMA CITY ASHDOD
2026-01-09 04:08:53,205 - proxy - INFO - Proxy removed
2026-01-09 04:08:53,205 - cinemas.cinema_city - INFO - DONE CINEMA CITY
2026-01-09 04:08:53,205 - cinemas.lev - INFO - STARTED LEV
2026-01-09 04:08:55,742 - proxy - INFO - Proxy: {'YourFuckingIPAddress': '45.150.108.121', 'YourFuckingLocation': 'Tel Aviv, TA, Israel', 'YourFuckingHostname': '45.150.108.121', 'YourFuckingISP': 'BlueVPS OU', 'YourFuckingTorExit': False, 'YourFuckingCity': 'Tel Aviv', 'YourFuckingCountry': 'Israel', 'YourFuckingCountryCode': 'IL'}
2026-01-09 04:08:55,742 - cinemas.lev - INFO - STARTED LEV TEL_AVIV
2026-01-09 04:08:56,871 - cinemas.lev - INFO - DONE LEV TEL_AVIV
2026-01-09 04:08:56,872 - cinemas.lev - INFO - STARTED LEV RAMAT_HASHARON
2026-01-09 04:08:57,563 - cinemas.lev - INFO - DONE LEV RAMAT_HASHARON
2026-01-09 04:08:57,563 - cinemas.lev - INFO - STARTED LEV MANDARIN
2026-01-09 04:08:57,995 - cinemas.lev - INFO - DONE LEV MANDARIN
2026-01-09 04:08:57,995 - cinemas.lev - INFO - STARTED LEV EVEN_YEHUDA
2026-01-09 04:08:58,481 - cinemas.lev - INFO - DONE LEV EVEN_YEHUDA
2026-01-09 04:08:58,482 - cinemas.lev - INFO - STARTED LEV SMADAR
2026-01-09 04:08:58,913 - cinemas.lev - INFO - DONE LEV SMADAR
2026-01-09 04:08:58,914 - cinemas.lev - INFO - STARTED LEV RAANANA
2026-01-09 04:08:59,314 - cinemas.lev - INFO - DONE LEV RAANANA
2026-01-09 04:08:59,315 - cinemas.lev - INFO - STARTED LEV OMER
2026-01-09 04:08:59,685 - cinemas.lev - INFO - DONE LEV OMER
2026-01-09 04:08:59,685 - cinemas.lev - INFO - STARTED LEV SHOHAM
2026-01-09 04:08:59,996 - cinemas.lev - INFO - DONE LEV SHOHAM
2026-01-09 04:08:59,996 - cinemas.lev - INFO - STARTED LEV DANIEL
2026-01-09 04:09:00,384 - cinemas.lev - INFO - DONE LEV DANIEL
2026-01-09 04:09:00,447 - proxy - INFO - Proxy removed
2026-01-09 04:09:00,447 - cinemas.lev - INFO - DONE LEV
2026-01-09 04:09:00,447 - cinemas.movieland - INFO - STARTED Movie Land
2026-01-09 04:09:00,447 - cinemas.movieland - INFO - STARTED Movie Land CARMIEL
2026-01-09 04:09:00,509 - cinemas.movieland - INFO - STARTED Movie Land HAIFA
2026-01-09 04:09:00,565 - cinemas.movieland - INFO - STARTED Movie Land NATANYA
2026-01-09 04:09:00,629 - cinemas.movieland - INFO - DONE Movie Land
2026-01-09 04:09:00,629 - retry.api - WARNING - AssertionError: movieland returned empty list in __main__.unsafe_get_screenings_from_cinema, retrying in 1 seconds...
2026-01-09 04:09:01,629 - cinemas.movieland - INFO - STARTED Movie Land
2026-01-09 04:09:01,629 - cinemas.movieland - INFO - STARTED Movie Land CARMIEL
2026-01-09 04:09:01,699 - cinemas.movieland - INFO - STARTED Movie Land HAIFA
2026-01-09 04:09:01,768 - cinemas.movieland - INFO - STARTED Movie Land NATANYA
2026-01-09 04:09:01,815 - cinemas.movieland - INFO - DONE Movie Land
2026-01-09 04:09:01,816 - retry.api - WARNING - AssertionError: movieland returned empty list in __main__.unsafe_get_screenings_from_cinema, retrying in 2 seconds...
2026-01-09 04:09:03,816 - cinemas.movieland - INFO - STARTED Movie Land
2026-01-09 04:09:03,816 - cinemas.movieland - INFO - STARTED Movie Land CARMIEL
2026-01-09 04:09:03,869 - cinemas.movieland - INFO - STARTED Movie Land HAIFA
2026-01-09 04:09:03,913 - cinemas.movieland - INFO - STARTED Movie Land NATANYA
2026-01-09 04:09:03,965 - cinemas.movieland - INFO - DONE Movie Land
2026-01-09 04:09:03,966 - root - ERROR - movieland crashed: movieland returned empty list
2026-01-09 04:09:05,094 - seret.movie_info_fetchers.composite - INFO - Got info for  2 using ElasticMovieInfoFetcher
2026-01-09 04:09:05,875 - seret.movie_info_fetchers.composite - INFO - Got info for  using ElasticMovieInfoFetcher
2026-01-09 04:09:06,519 - seret.movie_info_fetchers.composite - INFO - Got info for   using ElasticMovieInfoFetcher
2026-01-09 04:09:07,758 - seret.movie_info_fetchers.composite - INFO - Got info for     using ElasticMovieInfoFetcher
2026-01-09 04:09:09,100 - seret.movie_info_fetchers.composite - INFO - Got info for    using ElasticMovieInfoFetcher
2026-01-09 04:09:09,741 - seret.movie_info_fetchers.composite - INFO - Got info for :  2 using ElasticMovieInfoFetcher
2026-01-09 04:09:10,667 - seret.movie_info_fetchers.composite - INFO - Got info for :   using ElasticMovieInfoFetcher
2026-01-09 04:09:11,578 - seret.movie_info_fetchers.composite - INFO - Got info for   using ElasticMovieInfoFetcher
2026-01-09 04:09:12,741 - seret.movie_info_fetchers.composite - INFO - Got info for   using ElasticMovieInfoFetcher
2026-01-09 04:09:13,745 - seret.movie_info_fetchers.composite - INFO - Got info for  :    using ElasticMovieInfoFetcher
2026-01-09 04:09:14,926 - seret.movie_info_fetchers.composite - INFO - Got info for   using ElasticMovieInfoFetcher
2026-01-09 04:09:16,396 - seret.movie_info_fetchers.composite - INFO - Got info for   using ElasticMovieInfoFetcher
2026-01-09 04:09:16,945 - seret.movie_info_fetchers.composite - INFO - Got info for    using ElasticMovieInfoFetcher
2026-01-09 04:09:17,711 - seret.movie_info_fetchers.composite - INFO - Got info for   using ElasticMovieInfoFetcher
2026-01-09 04:09:17,720 - seret.movie_info_fetchers.composite - INFO - Got info for :  using ElasticMovieInfoFetcher
2026-01-09 04:09:17,720 - seret.info_fetcher - ERROR - Failed to get info for :  and : 
2026-01-09 04:09:18,916 - seret.movie_info_fetchers.composite - INFO - Got info for  using ElasticMovieInfoFetcher
2026-01-09 04:09:19,492 - seret.movie_info_fetchers.composite - INFO - Got info for  2 - ZooTopia 2 using ElasticMovieInfoFetcher
2026-01-09 04:09:21,250 - seret.movie_info_fetchers.composite - INFO - Got info for   using ElasticMovieInfoFetcher
2026-01-09 04:09:21,957 - seret.movie_info_fetchers.composite - INFO - Got info for :    - Avatar using ElasticMovieInfoFetcher
2026-01-09 04:09:22,469 - seret.movie_info_fetchers.composite - INFO - Got info for  - Anaconda using ElasticMovieInfoFetcher
2026-01-09 04:09:23,400 - seret.movie_info_fetchers.composite - INFO - Got info for   using ElasticMovieInfoFetcher
2026-01-09 04:09:24,509 - seret.movie_info_fetchers.composite - INFO - Got info for   using ElasticMovieInfoFetcher
2026-01-09 04:09:25,838 - seret.movie_info_fetchers.composite - INFO - Got info for     2 using ElasticMovieInfoFetcher
2026-01-09 04:09:27,285 - seret.movie_info_fetchers.composite - INFO - Got info for  ...   using ElasticMovieInfoFetcher
2026-01-09 04:09:27,966 - seret.movie_info_fetchers.composite - INFO - Got info for   using ElasticMovieInfoFetcher
2026-01-09 04:09:29,157 - seret.movie_info_fetchers.composite - INFO - Got info for    using ElasticMovieInfoFetcher
2026-01-09 04:09:29,984 - seret.movie_info_fetchers.composite - INFO - Got info for  3 using ElasticMovieInfoFetcher
2026-01-09 04:09:31,279 - seret.movie_info_fetchers.composite - INFO - Got info for   using ElasticMovieInfoFetcher
2026-01-09 04:09:32,282 - seret.movie_info_fetchers.composite - INFO - Got info for    using ElasticMovieInfoFetcher
2026-01-09 04:09:32,366 - seret.movie_raters.composite - WARNING - Failed to get rating for Bella
2026-01-09 04:09:32,609 - seret.movie_raters.composite - WARNING - Failed to get rating for 
2026-01-09 04:09:32,609 - seret.movie_info_fetchers.composite - INFO - Got info for  using ElasticMovieInfoFetcher
2026-01-09 04:09:34,107 - seret.movie_info_fetchers.composite - INFO - Got info for    using ElasticMovieInfoFetcher
2026-01-09 04:09:35,187 - seret.movie_info_fetchers.composite - INFO - Got info for   -  using ElasticMovieInfoFetcher
2026-01-09 04:09:36,310 - seret.movie_info_fetchers.composite - INFO - Got info for  using ElasticMovieInfoFetcher
2026-01-09 04:09:37,377 - seret.movie_info_fetchers.composite - INFO - Got info for     using ElasticMovieInfoFetcher
2026-01-09 04:09:38,207 - seret.movie_info_fetchers.composite - INFO - Got info for  using ElasticMovieInfoFetcher
2026-01-09 04:09:38,869 - seret.movie_info_fetchers.composite - INFO - Got info for  using ElasticMovieInfoFetcher
2026-01-09 04:09:39,955 - seret.movie_info_fetchers.composite - INFO - Got info for    using ElasticMovieInfoFetcher
2026-01-09 04:09:40,557 - seret.movie_info_fetchers.composite - INFO - Got info for   using ElasticMovieInfoFetcher
2026-01-09 04:09:43,462 - seret.movie_info_fetchers.composite - INFO - Got info for   using ElasticMovieInfoFetcher
2026-01-09 04:09:44,827 - seret.movie_info_fetchers.composite - INFO - Got info for  using ElasticMovieInfoFetcher
2026-01-09 04:09:45,309 - seret.movie_info_fetchers.composite - INFO - Got info for Oxygen using ElasticMovieInfoFetcher
2026-01-09 04:09:46,827 - seret.movie_info_fetchers.composite - INFO - Got info for  using ElasticMovieInfoFetcher
2026-01-09 04:09:47,402 - seret.movie_info_fetchers.composite - INFO - Got info for Nandauri using ElasticMovieInfoFetcher
2026-01-09 04:09:48,774 - seret.movie_info_fetchers.composite - INFO - Got info for    using ElasticMovieInfoFetcher
2026-01-09 04:09:49,964 - seret.movie_info_fetchers.composite - INFO - Got info for When in Rome using ElasticMovieInfoFetcher
2026-01-09 04:09:50,454 - seret.movie_info_fetchers.composite - INFO - Got info for Marty Supreme using ElasticMovieInfoFetcher
2026-01-09 04:09:51,813 - seret.movie_info_fetchers.composite - INFO - Got info for A Private Life using ElasticMovieInfoFetcher
2026-01-09 04:09:53,333 - seret.movie_info_fetchers.composite - INFO - Got info for  -   using ElasticMovieInfoFetcher
2026-01-09 04:09:53,705 - seret.movie_raters.composite - WARNING - Failed to get rating for Etty
2026-01-09 04:09:54,027 - seret.movie_raters.composite - WARNING - Failed to get rating for 
2026-01-09 04:09:54,027 - seret.movie_info_fetchers.composite - INFO - Got info for Etty Part 1 using ElasticMovieInfoFetcher
2026-01-09 04:09:54,538 - seret.movie_info_fetchers.composite - INFO - Got info for Song Sung Blue using ElasticMovieInfoFetcher
2026-01-09 04:09:55,240 - seret.movie_info_fetchers.composite - INFO - Got info for Zootopia 2 Dubbed using ElasticMovieInfoFetcher
2026-01-09 04:09:55,748 - seret.movie_info_fetchers.composite - INFO - Got info for Zootopia 2 using ElasticMovieInfoFetcher
2026-01-09 04:09:56,353 - seret.movie_info_fetchers.composite - INFO - Got info for The Housemaid using ElasticMovieInfoFetcher
2026-01-09 04:09:56,895 - seret.movie_raters.composite - WARNING - Failed to get rating for Yes
2026-01-09 04:09:56,995 - seret.movie_raters.composite - WARNING - Failed to get rating for 
2026-01-09 04:09:56,995 - seret.movie_info_fetchers.composite - INFO - Got info for Yes using ElasticMovieInfoFetcher
2026-01-09 04:09:59,722 - seret.movie_info_fetchers.composite - INFO - Got info for Dust Bunny using ElasticMovieInfoFetcher
2026-01-09 04:10:00,220 - seret.movie_info_fetchers.composite - INFO - Got info for Louise Violet using ElasticMovieInfoFetcher
2026-01-09 04:10:01,573 - seret.movie_info_fetchers.composite - INFO - Got info for     using ElasticMovieInfoFetcher
2026-01-09 04:10:02,229 - seret.movie_raters.composite - WARNING - Failed to get rating for Grandma The Foreigner
2026-01-09 04:10:02,428 - seret.movie_raters.composite - WARNING - Failed to get rating for    
2026-01-09 04:10:02,428 - seret.movie_info_fetchers.composite - INFO - Got info for Grandma & The Foreigner using ElasticMovieInfoFetcher
2026-01-09 04:10:03,200 - seret.movie_info_fetchers.composite - INFO - Got info for The SpongeBob Movie: Search for SquarePants Dubbed using ElasticMovieInfoFetcher
2026-01-09 04:10:03,714 - seret.movie_info_fetchers.composite - INFO - Got info for   using ElasticMovieInfoFetcher
2026-01-09 04:10:03,727 - seret.movie_info_fetchers.composite - INFO - Got info for Young Mothers using ElasticMovieInfoFetcher
2026-01-09 04:10:06,120 - seret.movie_info_fetchers.composite - INFO - Got info for    using ElasticMovieInfoFetcher
2026-01-09 04:10:07,899 - seret.movie_info_fetchers.composite - INFO - Got info for     using ElasticMovieInfoFetcher
2026-01-09 04:10:08,581 - seret.movie_info_fetchers.composite - INFO - Got info for   using ElasticMovieInfoFetcher
2026-01-09 04:10:09,669 - seret.movie_info_fetchers.composite - INFO - Got info for  '   using ElasticMovieInfoFetcher
2026-01-09 04:10:11,340 - seret.movie_info_fetchers.composite - INFO - Got info for    using ElasticMovieInfoFetcher
2026-01-09 04:10:12,317 - seret.movie_info_fetchers.composite - INFO - Got info for    using ElasticMovieInfoFetcher
2026-01-09 04:10:13,341 - seret.movie_info_fetchers.composite - INFO - Got info for    using ElasticMovieInfoFetcher
2026-01-09 04:10:14,436 - seret.movie_info_fetchers.composite - INFO - Got info for  -   using ElasticMovieInfoFetcher
2026-01-09 04:10:14,473 - seret.movie_raters.composite - WARNING - Failed to get rating for Etty
2026-01-09 04:10:14,497 - seret.movie_raters.composite - WARNING - Failed to get rating for 
2026-01-09 04:10:14,497 - seret.movie_info_fetchers.composite - INFO - Got info for Etty Part 2 using ElasticMovieInfoFetcher
2026-01-09 04:10:15,151 - seret.movie_info_fetchers.composite - INFO - Got info for    using ElasticMovieInfoFetcher
2026-01-09 04:10:15,677 - seret.movie_info_fetchers.composite - INFO - Got info for One Battle After The Other using ElasticMovieInfoFetcher
2026-01-09 04:10:16,429 - seret.movie_info_fetchers.composite - INFO - Got info for Avatar: Fire and Ash using ElasticMovieInfoFetcher
2026-01-09 04:10:17,282 - seret.movie_info_fetchers.composite - INFO - Got info for Anaconda using ElasticMovieInfoFetcher
2026-01-09 04:10:17,772 - seret.movie_info_fetchers.composite - INFO - Got info for ESCOBANK using ElasticMovieInfoFetcher
2026-01-09 04:10:18,345 - seret.movie_info_fetchers.composite - INFO - Got info for The SpongeBob Movie: Search for SquarePants using ElasticMovieInfoFetcher
2026-01-09 04:10:18,374 - seret.movie_raters.composite - WARNING - Failed to get rating for Bella
2026-01-09 04:10:18,405 - seret.movie_raters.composite - WARNING - Failed to get rating for 
2026-01-09 04:10:18,405 - seret.movie_info_fetchers.composite - INFO - Got info for BELLA using ElasticMovieInfoFetcher
2026-01-09 04:10:18,421 - seret.movie_info_fetchers.composite - INFO - Got info for Greenland 2: Migration using ElasticMovieInfoFetcher
2026-01-09 04:10:19,216 - seret.movie_info_fetchers.composite - INFO - Got info for NOW YOU SEE ME: NOW YOU DONT using ElasticMovieInfoFetcher
2026-01-09 04:10:19,746 - seret.movie_info_fetchers.composite - INFO - Got info for GIANTS OF LA MANCHA using ElasticMovieInfoFetcher
2026-01-09 04:10:20,682 - seret.movie_info_fetchers.composite - INFO - Got info for ZOOTOPIA 2 using ElasticMovieInfoFetcher
2026-01-09 04:10:21,344 - seret.movie_info_fetchers.composite - INFO - Got info for Emma's Big Adventure using ElasticMovieInfoFetcher
2026-01-09 04:10:22,312 - seret.movie_info_fetchers.composite - INFO - Got info for Five Nights At Freddy's 2 using ElasticMovieInfoFetcher
2026-01-09 04:10:22,830 - seret.movie_info_fetchers.composite - INFO - Got info for Moon The Panda using ElasticMovieInfoFetcher
2026-01-09 04:10:23,497 - seret.movie_info_fetchers.composite - INFO - Got info for NIGHT OF THE ZOOPOCALYPSE using ElasticMovieInfoFetcher
2026-01-09 04:10:23,590 - seret.movie_raters.composite - WARNING - Failed to get rating for Princess
2026-01-09 04:10:23,755 - seret.movie_raters.composite - WARNING - Failed to get rating for 
2026-01-09 04:10:23,755 - seret.movie_info_fetchers.composite - INFO - Got info for PROUD PRINCESS using ElasticMovieInfoFetcher
2026-01-09 04:10:24,358 - seret.movie_info_fetchers.composite - INFO - Got info for DUST BUNNY using ElasticMovieInfoFetcher
2026-01-09 04:10:24,945 - seret.movie_info_fetchers.composite - INFO - Got info for She Rides Shotgun using ElasticMovieInfoFetcher
2026-01-09 04:10:25,475 - seret.movie_info_fetchers.composite - INFO - Got info for Playdate using ElasticMovieInfoFetcher
2026-01-09 04:10:26,053 - seret.movie_info_fetchers.composite - INFO - Got info for PRIMATE using ElasticMovieInfoFetcher
2026-01-09 04:10:26,900 - seret.movie_info_fetchers.composite - INFO - Got info for DARKNESS OF A MAN using ElasticMovieInfoFetcher
2026-01-09 04:10:27,479 - seret.movie_info_fetchers.composite - INFO - Got info for Wicked: For Good using ElasticMovieInfoFetcher
2026-01-09 04:10:27,491 - seret.movie_info_fetchers.composite - INFO - Got info for Avatar: De feu et de cendres using ElasticMovieInfoFetcher
2026-01-09 04:10:27,499 - seret.movie_info_fetchers.composite - INFO - Got info for   -    using ElasticMovieInfoFetcher
2026-01-09 04:10:27,845 - seret.movie_raters.composite - WARNING - Failed to get rating for Eva
2026-01-09 04:10:28,077 - seret.movie_raters.composite - WARNING - Failed to get rating for 
2026-01-09 04:10:28,077 - seret.movie_info_fetchers.composite - INFO - Got info for My Friend Eva using ElasticMovieInfoFetcher
2026-01-09 04:10:28,540 - seret.movie_raters.composite - WARNING - Failed to get rating for La petite
2026-01-09 04:10:28,699 - seret.movie_raters.composite - WARNING - Failed to get rating for 
2026-01-09 04:10:28,699 - seret.movie_info_fetchers.composite - INFO - Got info for La petite cuisine de Mehdi using ElasticMovieInfoFetcher
2026-01-09 04:10:30,070 - seret.movie_info_fetchers.composite - INFO - Got info for :    using ElasticMovieInfoFetcher
2026-01-09 04:10:30,896 - seret.movie_info_fetchers.composite - INFO - Got info for    using ElasticMovieInfoFetcher
2026-01-09 04:10:31,418 - seret.movie_info_fetchers.composite - INFO - Got info for Roofman using ElasticMovieInfoFetcher
2026-01-09 04:10:31,953 - seret.movie_info_fetchers.composite - INFO - Got info for We Bury the Dead using ElasticMovieInfoFetcher
2026-01-09 04:10:32,252 - seret.movie_raters.composite - WARNING - Failed to get rating for HaMeshorer HaLeumi
2026-01-09 04:10:32,472 - seret.movie_raters.composite - WARNING - Failed to get rating for  
2026-01-09 04:10:32,472 - seret.movie_info_fetchers.composite - INFO - Got info for     using ElasticMovieInfoFetcher
2026-01-09 04:10:32,987 - seret.movie_info_fetchers.composite - INFO - Got info for JEUNES MERES using ElasticMovieInfoFetcher
2026-01-09 04:10:33,991 - seret.movie_info_fetchers.composite - INFO - Got info for     using ElasticMovieInfoFetcher
2026-01-09 04:10:34,716 - seret.movie_info_fetchers.composite - INFO - Got info for Ma mre, Dieu et Sylvie Vartan using ElasticMovieInfoFetcher
2026-01-09 04:10:34,722 - seret.movie_info_fetchers.composite - INFO - Got info for Eternity using ElasticMovieInfoFetcher
2026-01-09 04:10:34,762 - seret.movie_raters.composite - WARNING - Failed to get rating for Grandma The Foreigner
2026-01-09 04:10:34,787 - seret.movie_raters.composite - WARNING - Failed to get rating for    
2026-01-09 04:10:34,788 - seret.movie_info_fetchers.composite - INFO - Got info for Grandma and the Foreigner using ElasticMovieInfoFetcher
2026-01-09 04:10:36,199 - seret.movie_info_fetchers.composite - INFO - Got info for   using ElasticMovieInfoFetcher
2026-01-09 04:10:37,233 - seret.movie_info_fetchers.composite - INFO - Got info for Maria Montessori using ElasticMovieInfoFetcher
2026-01-09 04:10:37,815 - seret.movie_info_fetchers.composite - INFO - Got info for NANDAURI using ElasticMovieInfoFetcher
2026-01-09 04:10:38,430 - seret.movie_info_fetchers.composite - INFO - Got info for NUREMBERG using ElasticMovieInfoFetcher
2026-01-09 04:10:38,944 - seret.movie_info_fetchers.composite - INFO - Got info for One Battle After Another using ElasticMovieInfoFetcher
2026-01-09 04:10:38,945 - seret.info_fetcher - ERROR - Failed to get info for 1 movies: [{'date': '09-01-2026', 'cinema': ' ', 'location': ' ', 'district': ' ', 'title': ': ', 'eng_title': ': ', 'type': '2D', 'time': '17:10', 'link': 'https://tickets5.planetcinema.co.il/order/190235?lang=he', 'coords': (31.9798, 34.7475), 'dubbed': False}]
2026-01-09 04:10:39,019 - root - INFO - 3908
