2025-12-16 03:43:20,203 - root - INFO - ********************
2025-12-16 03:43:20,203 - root - INFO - started checking for:16-12-2025
2025-12-16 03:43:20,204 - cinemas.yes_planet - INFO - STARTED YES PLANET
2025-12-16 03:43:20,204 - cinemas.yes_planet - INFO - STARTED YES PLANET RISHON
2025-12-16 03:43:48,532 - cinemas.yes_planet - INFO - DONE YES PLANET RISHON
2025-12-16 03:43:48,533 - cinemas.yes_planet - INFO - STARTED YES PLANET AYALON
2025-12-16 03:43:53,796 - cinemas.yes_planet - INFO - DONE YES PLANET AYALON
2025-12-16 03:43:53,797 - cinemas.yes_planet - INFO - STARTED YES PLANET ZICHRON
2025-12-16 03:43:55,457 - cinemas.yes_planet - INFO - DONE YES PLANET ZICHRON
2025-12-16 03:43:55,458 - cinemas.yes_planet - INFO - STARTED YES PLANET HAIFA
2025-12-16 03:43:59,335 - cinemas.yes_planet - INFO - DONE YES PLANET HAIFA
2025-12-16 03:43:59,335 - cinemas.yes_planet - INFO - STARTED YES PLANET JERUSALEM
2025-12-16 03:44:01,203 - cinemas.yes_planet - INFO - DONE YES PLANET JERUSALEM
2025-12-16 03:44:01,204 - cinemas.yes_planet - INFO - STARTED YES PLANET BEER_SHEVA
2025-12-16 03:44:02,517 - cinemas.yes_planet - INFO - DONE YES PLANET BEER_SHEVA
2025-12-16 03:44:02,517 - cinemas.yes_planet - INFO - DONE YES PLANET
2025-12-16 03:44:02,518 - cinemas.rav_hen - INFO - STARTED RAV HEN
2025-12-16 03:44:02,518 - cinemas.rav_hen - INFO - STARTED RAV HEN GIVATAIM
2025-12-16 03:44:05,206 - cinemas.rav_hen - INFO - DONE RAV HEN GIVATAIM
2025-12-16 03:44:05,206 - cinemas.rav_hen - INFO - STARTED RAV HEN DIZINGOF
2025-12-16 03:44:06,276 - cinemas.rav_hen - INFO - DONE RAV HEN DIZINGOF
2025-12-16 03:44:06,276 - cinemas.rav_hen - INFO - STARTED RAV HEN MODIIN
2025-12-16 03:44:06,950 - cinemas.rav_hen - INFO - DONE RAV HEN MODIIN
2025-12-16 03:44:06,951 - cinemas.rav_hen - INFO - STARTED RAV HEN KIRYAT_ONO
2025-12-16 03:44:08,183 - cinemas.rav_hen - INFO - DONE RAV HEN KIRYAT_ONO
2025-12-16 03:44:08,183 - cinemas.rav_hen - INFO - DONE RAV HEN
2025-12-16 03:44:08,183 - cinemas.hot_cinema - INFO - STARTED HOT CINEMA
2025-12-16 03:44:08,183 - cinemas.hot_cinema - INFO - STARTED HOT CINEMA MODIIN
2025-12-16 03:44:08,301 - root - ERROR - hot cinema crashed
Traceback (most recent call last):
  File "/opt/hostedtoolcache/Python/3.11.14/x64/lib/python3.11/site-packages/requests/models.py", line 976, in json
    return complexjson.loads(self.text, **kwargs)
           ^^^^^^^^^^^^^^^^^^^^^^^^^^^^^^^^^^^^^^
  File "/opt/hostedtoolcache/Python/3.11.14/x64/lib/python3.11/json/__init__.py", line 346, in loads
    return _default_decoder.decode(s)
           ^^^^^^^^^^^^^^^^^^^^^^^^^^
  File "/opt/hostedtoolcache/Python/3.11.14/x64/lib/python3.11/json/decoder.py", line 337, in decode
    obj, end = self.raw_decode(s, idx=_w(s, 0).end())
               ^^^^^^^^^^^^^^^^^^^^^^^^^^^^^^^^^^^^^^
  File "/opt/hostedtoolcache/Python/3.11.14/x64/lib/python3.11/json/decoder.py", line 355, in raw_decode
    raise JSONDecodeError("Expecting value", s, err.value) from None
json.decoder.JSONDecodeError: Expecting value: line 1 column 1 (char 0)

During handling of the above exception, another exception occurred:

Traceback (most recent call last):
  File "/home/runner/work/Movie-Time-Server/Movie-Time-Server/main.py", line 56, in get_screenings_from_cinema
    return unsafe_get_screenings_from_cinema(get_screening, cinema, date, s)
           ^^^^^^^^^^^^^^^^^^^^^^^^^^^^^^^^^^^^^^^^^^^^^^^^^^^^^^^^^^^^^^^^^
  File "/opt/hostedtoolcache/Python/3.11.14/x64/lib/python3.11/site-packages/decorator.py", line 235, in fun
    return caller(func, *(extras + args), **kw)
           ^^^^^^^^^^^^^^^^^^^^^^^^^^^^^^^^^^^^
  File "/opt/hostedtoolcache/Python/3.11.14/x64/lib/python3.11/site-packages/retry/api.py", line 90, in retry_decorator
    return __retry_internal(partial(f, *args, **kwargs), exceptions, tries, delay, max_delay, backoff, jitter,
           ^^^^^^^^^^^^^^^^^^^^^^^^^^^^^^^^^^^^^^^^^^^^^^^^^^^^^^^^^^^^^^^^^^^^^^^^^^^^^^^^^^^^^^^^^^^^^^^^^^^
  File "/opt/hostedtoolcache/Python/3.11.14/x64/lib/python3.11/site-packages/retry/api.py", line 35, in __retry_internal
    return f()
           ^^^
  File "/home/runner/work/Movie-Time-Server/Movie-Time-Server/main.py", line 71, in unsafe_get_screenings_from_cinema
    screenings = get_screening(year, month, day, s)
                 ^^^^^^^^^^^^^^^^^^^^^^^^^^^^^^^^^^
  File "/home/runner/work/Movie-Time-Server/Movie-Time-Server/cinemas/hot_cinema.py", line 131, in get_screenings
    screenings.extend(get_by_location(location, date, s))
                      ^^^^^^^^^^^^^^^^^^^^^^^^^^^^^^^^^^
  File "/home/runner/work/Movie-Time-Server/Movie-Time-Server/cinemas/hot_cinema.py", line 104, in get_by_location
    res = s.get(url).json()
          ^^^^^^^^^^^^^^^^^
  File "/opt/hostedtoolcache/Python/3.11.14/x64/lib/python3.11/site-packages/requests/models.py", line 980, in json
    raise RequestsJSONDecodeError(e.msg, e.doc, e.pos)
requests.exceptions.JSONDecodeError: Expecting value: line 1 column 1 (char 0)
2025-12-16 03:44:08,320 - cinemas.cinema_city - INFO - STARTED CINEMA CITY
2025-12-16 03:44:16,414 - proxy - INFO - Proxy: {'YourFuckingIPAddress': '77.91.69.236', 'YourFuckingLocation': 'Tel Aviv, TA, Israel', 'YourFuckingHostname': 'static.236.69.91.77.ip.webhost1.net', 'YourFuckingISP': 'Webhost LLC', 'YourFuckingTorExit': False, 'YourFuckingCity': 'Tel Aviv', 'YourFuckingCountry': 'Israel', 'YourFuckingCountryCode': 'IL'}
2025-12-16 03:44:16,414 - cinemas.cinema_city - INFO - STARTED CINEMA CITY GLILOT
2025-12-16 03:47:02,544 - cinemas.cinema_city - ERROR - Failed to get english name for גנב על הגג
Traceback (most recent call last):
  File "/opt/hostedtoolcache/Python/3.11.14/x64/lib/python3.11/site-packages/urllib3/connectionpool.py", line 468, in _make_request
    six.raise_from(e, None)
  File "<string>", line 3, in raise_from
  File "/opt/hostedtoolcache/Python/3.11.14/x64/lib/python3.11/site-packages/urllib3/connectionpool.py", line 463, in _make_request
    httplib_response = conn.getresponse()
                       ^^^^^^^^^^^^^^^^^^
  File "/opt/hostedtoolcache/Python/3.11.14/x64/lib/python3.11/http/client.py", line 1395, in getresponse
    response.begin()
  File "/opt/hostedtoolcache/Python/3.11.14/x64/lib/python3.11/http/client.py", line 325, in begin
    version, status, reason = self._read_status()
                              ^^^^^^^^^^^^^^^^^^^
  File "/opt/hostedtoolcache/Python/3.11.14/x64/lib/python3.11/http/client.py", line 286, in _read_status
    line = str(self.fp.readline(_MAXLINE + 1), "iso-8859-1")
               ^^^^^^^^^^^^^^^^^^^^^^^^^^^^^^
  File "/opt/hostedtoolcache/Python/3.11.14/x64/lib/python3.11/socket.py", line 718, in readinto
    return self._sock.recv_into(b)
           ^^^^^^^^^^^^^^^^^^^^^^^
TimeoutError: timed out

During handling of the above exception, another exception occurred:

Traceback (most recent call last):
  File "/home/runner/work/Movie-Time-Server/Movie-Time-Server/cinemas/cinema_city.py", line 88, in get_english_name
    bs = BeautifulSoup(s.get(url).text, "html.parser")
                       ^^^^^^^^^^
  File "/home/runner/work/Movie-Time-Server/Movie-Time-Server/proxy.py", line 30, in get
    self.driver.get(url)
  File "/opt/hostedtoolcache/Python/3.11.14/x64/lib/python3.11/site-packages/selenium/webdriver/remote/webdriver.py", line 473, in get
    self.execute(Command.GET, {"url": url})
  File "/opt/hostedtoolcache/Python/3.11.14/x64/lib/python3.11/site-packages/selenium/webdriver/remote/webdriver.py", line 446, in execute
    response = self.command_executor.execute(driver_command, params)
               ^^^^^^^^^^^^^^^^^^^^^^^^^^^^^^^^^^^^^^^^^^^^^^^^^^^^^
  File "/opt/hostedtoolcache/Python/3.11.14/x64/lib/python3.11/site-packages/selenium/webdriver/remote/remote_connection.py", line 404, in execute
    return self._request(command_info[0], url, body=data)
           ^^^^^^^^^^^^^^^^^^^^^^^^^^^^^^^^^^^^^^^^^^^^^^
  File "/opt/hostedtoolcache/Python/3.11.14/x64/lib/python3.11/site-packages/selenium/webdriver/remote/remote_connection.py", line 428, in _request
    response = self._conn.request(method, url, body=body, headers=headers, timeout=self._client_config.timeout)
               ^^^^^^^^^^^^^^^^^^^^^^^^^^^^^^^^^^^^^^^^^^^^^^^^^^^^^^^^^^^^^^^^^^^^^^^^^^^^^^^^^^^^^^^^^^^^^^^^
  File "/opt/hostedtoolcache/Python/3.11.14/x64/lib/python3.11/site-packages/urllib3/request.py", line 81, in request
    return self.request_encode_body(
           ^^^^^^^^^^^^^^^^^^^^^^^^^
  File "/opt/hostedtoolcache/Python/3.11.14/x64/lib/python3.11/site-packages/urllib3/request.py", line 173, in request_encode_body
    return self.urlopen(method, url, **extra_kw)
           ^^^^^^^^^^^^^^^^^^^^^^^^^^^^^^^^^^^^^
  File "/opt/hostedtoolcache/Python/3.11.14/x64/lib/python3.11/site-packages/urllib3/poolmanager.py", line 376, in urlopen
    response = conn.urlopen(method, u.request_uri, **kw)
               ^^^^^^^^^^^^^^^^^^^^^^^^^^^^^^^^^^^^^^^^^
  File "/opt/hostedtoolcache/Python/3.11.14/x64/lib/python3.11/site-packages/urllib3/connectionpool.py", line 802, in urlopen
    retries = retries.increment(
              ^^^^^^^^^^^^^^^^^^
  File "/opt/hostedtoolcache/Python/3.11.14/x64/lib/python3.11/site-packages/urllib3/util/retry.py", line 552, in increment
    raise six.reraise(type(error), error, _stacktrace)
          ^^^^^^^^^^^^^^^^^^^^^^^^^^^^^^^^^^^^^^^^^^^^
  File "/opt/hostedtoolcache/Python/3.11.14/x64/lib/python3.11/site-packages/urllib3/packages/six.py", line 770, in reraise
    raise value
  File "/opt/hostedtoolcache/Python/3.11.14/x64/lib/python3.11/site-packages/urllib3/connectionpool.py", line 716, in urlopen
    httplib_response = self._make_request(
                       ^^^^^^^^^^^^^^^^^^^
  File "/opt/hostedtoolcache/Python/3.11.14/x64/lib/python3.11/site-packages/urllib3/connectionpool.py", line 470, in _make_request
    self._raise_timeout(err=e, url=url, timeout_value=read_timeout)
  File "/opt/hostedtoolcache/Python/3.11.14/x64/lib/python3.11/site-packages/urllib3/connectionpool.py", line 358, in _raise_timeout
    raise ReadTimeoutError(
urllib3.exceptions.ReadTimeoutError: HTTPConnectionPool(host='localhost', port=44835): Read timed out. (read timeout=120)
2025-12-16 03:49:17,159 - cinemas.cinema_city - INFO - DONE CINEMA CITY GLILOT
2025-12-16 03:49:17,159 - cinemas.cinema_city - INFO - STARTED CINEMA CITY RISHON
2025-12-16 03:49:30,324 - cinemas.cinema_city - INFO - DONE CINEMA CITY RISHON
2025-12-16 03:49:30,324 - cinemas.cinema_city - INFO - STARTED CINEMA CITY JERUSALEM
2025-12-16 03:49:35,169 - cinemas.cinema_city - INFO - DONE CINEMA CITY JERUSALEM
2025-12-16 03:49:35,169 - cinemas.cinema_city - INFO - STARTED CINEMA CITY KFAR_SABBA
2025-12-16 03:49:36,648 - cinemas.cinema_city - INFO - DONE CINEMA CITY KFAR_SABBA
2025-12-16 03:49:36,648 - cinemas.cinema_city - INFO - STARTED CINEMA CITY NATANIA
2025-12-16 03:49:38,715 - cinemas.cinema_city - INFO - DONE CINEMA CITY NATANIA
2025-12-16 03:49:38,715 - cinemas.cinema_city - INFO - STARTED CINEMA CITY BEER_SHEVA
2025-12-16 03:49:40,785 - cinemas.cinema_city - INFO - DONE CINEMA CITY BEER_SHEVA
2025-12-16 03:49:40,785 - cinemas.cinema_city - INFO - STARTED CINEMA CITY HADERA
2025-12-16 03:49:42,700 - cinemas.cinema_city - INFO - DONE CINEMA CITY HADERA
2025-12-16 03:49:42,701 - cinemas.cinema_city - INFO - STARTED CINEMA CITY ASHDOD
2025-12-16 03:49:44,702 - cinemas.cinema_city - WARNING - error while getting movie info:
Traceback (most recent call last):
  File "/home/runner/work/Movie-Time-Server/Movie-Time-Server/cinemas/cinema_city.py", line 123, in get_by_location
    for movie in res.json():
                 ^^^^^^^^^^
  File "/home/runner/work/Movie-Time-Server/Movie-Time-Server/proxy.py", line 18, in json
    return json.loads(self.pre)
           ^^^^^^^^^^^^^^^^^^^^
  File "/opt/hostedtoolcache/Python/3.11.14/x64/lib/python3.11/json/__init__.py", line 339, in loads
    raise TypeError(f'the JSON object must be str, bytes or bytearray, '
TypeError: the JSON object must be str, bytes or bytearray, not NoneType
2025-12-16 03:49:44,702 - cinemas.cinema_city - INFO - DONE CINEMA CITY ASHDOD
2025-12-16 03:49:44,791 - proxy - INFO - Proxy removed
2025-12-16 03:49:44,791 - cinemas.cinema_city - INFO - DONE CINEMA CITY
2025-12-16 03:49:44,791 - cinemas.lev - INFO - STARTED LEV
2025-12-16 03:49:46,244 - proxy - INFO - Proxy: {'YourFuckingIPAddress': '77.91.69.236', 'YourFuckingLocation': 'Tel Aviv, TA, Israel', 'YourFuckingHostname': 'static.236.69.91.77.ip.webhost1.net', 'YourFuckingISP': 'Webhost LLC', 'YourFuckingTorExit': False, 'YourFuckingCity': 'Tel Aviv', 'YourFuckingCountry': 'Israel', 'YourFuckingCountryCode': 'IL'}
2025-12-16 03:49:46,244 - cinemas.lev - INFO - STARTED LEV TEL_AVIV
2025-12-16 03:49:48,503 - cinemas.lev - INFO - DONE LEV TEL_AVIV
2025-12-16 03:49:48,503 - cinemas.lev - INFO - STARTED LEV RAMAT_HASHARON
2025-12-16 03:49:49,614 - cinemas.lev - INFO - DONE LEV RAMAT_HASHARON
2025-12-16 03:49:49,614 - cinemas.lev - INFO - STARTED LEV MANDARIN
2025-12-16 03:49:50,305 - cinemas.lev - INFO - DONE LEV MANDARIN
2025-12-16 03:49:50,305 - cinemas.lev - INFO - STARTED LEV EVEN_YEHUDA
2025-12-16 03:49:51,145 - cinemas.lev - INFO - DONE LEV EVEN_YEHUDA
2025-12-16 03:49:51,145 - cinemas.lev - INFO - STARTED LEV SMADAR
2025-12-16 03:49:51,740 - cinemas.lev - INFO - DONE LEV SMADAR
2025-12-16 03:49:51,740 - cinemas.lev - INFO - STARTED LEV RAANANA
2025-12-16 03:49:52,612 - cinemas.lev - INFO - DONE LEV RAANANA
2025-12-16 03:49:52,612 - cinemas.lev - INFO - STARTED LEV OMER
2025-12-16 03:49:53,153 - cinemas.lev - INFO - DONE LEV OMER
2025-12-16 03:49:53,153 - cinemas.lev - INFO - STARTED LEV SHOHAM
2025-12-16 03:49:53,607 - cinemas.lev - INFO - DONE LEV SHOHAM
2025-12-16 03:49:53,607 - cinemas.lev - INFO - STARTED LEV DANIEL
2025-12-16 03:49:54,266 - cinemas.lev - INFO - DONE LEV DANIEL
2025-12-16 03:49:54,325 - proxy - INFO - Proxy removed
2025-12-16 03:49:54,325 - cinemas.lev - INFO - DONE LEV
2025-12-16 03:49:54,325 - cinemas.movieland - INFO - STARTED Movie Land
2025-12-16 03:49:54,325 - cinemas.movieland - INFO - STARTED Movie Land CARMIEL
2025-12-16 03:49:54,438 - cinemas.movieland - INFO - STARTED Movie Land HAIFA
2025-12-16 03:49:54,491 - cinemas.movieland - INFO - STARTED Movie Land NATANYA
2025-12-16 03:49:54,558 - cinemas.movieland - INFO - DONE Movie Land
2025-12-16 03:49:54,558 - retry.api - WARNING - AssertionError: movieland returned empty list in __main__.unsafe_get_screenings_from_cinema, retrying in 1 seconds...
2025-12-16 03:49:55,558 - cinemas.movieland - INFO - STARTED Movie Land
2025-12-16 03:49:55,559 - cinemas.movieland - INFO - STARTED Movie Land CARMIEL
2025-12-16 03:49:55,610 - cinemas.movieland - INFO - STARTED Movie Land HAIFA
2025-12-16 03:49:55,667 - cinemas.movieland - INFO - STARTED Movie Land NATANYA
2025-12-16 03:49:55,735 - cinemas.movieland - INFO - DONE Movie Land
2025-12-16 03:49:55,735 - retry.api - WARNING - AssertionError: movieland returned empty list in __main__.unsafe_get_screenings_from_cinema, retrying in 2 seconds...
2025-12-16 03:49:57,735 - cinemas.movieland - INFO - STARTED Movie Land
2025-12-16 03:49:57,735 - cinemas.movieland - INFO - STARTED Movie Land CARMIEL
2025-12-16 03:49:57,793 - cinemas.movieland - INFO - STARTED Movie Land HAIFA
2025-12-16 03:49:57,848 - cinemas.movieland - INFO - STARTED Movie Land NATANYA
2025-12-16 03:49:57,899 - cinemas.movieland - INFO - DONE Movie Land
2025-12-16 03:49:57,899 - root - ERROR - movieland crashed: movieland returned empty list
2025-12-16 03:49:57,900 - root - INFO - ********************
2025-12-16 03:49:57,900 - root - INFO - started checking for:17-12-2025
2025-12-16 03:49:57,900 - cinemas.yes_planet - INFO - STARTED YES PLANET
2025-12-16 03:49:57,900 - cinemas.yes_planet - INFO - STARTED YES PLANET RISHON
2025-12-16 03:49:59,882 - cinemas.yes_planet - INFO - DONE YES PLANET RISHON
2025-12-16 03:49:59,882 - cinemas.yes_planet - INFO - STARTED YES PLANET AYALON
2025-12-16 03:50:00,856 - cinemas.yes_planet - INFO - DONE YES PLANET AYALON
2025-12-16 03:50:00,856 - cinemas.yes_planet - INFO - STARTED YES PLANET ZICHRON
2025-12-16 03:50:01,786 - cinemas.yes_planet - INFO - DONE YES PLANET ZICHRON
2025-12-16 03:50:01,786 - cinemas.yes_planet - INFO - STARTED YES PLANET HAIFA
2025-12-16 03:50:03,025 - cinemas.yes_planet - INFO - DONE YES PLANET HAIFA
2025-12-16 03:50:03,025 - cinemas.yes_planet - INFO - STARTED YES PLANET JERUSALEM
2025-12-16 03:50:04,007 - cinemas.yes_planet - INFO - DONE YES PLANET JERUSALEM
2025-12-16 03:50:04,007 - cinemas.yes_planet - INFO - STARTED YES PLANET BEER_SHEVA
2025-12-16 03:50:05,096 - cinemas.yes_planet - INFO - DONE YES PLANET BEER_SHEVA
2025-12-16 03:50:05,097 - cinemas.yes_planet - INFO - DONE YES PLANET
2025-12-16 03:50:05,097 - cinemas.rav_hen - INFO - STARTED RAV HEN
2025-12-16 03:50:05,097 - cinemas.rav_hen - INFO - STARTED RAV HEN GIVATAIM
2025-12-16 03:50:07,078 - cinemas.rav_hen - INFO - DONE RAV HEN GIVATAIM
2025-12-16 03:50:07,078 - cinemas.rav_hen - INFO - STARTED RAV HEN DIZINGOF
2025-12-16 03:50:07,907 - cinemas.rav_hen - INFO - DONE RAV HEN DIZINGOF
2025-12-16 03:50:07,907 - cinemas.rav_hen - INFO - STARTED RAV HEN MODIIN
2025-12-16 03:50:08,446 - cinemas.rav_hen - INFO - DONE RAV HEN MODIIN
2025-12-16 03:50:08,446 - cinemas.rav_hen - INFO - STARTED RAV HEN KIRYAT_ONO
2025-12-16 03:50:09,257 - cinemas.rav_hen - INFO - DONE RAV HEN KIRYAT_ONO
2025-12-16 03:50:09,257 - cinemas.rav_hen - INFO - DONE RAV HEN
2025-12-16 03:50:09,258 - cinemas.hot_cinema - INFO - STARTED HOT CINEMA
2025-12-16 03:50:09,258 - cinemas.hot_cinema - INFO - STARTED HOT CINEMA MODIIN
2025-12-16 03:50:09,369 - root - ERROR - hot cinema crashed
Traceback (most recent call last):
  File "/opt/hostedtoolcache/Python/3.11.14/x64/lib/python3.11/site-packages/requests/models.py", line 976, in json
    return complexjson.loads(self.text, **kwargs)
           ^^^^^^^^^^^^^^^^^^^^^^^^^^^^^^^^^^^^^^
  File "/opt/hostedtoolcache/Python/3.11.14/x64/lib/python3.11/json/__init__.py", line 346, in loads
    return _default_decoder.decode(s)
           ^^^^^^^^^^^^^^^^^^^^^^^^^^
  File "/opt/hostedtoolcache/Python/3.11.14/x64/lib/python3.11/json/decoder.py", line 337, in decode
    obj, end = self.raw_decode(s, idx=_w(s, 0).end())
               ^^^^^^^^^^^^^^^^^^^^^^^^^^^^^^^^^^^^^^
  File "/opt/hostedtoolcache/Python/3.11.14/x64/lib/python3.11/json/decoder.py", line 355, in raw_decode
    raise JSONDecodeError("Expecting value", s, err.value) from None
json.decoder.JSONDecodeError: Expecting value: line 1 column 1 (char 0)

During handling of the above exception, another exception occurred:

Traceback (most recent call last):
  File "/home/runner/work/Movie-Time-Server/Movie-Time-Server/main.py", line 56, in get_screenings_from_cinema
    return unsafe_get_screenings_from_cinema(get_screening, cinema, date, s)
           ^^^^^^^^^^^^^^^^^^^^^^^^^^^^^^^^^^^^^^^^^^^^^^^^^^^^^^^^^^^^^^^^^
  File "/opt/hostedtoolcache/Python/3.11.14/x64/lib/python3.11/site-packages/decorator.py", line 235, in fun
    return caller(func, *(extras + args), **kw)
           ^^^^^^^^^^^^^^^^^^^^^^^^^^^^^^^^^^^^
  File "/opt/hostedtoolcache/Python/3.11.14/x64/lib/python3.11/site-packages/retry/api.py", line 90, in retry_decorator
    return __retry_internal(partial(f, *args, **kwargs), exceptions, tries, delay, max_delay, backoff, jitter,
           ^^^^^^^^^^^^^^^^^^^^^^^^^^^^^^^^^^^^^^^^^^^^^^^^^^^^^^^^^^^^^^^^^^^^^^^^^^^^^^^^^^^^^^^^^^^^^^^^^^^
  File "/opt/hostedtoolcache/Python/3.11.14/x64/lib/python3.11/site-packages/retry/api.py", line 35, in __retry_internal
    return f()
           ^^^
  File "/home/runner/work/Movie-Time-Server/Movie-Time-Server/main.py", line 71, in unsafe_get_screenings_from_cinema
    screenings = get_screening(year, month, day, s)
                 ^^^^^^^^^^^^^^^^^^^^^^^^^^^^^^^^^^
  File "/home/runner/work/Movie-Time-Server/Movie-Time-Server/cinemas/hot_cinema.py", line 131, in get_screenings
    screenings.extend(get_by_location(location, date, s))
                      ^^^^^^^^^^^^^^^^^^^^^^^^^^^^^^^^^^
  File "/home/runner/work/Movie-Time-Server/Movie-Time-Server/cinemas/hot_cinema.py", line 104, in get_by_location
    res = s.get(url).json()
          ^^^^^^^^^^^^^^^^^
  File "/opt/hostedtoolcache/Python/3.11.14/x64/lib/python3.11/site-packages/requests/models.py", line 980, in json
    raise RequestsJSONDecodeError(e.msg, e.doc, e.pos)
requests.exceptions.JSONDecodeError: Expecting value: line 1 column 1 (char 0)
2025-12-16 03:50:09,370 - cinemas.cinema_city - INFO - STARTED CINEMA CITY
2025-12-16 03:50:11,689 - proxy - INFO - Proxy: {'YourFuckingIPAddress': '77.91.69.236', 'YourFuckingLocation': 'Tel Aviv, TA, Israel', 'YourFuckingHostname': 'static.236.69.91.77.ip.webhost1.net', 'YourFuckingISP': 'Webhost LLC', 'YourFuckingTorExit': False, 'YourFuckingCity': 'Tel Aviv', 'YourFuckingCountry': 'Israel', 'YourFuckingCountryCode': 'IL'}
2025-12-16 03:50:11,689 - cinemas.cinema_city - INFO - STARTED CINEMA CITY GLILOT
2025-12-16 03:51:10,525 - cinemas.cinema_city - INFO - DONE CINEMA CITY GLILOT
2025-12-16 03:51:10,525 - cinemas.cinema_city - INFO - STARTED CINEMA CITY RISHON
2025-12-16 03:51:15,004 - cinemas.cinema_city - INFO - DONE CINEMA CITY RISHON
2025-12-16 03:51:15,004 - cinemas.cinema_city - INFO - STARTED CINEMA CITY JERUSALEM
2025-12-16 03:51:16,547 - cinemas.cinema_city - INFO - DONE CINEMA CITY JERUSALEM
2025-12-16 03:51:16,547 - cinemas.cinema_city - INFO - STARTED CINEMA CITY KFAR_SABBA
2025-12-16 03:51:18,217 - cinemas.cinema_city - INFO - DONE CINEMA CITY KFAR_SABBA
2025-12-16 03:51:18,217 - cinemas.cinema_city - INFO - STARTED CINEMA CITY NATANIA
2025-12-16 03:51:20,169 - cinemas.cinema_city - INFO - DONE CINEMA CITY NATANIA
2025-12-16 03:51:20,169 - cinemas.cinema_city - INFO - STARTED CINEMA CITY BEER_SHEVA
2025-12-16 03:51:22,231 - cinemas.cinema_city - INFO - DONE CINEMA CITY BEER_SHEVA
2025-12-16 03:51:22,231 - cinemas.cinema_city - INFO - STARTED CINEMA CITY HADERA
2025-12-16 03:51:24,300 - cinemas.cinema_city - INFO - DONE CINEMA CITY HADERA
2025-12-16 03:51:24,300 - cinemas.cinema_city - INFO - STARTED CINEMA CITY ASHDOD
2025-12-16 03:51:26,808 - cinemas.cinema_city - WARNING - error while getting movie info:
Traceback (most recent call last):
  File "/home/runner/work/Movie-Time-Server/Movie-Time-Server/cinemas/cinema_city.py", line 123, in get_by_location
    for movie in res.json():
                 ^^^^^^^^^^
  File "/home/runner/work/Movie-Time-Server/Movie-Time-Server/proxy.py", line 18, in json
    return json.loads(self.pre)
           ^^^^^^^^^^^^^^^^^^^^
  File "/opt/hostedtoolcache/Python/3.11.14/x64/lib/python3.11/json/__init__.py", line 339, in loads
    raise TypeError(f'the JSON object must be str, bytes or bytearray, '
TypeError: the JSON object must be str, bytes or bytearray, not NoneType
2025-12-16 03:51:26,808 - cinemas.cinema_city - INFO - DONE CINEMA CITY ASHDOD
2025-12-16 03:51:26,883 - proxy - INFO - Proxy removed
2025-12-16 03:51:26,883 - cinemas.cinema_city - INFO - DONE CINEMA CITY
2025-12-16 03:51:26,883 - cinemas.lev - INFO - STARTED LEV
2025-12-16 03:51:28,411 - proxy - INFO - Proxy: {'YourFuckingIPAddress': '77.91.69.236', 'YourFuckingLocation': 'Tel Aviv, TA, Israel', 'YourFuckingHostname': 'static.236.69.91.77.ip.webhost1.net', 'YourFuckingISP': 'Webhost LLC', 'YourFuckingTorExit': False, 'YourFuckingCity': 'Tel Aviv', 'YourFuckingCountry': 'Israel', 'YourFuckingCountryCode': 'IL'}
2025-12-16 03:51:28,411 - cinemas.lev - INFO - STARTED LEV TEL_AVIV
2025-12-16 03:51:30,298 - cinemas.lev - INFO - DONE LEV TEL_AVIV
2025-12-16 03:51:30,298 - cinemas.lev - INFO - STARTED LEV RAMAT_HASHARON
2025-12-16 03:51:31,390 - cinemas.lev - INFO - DONE LEV RAMAT_HASHARON
2025-12-16 03:51:31,390 - cinemas.lev - INFO - STARTED LEV MANDARIN
2025-12-16 03:51:32,120 - cinemas.lev - INFO - DONE LEV MANDARIN
2025-12-16 03:51:32,121 - cinemas.lev - INFO - STARTED LEV EVEN_YEHUDA
2025-12-16 03:51:32,843 - cinemas.lev - INFO - DONE LEV EVEN_YEHUDA
2025-12-16 03:51:32,843 - cinemas.lev - INFO - STARTED LEV SMADAR
2025-12-16 03:51:33,322 - cinemas.lev - INFO - DONE LEV SMADAR
2025-12-16 03:51:33,322 - cinemas.lev - INFO - STARTED LEV RAANANA
2025-12-16 03:51:34,054 - cinemas.lev - INFO - DONE LEV RAANANA
2025-12-16 03:51:34,054 - cinemas.lev - INFO - STARTED LEV OMER
2025-12-16 03:51:34,614 - cinemas.lev - INFO - DONE LEV OMER
2025-12-16 03:51:34,614 - cinemas.lev - INFO - STARTED LEV SHOHAM
2025-12-16 03:51:35,162 - cinemas.lev - INFO - DONE LEV SHOHAM
2025-12-16 03:51:35,162 - cinemas.lev - INFO - STARTED LEV DANIEL
2025-12-16 03:51:35,817 - cinemas.lev - INFO - DONE LEV DANIEL
2025-12-16 03:51:35,877 - proxy - INFO - Proxy removed
2025-12-16 03:51:35,877 - cinemas.lev - INFO - DONE LEV
2025-12-16 03:51:35,877 - cinemas.movieland - INFO - STARTED Movie Land
2025-12-16 03:51:35,877 - cinemas.movieland - INFO - STARTED Movie Land CARMIEL
2025-12-16 03:51:35,925 - cinemas.movieland - INFO - STARTED Movie Land HAIFA
2025-12-16 03:51:35,983 - cinemas.movieland - INFO - STARTED Movie Land NATANYA
2025-12-16 03:51:36,030 - cinemas.movieland - INFO - DONE Movie Land
2025-12-16 03:51:36,030 - retry.api - WARNING - AssertionError: movieland returned empty list in __main__.unsafe_get_screenings_from_cinema, retrying in 1 seconds...
2025-12-16 03:51:37,030 - cinemas.movieland - INFO - STARTED Movie Land
2025-12-16 03:51:37,030 - cinemas.movieland - INFO - STARTED Movie Land CARMIEL
2025-12-16 03:51:37,096 - cinemas.movieland - INFO - STARTED Movie Land HAIFA
2025-12-16 03:51:37,143 - cinemas.movieland - INFO - STARTED Movie Land NATANYA
2025-12-16 03:51:37,194 - cinemas.movieland - INFO - DONE Movie Land
2025-12-16 03:51:37,194 - retry.api - WARNING - AssertionError: movieland returned empty list in __main__.unsafe_get_screenings_from_cinema, retrying in 2 seconds...
2025-12-16 03:51:39,195 - cinemas.movieland - INFO - STARTED Movie Land
2025-12-16 03:51:39,195 - cinemas.movieland - INFO - STARTED Movie Land CARMIEL
2025-12-16 03:51:39,250 - cinemas.movieland - INFO - STARTED Movie Land HAIFA
2025-12-16 03:51:39,299 - cinemas.movieland - INFO - STARTED Movie Land NATANYA
2025-12-16 03:51:39,347 - cinemas.movieland - INFO - DONE Movie Land
2025-12-16 03:51:39,347 - root - ERROR - movieland crashed: movieland returned empty list
2025-12-16 03:51:39,347 - root - INFO - ********************
2025-12-16 03:51:39,347 - root - INFO - started checking for:18-12-2025
2025-12-16 03:51:39,347 - cinemas.yes_planet - INFO - STARTED YES PLANET
2025-12-16 03:51:39,348 - cinemas.yes_planet - INFO - STARTED YES PLANET RISHON
2025-12-16 03:51:42,199 - cinemas.yes_planet - INFO - DONE YES PLANET RISHON
2025-12-16 03:51:42,200 - cinemas.yes_planet - INFO - STARTED YES PLANET AYALON
2025-12-16 03:51:43,169 - cinemas.yes_planet - INFO - DONE YES PLANET AYALON
2025-12-16 03:51:43,169 - cinemas.yes_planet - INFO - STARTED YES PLANET ZICHRON
2025-12-16 03:51:44,111 - cinemas.yes_planet - INFO - DONE YES PLANET ZICHRON
2025-12-16 03:51:44,111 - cinemas.yes_planet - INFO - STARTED YES PLANET HAIFA
2025-12-16 03:51:45,208 - cinemas.yes_planet - INFO - DONE YES PLANET HAIFA
2025-12-16 03:51:45,208 - cinemas.yes_planet - INFO - STARTED YES PLANET JERUSALEM
2025-12-16 03:51:46,252 - cinemas.yes_planet - INFO - DONE YES PLANET JERUSALEM
2025-12-16 03:51:46,252 - cinemas.yes_planet - INFO - STARTED YES PLANET BEER_SHEVA
2025-12-16 03:51:47,265 - cinemas.yes_planet - INFO - DONE YES PLANET BEER_SHEVA
2025-12-16 03:51:47,265 - cinemas.yes_planet - INFO - DONE YES PLANET
2025-12-16 03:51:47,265 - cinemas.rav_hen - INFO - STARTED RAV HEN
2025-12-16 03:51:47,265 - cinemas.rav_hen - INFO - STARTED RAV HEN GIVATAIM
2025-12-16 03:51:47,934 - cinemas.rav_hen - INFO - DONE RAV HEN GIVATAIM
2025-12-16 03:51:47,935 - cinemas.rav_hen - INFO - STARTED RAV HEN DIZINGOF
2025-12-16 03:51:48,801 - cinemas.rav_hen - INFO - DONE RAV HEN DIZINGOF
2025-12-16 03:51:48,801 - cinemas.rav_hen - INFO - STARTED RAV HEN MODIIN
2025-12-16 03:51:49,590 - cinemas.rav_hen - INFO - DONE RAV HEN MODIIN
2025-12-16 03:51:49,590 - cinemas.rav_hen - INFO - STARTED RAV HEN KIRYAT_ONO
2025-12-16 03:51:50,554 - cinemas.rav_hen - INFO - DONE RAV HEN KIRYAT_ONO
2025-12-16 03:51:50,554 - cinemas.rav_hen - INFO - DONE RAV HEN
2025-12-16 03:51:50,554 - cinemas.hot_cinema - INFO - STARTED HOT CINEMA
2025-12-16 03:51:50,554 - cinemas.hot_cinema - INFO - STARTED HOT CINEMA MODIIN
2025-12-16 03:51:50,606 - root - ERROR - hot cinema crashed
Traceback (most recent call last):
  File "/opt/hostedtoolcache/Python/3.11.14/x64/lib/python3.11/site-packages/requests/models.py", line 976, in json
    return complexjson.loads(self.text, **kwargs)
           ^^^^^^^^^^^^^^^^^^^^^^^^^^^^^^^^^^^^^^
  File "/opt/hostedtoolcache/Python/3.11.14/x64/lib/python3.11/json/__init__.py", line 346, in loads
    return _default_decoder.decode(s)
           ^^^^^^^^^^^^^^^^^^^^^^^^^^
  File "/opt/hostedtoolcache/Python/3.11.14/x64/lib/python3.11/json/decoder.py", line 337, in decode
    obj, end = self.raw_decode(s, idx=_w(s, 0).end())
               ^^^^^^^^^^^^^^^^^^^^^^^^^^^^^^^^^^^^^^
  File "/opt/hostedtoolcache/Python/3.11.14/x64/lib/python3.11/json/decoder.py", line 355, in raw_decode
    raise JSONDecodeError("Expecting value", s, err.value) from None
json.decoder.JSONDecodeError: Expecting value: line 1 column 1 (char 0)

During handling of the above exception, another exception occurred:

Traceback (most recent call last):
  File "/home/runner/work/Movie-Time-Server/Movie-Time-Server/main.py", line 56, in get_screenings_from_cinema
    return unsafe_get_screenings_from_cinema(get_screening, cinema, date, s)
           ^^^^^^^^^^^^^^^^^^^^^^^^^^^^^^^^^^^^^^^^^^^^^^^^^^^^^^^^^^^^^^^^^
  File "/opt/hostedtoolcache/Python/3.11.14/x64/lib/python3.11/site-packages/decorator.py", line 235, in fun
    return caller(func, *(extras + args), **kw)
           ^^^^^^^^^^^^^^^^^^^^^^^^^^^^^^^^^^^^
  File "/opt/hostedtoolcache/Python/3.11.14/x64/lib/python3.11/site-packages/retry/api.py", line 90, in retry_decorator
    return __retry_internal(partial(f, *args, **kwargs), exceptions, tries, delay, max_delay, backoff, jitter,
           ^^^^^^^^^^^^^^^^^^^^^^^^^^^^^^^^^^^^^^^^^^^^^^^^^^^^^^^^^^^^^^^^^^^^^^^^^^^^^^^^^^^^^^^^^^^^^^^^^^^
  File "/opt/hostedtoolcache/Python/3.11.14/x64/lib/python3.11/site-packages/retry/api.py", line 35, in __retry_internal
    return f()
           ^^^
  File "/home/runner/work/Movie-Time-Server/Movie-Time-Server/main.py", line 71, in unsafe_get_screenings_from_cinema
    screenings = get_screening(year, month, day, s)
                 ^^^^^^^^^^^^^^^^^^^^^^^^^^^^^^^^^^
  File "/home/runner/work/Movie-Time-Server/Movie-Time-Server/cinemas/hot_cinema.py", line 131, in get_screenings
    screenings.extend(get_by_location(location, date, s))
                      ^^^^^^^^^^^^^^^^^^^^^^^^^^^^^^^^^^
  File "/home/runner/work/Movie-Time-Server/Movie-Time-Server/cinemas/hot_cinema.py", line 104, in get_by_location
    res = s.get(url).json()
          ^^^^^^^^^^^^^^^^^
  File "/opt/hostedtoolcache/Python/3.11.14/x64/lib/python3.11/site-packages/requests/models.py", line 980, in json
    raise RequestsJSONDecodeError(e.msg, e.doc, e.pos)
requests.exceptions.JSONDecodeError: Expecting value: line 1 column 1 (char 0)
2025-12-16 03:51:50,607 - cinemas.cinema_city - INFO - STARTED CINEMA CITY
2025-12-16 03:51:52,832 - proxy - INFO - Proxy: {'YourFuckingIPAddress': '77.91.69.236', 'YourFuckingLocation': 'Tel Aviv, TA, Israel', 'YourFuckingHostname': 'static.236.69.91.77.ip.webhost1.net', 'YourFuckingISP': 'Webhost LLC', 'YourFuckingTorExit': False, 'YourFuckingCity': 'Tel Aviv', 'YourFuckingCountry': 'Israel', 'YourFuckingCountryCode': 'IL'}
2025-12-16 03:51:52,833 - cinemas.cinema_city - INFO - STARTED CINEMA CITY GLILOT
2025-12-16 03:51:55,351 - cinemas.cinema_city - INFO - DONE CINEMA CITY GLILOT
2025-12-16 03:51:55,351 - cinemas.cinema_city - INFO - STARTED CINEMA CITY RISHON
2025-12-16 03:51:57,439 - cinemas.cinema_city - INFO - DONE CINEMA CITY RISHON
2025-12-16 03:51:57,439 - cinemas.cinema_city - INFO - STARTED CINEMA CITY JERUSALEM
2025-12-16 03:51:59,528 - cinemas.cinema_city - INFO - DONE CINEMA CITY JERUSALEM
2025-12-16 03:51:59,528 - cinemas.cinema_city - INFO - STARTED CINEMA CITY KFAR_SABBA
2025-12-16 03:52:01,508 - cinemas.cinema_city - INFO - DONE CINEMA CITY KFAR_SABBA
2025-12-16 03:52:01,508 - cinemas.cinema_city - INFO - STARTED CINEMA CITY NATANIA
2025-12-16 03:52:03,310 - cinemas.cinema_city - INFO - DONE CINEMA CITY NATANIA
2025-12-16 03:52:03,310 - cinemas.cinema_city - INFO - STARTED CINEMA CITY BEER_SHEVA
2025-12-16 03:52:04,857 - cinemas.cinema_city - INFO - DONE CINEMA CITY BEER_SHEVA
2025-12-16 03:52:04,858 - cinemas.cinema_city - INFO - STARTED CINEMA CITY HADERA
2025-12-16 03:52:06,936 - cinemas.cinema_city - INFO - DONE CINEMA CITY HADERA
2025-12-16 03:52:06,936 - cinemas.cinema_city - INFO - STARTED CINEMA CITY ASHDOD
2025-12-16 03:52:30,388 - cinemas.cinema_city - WARNING - error while getting movie info:
Traceback (most recent call last):
  File "/home/runner/work/Movie-Time-Server/Movie-Time-Server/cinemas/cinema_city.py", line 123, in get_by_location
    for movie in res.json():
                 ^^^^^^^^^^
  File "/home/runner/work/Movie-Time-Server/Movie-Time-Server/proxy.py", line 18, in json
    return json.loads(self.pre)
           ^^^^^^^^^^^^^^^^^^^^
  File "/opt/hostedtoolcache/Python/3.11.14/x64/lib/python3.11/json/__init__.py", line 339, in loads
    raise TypeError(f'the JSON object must be str, bytes or bytearray, '
TypeError: the JSON object must be str, bytes or bytearray, not NoneType
2025-12-16 03:52:30,388 - cinemas.cinema_city - INFO - DONE CINEMA CITY ASHDOD
2025-12-16 03:52:30,456 - proxy - INFO - Proxy removed
2025-12-16 03:52:30,456 - cinemas.cinema_city - INFO - DONE CINEMA CITY
2025-12-16 03:52:30,456 - cinemas.lev - INFO - STARTED LEV
2025-12-16 03:52:31,996 - proxy - INFO - Proxy: {'YourFuckingIPAddress': '77.91.69.236', 'YourFuckingLocation': 'Tel Aviv, TA, Israel', 'YourFuckingHostname': 'static.236.69.91.77.ip.webhost1.net', 'YourFuckingISP': 'Webhost LLC', 'YourFuckingTorExit': False, 'YourFuckingCity': 'Tel Aviv', 'YourFuckingCountry': 'Israel', 'YourFuckingCountryCode': 'IL'}
2025-12-16 03:52:31,996 - cinemas.lev - INFO - STARTED LEV TEL_AVIV
2025-12-16 03:52:34,149 - cinemas.lev - INFO - DONE LEV TEL_AVIV
2025-12-16 03:52:34,149 - cinemas.lev - INFO - STARTED LEV RAMAT_HASHARON
2025-12-16 03:52:35,425 - cinemas.lev - INFO - DONE LEV RAMAT_HASHARON
2025-12-16 03:52:35,425 - cinemas.lev - INFO - STARTED LEV MANDARIN
2025-12-16 03:52:36,008 - cinemas.lev - INFO - DONE LEV MANDARIN
2025-12-16 03:52:36,008 - cinemas.lev - INFO - STARTED LEV EVEN_YEHUDA
2025-12-16 03:52:36,731 - cinemas.lev - INFO - DONE LEV EVEN_YEHUDA
2025-12-16 03:52:36,731 - cinemas.lev - INFO - STARTED LEV SMADAR
2025-12-16 03:52:37,211 - cinemas.lev - INFO - DONE LEV SMADAR
2025-12-16 03:52:37,211 - cinemas.lev - INFO - STARTED LEV RAANANA
2025-12-16 03:52:37,989 - cinemas.lev - INFO - DONE LEV RAANANA
2025-12-16 03:52:37,989 - cinemas.lev - INFO - STARTED LEV OMER
2025-12-16 03:52:38,327 - cinemas.lev - INFO - DONE LEV OMER
2025-12-16 03:52:38,327 - cinemas.lev - INFO - STARTED LEV SHOHAM
2025-12-16 03:52:38,727 - cinemas.lev - INFO - DONE LEV SHOHAM
2025-12-16 03:52:38,727 - cinemas.lev - INFO - STARTED LEV DANIEL
2025-12-16 03:52:39,383 - cinemas.lev - INFO - DONE LEV DANIEL
2025-12-16 03:52:39,442 - proxy - INFO - Proxy removed
2025-12-16 03:52:39,442 - cinemas.lev - INFO - DONE LEV
2025-12-16 03:52:39,442 - cinemas.movieland - INFO - STARTED Movie Land
2025-12-16 03:52:39,442 - cinemas.movieland - INFO - STARTED Movie Land CARMIEL
2025-12-16 03:52:39,489 - cinemas.movieland - INFO - STARTED Movie Land HAIFA
2025-12-16 03:52:39,545 - cinemas.movieland - INFO - STARTED Movie Land NATANYA
2025-12-16 03:52:39,587 - cinemas.movieland - INFO - DONE Movie Land
2025-12-16 03:52:39,587 - retry.api - WARNING - AssertionError: movieland returned empty list in __main__.unsafe_get_screenings_from_cinema, retrying in 1 seconds...
2025-12-16 03:52:40,587 - cinemas.movieland - INFO - STARTED Movie Land
2025-12-16 03:52:40,587 - cinemas.movieland - INFO - STARTED Movie Land CARMIEL
2025-12-16 03:52:40,637 - cinemas.movieland - INFO - STARTED Movie Land HAIFA
2025-12-16 03:52:40,684 - cinemas.movieland - INFO - STARTED Movie Land NATANYA
2025-12-16 03:52:40,733 - cinemas.movieland - INFO - DONE Movie Land
2025-12-16 03:52:40,733 - retry.api - WARNING - AssertionError: movieland returned empty list in __main__.unsafe_get_screenings_from_cinema, retrying in 2 seconds...
2025-12-16 03:52:42,733 - cinemas.movieland - INFO - STARTED Movie Land
2025-12-16 03:52:42,733 - cinemas.movieland - INFO - STARTED Movie Land CARMIEL
2025-12-16 03:52:42,779 - cinemas.movieland - INFO - STARTED Movie Land HAIFA
2025-12-16 03:52:42,819 - cinemas.movieland - INFO - STARTED Movie Land NATANYA
2025-12-16 03:52:42,864 - cinemas.movieland - INFO - DONE Movie Land
2025-12-16 03:52:42,864 - root - ERROR - movieland crashed: movieland returned empty list
2025-12-16 03:52:42,864 - root - INFO - ********************
2025-12-16 03:52:42,864 - root - INFO - started checking for:19-12-2025
2025-12-16 03:52:42,864 - cinemas.yes_planet - INFO - STARTED YES PLANET
2025-12-16 03:52:42,864 - cinemas.yes_planet - INFO - STARTED YES PLANET RISHON
2025-12-16 03:52:44,070 - cinemas.yes_planet - INFO - DONE YES PLANET RISHON
2025-12-16 03:52:44,070 - cinemas.yes_planet - INFO - STARTED YES PLANET AYALON
2025-12-16 03:52:45,062 - cinemas.yes_planet - INFO - DONE YES PLANET AYALON
2025-12-16 03:52:45,062 - cinemas.yes_planet - INFO - STARTED YES PLANET ZICHRON
2025-12-16 03:52:46,177 - cinemas.yes_planet - INFO - DONE YES PLANET ZICHRON
2025-12-16 03:52:46,178 - cinemas.yes_planet - INFO - STARTED YES PLANET HAIFA
2025-12-16 03:52:47,290 - cinemas.yes_planet - INFO - DONE YES PLANET HAIFA
2025-12-16 03:52:47,290 - cinemas.yes_planet - INFO - STARTED YES PLANET JERUSALEM
2025-12-16 03:52:48,407 - cinemas.yes_planet - INFO - DONE YES PLANET JERUSALEM
2025-12-16 03:52:48,407 - cinemas.yes_planet - INFO - STARTED YES PLANET BEER_SHEVA
2025-12-16 03:52:49,188 - cinemas.yes_planet - INFO - DONE YES PLANET BEER_SHEVA
2025-12-16 03:52:49,188 - cinemas.yes_planet - INFO - DONE YES PLANET
2025-12-16 03:52:49,188 - cinemas.rav_hen - INFO - STARTED RAV HEN
2025-12-16 03:52:49,188 - cinemas.rav_hen - INFO - STARTED RAV HEN GIVATAIM
2025-12-16 03:52:50,074 - cinemas.rav_hen - INFO - DONE RAV HEN GIVATAIM
2025-12-16 03:52:50,074 - cinemas.rav_hen - INFO - STARTED RAV HEN DIZINGOF
2025-12-16 03:52:50,861 - cinemas.rav_hen - INFO - DONE RAV HEN DIZINGOF
2025-12-16 03:52:50,861 - cinemas.rav_hen - INFO - STARTED RAV HEN MODIIN
2025-12-16 03:52:51,566 - cinemas.rav_hen - INFO - DONE RAV HEN MODIIN
2025-12-16 03:52:51,566 - cinemas.rav_hen - INFO - STARTED RAV HEN KIRYAT_ONO
2025-12-16 03:52:52,376 - cinemas.rav_hen - INFO - DONE RAV HEN KIRYAT_ONO
2025-12-16 03:52:52,376 - cinemas.rav_hen - INFO - DONE RAV HEN
2025-12-16 03:52:52,376 - cinemas.hot_cinema - INFO - STARTED HOT CINEMA
2025-12-16 03:52:52,376 - cinemas.hot_cinema - INFO - STARTED HOT CINEMA MODIIN
2025-12-16 03:52:52,427 - root - ERROR - hot cinema crashed
Traceback (most recent call last):
  File "/opt/hostedtoolcache/Python/3.11.14/x64/lib/python3.11/site-packages/requests/models.py", line 976, in json
    return complexjson.loads(self.text, **kwargs)
           ^^^^^^^^^^^^^^^^^^^^^^^^^^^^^^^^^^^^^^
  File "/opt/hostedtoolcache/Python/3.11.14/x64/lib/python3.11/json/__init__.py", line 346, in loads
    return _default_decoder.decode(s)
           ^^^^^^^^^^^^^^^^^^^^^^^^^^
  File "/opt/hostedtoolcache/Python/3.11.14/x64/lib/python3.11/json/decoder.py", line 337, in decode
    obj, end = self.raw_decode(s, idx=_w(s, 0).end())
               ^^^^^^^^^^^^^^^^^^^^^^^^^^^^^^^^^^^^^^
  File "/opt/hostedtoolcache/Python/3.11.14/x64/lib/python3.11/json/decoder.py", line 355, in raw_decode
    raise JSONDecodeError("Expecting value", s, err.value) from None
json.decoder.JSONDecodeError: Expecting value: line 1 column 1 (char 0)

During handling of the above exception, another exception occurred:

Traceback (most recent call last):
  File "/home/runner/work/Movie-Time-Server/Movie-Time-Server/main.py", line 56, in get_screenings_from_cinema
    return unsafe_get_screenings_from_cinema(get_screening, cinema, date, s)
           ^^^^^^^^^^^^^^^^^^^^^^^^^^^^^^^^^^^^^^^^^^^^^^^^^^^^^^^^^^^^^^^^^
  File "/opt/hostedtoolcache/Python/3.11.14/x64/lib/python3.11/site-packages/decorator.py", line 235, in fun
    return caller(func, *(extras + args), **kw)
           ^^^^^^^^^^^^^^^^^^^^^^^^^^^^^^^^^^^^
  File "/opt/hostedtoolcache/Python/3.11.14/x64/lib/python3.11/site-packages/retry/api.py", line 90, in retry_decorator
    return __retry_internal(partial(f, *args, **kwargs), exceptions, tries, delay, max_delay, backoff, jitter,
           ^^^^^^^^^^^^^^^^^^^^^^^^^^^^^^^^^^^^^^^^^^^^^^^^^^^^^^^^^^^^^^^^^^^^^^^^^^^^^^^^^^^^^^^^^^^^^^^^^^^
  File "/opt/hostedtoolcache/Python/3.11.14/x64/lib/python3.11/site-packages/retry/api.py", line 35, in __retry_internal
    return f()
           ^^^
  File "/home/runner/work/Movie-Time-Server/Movie-Time-Server/main.py", line 71, in unsafe_get_screenings_from_cinema
    screenings = get_screening(year, month, day, s)
                 ^^^^^^^^^^^^^^^^^^^^^^^^^^^^^^^^^^
  File "/home/runner/work/Movie-Time-Server/Movie-Time-Server/cinemas/hot_cinema.py", line 131, in get_screenings
    screenings.extend(get_by_location(location, date, s))
                      ^^^^^^^^^^^^^^^^^^^^^^^^^^^^^^^^^^
  File "/home/runner/work/Movie-Time-Server/Movie-Time-Server/cinemas/hot_cinema.py", line 104, in get_by_location
    res = s.get(url).json()
          ^^^^^^^^^^^^^^^^^
  File "/opt/hostedtoolcache/Python/3.11.14/x64/lib/python3.11/site-packages/requests/models.py", line 980, in json
    raise RequestsJSONDecodeError(e.msg, e.doc, e.pos)
requests.exceptions.JSONDecodeError: Expecting value: line 1 column 1 (char 0)
2025-12-16 03:52:52,427 - cinemas.cinema_city - INFO - STARTED CINEMA CITY
2025-12-16 03:52:57,110 - proxy - INFO - Proxy: {'YourFuckingIPAddress': '77.91.69.236', 'YourFuckingLocation': 'Tel Aviv, TA, Israel', 'YourFuckingHostname': 'static.236.69.91.77.ip.webhost1.net', 'YourFuckingISP': 'Webhost LLC', 'YourFuckingTorExit': False, 'YourFuckingCity': 'Tel Aviv', 'YourFuckingCountry': 'Israel', 'YourFuckingCountryCode': 'IL'}
2025-12-16 03:52:57,110 - cinemas.cinema_city - INFO - STARTED CINEMA CITY GLILOT
2025-12-16 03:52:59,879 - cinemas.cinema_city - INFO - DONE CINEMA CITY GLILOT
2025-12-16 03:52:59,879 - cinemas.cinema_city - INFO - STARTED CINEMA CITY RISHON
2025-12-16 03:53:26,411 - cinemas.cinema_city - INFO - DONE CINEMA CITY RISHON
2025-12-16 03:53:26,412 - cinemas.cinema_city - INFO - STARTED CINEMA CITY JERUSALEM
2025-12-16 03:53:27,923 - cinemas.cinema_city - INFO - DONE CINEMA CITY JERUSALEM
2025-12-16 03:53:27,923 - cinemas.cinema_city - INFO - STARTED CINEMA CITY KFAR_SABBA
2025-12-16 03:53:30,076 - cinemas.cinema_city - INFO - DONE CINEMA CITY KFAR_SABBA
2025-12-16 03:53:30,077 - cinemas.cinema_city - INFO - STARTED CINEMA CITY NATANIA
2025-12-16 03:53:32,184 - cinemas.cinema_city - INFO - DONE CINEMA CITY NATANIA
2025-12-16 03:53:32,184 - cinemas.cinema_city - INFO - STARTED CINEMA CITY BEER_SHEVA
2025-12-16 03:53:34,281 - cinemas.cinema_city - INFO - DONE CINEMA CITY BEER_SHEVA
2025-12-16 03:53:34,281 - cinemas.cinema_city - INFO - STARTED CINEMA CITY HADERA
2025-12-16 03:53:36,042 - cinemas.cinema_city - INFO - DONE CINEMA CITY HADERA
2025-12-16 03:53:36,042 - cinemas.cinema_city - INFO - STARTED CINEMA CITY ASHDOD
2025-12-16 03:53:37,527 - cinemas.cinema_city - WARNING - error while getting movie info:
Traceback (most recent call last):
  File "/home/runner/work/Movie-Time-Server/Movie-Time-Server/cinemas/cinema_city.py", line 123, in get_by_location
    for movie in res.json():
                 ^^^^^^^^^^
  File "/home/runner/work/Movie-Time-Server/Movie-Time-Server/proxy.py", line 18, in json
    return json.loads(self.pre)
           ^^^^^^^^^^^^^^^^^^^^
  File "/opt/hostedtoolcache/Python/3.11.14/x64/lib/python3.11/json/__init__.py", line 339, in loads
    raise TypeError(f'the JSON object must be str, bytes or bytearray, '
TypeError: the JSON object must be str, bytes or bytearray, not NoneType
2025-12-16 03:53:37,528 - cinemas.cinema_city - INFO - DONE CINEMA CITY ASHDOD
2025-12-16 03:53:37,595 - proxy - INFO - Proxy removed
2025-12-16 03:53:37,596 - cinemas.cinema_city - INFO - DONE CINEMA CITY
2025-12-16 03:53:37,596 - cinemas.lev - INFO - STARTED LEV
2025-12-16 03:53:38,953 - proxy - INFO - Proxy: {'YourFuckingIPAddress': '77.91.69.236', 'YourFuckingLocation': 'Tel Aviv, TA, Israel', 'YourFuckingHostname': 'static.236.69.91.77.ip.webhost1.net', 'YourFuckingISP': 'Webhost LLC', 'YourFuckingTorExit': False, 'YourFuckingCity': 'Tel Aviv', 'YourFuckingCountry': 'Israel', 'YourFuckingCountryCode': 'IL'}
2025-12-16 03:53:38,954 - cinemas.lev - INFO - STARTED LEV TEL_AVIV
2025-12-16 03:53:42,028 - cinemas.lev - INFO - DONE LEV TEL_AVIV
2025-12-16 03:53:42,029 - cinemas.lev - INFO - STARTED LEV RAMAT_HASHARON
2025-12-16 03:53:43,353 - cinemas.lev - INFO - DONE LEV RAMAT_HASHARON
2025-12-16 03:53:43,353 - cinemas.lev - INFO - STARTED LEV MANDARIN
2025-12-16 03:53:43,871 - cinemas.lev - INFO - DONE LEV MANDARIN
2025-12-16 03:53:43,871 - cinemas.lev - INFO - STARTED LEV EVEN_YEHUDA
2025-12-16 03:53:45,066 - cinemas.lev - INFO - DONE LEV EVEN_YEHUDA
2025-12-16 03:53:45,066 - cinemas.lev - INFO - STARTED LEV SMADAR
2025-12-16 03:53:45,697 - cinemas.lev - INFO - DONE LEV SMADAR
2025-12-16 03:53:45,697 - cinemas.lev - INFO - STARTED LEV RAANANA
2025-12-16 03:53:46,696 - cinemas.lev - INFO - DONE LEV RAANANA
2025-12-16 03:53:46,696 - cinemas.lev - INFO - STARTED LEV OMER
2025-12-16 03:53:47,389 - cinemas.lev - INFO - DONE LEV OMER
2025-12-16 03:53:47,389 - cinemas.lev - INFO - STARTED LEV SHOHAM
2025-12-16 03:53:48,234 - cinemas.lev - INFO - DONE LEV SHOHAM
2025-12-16 03:53:48,234 - cinemas.lev - INFO - STARTED LEV DANIEL
2025-12-16 03:53:48,827 - cinemas.lev - INFO - DONE LEV DANIEL
2025-12-16 03:53:48,888 - proxy - INFO - Proxy removed
2025-12-16 03:53:48,888 - cinemas.lev - INFO - DONE LEV
2025-12-16 03:53:48,888 - cinemas.movieland - INFO - STARTED Movie Land
2025-12-16 03:53:48,888 - cinemas.movieland - INFO - STARTED Movie Land CARMIEL
2025-12-16 03:53:48,932 - cinemas.movieland - INFO - STARTED Movie Land HAIFA
2025-12-16 03:53:48,978 - cinemas.movieland - INFO - STARTED Movie Land NATANYA
2025-12-16 03:53:49,029 - cinemas.movieland - INFO - DONE Movie Land
2025-12-16 03:53:49,029 - retry.api - WARNING - AssertionError: movieland returned empty list in __main__.unsafe_get_screenings_from_cinema, retrying in 1 seconds...
2025-12-16 03:53:50,030 - cinemas.movieland - INFO - STARTED Movie Land
2025-12-16 03:53:50,030 - cinemas.movieland - INFO - STARTED Movie Land CARMIEL
2025-12-16 03:53:50,076 - cinemas.movieland - INFO - STARTED Movie Land HAIFA
2025-12-16 03:53:50,122 - cinemas.movieland - INFO - STARTED Movie Land NATANYA
2025-12-16 03:53:50,175 - cinemas.movieland - INFO - DONE Movie Land
2025-12-16 03:53:50,175 - retry.api - WARNING - AssertionError: movieland returned empty list in __main__.unsafe_get_screenings_from_cinema, retrying in 2 seconds...
2025-12-16 03:53:52,175 - cinemas.movieland - INFO - STARTED Movie Land
2025-12-16 03:53:52,175 - cinemas.movieland - INFO - STARTED Movie Land CARMIEL
2025-12-16 03:53:52,238 - cinemas.movieland - INFO - STARTED Movie Land HAIFA
2025-12-16 03:53:52,291 - cinemas.movieland - INFO - STARTED Movie Land NATANYA
2025-12-16 03:53:52,336 - cinemas.movieland - INFO - DONE Movie Land
2025-12-16 03:53:52,336 - root - ERROR - movieland crashed: movieland returned empty list
2025-12-16 03:53:52,336 - root - INFO - ********************
2025-12-16 03:53:52,336 - root - INFO - started checking for:20-12-2025
2025-12-16 03:53:52,336 - cinemas.yes_planet - INFO - STARTED YES PLANET
2025-12-16 03:53:52,336 - cinemas.yes_planet - INFO - STARTED YES PLANET RISHON
2025-12-16 03:53:53,453 - cinemas.yes_planet - INFO - DONE YES PLANET RISHON
2025-12-16 03:53:53,453 - cinemas.yes_planet - INFO - STARTED YES PLANET AYALON
2025-12-16 03:53:54,473 - cinemas.yes_planet - INFO - DONE YES PLANET AYALON
2025-12-16 03:53:54,473 - cinemas.yes_planet - INFO - STARTED YES PLANET ZICHRON
2025-12-16 03:53:55,424 - cinemas.yes_planet - INFO - DONE YES PLANET ZICHRON
2025-12-16 03:53:55,424 - cinemas.yes_planet - INFO - STARTED YES PLANET HAIFA
2025-12-16 03:53:56,493 - cinemas.yes_planet - INFO - DONE YES PLANET HAIFA
2025-12-16 03:53:56,493 - cinemas.yes_planet - INFO - STARTED YES PLANET JERUSALEM
2025-12-16 03:53:57,575 - cinemas.yes_planet - INFO - DONE YES PLANET JERUSALEM
2025-12-16 03:53:57,575 - cinemas.yes_planet - INFO - STARTED YES PLANET BEER_SHEVA
2025-12-16 03:53:58,543 - cinemas.yes_planet - INFO - DONE YES PLANET BEER_SHEVA
2025-12-16 03:53:58,543 - cinemas.yes_planet - INFO - DONE YES PLANET
2025-12-16 03:53:58,543 - cinemas.rav_hen - INFO - STARTED RAV HEN
2025-12-16 03:53:58,543 - cinemas.rav_hen - INFO - STARTED RAV HEN GIVATAIM
2025-12-16 03:53:59,518 - cinemas.rav_hen - INFO - DONE RAV HEN GIVATAIM
2025-12-16 03:53:59,519 - cinemas.rav_hen - INFO - STARTED RAV HEN DIZINGOF
2025-12-16 03:54:00,172 - cinemas.rav_hen - INFO - DONE RAV HEN DIZINGOF
2025-12-16 03:54:00,172 - cinemas.rav_hen - INFO - STARTED RAV HEN MODIIN
2025-12-16 03:54:00,833 - cinemas.rav_hen - INFO - DONE RAV HEN MODIIN
2025-12-16 03:54:00,834 - cinemas.rav_hen - INFO - STARTED RAV HEN KIRYAT_ONO
2025-12-16 03:54:01,495 - cinemas.rav_hen - INFO - DONE RAV HEN KIRYAT_ONO
2025-12-16 03:54:01,495 - cinemas.rav_hen - INFO - DONE RAV HEN
2025-12-16 03:54:01,495 - cinemas.hot_cinema - INFO - STARTED HOT CINEMA
2025-12-16 03:54:01,495 - cinemas.hot_cinema - INFO - STARTED HOT CINEMA MODIIN
2025-12-16 03:54:01,549 - root - ERROR - hot cinema crashed
Traceback (most recent call last):
  File "/opt/hostedtoolcache/Python/3.11.14/x64/lib/python3.11/site-packages/requests/models.py", line 976, in json
    return complexjson.loads(self.text, **kwargs)
           ^^^^^^^^^^^^^^^^^^^^^^^^^^^^^^^^^^^^^^
  File "/opt/hostedtoolcache/Python/3.11.14/x64/lib/python3.11/json/__init__.py", line 346, in loads
    return _default_decoder.decode(s)
           ^^^^^^^^^^^^^^^^^^^^^^^^^^
  File "/opt/hostedtoolcache/Python/3.11.14/x64/lib/python3.11/json/decoder.py", line 337, in decode
    obj, end = self.raw_decode(s, idx=_w(s, 0).end())
               ^^^^^^^^^^^^^^^^^^^^^^^^^^^^^^^^^^^^^^
  File "/opt/hostedtoolcache/Python/3.11.14/x64/lib/python3.11/json/decoder.py", line 355, in raw_decode
    raise JSONDecodeError("Expecting value", s, err.value) from None
json.decoder.JSONDecodeError: Expecting value: line 1 column 1 (char 0)

During handling of the above exception, another exception occurred:

Traceback (most recent call last):
  File "/home/runner/work/Movie-Time-Server/Movie-Time-Server/main.py", line 56, in get_screenings_from_cinema
    return unsafe_get_screenings_from_cinema(get_screening, cinema, date, s)
           ^^^^^^^^^^^^^^^^^^^^^^^^^^^^^^^^^^^^^^^^^^^^^^^^^^^^^^^^^^^^^^^^^
  File "/opt/hostedtoolcache/Python/3.11.14/x64/lib/python3.11/site-packages/decorator.py", line 235, in fun
    return caller(func, *(extras + args), **kw)
           ^^^^^^^^^^^^^^^^^^^^^^^^^^^^^^^^^^^^
  File "/opt/hostedtoolcache/Python/3.11.14/x64/lib/python3.11/site-packages/retry/api.py", line 90, in retry_decorator
    return __retry_internal(partial(f, *args, **kwargs), exceptions, tries, delay, max_delay, backoff, jitter,
           ^^^^^^^^^^^^^^^^^^^^^^^^^^^^^^^^^^^^^^^^^^^^^^^^^^^^^^^^^^^^^^^^^^^^^^^^^^^^^^^^^^^^^^^^^^^^^^^^^^^
  File "/opt/hostedtoolcache/Python/3.11.14/x64/lib/python3.11/site-packages/retry/api.py", line 35, in __retry_internal
    return f()
           ^^^
  File "/home/runner/work/Movie-Time-Server/Movie-Time-Server/main.py", line 71, in unsafe_get_screenings_from_cinema
    screenings = get_screening(year, month, day, s)
                 ^^^^^^^^^^^^^^^^^^^^^^^^^^^^^^^^^^
  File "/home/runner/work/Movie-Time-Server/Movie-Time-Server/cinemas/hot_cinema.py", line 131, in get_screenings
    screenings.extend(get_by_location(location, date, s))
                      ^^^^^^^^^^^^^^^^^^^^^^^^^^^^^^^^^^
  File "/home/runner/work/Movie-Time-Server/Movie-Time-Server/cinemas/hot_cinema.py", line 104, in get_by_location
    res = s.get(url).json()
          ^^^^^^^^^^^^^^^^^
  File "/opt/hostedtoolcache/Python/3.11.14/x64/lib/python3.11/site-packages/requests/models.py", line 980, in json
    raise RequestsJSONDecodeError(e.msg, e.doc, e.pos)
requests.exceptions.JSONDecodeError: Expecting value: line 1 column 1 (char 0)
2025-12-16 03:54:01,550 - cinemas.cinema_city - INFO - STARTED CINEMA CITY
2025-12-16 03:54:03,755 - proxy - INFO - Proxy: {'YourFuckingIPAddress': '77.91.69.236', 'YourFuckingLocation': 'Tel Aviv, TA, Israel', 'YourFuckingHostname': 'static.236.69.91.77.ip.webhost1.net', 'YourFuckingISP': 'Webhost LLC', 'YourFuckingTorExit': False, 'YourFuckingCity': 'Tel Aviv', 'YourFuckingCountry': 'Israel', 'YourFuckingCountryCode': 'IL'}
2025-12-16 03:54:03,755 - cinemas.cinema_city - INFO - STARTED CINEMA CITY GLILOT
2025-12-16 03:54:06,404 - cinemas.cinema_city - INFO - DONE CINEMA CITY GLILOT
2025-12-16 03:54:06,404 - cinemas.cinema_city - INFO - STARTED CINEMA CITY RISHON
2025-12-16 03:54:07,930 - cinemas.cinema_city - INFO - DONE CINEMA CITY RISHON
2025-12-16 03:54:07,930 - cinemas.cinema_city - INFO - STARTED CINEMA CITY JERUSALEM
2025-12-16 03:54:09,450 - cinemas.cinema_city - INFO - DONE CINEMA CITY JERUSALEM
2025-12-16 03:54:09,450 - cinemas.cinema_city - INFO - STARTED CINEMA CITY KFAR_SABBA
2025-12-16 03:54:11,166 - cinemas.cinema_city - INFO - DONE CINEMA CITY KFAR_SABBA
2025-12-16 03:54:11,166 - cinemas.cinema_city - INFO - STARTED CINEMA CITY NATANIA
2025-12-16 03:54:13,039 - cinemas.cinema_city - INFO - DONE CINEMA CITY NATANIA
2025-12-16 03:54:13,039 - cinemas.cinema_city - INFO - STARTED CINEMA CITY BEER_SHEVA
2025-12-16 03:54:14,912 - cinemas.cinema_city - INFO - DONE CINEMA CITY BEER_SHEVA
2025-12-16 03:54:14,912 - cinemas.cinema_city - INFO - STARTED CINEMA CITY HADERA
2025-12-16 03:54:17,012 - cinemas.cinema_city - INFO - DONE CINEMA CITY HADERA
2025-12-16 03:54:17,012 - cinemas.cinema_city - INFO - STARTED CINEMA CITY ASHDOD
2025-12-16 03:54:19,179 - cinemas.cinema_city - WARNING - error while getting movie info:
Traceback (most recent call last):
  File "/home/runner/work/Movie-Time-Server/Movie-Time-Server/cinemas/cinema_city.py", line 123, in get_by_location
    for movie in res.json():
                 ^^^^^^^^^^
  File "/home/runner/work/Movie-Time-Server/Movie-Time-Server/proxy.py", line 18, in json
    return json.loads(self.pre)
           ^^^^^^^^^^^^^^^^^^^^
  File "/opt/hostedtoolcache/Python/3.11.14/x64/lib/python3.11/json/__init__.py", line 339, in loads
    raise TypeError(f'the JSON object must be str, bytes or bytearray, '
TypeError: the JSON object must be str, bytes or bytearray, not NoneType
2025-12-16 03:54:19,179 - cinemas.cinema_city - INFO - DONE CINEMA CITY ASHDOD
2025-12-16 03:54:19,241 - proxy - INFO - Proxy removed
2025-12-16 03:54:19,241 - cinemas.cinema_city - INFO - DONE CINEMA CITY
2025-12-16 03:54:19,241 - cinemas.lev - INFO - STARTED LEV
2025-12-16 03:54:20,886 - proxy - INFO - Proxy: {'YourFuckingIPAddress': '77.91.69.236', 'YourFuckingLocation': 'Tel Aviv, TA, Israel', 'YourFuckingHostname': 'static.236.69.91.77.ip.webhost1.net', 'YourFuckingISP': 'Webhost LLC', 'YourFuckingTorExit': False, 'YourFuckingCity': 'Tel Aviv', 'YourFuckingCountry': 'Israel', 'YourFuckingCountryCode': 'IL'}
2025-12-16 03:54:20,886 - cinemas.lev - INFO - STARTED LEV TEL_AVIV
2025-12-16 03:54:22,875 - cinemas.lev - INFO - DONE LEV TEL_AVIV
2025-12-16 03:54:22,875 - cinemas.lev - INFO - STARTED LEV RAMAT_HASHARON
2025-12-16 03:54:23,989 - cinemas.lev - INFO - DONE LEV RAMAT_HASHARON
2025-12-16 03:54:23,989 - cinemas.lev - INFO - STARTED LEV MANDARIN
2025-12-16 03:54:24,541 - cinemas.lev - INFO - DONE LEV MANDARIN
2025-12-16 03:54:24,541 - cinemas.lev - INFO - STARTED LEV EVEN_YEHUDA
2025-12-16 03:54:25,357 - cinemas.lev - INFO - DONE LEV EVEN_YEHUDA
2025-12-16 03:54:25,357 - cinemas.lev - INFO - STARTED LEV SMADAR
2025-12-16 03:54:25,951 - cinemas.lev - INFO - DONE LEV SMADAR
2025-12-16 03:54:25,951 - cinemas.lev - INFO - STARTED LEV RAANANA
2025-12-16 03:54:26,790 - cinemas.lev - INFO - DONE LEV RAANANA
2025-12-16 03:54:26,790 - cinemas.lev - INFO - STARTED LEV OMER
2025-12-16 03:54:27,288 - cinemas.lev - INFO - DONE LEV OMER
2025-12-16 03:54:27,288 - cinemas.lev - INFO - STARTED LEV SHOHAM
2025-12-16 03:54:27,988 - cinemas.lev - INFO - DONE LEV SHOHAM
2025-12-16 03:54:27,988 - cinemas.lev - INFO - STARTED LEV DANIEL
2025-12-16 03:54:28,641 - cinemas.lev - INFO - DONE LEV DANIEL
2025-12-16 03:54:28,703 - proxy - INFO - Proxy removed
2025-12-16 03:54:28,703 - cinemas.lev - INFO - DONE LEV
2025-12-16 03:54:28,703 - cinemas.movieland - INFO - STARTED Movie Land
2025-12-16 03:54:28,703 - cinemas.movieland - INFO - STARTED Movie Land CARMIEL
2025-12-16 03:54:28,750 - cinemas.movieland - INFO - STARTED Movie Land HAIFA
2025-12-16 03:54:28,795 - cinemas.movieland - INFO - STARTED Movie Land NATANYA
2025-12-16 03:54:28,836 - cinemas.movieland - INFO - DONE Movie Land
2025-12-16 03:54:28,836 - retry.api - WARNING - AssertionError: movieland returned empty list in __main__.unsafe_get_screenings_from_cinema, retrying in 1 seconds...
2025-12-16 03:54:29,837 - cinemas.movieland - INFO - STARTED Movie Land
2025-12-16 03:54:29,837 - cinemas.movieland - INFO - STARTED Movie Land CARMIEL
2025-12-16 03:54:29,882 - cinemas.movieland - INFO - STARTED Movie Land HAIFA
2025-12-16 03:54:29,960 - cinemas.movieland - INFO - STARTED Movie Land NATANYA
2025-12-16 03:54:30,006 - cinemas.movieland - INFO - DONE Movie Land
2025-12-16 03:54:30,006 - retry.api - WARNING - AssertionError: movieland returned empty list in __main__.unsafe_get_screenings_from_cinema, retrying in 2 seconds...
2025-12-16 03:54:32,006 - cinemas.movieland - INFO - STARTED Movie Land
2025-12-16 03:54:32,007 - cinemas.movieland - INFO - STARTED Movie Land CARMIEL
2025-12-16 03:54:32,066 - cinemas.movieland - INFO - STARTED Movie Land HAIFA
2025-12-16 03:54:32,118 - cinemas.movieland - INFO - STARTED Movie Land NATANYA
2025-12-16 03:54:32,161 - cinemas.movieland - INFO - DONE Movie Land
2025-12-16 03:54:32,161 - root - ERROR - movieland crashed: movieland returned empty list
2025-12-16 03:54:33,657 - seret.movie_info_fetchers.composite - INFO - Got info for זוטרופוליס 2 using ElasticMovieInfoFetcher
2025-12-16 03:54:34,857 - seret.movie_info_fetchers.composite - INFO - Got info for טום וג'רי והמצפן האבוד using ElasticMovieInfoFetcher
2025-12-16 03:54:36,161 - seret.movie_info_fetchers.composite - INFO - Got info for חיות על הרכבת using ElasticMovieInfoFetcher
2025-12-16 03:54:37,945 - seret.movie_info_fetchers.composite - INFO - Got info for חבורת הבלאגן המושלם using ElasticMovieInfoFetcher
2025-12-16 03:54:41,563 - seret.movie_info_fetchers.composite - INFO - Got info for מה שקורה ברומא using ElasticMovieInfoFetcher
2025-12-16 03:54:42,821 - seret.movie_info_fetchers.composite - INFO - Got info for בובספוג הסרט: מחפשים את מכנסמרובע using ElasticMovieInfoFetcher
2025-12-16 03:54:44,201 - seret.movie_info_fetchers.composite - INFO - Got info for יאן ודב הפנדה using ElasticMovieInfoFetcher
2025-12-16 03:54:45,672 - seret.movie_info_fetchers.composite - INFO - Got info for בית הבובות של גבי using ElasticMovieInfoFetcher
2025-12-16 03:54:46,687 - seret.movie_info_fetchers.composite - INFO - Got info for מרשעת: חלק 2 using ElasticMovieInfoFetcher
2025-12-16 03:54:47,624 - seret.movie_info_fetchers.composite - INFO - Got info for נירנברג using ElasticMovieInfoFetcher
2025-12-16 03:54:49,403 - seret.movie_info_fetchers.composite - INFO - Got info for החברים הסודיים שלי using ElasticMovieInfoFetcher
2025-12-16 03:54:51,098 - seret.movie_info_fetchers.composite - INFO - Got info for קרב רודף קרב using ElasticMovieInfoFetcher
2025-12-16 03:54:52,641 - seret.movie_info_fetchers.composite - INFO - Got info for Demon Slayer: Infinity Castle using ElasticMovieInfoFetcher
2025-12-16 03:54:54,342 - seret.movie_info_fetchers.composite - INFO - Got info for לילה מוטרף בגן החיות using ElasticMovieInfoFetcher
2025-12-16 03:54:55,305 - seret.movie_info_fetchers.composite - INFO - Got info for כוכב נופל using ElasticMovieInfoFetcher
2025-12-16 03:54:56,433 - seret.movie_info_fetchers.composite - INFO - Got info for Gaming LIVE - זיגי VS סרבי using ElasticMovieInfoFetcher
2025-12-16 03:54:58,000 - seret.movie_info_fetchers.composite - INFO - Got info for JUJUTSU KAISEN: EXECUTION using ElasticMovieInfoFetcher
2025-12-16 03:54:58,825 - seret.movie_info_fetchers.composite - INFO - Got info for ЗВЕРОПОЛИС 2 - ZooTopia 2 using ElasticMovieInfoFetcher
2025-12-16 03:54:58,833 - seret.movie_info_fetchers.composite - INFO - Got info for הים using ElasticMovieInfoFetcher
2025-12-16 03:54:58,833 - seret.info_fetcher - ERROR - Failed to get info for הים and הים
2025-12-16 03:55:00,558 - seret.movie_info_fetchers.composite - INFO - Got info for מריה מונטוסורי using ElasticMovieInfoFetcher
2025-12-16 03:55:02,849 - seret.movie_info_fetchers.composite - INFO - Got info for חמישה לילות אצל פרדי 2 using ElasticMovieInfoFetcher
2025-12-16 03:55:04,241 - seret.movie_info_fetchers.composite - INFO - Got info for ג'יי קלי using ElasticMovieInfoFetcher
2025-12-16 03:55:05,427 - seret.movie_info_fetchers.composite - INFO - Got info for אסקובנק using ElasticMovieInfoFetcher
2025-12-16 03:55:06,763 - seret.movie_info_fetchers.composite - INFO - Got info for לילה לא שקט using ElasticMovieInfoFetcher
2025-12-16 03:55:07,887 - seret.movie_info_fetchers.composite - INFO - Got info for פליי דייט using ElasticMovieInfoFetcher
2025-12-16 03:55:09,218 - seret.movie_info_fetchers.composite - INFO - Got info for בנות כמונו using ElasticMovieInfoFetcher
2025-12-16 03:55:10,340 - seret.movie_info_fetchers.composite - INFO - Got info for האשליה 3 using ElasticMovieInfoFetcher
2025-12-16 03:55:11,353 - seret.movie_info_fetchers.composite - INFO - Got info for לנצח נצחים using ElasticMovieInfoFetcher
2025-12-16 03:55:12,902 - seret.movie_info_fetchers.composite - INFO - Got info for היה היתה אמא שלי using ElasticMovieInfoFetcher
2025-12-16 03:55:14,128 - seret.movie_info_fetchers.composite - INFO - Got info for המתנקשת using ElasticMovieInfoFetcher
2025-12-16 03:55:15,124 - seret.movie_info_fetchers.composite - INFO - Got info for להתחרט עליך using ElasticMovieInfoFetcher
2025-12-16 03:55:16,855 - seret.movie_info_fetchers.composite - INFO - Got info for לשחרר את שולי סאן using ElasticMovieInfoFetcher
2025-12-16 03:55:18,297 - seret.movie_info_fetchers.composite - INFO - Got info for אלינור הגדולה using ElasticMovieInfoFetcher
2025-12-16 03:55:19,539 - seret.movie_info_fetchers.composite - INFO - Got info for חברים על מלא using ElasticMovieInfoFetcher
2025-12-16 03:55:21,272 - seret.movie_info_fetchers.composite - INFO - Got info for נאנדאורי using ElasticMovieInfoFetcher
2025-12-16 03:55:21,280 - seret.movie_info_fetchers.composite - INFO - Got info for אהבה using ElasticMovieInfoFetcher
2025-12-16 03:55:21,280 - seret.info_fetcher - ERROR - Failed to get info for אהבה and אהבה
2025-12-16 03:55:22,532 - seret.movie_info_fetchers.composite - INFO - Got info for רצח כתוב היטב: התעורר, איש מת using ElasticMovieInfoFetcher
2025-12-16 03:55:24,432 - seret.movie_info_fetchers.composite - INFO - Got info for דרדסים using ElasticMovieInfoFetcher
2025-12-16 03:55:25,238 - seret.movie_info_fetchers.composite - INFO - Got info for הטורף: שטח פראי using ElasticMovieInfoFetcher
2025-12-16 03:55:26,232 - seret.movie_info_fetchers.composite - INFO - Got info for Keeper using ElasticMovieInfoFetcher
2025-12-16 03:55:27,489 - seret.movie_info_fetchers.composite - INFO - Got info for סינדרלה- הקללה using ElasticMovieInfoFetcher
2025-12-16 03:55:29,124 - imdb_api - ERROR - id='tt35635187', movie='Stay Forte'
Traceback (most recent call last):
  File "/home/runner/work/Movie-Time-Server/Movie-Time-Server/seret/movie_raters/imdb_api.py", line 67, in get_imdb_rating
    return info["aggregateRating"]['ratingValue']
           ~~~~^^^^^^^^^^^^^^^^^^^
KeyError: 'aggregateRating'
2025-12-16 03:55:29,125 - seret.movie_raters.composite - WARNING - Failed to get rating for Stay Forte
2025-12-16 03:55:29,447 - seret.movie_raters.composite - WARNING - Failed to get rating for תהיה חזק
2025-12-16 03:55:29,447 - seret.movie_info_fetchers.composite - INFO - Got info for תהיה חזק using ElasticMovieInfoFetcher
2025-12-16 03:55:29,455 - seret.movie_info_fetchers.composite - INFO - Got info for מהיר יותר using ElasticMovieInfoFetcher
2025-12-16 03:55:29,455 - seret.info_fetcher - ERROR - Failed to get info for מהיר יותר and מהיר יותר
2025-12-16 03:55:30,377 - seret.movie_info_fetchers.composite - INFO - Got info for Jujutsu Kaisen: Execution using ElasticMovieInfoFetcher
2025-12-16 03:55:31,223 - seret.movie_info_fetchers.composite - INFO - Got info for -בובספוג הסרט: מחפשים את מכנסמרובע using ElasticMovieInfoFetcher
2025-12-16 03:55:32,542 - seret.movie_info_fetchers.composite - INFO - Got info for The SpongeBob Movie: Search for SquarePants using ElasticMovieInfoFetcher
2025-12-16 03:55:34,191 - seret.movie_info_fetchers.composite - INFO - Got info for ESCOBANK using ElasticMovieInfoFetcher
2025-12-16 03:55:35,055 - seret.movie_info_fetchers.composite - INFO - Got info for The SpongeBob Movie: Search for SquarePants using ElasticMovieInfoFetcher
2025-12-16 03:55:36,564 - seret.movie_info_fetchers.composite - INFO - Got info for בית הבובות של גבי-הסרט using ElasticMovieInfoFetcher
2025-12-16 03:55:37,387 - seret.movie_info_fetchers.composite - INFO - Got info for Gabby's Dollhouse The Movie using ElasticMovieInfoFetcher
2025-12-16 03:55:38,123 - seret.movie_info_fetchers.composite - INFO - Got info for GIRLS LIKE US using ElasticMovieInfoFetcher
2025-12-16 03:55:39,259 - seret.movie_info_fetchers.composite - INFO - Got info for גנב על הגג using ElasticMovieInfoFetcher
2025-12-16 03:55:40,279 - seret.movie_info_fetchers.composite - INFO - Got info for Roofman using ElasticMovieInfoFetcher
2025-12-16 03:55:41,218 - seret.movie_info_fetchers.composite - INFO - Got info for NOW YOU SEE ME: NOW YOU DON’T using ElasticMovieInfoFetcher
2025-12-16 03:55:42,039 - seret.movie_info_fetchers.composite - INFO - Got info for GIANTS OF LA MANCHA using ElasticMovieInfoFetcher
2025-12-16 03:55:43,059 - seret.movie_info_fetchers.composite - INFO - Got info for היה הייתה אמא שלי using ElasticMovieInfoFetcher
2025-12-16 03:55:43,946 - seret.movie_info_fetchers.composite - INFO - Got info for Ma mère, Dieu et Sylvie Vartan using ElasticMovieInfoFetcher
2025-12-16 03:55:45,092 - seret.movie_info_fetchers.composite - INFO - Got info for Dominique using ElasticMovieInfoFetcher
2025-12-16 03:55:46,098 - seret.movie_info_fetchers.composite - INFO - Got info for הנרדף using ElasticMovieInfoFetcher
2025-12-16 03:55:46,977 - seret.movie_info_fetchers.composite - INFO - Got info for The Running Man using ElasticMovieInfoFetcher
2025-12-16 03:55:47,787 - seret.movie_info_fetchers.composite - INFO - Got info for ZOOTOPIA 2 using ElasticMovieInfoFetcher
2025-12-16 03:55:48,721 - seret.movie_info_fetchers.composite - INFO - Got info for Zootopie 2 using ElasticMovieInfoFetcher
2025-12-16 03:55:49,730 - seret.movie_info_fetchers.composite - INFO - Got info for Emma's Big Adventure using ElasticMovieInfoFetcher
2025-12-16 03:55:50,726 - seret.movie_info_fetchers.composite - INFO - Got info for Pets on a Train using ElasticMovieInfoFetcher
2025-12-16 03:55:51,561 - seret.movie_info_fetchers.composite - INFO - Got info for Five Nights At Freddy's 2 using ElasticMovieInfoFetcher
2025-12-16 03:55:52,444 - seret.movie_info_fetchers.composite - INFO - Got info for Moon The Panda using ElasticMovieInfoFetcher
2025-12-16 03:55:53,797 - seret.movie_info_fetchers.composite - INFO - Got info for Tinsel Towan using ElasticMovieInfoFetcher
2025-12-16 03:55:54,909 - seret.movie_info_fetchers.composite - INFO - Got info for כתוב בכוכבים using ElasticMovieInfoFetcher
2025-12-16 03:55:56,384 - seret.movie_info_fetchers.composite - INFO - Got info for Under The Stars using ElasticMovieInfoFetcher
2025-12-16 03:55:57,659 - seret.movie_info_fetchers.composite - INFO - Got info for להתחרט עלייך using ElasticMovieInfoFetcher
2025-12-16 03:55:58,597 - seret.movie_info_fetchers.composite - INFO - Got info for Regretting You using ElasticMovieInfoFetcher
2025-12-16 03:55:58,597 - seret.info_fetcher - ERROR - Failed to get info for Regretting You and להתחרט עלייך
2025-12-16 03:55:59,414 - seret.movie_info_fetchers.composite - INFO - Got info for Silent Night Deadly Night using ElasticMovieInfoFetcher
2025-12-16 03:56:00,363 - seret.movie_info_fetchers.composite - INFO - Got info for NIGHT OF THE ZOOPOCALYPSE using ElasticMovieInfoFetcher
2025-12-16 03:56:00,369 - seret.movie_info_fetchers.composite - INFO - Got info for Eternity using ElasticMovieInfoFetcher
2025-12-16 03:56:01,496 - seret.movie_info_fetchers.composite - INFO - Got info for לשחרר את שולי-סאן using ElasticMovieInfoFetcher
2025-12-16 03:56:02,532 - seret.movie_info_fetchers.composite - INFO - Got info for SAVING SHULI 2 using ElasticMovieInfoFetcher
2025-12-16 03:56:04,214 - seret.movie_info_fetchers.composite - INFO - Got info for מכונת התפירה של סבתא using ElasticMovieInfoFetcher
2025-12-16 03:56:04,827 - seret.movie_raters.composite - WARNING - Failed to get rating for Grandma The Foreigner
2025-12-16 03:56:05,055 - seret.movie_raters.composite - WARNING - Failed to get rating for מכונת התפירה של סבתא
2025-12-16 03:56:05,055 - seret.movie_info_fetchers.composite - INFO - Got info for Grandma and the Foreigner using ElasticMovieInfoFetcher
2025-12-16 03:56:06,030 - seret.movie_info_fetchers.composite - INFO - Got info for Wicked: For Good using ElasticMovieInfoFetcher
2025-12-16 03:56:06,823 - seret.movie_info_fetchers.composite - INFO - Got info for NANDAURI using ElasticMovieInfoFetcher
2025-12-16 03:56:07,618 - seret.movie_info_fetchers.composite - INFO - Got info for NUREMBERG using ElasticMovieInfoFetcher
2025-12-16 03:56:08,469 - seret.movie_info_fetchers.composite - INFO - Got info for Playdate using ElasticMovieInfoFetcher
2025-12-16 03:56:10,237 - seret.movie_info_fetchers.composite - INFO - Got info for שעת הזאבים using ElasticMovieInfoFetcher
2025-12-16 03:56:11,016 - seret.movie_info_fetchers.composite - INFO - Got info for Out Come the Wolves using ElasticMovieInfoFetcher
2025-12-16 03:56:12,009 - seret.movie_info_fetchers.composite - INFO - Got info for KEEPER using ElasticMovieInfoFetcher
2025-12-16 03:56:12,983 - seret.movie_info_fetchers.composite - INFO - Got info for לשחרר את שולי using ElasticMovieInfoFetcher
2025-12-16 03:56:14,035 - seret.movie_info_fetchers.composite - INFO - Got info for One Battle After Another using ElasticMovieInfoFetcher
2025-12-16 03:56:15,694 - seret.movie_info_fetchers.composite - INFO - Got info for עצלן על הזמן using ElasticMovieInfoFetcher
2025-12-16 03:56:16,856 - seret.movie_info_fetchers.composite - INFO - Got info for THE SLOTH LANE using ElasticMovieInfoFetcher
2025-12-16 03:56:17,917 - seret.movie_info_fetchers.composite - INFO - Got info for Zootopia 2 using ElasticMovieInfoFetcher
2025-12-16 03:56:18,888 - seret.movie_info_fetchers.composite - INFO - Got info for Nandauri using ElasticMovieInfoFetcher
2025-12-16 03:56:19,900 - seret.movie_info_fetchers.composite - INFO - Got info for The SpongeBob Movie: Search for SquarePants Dubbed using ElasticMovieInfoFetcher
2025-12-16 03:56:19,912 - seret.movie_info_fetchers.composite - INFO - Got info for Once Upon My Mother using ElasticMovieInfoFetcher
2025-12-16 03:56:21,360 - seret.movie_info_fetchers.composite - INFO - Got info for סיפורם של שני פרקליטים using ElasticMovieInfoFetcher
2025-12-16 03:56:22,495 - seret.movie_info_fetchers.composite - INFO - Got info for Two Prosecutors using ElasticMovieInfoFetcher
2025-12-16 03:56:23,728 - seret.movie_info_fetchers.composite - INFO - Got info for Zootopia 2 Dubbed using ElasticMovieInfoFetcher
2025-12-16 03:56:25,008 - seret.movie_info_fetchers.composite - INFO - Got info for When in Rome using ElasticMovieInfoFetcher
2025-12-16 03:56:25,823 - seret.movie_info_fetchers.composite - INFO - Got info for Giants of La Mancha Dubbed using ElasticMovieInfoFetcher
2025-12-16 03:56:25,859 - seret.movie_raters.composite - WARNING - Failed to get rating for Grandma The Foreigner
2025-12-16 03:56:25,865 - seret.movie_raters.composite - WARNING - Failed to get rating for מכונת התפירה של סבתא
2025-12-16 03:56:25,865 - seret.movie_info_fetchers.composite - INFO - Got info for Grandma & The Foreigner using ElasticMovieInfoFetcher
2025-12-16 03:56:27,055 - seret.movie_info_fetchers.composite - INFO - Got info for Wake Up Dead Man: A Knives Out Mystery using ElasticMovieInfoFetcher
2025-12-16 03:56:27,910 - seret.movie_info_fetchers.composite - INFO - Got info for One Battle After The Other using ElasticMovieInfoFetcher
2025-12-16 03:56:28,470 - seret.movie_raters.composite - WARNING - Failed to get rating for Oxygen
2025-12-16 03:56:28,644 - seret.movie_raters.composite - WARNING - Failed to get rating for חמצן
2025-12-16 03:56:28,644 - seret.movie_info_fetchers.composite - INFO - Got info for חמצן + שיח יוצרות using ElasticMovieInfoFetcher
2025-12-16 03:56:28,655 - seret.movie_raters.composite - WARNING - Failed to get rating for Oxygen
2025-12-16 03:56:28,660 - seret.movie_raters.composite - WARNING - Failed to get rating for חמצן
2025-12-16 03:56:28,660 - seret.movie_info_fetchers.composite - INFO - Got info for Oxygen using ElasticMovieInfoFetcher
2025-12-16 03:56:29,564 - seret.movie_info_fetchers.composite - INFO - Got info for Tinsel Town using ElasticMovieInfoFetcher
2025-12-16 03:56:30,843 - imdb_api - ERROR - id='tt1757678', movie='Avatar Fire and Ash'
Traceback (most recent call last):
  File "/home/runner/work/Movie-Time-Server/Movie-Time-Server/seret/movie_raters/imdb_api.py", line 67, in get_imdb_rating
    return info["aggregateRating"]['ratingValue']
           ~~~~^^^^^^^^^^^^^^^^^^^
KeyError: 'aggregateRating'
2025-12-16 03:56:30,843 - seret.movie_raters.composite - WARNING - Failed to get rating for Avatar Fire and Ash
2025-12-16 03:56:31,063 - seret.movie_raters.composite - WARNING - Failed to get rating for אווטאר: אש ואפר
2025-12-16 03:56:31,063 - seret.movie_info_fetchers.composite - INFO - Got info for אווטאר: אש ואפר using ElasticMovieInfoFetcher
2025-12-16 03:56:31,874 - imdb_api - ERROR - id='tt1757678', movie='Avatar Fire and Ash'
Traceback (most recent call last):
  File "/home/runner/work/Movie-Time-Server/Movie-Time-Server/seret/movie_raters/imdb_api.py", line 67, in get_imdb_rating
    return info["aggregateRating"]['ratingValue']
           ~~~~^^^^^^^^^^^^^^^^^^^
KeyError: 'aggregateRating'
2025-12-16 03:56:31,874 - seret.movie_raters.composite - WARNING - Failed to get rating for Avatar Fire and Ash
2025-12-16 03:56:31,879 - seret.movie_raters.composite - WARNING - Failed to get rating for אווטאר: אש ואפר
2025-12-16 03:56:31,879 - seret.movie_info_fetchers.composite - INFO - Got info for Avatar: Fire and Ash using ElasticMovieInfoFetcher
2025-12-16 03:56:32,680 - imdb_api - ERROR - id='tt1757678', movie='Avatar Fire and Ash'
Traceback (most recent call last):
  File "/home/runner/work/Movie-Time-Server/Movie-Time-Server/seret/movie_raters/imdb_api.py", line 67, in get_imdb_rating
    return info["aggregateRating"]['ratingValue']
           ~~~~^^^^^^^^^^^^^^^^^^^
KeyError: 'aggregateRating'
2025-12-16 03:56:32,680 - seret.movie_raters.composite - WARNING - Failed to get rating for Avatar Fire and Ash
2025-12-16 03:56:32,684 - seret.movie_raters.composite - WARNING - Failed to get rating for אווטאר: אש ואפר
2025-12-16 03:56:32,684 - seret.movie_info_fetchers.composite - INFO - Got info for אווטאר: אש ואפר- HFR using ElasticMovieInfoFetcher
2025-12-16 03:56:33,902 - imdb_api - ERROR - id='tt1757678', movie='Avatar Fire and Ash'
Traceback (most recent call last):
  File "/home/runner/work/Movie-Time-Server/Movie-Time-Server/seret/movie_raters/imdb_api.py", line 67, in get_imdb_rating
    return info["aggregateRating"]['ratingValue']
           ~~~~^^^^^^^^^^^^^^^^^^^
KeyError: 'aggregateRating'
2025-12-16 03:56:33,902 - seret.movie_raters.composite - WARNING - Failed to get rating for Avatar Fire and Ash
2025-12-16 03:56:33,906 - seret.movie_raters.composite - WARNING - Failed to get rating for אווטאר: אש ואפר
2025-12-16 03:56:33,906 - seret.movie_info_fetchers.composite - INFO - Got info for Avatar: Fire and Ash using ElasticMovieInfoFetcher
2025-12-16 03:56:34,759 - seret.movie_info_fetchers.composite - INFO - Got info for שומר הראש using ElasticMovieInfoFetcher
2025-12-16 03:56:35,832 - seret.movie_info_fetchers.composite - INFO - Got info for АВАТАР: ПЛАМЯ И ПЕПЕЛ - Avatar using ElasticMovieInfoFetcher
2025-12-16 03:56:35,845 - seret.movie_info_fetchers.composite - INFO - Got info for Avatar: De feu et de cendres using ElasticMovieInfoFetcher
2025-12-16 03:56:36,735 - seret.movie_info_fetchers.composite - INFO - Got info for Nuremberg using ElasticMovieInfoFetcher
2025-12-16 03:56:38,443 - seret.movie_info_fetchers.composite - INFO - Got info for אתי - חלק ב' + שיח יוצר using ElasticMovieInfoFetcher
2025-12-16 03:56:38,837 - seret.movie_raters.composite - WARNING - Failed to get rating for Etty
2025-12-16 03:56:39,219 - seret.movie_raters.composite - WARNING - Failed to get rating for אתי
2025-12-16 03:56:39,219 - seret.movie_info_fetchers.composite - INFO - Got info for Etty Part 2 using ElasticMovieInfoFetcher
2025-12-16 03:56:41,040 - seret.movie_info_fetchers.composite - INFO - Got info for Аватар: Пламя и пепел using ElasticMovieInfoFetcher
2025-12-16 03:56:42,977 - seret.movie_info_fetchers.composite - INFO - Got info for אתי - חלק א using ElasticMovieInfoFetcher
2025-12-16 03:56:42,990 - seret.movie_raters.composite - WARNING - Failed to get rating for Etty
2025-12-16 03:56:42,996 - seret.movie_raters.composite - WARNING - Failed to get rating for אתי
2025-12-16 03:56:42,996 - seret.movie_info_fetchers.composite - INFO - Got info for Etty Part 1 using ElasticMovieInfoFetcher
2025-12-16 03:56:42,997 - seret.info_fetcher - ERROR - Failed to get info for 4 movies: [{'date': '16-12-2025', 'cinema': 'יס פלאנט', 'location': 'ראשון לציון', 'district': 'גוש דן', 'title': 'הים', 'eng_title': 'הים', 'type': '2D', 'time': '15:15', 'link': 'https://tickets5.planetcinema.co.il/order/174002?lang=he', 'coords': (31.9798, 34.7475), 'dubbed': False}, {'date': '16-12-2025', 'cinema': 'יס פלאנט', 'location': 'קניון אילון', 'district': 'גוש דן', 'title': 'אהבה', 'eng_title': 'אהבה', 'type': '2D', 'time': '19:10', 'link': 'https://tickets5.planetcinema.co.il/order/172473?lang=he', 'coords': (32.0995, 34.8272), 'dubbed': False}, {'date': '16-12-2025', 'cinema': 'יס פלאנט', 'location': 'באר שבע', 'district': 'הדרום', 'title': 'מהיר יותר', 'eng_title': 'מהיר יותר', 'type': '2D', 'time': '10:30', 'link': 'https://tickets5.planetcinema.co.il/order/172797?lang=he', 'coords': (31.2244, 34.801), 'dubbed': False}, {'date': '16-12-2025', 'cinema': 'סינמה סיטי', 'location': 'גלילות', 'district': 'גוש דן', 'title': 'מטורף עלייך', 'eng_title': 'Vision Quest', 'type': '2D', 'time': '21:10', 'link': 'https://tickets.cinema-city.co.il/order/740827', 'coords': (32.1464, 34.804), 'dubbed': False}]
2025-12-16 03:56:43,094 - root - INFO - 4936
