2026-01-07 03:48:17,766 - root - INFO - ********************
2026-01-07 03:48:17,766 - root - INFO - started checking for:07-01-2026
2026-01-07 03:48:17,766 - cinemas.yes_planet - INFO - STARTED YES PLANET
2026-01-07 03:48:17,766 - cinemas.yes_planet - INFO - STARTED YES PLANET RISHON
2026-01-07 03:48:32,409 - cinemas.yes_planet - INFO - DONE YES PLANET RISHON
2026-01-07 03:48:32,409 - cinemas.yes_planet - INFO - STARTED YES PLANET AYALON
2026-01-07 03:48:33,670 - cinemas.yes_planet - INFO - DONE YES PLANET AYALON
2026-01-07 03:48:33,670 - cinemas.yes_planet - INFO - STARTED YES PLANET ZICHRON
2026-01-07 03:48:36,035 - cinemas.yes_planet - INFO - DONE YES PLANET ZICHRON
2026-01-07 03:48:36,035 - cinemas.yes_planet - INFO - STARTED YES PLANET HAIFA
2026-01-07 03:48:37,736 - cinemas.yes_planet - INFO - DONE YES PLANET HAIFA
2026-01-07 03:48:37,736 - cinemas.yes_planet - INFO - STARTED YES PLANET JERUSALEM
2026-01-07 03:48:39,623 - cinemas.yes_planet - INFO - DONE YES PLANET JERUSALEM
2026-01-07 03:48:39,623 - cinemas.yes_planet - INFO - STARTED YES PLANET BEER_SHEVA
2026-01-07 03:48:40,733 - cinemas.yes_planet - INFO - DONE YES PLANET BEER_SHEVA
2026-01-07 03:48:40,733 - cinemas.yes_planet - INFO - DONE YES PLANET
2026-01-07 03:48:40,734 - cinemas.rav_hen - INFO - STARTED RAV HEN
2026-01-07 03:48:40,734 - cinemas.rav_hen - INFO - STARTED RAV HEN GIVATAIM
2026-01-07 03:48:46,237 - cinemas.rav_hen - INFO - DONE RAV HEN GIVATAIM
2026-01-07 03:48:46,237 - cinemas.rav_hen - INFO - STARTED RAV HEN DIZINGOF
2026-01-07 03:48:46,698 - cinemas.rav_hen - INFO - DONE RAV HEN DIZINGOF
2026-01-07 03:48:46,698 - cinemas.rav_hen - INFO - STARTED RAV HEN MODIIN
2026-01-07 03:48:47,193 - cinemas.rav_hen - INFO - DONE RAV HEN MODIIN
2026-01-07 03:48:47,193 - cinemas.rav_hen - INFO - STARTED RAV HEN KIRYAT_ONO
2026-01-07 03:48:47,641 - cinemas.rav_hen - INFO - DONE RAV HEN KIRYAT_ONO
2026-01-07 03:48:47,641 - cinemas.rav_hen - INFO - DONE RAV HEN
2026-01-07 03:48:47,642 - cinemas.hot_cinema - INFO - STARTED HOT CINEMA
2026-01-07 03:48:47,642 - cinemas.hot_cinema - INFO - STARTED HOT CINEMA MODIIN
2026-01-07 03:48:47,721 - root - ERROR - hot cinema crashed
Traceback (most recent call last):
  File "/opt/hostedtoolcache/Python/3.11.14/x64/lib/python3.11/site-packages/requests/models.py", line 976, in json
    return complexjson.loads(self.text, **kwargs)
           ^^^^^^^^^^^^^^^^^^^^^^^^^^^^^^^^^^^^^^
  File "/opt/hostedtoolcache/Python/3.11.14/x64/lib/python3.11/json/__init__.py", line 346, in loads
    return _default_decoder.decode(s)
           ^^^^^^^^^^^^^^^^^^^^^^^^^^
  File "/opt/hostedtoolcache/Python/3.11.14/x64/lib/python3.11/json/decoder.py", line 337, in decode
    obj, end = self.raw_decode(s, idx=_w(s, 0).end())
               ^^^^^^^^^^^^^^^^^^^^^^^^^^^^^^^^^^^^^^
  File "/opt/hostedtoolcache/Python/3.11.14/x64/lib/python3.11/json/decoder.py", line 355, in raw_decode
    raise JSONDecodeError("Expecting value", s, err.value) from None
json.decoder.JSONDecodeError: Expecting value: line 1 column 1 (char 0)

During handling of the above exception, another exception occurred:

Traceback (most recent call last):
  File "/home/runner/work/Movie-Time-Server/Movie-Time-Server/main.py", line 56, in get_screenings_from_cinema
    return unsafe_get_screenings_from_cinema(get_screening, cinema, date, s)
           ^^^^^^^^^^^^^^^^^^^^^^^^^^^^^^^^^^^^^^^^^^^^^^^^^^^^^^^^^^^^^^^^^
  File "/opt/hostedtoolcache/Python/3.11.14/x64/lib/python3.11/site-packages/decorator.py", line 235, in fun
    return caller(func, *(extras + args), **kw)
           ^^^^^^^^^^^^^^^^^^^^^^^^^^^^^^^^^^^^
  File "/opt/hostedtoolcache/Python/3.11.14/x64/lib/python3.11/site-packages/retry/api.py", line 90, in retry_decorator
    return __retry_internal(partial(f, *args, **kwargs), exceptions, tries, delay, max_delay, backoff, jitter,
           ^^^^^^^^^^^^^^^^^^^^^^^^^^^^^^^^^^^^^^^^^^^^^^^^^^^^^^^^^^^^^^^^^^^^^^^^^^^^^^^^^^^^^^^^^^^^^^^^^^^
  File "/opt/hostedtoolcache/Python/3.11.14/x64/lib/python3.11/site-packages/retry/api.py", line 35, in __retry_internal
    return f()
           ^^^
  File "/home/runner/work/Movie-Time-Server/Movie-Time-Server/main.py", line 71, in unsafe_get_screenings_from_cinema
    screenings = get_screening(year, month, day, s)
                 ^^^^^^^^^^^^^^^^^^^^^^^^^^^^^^^^^^
  File "/home/runner/work/Movie-Time-Server/Movie-Time-Server/cinemas/hot_cinema.py", line 131, in get_screenings
    screenings.extend(get_by_location(location, date, s))
                      ^^^^^^^^^^^^^^^^^^^^^^^^^^^^^^^^^^
  File "/home/runner/work/Movie-Time-Server/Movie-Time-Server/cinemas/hot_cinema.py", line 104, in get_by_location
    res = s.get(url).json()
          ^^^^^^^^^^^^^^^^^
  File "/opt/hostedtoolcache/Python/3.11.14/x64/lib/python3.11/site-packages/requests/models.py", line 980, in json
    raise RequestsJSONDecodeError(e.msg, e.doc, e.pos)
requests.exceptions.JSONDecodeError: Expecting value: line 1 column 1 (char 0)
2026-01-07 03:48:47,750 - cinemas.cinema_city - INFO - STARTED CINEMA CITY
2026-01-07 03:48:56,187 - proxy - INFO - Proxy: {'YourFuckingIPAddress': '45.150.108.125', 'YourFuckingLocation': 'Tel Aviv, TA, Israel', 'YourFuckingHostname': '45.150.108.125', 'YourFuckingISP': 'BlueVPS OU', 'YourFuckingTorExit': False, 'YourFuckingCity': 'Tel Aviv', 'YourFuckingCountry': 'Israel', 'YourFuckingCountryCode': 'IL'}
2026-01-07 03:48:56,187 - cinemas.cinema_city - INFO - STARTED CINEMA CITY GLILOT
2026-01-07 03:50:08,578 - cinemas.cinema_city - INFO - DONE CINEMA CITY GLILOT
2026-01-07 03:50:08,579 - cinemas.cinema_city - INFO - STARTED CINEMA CITY RISHON
2026-01-07 03:50:20,550 - cinemas.cinema_city - INFO - DONE CINEMA CITY RISHON
2026-01-07 03:50:20,550 - cinemas.cinema_city - INFO - STARTED CINEMA CITY JERUSALEM
2026-01-07 03:50:21,870 - cinemas.cinema_city - INFO - DONE CINEMA CITY JERUSALEM
2026-01-07 03:50:21,870 - cinemas.cinema_city - INFO - STARTED CINEMA CITY KFAR_SABBA
2026-01-07 03:50:27,910 - cinemas.cinema_city - INFO - DONE CINEMA CITY KFAR_SABBA
2026-01-07 03:50:27,910 - cinemas.cinema_city - INFO - STARTED CINEMA CITY NATANIA
2026-01-07 03:50:31,460 - cinemas.cinema_city - INFO - DONE CINEMA CITY NATANIA
2026-01-07 03:50:31,460 - cinemas.cinema_city - INFO - STARTED CINEMA CITY BEER_SHEVA
2026-01-07 03:50:32,638 - cinemas.cinema_city - INFO - DONE CINEMA CITY BEER_SHEVA
2026-01-07 03:50:32,638 - cinemas.cinema_city - INFO - STARTED CINEMA CITY HADERA
2026-01-07 03:50:33,794 - cinemas.cinema_city - INFO - DONE CINEMA CITY HADERA
2026-01-07 03:50:33,794 - cinemas.cinema_city - INFO - STARTED CINEMA CITY ASHDOD
2026-01-07 03:50:34,938 - cinemas.cinema_city - INFO - DONE CINEMA CITY ASHDOD
2026-01-07 03:50:35,023 - proxy - INFO - Proxy removed
2026-01-07 03:50:35,024 - cinemas.cinema_city - INFO - DONE CINEMA CITY
2026-01-07 03:50:35,024 - cinemas.lev - INFO - STARTED LEV
2026-01-07 03:50:36,350 - proxy - INFO - Proxy: {'YourFuckingIPAddress': '45.150.108.125', 'YourFuckingLocation': 'Tel Aviv, TA, Israel', 'YourFuckingHostname': '45.150.108.125', 'YourFuckingISP': 'BlueVPS OU', 'YourFuckingTorExit': False, 'YourFuckingCity': 'Tel Aviv', 'YourFuckingCountry': 'Israel', 'YourFuckingCountryCode': 'IL'}
2026-01-07 03:50:36,350 - cinemas.lev - INFO - STARTED LEV TEL_AVIV
2026-01-07 03:50:39,182 - cinemas.lev - INFO - DONE LEV TEL_AVIV
2026-01-07 03:50:39,182 - cinemas.lev - INFO - STARTED LEV RAMAT_HASHARON
2026-01-07 03:50:40,020 - cinemas.lev - INFO - DONE LEV RAMAT_HASHARON
2026-01-07 03:50:40,020 - cinemas.lev - INFO - STARTED LEV MANDARIN
2026-01-07 03:50:40,664 - cinemas.lev - INFO - DONE LEV MANDARIN
2026-01-07 03:50:40,664 - cinemas.lev - INFO - STARTED LEV EVEN_YEHUDA
2026-01-07 03:50:41,453 - cinemas.lev - INFO - DONE LEV EVEN_YEHUDA
2026-01-07 03:50:41,453 - cinemas.lev - INFO - STARTED LEV SMADAR
2026-01-07 03:50:42,023 - cinemas.lev - INFO - DONE LEV SMADAR
2026-01-07 03:50:42,023 - cinemas.lev - INFO - STARTED LEV RAANANA
2026-01-07 03:50:42,806 - cinemas.lev - INFO - DONE LEV RAANANA
2026-01-07 03:50:42,806 - cinemas.lev - INFO - STARTED LEV OMER
2026-01-07 03:50:43,157 - cinemas.lev - INFO - DONE LEV OMER
2026-01-07 03:50:43,157 - cinemas.lev - INFO - STARTED LEV SHOHAM
2026-01-07 03:50:43,798 - cinemas.lev - INFO - DONE LEV SHOHAM
2026-01-07 03:50:43,798 - cinemas.lev - INFO - STARTED LEV DANIEL
2026-01-07 03:50:44,172 - cinemas.lev - INFO - DONE LEV DANIEL
2026-01-07 03:50:44,233 - proxy - INFO - Proxy removed
2026-01-07 03:50:44,233 - cinemas.lev - INFO - DONE LEV
2026-01-07 03:50:44,234 - cinemas.movieland - INFO - STARTED Movie Land
2026-01-07 03:50:44,234 - cinemas.movieland - INFO - STARTED Movie Land CARMIEL
2026-01-07 03:50:44,325 - cinemas.movieland - INFO - STARTED Movie Land HAIFA
2026-01-07 03:50:44,379 - cinemas.movieland - INFO - STARTED Movie Land NATANYA
2026-01-07 03:50:44,430 - cinemas.movieland - INFO - DONE Movie Land
2026-01-07 03:50:44,430 - retry.api - WARNING - AssertionError: movieland returned empty list in __main__.unsafe_get_screenings_from_cinema, retrying in 1 seconds...
2026-01-07 03:50:45,430 - cinemas.movieland - INFO - STARTED Movie Land
2026-01-07 03:50:45,430 - cinemas.movieland - INFO - STARTED Movie Land CARMIEL
2026-01-07 03:50:45,477 - cinemas.movieland - INFO - STARTED Movie Land HAIFA
2026-01-07 03:50:45,536 - cinemas.movieland - INFO - STARTED Movie Land NATANYA
2026-01-07 03:50:45,593 - cinemas.movieland - INFO - DONE Movie Land
2026-01-07 03:50:45,593 - retry.api - WARNING - AssertionError: movieland returned empty list in __main__.unsafe_get_screenings_from_cinema, retrying in 2 seconds...
2026-01-07 03:50:47,593 - cinemas.movieland - INFO - STARTED Movie Land
2026-01-07 03:50:47,593 - cinemas.movieland - INFO - STARTED Movie Land CARMIEL
2026-01-07 03:50:47,648 - cinemas.movieland - INFO - STARTED Movie Land HAIFA
2026-01-07 03:50:47,723 - cinemas.movieland - INFO - STARTED Movie Land NATANYA
2026-01-07 03:50:47,779 - cinemas.movieland - INFO - DONE Movie Land
2026-01-07 03:50:47,779 - root - ERROR - movieland crashed: movieland returned empty list
2026-01-07 03:50:47,779 - root - INFO - ********************
2026-01-07 03:50:47,779 - root - INFO - started checking for:08-01-2026
2026-01-07 03:50:47,779 - cinemas.yes_planet - INFO - STARTED YES PLANET
2026-01-07 03:50:47,779 - cinemas.yes_planet - INFO - STARTED YES PLANET RISHON
2026-01-07 03:50:53,319 - cinemas.yes_planet - INFO - DONE YES PLANET RISHON
2026-01-07 03:50:53,319 - cinemas.yes_planet - INFO - STARTED YES PLANET AYALON
2026-01-07 03:50:53,948 - cinemas.yes_planet - INFO - DONE YES PLANET AYALON
2026-01-07 03:50:53,948 - cinemas.yes_planet - INFO - STARTED YES PLANET ZICHRON
2026-01-07 03:50:54,582 - cinemas.yes_planet - INFO - DONE YES PLANET ZICHRON
2026-01-07 03:50:54,582 - cinemas.yes_planet - INFO - STARTED YES PLANET HAIFA
2026-01-07 03:50:56,353 - cinemas.yes_planet - INFO - DONE YES PLANET HAIFA
2026-01-07 03:50:56,353 - cinemas.yes_planet - INFO - STARTED YES PLANET JERUSALEM
2026-01-07 03:50:56,924 - cinemas.yes_planet - INFO - DONE YES PLANET JERUSALEM
2026-01-07 03:50:56,924 - cinemas.yes_planet - INFO - STARTED YES PLANET BEER_SHEVA
2026-01-07 03:50:57,593 - cinemas.yes_planet - INFO - DONE YES PLANET BEER_SHEVA
2026-01-07 03:50:57,593 - cinemas.yes_planet - INFO - DONE YES PLANET
2026-01-07 03:50:57,593 - cinemas.rav_hen - INFO - STARTED RAV HEN
2026-01-07 03:50:57,593 - cinemas.rav_hen - INFO - STARTED RAV HEN GIVATAIM
2026-01-07 03:51:00,010 - cinemas.rav_hen - INFO - DONE RAV HEN GIVATAIM
2026-01-07 03:51:00,010 - cinemas.rav_hen - INFO - STARTED RAV HEN DIZINGOF
2026-01-07 03:51:00,427 - cinemas.rav_hen - INFO - DONE RAV HEN DIZINGOF
2026-01-07 03:51:00,427 - cinemas.rav_hen - INFO - STARTED RAV HEN MODIIN
2026-01-07 03:51:00,909 - cinemas.rav_hen - INFO - DONE RAV HEN MODIIN
2026-01-07 03:51:00,909 - cinemas.rav_hen - INFO - STARTED RAV HEN KIRYAT_ONO
2026-01-07 03:51:01,386 - cinemas.rav_hen - INFO - DONE RAV HEN KIRYAT_ONO
2026-01-07 03:51:01,386 - cinemas.rav_hen - INFO - DONE RAV HEN
2026-01-07 03:51:01,386 - cinemas.hot_cinema - INFO - STARTED HOT CINEMA
2026-01-07 03:51:01,386 - cinemas.hot_cinema - INFO - STARTED HOT CINEMA MODIIN
2026-01-07 03:51:01,444 - root - ERROR - hot cinema crashed
Traceback (most recent call last):
  File "/opt/hostedtoolcache/Python/3.11.14/x64/lib/python3.11/site-packages/requests/models.py", line 976, in json
    return complexjson.loads(self.text, **kwargs)
           ^^^^^^^^^^^^^^^^^^^^^^^^^^^^^^^^^^^^^^
  File "/opt/hostedtoolcache/Python/3.11.14/x64/lib/python3.11/json/__init__.py", line 346, in loads
    return _default_decoder.decode(s)
           ^^^^^^^^^^^^^^^^^^^^^^^^^^
  File "/opt/hostedtoolcache/Python/3.11.14/x64/lib/python3.11/json/decoder.py", line 337, in decode
    obj, end = self.raw_decode(s, idx=_w(s, 0).end())
               ^^^^^^^^^^^^^^^^^^^^^^^^^^^^^^^^^^^^^^
  File "/opt/hostedtoolcache/Python/3.11.14/x64/lib/python3.11/json/decoder.py", line 355, in raw_decode
    raise JSONDecodeError("Expecting value", s, err.value) from None
json.decoder.JSONDecodeError: Expecting value: line 1 column 1 (char 0)

During handling of the above exception, another exception occurred:

Traceback (most recent call last):
  File "/home/runner/work/Movie-Time-Server/Movie-Time-Server/main.py", line 56, in get_screenings_from_cinema
    return unsafe_get_screenings_from_cinema(get_screening, cinema, date, s)
           ^^^^^^^^^^^^^^^^^^^^^^^^^^^^^^^^^^^^^^^^^^^^^^^^^^^^^^^^^^^^^^^^^
  File "/opt/hostedtoolcache/Python/3.11.14/x64/lib/python3.11/site-packages/decorator.py", line 235, in fun
    return caller(func, *(extras + args), **kw)
           ^^^^^^^^^^^^^^^^^^^^^^^^^^^^^^^^^^^^
  File "/opt/hostedtoolcache/Python/3.11.14/x64/lib/python3.11/site-packages/retry/api.py", line 90, in retry_decorator
    return __retry_internal(partial(f, *args, **kwargs), exceptions, tries, delay, max_delay, backoff, jitter,
           ^^^^^^^^^^^^^^^^^^^^^^^^^^^^^^^^^^^^^^^^^^^^^^^^^^^^^^^^^^^^^^^^^^^^^^^^^^^^^^^^^^^^^^^^^^^^^^^^^^^
  File "/opt/hostedtoolcache/Python/3.11.14/x64/lib/python3.11/site-packages/retry/api.py", line 35, in __retry_internal
    return f()
           ^^^
  File "/home/runner/work/Movie-Time-Server/Movie-Time-Server/main.py", line 71, in unsafe_get_screenings_from_cinema
    screenings = get_screening(year, month, day, s)
                 ^^^^^^^^^^^^^^^^^^^^^^^^^^^^^^^^^^
  File "/home/runner/work/Movie-Time-Server/Movie-Time-Server/cinemas/hot_cinema.py", line 131, in get_screenings
    screenings.extend(get_by_location(location, date, s))
                      ^^^^^^^^^^^^^^^^^^^^^^^^^^^^^^^^^^
  File "/home/runner/work/Movie-Time-Server/Movie-Time-Server/cinemas/hot_cinema.py", line 104, in get_by_location
    res = s.get(url).json()
          ^^^^^^^^^^^^^^^^^
  File "/opt/hostedtoolcache/Python/3.11.14/x64/lib/python3.11/site-packages/requests/models.py", line 980, in json
    raise RequestsJSONDecodeError(e.msg, e.doc, e.pos)
requests.exceptions.JSONDecodeError: Expecting value: line 1 column 1 (char 0)
2026-01-07 03:51:01,445 - cinemas.cinema_city - INFO - STARTED CINEMA CITY
2026-01-07 03:51:02,686 - proxy - INFO - Proxy: {'YourFuckingIPAddress': '45.150.108.125', 'YourFuckingLocation': 'Tel Aviv, TA, Israel', 'YourFuckingHostname': '45.150.108.125', 'YourFuckingISP': 'BlueVPS OU', 'YourFuckingTorExit': False, 'YourFuckingCity': 'Tel Aviv', 'YourFuckingCountry': 'Israel', 'YourFuckingCountryCode': 'IL'}
2026-01-07 03:51:02,686 - cinemas.cinema_city - INFO - STARTED CINEMA CITY GLILOT
2026-01-07 03:51:35,910 - cinemas.cinema_city - INFO - DONE CINEMA CITY GLILOT
2026-01-07 03:51:35,910 - cinemas.cinema_city - INFO - STARTED CINEMA CITY RISHON
2026-01-07 03:51:40,747 - cinemas.cinema_city - INFO - DONE CINEMA CITY RISHON
2026-01-07 03:51:40,747 - cinemas.cinema_city - INFO - STARTED CINEMA CITY JERUSALEM
2026-01-07 03:51:41,751 - cinemas.cinema_city - INFO - DONE CINEMA CITY JERUSALEM
2026-01-07 03:51:41,752 - cinemas.cinema_city - INFO - STARTED CINEMA CITY KFAR_SABBA
2026-01-07 03:51:43,064 - cinemas.cinema_city - INFO - DONE CINEMA CITY KFAR_SABBA
2026-01-07 03:51:43,064 - cinemas.cinema_city - INFO - STARTED CINEMA CITY NATANIA
2026-01-07 03:51:46,452 - cinemas.cinema_city - INFO - DONE CINEMA CITY NATANIA
2026-01-07 03:51:46,452 - cinemas.cinema_city - INFO - STARTED CINEMA CITY BEER_SHEVA
2026-01-07 03:51:47,735 - cinemas.cinema_city - INFO - DONE CINEMA CITY BEER_SHEVA
2026-01-07 03:51:47,736 - cinemas.cinema_city - INFO - STARTED CINEMA CITY HADERA
2026-01-07 03:51:48,746 - cinemas.cinema_city - INFO - DONE CINEMA CITY HADERA
2026-01-07 03:51:48,746 - cinemas.cinema_city - INFO - STARTED CINEMA CITY ASHDOD
2026-01-07 03:51:49,799 - cinemas.cinema_city - INFO - DONE CINEMA CITY ASHDOD
2026-01-07 03:51:49,871 - proxy - INFO - Proxy removed
2026-01-07 03:51:49,872 - cinemas.cinema_city - INFO - DONE CINEMA CITY
2026-01-07 03:51:49,872 - cinemas.lev - INFO - STARTED LEV
2026-01-07 03:51:51,097 - proxy - INFO - Proxy: {'YourFuckingIPAddress': '45.150.108.125', 'YourFuckingLocation': 'Tel Aviv, TA, Israel', 'YourFuckingHostname': '45.150.108.125', 'YourFuckingISP': 'BlueVPS OU', 'YourFuckingTorExit': False, 'YourFuckingCity': 'Tel Aviv', 'YourFuckingCountry': 'Israel', 'YourFuckingCountryCode': 'IL'}
2026-01-07 03:51:51,097 - cinemas.lev - INFO - STARTED LEV TEL_AVIV
2026-01-07 03:51:52,336 - cinemas.lev - INFO - DONE LEV TEL_AVIV
2026-01-07 03:51:52,336 - cinemas.lev - INFO - STARTED LEV RAMAT_HASHARON
2026-01-07 03:51:53,118 - cinemas.lev - INFO - DONE LEV RAMAT_HASHARON
2026-01-07 03:51:53,118 - cinemas.lev - INFO - STARTED LEV MANDARIN
2026-01-07 03:51:53,608 - cinemas.lev - INFO - DONE LEV MANDARIN
2026-01-07 03:51:53,608 - cinemas.lev - INFO - STARTED LEV EVEN_YEHUDA
2026-01-07 03:51:54,104 - cinemas.lev - INFO - DONE LEV EVEN_YEHUDA
2026-01-07 03:51:54,104 - cinemas.lev - INFO - STARTED LEV SMADAR
2026-01-07 03:51:54,475 - cinemas.lev - INFO - DONE LEV SMADAR
2026-01-07 03:51:54,476 - cinemas.lev - INFO - STARTED LEV RAANANA
2026-01-07 03:51:54,867 - cinemas.lev - INFO - DONE LEV RAANANA
2026-01-07 03:51:54,867 - cinemas.lev - INFO - STARTED LEV OMER
2026-01-07 03:51:55,301 - cinemas.lev - INFO - DONE LEV OMER
2026-01-07 03:51:55,301 - cinemas.lev - INFO - STARTED LEV SHOHAM
2026-01-07 03:51:55,709 - cinemas.lev - INFO - DONE LEV SHOHAM
2026-01-07 03:51:55,709 - cinemas.lev - INFO - STARTED LEV DANIEL
2026-01-07 03:51:56,170 - cinemas.lev - INFO - DONE LEV DANIEL
2026-01-07 03:51:56,231 - proxy - INFO - Proxy removed
2026-01-07 03:51:56,231 - cinemas.lev - INFO - DONE LEV
2026-01-07 03:51:56,231 - cinemas.movieland - INFO - STARTED Movie Land
2026-01-07 03:51:56,231 - cinemas.movieland - INFO - STARTED Movie Land CARMIEL
2026-01-07 03:51:56,286 - cinemas.movieland - INFO - STARTED Movie Land HAIFA
2026-01-07 03:51:56,339 - cinemas.movieland - INFO - STARTED Movie Land NATANYA
2026-01-07 03:51:56,394 - cinemas.movieland - INFO - DONE Movie Land
2026-01-07 03:51:56,394 - retry.api - WARNING - AssertionError: movieland returned empty list in __main__.unsafe_get_screenings_from_cinema, retrying in 1 seconds...
2026-01-07 03:51:57,394 - cinemas.movieland - INFO - STARTED Movie Land
2026-01-07 03:51:57,395 - cinemas.movieland - INFO - STARTED Movie Land CARMIEL
2026-01-07 03:51:57,445 - cinemas.movieland - INFO - STARTED Movie Land HAIFA
2026-01-07 03:51:57,510 - cinemas.movieland - INFO - STARTED Movie Land NATANYA
2026-01-07 03:51:57,564 - cinemas.movieland - INFO - DONE Movie Land
2026-01-07 03:51:57,564 - retry.api - WARNING - AssertionError: movieland returned empty list in __main__.unsafe_get_screenings_from_cinema, retrying in 2 seconds...
2026-01-07 03:51:59,565 - cinemas.movieland - INFO - STARTED Movie Land
2026-01-07 03:51:59,565 - cinemas.movieland - INFO - STARTED Movie Land CARMIEL
2026-01-07 03:51:59,620 - cinemas.movieland - INFO - STARTED Movie Land HAIFA
2026-01-07 03:51:59,675 - cinemas.movieland - INFO - STARTED Movie Land NATANYA
2026-01-07 03:51:59,726 - cinemas.movieland - INFO - DONE Movie Land
2026-01-07 03:51:59,726 - root - ERROR - movieland crashed: movieland returned empty list
2026-01-07 03:51:59,726 - root - INFO - ********************
2026-01-07 03:51:59,726 - root - INFO - started checking for:09-01-2026
2026-01-07 03:51:59,726 - cinemas.yes_planet - INFO - STARTED YES PLANET
2026-01-07 03:51:59,726 - cinemas.yes_planet - INFO - STARTED YES PLANET RISHON
2026-01-07 03:52:01,395 - cinemas.yes_planet - INFO - DONE YES PLANET RISHON
2026-01-07 03:52:01,396 - cinemas.yes_planet - INFO - STARTED YES PLANET AYALON
2026-01-07 03:52:01,987 - cinemas.yes_planet - INFO - DONE YES PLANET AYALON
2026-01-07 03:52:01,987 - cinemas.yes_planet - INFO - STARTED YES PLANET ZICHRON
2026-01-07 03:52:02,646 - cinemas.yes_planet - INFO - DONE YES PLANET ZICHRON
2026-01-07 03:52:02,646 - cinemas.yes_planet - INFO - STARTED YES PLANET HAIFA
2026-01-07 03:52:03,330 - cinemas.yes_planet - INFO - DONE YES PLANET HAIFA
2026-01-07 03:52:03,330 - cinemas.yes_planet - INFO - STARTED YES PLANET JERUSALEM
2026-01-07 03:52:04,002 - cinemas.yes_planet - INFO - DONE YES PLANET JERUSALEM
2026-01-07 03:52:04,002 - cinemas.yes_planet - INFO - STARTED YES PLANET BEER_SHEVA
2026-01-07 03:52:04,677 - cinemas.yes_planet - INFO - DONE YES PLANET BEER_SHEVA
2026-01-07 03:52:04,677 - cinemas.yes_planet - INFO - DONE YES PLANET
2026-01-07 03:52:04,677 - cinemas.rav_hen - INFO - STARTED RAV HEN
2026-01-07 03:52:04,677 - cinemas.rav_hen - INFO - STARTED RAV HEN GIVATAIM
2026-01-07 03:52:05,283 - cinemas.rav_hen - INFO - DONE RAV HEN GIVATAIM
2026-01-07 03:52:05,283 - cinemas.rav_hen - INFO - STARTED RAV HEN DIZINGOF
2026-01-07 03:52:05,768 - cinemas.rav_hen - INFO - DONE RAV HEN DIZINGOF
2026-01-07 03:52:05,768 - cinemas.rav_hen - INFO - STARTED RAV HEN MODIIN
2026-01-07 03:52:06,189 - cinemas.rav_hen - INFO - DONE RAV HEN MODIIN
2026-01-07 03:52:06,189 - cinemas.rav_hen - INFO - STARTED RAV HEN KIRYAT_ONO
2026-01-07 03:52:06,631 - cinemas.rav_hen - INFO - DONE RAV HEN KIRYAT_ONO
2026-01-07 03:52:06,631 - cinemas.rav_hen - INFO - DONE RAV HEN
2026-01-07 03:52:06,631 - cinemas.hot_cinema - INFO - STARTED HOT CINEMA
2026-01-07 03:52:06,631 - cinemas.hot_cinema - INFO - STARTED HOT CINEMA MODIIN
2026-01-07 03:52:06,678 - root - ERROR - hot cinema crashed
Traceback (most recent call last):
  File "/opt/hostedtoolcache/Python/3.11.14/x64/lib/python3.11/site-packages/requests/models.py", line 976, in json
    return complexjson.loads(self.text, **kwargs)
           ^^^^^^^^^^^^^^^^^^^^^^^^^^^^^^^^^^^^^^
  File "/opt/hostedtoolcache/Python/3.11.14/x64/lib/python3.11/json/__init__.py", line 346, in loads
    return _default_decoder.decode(s)
           ^^^^^^^^^^^^^^^^^^^^^^^^^^
  File "/opt/hostedtoolcache/Python/3.11.14/x64/lib/python3.11/json/decoder.py", line 337, in decode
    obj, end = self.raw_decode(s, idx=_w(s, 0).end())
               ^^^^^^^^^^^^^^^^^^^^^^^^^^^^^^^^^^^^^^
  File "/opt/hostedtoolcache/Python/3.11.14/x64/lib/python3.11/json/decoder.py", line 355, in raw_decode
    raise JSONDecodeError("Expecting value", s, err.value) from None
json.decoder.JSONDecodeError: Expecting value: line 1 column 1 (char 0)

During handling of the above exception, another exception occurred:

Traceback (most recent call last):
  File "/home/runner/work/Movie-Time-Server/Movie-Time-Server/main.py", line 56, in get_screenings_from_cinema
    return unsafe_get_screenings_from_cinema(get_screening, cinema, date, s)
           ^^^^^^^^^^^^^^^^^^^^^^^^^^^^^^^^^^^^^^^^^^^^^^^^^^^^^^^^^^^^^^^^^
  File "/opt/hostedtoolcache/Python/3.11.14/x64/lib/python3.11/site-packages/decorator.py", line 235, in fun
    return caller(func, *(extras + args), **kw)
           ^^^^^^^^^^^^^^^^^^^^^^^^^^^^^^^^^^^^
  File "/opt/hostedtoolcache/Python/3.11.14/x64/lib/python3.11/site-packages/retry/api.py", line 90, in retry_decorator
    return __retry_internal(partial(f, *args, **kwargs), exceptions, tries, delay, max_delay, backoff, jitter,
           ^^^^^^^^^^^^^^^^^^^^^^^^^^^^^^^^^^^^^^^^^^^^^^^^^^^^^^^^^^^^^^^^^^^^^^^^^^^^^^^^^^^^^^^^^^^^^^^^^^^
  File "/opt/hostedtoolcache/Python/3.11.14/x64/lib/python3.11/site-packages/retry/api.py", line 35, in __retry_internal
    return f()
           ^^^
  File "/home/runner/work/Movie-Time-Server/Movie-Time-Server/main.py", line 71, in unsafe_get_screenings_from_cinema
    screenings = get_screening(year, month, day, s)
                 ^^^^^^^^^^^^^^^^^^^^^^^^^^^^^^^^^^
  File "/home/runner/work/Movie-Time-Server/Movie-Time-Server/cinemas/hot_cinema.py", line 131, in get_screenings
    screenings.extend(get_by_location(location, date, s))
                      ^^^^^^^^^^^^^^^^^^^^^^^^^^^^^^^^^^
  File "/home/runner/work/Movie-Time-Server/Movie-Time-Server/cinemas/hot_cinema.py", line 104, in get_by_location
    res = s.get(url).json()
          ^^^^^^^^^^^^^^^^^
  File "/opt/hostedtoolcache/Python/3.11.14/x64/lib/python3.11/site-packages/requests/models.py", line 980, in json
    raise RequestsJSONDecodeError(e.msg, e.doc, e.pos)
requests.exceptions.JSONDecodeError: Expecting value: line 1 column 1 (char 0)
2026-01-07 03:52:06,679 - cinemas.cinema_city - INFO - STARTED CINEMA CITY
2026-01-07 03:52:07,954 - proxy - INFO - Proxy: {'YourFuckingIPAddress': '45.150.108.125', 'YourFuckingLocation': 'Tel Aviv, TA, Israel', 'YourFuckingHostname': '45.150.108.125', 'YourFuckingISP': 'BlueVPS OU', 'YourFuckingTorExit': False, 'YourFuckingCity': 'Tel Aviv', 'YourFuckingCountry': 'Israel', 'YourFuckingCountryCode': 'IL'}
2026-01-07 03:52:07,955 - cinemas.cinema_city - INFO - STARTED CINEMA CITY GLILOT
2026-01-07 03:52:28,010 - cinemas.cinema_city - INFO - DONE CINEMA CITY GLILOT
2026-01-07 03:52:28,010 - cinemas.cinema_city - INFO - STARTED CINEMA CITY RISHON
2026-01-07 03:52:33,505 - cinemas.cinema_city - INFO - DONE CINEMA CITY RISHON
2026-01-07 03:52:33,505 - cinemas.cinema_city - INFO - STARTED CINEMA CITY JERUSALEM
2026-01-07 03:52:34,530 - cinemas.cinema_city - INFO - DONE CINEMA CITY JERUSALEM
2026-01-07 03:52:34,530 - cinemas.cinema_city - INFO - STARTED CINEMA CITY KFAR_SABBA
2026-01-07 03:52:35,538 - cinemas.cinema_city - INFO - DONE CINEMA CITY KFAR_SABBA
2026-01-07 03:52:35,538 - cinemas.cinema_city - INFO - STARTED CINEMA CITY NATANIA
2026-01-07 03:52:36,588 - cinemas.cinema_city - INFO - DONE CINEMA CITY NATANIA
2026-01-07 03:52:36,588 - cinemas.cinema_city - INFO - STARTED CINEMA CITY BEER_SHEVA
2026-01-07 03:52:37,639 - cinemas.cinema_city - INFO - DONE CINEMA CITY BEER_SHEVA
2026-01-07 03:52:37,639 - cinemas.cinema_city - INFO - STARTED CINEMA CITY HADERA
2026-01-07 03:52:38,690 - cinemas.cinema_city - INFO - DONE CINEMA CITY HADERA
2026-01-07 03:52:38,690 - cinemas.cinema_city - INFO - STARTED CINEMA CITY ASHDOD
2026-01-07 03:52:41,795 - cinemas.cinema_city - INFO - DONE CINEMA CITY ASHDOD
2026-01-07 03:52:41,867 - proxy - INFO - Proxy removed
2026-01-07 03:52:41,867 - cinemas.cinema_city - INFO - DONE CINEMA CITY
2026-01-07 03:52:41,867 - cinemas.lev - INFO - STARTED LEV
2026-01-07 03:52:43,110 - proxy - INFO - Proxy: {'YourFuckingIPAddress': '45.150.108.125', 'YourFuckingLocation': 'Tel Aviv, TA, Israel', 'YourFuckingHostname': '45.150.108.125', 'YourFuckingISP': 'BlueVPS OU', 'YourFuckingTorExit': False, 'YourFuckingCity': 'Tel Aviv', 'YourFuckingCountry': 'Israel', 'YourFuckingCountryCode': 'IL'}
2026-01-07 03:52:43,110 - cinemas.lev - INFO - STARTED LEV TEL_AVIV
2026-01-07 03:52:44,347 - cinemas.lev - INFO - DONE LEV TEL_AVIV
2026-01-07 03:52:44,347 - cinemas.lev - INFO - STARTED LEV RAMAT_HASHARON
2026-01-07 03:52:45,126 - cinemas.lev - INFO - DONE LEV RAMAT_HASHARON
2026-01-07 03:52:45,126 - cinemas.lev - INFO - STARTED LEV MANDARIN
2026-01-07 03:52:45,616 - cinemas.lev - INFO - DONE LEV MANDARIN
2026-01-07 03:52:45,616 - cinemas.lev - INFO - STARTED LEV EVEN_YEHUDA
2026-01-07 03:52:46,109 - cinemas.lev - INFO - DONE LEV EVEN_YEHUDA
2026-01-07 03:52:46,109 - cinemas.lev - INFO - STARTED LEV SMADAR
2026-01-07 03:52:46,538 - cinemas.lev - INFO - DONE LEV SMADAR
2026-01-07 03:52:46,538 - cinemas.lev - INFO - STARTED LEV RAANANA
2026-01-07 03:52:46,963 - cinemas.lev - INFO - DONE LEV RAANANA
2026-01-07 03:52:46,964 - cinemas.lev - INFO - STARTED LEV OMER
2026-01-07 03:52:47,320 - cinemas.lev - INFO - DONE LEV OMER
2026-01-07 03:52:47,320 - cinemas.lev - INFO - STARTED LEV SHOHAM
2026-01-07 03:52:47,682 - cinemas.lev - INFO - DONE LEV SHOHAM
2026-01-07 03:52:47,682 - cinemas.lev - INFO - STARTED LEV DANIEL
2026-01-07 03:52:48,140 - cinemas.lev - INFO - DONE LEV DANIEL
2026-01-07 03:52:48,201 - proxy - INFO - Proxy removed
2026-01-07 03:52:48,201 - cinemas.lev - INFO - DONE LEV
2026-01-07 03:52:48,201 - cinemas.movieland - INFO - STARTED Movie Land
2026-01-07 03:52:48,201 - cinemas.movieland - INFO - STARTED Movie Land CARMIEL
2026-01-07 03:52:48,251 - cinemas.movieland - INFO - STARTED Movie Land HAIFA
2026-01-07 03:52:48,302 - cinemas.movieland - INFO - STARTED Movie Land NATANYA
2026-01-07 03:52:48,375 - cinemas.movieland - INFO - DONE Movie Land
2026-01-07 03:52:48,375 - retry.api - WARNING - AssertionError: movieland returned empty list in __main__.unsafe_get_screenings_from_cinema, retrying in 1 seconds...
2026-01-07 03:52:49,376 - cinemas.movieland - INFO - STARTED Movie Land
2026-01-07 03:52:49,376 - cinemas.movieland - INFO - STARTED Movie Land CARMIEL
2026-01-07 03:52:49,433 - cinemas.movieland - INFO - STARTED Movie Land HAIFA
2026-01-07 03:52:49,478 - cinemas.movieland - INFO - STARTED Movie Land NATANYA
2026-01-07 03:52:49,533 - cinemas.movieland - INFO - DONE Movie Land
2026-01-07 03:52:49,533 - retry.api - WARNING - AssertionError: movieland returned empty list in __main__.unsafe_get_screenings_from_cinema, retrying in 2 seconds...
2026-01-07 03:52:51,533 - cinemas.movieland - INFO - STARTED Movie Land
2026-01-07 03:52:51,534 - cinemas.movieland - INFO - STARTED Movie Land CARMIEL
2026-01-07 03:52:51,589 - cinemas.movieland - INFO - STARTED Movie Land HAIFA
2026-01-07 03:52:51,641 - cinemas.movieland - INFO - STARTED Movie Land NATANYA
2026-01-07 03:52:51,692 - cinemas.movieland - INFO - DONE Movie Land
2026-01-07 03:52:51,692 - root - ERROR - movieland crashed: movieland returned empty list
2026-01-07 03:52:51,692 - root - INFO - ********************
2026-01-07 03:52:51,692 - root - INFO - started checking for:10-01-2026
2026-01-07 03:52:51,692 - cinemas.yes_planet - INFO - STARTED YES PLANET
2026-01-07 03:52:51,692 - cinemas.yes_planet - INFO - STARTED YES PLANET RISHON
2026-01-07 03:52:54,391 - cinemas.yes_planet - INFO - DONE YES PLANET RISHON
2026-01-07 03:52:54,391 - cinemas.yes_planet - INFO - STARTED YES PLANET AYALON
2026-01-07 03:52:55,712 - cinemas.yes_planet - INFO - DONE YES PLANET AYALON
2026-01-07 03:52:55,712 - cinemas.yes_planet - INFO - STARTED YES PLANET ZICHRON
2026-01-07 03:52:56,312 - cinemas.yes_planet - INFO - DONE YES PLANET ZICHRON
2026-01-07 03:52:56,313 - cinemas.yes_planet - INFO - STARTED YES PLANET HAIFA
2026-01-07 03:52:57,086 - cinemas.yes_planet - INFO - DONE YES PLANET HAIFA
2026-01-07 03:52:57,086 - cinemas.yes_planet - INFO - STARTED YES PLANET JERUSALEM
2026-01-07 03:52:57,678 - cinemas.yes_planet - INFO - DONE YES PLANET JERUSALEM
2026-01-07 03:52:57,678 - cinemas.yes_planet - INFO - STARTED YES PLANET BEER_SHEVA
2026-01-07 03:52:58,379 - cinemas.yes_planet - INFO - DONE YES PLANET BEER_SHEVA
2026-01-07 03:52:58,379 - cinemas.yes_planet - INFO - DONE YES PLANET
2026-01-07 03:52:58,379 - cinemas.rav_hen - INFO - STARTED RAV HEN
2026-01-07 03:52:58,379 - cinemas.rav_hen - INFO - STARTED RAV HEN GIVATAIM
2026-01-07 03:52:59,539 - cinemas.rav_hen - INFO - DONE RAV HEN GIVATAIM
2026-01-07 03:52:59,539 - cinemas.rav_hen - INFO - STARTED RAV HEN DIZINGOF
2026-01-07 03:53:00,017 - cinemas.rav_hen - INFO - DONE RAV HEN DIZINGOF
2026-01-07 03:53:00,018 - cinemas.rav_hen - INFO - STARTED RAV HEN MODIIN
2026-01-07 03:53:00,477 - cinemas.rav_hen - INFO - DONE RAV HEN MODIIN
2026-01-07 03:53:00,477 - cinemas.rav_hen - INFO - STARTED RAV HEN KIRYAT_ONO
2026-01-07 03:53:02,223 - cinemas.rav_hen - INFO - DONE RAV HEN KIRYAT_ONO
2026-01-07 03:53:02,223 - cinemas.rav_hen - INFO - DONE RAV HEN
2026-01-07 03:53:02,223 - cinemas.hot_cinema - INFO - STARTED HOT CINEMA
2026-01-07 03:53:02,223 - cinemas.hot_cinema - INFO - STARTED HOT CINEMA MODIIN
2026-01-07 03:53:02,278 - root - ERROR - hot cinema crashed
Traceback (most recent call last):
  File "/opt/hostedtoolcache/Python/3.11.14/x64/lib/python3.11/site-packages/requests/models.py", line 976, in json
    return complexjson.loads(self.text, **kwargs)
           ^^^^^^^^^^^^^^^^^^^^^^^^^^^^^^^^^^^^^^
  File "/opt/hostedtoolcache/Python/3.11.14/x64/lib/python3.11/json/__init__.py", line 346, in loads
    return _default_decoder.decode(s)
           ^^^^^^^^^^^^^^^^^^^^^^^^^^
  File "/opt/hostedtoolcache/Python/3.11.14/x64/lib/python3.11/json/decoder.py", line 337, in decode
    obj, end = self.raw_decode(s, idx=_w(s, 0).end())
               ^^^^^^^^^^^^^^^^^^^^^^^^^^^^^^^^^^^^^^
  File "/opt/hostedtoolcache/Python/3.11.14/x64/lib/python3.11/json/decoder.py", line 355, in raw_decode
    raise JSONDecodeError("Expecting value", s, err.value) from None
json.decoder.JSONDecodeError: Expecting value: line 1 column 1 (char 0)

During handling of the above exception, another exception occurred:

Traceback (most recent call last):
  File "/home/runner/work/Movie-Time-Server/Movie-Time-Server/main.py", line 56, in get_screenings_from_cinema
    return unsafe_get_screenings_from_cinema(get_screening, cinema, date, s)
           ^^^^^^^^^^^^^^^^^^^^^^^^^^^^^^^^^^^^^^^^^^^^^^^^^^^^^^^^^^^^^^^^^
  File "/opt/hostedtoolcache/Python/3.11.14/x64/lib/python3.11/site-packages/decorator.py", line 235, in fun
    return caller(func, *(extras + args), **kw)
           ^^^^^^^^^^^^^^^^^^^^^^^^^^^^^^^^^^^^
  File "/opt/hostedtoolcache/Python/3.11.14/x64/lib/python3.11/site-packages/retry/api.py", line 90, in retry_decorator
    return __retry_internal(partial(f, *args, **kwargs), exceptions, tries, delay, max_delay, backoff, jitter,
           ^^^^^^^^^^^^^^^^^^^^^^^^^^^^^^^^^^^^^^^^^^^^^^^^^^^^^^^^^^^^^^^^^^^^^^^^^^^^^^^^^^^^^^^^^^^^^^^^^^^
  File "/opt/hostedtoolcache/Python/3.11.14/x64/lib/python3.11/site-packages/retry/api.py", line 35, in __retry_internal
    return f()
           ^^^
  File "/home/runner/work/Movie-Time-Server/Movie-Time-Server/main.py", line 71, in unsafe_get_screenings_from_cinema
    screenings = get_screening(year, month, day, s)
                 ^^^^^^^^^^^^^^^^^^^^^^^^^^^^^^^^^^
  File "/home/runner/work/Movie-Time-Server/Movie-Time-Server/cinemas/hot_cinema.py", line 131, in get_screenings
    screenings.extend(get_by_location(location, date, s))
                      ^^^^^^^^^^^^^^^^^^^^^^^^^^^^^^^^^^
  File "/home/runner/work/Movie-Time-Server/Movie-Time-Server/cinemas/hot_cinema.py", line 104, in get_by_location
    res = s.get(url).json()
          ^^^^^^^^^^^^^^^^^
  File "/opt/hostedtoolcache/Python/3.11.14/x64/lib/python3.11/site-packages/requests/models.py", line 980, in json
    raise RequestsJSONDecodeError(e.msg, e.doc, e.pos)
requests.exceptions.JSONDecodeError: Expecting value: line 1 column 1 (char 0)
2026-01-07 03:53:02,279 - cinemas.cinema_city - INFO - STARTED CINEMA CITY
2026-01-07 03:53:03,547 - proxy - INFO - Proxy: {'YourFuckingIPAddress': '45.150.108.125', 'YourFuckingLocation': 'Tel Aviv, TA, Israel', 'YourFuckingHostname': '45.150.108.125', 'YourFuckingISP': 'BlueVPS OU', 'YourFuckingTorExit': False, 'YourFuckingCity': 'Tel Aviv', 'YourFuckingCountry': 'Israel', 'YourFuckingCountryCode': 'IL'}
2026-01-07 03:53:03,547 - cinemas.cinema_city - INFO - STARTED CINEMA CITY GLILOT
2026-01-07 03:53:18,914 - cinemas.cinema_city - INFO - DONE CINEMA CITY GLILOT
2026-01-07 03:53:18,914 - cinemas.cinema_city - INFO - STARTED CINEMA CITY RISHON
2026-01-07 03:53:22,125 - cinemas.cinema_city - INFO - DONE CINEMA CITY RISHON
2026-01-07 03:53:22,125 - cinemas.cinema_city - INFO - STARTED CINEMA CITY JERUSALEM
2026-01-07 03:53:25,592 - cinemas.cinema_city - INFO - DONE CINEMA CITY JERUSALEM
2026-01-07 03:53:25,592 - cinemas.cinema_city - INFO - STARTED CINEMA CITY KFAR_SABBA
2026-01-07 03:53:26,741 - cinemas.cinema_city - INFO - DONE CINEMA CITY KFAR_SABBA
2026-01-07 03:53:26,741 - cinemas.cinema_city - INFO - STARTED CINEMA CITY NATANIA
2026-01-07 03:53:27,970 - cinemas.cinema_city - INFO - DONE CINEMA CITY NATANIA
2026-01-07 03:53:27,970 - cinemas.cinema_city - INFO - STARTED CINEMA CITY BEER_SHEVA
2026-01-07 03:53:31,709 - cinemas.cinema_city - INFO - DONE CINEMA CITY BEER_SHEVA
2026-01-07 03:53:31,709 - cinemas.cinema_city - INFO - STARTED CINEMA CITY HADERA
2026-01-07 03:53:32,499 - cinemas.cinema_city - INFO - DONE CINEMA CITY HADERA
2026-01-07 03:53:32,499 - cinemas.cinema_city - INFO - STARTED CINEMA CITY ASHDOD
2026-01-07 03:53:33,844 - cinemas.cinema_city - INFO - DONE CINEMA CITY ASHDOD
2026-01-07 03:53:33,914 - proxy - INFO - Proxy removed
2026-01-07 03:53:33,914 - cinemas.cinema_city - INFO - DONE CINEMA CITY
2026-01-07 03:53:33,914 - cinemas.lev - INFO - STARTED LEV
2026-01-07 03:53:35,160 - proxy - INFO - Proxy: {'YourFuckingIPAddress': '45.150.108.125', 'YourFuckingLocation': 'Tel Aviv, TA, Israel', 'YourFuckingHostname': '45.150.108.125', 'YourFuckingISP': 'BlueVPS OU', 'YourFuckingTorExit': False, 'YourFuckingCity': 'Tel Aviv', 'YourFuckingCountry': 'Israel', 'YourFuckingCountryCode': 'IL'}
2026-01-07 03:53:35,160 - cinemas.lev - INFO - STARTED LEV TEL_AVIV
2026-01-07 03:53:36,239 - cinemas.lev - INFO - DONE LEV TEL_AVIV
2026-01-07 03:53:36,239 - cinemas.lev - INFO - STARTED LEV RAMAT_HASHARON
2026-01-07 03:53:37,054 - cinemas.lev - INFO - DONE LEV RAMAT_HASHARON
2026-01-07 03:53:37,054 - cinemas.lev - INFO - STARTED LEV MANDARIN
2026-01-07 03:53:37,545 - cinemas.lev - INFO - DONE LEV MANDARIN
2026-01-07 03:53:37,545 - cinemas.lev - INFO - STARTED LEV EVEN_YEHUDA
2026-01-07 03:53:38,037 - cinemas.lev - INFO - DONE LEV EVEN_YEHUDA
2026-01-07 03:53:38,037 - cinemas.lev - INFO - STARTED LEV SMADAR
2026-01-07 03:53:38,460 - cinemas.lev - INFO - DONE LEV SMADAR
2026-01-07 03:53:38,460 - cinemas.lev - INFO - STARTED LEV RAANANA
2026-01-07 03:53:38,820 - cinemas.lev - INFO - DONE LEV RAANANA
2026-01-07 03:53:38,820 - cinemas.lev - INFO - STARTED LEV OMER
2026-01-07 03:53:39,241 - cinemas.lev - INFO - DONE LEV OMER
2026-01-07 03:53:39,241 - cinemas.lev - INFO - STARTED LEV SHOHAM
2026-01-07 03:53:39,551 - cinemas.lev - INFO - DONE LEV SHOHAM
2026-01-07 03:53:39,551 - cinemas.lev - INFO - STARTED LEV DANIEL
2026-01-07 03:53:39,930 - cinemas.lev - INFO - DONE LEV DANIEL
2026-01-07 03:53:39,989 - proxy - INFO - Proxy removed
2026-01-07 03:53:39,989 - cinemas.lev - INFO - DONE LEV
2026-01-07 03:53:39,990 - cinemas.movieland - INFO - STARTED Movie Land
2026-01-07 03:53:39,990 - cinemas.movieland - INFO - STARTED Movie Land CARMIEL
2026-01-07 03:53:40,048 - cinemas.movieland - INFO - STARTED Movie Land HAIFA
2026-01-07 03:53:40,104 - cinemas.movieland - INFO - STARTED Movie Land NATANYA
2026-01-07 03:53:40,158 - cinemas.movieland - INFO - DONE Movie Land
2026-01-07 03:53:40,158 - retry.api - WARNING - AssertionError: movieland returned empty list in __main__.unsafe_get_screenings_from_cinema, retrying in 1 seconds...
2026-01-07 03:53:41,159 - cinemas.movieland - INFO - STARTED Movie Land
2026-01-07 03:53:41,159 - cinemas.movieland - INFO - STARTED Movie Land CARMIEL
2026-01-07 03:53:41,211 - cinemas.movieland - INFO - STARTED Movie Land HAIFA
2026-01-07 03:53:41,266 - cinemas.movieland - INFO - STARTED Movie Land NATANYA
2026-01-07 03:53:41,332 - cinemas.movieland - INFO - DONE Movie Land
2026-01-07 03:53:41,332 - retry.api - WARNING - AssertionError: movieland returned empty list in __main__.unsafe_get_screenings_from_cinema, retrying in 2 seconds...
2026-01-07 03:53:43,332 - cinemas.movieland - INFO - STARTED Movie Land
2026-01-07 03:53:43,333 - cinemas.movieland - INFO - STARTED Movie Land CARMIEL
2026-01-07 03:53:43,388 - cinemas.movieland - INFO - STARTED Movie Land HAIFA
2026-01-07 03:53:43,433 - cinemas.movieland - INFO - STARTED Movie Land NATANYA
2026-01-07 03:53:43,489 - cinemas.movieland - INFO - DONE Movie Land
2026-01-07 03:53:43,489 - root - ERROR - movieland crashed: movieland returned empty list
2026-01-07 03:53:43,489 - root - INFO - ********************
2026-01-07 03:53:43,489 - root - INFO - started checking for:11-01-2026
2026-01-07 03:53:43,489 - cinemas.yes_planet - INFO - STARTED YES PLANET
2026-01-07 03:53:43,490 - cinemas.yes_planet - INFO - STARTED YES PLANET RISHON
2026-01-07 03:53:44,070 - cinemas.yes_planet - INFO - DONE YES PLANET RISHON
2026-01-07 03:53:44,070 - cinemas.yes_planet - INFO - STARTED YES PLANET AYALON
2026-01-07 03:53:44,664 - cinemas.yes_planet - INFO - DONE YES PLANET AYALON
2026-01-07 03:53:44,665 - cinemas.yes_planet - INFO - STARTED YES PLANET ZICHRON
2026-01-07 03:53:45,249 - cinemas.yes_planet - INFO - DONE YES PLANET ZICHRON
2026-01-07 03:53:45,250 - cinemas.yes_planet - INFO - STARTED YES PLANET HAIFA
2026-01-07 03:53:45,838 - cinemas.yes_planet - INFO - DONE YES PLANET HAIFA
2026-01-07 03:53:45,838 - cinemas.yes_planet - INFO - STARTED YES PLANET JERUSALEM
2026-01-07 03:53:46,550 - cinemas.yes_planet - INFO - DONE YES PLANET JERUSALEM
2026-01-07 03:53:46,550 - cinemas.yes_planet - INFO - STARTED YES PLANET BEER_SHEVA
2026-01-07 03:53:47,194 - cinemas.yes_planet - INFO - DONE YES PLANET BEER_SHEVA
2026-01-07 03:53:47,194 - cinemas.yes_planet - INFO - DONE YES PLANET
2026-01-07 03:53:47,194 - cinemas.rav_hen - INFO - STARTED RAV HEN
2026-01-07 03:53:47,194 - cinemas.rav_hen - INFO - STARTED RAV HEN GIVATAIM
2026-01-07 03:53:47,814 - cinemas.rav_hen - INFO - DONE RAV HEN GIVATAIM
2026-01-07 03:53:47,814 - cinemas.rav_hen - INFO - STARTED RAV HEN DIZINGOF
2026-01-07 03:53:48,279 - cinemas.rav_hen - INFO - DONE RAV HEN DIZINGOF
2026-01-07 03:53:48,279 - cinemas.rav_hen - INFO - STARTED RAV HEN MODIIN
2026-01-07 03:53:48,887 - cinemas.rav_hen - INFO - DONE RAV HEN MODIIN
2026-01-07 03:53:48,888 - cinemas.rav_hen - INFO - STARTED RAV HEN KIRYAT_ONO
2026-01-07 03:53:49,375 - cinemas.rav_hen - INFO - DONE RAV HEN KIRYAT_ONO
2026-01-07 03:53:49,375 - cinemas.rav_hen - INFO - DONE RAV HEN
2026-01-07 03:53:49,375 - cinemas.hot_cinema - INFO - STARTED HOT CINEMA
2026-01-07 03:53:49,376 - cinemas.hot_cinema - INFO - STARTED HOT CINEMA MODIIN
2026-01-07 03:53:49,588 - root - ERROR - hot cinema crashed
Traceback (most recent call last):
  File "/opt/hostedtoolcache/Python/3.11.14/x64/lib/python3.11/site-packages/requests/models.py", line 976, in json
    return complexjson.loads(self.text, **kwargs)
           ^^^^^^^^^^^^^^^^^^^^^^^^^^^^^^^^^^^^^^
  File "/opt/hostedtoolcache/Python/3.11.14/x64/lib/python3.11/json/__init__.py", line 346, in loads
    return _default_decoder.decode(s)
           ^^^^^^^^^^^^^^^^^^^^^^^^^^
  File "/opt/hostedtoolcache/Python/3.11.14/x64/lib/python3.11/json/decoder.py", line 337, in decode
    obj, end = self.raw_decode(s, idx=_w(s, 0).end())
               ^^^^^^^^^^^^^^^^^^^^^^^^^^^^^^^^^^^^^^
  File "/opt/hostedtoolcache/Python/3.11.14/x64/lib/python3.11/json/decoder.py", line 355, in raw_decode
    raise JSONDecodeError("Expecting value", s, err.value) from None
json.decoder.JSONDecodeError: Expecting value: line 1 column 1 (char 0)

During handling of the above exception, another exception occurred:

Traceback (most recent call last):
  File "/home/runner/work/Movie-Time-Server/Movie-Time-Server/main.py", line 56, in get_screenings_from_cinema
    return unsafe_get_screenings_from_cinema(get_screening, cinema, date, s)
           ^^^^^^^^^^^^^^^^^^^^^^^^^^^^^^^^^^^^^^^^^^^^^^^^^^^^^^^^^^^^^^^^^
  File "/opt/hostedtoolcache/Python/3.11.14/x64/lib/python3.11/site-packages/decorator.py", line 235, in fun
    return caller(func, *(extras + args), **kw)
           ^^^^^^^^^^^^^^^^^^^^^^^^^^^^^^^^^^^^
  File "/opt/hostedtoolcache/Python/3.11.14/x64/lib/python3.11/site-packages/retry/api.py", line 90, in retry_decorator
    return __retry_internal(partial(f, *args, **kwargs), exceptions, tries, delay, max_delay, backoff, jitter,
           ^^^^^^^^^^^^^^^^^^^^^^^^^^^^^^^^^^^^^^^^^^^^^^^^^^^^^^^^^^^^^^^^^^^^^^^^^^^^^^^^^^^^^^^^^^^^^^^^^^^
  File "/opt/hostedtoolcache/Python/3.11.14/x64/lib/python3.11/site-packages/retry/api.py", line 35, in __retry_internal
    return f()
           ^^^
  File "/home/runner/work/Movie-Time-Server/Movie-Time-Server/main.py", line 71, in unsafe_get_screenings_from_cinema
    screenings = get_screening(year, month, day, s)
                 ^^^^^^^^^^^^^^^^^^^^^^^^^^^^^^^^^^
  File "/home/runner/work/Movie-Time-Server/Movie-Time-Server/cinemas/hot_cinema.py", line 131, in get_screenings
    screenings.extend(get_by_location(location, date, s))
                      ^^^^^^^^^^^^^^^^^^^^^^^^^^^^^^^^^^
  File "/home/runner/work/Movie-Time-Server/Movie-Time-Server/cinemas/hot_cinema.py", line 104, in get_by_location
    res = s.get(url).json()
          ^^^^^^^^^^^^^^^^^
  File "/opt/hostedtoolcache/Python/3.11.14/x64/lib/python3.11/site-packages/requests/models.py", line 980, in json
    raise RequestsJSONDecodeError(e.msg, e.doc, e.pos)
requests.exceptions.JSONDecodeError: Expecting value: line 1 column 1 (char 0)
2026-01-07 03:53:49,589 - cinemas.cinema_city - INFO - STARTED CINEMA CITY
2026-01-07 03:53:50,929 - proxy - INFO - Proxy: {'YourFuckingIPAddress': '45.150.108.125', 'YourFuckingLocation': 'Tel Aviv, TA, Israel', 'YourFuckingHostname': '45.150.108.125', 'YourFuckingISP': 'BlueVPS OU', 'YourFuckingTorExit': False, 'YourFuckingCity': 'Tel Aviv', 'YourFuckingCountry': 'Israel', 'YourFuckingCountryCode': 'IL'}
2026-01-07 03:53:50,929 - cinemas.cinema_city - INFO - STARTED CINEMA CITY GLILOT
2026-01-07 03:53:52,708 - cinemas.cinema_city - INFO - DONE CINEMA CITY GLILOT
2026-01-07 03:53:52,708 - cinemas.cinema_city - INFO - STARTED CINEMA CITY RISHON
2026-01-07 03:53:53,846 - cinemas.cinema_city - INFO - DONE CINEMA CITY RISHON
2026-01-07 03:53:53,846 - cinemas.cinema_city - INFO - STARTED CINEMA CITY JERUSALEM
2026-01-07 03:53:54,903 - cinemas.cinema_city - INFO - DONE CINEMA CITY JERUSALEM
2026-01-07 03:53:54,903 - cinemas.cinema_city - INFO - STARTED CINEMA CITY KFAR_SABBA
2026-01-07 03:53:55,946 - cinemas.cinema_city - INFO - DONE CINEMA CITY KFAR_SABBA
2026-01-07 03:53:55,947 - cinemas.cinema_city - INFO - STARTED CINEMA CITY NATANIA
2026-01-07 03:53:56,996 - cinemas.cinema_city - INFO - DONE CINEMA CITY NATANIA
2026-01-07 03:53:56,997 - cinemas.cinema_city - INFO - STARTED CINEMA CITY BEER_SHEVA
2026-01-07 03:53:58,169 - cinemas.cinema_city - INFO - DONE CINEMA CITY BEER_SHEVA
2026-01-07 03:53:58,170 - cinemas.cinema_city - INFO - STARTED CINEMA CITY HADERA
2026-01-07 03:53:59,487 - cinemas.cinema_city - INFO - DONE CINEMA CITY HADERA
2026-01-07 03:53:59,487 - cinemas.cinema_city - INFO - STARTED CINEMA CITY ASHDOD
2026-01-07 03:54:00,565 - cinemas.cinema_city - INFO - DONE CINEMA CITY ASHDOD
2026-01-07 03:54:00,626 - proxy - INFO - Proxy removed
2026-01-07 03:54:00,626 - cinemas.cinema_city - INFO - DONE CINEMA CITY
2026-01-07 03:54:00,626 - cinemas.lev - INFO - STARTED LEV
2026-01-07 03:54:02,482 - proxy - INFO - Proxy: {'YourFuckingIPAddress': '45.150.108.125', 'YourFuckingLocation': 'Tel Aviv, TA, Israel', 'YourFuckingHostname': '45.150.108.125', 'YourFuckingISP': 'BlueVPS OU', 'YourFuckingTorExit': False, 'YourFuckingCity': 'Tel Aviv', 'YourFuckingCountry': 'Israel', 'YourFuckingCountryCode': 'IL'}
2026-01-07 03:54:02,482 - cinemas.lev - INFO - STARTED LEV TEL_AVIV
2026-01-07 03:54:03,708 - cinemas.lev - INFO - DONE LEV TEL_AVIV
2026-01-07 03:54:03,708 - cinemas.lev - INFO - STARTED LEV RAMAT_HASHARON
2026-01-07 03:54:04,517 - cinemas.lev - INFO - DONE LEV RAMAT_HASHARON
2026-01-07 03:54:04,517 - cinemas.lev - INFO - STARTED LEV MANDARIN
2026-01-07 03:54:05,006 - cinemas.lev - INFO - DONE LEV MANDARIN
2026-01-07 03:54:05,006 - cinemas.lev - INFO - STARTED LEV EVEN_YEHUDA
2026-01-07 03:54:05,506 - cinemas.lev - INFO - DONE LEV EVEN_YEHUDA
2026-01-07 03:54:05,506 - cinemas.lev - INFO - STARTED LEV SMADAR
2026-01-07 03:54:05,925 - cinemas.lev - INFO - DONE LEV SMADAR
2026-01-07 03:54:05,925 - cinemas.lev - INFO - STARTED LEV RAANANA
2026-01-07 03:54:06,345 - cinemas.lev - INFO - DONE LEV RAANANA
2026-01-07 03:54:06,345 - cinemas.lev - INFO - STARTED LEV OMER
2026-01-07 03:54:06,704 - cinemas.lev - INFO - DONE LEV OMER
2026-01-07 03:54:06,704 - cinemas.lev - INFO - STARTED LEV SHOHAM
2026-01-07 03:54:07,052 - cinemas.lev - INFO - DONE LEV SHOHAM
2026-01-07 03:54:07,052 - cinemas.lev - INFO - STARTED LEV DANIEL
2026-01-07 03:54:07,389 - cinemas.lev - INFO - DONE LEV DANIEL
2026-01-07 03:54:07,448 - proxy - INFO - Proxy removed
2026-01-07 03:54:07,448 - cinemas.lev - INFO - DONE LEV
2026-01-07 03:54:07,448 - cinemas.movieland - INFO - STARTED Movie Land
2026-01-07 03:54:07,448 - cinemas.movieland - INFO - STARTED Movie Land CARMIEL
2026-01-07 03:54:07,490 - cinemas.movieland - INFO - STARTED Movie Land HAIFA
2026-01-07 03:54:07,547 - cinemas.movieland - INFO - STARTED Movie Land NATANYA
2026-01-07 03:54:07,588 - cinemas.movieland - INFO - DONE Movie Land
2026-01-07 03:54:07,588 - retry.api - WARNING - AssertionError: movieland returned empty list in __main__.unsafe_get_screenings_from_cinema, retrying in 1 seconds...
2026-01-07 03:54:08,588 - cinemas.movieland - INFO - STARTED Movie Land
2026-01-07 03:54:08,588 - cinemas.movieland - INFO - STARTED Movie Land CARMIEL
2026-01-07 03:54:08,641 - cinemas.movieland - INFO - STARTED Movie Land HAIFA
2026-01-07 03:54:08,686 - cinemas.movieland - INFO - STARTED Movie Land NATANYA
2026-01-07 03:54:08,740 - cinemas.movieland - INFO - DONE Movie Land
2026-01-07 03:54:08,740 - retry.api - WARNING - AssertionError: movieland returned empty list in __main__.unsafe_get_screenings_from_cinema, retrying in 2 seconds...
2026-01-07 03:54:10,740 - cinemas.movieland - INFO - STARTED Movie Land
2026-01-07 03:54:10,740 - cinemas.movieland - INFO - STARTED Movie Land CARMIEL
2026-01-07 03:54:10,785 - cinemas.movieland - INFO - STARTED Movie Land HAIFA
2026-01-07 03:54:10,833 - cinemas.movieland - INFO - STARTED Movie Land NATANYA
2026-01-07 03:54:10,881 - cinemas.movieland - INFO - DONE Movie Land
2026-01-07 03:54:10,881 - root - ERROR - movieland crashed: movieland returned empty list
2026-01-07 03:54:11,890 - seret.movie_info_fetchers.composite - INFO - Got info for  using ElasticMovieInfoFetcher
2026-01-07 03:54:13,027 - seret.movie_info_fetchers.composite - INFO - Got info for  2 using ElasticMovieInfoFetcher
2026-01-07 03:54:13,558 - seret.movie_info_fetchers.composite - INFO - Got info for   using ElasticMovieInfoFetcher
2026-01-07 03:54:14,704 - seret.movie_info_fetchers.composite - INFO - Got info for   using ElasticMovieInfoFetcher
2026-01-07 03:54:15,610 - seret.movie_info_fetchers.composite - INFO - Got info for    using ElasticMovieInfoFetcher
2026-01-07 03:54:17,376 - seret.movie_info_fetchers.composite - INFO - Got info for    using ElasticMovieInfoFetcher
2026-01-07 03:54:18,170 - seret.movie_info_fetchers.composite - INFO - Got info for  :    using ElasticMovieInfoFetcher
2026-01-07 03:54:18,833 - seret.movie_info_fetchers.composite - INFO - Got info for :   using ElasticMovieInfoFetcher
2026-01-07 03:54:19,365 - seret.movie_info_fetchers.composite - INFO - Got info for   using ElasticMovieInfoFetcher
2026-01-07 03:54:20,271 - seret.movie_info_fetchers.composite - INFO - Got info for   using ElasticMovieInfoFetcher
2026-01-07 03:54:21,166 - seret.movie_info_fetchers.composite - INFO - Got info for  using ElasticMovieInfoFetcher
2026-01-07 03:54:21,718 - seret.movie_info_fetchers.composite - INFO - Got info for  3 using ElasticMovieInfoFetcher
2026-01-07 03:54:23,269 - seret.movie_info_fetchers.composite - INFO - Got info for   using ElasticMovieInfoFetcher
2026-01-07 03:54:23,977 - seret.movie_info_fetchers.composite - INFO - Got info for    using ElasticMovieInfoFetcher
2026-01-07 03:54:25,199 - seret.movie_info_fetchers.composite - INFO - Got info for  using ElasticMovieInfoFetcher
2026-01-07 03:54:25,893 - seret.movie_info_fetchers.composite - INFO - Got info for  2 - ZooTopia 2 using ElasticMovieInfoFetcher
2026-01-07 03:54:26,683 - seret.movie_info_fetchers.composite - INFO - Got info for   using ElasticMovieInfoFetcher
2026-01-07 03:54:28,011 - seret.movie_info_fetchers.composite - INFO - Got info for   using ElasticMovieInfoFetcher
2026-01-07 03:54:29,488 - seret.movie_info_fetchers.composite - INFO - Got info for    using ElasticMovieInfoFetcher
2026-01-07 03:54:30,869 - seret.movie_info_fetchers.composite - INFO - Got info for     2 using ElasticMovieInfoFetcher
2026-01-07 03:54:31,767 - seret.movie_info_fetchers.composite - INFO - Got info for  ...   using ElasticMovieInfoFetcher
2026-01-07 03:54:33,177 - seret.movie_info_fetchers.composite - INFO - Got info for  using ElasticMovieInfoFetcher
2026-01-07 03:54:33,907 - seret.movie_info_fetchers.composite - INFO - Got info for   using ElasticMovieInfoFetcher
2026-01-07 03:54:34,590 - seret.movie_info_fetchers.composite - INFO - Got info for    using ElasticMovieInfoFetcher
2026-01-07 03:54:35,487 - seret.movie_info_fetchers.composite - INFO - Got info for   -  using ElasticMovieInfoFetcher
2026-01-07 03:54:36,411 - seret.movie_info_fetchers.composite - INFO - Got info for   using ElasticMovieInfoFetcher
2026-01-07 03:54:37,060 - seret.movie_info_fetchers.composite - INFO - Got info for :  2 using ElasticMovieInfoFetcher
2026-01-07 03:54:37,616 - seret.movie_info_fetchers.composite - INFO - Got info for  using ElasticMovieInfoFetcher
2026-01-07 03:54:39,310 - seret.movie_info_fetchers.composite - INFO - Got info for    using ElasticMovieInfoFetcher
2026-01-07 03:54:39,869 - seret.movie_info_fetchers.composite - INFO - Got info for   using ElasticMovieInfoFetcher
2026-01-07 03:54:41,075 - seret.movie_info_fetchers.composite - INFO - Got info for   using ElasticMovieInfoFetcher
2026-01-07 03:54:42,228 - seret.movie_info_fetchers.composite - INFO - Got info for    using ElasticMovieInfoFetcher
2026-01-07 03:54:42,860 - seret.movie_info_fetchers.composite - INFO - Got info for Avatar: Fire and Ash using ElasticMovieInfoFetcher
2026-01-07 03:54:42,883 - seret.movie_info_fetchers.composite - INFO - Got info for Avatar: De feu et de cendres using ElasticMovieInfoFetcher
2026-01-07 03:54:43,434 - seret.movie_info_fetchers.composite - INFO - Got info for BEYOND AFTER using ElasticMovieInfoFetcher
2026-01-07 03:54:44,017 - seret.movie_info_fetchers.composite - INFO - Got info for   using ElasticMovieInfoFetcher
2026-01-07 03:54:44,927 - seret.movie_info_fetchers.composite - INFO - Got info for JEUNES MERES using ElasticMovieInfoFetcher
2026-01-07 03:54:45,434 - seret.movie_info_fetchers.composite - INFO - Got info for Anaconda using ElasticMovieInfoFetcher
2026-01-07 03:54:46,700 - seret.movie_info_fetchers.composite - INFO - Got info for ESCOBANK using ElasticMovieInfoFetcher
2026-01-07 03:54:47,344 - seret.movie_info_fetchers.composite - INFO - Got info for The SpongeBob Movie: Search for SquarePants using ElasticMovieInfoFetcher
2026-01-07 03:54:47,973 - seret.movie_info_fetchers.composite - INFO - Got info for NOW YOU SEE ME: NOW YOU DONT using ElasticMovieInfoFetcher
2026-01-07 03:54:48,519 - seret.movie_info_fetchers.composite - INFO - Got info for GIANTS OF LA MANCHA using ElasticMovieInfoFetcher
2026-01-07 03:54:49,010 - seret.movie_info_fetchers.composite - INFO - Got info for ZOOTOPIA 2 using ElasticMovieInfoFetcher
2026-01-07 03:54:50,154 - seret.movie_info_fetchers.composite - INFO - Got info for    using ElasticMovieInfoFetcher
2026-01-07 03:54:50,621 - seret.movie_info_fetchers.composite - INFO - Got info for Emma's Big Adventure using ElasticMovieInfoFetcher
2026-01-07 03:54:51,435 - seret.movie_info_fetchers.composite - INFO - Got info for Moon The Panda using ElasticMovieInfoFetcher
2026-01-07 03:54:52,417 - seret.movie_info_fetchers.composite - INFO - Got info for     using ElasticMovieInfoFetcher
2026-01-07 03:54:52,935 - seret.movie_info_fetchers.composite - INFO - Got info for NIGHT OF THE ZOOPOCALYPSE using ElasticMovieInfoFetcher
2026-01-07 03:54:53,646 - seret.movie_info_fetchers.composite - INFO - Got info for She Rides Shotgun using ElasticMovieInfoFetcher
2026-01-07 03:54:54,636 - seret.movie_info_fetchers.composite - INFO - Got info for Marty Supreme using ElasticMovieInfoFetcher
2026-01-07 03:54:55,163 - seret.movie_info_fetchers.composite - INFO - Got info for Wicked: For Good using ElasticMovieInfoFetcher
2026-01-07 03:54:55,679 - seret.movie_info_fetchers.composite - INFO - Got info for We Bury the Dead using ElasticMovieInfoFetcher
2026-01-07 03:54:57,126 - seret.movie_info_fetchers.composite - INFO - Got info for  using ElasticMovieInfoFetcher
2026-01-07 03:54:57,649 - seret.movie_info_fetchers.composite - INFO - Got info for NANDAURI using ElasticMovieInfoFetcher
2026-01-07 03:54:58,664 - seret.movie_info_fetchers.composite - INFO - Got info for The Housemaid using ElasticMovieInfoFetcher
2026-01-07 03:54:59,276 - seret.movie_info_fetchers.composite - INFO - Got info for Playdate using ElasticMovieInfoFetcher
2026-01-07 03:55:00,001 - seret.movie_info_fetchers.composite - INFO - Got info for DARKNESS OF A MAN using ElasticMovieInfoFetcher
2026-01-07 03:55:00,567 - seret.movie_raters.composite - WARNING - Failed to get rating for La petite
2026-01-07 03:55:00,716 - seret.movie_raters.composite - WARNING - Failed to get rating for 
2026-01-07 03:55:00,716 - seret.movie_info_fetchers.composite - INFO - Got info for La petite cuisine de Mehdi using ElasticMovieInfoFetcher
2026-01-07 03:55:02,200 - seret.movie_info_fetchers.composite - INFO - Got info for :    using ElasticMovieInfoFetcher
2026-01-07 03:55:02,861 - seret.movie_info_fetchers.composite - INFO - Got info for Five Nights At Freddy's 2 using ElasticMovieInfoFetcher
2026-01-07 03:55:03,534 - seret.movie_info_fetchers.composite - INFO - Got info for Silent Night Deadly Night using ElasticMovieInfoFetcher
2026-01-07 03:55:04,712 - seret.movie_info_fetchers.composite - INFO - Got info for  '   using ElasticMovieInfoFetcher
2026-01-07 03:55:05,314 - seret.movie_info_fetchers.composite - INFO - Got info for Tom & Jerry: Forbidden Compass using ElasticMovieInfoFetcher
2026-01-07 03:55:05,961 - seret.movie_info_fetchers.composite - INFO - Got info for Louise Violet using ElasticMovieInfoFetcher
2026-01-07 03:55:06,502 - seret.movie_info_fetchers.composite - INFO - Got info for   -    using ElasticMovieInfoFetcher
2026-01-07 03:55:07,046 - seret.movie_info_fetchers.composite - INFO - Got info for Moon The Panda using ElasticMovieInfoFetcher
2026-01-07 03:55:08,032 - seret.movie_info_fetchers.composite - INFO - Got info for     using ElasticMovieInfoFetcher
2026-01-07 03:55:08,598 - seret.movie_raters.composite - WARNING - Failed to get rating for Grandma The Foreigner
2026-01-07 03:55:08,786 - seret.movie_raters.composite - WARNING - Failed to get rating for    
2026-01-07 03:55:08,786 - seret.movie_info_fetchers.composite - INFO - Got info for Grandma & The Foreigner using ElasticMovieInfoFetcher
2026-01-07 03:55:09,676 - seret.movie_info_fetchers.composite - INFO - Got info for When in Rome using ElasticMovieInfoFetcher
2026-01-07 03:55:10,124 - seret.movie_raters.composite - WARNING - Failed to get rating for Yes
2026-01-07 03:55:10,232 - seret.movie_raters.composite - WARNING - Failed to get rating for 
2026-01-07 03:55:10,232 - seret.movie_info_fetchers.composite - INFO - Got info for Yes using ElasticMovieInfoFetcher
2026-01-07 03:55:10,753 - seret.movie_info_fetchers.composite - INFO - Got info for Nandauri using ElasticMovieInfoFetcher
2026-01-07 03:55:11,223 - seret.movie_info_fetchers.composite - INFO - Got info for Oxygen using ElasticMovieInfoFetcher
2026-01-07 03:55:11,234 - seret.movie_info_fetchers.composite - INFO - Got info for Young Mothers using ElasticMovieInfoFetcher
2026-01-07 03:55:11,795 - seret.movie_info_fetchers.composite - INFO - Got info for Zootopia 2 Dubbed using ElasticMovieInfoFetcher
2026-01-07 03:55:11,803 - seret.movie_info_fetchers.composite - INFO - Got info for   -    using ElasticMovieInfoFetcher
2026-01-07 03:55:12,147 - seret.movie_raters.composite - WARNING - Failed to get rating for Eva
2026-01-07 03:55:12,367 - seret.movie_raters.composite - WARNING - Failed to get rating for 
2026-01-07 03:55:12,367 - seret.movie_info_fetchers.composite - INFO - Got info for My Friend Eva using ElasticMovieInfoFetcher
2026-01-07 03:55:13,086 - seret.movie_info_fetchers.composite - INFO - Got info for    using ElasticMovieInfoFetcher
2026-01-07 03:55:13,666 - seret.movie_info_fetchers.composite - INFO - Got info for One Battle After The Other using ElasticMovieInfoFetcher
2026-01-07 03:55:14,418 - seret.movie_info_fetchers.composite - INFO - Got info for The SpongeBob Movie: Search for SquarePants Dubbed using ElasticMovieInfoFetcher
2026-01-07 03:55:15,738 - seret.movie_info_fetchers.composite - INFO - Got info for     using ElasticMovieInfoFetcher
2026-01-07 03:55:16,401 - seret.movie_info_fetchers.composite - INFO - Got info for    using ElasticMovieInfoFetcher
2026-01-07 03:55:17,135 - seret.movie_info_fetchers.composite - INFO - Got info for   using ElasticMovieInfoFetcher
2026-01-07 03:55:17,760 - seret.movie_info_fetchers.composite - INFO - Got info for    using ElasticMovieInfoFetcher
2026-01-07 03:55:18,739 - seret.movie_info_fetchers.composite - INFO - Got info for   using ElasticMovieInfoFetcher
2026-01-07 03:55:18,746 - seret.movie_info_fetchers.composite - INFO - Got info for :  using ElasticMovieInfoFetcher
2026-01-07 03:55:18,746 - seret.info_fetcher - ERROR - Failed to get info for :  and : 
2026-01-07 03:55:19,040 - seret.movie_raters.composite - WARNING - Failed to get rating for Bella
2026-01-07 03:55:19,271 - seret.movie_raters.composite - WARNING - Failed to get rating for 
2026-01-07 03:55:19,271 - seret.movie_info_fetchers.composite - INFO - Got info for  using ElasticMovieInfoFetcher
2026-01-07 03:55:20,197 - seret.movie_info_fetchers.composite - INFO - Got info for   using ElasticMovieInfoFetcher
2026-01-07 03:55:21,279 - seret.movie_info_fetchers.composite - INFO - Got info for  using ElasticMovieInfoFetcher
2026-01-07 03:55:21,856 - seret.movie_info_fetchers.composite - INFO - Got info for :  - HFR using ElasticMovieInfoFetcher
2026-01-07 03:55:22,393 - seret.movie_info_fetchers.composite - INFO - Got info for Avatar: Fire and Ash using ElasticMovieInfoFetcher
2026-01-07 03:55:22,424 - seret.movie_raters.composite - WARNING - Failed to get rating for Bella
2026-01-07 03:55:22,451 - seret.movie_raters.composite - WARNING - Failed to get rating for 
2026-01-07 03:55:22,451 - seret.movie_info_fetchers.composite - INFO - Got info for BELLA using ElasticMovieInfoFetcher
2026-01-07 03:55:22,468 - seret.movie_info_fetchers.composite - INFO - Got info for Greenland 2: Migration using ElasticMovieInfoFetcher
2026-01-07 03:55:23,683 - seret.movie_info_fetchers.composite - INFO - Got info for A Private Life using ElasticMovieInfoFetcher
2026-01-07 03:55:24,263 - seret.movie_raters.composite - WARNING - Failed to get rating for Princess
2026-01-07 03:55:24,419 - seret.movie_raters.composite - WARNING - Failed to get rating for 
2026-01-07 03:55:24,419 - seret.movie_info_fetchers.composite - INFO - Got info for PROUD PRINCESS using ElasticMovieInfoFetcher
2026-01-07 03:55:24,966 - seret.movie_info_fetchers.composite - INFO - Got info for DUST BUNNY using ElasticMovieInfoFetcher
2026-01-07 03:55:25,577 - seret.movie_info_fetchers.composite - INFO - Got info for PRIMATE using ElasticMovieInfoFetcher
2026-01-07 03:55:26,068 - seret.movie_info_fetchers.composite - INFO - Got info for Song Sung Blue using ElasticMovieInfoFetcher
2026-01-07 03:55:26,673 - seret.movie_info_fetchers.composite - INFO - Got info for Zootopie 2 using ElasticMovieInfoFetcher
2026-01-07 03:55:27,834 - seret.movie_info_fetchers.composite - INFO - Got info for   +   using ElasticMovieInfoFetcher
2026-01-07 03:55:28,353 - seret.movie_info_fetchers.composite - INFO - Got info for Orna and Ella using ElasticMovieInfoFetcher
2026-01-07 03:55:28,838 - seret.movie_info_fetchers.composite - INFO - Got info for Dust Bunny using ElasticMovieInfoFetcher
2026-01-07 03:55:29,553 - seret.movie_info_fetchers.composite - INFO - Got info for :    - Avatar using ElasticMovieInfoFetcher
2026-01-07 03:55:30,280 - seret.movie_info_fetchers.composite - INFO - Got info for  - Anaconda using ElasticMovieInfoFetcher
2026-01-07 03:55:31,047 - seret.movie_info_fetchers.composite - INFO - Got info for     using ElasticMovieInfoFetcher
2026-01-07 03:55:31,552 - seret.movie_info_fetchers.composite - INFO - Got info for Ma mre, Dieu et Sylvie Vartan using ElasticMovieInfoFetcher
2026-01-07 03:55:32,949 - seret.movie_info_fetchers.composite - INFO - Got info for   using ElasticMovieInfoFetcher
2026-01-07 03:55:34,008 - seret.movie_info_fetchers.composite - INFO - Got info for Maria Montessori using ElasticMovieInfoFetcher
2026-01-07 03:55:34,015 - seret.movie_info_fetchers.composite - INFO - Got info for  Cook      using ElasticMovieInfoFetcher
2026-01-07 03:55:34,015 - seret.info_fetcher - ERROR - Failed to get info for None and  Cook     
2026-01-07 03:55:35,220 - seret.movie_info_fetchers.composite - INFO - Got info for  2 using ElasticMovieInfoFetcher
2026-01-07 03:55:35,225 - seret.movie_info_fetchers.composite - INFO - Got info for  using ElasticMovieInfoFetcher
2026-01-07 03:55:37,154 - seret.movie_info_fetchers.composite - INFO - Got info for  -   using ElasticMovieInfoFetcher
2026-01-07 03:55:37,486 - seret.movie_raters.composite - WARNING - Failed to get rating for Etty
2026-01-07 03:55:37,813 - seret.movie_raters.composite - WARNING - Failed to get rating for 
2026-01-07 03:55:37,814 - seret.movie_info_fetchers.composite - INFO - Got info for Etty Part 1 using ElasticMovieInfoFetcher
2026-01-07 03:55:38,402 - seret.movie_info_fetchers.composite - INFO - Got info for Zootopia 2 using ElasticMovieInfoFetcher
2026-01-07 03:55:40,094 - seret.movie_info_fetchers.composite - INFO - Got info for     using ElasticMovieInfoFetcher
2026-01-07 03:55:41,272 - seret.movie_info_fetchers.composite - INFO - Got info for    using ElasticMovieInfoFetcher
2026-01-07 03:55:41,791 - seret.movie_info_fetchers.composite - INFO - Got info for    - using ElasticMovieInfoFetcher
2026-01-07 03:55:42,423 - seret.movie_info_fetchers.composite - INFO - Got info for Gabby's Dollhouse The Movie using ElasticMovieInfoFetcher
2026-01-07 03:55:42,969 - seret.movie_info_fetchers.composite - INFO - Got info for Pets on a Train using ElasticMovieInfoFetcher
2026-01-07 03:55:43,598 - seret.movie_info_fetchers.composite - INFO - Got info for  using ElasticMovieInfoFetcher
2026-01-07 03:55:44,141 - seret.movie_info_fetchers.composite - INFO - Got info for The Running Man using ElasticMovieInfoFetcher
2026-01-07 03:55:45,494 - seret.movie_info_fetchers.composite - INFO - Got info for      using ElasticMovieInfoFetcher
2026-01-07 03:55:45,495 - seret.info_fetcher - ERROR - Failed to get info for None and     
2026-01-07 03:55:47,113 - seret.movie_info_fetchers.composite - INFO - Got info for  -   using ElasticMovieInfoFetcher
2026-01-07 03:55:47,147 - seret.movie_raters.composite - WARNING - Failed to get rating for Etty
2026-01-07 03:55:47,177 - seret.movie_raters.composite - WARNING - Failed to get rating for 
2026-01-07 03:55:47,177 - seret.movie_info_fetchers.composite - INFO - Got info for Etty Part 2 using ElasticMovieInfoFetcher
2026-01-07 03:55:47,178 - seret.info_fetcher - ERROR - Failed to get info for 3 movies: [{'date': '08-01-2026', 'cinema': ' ', 'location': ' ', 'district': ' ', 'title': ': ', 'eng_title': ': ', 'type': '2D', 'time': '17:10', 'link': 'https://tickets5.planetcinema.co.il/order/189796?lang=he', 'coords': (31.9798, 34.7475), 'dubbed': False}, {'date': '09-01-2026', 'cinema': ' ', 'location': '', 'district': ' ', 'title': ' Cook     ', 'eng_title': None, 'type': '2D', 'time': '09:00', 'link': 'https://tickets.cinema-city.co.il/order/717997', 'coords': (32.1464, 34.804), 'dubbed': False}, {'date': '10-01-2026', 'cinema': ' ', 'location': ' ', 'district': '', 'title': '', 'eng_title': 'The Yearling', 'type': '2D', 'time': '11:00', 'link': 'https://tickets.cinema-city.co.il/order/703161', 'coords': (31.2341, 34.7994), 'dubbed': False}]
2026-01-07 03:55:47,270 - root - INFO - 4938
