2024-05-23 02:38:11,053 - root - INFO - ********************
2024-05-23 02:38:11,054 - root - INFO - started checking for:23-05-2024
2024-05-23 02:38:11,054 - cinemas.yes_planet - INFO - STARTED YES PLANET
2024-05-23 02:38:11,054 - cinemas.yes_planet - INFO - STARTED YES PLANET RISHON
2024-05-23 02:38:36,644 - cinemas.yes_planet - INFO - DONE YES PLANET RISHON
2024-05-23 02:38:36,644 - cinemas.yes_planet - INFO - STARTED YES PLANET AYALON
2024-05-23 02:38:38,768 - cinemas.yes_planet - INFO - DONE YES PLANET AYALON
2024-05-23 02:38:38,768 - cinemas.yes_planet - INFO - STARTED YES PLANET ZICHRON
2024-05-23 02:38:39,438 - cinemas.yes_planet - INFO - DONE YES PLANET ZICHRON
2024-05-23 02:38:39,438 - cinemas.yes_planet - INFO - STARTED YES PLANET HAIFA
2024-05-23 02:38:44,690 - cinemas.yes_planet - INFO - DONE YES PLANET HAIFA
2024-05-23 02:38:44,690 - cinemas.yes_planet - INFO - STARTED YES PLANET JERUSALEM
2024-05-23 02:38:47,229 - cinemas.yes_planet - INFO - DONE YES PLANET JERUSALEM
2024-05-23 02:38:47,230 - cinemas.yes_planet - INFO - STARTED YES PLANET BEER_SHEVA
2024-05-23 02:38:48,633 - cinemas.yes_planet - INFO - DONE YES PLANET BEER_SHEVA
2024-05-23 02:38:48,634 - cinemas.yes_planet - INFO - DONE YES PLANET
2024-05-23 02:38:48,634 - cinemas.yes_planet - INFO - STARTED YES PLANET
2024-05-23 02:38:48,634 - cinemas.yes_planet - INFO - STARTED YES PLANET RISHON
2024-05-23 02:38:48,664 - cinemas.yes_planet - INFO - DONE YES PLANET RISHON
2024-05-23 02:38:48,664 - cinemas.yes_planet - INFO - STARTED YES PLANET AYALON
2024-05-23 02:38:48,695 - cinemas.yes_planet - INFO - DONE YES PLANET AYALON
2024-05-23 02:38:48,695 - cinemas.yes_planet - INFO - STARTED YES PLANET ZICHRON
2024-05-23 02:38:48,724 - cinemas.yes_planet - INFO - DONE YES PLANET ZICHRON
2024-05-23 02:38:48,724 - cinemas.yes_planet - INFO - STARTED YES PLANET HAIFA
2024-05-23 02:38:48,753 - cinemas.yes_planet - INFO - DONE YES PLANET HAIFA
2024-05-23 02:38:48,753 - cinemas.yes_planet - INFO - STARTED YES PLANET JERUSALEM
2024-05-23 02:38:48,779 - cinemas.yes_planet - INFO - DONE YES PLANET JERUSALEM
2024-05-23 02:38:48,779 - cinemas.yes_planet - INFO - STARTED YES PLANET BEER_SHEVA
2024-05-23 02:38:48,809 - cinemas.yes_planet - INFO - DONE YES PLANET BEER_SHEVA
2024-05-23 02:38:48,809 - cinemas.yes_planet - INFO - DONE YES PLANET
2024-05-23 02:38:48,810 - cinemas.rav_hen - INFO - STARTED RAV HEN
2024-05-23 02:38:48,810 - cinemas.rav_hen - INFO - STARTED RAV HEN GIVATAIM
2024-05-23 02:38:57,211 - cinemas.rav_hen - INFO - DONE RAV HEN GIVATAIM
2024-05-23 02:38:57,211 - cinemas.rav_hen - INFO - STARTED RAV HEN DIZINGOF
2024-05-23 02:38:58,263 - cinemas.rav_hen - INFO - DONE RAV HEN DIZINGOF
2024-05-23 02:38:58,263 - cinemas.rav_hen - INFO - STARTED RAV HEN MODIIN
2024-05-23 02:38:58,703 - cinemas.rav_hen - INFO - DONE RAV HEN MODIIN
2024-05-23 02:38:58,703 - cinemas.rav_hen - INFO - STARTED RAV HEN KIRYAT_ONO
2024-05-23 02:39:01,044 - cinemas.rav_hen - INFO - DONE RAV HEN KIRYAT_ONO
2024-05-23 02:39:01,044 - cinemas.rav_hen - INFO - DONE RAV HEN
2024-05-23 02:39:01,044 - cinemas.rav_hen - INFO - STARTED RAV HEN
2024-05-23 02:39:01,044 - cinemas.rav_hen - INFO - STARTED RAV HEN GIVATAIM
2024-05-23 02:39:01,088 - cinemas.rav_hen - INFO - DONE RAV HEN GIVATAIM
2024-05-23 02:39:01,088 - cinemas.rav_hen - INFO - STARTED RAV HEN DIZINGOF
2024-05-23 02:39:01,112 - cinemas.rav_hen - INFO - DONE RAV HEN DIZINGOF
2024-05-23 02:39:01,112 - cinemas.rav_hen - INFO - STARTED RAV HEN MODIIN
2024-05-23 02:39:01,138 - cinemas.rav_hen - INFO - DONE RAV HEN MODIIN
2024-05-23 02:39:01,138 - cinemas.rav_hen - INFO - STARTED RAV HEN KIRYAT_ONO
2024-05-23 02:39:01,160 - cinemas.rav_hen - INFO - DONE RAV HEN KIRYAT_ONO
2024-05-23 02:39:01,160 - cinemas.rav_hen - INFO - DONE RAV HEN
2024-05-23 02:39:01,160 - cinemas.hot_cinema - INFO - STARTED HOT CINEMA
2024-05-23 02:39:01,160 - cinemas.hot_cinema - INFO - STARTED HOT CINEMA MODIIN
2024-05-23 02:39:14,773 - cinemas.hot_cinema - INFO - DONE HOT CINEMA MODIIN
2024-05-23 02:39:14,773 - cinemas.hot_cinema - INFO - STARTED HOT CINEMA KIRYON
2024-05-23 02:39:21,315 - cinemas.hot_cinema - INFO - DONE HOT CINEMA KIRYON
2024-05-23 02:39:21,315 - cinemas.hot_cinema - INFO - STARTED HOT CINEMA KFAR_SABBA
2024-05-23 02:39:22,057 - cinemas.hot_cinema - INFO - DONE HOT CINEMA KFAR_SABBA
2024-05-23 02:39:22,057 - cinemas.hot_cinema - INFO - STARTED HOT CINEMA HAIFA
2024-05-23 02:39:22,804 - cinemas.hot_cinema - INFO - DONE HOT CINEMA HAIFA
2024-05-23 02:39:22,804 - cinemas.hot_cinema - INFO - STARTED HOT CINEMA PETACH_TIKVA
2024-05-23 02:39:22,978 - cinemas.hot_cinema - INFO - DONE HOT CINEMA PETACH_TIKVA
2024-05-23 02:39:22,978 - cinemas.hot_cinema - INFO - STARTED HOT CINEMA RECHOVOT
2024-05-23 02:39:23,150 - cinemas.hot_cinema - INFO - DONE HOT CINEMA RECHOVOT
2024-05-23 02:39:23,150 - cinemas.hot_cinema - INFO - STARTED HOT CINEMA ASHKELON
2024-05-23 02:39:23,322 - cinemas.hot_cinema - INFO - DONE HOT CINEMA ASHKELON
2024-05-23 02:39:23,322 - cinemas.hot_cinema - INFO - STARTED HOT CINEMA KARMIEL
2024-05-23 02:39:23,494 - cinemas.hot_cinema - INFO - DONE HOT CINEMA KARMIEL
2024-05-23 02:39:23,494 - cinemas.hot_cinema - INFO - STARTED HOT CINEMA NAHARIA
2024-05-23 02:39:23,668 - cinemas.hot_cinema - INFO - DONE HOT CINEMA NAHARIA
2024-05-23 02:39:23,669 - cinemas.hot_cinema - INFO - STARTED HOT CINEMA ASHDOD
2024-05-23 02:39:23,842 - cinemas.hot_cinema - INFO - DONE HOT CINEMA ASHDOD
2024-05-23 02:39:23,842 - cinemas.hot_cinema - INFO - DONE HOT CINEMA
2024-05-23 02:39:23,842 - cinemas.hot_cinema - INFO - STARTED HOT CINEMA
2024-05-23 02:39:23,842 - cinemas.hot_cinema - INFO - STARTED HOT CINEMA MODIIN
2024-05-23 02:39:24,014 - cinemas.hot_cinema - INFO - DONE HOT CINEMA MODIIN
2024-05-23 02:39:24,014 - cinemas.hot_cinema - INFO - STARTED HOT CINEMA KIRYON
2024-05-23 02:39:24,190 - cinemas.hot_cinema - INFO - DONE HOT CINEMA KIRYON
2024-05-23 02:39:24,190 - cinemas.hot_cinema - INFO - STARTED HOT CINEMA KFAR_SABBA
2024-05-23 02:39:24,364 - cinemas.hot_cinema - INFO - DONE HOT CINEMA KFAR_SABBA
2024-05-23 02:39:24,364 - cinemas.hot_cinema - INFO - STARTED HOT CINEMA HAIFA
2024-05-23 02:39:24,538 - cinemas.hot_cinema - INFO - DONE HOT CINEMA HAIFA
2024-05-23 02:39:24,538 - cinemas.hot_cinema - INFO - STARTED HOT CINEMA PETACH_TIKVA
2024-05-23 02:39:24,712 - cinemas.hot_cinema - INFO - DONE HOT CINEMA PETACH_TIKVA
2024-05-23 02:39:24,712 - cinemas.hot_cinema - INFO - STARTED HOT CINEMA RECHOVOT
2024-05-23 02:39:24,884 - cinemas.hot_cinema - INFO - DONE HOT CINEMA RECHOVOT
2024-05-23 02:39:24,884 - cinemas.hot_cinema - INFO - STARTED HOT CINEMA ASHKELON
2024-05-23 02:39:25,058 - cinemas.hot_cinema - INFO - DONE HOT CINEMA ASHKELON
2024-05-23 02:39:25,058 - cinemas.hot_cinema - INFO - STARTED HOT CINEMA KARMIEL
2024-05-23 02:39:25,229 - cinemas.hot_cinema - INFO - DONE HOT CINEMA KARMIEL
2024-05-23 02:39:25,229 - cinemas.hot_cinema - INFO - STARTED HOT CINEMA NAHARIA
2024-05-23 02:39:25,401 - cinemas.hot_cinema - INFO - DONE HOT CINEMA NAHARIA
2024-05-23 02:39:25,401 - cinemas.hot_cinema - INFO - STARTED HOT CINEMA ASHDOD
2024-05-23 02:39:25,574 - cinemas.hot_cinema - INFO - DONE HOT CINEMA ASHDOD
2024-05-23 02:39:25,574 - cinemas.hot_cinema - INFO - DONE HOT CINEMA
2024-05-23 02:39:25,574 - cinemas.cinema_city - INFO - STARTED CINEMA CITY
2024-05-23 02:39:25,574 - cinemas.cinema_city - INFO - STARTED CINEMA CITY GLILOT
2024-05-23 02:39:45,116 - cinemas.cinema_city - INFO - DONE CINEMA CITY GLILOT
2024-05-23 02:39:45,116 - cinemas.cinema_city - INFO - STARTED CINEMA CITY RISHON
2024-05-23 02:39:47,736 - cinemas.cinema_city - INFO - DONE CINEMA CITY RISHON
2024-05-23 02:39:47,736 - cinemas.cinema_city - INFO - STARTED CINEMA CITY JERUSALEM
2024-05-23 02:39:48,303 - cinemas.cinema_city - INFO - DONE CINEMA CITY JERUSALEM
2024-05-23 02:39:48,303 - cinemas.cinema_city - INFO - STARTED CINEMA CITY KFAR_SABBA
2024-05-23 02:39:49,676 - cinemas.cinema_city - INFO - DONE CINEMA CITY KFAR_SABBA
2024-05-23 02:39:49,676 - cinemas.cinema_city - INFO - STARTED CINEMA CITY NATANIA
2024-05-23 02:39:50,239 - cinemas.cinema_city - INFO - DONE CINEMA CITY NATANIA
2024-05-23 02:39:50,239 - cinemas.cinema_city - INFO - STARTED CINEMA CITY BEER_SHEVA
2024-05-23 02:39:50,788 - cinemas.cinema_city - INFO - DONE CINEMA CITY BEER_SHEVA
2024-05-23 02:39:50,788 - cinemas.cinema_city - INFO - STARTED CINEMA CITY HADERA
2024-05-23 02:39:52,183 - cinemas.cinema_city - INFO - DONE CINEMA CITY HADERA
2024-05-23 02:39:52,184 - cinemas.cinema_city - INFO - STARTED CINEMA CITY ASHDOD
2024-05-23 02:39:52,741 - cinemas.cinema_city - INFO - DONE CINEMA CITY ASHDOD
2024-05-23 02:39:52,742 - cinemas.cinema_city - INFO - DONE CINEMA CITY
2024-05-23 02:39:52,742 - cinemas.cinema_city - INFO - STARTED CINEMA CITY
2024-05-23 02:39:52,742 - cinemas.cinema_city - INFO - STARTED CINEMA CITY GLILOT
2024-05-23 02:39:53,643 - cinemas.cinema_city - INFO - DONE CINEMA CITY GLILOT
2024-05-23 02:39:53,643 - cinemas.cinema_city - INFO - STARTED CINEMA CITY RISHON
2024-05-23 02:39:54,345 - cinemas.cinema_city - INFO - DONE CINEMA CITY RISHON
2024-05-23 02:39:54,345 - cinemas.cinema_city - INFO - STARTED CINEMA CITY JERUSALEM
2024-05-23 02:39:55,289 - cinemas.cinema_city - INFO - DONE CINEMA CITY JERUSALEM
2024-05-23 02:39:55,289 - cinemas.cinema_city - INFO - STARTED CINEMA CITY KFAR_SABBA
2024-05-23 02:39:56,027 - cinemas.cinema_city - INFO - DONE CINEMA CITY KFAR_SABBA
2024-05-23 02:39:56,027 - cinemas.cinema_city - INFO - STARTED CINEMA CITY NATANIA
2024-05-23 02:39:56,968 - cinemas.cinema_city - INFO - DONE CINEMA CITY NATANIA
2024-05-23 02:39:56,968 - cinemas.cinema_city - INFO - STARTED CINEMA CITY BEER_SHEVA
2024-05-23 02:39:57,711 - cinemas.cinema_city - INFO - DONE CINEMA CITY BEER_SHEVA
2024-05-23 02:39:57,711 - cinemas.cinema_city - INFO - STARTED CINEMA CITY HADERA
2024-05-23 02:39:58,449 - cinemas.cinema_city - INFO - DONE CINEMA CITY HADERA
2024-05-23 02:39:58,450 - cinemas.cinema_city - INFO - STARTED CINEMA CITY ASHDOD
2024-05-23 02:39:59,356 - cinemas.cinema_city - INFO - DONE CINEMA CITY ASHDOD
2024-05-23 02:39:59,356 - cinemas.cinema_city - INFO - DONE CINEMA CITY
2024-05-23 02:39:59,356 - cinemas.lev - INFO - STARTED LEV
2024-05-23 02:40:00,892 - proxy - INFO - Proxy: {'YourFuckingIPAddress': '45.150.108.125', 'YourFuckingLocation': 'Tel Aviv, TA, Israel', 'YourFuckingHostname': '45.150.108.125', 'YourFuckingISP': 'BlueVPS OU', 'YourFuckingTorExit': False, 'YourFuckingCity': 'Tel Aviv', 'YourFuckingCountry': 'Israel', 'YourFuckingCountryCode': 'IL'}
2024-05-23 02:40:00,892 - cinemas.lev - INFO - STARTED LEV TEL_AVIV
2024-05-23 02:40:05,612 - cinemas.lev - INFO - DONE LEV TEL_AVIV
2024-05-23 02:40:05,612 - cinemas.lev - INFO - STARTED LEV RAMAT_HASHARON
2024-05-23 02:40:06,651 - cinemas.lev - INFO - DONE LEV RAMAT_HASHARON
2024-05-23 02:40:06,651 - cinemas.lev - INFO - STARTED LEV MANDARIN
2024-05-23 02:40:08,333 - cinemas.lev - INFO - DONE LEV MANDARIN
2024-05-23 02:40:08,333 - cinemas.lev - INFO - STARTED LEV EVEN_YEHUDA
2024-05-23 02:40:10,280 - cinemas.lev - INFO - DONE LEV EVEN_YEHUDA
2024-05-23 02:40:10,280 - cinemas.lev - INFO - STARTED LEV SMADAR
2024-05-23 02:40:11,171 - cinemas.lev - INFO - DONE LEV SMADAR
2024-05-23 02:40:11,171 - cinemas.lev - INFO - STARTED LEV RAANANA
2024-05-23 02:40:12,980 - cinemas.lev - INFO - DONE LEV RAANANA
2024-05-23 02:40:12,981 - cinemas.lev - INFO - STARTED LEV OMER
2024-05-23 02:40:14,496 - cinemas.lev - INFO - DONE LEV OMER
2024-05-23 02:40:14,497 - cinemas.lev - INFO - STARTED LEV SHOHAM
2024-05-23 02:40:15,600 - cinemas.lev - INFO - DONE LEV SHOHAM
2024-05-23 02:40:15,600 - cinemas.lev - INFO - STARTED LEV DANIEL
2024-05-23 02:40:16,363 - cinemas.lev - INFO - DONE LEV DANIEL
2024-05-23 02:40:16,363 - proxy - INFO - Proxy removed
2024-05-23 02:40:16,363 - cinemas.lev - INFO - DONE LEV
2024-05-23 02:40:16,363 - cinemas.lev - INFO - STARTED LEV
2024-05-23 02:40:16,853 - root - ERROR - lev crashed
Traceback (most recent call last):
  File "/opt/hostedtoolcache/Python/3.11.9/x64/lib/python3.11/site-packages/urllib3/connectionpool.py", line 715, in urlopen
    httplib_response = self._make_request(
                       ^^^^^^^^^^^^^^^^^^^
  File "/opt/hostedtoolcache/Python/3.11.9/x64/lib/python3.11/site-packages/urllib3/connectionpool.py", line 467, in _make_request
    six.raise_from(e, None)
  File "<string>", line 3, in raise_from
  File "/opt/hostedtoolcache/Python/3.11.9/x64/lib/python3.11/site-packages/urllib3/connectionpool.py", line 462, in _make_request
    httplib_response = conn.getresponse()
                       ^^^^^^^^^^^^^^^^^^
  File "/opt/hostedtoolcache/Python/3.11.9/x64/lib/python3.11/http/client.py", line 1395, in getresponse
    response.begin()
  File "/opt/hostedtoolcache/Python/3.11.9/x64/lib/python3.11/http/client.py", line 325, in begin
    version, status, reason = self._read_status()
                              ^^^^^^^^^^^^^^^^^^^
  File "/opt/hostedtoolcache/Python/3.11.9/x64/lib/python3.11/http/client.py", line 294, in _read_status
    raise RemoteDisconnected("Remote end closed connection without"
http.client.RemoteDisconnected: Remote end closed connection without response

During handling of the above exception, another exception occurred:

Traceback (most recent call last):
  File "/opt/hostedtoolcache/Python/3.11.9/x64/lib/python3.11/site-packages/requests/adapters.py", line 589, in send
    resp = conn.urlopen(
           ^^^^^^^^^^^^^
  File "/opt/hostedtoolcache/Python/3.11.9/x64/lib/python3.11/site-packages/urllib3/connectionpool.py", line 799, in urlopen
    retries = retries.increment(
              ^^^^^^^^^^^^^^^^^^
  File "/opt/hostedtoolcache/Python/3.11.9/x64/lib/python3.11/site-packages/urllib3/util/retry.py", line 592, in increment
    raise MaxRetryError(_pool, url, error or ResponseError(cause))
urllib3.exceptions.MaxRetryError: HTTPSConnectionPool(host='wtfismyip.com', port=443): Max retries exceeded with url: /json (Caused by ProxyError('Cannot connect to proxy.', RemoteDisconnected('Remote end closed connection without response')))

During handling of the above exception, another exception occurred:

Traceback (most recent call last):
  File "/home/runner/work/Movie-Time-Server/Movie-Time-Server/main.py", line 56, in get_screenings_from_cinema
    return unsafe_get_screenings_from_cinema(get_screening, cinema, date, s)
           ^^^^^^^^^^^^^^^^^^^^^^^^^^^^^^^^^^^^^^^^^^^^^^^^^^^^^^^^^^^^^^^^^
  File "/opt/hostedtoolcache/Python/3.11.9/x64/lib/python3.11/site-packages/decorator.py", line 232, in fun
    return caller(func, *(extras + args), **kw)
           ^^^^^^^^^^^^^^^^^^^^^^^^^^^^^^^^^^^^
  File "/opt/hostedtoolcache/Python/3.11.9/x64/lib/python3.11/site-packages/retry/api.py", line 90, in retry_decorator
    return __retry_internal(partial(f, *args, **kwargs), exceptions, tries, delay, max_delay, backoff, jitter,
           ^^^^^^^^^^^^^^^^^^^^^^^^^^^^^^^^^^^^^^^^^^^^^^^^^^^^^^^^^^^^^^^^^^^^^^^^^^^^^^^^^^^^^^^^^^^^^^^^^^^
  File "/opt/hostedtoolcache/Python/3.11.9/x64/lib/python3.11/site-packages/retry/api.py", line 35, in __retry_internal
    return f()
           ^^^
  File "/home/runner/work/Movie-Time-Server/Movie-Time-Server/main.py", line 74, in unsafe_get_screenings_from_cinema
    return get_screening(year, month, day, s)
           ^^^^^^^^^^^^^^^^^^^^^^^^^^^^^^^^^^
  File "/home/runner/work/Movie-Time-Server/Movie-Time-Server/cinemas/lev.py", line 127, in get_screenings
    with ProxifiedSession(s) as ps:
  File "/home/runner/work/Movie-Time-Server/Movie-Time-Server/proxy.py", line 12, in __enter__
    proxy_info = self.session.get("https://wtfismyip.com/json").json()
                 ^^^^^^^^^^^^^^^^^^^^^^^^^^^^^^^^^^^^^^^^^^^^^^
  File "/opt/hostedtoolcache/Python/3.11.9/x64/lib/python3.11/site-packages/requests/sessions.py", line 602, in get
    return self.request("GET", url, **kwargs)
           ^^^^^^^^^^^^^^^^^^^^^^^^^^^^^^^^^^
  File "/opt/hostedtoolcache/Python/3.11.9/x64/lib/python3.11/site-packages/requests/sessions.py", line 589, in request
    resp = self.send(prep, **send_kwargs)
           ^^^^^^^^^^^^^^^^^^^^^^^^^^^^^^
  File "/opt/hostedtoolcache/Python/3.11.9/x64/lib/python3.11/site-packages/requests/sessions.py", line 703, in send
    r = adapter.send(request, **kwargs)
        ^^^^^^^^^^^^^^^^^^^^^^^^^^^^^^^
  File "/opt/hostedtoolcache/Python/3.11.9/x64/lib/python3.11/site-packages/requests/adapters.py", line 616, in send
    raise ProxyError(e, request=request)
requests.exceptions.ProxyError: HTTPSConnectionPool(host='wtfismyip.com', port=443): Max retries exceeded with url: /json (Caused by ProxyError('Cannot connect to proxy.', RemoteDisconnected('Remote end closed connection without response')))
2024-05-23 02:40:16,934 - cinemas.movieland - INFO - STARTED Movie Land
2024-05-23 02:40:16,934 - cinemas.movieland - INFO - STARTED Movie Land CARMIEL
2024-05-23 02:40:25,917 - cinemas.movieland - INFO - DONE Movie Land CARMIEL
2024-05-23 02:40:25,917 - cinemas.movieland - INFO - STARTED Movie Land HAIFA
2024-05-23 02:40:28,076 - cinemas.movieland - INFO - DONE Movie Land HAIFA
2024-05-23 02:40:28,076 - cinemas.movieland - INFO - STARTED Movie Land NATANYA
2024-05-23 02:40:30,666 - cinemas.movieland - INFO - DONE Movie Land NATANYA
2024-05-23 02:40:30,666 - cinemas.movieland - INFO - DONE Movie Land
2024-05-23 02:40:30,667 - cinemas.movieland - INFO - STARTED Movie Land
2024-05-23 02:40:30,667 - cinemas.movieland - INFO - STARTED Movie Land CARMIEL
2024-05-23 02:40:30,667 - cinemas.movieland - INFO - DONE Movie Land CARMIEL
2024-05-23 02:40:30,667 - cinemas.movieland - INFO - STARTED Movie Land HAIFA
2024-05-23 02:40:30,667 - cinemas.movieland - INFO - DONE Movie Land HAIFA
2024-05-23 02:40:30,667 - cinemas.movieland - INFO - STARTED Movie Land NATANYA
2024-05-23 02:40:30,668 - cinemas.movieland - INFO - DONE Movie Land NATANYA
2024-05-23 02:40:30,668 - cinemas.movieland - INFO - DONE Movie Land
2024-05-23 02:40:30,668 - root - INFO - ********************
2024-05-23 02:40:30,668 - root - INFO - started checking for:24-05-2024
2024-05-23 02:40:30,668 - cinemas.yes_planet - INFO - STARTED YES PLANET
2024-05-23 02:40:30,668 - cinemas.yes_planet - INFO - STARTED YES PLANET RISHON
2024-05-23 02:40:32,945 - cinemas.yes_planet - INFO - DONE YES PLANET RISHON
2024-05-23 02:40:32,945 - cinemas.yes_planet - INFO - STARTED YES PLANET AYALON
2024-05-23 02:40:33,928 - cinemas.yes_planet - INFO - DONE YES PLANET AYALON
2024-05-23 02:40:33,928 - cinemas.yes_planet - INFO - STARTED YES PLANET ZICHRON
2024-05-23 02:40:34,919 - cinemas.yes_planet - INFO - DONE YES PLANET ZICHRON
2024-05-23 02:40:34,920 - cinemas.yes_planet - INFO - STARTED YES PLANET HAIFA
2024-05-23 02:40:35,841 - cinemas.yes_planet - INFO - DONE YES PLANET HAIFA
2024-05-23 02:40:35,841 - cinemas.yes_planet - INFO - STARTED YES PLANET JERUSALEM
2024-05-23 02:40:36,746 - cinemas.yes_planet - INFO - DONE YES PLANET JERUSALEM
2024-05-23 02:40:36,746 - cinemas.yes_planet - INFO - STARTED YES PLANET BEER_SHEVA
2024-05-23 02:40:37,646 - cinemas.yes_planet - INFO - DONE YES PLANET BEER_SHEVA
2024-05-23 02:40:37,646 - cinemas.yes_planet - INFO - DONE YES PLANET
2024-05-23 02:40:37,646 - cinemas.yes_planet - INFO - STARTED YES PLANET
2024-05-23 02:40:37,646 - cinemas.yes_planet - INFO - STARTED YES PLANET RISHON
2024-05-23 02:40:38,334 - cinemas.yes_planet - INFO - DONE YES PLANET RISHON
2024-05-23 02:40:38,334 - cinemas.yes_planet - INFO - STARTED YES PLANET AYALON
2024-05-23 02:40:39,023 - cinemas.yes_planet - INFO - DONE YES PLANET AYALON
2024-05-23 02:40:39,023 - cinemas.yes_planet - INFO - STARTED YES PLANET ZICHRON
2024-05-23 02:40:39,853 - cinemas.yes_planet - INFO - DONE YES PLANET ZICHRON
2024-05-23 02:40:39,853 - cinemas.yes_planet - INFO - STARTED YES PLANET HAIFA
2024-05-23 02:40:40,614 - cinemas.yes_planet - INFO - DONE YES PLANET HAIFA
2024-05-23 02:40:40,614 - cinemas.yes_planet - INFO - STARTED YES PLANET JERUSALEM
2024-05-23 02:40:41,337 - cinemas.yes_planet - INFO - DONE YES PLANET JERUSALEM
2024-05-23 02:40:41,338 - cinemas.yes_planet - INFO - STARTED YES PLANET BEER_SHEVA
2024-05-23 02:40:42,121 - cinemas.yes_planet - INFO - DONE YES PLANET BEER_SHEVA
2024-05-23 02:40:42,122 - cinemas.yes_planet - INFO - DONE YES PLANET
2024-05-23 02:40:42,122 - cinemas.rav_hen - INFO - STARTED RAV HEN
2024-05-23 02:40:42,122 - cinemas.rav_hen - INFO - STARTED RAV HEN GIVATAIM
2024-05-23 02:40:43,345 - cinemas.rav_hen - INFO - DONE RAV HEN GIVATAIM
2024-05-23 02:40:43,345 - cinemas.rav_hen - INFO - STARTED RAV HEN DIZINGOF
2024-05-23 02:40:43,919 - cinemas.rav_hen - INFO - DONE RAV HEN DIZINGOF
2024-05-23 02:40:43,920 - cinemas.rav_hen - INFO - STARTED RAV HEN MODIIN
2024-05-23 02:40:44,440 - cinemas.rav_hen - INFO - DONE RAV HEN MODIIN
2024-05-23 02:40:44,440 - cinemas.rav_hen - INFO - STARTED RAV HEN KIRYAT_ONO
2024-05-23 02:40:44,958 - cinemas.rav_hen - INFO - DONE RAV HEN KIRYAT_ONO
2024-05-23 02:40:44,958 - cinemas.rav_hen - INFO - DONE RAV HEN
2024-05-23 02:40:44,958 - cinemas.rav_hen - INFO - STARTED RAV HEN
2024-05-23 02:40:44,958 - cinemas.rav_hen - INFO - STARTED RAV HEN GIVATAIM
2024-05-23 02:40:45,463 - cinemas.rav_hen - INFO - DONE RAV HEN GIVATAIM
2024-05-23 02:40:45,463 - cinemas.rav_hen - INFO - STARTED RAV HEN DIZINGOF
2024-05-23 02:40:45,846 - cinemas.rav_hen - INFO - DONE RAV HEN DIZINGOF
2024-05-23 02:40:45,846 - cinemas.rav_hen - INFO - STARTED RAV HEN MODIIN
2024-05-23 02:40:46,236 - cinemas.rav_hen - INFO - DONE RAV HEN MODIIN
2024-05-23 02:40:46,236 - cinemas.rav_hen - INFO - STARTED RAV HEN KIRYAT_ONO
2024-05-23 02:40:46,629 - cinemas.rav_hen - INFO - DONE RAV HEN KIRYAT_ONO
2024-05-23 02:40:46,629 - cinemas.rav_hen - INFO - DONE RAV HEN
2024-05-23 02:40:46,630 - cinemas.hot_cinema - INFO - STARTED HOT CINEMA
2024-05-23 02:40:46,630 - cinemas.hot_cinema - INFO - STARTED HOT CINEMA MODIIN
2024-05-23 02:41:17,320 - root - ERROR - hot cinema crashed
Traceback (most recent call last):
  File "/opt/hostedtoolcache/Python/3.11.9/x64/lib/python3.11/site-packages/urllib3/connectionpool.py", line 712, in urlopen
    self._prepare_proxy(conn)
  File "/opt/hostedtoolcache/Python/3.11.9/x64/lib/python3.11/site-packages/urllib3/connectionpool.py", line 1012, in _prepare_proxy
    conn.connect()
  File "/opt/hostedtoolcache/Python/3.11.9/x64/lib/python3.11/site-packages/urllib3/connection.py", line 374, in connect
    self._tunnel()
  File "/opt/hostedtoolcache/Python/3.11.9/x64/lib/python3.11/http/client.py", line 943, in _tunnel
    raise OSError(f"Tunnel connection failed: {code} {message.strip()}")
OSError: Tunnel connection failed: 503 Connect failed

During handling of the above exception, another exception occurred:

Traceback (most recent call last):
  File "/opt/hostedtoolcache/Python/3.11.9/x64/lib/python3.11/site-packages/requests/adapters.py", line 589, in send
    resp = conn.urlopen(
           ^^^^^^^^^^^^^
  File "/opt/hostedtoolcache/Python/3.11.9/x64/lib/python3.11/site-packages/urllib3/connectionpool.py", line 799, in urlopen
    retries = retries.increment(
              ^^^^^^^^^^^^^^^^^^
  File "/opt/hostedtoolcache/Python/3.11.9/x64/lib/python3.11/site-packages/urllib3/util/retry.py", line 592, in increment
    raise MaxRetryError(_pool, url, error or ResponseError(cause))
urllib3.exceptions.MaxRetryError: HTTPSConnectionPool(host='hotcinema.co.il', port=443): Max retries exceeded with url: /tickets/TheaterEvents?date=24%2F05%2F2024&theatreid=1 (Caused by ProxyError('Cannot connect to proxy.', OSError('Tunnel connection failed: 503 Connect failed')))

During handling of the above exception, another exception occurred:

Traceback (most recent call last):
  File "/home/runner/work/Movie-Time-Server/Movie-Time-Server/main.py", line 56, in get_screenings_from_cinema
    return unsafe_get_screenings_from_cinema(get_screening, cinema, date, s)
           ^^^^^^^^^^^^^^^^^^^^^^^^^^^^^^^^^^^^^^^^^^^^^^^^^^^^^^^^^^^^^^^^^
  File "/opt/hostedtoolcache/Python/3.11.9/x64/lib/python3.11/site-packages/decorator.py", line 232, in fun
    return caller(func, *(extras + args), **kw)
           ^^^^^^^^^^^^^^^^^^^^^^^^^^^^^^^^^^^^
  File "/opt/hostedtoolcache/Python/3.11.9/x64/lib/python3.11/site-packages/retry/api.py", line 90, in retry_decorator
    return __retry_internal(partial(f, *args, **kwargs), exceptions, tries, delay, max_delay, backoff, jitter,
           ^^^^^^^^^^^^^^^^^^^^^^^^^^^^^^^^^^^^^^^^^^^^^^^^^^^^^^^^^^^^^^^^^^^^^^^^^^^^^^^^^^^^^^^^^^^^^^^^^^^
  File "/opt/hostedtoolcache/Python/3.11.9/x64/lib/python3.11/site-packages/retry/api.py", line 35, in __retry_internal
    return f()
           ^^^
  File "/home/runner/work/Movie-Time-Server/Movie-Time-Server/main.py", line 71, in unsafe_get_screenings_from_cinema
    screenings = get_screening(year, month, day, s)
                 ^^^^^^^^^^^^^^^^^^^^^^^^^^^^^^^^^^
  File "/home/runner/work/Movie-Time-Server/Movie-Time-Server/cinemas/hot_cinema.py", line 128, in get_screenings
    screenings.extend(get_by_location(location, date, s))
                      ^^^^^^^^^^^^^^^^^^^^^^^^^^^^^^^^^^
  File "/home/runner/work/Movie-Time-Server/Movie-Time-Server/cinemas/hot_cinema.py", line 105, in get_by_location
    res = s.get(url).json()
          ^^^^^^^^^^
  File "/opt/hostedtoolcache/Python/3.11.9/x64/lib/python3.11/site-packages/requests/sessions.py", line 602, in get
    return self.request("GET", url, **kwargs)
           ^^^^^^^^^^^^^^^^^^^^^^^^^^^^^^^^^^
  File "/opt/hostedtoolcache/Python/3.11.9/x64/lib/python3.11/site-packages/requests/sessions.py", line 589, in request
    resp = self.send(prep, **send_kwargs)
           ^^^^^^^^^^^^^^^^^^^^^^^^^^^^^^
  File "/opt/hostedtoolcache/Python/3.11.9/x64/lib/python3.11/site-packages/requests/sessions.py", line 703, in send
    r = adapter.send(request, **kwargs)
        ^^^^^^^^^^^^^^^^^^^^^^^^^^^^^^^
  File "/opt/hostedtoolcache/Python/3.11.9/x64/lib/python3.11/site-packages/requests/adapters.py", line 616, in send
    raise ProxyError(e, request=request)
requests.exceptions.ProxyError: HTTPSConnectionPool(host='hotcinema.co.il', port=443): Max retries exceeded with url: /tickets/TheaterEvents?date=24%2F05%2F2024&theatreid=1 (Caused by ProxyError('Cannot connect to proxy.', OSError('Tunnel connection failed: 503 Connect failed')))
2024-05-23 02:41:17,321 - cinemas.cinema_city - INFO - STARTED CINEMA CITY
2024-05-23 02:41:17,322 - cinemas.cinema_city - INFO - STARTED CINEMA CITY GLILOT
2024-05-23 02:41:24,604 - cinemas.cinema_city - INFO - DONE CINEMA CITY GLILOT
2024-05-23 02:41:24,604 - cinemas.cinema_city - INFO - STARTED CINEMA CITY RISHON
2024-05-23 02:41:28,922 - cinemas.cinema_city - INFO - DONE CINEMA CITY RISHON
2024-05-23 02:41:28,922 - cinemas.cinema_city - INFO - STARTED CINEMA CITY JERUSALEM
2024-05-23 02:41:30,196 - cinemas.cinema_city - INFO - DONE CINEMA CITY JERUSALEM
2024-05-23 02:41:30,196 - cinemas.cinema_city - INFO - STARTED CINEMA CITY KFAR_SABBA
2024-05-23 02:41:31,503 - cinemas.cinema_city - INFO - DONE CINEMA CITY KFAR_SABBA
2024-05-23 02:41:31,504 - cinemas.cinema_city - INFO - STARTED CINEMA CITY NATANIA
2024-05-23 02:41:33,031 - cinemas.cinema_city - INFO - DONE CINEMA CITY NATANIA
2024-05-23 02:41:33,031 - cinemas.cinema_city - INFO - STARTED CINEMA CITY BEER_SHEVA
2024-05-23 02:41:34,291 - cinemas.cinema_city - INFO - DONE CINEMA CITY BEER_SHEVA
2024-05-23 02:41:34,291 - cinemas.cinema_city - INFO - STARTED CINEMA CITY HADERA
2024-05-23 02:41:36,819 - cinemas.cinema_city - INFO - DONE CINEMA CITY HADERA
2024-05-23 02:41:36,819 - cinemas.cinema_city - INFO - STARTED CINEMA CITY ASHDOD
2024-05-23 02:41:38,125 - cinemas.cinema_city - INFO - DONE CINEMA CITY ASHDOD
2024-05-23 02:41:38,125 - cinemas.cinema_city - INFO - DONE CINEMA CITY
2024-05-23 02:41:38,125 - cinemas.cinema_city - INFO - STARTED CINEMA CITY
2024-05-23 02:41:38,125 - cinemas.cinema_city - INFO - STARTED CINEMA CITY GLILOT
2024-05-23 02:41:39,425 - cinemas.cinema_city - INFO - DONE CINEMA CITY GLILOT
2024-05-23 02:41:39,425 - cinemas.cinema_city - INFO - STARTED CINEMA CITY RISHON
2024-05-23 02:41:40,868 - cinemas.cinema_city - INFO - DONE CINEMA CITY RISHON
2024-05-23 02:41:40,868 - cinemas.cinema_city - INFO - STARTED CINEMA CITY JERUSALEM
2024-05-23 02:41:42,123 - cinemas.cinema_city - INFO - DONE CINEMA CITY JERUSALEM
2024-05-23 02:41:42,123 - cinemas.cinema_city - INFO - STARTED CINEMA CITY KFAR_SABBA
2024-05-23 02:41:43,347 - cinemas.cinema_city - INFO - DONE CINEMA CITY KFAR_SABBA
2024-05-23 02:41:43,347 - cinemas.cinema_city - INFO - STARTED CINEMA CITY NATANIA
2024-05-23 02:41:44,410 - cinemas.cinema_city - INFO - DONE CINEMA CITY NATANIA
2024-05-23 02:41:44,411 - cinemas.cinema_city - INFO - STARTED CINEMA CITY BEER_SHEVA
2024-05-23 02:41:45,787 - cinemas.cinema_city - INFO - DONE CINEMA CITY BEER_SHEVA
2024-05-23 02:41:45,787 - cinemas.cinema_city - INFO - STARTED CINEMA CITY HADERA
2024-05-23 02:41:47,099 - cinemas.cinema_city - INFO - DONE CINEMA CITY HADERA
2024-05-23 02:41:47,100 - cinemas.cinema_city - INFO - STARTED CINEMA CITY ASHDOD
2024-05-23 02:41:48,479 - cinemas.cinema_city - INFO - DONE CINEMA CITY ASHDOD
2024-05-23 02:41:48,480 - cinemas.cinema_city - INFO - DONE CINEMA CITY
2024-05-23 02:41:48,480 - cinemas.lev - INFO - STARTED LEV
2024-05-23 02:41:50,002 - proxy - INFO - Proxy: {'YourFuckingIPAddress': '45.150.108.125', 'YourFuckingLocation': 'Tel Aviv, TA, Israel', 'YourFuckingHostname': '45.150.108.125', 'YourFuckingISP': 'BlueVPS OU', 'YourFuckingTorExit': False, 'YourFuckingCity': 'Tel Aviv', 'YourFuckingCountry': 'Israel', 'YourFuckingCountryCode': 'IL'}
2024-05-23 02:41:50,002 - cinemas.lev - INFO - STARTED LEV TEL_AVIV
2024-05-23 02:41:52,607 - cinemas.lev - INFO - DONE LEV TEL_AVIV
2024-05-23 02:41:52,607 - cinemas.lev - INFO - STARTED LEV RAMAT_HASHARON
2024-05-23 02:41:53,247 - cinemas.lev - INFO - DONE LEV RAMAT_HASHARON
2024-05-23 02:41:53,248 - cinemas.lev - INFO - STARTED LEV MANDARIN
2024-05-23 02:41:53,890 - cinemas.lev - INFO - DONE LEV MANDARIN
2024-05-23 02:41:53,890 - cinemas.lev - INFO - STARTED LEV EVEN_YEHUDA
2024-05-23 02:41:54,637 - cinemas.lev - INFO - DONE LEV EVEN_YEHUDA
2024-05-23 02:41:54,637 - cinemas.lev - INFO - STARTED LEV SMADAR
2024-05-23 02:41:55,463 - cinemas.lev - INFO - DONE LEV SMADAR
2024-05-23 02:41:55,463 - cinemas.lev - INFO - STARTED LEV RAANANA
2024-05-23 02:41:56,231 - cinemas.lev - INFO - DONE LEV RAANANA
2024-05-23 02:41:56,231 - cinemas.lev - INFO - STARTED LEV OMER
2024-05-23 02:41:56,881 - cinemas.lev - INFO - DONE LEV OMER
2024-05-23 02:41:56,881 - cinemas.lev - INFO - STARTED LEV SHOHAM
2024-05-23 02:41:57,523 - cinemas.lev - INFO - DONE LEV SHOHAM
2024-05-23 02:41:57,523 - cinemas.lev - INFO - STARTED LEV DANIEL
2024-05-23 02:41:58,295 - cinemas.lev - INFO - DONE LEV DANIEL
2024-05-23 02:41:58,296 - proxy - INFO - Proxy removed
2024-05-23 02:41:58,296 - cinemas.lev - INFO - DONE LEV
2024-05-23 02:41:58,296 - cinemas.lev - INFO - STARTED LEV
2024-05-23 02:41:58,764 - proxy - INFO - Proxy: {'YourFuckingIPAddress': '45.150.108.125', 'YourFuckingLocation': 'Tel Aviv, TA, Israel', 'YourFuckingHostname': '45.150.108.125', 'YourFuckingISP': 'BlueVPS OU', 'YourFuckingTorExit': False, 'YourFuckingCity': 'Tel Aviv', 'YourFuckingCountry': 'Israel', 'YourFuckingCountryCode': 'IL'}
2024-05-23 02:41:58,764 - cinemas.lev - INFO - STARTED LEV TEL_AVIV
2024-05-23 02:41:59,563 - cinemas.lev - INFO - DONE LEV TEL_AVIV
2024-05-23 02:41:59,563 - cinemas.lev - INFO - STARTED LEV RAMAT_HASHARON
2024-05-23 02:42:00,204 - cinemas.lev - INFO - DONE LEV RAMAT_HASHARON
2024-05-23 02:42:00,204 - cinemas.lev - INFO - STARTED LEV MANDARIN
2024-05-23 02:42:00,846 - cinemas.lev - INFO - DONE LEV MANDARIN
2024-05-23 02:42:00,847 - cinemas.lev - INFO - STARTED LEV EVEN_YEHUDA
2024-05-23 02:42:01,487 - cinemas.lev - INFO - DONE LEV EVEN_YEHUDA
2024-05-23 02:42:01,487 - cinemas.lev - INFO - STARTED LEV SMADAR
2024-05-23 02:42:02,264 - cinemas.lev - INFO - DONE LEV SMADAR
2024-05-23 02:42:02,264 - cinemas.lev - INFO - STARTED LEV RAANANA
2024-05-23 02:42:02,956 - cinemas.lev - INFO - DONE LEV RAANANA
2024-05-23 02:42:02,956 - cinemas.lev - INFO - STARTED LEV OMER
2024-05-23 02:42:03,594 - cinemas.lev - INFO - DONE LEV OMER
2024-05-23 02:42:03,594 - cinemas.lev - INFO - STARTED LEV SHOHAM
2024-05-23 02:42:04,378 - cinemas.lev - INFO - DONE LEV SHOHAM
2024-05-23 02:42:04,378 - cinemas.lev - INFO - STARTED LEV DANIEL
2024-05-23 02:42:04,884 - cinemas.lev - INFO - DONE LEV DANIEL
2024-05-23 02:42:04,884 - proxy - INFO - Proxy removed
2024-05-23 02:42:04,884 - cinemas.lev - INFO - DONE LEV
2024-05-23 02:42:04,885 - cinemas.movieland - INFO - STARTED Movie Land
2024-05-23 02:42:04,885 - cinemas.movieland - INFO - STARTED Movie Land CARMIEL
2024-05-23 02:42:06,417 - cinemas.movieland - INFO - DONE Movie Land CARMIEL
2024-05-23 02:42:06,417 - cinemas.movieland - INFO - STARTED Movie Land HAIFA
2024-05-23 02:42:06,417 - cinemas.movieland - INFO - DONE Movie Land HAIFA
2024-05-23 02:42:06,417 - cinemas.movieland - INFO - STARTED Movie Land NATANYA
2024-05-23 02:42:06,935 - cinemas.movieland - INFO - DONE Movie Land NATANYA
2024-05-23 02:42:06,935 - cinemas.movieland - INFO - DONE Movie Land
2024-05-23 02:42:06,935 - cinemas.movieland - INFO - STARTED Movie Land
2024-05-23 02:42:06,935 - cinemas.movieland - INFO - STARTED Movie Land CARMIEL
2024-05-23 02:42:06,936 - cinemas.movieland - INFO - DONE Movie Land CARMIEL
2024-05-23 02:42:06,936 - cinemas.movieland - INFO - STARTED Movie Land HAIFA
2024-05-23 02:42:06,936 - cinemas.movieland - INFO - DONE Movie Land HAIFA
2024-05-23 02:42:06,936 - cinemas.movieland - INFO - STARTED Movie Land NATANYA
2024-05-23 02:42:06,937 - cinemas.movieland - INFO - DONE Movie Land NATANYA
2024-05-23 02:42:06,937 - cinemas.movieland - INFO - DONE Movie Land
2024-05-23 02:42:06,937 - root - INFO - ********************
2024-05-23 02:42:06,937 - root - INFO - started checking for:25-05-2024
2024-05-23 02:42:06,937 - cinemas.yes_planet - INFO - STARTED YES PLANET
2024-05-23 02:42:06,937 - cinemas.yes_planet - INFO - STARTED YES PLANET RISHON
2024-05-23 02:42:11,071 - cinemas.yes_planet - INFO - DONE YES PLANET RISHON
2024-05-23 02:42:11,072 - cinemas.yes_planet - INFO - STARTED YES PLANET AYALON
2024-05-23 02:42:13,176 - cinemas.yes_planet - INFO - DONE YES PLANET AYALON
2024-05-23 02:42:13,176 - cinemas.yes_planet - INFO - STARTED YES PLANET ZICHRON
2024-05-23 02:42:13,816 - cinemas.yes_planet - INFO - DONE YES PLANET ZICHRON
2024-05-23 02:42:13,816 - cinemas.yes_planet - INFO - STARTED YES PLANET HAIFA
2024-05-23 02:42:17,492 - cinemas.yes_planet - INFO - DONE YES PLANET HAIFA
2024-05-23 02:42:17,492 - cinemas.yes_planet - INFO - STARTED YES PLANET JERUSALEM
2024-05-23 02:42:18,245 - cinemas.yes_planet - INFO - DONE YES PLANET JERUSALEM
2024-05-23 02:42:18,245 - cinemas.yes_planet - INFO - STARTED YES PLANET BEER_SHEVA
2024-05-23 02:42:19,027 - cinemas.yes_planet - INFO - DONE YES PLANET BEER_SHEVA
2024-05-23 02:42:19,027 - cinemas.yes_planet - INFO - DONE YES PLANET
2024-05-23 02:42:19,027 - cinemas.yes_planet - INFO - STARTED YES PLANET
2024-05-23 02:42:19,027 - cinemas.yes_planet - INFO - STARTED YES PLANET RISHON
2024-05-23 02:42:19,054 - cinemas.yes_planet - INFO - DONE YES PLANET RISHON
2024-05-23 02:42:19,054 - cinemas.yes_planet - INFO - STARTED YES PLANET AYALON
2024-05-23 02:42:19,081 - cinemas.yes_planet - INFO - DONE YES PLANET AYALON
2024-05-23 02:42:19,081 - cinemas.yes_planet - INFO - STARTED YES PLANET ZICHRON
2024-05-23 02:42:19,105 - cinemas.yes_planet - INFO - DONE YES PLANET ZICHRON
2024-05-23 02:42:19,105 - cinemas.yes_planet - INFO - STARTED YES PLANET HAIFA
2024-05-23 02:42:19,131 - cinemas.yes_planet - INFO - DONE YES PLANET HAIFA
2024-05-23 02:42:19,131 - cinemas.yes_planet - INFO - STARTED YES PLANET JERUSALEM
2024-05-23 02:42:19,157 - cinemas.yes_planet - INFO - DONE YES PLANET JERUSALEM
2024-05-23 02:42:19,158 - cinemas.yes_planet - INFO - STARTED YES PLANET BEER_SHEVA
2024-05-23 02:42:19,184 - cinemas.yes_planet - INFO - DONE YES PLANET BEER_SHEVA
2024-05-23 02:42:19,184 - cinemas.yes_planet - INFO - DONE YES PLANET
2024-05-23 02:42:19,184 - cinemas.rav_hen - INFO - STARTED RAV HEN
2024-05-23 02:42:19,185 - cinemas.rav_hen - INFO - STARTED RAV HEN GIVATAIM
2024-05-23 02:42:20,965 - cinemas.rav_hen - INFO - DONE RAV HEN GIVATAIM
2024-05-23 02:42:20,965 - cinemas.rav_hen - INFO - STARTED RAV HEN DIZINGOF
2024-05-23 02:42:21,502 - cinemas.rav_hen - INFO - DONE RAV HEN DIZINGOF
2024-05-23 02:42:21,502 - cinemas.rav_hen - INFO - STARTED RAV HEN MODIIN
2024-05-23 02:42:21,959 - cinemas.rav_hen - INFO - DONE RAV HEN MODIIN
2024-05-23 02:42:21,959 - cinemas.rav_hen - INFO - STARTED RAV HEN KIRYAT_ONO
2024-05-23 02:42:23,065 - cinemas.rav_hen - INFO - DONE RAV HEN KIRYAT_ONO
2024-05-23 02:42:23,065 - cinemas.rav_hen - INFO - DONE RAV HEN
2024-05-23 02:42:23,065 - cinemas.rav_hen - INFO - STARTED RAV HEN
2024-05-23 02:42:23,065 - cinemas.rav_hen - INFO - STARTED RAV HEN GIVATAIM
2024-05-23 02:42:23,092 - cinemas.rav_hen - INFO - DONE RAV HEN GIVATAIM
2024-05-23 02:42:23,092 - cinemas.rav_hen - INFO - STARTED RAV HEN DIZINGOF
2024-05-23 02:42:23,112 - cinemas.rav_hen - INFO - DONE RAV HEN DIZINGOF
2024-05-23 02:42:23,112 - cinemas.rav_hen - INFO - STARTED RAV HEN MODIIN
2024-05-23 02:42:23,134 - cinemas.rav_hen - INFO - DONE RAV HEN MODIIN
2024-05-23 02:42:23,134 - cinemas.rav_hen - INFO - STARTED RAV HEN KIRYAT_ONO
2024-05-23 02:42:23,156 - cinemas.rav_hen - INFO - DONE RAV HEN KIRYAT_ONO
2024-05-23 02:42:23,157 - cinemas.rav_hen - INFO - DONE RAV HEN
2024-05-23 02:42:23,157 - cinemas.hot_cinema - INFO - STARTED HOT CINEMA
2024-05-23 02:42:23,157 - cinemas.hot_cinema - INFO - STARTED HOT CINEMA MODIIN
2024-05-23 02:42:24,123 - cinemas.hot_cinema - INFO - DONE HOT CINEMA MODIIN
2024-05-23 02:42:24,123 - cinemas.hot_cinema - INFO - STARTED HOT CINEMA KIRYON
2024-05-23 02:42:28,230 - cinemas.hot_cinema - INFO - DONE HOT CINEMA KIRYON
2024-05-23 02:42:28,231 - cinemas.hot_cinema - INFO - STARTED HOT CINEMA KFAR_SABBA
2024-05-23 02:42:28,407 - cinemas.hot_cinema - INFO - DONE HOT CINEMA KFAR_SABBA
2024-05-23 02:42:28,408 - cinemas.hot_cinema - INFO - STARTED HOT CINEMA HAIFA
2024-05-23 02:42:29,128 - cinemas.hot_cinema - INFO - DONE HOT CINEMA HAIFA
2024-05-23 02:42:29,128 - cinemas.hot_cinema - INFO - STARTED HOT CINEMA PETACH_TIKVA
2024-05-23 02:42:29,860 - cinemas.hot_cinema - INFO - DONE HOT CINEMA PETACH_TIKVA
2024-05-23 02:42:29,860 - cinemas.hot_cinema - INFO - STARTED HOT CINEMA RECHOVOT
2024-05-23 02:42:30,033 - cinemas.hot_cinema - INFO - DONE HOT CINEMA RECHOVOT
2024-05-23 02:42:30,033 - cinemas.hot_cinema - INFO - STARTED HOT CINEMA ASHKELON
2024-05-23 02:42:30,207 - cinemas.hot_cinema - INFO - DONE HOT CINEMA ASHKELON
2024-05-23 02:42:30,207 - cinemas.hot_cinema - INFO - STARTED HOT CINEMA KARMIEL
2024-05-23 02:42:30,379 - cinemas.hot_cinema - INFO - DONE HOT CINEMA KARMIEL
2024-05-23 02:42:30,379 - cinemas.hot_cinema - INFO - STARTED HOT CINEMA NAHARIA
2024-05-23 02:42:30,549 - cinemas.hot_cinema - INFO - DONE HOT CINEMA NAHARIA
2024-05-23 02:42:30,549 - cinemas.hot_cinema - INFO - STARTED HOT CINEMA ASHDOD
2024-05-23 02:42:30,722 - cinemas.hot_cinema - INFO - DONE HOT CINEMA ASHDOD
2024-05-23 02:42:30,722 - cinemas.hot_cinema - INFO - DONE HOT CINEMA
2024-05-23 02:42:30,722 - cinemas.hot_cinema - INFO - STARTED HOT CINEMA
2024-05-23 02:42:30,722 - cinemas.hot_cinema - INFO - STARTED HOT CINEMA MODIIN
2024-05-23 02:42:30,896 - cinemas.hot_cinema - INFO - DONE HOT CINEMA MODIIN
2024-05-23 02:42:30,896 - cinemas.hot_cinema - INFO - STARTED HOT CINEMA KIRYON
2024-05-23 02:42:31,073 - cinemas.hot_cinema - INFO - DONE HOT CINEMA KIRYON
2024-05-23 02:42:31,073 - cinemas.hot_cinema - INFO - STARTED HOT CINEMA KFAR_SABBA
2024-05-23 02:42:31,248 - cinemas.hot_cinema - INFO - DONE HOT CINEMA KFAR_SABBA
2024-05-23 02:42:31,248 - cinemas.hot_cinema - INFO - STARTED HOT CINEMA HAIFA
2024-05-23 02:42:31,426 - cinemas.hot_cinema - INFO - DONE HOT CINEMA HAIFA
2024-05-23 02:42:31,426 - cinemas.hot_cinema - INFO - STARTED HOT CINEMA PETACH_TIKVA
2024-05-23 02:42:31,599 - cinemas.hot_cinema - INFO - DONE HOT CINEMA PETACH_TIKVA
2024-05-23 02:42:31,599 - cinemas.hot_cinema - INFO - STARTED HOT CINEMA RECHOVOT
2024-05-23 02:42:31,772 - cinemas.hot_cinema - INFO - DONE HOT CINEMA RECHOVOT
2024-05-23 02:42:31,772 - cinemas.hot_cinema - INFO - STARTED HOT CINEMA ASHKELON
2024-05-23 02:42:31,948 - cinemas.hot_cinema - INFO - DONE HOT CINEMA ASHKELON
2024-05-23 02:42:31,948 - cinemas.hot_cinema - INFO - STARTED HOT CINEMA KARMIEL
2024-05-23 02:42:32,123 - cinemas.hot_cinema - INFO - DONE HOT CINEMA KARMIEL
2024-05-23 02:42:32,123 - cinemas.hot_cinema - INFO - STARTED HOT CINEMA NAHARIA
2024-05-23 02:42:32,294 - cinemas.hot_cinema - INFO - DONE HOT CINEMA NAHARIA
2024-05-23 02:42:32,295 - cinemas.hot_cinema - INFO - STARTED HOT CINEMA ASHDOD
2024-05-23 02:42:32,466 - cinemas.hot_cinema - INFO - DONE HOT CINEMA ASHDOD
2024-05-23 02:42:32,466 - cinemas.hot_cinema - INFO - DONE HOT CINEMA
2024-05-23 02:42:32,466 - cinemas.cinema_city - INFO - STARTED CINEMA CITY
2024-05-23 02:42:32,466 - cinemas.cinema_city - INFO - STARTED CINEMA CITY GLILOT
2024-05-23 02:42:35,706 - cinemas.cinema_city - INFO - DONE CINEMA CITY GLILOT
2024-05-23 02:42:35,707 - cinemas.cinema_city - INFO - STARTED CINEMA CITY RISHON
2024-05-23 02:42:37,701 - cinemas.cinema_city - INFO - DONE CINEMA CITY RISHON
2024-05-23 02:42:37,701 - cinemas.cinema_city - INFO - STARTED CINEMA CITY JERUSALEM
2024-05-23 02:42:38,249 - cinemas.cinema_city - INFO - DONE CINEMA CITY JERUSALEM
2024-05-23 02:42:38,249 - cinemas.cinema_city - INFO - STARTED CINEMA CITY KFAR_SABBA
2024-05-23 02:42:38,966 - cinemas.cinema_city - INFO - DONE CINEMA CITY KFAR_SABBA
2024-05-23 02:42:38,966 - cinemas.cinema_city - INFO - STARTED CINEMA CITY NATANIA
2024-05-23 02:42:39,528 - cinemas.cinema_city - INFO - DONE CINEMA CITY NATANIA
2024-05-23 02:42:39,528 - cinemas.cinema_city - INFO - STARTED CINEMA CITY BEER_SHEVA
2024-05-23 02:42:40,079 - cinemas.cinema_city - INFO - DONE CINEMA CITY BEER_SHEVA
2024-05-23 02:42:40,080 - cinemas.cinema_city - INFO - STARTED CINEMA CITY HADERA
2024-05-23 02:42:40,629 - cinemas.cinema_city - INFO - DONE CINEMA CITY HADERA
2024-05-23 02:42:40,629 - cinemas.cinema_city - INFO - STARTED CINEMA CITY ASHDOD
2024-05-23 02:42:41,344 - cinemas.cinema_city - INFO - DONE CINEMA CITY ASHDOD
2024-05-23 02:42:41,344 - cinemas.cinema_city - INFO - DONE CINEMA CITY
2024-05-23 02:42:41,344 - cinemas.cinema_city - INFO - STARTED CINEMA CITY
2024-05-23 02:42:41,344 - cinemas.cinema_city - INFO - STARTED CINEMA CITY GLILOT
2024-05-23 02:42:42,045 - cinemas.cinema_city - INFO - DONE CINEMA CITY GLILOT
2024-05-23 02:42:42,045 - cinemas.cinema_city - INFO - STARTED CINEMA CITY RISHON
2024-05-23 02:42:42,581 - cinemas.cinema_city - INFO - DONE CINEMA CITY RISHON
2024-05-23 02:42:42,581 - cinemas.cinema_city - INFO - STARTED CINEMA CITY JERUSALEM
2024-05-23 02:42:43,122 - cinemas.cinema_city - INFO - DONE CINEMA CITY JERUSALEM
2024-05-23 02:42:43,122 - cinemas.cinema_city - INFO - STARTED CINEMA CITY KFAR_SABBA
2024-05-23 02:42:43,836 - cinemas.cinema_city - INFO - DONE CINEMA CITY KFAR_SABBA
2024-05-23 02:42:43,836 - cinemas.cinema_city - INFO - STARTED CINEMA CITY NATANIA
2024-05-23 02:42:44,380 - cinemas.cinema_city - INFO - DONE CINEMA CITY NATANIA
2024-05-23 02:42:44,380 - cinemas.cinema_city - INFO - STARTED CINEMA CITY BEER_SHEVA
2024-05-23 02:42:45,119 - cinemas.cinema_city - INFO - DONE CINEMA CITY BEER_SHEVA
2024-05-23 02:42:45,119 - cinemas.cinema_city - INFO - STARTED CINEMA CITY HADERA
2024-05-23 02:42:45,653 - cinemas.cinema_city - INFO - DONE CINEMA CITY HADERA
2024-05-23 02:42:45,653 - cinemas.cinema_city - INFO - STARTED CINEMA CITY ASHDOD
2024-05-23 02:42:46,393 - cinemas.cinema_city - INFO - DONE CINEMA CITY ASHDOD
2024-05-23 02:42:46,393 - cinemas.cinema_city - INFO - DONE CINEMA CITY
2024-05-23 02:42:46,394 - cinemas.lev - INFO - STARTED LEV
2024-05-23 02:42:47,850 - proxy - INFO - Proxy: {'YourFuckingIPAddress': '45.150.108.125', 'YourFuckingLocation': 'Tel Aviv, TA, Israel', 'YourFuckingHostname': '45.150.108.125', 'YourFuckingISP': 'BlueVPS OU', 'YourFuckingTorExit': False, 'YourFuckingCity': 'Tel Aviv', 'YourFuckingCountry': 'Israel', 'YourFuckingCountryCode': 'IL'}
2024-05-23 02:42:47,850 - cinemas.lev - INFO - STARTED LEV TEL_AVIV
2024-05-23 02:42:49,892 - cinemas.lev - INFO - DONE LEV TEL_AVIV
2024-05-23 02:42:49,892 - cinemas.lev - INFO - STARTED LEV RAMAT_HASHARON
2024-05-23 02:42:50,529 - cinemas.lev - INFO - DONE LEV RAMAT_HASHARON
2024-05-23 02:42:50,529 - cinemas.lev - INFO - STARTED LEV MANDARIN
2024-05-23 02:42:51,171 - cinemas.lev - INFO - DONE LEV MANDARIN
2024-05-23 02:42:51,171 - cinemas.lev - INFO - STARTED LEV EVEN_YEHUDA
2024-05-23 02:42:51,769 - cinemas.lev - INFO - DONE LEV EVEN_YEHUDA
2024-05-23 02:42:51,769 - cinemas.lev - INFO - STARTED LEV SMADAR
2024-05-23 02:42:52,235 - cinemas.lev - INFO - DONE LEV SMADAR
2024-05-23 02:42:52,236 - cinemas.lev - INFO - STARTED LEV RAANANA
2024-05-23 02:42:52,700 - cinemas.lev - INFO - DONE LEV RAANANA
2024-05-23 02:42:52,700 - cinemas.lev - INFO - STARTED LEV OMER
2024-05-23 02:42:53,262 - cinemas.lev - INFO - DONE LEV OMER
2024-05-23 02:42:53,262 - cinemas.lev - INFO - STARTED LEV SHOHAM
2024-05-23 02:42:53,757 - cinemas.lev - INFO - DONE LEV SHOHAM
2024-05-23 02:42:53,757 - cinemas.lev - INFO - STARTED LEV DANIEL
2024-05-23 02:42:54,259 - cinemas.lev - INFO - DONE LEV DANIEL
2024-05-23 02:42:54,260 - proxy - INFO - Proxy removed
2024-05-23 02:42:54,260 - cinemas.lev - INFO - DONE LEV
2024-05-23 02:42:54,260 - cinemas.lev - INFO - STARTED LEV
2024-05-23 02:42:54,911 - proxy - INFO - Proxy: {'YourFuckingIPAddress': '45.150.108.125', 'YourFuckingLocation': 'Tel Aviv, TA, Israel', 'YourFuckingHostname': '45.150.108.125', 'YourFuckingISP': 'BlueVPS OU', 'YourFuckingTorExit': False, 'YourFuckingCity': 'Tel Aviv', 'YourFuckingCountry': 'Israel', 'YourFuckingCountryCode': 'IL'}
2024-05-23 02:42:54,911 - cinemas.lev - INFO - STARTED LEV TEL_AVIV
2024-05-23 02:42:55,519 - cinemas.lev - INFO - DONE LEV TEL_AVIV
2024-05-23 02:42:55,519 - cinemas.lev - INFO - STARTED LEV RAMAT_HASHARON
2024-05-23 02:42:56,204 - cinemas.lev - INFO - DONE LEV RAMAT_HASHARON
2024-05-23 02:42:56,204 - cinemas.lev - INFO - STARTED LEV MANDARIN
2024-05-23 02:42:56,847 - cinemas.lev - INFO - DONE LEV MANDARIN
2024-05-23 02:42:56,847 - cinemas.lev - INFO - STARTED LEV EVEN_YEHUDA
2024-05-23 02:42:57,447 - cinemas.lev - INFO - DONE LEV EVEN_YEHUDA
2024-05-23 02:42:57,448 - cinemas.lev - INFO - STARTED LEV SMADAR
2024-05-23 02:42:57,946 - cinemas.lev - INFO - DONE LEV SMADAR
2024-05-23 02:42:57,946 - cinemas.lev - INFO - STARTED LEV RAANANA
2024-05-23 02:42:58,546 - cinemas.lev - INFO - DONE LEV RAANANA
2024-05-23 02:42:58,546 - cinemas.lev - INFO - STARTED LEV OMER
2024-05-23 02:42:59,186 - cinemas.lev - INFO - DONE LEV OMER
2024-05-23 02:42:59,186 - cinemas.lev - INFO - STARTED LEV SHOHAM
2024-05-23 02:42:59,785 - cinemas.lev - INFO - DONE LEV SHOHAM
2024-05-23 02:42:59,785 - cinemas.lev - INFO - STARTED LEV DANIEL
2024-05-23 02:43:00,286 - cinemas.lev - INFO - DONE LEV DANIEL
2024-05-23 02:43:00,286 - proxy - INFO - Proxy removed
2024-05-23 02:43:00,286 - cinemas.lev - INFO - DONE LEV
2024-05-23 02:43:00,287 - cinemas.movieland - INFO - STARTED Movie Land
2024-05-23 02:43:00,287 - cinemas.movieland - INFO - STARTED Movie Land CARMIEL
2024-05-23 02:43:00,287 - cinemas.movieland - INFO - DONE Movie Land CARMIEL
2024-05-23 02:43:00,287 - cinemas.movieland - INFO - STARTED Movie Land HAIFA
2024-05-23 02:43:00,288 - cinemas.movieland - INFO - DONE Movie Land HAIFA
2024-05-23 02:43:00,288 - cinemas.movieland - INFO - STARTED Movie Land NATANYA
2024-05-23 02:43:00,288 - cinemas.movieland - INFO - DONE Movie Land NATANYA
2024-05-23 02:43:00,288 - cinemas.movieland - INFO - DONE Movie Land
2024-05-23 02:43:00,288 - cinemas.movieland - INFO - STARTED Movie Land
2024-05-23 02:43:00,288 - cinemas.movieland - INFO - STARTED Movie Land CARMIEL
2024-05-23 02:43:00,289 - cinemas.movieland - INFO - DONE Movie Land CARMIEL
2024-05-23 02:43:00,289 - cinemas.movieland - INFO - STARTED Movie Land HAIFA
2024-05-23 02:43:00,289 - cinemas.movieland - INFO - DONE Movie Land HAIFA
2024-05-23 02:43:00,289 - cinemas.movieland - INFO - STARTED Movie Land NATANYA
2024-05-23 02:43:00,290 - cinemas.movieland - INFO - DONE Movie Land NATANYA
2024-05-23 02:43:00,290 - cinemas.movieland - INFO - DONE Movie Land
2024-05-23 02:43:00,290 - root - INFO - ********************
2024-05-23 02:43:00,290 - root - INFO - started checking for:26-05-2024
2024-05-23 02:43:00,290 - cinemas.yes_planet - INFO - STARTED YES PLANET
2024-05-23 02:43:00,290 - cinemas.yes_planet - INFO - STARTED YES PLANET RISHON
2024-05-23 02:43:00,950 - cinemas.yes_planet - INFO - DONE YES PLANET RISHON
2024-05-23 02:43:00,950 - cinemas.yes_planet - INFO - STARTED YES PLANET AYALON
2024-05-23 02:43:01,668 - cinemas.yes_planet - INFO - DONE YES PLANET AYALON
2024-05-23 02:43:01,668 - cinemas.yes_planet - INFO - STARTED YES PLANET ZICHRON
2024-05-23 02:43:02,316 - cinemas.yes_planet - INFO - DONE YES PLANET ZICHRON
2024-05-23 02:43:02,316 - cinemas.yes_planet - INFO - STARTED YES PLANET HAIFA
2024-05-23 02:43:02,974 - cinemas.yes_planet - INFO - DONE YES PLANET HAIFA
2024-05-23 02:43:02,974 - cinemas.yes_planet - INFO - STARTED YES PLANET JERUSALEM
2024-05-23 02:43:03,696 - cinemas.yes_planet - INFO - DONE YES PLANET JERUSALEM
2024-05-23 02:43:03,697 - cinemas.yes_planet - INFO - STARTED YES PLANET BEER_SHEVA
2024-05-23 02:43:04,355 - cinemas.yes_planet - INFO - DONE YES PLANET BEER_SHEVA
2024-05-23 02:43:04,355 - cinemas.yes_planet - INFO - DONE YES PLANET
2024-05-23 02:43:04,355 - cinemas.yes_planet - INFO - STARTED YES PLANET
2024-05-23 02:43:04,355 - cinemas.yes_planet - INFO - STARTED YES PLANET RISHON
2024-05-23 02:43:04,384 - cinemas.yes_planet - INFO - DONE YES PLANET RISHON
2024-05-23 02:43:04,384 - cinemas.yes_planet - INFO - STARTED YES PLANET AYALON
2024-05-23 02:43:04,421 - cinemas.yes_planet - INFO - DONE YES PLANET AYALON
2024-05-23 02:43:04,421 - cinemas.yes_planet - INFO - STARTED YES PLANET ZICHRON
2024-05-23 02:43:04,444 - cinemas.yes_planet - INFO - DONE YES PLANET ZICHRON
2024-05-23 02:43:04,444 - cinemas.yes_planet - INFO - STARTED YES PLANET HAIFA
2024-05-23 02:43:04,475 - cinemas.yes_planet - INFO - DONE YES PLANET HAIFA
2024-05-23 02:43:04,475 - cinemas.yes_planet - INFO - STARTED YES PLANET JERUSALEM
2024-05-23 02:43:04,510 - cinemas.yes_planet - INFO - DONE YES PLANET JERUSALEM
2024-05-23 02:43:04,511 - cinemas.yes_planet - INFO - STARTED YES PLANET BEER_SHEVA
2024-05-23 02:43:04,546 - cinemas.yes_planet - INFO - DONE YES PLANET BEER_SHEVA
2024-05-23 02:43:04,546 - cinemas.yes_planet - INFO - DONE YES PLANET
2024-05-23 02:43:04,546 - cinemas.rav_hen - INFO - STARTED RAV HEN
2024-05-23 02:43:04,546 - cinemas.rav_hen - INFO - STARTED RAV HEN GIVATAIM
2024-05-23 02:43:05,162 - cinemas.rav_hen - INFO - DONE RAV HEN GIVATAIM
2024-05-23 02:43:05,162 - cinemas.rav_hen - INFO - STARTED RAV HEN DIZINGOF
2024-05-23 02:43:05,647 - cinemas.rav_hen - INFO - DONE RAV HEN DIZINGOF
2024-05-23 02:43:05,647 - cinemas.rav_hen - INFO - STARTED RAV HEN MODIIN
2024-05-23 02:43:06,087 - cinemas.rav_hen - INFO - DONE RAV HEN MODIIN
2024-05-23 02:43:06,087 - cinemas.rav_hen - INFO - STARTED RAV HEN KIRYAT_ONO
2024-05-23 02:43:06,621 - cinemas.rav_hen - INFO - DONE RAV HEN KIRYAT_ONO
2024-05-23 02:43:06,621 - cinemas.rav_hen - INFO - DONE RAV HEN
2024-05-23 02:43:06,621 - cinemas.rav_hen - INFO - STARTED RAV HEN
2024-05-23 02:43:06,621 - cinemas.rav_hen - INFO - STARTED RAV HEN GIVATAIM
2024-05-23 02:43:06,642 - cinemas.rav_hen - INFO - DONE RAV HEN GIVATAIM
2024-05-23 02:43:06,642 - cinemas.rav_hen - INFO - STARTED RAV HEN DIZINGOF
2024-05-23 02:43:06,661 - cinemas.rav_hen - INFO - DONE RAV HEN DIZINGOF
2024-05-23 02:43:06,661 - cinemas.rav_hen - INFO - STARTED RAV HEN MODIIN
2024-05-23 02:43:06,683 - cinemas.rav_hen - INFO - DONE RAV HEN MODIIN
2024-05-23 02:43:06,683 - cinemas.rav_hen - INFO - STARTED RAV HEN KIRYAT_ONO
2024-05-23 02:43:06,704 - cinemas.rav_hen - INFO - DONE RAV HEN KIRYAT_ONO
2024-05-23 02:43:06,704 - cinemas.rav_hen - INFO - DONE RAV HEN
2024-05-23 02:43:06,704 - cinemas.hot_cinema - INFO - STARTED HOT CINEMA
2024-05-23 02:43:06,704 - cinemas.hot_cinema - INFO - STARTED HOT CINEMA MODIIN
2024-05-23 02:43:06,875 - cinemas.hot_cinema - INFO - DONE HOT CINEMA MODIIN
2024-05-23 02:43:06,875 - cinemas.hot_cinema - INFO - STARTED HOT CINEMA KIRYON
2024-05-23 02:43:07,600 - cinemas.hot_cinema - INFO - DONE HOT CINEMA KIRYON
2024-05-23 02:43:07,600 - cinemas.hot_cinema - INFO - STARTED HOT CINEMA KFAR_SABBA
2024-05-23 02:43:07,774 - cinemas.hot_cinema - INFO - DONE HOT CINEMA KFAR_SABBA
2024-05-23 02:43:07,774 - cinemas.hot_cinema - INFO - STARTED HOT CINEMA HAIFA
2024-05-23 02:43:07,948 - cinemas.hot_cinema - INFO - DONE HOT CINEMA HAIFA
2024-05-23 02:43:07,948 - cinemas.hot_cinema - INFO - STARTED HOT CINEMA PETACH_TIKVA
2024-05-23 02:43:08,119 - cinemas.hot_cinema - INFO - DONE HOT CINEMA PETACH_TIKVA
2024-05-23 02:43:08,119 - cinemas.hot_cinema - INFO - STARTED HOT CINEMA RECHOVOT
2024-05-23 02:43:08,289 - cinemas.hot_cinema - INFO - DONE HOT CINEMA RECHOVOT
2024-05-23 02:43:08,289 - cinemas.hot_cinema - INFO - STARTED HOT CINEMA ASHKELON
2024-05-23 02:43:08,460 - cinemas.hot_cinema - INFO - DONE HOT CINEMA ASHKELON
2024-05-23 02:43:08,460 - cinemas.hot_cinema - INFO - STARTED HOT CINEMA KARMIEL
2024-05-23 02:43:08,631 - cinemas.hot_cinema - INFO - DONE HOT CINEMA KARMIEL
2024-05-23 02:43:08,631 - cinemas.hot_cinema - INFO - STARTED HOT CINEMA NAHARIA
2024-05-23 02:43:08,800 - cinemas.hot_cinema - INFO - DONE HOT CINEMA NAHARIA
2024-05-23 02:43:08,800 - cinemas.hot_cinema - INFO - STARTED HOT CINEMA ASHDOD
2024-05-23 02:43:08,970 - cinemas.hot_cinema - INFO - DONE HOT CINEMA ASHDOD
2024-05-23 02:43:08,970 - cinemas.hot_cinema - INFO - DONE HOT CINEMA
2024-05-23 02:43:08,970 - cinemas.hot_cinema - INFO - STARTED HOT CINEMA
2024-05-23 02:43:08,970 - cinemas.hot_cinema - INFO - STARTED HOT CINEMA MODIIN
2024-05-23 02:43:09,142 - cinemas.hot_cinema - INFO - DONE HOT CINEMA MODIIN
2024-05-23 02:43:09,142 - cinemas.hot_cinema - INFO - STARTED HOT CINEMA KIRYON
2024-05-23 02:43:09,315 - cinemas.hot_cinema - INFO - DONE HOT CINEMA KIRYON
2024-05-23 02:43:09,315 - cinemas.hot_cinema - INFO - STARTED HOT CINEMA KFAR_SABBA
2024-05-23 02:43:09,488 - cinemas.hot_cinema - INFO - DONE HOT CINEMA KFAR_SABBA
2024-05-23 02:43:09,488 - cinemas.hot_cinema - INFO - STARTED HOT CINEMA HAIFA
2024-05-23 02:43:09,662 - cinemas.hot_cinema - INFO - DONE HOT CINEMA HAIFA
2024-05-23 02:43:09,662 - cinemas.hot_cinema - INFO - STARTED HOT CINEMA PETACH_TIKVA
2024-05-23 02:43:09,833 - cinemas.hot_cinema - INFO - DONE HOT CINEMA PETACH_TIKVA
2024-05-23 02:43:09,833 - cinemas.hot_cinema - INFO - STARTED HOT CINEMA RECHOVOT
2024-05-23 02:43:10,003 - cinemas.hot_cinema - INFO - DONE HOT CINEMA RECHOVOT
2024-05-23 02:43:10,004 - cinemas.hot_cinema - INFO - STARTED HOT CINEMA ASHKELON
2024-05-23 02:43:10,176 - cinemas.hot_cinema - INFO - DONE HOT CINEMA ASHKELON
2024-05-23 02:43:10,176 - cinemas.hot_cinema - INFO - STARTED HOT CINEMA KARMIEL
2024-05-23 02:43:10,346 - cinemas.hot_cinema - INFO - DONE HOT CINEMA KARMIEL
2024-05-23 02:43:10,347 - cinemas.hot_cinema - INFO - STARTED HOT CINEMA NAHARIA
2024-05-23 02:43:10,517 - cinemas.hot_cinema - INFO - DONE HOT CINEMA NAHARIA
2024-05-23 02:43:10,517 - cinemas.hot_cinema - INFO - STARTED HOT CINEMA ASHDOD
2024-05-23 02:43:10,699 - cinemas.hot_cinema - INFO - DONE HOT CINEMA ASHDOD
2024-05-23 02:43:10,699 - cinemas.hot_cinema - INFO - DONE HOT CINEMA
2024-05-23 02:43:10,699 - cinemas.cinema_city - INFO - STARTED CINEMA CITY
2024-05-23 02:43:10,699 - cinemas.cinema_city - INFO - STARTED CINEMA CITY GLILOT
2024-05-23 02:43:11,422 - cinemas.cinema_city - INFO - DONE CINEMA CITY GLILOT
2024-05-23 02:43:11,422 - cinemas.cinema_city - INFO - STARTED CINEMA CITY RISHON
2024-05-23 02:43:12,137 - cinemas.cinema_city - INFO - DONE CINEMA CITY RISHON
2024-05-23 02:43:12,138 - cinemas.cinema_city - INFO - STARTED CINEMA CITY JERUSALEM
2024-05-23 02:43:13,318 - cinemas.cinema_city - INFO - DONE CINEMA CITY JERUSALEM
2024-05-23 02:43:13,318 - cinemas.cinema_city - INFO - STARTED CINEMA CITY KFAR_SABBA
2024-05-23 02:43:14,071 - cinemas.cinema_city - INFO - DONE CINEMA CITY KFAR_SABBA
2024-05-23 02:43:14,072 - cinemas.cinema_city - INFO - STARTED CINEMA CITY NATANIA
2024-05-23 02:43:15,030 - cinemas.cinema_city - INFO - DONE CINEMA CITY NATANIA
2024-05-23 02:43:15,030 - cinemas.cinema_city - INFO - STARTED CINEMA CITY BEER_SHEVA
2024-05-23 02:43:15,575 - cinemas.cinema_city - INFO - DONE CINEMA CITY BEER_SHEVA
2024-05-23 02:43:15,575 - cinemas.cinema_city - INFO - STARTED CINEMA CITY HADERA
2024-05-23 02:43:16,125 - cinemas.cinema_city - INFO - DONE CINEMA CITY HADERA
2024-05-23 02:43:16,125 - cinemas.cinema_city - INFO - STARTED CINEMA CITY ASHDOD
2024-05-23 02:43:16,880 - cinemas.cinema_city - INFO - DONE CINEMA CITY ASHDOD
2024-05-23 02:43:16,880 - cinemas.cinema_city - INFO - DONE CINEMA CITY
2024-05-23 02:43:16,880 - cinemas.cinema_city - INFO - STARTED CINEMA CITY
2024-05-23 02:43:16,880 - cinemas.cinema_city - INFO - STARTED CINEMA CITY GLILOT
2024-05-23 02:43:17,424 - cinemas.cinema_city - INFO - DONE CINEMA CITY GLILOT
2024-05-23 02:43:17,425 - cinemas.cinema_city - INFO - STARTED CINEMA CITY RISHON
2024-05-23 02:43:17,966 - cinemas.cinema_city - INFO - DONE CINEMA CITY RISHON
2024-05-23 02:43:17,966 - cinemas.cinema_city - INFO - STARTED CINEMA CITY JERUSALEM
2024-05-23 02:43:18,503 - cinemas.cinema_city - INFO - DONE CINEMA CITY JERUSALEM
2024-05-23 02:43:18,504 - cinemas.cinema_city - INFO - STARTED CINEMA CITY KFAR_SABBA
2024-05-23 02:43:19,045 - cinemas.cinema_city - INFO - DONE CINEMA CITY KFAR_SABBA
2024-05-23 02:43:19,045 - cinemas.cinema_city - INFO - STARTED CINEMA CITY NATANIA
2024-05-23 02:43:19,602 - cinemas.cinema_city - INFO - DONE CINEMA CITY NATANIA
2024-05-23 02:43:19,602 - cinemas.cinema_city - INFO - STARTED CINEMA CITY BEER_SHEVA
2024-05-23 02:43:20,140 - cinemas.cinema_city - INFO - DONE CINEMA CITY BEER_SHEVA
2024-05-23 02:43:20,141 - cinemas.cinema_city - INFO - STARTED CINEMA CITY HADERA
2024-05-23 02:43:20,693 - cinemas.cinema_city - INFO - DONE CINEMA CITY HADERA
2024-05-23 02:43:20,693 - cinemas.cinema_city - INFO - STARTED CINEMA CITY ASHDOD
2024-05-23 02:43:21,241 - cinemas.cinema_city - INFO - DONE CINEMA CITY ASHDOD
2024-05-23 02:43:21,241 - cinemas.cinema_city - INFO - DONE CINEMA CITY
2024-05-23 02:43:21,241 - cinemas.lev - INFO - STARTED LEV
2024-05-23 02:43:22,726 - proxy - INFO - Proxy: {'YourFuckingIPAddress': '45.150.108.125', 'YourFuckingLocation': 'Tel Aviv, TA, Israel', 'YourFuckingHostname': '45.150.108.125', 'YourFuckingISP': 'BlueVPS OU', 'YourFuckingTorExit': False, 'YourFuckingCity': 'Tel Aviv', 'YourFuckingCountry': 'Israel', 'YourFuckingCountryCode': 'IL'}
2024-05-23 02:43:22,726 - cinemas.lev - INFO - STARTED LEV TEL_AVIV
2024-05-23 02:43:23,194 - cinemas.lev - INFO - DONE LEV TEL_AVIV
2024-05-23 02:43:23,194 - cinemas.lev - INFO - STARTED LEV RAMAT_HASHARON
2024-05-23 02:43:23,695 - cinemas.lev - INFO - DONE LEV RAMAT_HASHARON
2024-05-23 02:43:23,695 - cinemas.lev - INFO - STARTED LEV MANDARIN
2024-05-23 02:43:24,200 - cinemas.lev - INFO - DONE LEV MANDARIN
2024-05-23 02:43:24,200 - cinemas.lev - INFO - STARTED LEV EVEN_YEHUDA
2024-05-23 02:43:24,706 - cinemas.lev - INFO - DONE LEV EVEN_YEHUDA
2024-05-23 02:43:24,706 - cinemas.lev - INFO - STARTED LEV SMADAR
2024-05-23 02:43:25,222 - cinemas.lev - INFO - DONE LEV SMADAR
2024-05-23 02:43:25,222 - cinemas.lev - INFO - STARTED LEV RAANANA
2024-05-23 02:43:25,839 - cinemas.lev - INFO - DONE LEV RAANANA
2024-05-23 02:43:25,839 - cinemas.lev - INFO - STARTED LEV OMER
2024-05-23 02:43:26,414 - cinemas.lev - INFO - DONE LEV OMER
2024-05-23 02:43:26,414 - cinemas.lev - INFO - STARTED LEV SHOHAM
2024-05-23 02:43:27,021 - cinemas.lev - INFO - DONE LEV SHOHAM
2024-05-23 02:43:27,022 - cinemas.lev - INFO - STARTED LEV DANIEL
2024-05-23 02:43:27,629 - cinemas.lev - INFO - DONE LEV DANIEL
2024-05-23 02:43:27,629 - proxy - INFO - Proxy removed
2024-05-23 02:43:27,630 - cinemas.lev - INFO - DONE LEV
2024-05-23 02:43:27,630 - cinemas.lev - INFO - STARTED LEV
2024-05-23 02:43:28,202 - proxy - INFO - Proxy: {'YourFuckingIPAddress': '45.150.108.125', 'YourFuckingLocation': 'Tel Aviv, TA, Israel', 'YourFuckingHostname': '45.150.108.125', 'YourFuckingISP': 'BlueVPS OU', 'YourFuckingTorExit': False, 'YourFuckingCity': 'Tel Aviv', 'YourFuckingCountry': 'Israel', 'YourFuckingCountryCode': 'IL'}
2024-05-23 02:43:28,202 - cinemas.lev - INFO - STARTED LEV TEL_AVIV
2024-05-23 02:43:28,847 - cinemas.lev - INFO - DONE LEV TEL_AVIV
2024-05-23 02:43:28,847 - cinemas.lev - INFO - STARTED LEV RAMAT_HASHARON
2024-05-23 02:43:29,526 - cinemas.lev - INFO - DONE LEV RAMAT_HASHARON
2024-05-23 02:43:29,526 - cinemas.lev - INFO - STARTED LEV MANDARIN
2024-05-23 02:43:30,167 - cinemas.lev - INFO - DONE LEV MANDARIN
2024-05-23 02:43:30,167 - cinemas.lev - INFO - STARTED LEV EVEN_YEHUDA
2024-05-23 02:43:30,764 - cinemas.lev - INFO - DONE LEV EVEN_YEHUDA
2024-05-23 02:43:30,765 - cinemas.lev - INFO - STARTED LEV SMADAR
2024-05-23 02:43:31,262 - cinemas.lev - INFO - DONE LEV SMADAR
2024-05-23 02:43:31,262 - cinemas.lev - INFO - STARTED LEV RAANANA
2024-05-23 02:43:31,862 - cinemas.lev - INFO - DONE LEV RAANANA
2024-05-23 02:43:31,862 - cinemas.lev - INFO - STARTED LEV OMER
2024-05-23 02:43:32,502 - cinemas.lev - INFO - DONE LEV OMER
2024-05-23 02:43:32,502 - cinemas.lev - INFO - STARTED LEV SHOHAM
2024-05-23 02:43:33,102 - cinemas.lev - INFO - DONE LEV SHOHAM
2024-05-23 02:43:33,102 - cinemas.lev - INFO - STARTED LEV DANIEL
2024-05-23 02:43:33,603 - cinemas.lev - INFO - DONE LEV DANIEL
2024-05-23 02:43:33,603 - proxy - INFO - Proxy removed
2024-05-23 02:43:33,603 - cinemas.lev - INFO - DONE LEV
2024-05-23 02:43:33,603 - cinemas.movieland - INFO - STARTED Movie Land
2024-05-23 02:43:33,603 - cinemas.movieland - INFO - STARTED Movie Land CARMIEL
2024-05-23 02:43:33,604 - cinemas.movieland - INFO - DONE Movie Land CARMIEL
2024-05-23 02:43:33,604 - cinemas.movieland - INFO - STARTED Movie Land HAIFA
2024-05-23 02:43:33,604 - cinemas.movieland - INFO - DONE Movie Land HAIFA
2024-05-23 02:43:33,604 - cinemas.movieland - INFO - STARTED Movie Land NATANYA
2024-05-23 02:43:33,861 - cinemas.movieland - INFO - DONE Movie Land NATANYA
2024-05-23 02:43:33,862 - cinemas.movieland - INFO - DONE Movie Land
2024-05-23 02:43:33,862 - cinemas.movieland - INFO - STARTED Movie Land
2024-05-23 02:43:33,862 - cinemas.movieland - INFO - STARTED Movie Land CARMIEL
2024-05-23 02:43:33,862 - cinemas.movieland - INFO - DONE Movie Land CARMIEL
2024-05-23 02:43:33,862 - cinemas.movieland - INFO - STARTED Movie Land HAIFA
2024-05-23 02:43:33,863 - cinemas.movieland - INFO - DONE Movie Land HAIFA
2024-05-23 02:43:33,863 - cinemas.movieland - INFO - STARTED Movie Land NATANYA
2024-05-23 02:43:33,863 - cinemas.movieland - INFO - DONE Movie Land NATANYA
2024-05-23 02:43:33,863 - cinemas.movieland - INFO - DONE Movie Land
2024-05-23 02:43:33,863 - root - INFO - ********************
2024-05-23 02:43:33,863 - root - INFO - started checking for:27-05-2024
2024-05-23 02:43:33,864 - cinemas.yes_planet - INFO - STARTED YES PLANET
2024-05-23 02:43:33,864 - cinemas.yes_planet - INFO - STARTED YES PLANET RISHON
2024-05-23 02:43:34,613 - cinemas.yes_planet - INFO - DONE YES PLANET RISHON
2024-05-23 02:43:34,613 - cinemas.yes_planet - INFO - STARTED YES PLANET AYALON
2024-05-23 02:43:35,296 - cinemas.yes_planet - INFO - DONE YES PLANET AYALON
2024-05-23 02:43:35,296 - cinemas.yes_planet - INFO - STARTED YES PLANET ZICHRON
2024-05-23 02:43:35,958 - cinemas.yes_planet - INFO - DONE YES PLANET ZICHRON
2024-05-23 02:43:35,958 - cinemas.yes_planet - INFO - STARTED YES PLANET HAIFA
2024-05-23 02:43:36,609 - cinemas.yes_planet - INFO - DONE YES PLANET HAIFA
2024-05-23 02:43:36,609 - cinemas.yes_planet - INFO - STARTED YES PLANET JERUSALEM
2024-05-23 02:43:37,328 - cinemas.yes_planet - INFO - DONE YES PLANET JERUSALEM
2024-05-23 02:43:37,328 - cinemas.yes_planet - INFO - STARTED YES PLANET BEER_SHEVA
2024-05-23 02:43:37,987 - cinemas.yes_planet - INFO - DONE YES PLANET BEER_SHEVA
2024-05-23 02:43:37,987 - cinemas.yes_planet - INFO - DONE YES PLANET
2024-05-23 02:43:37,988 - cinemas.yes_planet - INFO - STARTED YES PLANET
2024-05-23 02:43:37,988 - cinemas.yes_planet - INFO - STARTED YES PLANET RISHON
2024-05-23 02:43:38,013 - cinemas.yes_planet - INFO - DONE YES PLANET RISHON
2024-05-23 02:43:38,013 - cinemas.yes_planet - INFO - STARTED YES PLANET AYALON
2024-05-23 02:43:38,043 - cinemas.yes_planet - INFO - DONE YES PLANET AYALON
2024-05-23 02:43:38,043 - cinemas.yes_planet - INFO - STARTED YES PLANET ZICHRON
2024-05-23 02:43:38,069 - cinemas.yes_planet - INFO - DONE YES PLANET ZICHRON
2024-05-23 02:43:38,070 - cinemas.yes_planet - INFO - STARTED YES PLANET HAIFA
2024-05-23 02:43:38,097 - cinemas.yes_planet - INFO - DONE YES PLANET HAIFA
2024-05-23 02:43:38,097 - cinemas.yes_planet - INFO - STARTED YES PLANET JERUSALEM
2024-05-23 02:43:38,129 - cinemas.yes_planet - INFO - DONE YES PLANET JERUSALEM
2024-05-23 02:43:38,129 - cinemas.yes_planet - INFO - STARTED YES PLANET BEER_SHEVA
2024-05-23 02:43:38,156 - cinemas.yes_planet - INFO - DONE YES PLANET BEER_SHEVA
2024-05-23 02:43:38,156 - cinemas.yes_planet - INFO - DONE YES PLANET
2024-05-23 02:43:38,156 - cinemas.rav_hen - INFO - STARTED RAV HEN
2024-05-23 02:43:38,156 - cinemas.rav_hen - INFO - STARTED RAV HEN GIVATAIM
2024-05-23 02:43:38,743 - cinemas.rav_hen - INFO - DONE RAV HEN GIVATAIM
2024-05-23 02:43:38,743 - cinemas.rav_hen - INFO - STARTED RAV HEN DIZINGOF
2024-05-23 02:43:39,183 - cinemas.rav_hen - INFO - DONE RAV HEN DIZINGOF
2024-05-23 02:43:39,183 - cinemas.rav_hen - INFO - STARTED RAV HEN MODIIN
2024-05-23 02:43:39,686 - cinemas.rav_hen - INFO - DONE RAV HEN MODIIN
2024-05-23 02:43:39,686 - cinemas.rav_hen - INFO - STARTED RAV HEN KIRYAT_ONO
2024-05-23 02:43:40,233 - cinemas.rav_hen - INFO - DONE RAV HEN KIRYAT_ONO
2024-05-23 02:43:40,233 - cinemas.rav_hen - INFO - DONE RAV HEN
2024-05-23 02:43:40,233 - cinemas.rav_hen - INFO - STARTED RAV HEN
2024-05-23 02:43:40,233 - cinemas.rav_hen - INFO - STARTED RAV HEN GIVATAIM
2024-05-23 02:43:40,255 - cinemas.rav_hen - INFO - DONE RAV HEN GIVATAIM
2024-05-23 02:43:40,255 - cinemas.rav_hen - INFO - STARTED RAV HEN DIZINGOF
2024-05-23 02:43:40,274 - cinemas.rav_hen - INFO - DONE RAV HEN DIZINGOF
2024-05-23 02:43:40,275 - cinemas.rav_hen - INFO - STARTED RAV HEN MODIIN
2024-05-23 02:43:40,294 - cinemas.rav_hen - INFO - DONE RAV HEN MODIIN
2024-05-23 02:43:40,294 - cinemas.rav_hen - INFO - STARTED RAV HEN KIRYAT_ONO
2024-05-23 02:43:40,315 - cinemas.rav_hen - INFO - DONE RAV HEN KIRYAT_ONO
2024-05-23 02:43:40,315 - cinemas.rav_hen - INFO - DONE RAV HEN
2024-05-23 02:43:40,315 - cinemas.hot_cinema - INFO - STARTED HOT CINEMA
2024-05-23 02:43:40,315 - cinemas.hot_cinema - INFO - STARTED HOT CINEMA MODIIN
2024-05-23 02:43:40,487 - cinemas.hot_cinema - INFO - DONE HOT CINEMA MODIIN
2024-05-23 02:43:40,487 - cinemas.hot_cinema - INFO - STARTED HOT CINEMA KIRYON
2024-05-23 02:43:40,662 - cinemas.hot_cinema - INFO - DONE HOT CINEMA KIRYON
2024-05-23 02:43:40,662 - cinemas.hot_cinema - INFO - STARTED HOT CINEMA KFAR_SABBA
2024-05-23 02:43:41,377 - cinemas.hot_cinema - INFO - DONE HOT CINEMA KFAR_SABBA
2024-05-23 02:43:41,377 - cinemas.hot_cinema - INFO - STARTED HOT CINEMA HAIFA
2024-05-23 02:43:42,107 - cinemas.hot_cinema - INFO - DONE HOT CINEMA HAIFA
2024-05-23 02:43:42,107 - cinemas.hot_cinema - INFO - STARTED HOT CINEMA PETACH_TIKVA
2024-05-23 02:43:42,280 - cinemas.hot_cinema - INFO - DONE HOT CINEMA PETACH_TIKVA
2024-05-23 02:43:42,280 - cinemas.hot_cinema - INFO - STARTED HOT CINEMA RECHOVOT
2024-05-23 02:43:42,452 - cinemas.hot_cinema - INFO - DONE HOT CINEMA RECHOVOT
2024-05-23 02:43:42,452 - cinemas.hot_cinema - INFO - STARTED HOT CINEMA ASHKELON
2024-05-23 02:43:42,625 - cinemas.hot_cinema - INFO - DONE HOT CINEMA ASHKELON
2024-05-23 02:43:42,626 - cinemas.hot_cinema - INFO - STARTED HOT CINEMA KARMIEL
2024-05-23 02:43:42,796 - cinemas.hot_cinema - INFO - DONE HOT CINEMA KARMIEL
2024-05-23 02:43:42,796 - cinemas.hot_cinema - INFO - STARTED HOT CINEMA NAHARIA
2024-05-23 02:43:42,966 - cinemas.hot_cinema - INFO - DONE HOT CINEMA NAHARIA
2024-05-23 02:43:42,966 - cinemas.hot_cinema - INFO - STARTED HOT CINEMA ASHDOD
2024-05-23 02:43:43,137 - cinemas.hot_cinema - INFO - DONE HOT CINEMA ASHDOD
2024-05-23 02:43:43,137 - cinemas.hot_cinema - INFO - DONE HOT CINEMA
2024-05-23 02:43:43,137 - cinemas.hot_cinema - INFO - STARTED HOT CINEMA
2024-05-23 02:43:43,137 - cinemas.hot_cinema - INFO - STARTED HOT CINEMA MODIIN
2024-05-23 02:43:43,310 - cinemas.hot_cinema - INFO - DONE HOT CINEMA MODIIN
2024-05-23 02:43:43,310 - cinemas.hot_cinema - INFO - STARTED HOT CINEMA KIRYON
2024-05-23 02:43:43,484 - cinemas.hot_cinema - INFO - DONE HOT CINEMA KIRYON
2024-05-23 02:43:43,484 - cinemas.hot_cinema - INFO - STARTED HOT CINEMA KFAR_SABBA
2024-05-23 02:43:43,665 - cinemas.hot_cinema - INFO - DONE HOT CINEMA KFAR_SABBA
2024-05-23 02:43:43,665 - cinemas.hot_cinema - INFO - STARTED HOT CINEMA HAIFA
2024-05-23 02:43:43,841 - cinemas.hot_cinema - INFO - DONE HOT CINEMA HAIFA
2024-05-23 02:43:43,841 - cinemas.hot_cinema - INFO - STARTED HOT CINEMA PETACH_TIKVA
2024-05-23 02:43:44,015 - cinemas.hot_cinema - INFO - DONE HOT CINEMA PETACH_TIKVA
2024-05-23 02:43:44,015 - cinemas.hot_cinema - INFO - STARTED HOT CINEMA RECHOVOT
2024-05-23 02:43:44,194 - cinemas.hot_cinema - INFO - DONE HOT CINEMA RECHOVOT
2024-05-23 02:43:44,194 - cinemas.hot_cinema - INFO - STARTED HOT CINEMA ASHKELON
2024-05-23 02:43:44,368 - cinemas.hot_cinema - INFO - DONE HOT CINEMA ASHKELON
2024-05-23 02:43:44,368 - cinemas.hot_cinema - INFO - STARTED HOT CINEMA KARMIEL
2024-05-23 02:43:44,540 - cinemas.hot_cinema - INFO - DONE HOT CINEMA KARMIEL
2024-05-23 02:43:44,540 - cinemas.hot_cinema - INFO - STARTED HOT CINEMA NAHARIA
2024-05-23 02:43:44,711 - cinemas.hot_cinema - INFO - DONE HOT CINEMA NAHARIA
2024-05-23 02:43:44,711 - cinemas.hot_cinema - INFO - STARTED HOT CINEMA ASHDOD
2024-05-23 02:43:44,882 - cinemas.hot_cinema - INFO - DONE HOT CINEMA ASHDOD
2024-05-23 02:43:44,882 - cinemas.hot_cinema - INFO - DONE HOT CINEMA
2024-05-23 02:43:44,882 - cinemas.cinema_city - INFO - STARTED CINEMA CITY
2024-05-23 02:43:44,882 - cinemas.cinema_city - INFO - STARTED CINEMA CITY GLILOT
2024-05-23 02:43:45,620 - cinemas.cinema_city - INFO - DONE CINEMA CITY GLILOT
2024-05-23 02:43:45,620 - cinemas.cinema_city - INFO - STARTED CINEMA CITY RISHON
2024-05-23 02:43:46,329 - cinemas.cinema_city - INFO - DONE CINEMA CITY RISHON
2024-05-23 02:43:46,329 - cinemas.cinema_city - INFO - STARTED CINEMA CITY JERUSALEM
2024-05-23 02:43:46,882 - cinemas.cinema_city - INFO - DONE CINEMA CITY JERUSALEM
2024-05-23 02:43:46,882 - cinemas.cinema_city - INFO - STARTED CINEMA CITY KFAR_SABBA
2024-05-23 02:43:47,633 - cinemas.cinema_city - INFO - DONE CINEMA CITY KFAR_SABBA
2024-05-23 02:43:47,633 - cinemas.cinema_city - INFO - STARTED CINEMA CITY NATANIA
2024-05-23 02:43:48,176 - cinemas.cinema_city - INFO - DONE CINEMA CITY NATANIA
2024-05-23 02:43:48,176 - cinemas.cinema_city - INFO - STARTED CINEMA CITY BEER_SHEVA
2024-05-23 02:43:48,724 - cinemas.cinema_city - INFO - DONE CINEMA CITY BEER_SHEVA
2024-05-23 02:43:48,724 - cinemas.cinema_city - INFO - STARTED CINEMA CITY HADERA
2024-05-23 02:43:49,273 - cinemas.cinema_city - INFO - DONE CINEMA CITY HADERA
2024-05-23 02:43:49,273 - cinemas.cinema_city - INFO - STARTED CINEMA CITY ASHDOD
2024-05-23 02:43:49,992 - cinemas.cinema_city - INFO - DONE CINEMA CITY ASHDOD
2024-05-23 02:43:49,992 - cinemas.cinema_city - INFO - DONE CINEMA CITY
2024-05-23 02:43:49,993 - cinemas.cinema_city - INFO - STARTED CINEMA CITY
2024-05-23 02:43:49,993 - cinemas.cinema_city - INFO - STARTED CINEMA CITY GLILOT
2024-05-23 02:43:50,537 - cinemas.cinema_city - INFO - DONE CINEMA CITY GLILOT
2024-05-23 02:43:50,537 - cinemas.cinema_city - INFO - STARTED CINEMA CITY RISHON
2024-05-23 02:43:51,241 - cinemas.cinema_city - INFO - DONE CINEMA CITY RISHON
2024-05-23 02:43:51,241 - cinemas.cinema_city - INFO - STARTED CINEMA CITY JERUSALEM
2024-05-23 02:43:51,774 - cinemas.cinema_city - INFO - DONE CINEMA CITY JERUSALEM
2024-05-23 02:43:51,774 - cinemas.cinema_city - INFO - STARTED CINEMA CITY KFAR_SABBA
2024-05-23 02:43:52,310 - cinemas.cinema_city - INFO - DONE CINEMA CITY KFAR_SABBA
2024-05-23 02:43:52,310 - cinemas.cinema_city - INFO - STARTED CINEMA CITY NATANIA
2024-05-23 02:43:52,849 - cinemas.cinema_city - INFO - DONE CINEMA CITY NATANIA
2024-05-23 02:43:52,849 - cinemas.cinema_city - INFO - STARTED CINEMA CITY BEER_SHEVA
2024-05-23 02:43:53,384 - cinemas.cinema_city - INFO - DONE CINEMA CITY BEER_SHEVA
2024-05-23 02:43:53,384 - cinemas.cinema_city - INFO - STARTED CINEMA CITY HADERA
2024-05-23 02:43:53,930 - cinemas.cinema_city - INFO - DONE CINEMA CITY HADERA
2024-05-23 02:43:53,930 - cinemas.cinema_city - INFO - STARTED CINEMA CITY ASHDOD
2024-05-23 02:43:54,685 - cinemas.cinema_city - INFO - DONE CINEMA CITY ASHDOD
2024-05-23 02:43:54,685 - cinemas.cinema_city - INFO - DONE CINEMA CITY
2024-05-23 02:43:54,685 - cinemas.lev - INFO - STARTED LEV
2024-05-23 02:43:56,167 - proxy - INFO - Proxy: {'YourFuckingIPAddress': '45.150.108.125', 'YourFuckingLocation': 'Tel Aviv, TA, Israel', 'YourFuckingHostname': '45.150.108.125', 'YourFuckingISP': 'BlueVPS OU', 'YourFuckingTorExit': False, 'YourFuckingCity': 'Tel Aviv', 'YourFuckingCountry': 'Israel', 'YourFuckingCountryCode': 'IL'}
2024-05-23 02:43:56,167 - cinemas.lev - INFO - STARTED LEV TEL_AVIV
2024-05-23 02:43:56,628 - cinemas.lev - INFO - DONE LEV TEL_AVIV
2024-05-23 02:43:56,628 - cinemas.lev - INFO - STARTED LEV RAMAT_HASHARON
2024-05-23 02:43:57,303 - cinemas.lev - INFO - DONE LEV RAMAT_HASHARON
2024-05-23 02:43:57,303 - cinemas.lev - INFO - STARTED LEV MANDARIN
2024-05-23 02:43:57,942 - cinemas.lev - INFO - DONE LEV MANDARIN
2024-05-23 02:43:57,942 - cinemas.lev - INFO - STARTED LEV EVEN_YEHUDA
2024-05-23 02:43:58,537 - cinemas.lev - INFO - DONE LEV EVEN_YEHUDA
2024-05-23 02:43:58,537 - cinemas.lev - INFO - STARTED LEV SMADAR
2024-05-23 02:43:59,034 - cinemas.lev - INFO - DONE LEV SMADAR
2024-05-23 02:43:59,034 - cinemas.lev - INFO - STARTED LEV RAANANA
2024-05-23 02:43:59,630 - cinemas.lev - INFO - DONE LEV RAANANA
2024-05-23 02:43:59,630 - cinemas.lev - INFO - STARTED LEV OMER
2024-05-23 02:44:00,266 - cinemas.lev - INFO - DONE LEV OMER
2024-05-23 02:44:00,266 - cinemas.lev - INFO - STARTED LEV SHOHAM
2024-05-23 02:44:00,863 - cinemas.lev - INFO - DONE LEV SHOHAM
2024-05-23 02:44:00,863 - cinemas.lev - INFO - STARTED LEV DANIEL
2024-05-23 02:44:01,330 - cinemas.lev - INFO - DONE LEV DANIEL
2024-05-23 02:44:01,330 - proxy - INFO - Proxy removed
2024-05-23 02:44:01,330 - cinemas.lev - INFO - DONE LEV
2024-05-23 02:44:01,330 - cinemas.lev - INFO - STARTED LEV
2024-05-23 02:44:01,798 - proxy - INFO - Proxy: {'YourFuckingIPAddress': '45.150.108.125', 'YourFuckingLocation': 'Tel Aviv, TA, Israel', 'YourFuckingHostname': '45.150.108.125', 'YourFuckingISP': 'BlueVPS OU', 'YourFuckingTorExit': False, 'YourFuckingCity': 'Tel Aviv', 'YourFuckingCountry': 'Israel', 'YourFuckingCountryCode': 'IL'}
2024-05-23 02:44:01,798 - cinemas.lev - INFO - STARTED LEV TEL_AVIV
2024-05-23 02:44:02,336 - cinemas.lev - INFO - DONE LEV TEL_AVIV
2024-05-23 02:44:02,336 - cinemas.lev - INFO - STARTED LEV RAMAT_HASHARON
2024-05-23 02:44:02,854 - cinemas.lev - INFO - DONE LEV RAMAT_HASHARON
2024-05-23 02:44:02,854 - cinemas.lev - INFO - STARTED LEV MANDARIN
2024-05-23 02:44:03,495 - cinemas.lev - INFO - DONE LEV MANDARIN
2024-05-23 02:44:03,495 - cinemas.lev - INFO - STARTED LEV EVEN_YEHUDA
2024-05-23 02:44:04,091 - cinemas.lev - INFO - DONE LEV EVEN_YEHUDA
2024-05-23 02:44:04,091 - cinemas.lev - INFO - STARTED LEV SMADAR
2024-05-23 02:44:04,586 - cinemas.lev - INFO - DONE LEV SMADAR
2024-05-23 02:44:04,586 - cinemas.lev - INFO - STARTED LEV RAANANA
2024-05-23 02:44:05,183 - cinemas.lev - INFO - DONE LEV RAANANA
2024-05-23 02:44:05,183 - cinemas.lev - INFO - STARTED LEV OMER
2024-05-23 02:44:05,818 - cinemas.lev - INFO - DONE LEV OMER
2024-05-23 02:44:05,818 - cinemas.lev - INFO - STARTED LEV SHOHAM
2024-05-23 02:44:06,419 - cinemas.lev - INFO - DONE LEV SHOHAM
2024-05-23 02:44:06,419 - cinemas.lev - INFO - STARTED LEV DANIEL
2024-05-23 02:44:06,920 - cinemas.lev - INFO - DONE LEV DANIEL
2024-05-23 02:44:06,920 - proxy - INFO - Proxy removed
2024-05-23 02:44:06,920 - cinemas.lev - INFO - DONE LEV
2024-05-23 02:44:06,920 - cinemas.movieland - INFO - STARTED Movie Land
2024-05-23 02:44:06,920 - cinemas.movieland - INFO - STARTED Movie Land CARMIEL
2024-05-23 02:44:06,921 - cinemas.movieland - INFO - DONE Movie Land CARMIEL
2024-05-23 02:44:06,921 - cinemas.movieland - INFO - STARTED Movie Land HAIFA
2024-05-23 02:44:06,921 - cinemas.movieland - INFO - DONE Movie Land HAIFA
2024-05-23 02:44:06,921 - cinemas.movieland - INFO - STARTED Movie Land NATANYA
2024-05-23 02:44:06,922 - cinemas.movieland - INFO - DONE Movie Land NATANYA
2024-05-23 02:44:06,922 - cinemas.movieland - INFO - DONE Movie Land
2024-05-23 02:44:06,922 - cinemas.movieland - INFO - STARTED Movie Land
2024-05-23 02:44:06,922 - cinemas.movieland - INFO - STARTED Movie Land CARMIEL
2024-05-23 02:44:06,922 - cinemas.movieland - INFO - DONE Movie Land CARMIEL
2024-05-23 02:44:06,922 - cinemas.movieland - INFO - STARTED Movie Land HAIFA
2024-05-23 02:44:06,923 - cinemas.movieland - INFO - DONE Movie Land HAIFA
2024-05-23 02:44:06,923 - cinemas.movieland - INFO - STARTED Movie Land NATANYA
2024-05-23 02:44:06,923 - cinemas.movieland - INFO - DONE Movie Land NATANYA
2024-05-23 02:44:06,923 - cinemas.movieland - INFO - DONE Movie Land
2024-05-23 02:44:10,055 - seret.movie_info_fetchers.composite - INFO - Got info for הכפתן הכחול using ElasticMovieInfoFetcher
2024-05-23 02:44:11,068 - seret.movie_info_fetchers.composite - INFO - Got info for גארפילד using ElasticMovieInfoFetcher
2024-05-23 02:44:15,120 - seret.movie_info_fetchers.search_engines_api.composite - WARNING - Failed to search with google: The result parsing was unsuccessful. It is either your query could not be found or it was flagged as unusual traffic
2024-05-23 02:44:15,259 - seret.movie_info_fetchers.search_engines_api.composite - WARNING - Failed to search with bing: The result parsing was unsuccessful. It is either your query could not be found or it was flagged as unusual traffic
2024-05-23 02:44:15,352 - seret.movie_info_fetchers.search_engines_api.composite - WARNING - Failed to search with duckduckgo: The result parsing was unsuccessful. It is either your query could not be found or it was flagged as unusual traffic
2024-05-23 02:44:15,352 - seret.movie_info_fetchers.composite - WARNING - Failed to get info for Spy × Family Code: White
2024-05-23 02:44:15,352 - seret.info_fetcher - ERROR - Failed to get info for Spy × Family Code: White and Spy × Family Code: White
2024-05-23 02:44:17,338 - seret.movie_info_fetchers.composite - INFO - Got info for פיוריוסה: סאגת מקס הזועם using ElasticMovieInfoFetcher
2024-05-23 02:44:19,004 - seret.movie_info_fetchers.composite - INFO - Got info for כוכב הקופים: ממלכה חדשה using ElasticMovieInfoFetcher
2024-05-23 02:44:20,289 - seret.movie_info_fetchers.composite - INFO - Got info for ציפור לבנה: סיפור פלא using ElasticMovieInfoFetcher
2024-05-23 02:44:21,224 - seret.movie_info_fetchers.composite - INFO - Got info for מכסחי השדים: אימפריה קפואה using ElasticMovieInfoFetcher
2024-05-23 02:44:22,373 - seret.movie_info_fetchers.composite - INFO - Got info for רדיקלי using ElasticMovieInfoFetcher
2024-05-23 02:44:23,398 - seret.movie_info_fetchers.composite - INFO - Got info for גודזילה x קונג: אימפריה חדשה using ElasticMovieInfoFetcher
2024-05-23 02:44:24,696 - seret.movie_info_fetchers.composite - INFO - Got info for הכלב והחתולה המרדף המטורף using ElasticMovieInfoFetcher
2024-05-23 02:44:26,298 - seret.movie_info_fetchers.composite - INFO - Got info for למצוא את הדרך using ElasticMovieInfoFetcher
2024-05-23 02:44:27,506 - seret.movie_info_fetchers.composite - INFO - Got info for סיפור הברווזים using ElasticMovieInfoFetcher
2024-05-23 02:44:28,742 - seret.movie_info_fetchers.composite - INFO - Got info for קונג פו פנדה 4 using ElasticMovieInfoFetcher
2024-05-23 02:44:30,463 - seret.movie_info_fetchers.composite - INFO - Got info for שומרת הדרקונים using ElasticMovieInfoFetcher
2024-05-23 02:44:31,305 - seret.movie_info_fetchers.composite - INFO - Got info for הכפיל using ElasticMovieInfoFetcher
2024-05-23 02:44:32,471 - seret.movie_info_fetchers.composite - INFO - Got info for הקדירה using ElasticMovieInfoFetcher
2024-05-23 02:44:33,746 - seret.movie_info_fetchers.composite - INFO - Got info for סוד החיים הפשוטים using ElasticMovieInfoFetcher
2024-05-23 02:44:35,497 - seret.movie_info_fetchers.composite - INFO - Got info for היט מן using ElasticMovieInfoFetcher
2024-05-23 02:44:37,482 - seret.movie_info_fetchers.composite - INFO - Got info for מתחרים using ElasticMovieInfoFetcher
2024-05-23 02:44:37,958 - seret.movie_raters.composite - WARNING - Failed to get rating for Midlife
2024-05-23 02:44:38,115 - seret.movie_raters.composite - WARNING - Failed to get rating for אמצע החיים
2024-05-23 02:44:38,115 - seret.movie_info_fetchers.composite - INFO - Got info for אמצע החיים using ElasticMovieInfoFetcher
2024-05-23 02:44:39,074 - seret.movie_info_fetchers.composite - INFO - Got info for 57 שניות using ElasticMovieInfoFetcher
2024-05-23 02:44:40,338 - seret.movie_info_fetchers.composite - INFO - Got info for אנטומיה של נפילה using ElasticMovieInfoFetcher
2024-05-23 02:44:42,398 - seret.movie_info_fetchers.composite - INFO - Got info for חלומות מסוכר using ElasticMovieInfoFetcher
2024-05-23 02:44:44,291 - seret.movie_info_fetchers.composite - INFO - Got info for הבריחה הגדולה using ElasticMovieInfoFetcher
2024-05-23 02:44:45,070 - seret.movie_info_fetchers.composite - INFO - Got info for הקרב על אמריקה using ElasticMovieInfoFetcher
2024-05-23 02:44:45,980 - seret.movie_info_fetchers.composite - INFO - Got info for Back to Black using ElasticMovieInfoFetcher
2024-05-23 02:44:47,376 - seret.movie_info_fetchers.composite - INFO - Got info for היחידה ללוחמה לא ג'נטלמנית using ElasticMovieInfoFetcher
2024-05-23 02:44:48,684 - seret.movie_info_fetchers.composite - INFO - Got info for העוקץ הג'נטלמני using ElasticMovieInfoFetcher
2024-05-23 02:44:50,552 - seret.movie_info_fetchers.composite - INFO - Got info for הזרים: חלק 1 using ElasticMovieInfoFetcher
2024-05-23 02:44:52,235 - seret.movie_info_fetchers.composite - INFO - Got info for מלכודת במעמקים using ElasticMovieInfoFetcher
2024-05-23 02:44:53,111 - seret.movie_info_fetchers.composite - INFO - Got info for מתוקה רצח using ElasticMovieInfoFetcher
2024-05-23 02:44:54,956 - seret.movie_info_fetchers.composite - INFO - Got info for קרב אוויר using ElasticMovieInfoFetcher
2024-05-23 02:44:55,995 - seret.movie_info_fetchers.composite - INFO - Got info for טארוט using ElasticMovieInfoFetcher
2024-05-23 02:44:57,951 - seret.movie_info_fetchers.composite - INFO - Got info for אינסטינקט אימהי using ElasticMovieInfoFetcher
2024-05-23 02:44:59,696 - seret.movie_info_fetchers.composite - INFO - Got info for המנצחת using ElasticMovieInfoFetcher
2024-05-23 02:45:00,998 - seret.movie_info_fetchers.composite - INFO - Got info for חולית - חלק 2 using ElasticMovieInfoFetcher
2024-05-23 02:45:02,019 - seret.movie_info_fetchers.composite - INFO - Got info for איש הקוף using ElasticMovieInfoFetcher
2024-05-23 02:45:03,210 - seret.movie_info_fetchers.composite - INFO - Got info for הכוורן using ElasticMovieInfoFetcher
2024-05-23 02:45:04,083 - seret.movie_info_fetchers.composite - INFO - Got info for עצמאי בשטח using ElasticMovieInfoFetcher
2024-05-23 02:45:05,180 - seret.movie_info_fetchers.composite - INFO - Got info for רק לא אתה using ElasticMovieInfoFetcher
2024-05-23 02:45:05,974 - seret.movie_info_fetchers.composite - INFO - Got info for טהורה using ElasticMovieInfoFetcher
2024-05-23 02:45:07,275 - seret.movie_info_fetchers.composite - INFO - Got info for בית using ElasticMovieInfoFetcher
2024-05-23 02:45:08,458 - seret.movie_info_fetchers.composite - INFO - Got info for יוני 0 using ElasticMovieInfoFetcher
2024-05-23 02:45:09,470 - seret.movie_info_fetchers.composite - INFO - Got info for ג'ויקה using ElasticMovieInfoFetcher
2024-05-23 02:45:10,141 - seret.movie_info_fetchers.search_engines_api.composite - WARNING - Failed to search with google: The result parsing was unsuccessful. It is either your query could not be found or it was flagged as unusual traffic
2024-05-23 02:45:11,199 - seret.movie_info_fetchers.composite - WARNING - Failed to get info for המשאלה
2024-05-23 02:45:12,116 - seret.movie_info_fetchers.composite - INFO - Got info for Wish using ElasticMovieInfoFetcher
2024-05-23 02:45:12,848 - seret.movie_info_fetchers.composite - INFO - Got info for גארפילד - הסרט using ElasticMovieInfoFetcher
2024-05-23 02:45:15,019 - seret.movie_info_fetchers.composite - INFO - Got info for לאסי 2 הרפתקה חדשה using ElasticMovieInfoFetcher
2024-05-23 02:45:16,324 - seret.movie_info_fetchers.composite - INFO - Got info for פיוריוסה using ElasticMovieInfoFetcher
2024-05-23 02:45:17,806 - seret.movie_info_fetchers.composite - INFO - Got info for צוות ג'ונגל מטריפים ת'עולם using ElasticMovieInfoFetcher
2024-05-23 02:45:18,504 - seret.movie_info_fetchers.composite - INFO - Got info for איימי ויינהאוס Back to Black using ElasticMovieInfoFetcher
2024-05-23 02:45:19,255 - seret.movie_info_fetchers.composite - INFO - Got info for גודזילה X קונג אימפריה חדשה using ElasticMovieInfoFetcher
2024-05-23 02:45:20,103 - seret.movie_info_fetchers.composite - INFO - Got info for הכלב והחתולה – המרדף המטורף using ElasticMovieInfoFetcher
2024-05-23 02:45:21,181 - seret.movie_info_fetchers.composite - INFO - Got info for ימים מושלמים using ElasticMovieInfoFetcher
2024-05-23 02:45:21,946 - seret.movie_info_fetchers.composite - INFO - Got info for הכלב והחתולה - המרדף המטורף using ElasticMovieInfoFetcher
2024-05-23 02:45:22,555 - seret.movie_info_fetchers.composite - INFO - Got info for לאסי 2 - הרפתקה חדשה using ElasticMovieInfoFetcher
2024-05-23 02:45:24,581 - seret.movie_info_fetchers.composite - INFO - Got info for מלכת השלג והנסיכה using ElasticMovieInfoFetcher
2024-05-23 02:45:24,895 - seret.movie_info_fetchers.search_engines_api.composite - WARNING - Failed to search with google: The result parsing was unsuccessful. It is either your query could not be found or it was flagged as unusual traffic
2024-05-23 02:45:25,003 - seret.movie_info_fetchers.search_engines_api.composite - WARNING - Failed to search with bing: The result parsing was unsuccessful. It is either your query could not be found or it was flagged as unusual traffic
2024-05-23 02:45:25,144 - seret.movie_info_fetchers.search_engines_api.composite - WARNING - Failed to search with duckduckgo: The result parsing was unsuccessful. It is either your query could not be found or it was flagged as unusual traffic
2024-05-23 02:45:25,144 - seret.movie_info_fetchers.composite - WARNING - Failed to get info for SPY × FAMILY CODE: WHITE
2024-05-23 02:45:25,144 - seret.info_fetcher - ERROR - Failed to get info for None and SPY × FAMILY CODE: WHITE
2024-05-23 02:45:25,983 - seret.movie_info_fetchers.search_engines_api.composite - WARNING - Failed to search with bing: The result parsing was unsuccessful. It is either your query could not be found or it was flagged as unusual traffic
2024-05-23 02:45:26,047 - seret.movie_info_fetchers.search_engines_api.composite - WARNING - Failed to search with duckduckgo: The result parsing was unsuccessful. It is either your query could not be found or it was flagged as unusual traffic
2024-05-23 02:45:26,047 - seret.movie_info_fetchers.composite - WARNING - Failed to get info for צוות ג'ונגל
2024-05-23 02:45:26,727 - seret.movie_info_fetchers.composite - INFO - Got info for The Jungle Bunch 2: World Tour using ElasticMovieInfoFetcher
2024-05-23 02:45:27,434 - seret.movie_info_fetchers.composite - INFO - Got info for לאסי 2 using ElasticMovieInfoFetcher
2024-05-23 02:45:27,921 - seret.movie_info_fetchers.search_engines_api.composite - WARNING - Failed to search with google: The result parsing was unsuccessful. It is either your query could not be found or it was flagged as unusual traffic
2024-05-23 02:45:28,021 - seret.movie_info_fetchers.search_engines_api.composite - WARNING - Failed to search with bing: The result parsing was unsuccessful. It is either your query could not be found or it was flagged as unusual traffic
2024-05-23 02:45:28,087 - seret.movie_info_fetchers.search_engines_api.composite - WARNING - Failed to search with duckduckgo: The result parsing was unsuccessful. It is either your query could not be found or it was flagged as unusual traffic
2024-05-23 02:45:28,087 - seret.movie_info_fetchers.composite - WARNING - Failed to get info for Spy x Family Code: White
2024-05-23 02:45:28,087 - seret.info_fetcher - ERROR - Failed to get info for Spy x Family Code: White and Spy x Family Code: White
2024-05-23 02:45:28,518 - seret.movie_info_fetchers.search_engines_api.composite - WARNING - Failed to search with google: The result parsing was unsuccessful. It is either your query could not be found or it was flagged as unusual traffic
2024-05-23 02:45:28,792 - seret.movie_info_fetchers.search_engines_api.composite - WARNING - Failed to search with bing: The result parsing was unsuccessful. It is either your query could not be found or it was flagged as unusual traffic
2024-05-23 02:45:28,849 - seret.movie_info_fetchers.search_engines_api.composite - WARNING - Failed to search with duckduckgo: The result parsing was unsuccessful. It is either your query could not be found or it was flagged as unusual traffic
2024-05-23 02:45:28,849 - seret.movie_info_fetchers.composite - WARNING - Failed to get info for האמן ומרגריטה-סרט ברוסית
2024-05-23 02:45:29,175 - seret.movie_info_fetchers.search_engines_api.composite - WARNING - Failed to search with google: The result parsing was unsuccessful. It is either your query could not be found or it was flagged as unusual traffic
2024-05-23 02:45:30,582 - seret.movie_info_fetchers.search_engines_api.composite - WARNING - Failed to search with bing: The result parsing was unsuccessful. It is either your query could not be found or it was flagged as unusual traffic
2024-05-23 02:45:30,646 - seret.movie_info_fetchers.search_engines_api.composite - WARNING - Failed to search with duckduckgo: The result parsing was unsuccessful. It is either your query could not be found or it was flagged as unusual traffic
2024-05-23 02:45:30,646 - seret.movie_info_fetchers.composite - WARNING - Failed to get info for МАСТЕР И МАРГАРИТА
2024-05-23 02:45:30,646 - seret.info_fetcher - ERROR - Failed to get info for МАСТЕР И МАРГАРИТА and האמן ומרגריטה-סרט ברוסית
2024-05-23 02:45:31,511 - seret.movie_info_fetchers.search_engines_api.composite - WARNING - Failed to search with google: The result parsing was unsuccessful. It is either your query could not be found or it was flagged as unusual traffic
2024-05-23 02:45:31,631 - seret.movie_info_fetchers.search_engines_api.composite - WARNING - Failed to search with bing: The result parsing was unsuccessful. It is either your query could not be found or it was flagged as unusual traffic
2024-05-23 02:45:31,696 - seret.movie_info_fetchers.search_engines_api.composite - WARNING - Failed to search with duckduckgo: The result parsing was unsuccessful. It is either your query could not be found or it was flagged as unusual traffic
2024-05-23 02:45:31,696 - seret.movie_info_fetchers.composite - WARNING - Failed to get info for המסע המטלטל לברלין-סרט אוקראיני
2024-05-23 02:45:32,240 - seret.movie_info_fetchers.search_engines_api.composite - WARNING - Failed to search with google: The result parsing was unsuccessful. It is either your query could not be found or it was flagged as unusual traffic
2024-05-23 02:45:32,339 - seret.movie_info_fetchers.search_engines_api.composite - WARNING - Failed to search with bing: The result parsing was unsuccessful. It is either your query could not be found or it was flagged as unusual traffic
2024-05-23 02:45:32,406 - seret.movie_info_fetchers.search_engines_api.composite - WARNING - Failed to search with duckduckgo: The result parsing was unsuccessful. It is either your query could not be found or it was flagged as unusual traffic
2024-05-23 02:45:32,406 - seret.movie_info_fetchers.composite - WARNING - Failed to get info for Я, Побєда і Берлін
2024-05-23 02:45:32,406 - seret.info_fetcher - ERROR - Failed to get info for Я, Побєда і Берлін and המסע המטלטל לברלין-סרט אוקראיני
2024-05-23 02:45:33,960 - seret.movie_info_fetchers.composite - INFO - Got info for סטנד אפ קומדי בר using ElasticMovieInfoFetcher
2024-05-23 02:45:34,486 - seret.movie_info_fetchers.search_engines_api.composite - WARNING - Failed to search with google: The result parsing was unsuccessful. It is either your query could not be found or it was flagged as unusual traffic
2024-05-23 02:45:34,592 - seret.movie_info_fetchers.search_engines_api.composite - WARNING - Failed to search with bing: The result parsing was unsuccessful. It is either your query could not be found or it was flagged as unusual traffic
2024-05-23 02:45:34,680 - seret.movie_info_fetchers.search_engines_api.composite - WARNING - Failed to search with duckduckgo: The result parsing was unsuccessful. It is either your query could not be found or it was flagged as unusual traffic
2024-05-23 02:45:34,681 - seret.movie_info_fetchers.composite - WARNING - Failed to get info for МАСТЕР И МАРГАРИТА
2024-05-23 02:45:34,681 - seret.info_fetcher - ERROR - Failed to get info for МАСТЕР И МАРГАРИТА and МАСТЕР И МАРГАРИТА
2024-05-23 02:45:35,613 - seret.movie_info_fetchers.composite - INFO - Got info for הילד והאנפה using ElasticMovieInfoFetcher
2024-05-23 02:45:35,884 - seret.movie_info_fetchers.search_engines_api.composite - WARNING - Failed to search with google: The result parsing was unsuccessful. It is either your query could not be found or it was flagged as unusual traffic
2024-05-23 02:45:35,995 - seret.movie_info_fetchers.search_engines_api.composite - WARNING - Failed to search with bing: The result parsing was unsuccessful. It is either your query could not be found or it was flagged as unusual traffic
2024-05-23 02:45:36,059 - seret.movie_info_fetchers.search_engines_api.composite - WARNING - Failed to search with duckduckgo: The result parsing was unsuccessful. It is either your query could not be found or it was flagged as unusual traffic
2024-05-23 02:45:36,059 - seret.movie_info_fetchers.composite - WARNING - Failed to get info for שישי נשי אבן יהודה - "מערכה שנייה
2024-05-23 02:45:36,059 - seret.info_fetcher - ERROR - Failed to get info for  and שישי נשי אבן יהודה - "מערכה שנייה
2024-05-23 02:45:37,655 - imdb_api - ERROR - id='tt32126583', movie='American Fiction'
Traceback (most recent call last):
  File "/home/runner/work/Movie-Time-Server/Movie-Time-Server/seret/movie_raters/imdb_api.py", line 67, in get_imdb_rating
    return info["aggregateRating"]['ratingValue']
           ~~~~^^^^^^^^^^^^^^^^^^^
KeyError: 'aggregateRating'
2024-05-23 02:45:37,656 - seret.movie_raters.composite - WARNING - Failed to get rating for American Fiction
2024-05-23 02:45:37,954 - seret.movie_raters.composite - WARNING - Failed to get rating for מעשייה אמריקאית
2024-05-23 02:45:37,954 - seret.movie_info_fetchers.composite - INFO - Got info for מעשייה אמריקאית using ElasticMovieInfoFetcher
2024-05-23 02:45:39,643 - seret.movie_info_fetchers.composite - INFO - Got info for The Master and Margarita using ElasticMovieInfoFetcher
2024-05-23 02:45:40,578 - seret.movie_info_fetchers.composite - INFO - Got info for גודזילה X קונג: אימפריה חדשה using ElasticMovieInfoFetcher
2024-05-23 02:45:41,459 - seret.movie_info_fetchers.search_engines_api.composite - WARNING - Failed to search with google: The result parsing was unsuccessful. It is either your query could not be found or it was flagged as unusual traffic
2024-05-23 02:45:42,029 - seret.movie_info_fetchers.search_engines_api.composite - WARNING - Failed to search with bing: The result parsing was unsuccessful. It is either your query could not be found or it was flagged as unusual traffic
2024-05-23 02:45:42,103 - seret.movie_info_fetchers.search_engines_api.composite - WARNING - Failed to search with duckduckgo: The result parsing was unsuccessful. It is either your query could not be found or it was flagged as unusual traffic
2024-05-23 02:45:42,103 - seret.movie_info_fetchers.composite - WARNING - Failed to get info for ФУРИОСА: ХРОНИКИ БЕЗУМНОГО МАКСА
2024-05-23 02:45:42,998 - seret.movie_info_fetchers.composite - INFO - Got info for Furiosa: A Mad Max Saga using ElasticMovieInfoFetcher
2024-05-23 02:45:43,834 - seret.movie_info_fetchers.composite - INFO - Got info for  איימי ווינהאוס back to black using ElasticMovieInfoFetcher
2024-05-23 02:45:45,077 - seret.movie_info_fetchers.composite - INFO - Got info for Demon Slayer: Kimetsu no Yaiba - Hashira Training using ElasticMovieInfoFetcher
2024-05-23 02:45:46,434 - seret.movie_info_fetchers.composite - INFO - Got info for מאווקה נסיכת היער using ElasticMovieInfoFetcher
2024-05-23 02:45:48,190 - seret.movie_info_fetchers.composite - INFO - Got info for אוינק using ElasticMovieInfoFetcher
2024-05-23 02:45:50,330 - seret.movie_info_fetchers.composite - INFO - Got info for חתול במוזיאון using ElasticMovieInfoFetcher
2024-05-23 02:45:51,148 - seret.movie_info_fetchers.composite - INFO - Got info for טרולים 3: הקול הטוב using ElasticMovieInfoFetcher
2024-05-23 02:45:52,282 - seret.movie_info_fetchers.composite - INFO - Got info for וונקה using ElasticMovieInfoFetcher
2024-05-23 02:45:53,772 - seret.movie_info_fetchers.composite - INFO - Got info for תעלול של משלוח using ElasticMovieInfoFetcher
2024-05-23 02:45:54,994 - seret.movie_info_fetchers.composite - INFO - Got info for נפש אחת using ElasticMovieInfoFetcher
2024-05-23 02:45:55,380 - seret.movie_info_fetchers.search_engines_api.composite - WARNING - Failed to search with google: The result parsing was unsuccessful. It is either your query could not be found or it was flagged as unusual traffic
2024-05-23 02:45:55,576 - seret.movie_info_fetchers.search_engines_api.composite - WARNING - Failed to search with duckduckgo: The result parsing was unsuccessful. It is either your query could not be found or it was flagged as unusual traffic
2024-05-23 02:45:55,577 - seret.movie_info_fetchers.composite - WARNING - Failed to get info for האמן ומרגריטה - МАСТЕР И МАРГАРИТА
2024-05-23 02:45:56,307 - seret.movie_info_fetchers.composite - INFO - Got info for Master and Margarita using ElasticMovieInfoFetcher
2024-05-23 02:45:57,139 - seret.movie_info_fetchers.composite - INFO - Got info for טרולים 3: הקול טוב using ElasticMovieInfoFetcher
2024-05-23 02:45:58,030 - seret.movie_info_fetchers.composite - INFO - Got info for פיוריוסה רוסית - ФУРИОСА: ХРОНИКИ БЕЗУМНОГО МАКСА using ElasticMovieInfoFetcher
2024-05-23 02:45:59,228 - seret.movie_info_fetchers.composite - INFO - Got info for המרוץ לניצחון של ארתור using ElasticMovieInfoFetcher
2024-05-23 02:46:00,930 - seret.movie_info_fetchers.composite - INFO - Got info for חולית: חלק שני using ElasticMovieInfoFetcher
2024-05-23 02:46:03,310 - seret.movie_info_fetchers.composite - INFO - Got info for לויתן על הגל using ElasticMovieInfoFetcher
2024-05-23 02:46:04,838 - seret.movie_info_fetchers.composite - INFO - Got info for אזור העניין using ElasticMovieInfoFetcher
2024-05-23 02:46:05,165 - seret.movie_info_fetchers.search_engines_api.composite - WARNING - Failed to search with google: The result parsing was unsuccessful. It is either your query could not be found or it was flagged as unusual traffic
2024-05-23 02:46:05,280 - seret.movie_info_fetchers.search_engines_api.composite - WARNING - Failed to search with bing: The result parsing was unsuccessful. It is either your query could not be found or it was flagged as unusual traffic
2024-05-23 02:46:05,353 - seret.movie_info_fetchers.search_engines_api.composite - WARNING - Failed to search with duckduckgo: The result parsing was unsuccessful. It is either your query could not be found or it was flagged as unusual traffic
2024-05-23 02:46:05,353 - seret.movie_info_fetchers.composite - WARNING - Failed to get info for World of Dance Israel 2024
2024-05-23 02:46:05,353 - seret.info_fetcher - ERROR - Failed to get info for  and World of Dance Israel 2024
2024-05-23 02:46:07,036 - seret.movie_info_fetchers.composite - INFO - Got info for סינמה נירוונה - "הנזיר והרובה using ElasticMovieInfoFetcher
2024-05-23 02:46:07,524 - seret.movie_info_fetchers.search_engines_api.composite - WARNING - Failed to search with google: The result parsing was unsuccessful. It is either your query could not be found or it was flagged as unusual traffic
2024-05-23 02:46:07,621 - seret.movie_info_fetchers.search_engines_api.composite - WARNING - Failed to search with bing: The result parsing was unsuccessful. It is either your query could not be found or it was flagged as unusual traffic
2024-05-23 02:46:07,685 - seret.movie_info_fetchers.search_engines_api.composite - WARNING - Failed to search with duckduckgo: The result parsing was unsuccessful. It is either your query could not be found or it was flagged as unusual traffic
2024-05-23 02:46:07,685 - seret.movie_info_fetchers.composite - WARNING - Failed to get info for КАСКАДЁРЫ
2024-05-23 02:46:08,324 - seret.movie_info_fetchers.composite - INFO - Got info for The Fall Guy using ElasticMovieInfoFetcher
2024-05-23 02:46:09,902 - seret.movie_info_fetchers.composite - INFO - Got info for כנפיים של חברים using ElasticMovieInfoFetcher
2024-05-23 02:46:11,717 - seret.movie_info_fetchers.composite - INFO - Got info for המשלחת - טרום + שיח יוצרים using ElasticMovieInfoFetcher
2024-05-23 02:46:11,717 - seret.info_fetcher - ERROR - Failed to get info for 8 movies: [{'date': '23-05-2024', 'cinema': 'יס פלאנט', 'location': 'ראשון לציון', 'district': 'גוש דן', 'title': 'Spy × Family Code: White', 'eng_title': 'Spy × Family Code: White', 'type': '2D', 'time': '14:10', 'link': 'https://tickets3.planetcinema.co.il/site/1072?code=1072-38995&languageId=he-IL&saleChannelCode=web', 'coords': (31.9798, 34.7475), 'dubbed': False}, {'date': '23-05-2024', 'cinema': 'סינמה סיטי', 'location': 'ראשון לציון', 'district': 'גוש דן', 'title': 'SPY × FAMILY CODE: WHITE', 'eng_title': None, 'type': '2D', 'time': '17:30', 'link': 'https://tickets.cinema-city.co.il/order/445310', 'coords': (31.9833, 34.7711), 'dubbed': False}, {'date': '23-05-2024', 'cinema': 'מובילנד', 'location': 'חיפה', 'district': 'הצפון', 'title': 'Spy x Family Code: White', 'eng_title': 'Spy x Family Code: White', 'type': '2D', 'time': '16:30', 'link': 'https://ecom.biggerpicture.ai/site/1291?code=1291-37994&saleChannelCode=web&languageid=he_IL', 'coords': (32.7894, 34.9639), 'dubbed': False}, {'date': '24-05-2024', 'cinema': 'סינמה סיטי', 'location': 'ראשון לציון', 'district': 'גוש דן', 'title': 'האמן ומרגריטה-סרט ברוסית', 'eng_title': 'МАСТЕР И МАРГАРИТА', 'type': '2D', 'time': '18:30', 'link': 'https://tickets.cinema-city.co.il/order/445406', 'coords': (31.9833, 34.7711), 'dubbed': False}, {'date': '24-05-2024', 'cinema': 'סינמה סיטי', 'location': 'ראשון לציון', 'district': 'גוש דן', 'title': 'המסע המטלטל לברלין-סרט אוקראיני', 'eng_title': 'Я, Побєда і Берлін', 'type': '2D', 'time': '20:20', 'link': 'https://tickets.cinema-city.co.il/order/445423', 'coords': (31.9833, 34.7711), 'dubbed': False}, {'date': '24-05-2024', 'cinema': 'לב', 'location': 'תל אביב', 'district': 'גוש דן', 'title': 'МАСТЕР И МАРГАРИТА', 'eng_title': 'МАСТЕР И МАРГАРИТА', 'type': '2D', 'time': '18:30', 'link': 'https://ticket.lev.co.il/order/544800', 'coords': (32.0748, 34.7755), 'dubbed': False}, {'date': '24-05-2024', 'cinema': 'לב', 'location': 'אבן יהודה', 'district': 'השרון', 'title': 'שישי נשי אבן יהודה - "מערכה שנייה', 'eng_title': '', 'type': '2D', 'time': '09:45', 'link': 'https://ticket.lev.co.il/order/525948', 'coords': (32.2692, 34.8906), 'dubbed': False}, {'date': '26-05-2024', 'cinema': 'סינמה סיטי', 'location': 'ירושלים', 'district': 'ירושלים', 'title': 'World of Dance Israel 2024', 'eng_title': '', 'type': '2D', 'time': '11:00', 'link': 'https://tickets.cinema-city.co.il/order/445228', 'coords': (31.783, 35.2036), 'dubbed': False}]
2024-05-23 02:46:11,857 - root - INFO - 6913
