2026-01-04 03:59:27,365 - root - INFO - ********************
2026-01-04 03:59:27,365 - root - INFO - started checking for:04-01-2026
2026-01-04 03:59:27,365 - cinemas.yes_planet - INFO - STARTED YES PLANET
2026-01-04 03:59:27,365 - cinemas.yes_planet - INFO - STARTED YES PLANET RISHON
2026-01-04 03:59:40,996 - cinemas.yes_planet - INFO - DONE YES PLANET RISHON
2026-01-04 03:59:40,997 - cinemas.yes_planet - INFO - STARTED YES PLANET AYALON
2026-01-04 03:59:42,289 - cinemas.yes_planet - INFO - DONE YES PLANET AYALON
2026-01-04 03:59:42,289 - cinemas.yes_planet - INFO - STARTED YES PLANET ZICHRON
2026-01-04 03:59:44,529 - cinemas.yes_planet - INFO - DONE YES PLANET ZICHRON
2026-01-04 03:59:44,529 - cinemas.yes_planet - INFO - STARTED YES PLANET HAIFA
2026-01-04 03:59:45,753 - cinemas.yes_planet - INFO - DONE YES PLANET HAIFA
2026-01-04 03:59:45,753 - cinemas.yes_planet - INFO - STARTED YES PLANET JERUSALEM
2026-01-04 03:59:47,557 - cinemas.yes_planet - INFO - DONE YES PLANET JERUSALEM
2026-01-04 03:59:47,557 - cinemas.yes_planet - INFO - STARTED YES PLANET BEER_SHEVA
2026-01-04 03:59:48,752 - cinemas.yes_planet - INFO - DONE YES PLANET BEER_SHEVA
2026-01-04 03:59:48,753 - cinemas.yes_planet - INFO - DONE YES PLANET
2026-01-04 03:59:48,753 - cinemas.rav_hen - INFO - STARTED RAV HEN
2026-01-04 03:59:48,753 - cinemas.rav_hen - INFO - STARTED RAV HEN GIVATAIM
2026-01-04 03:59:54,005 - cinemas.rav_hen - INFO - DONE RAV HEN GIVATAIM
2026-01-04 03:59:54,005 - cinemas.rav_hen - INFO - STARTED RAV HEN DIZINGOF
2026-01-04 03:59:54,425 - cinemas.rav_hen - INFO - DONE RAV HEN DIZINGOF
2026-01-04 03:59:54,425 - cinemas.rav_hen - INFO - STARTED RAV HEN MODIIN
2026-01-04 03:59:54,871 - cinemas.rav_hen - INFO - DONE RAV HEN MODIIN
2026-01-04 03:59:54,872 - cinemas.rav_hen - INFO - STARTED RAV HEN KIRYAT_ONO
2026-01-04 03:59:55,318 - cinemas.rav_hen - INFO - DONE RAV HEN KIRYAT_ONO
2026-01-04 03:59:55,318 - cinemas.rav_hen - INFO - DONE RAV HEN
2026-01-04 03:59:55,318 - cinemas.hot_cinema - INFO - STARTED HOT CINEMA
2026-01-04 03:59:55,318 - cinemas.hot_cinema - INFO - STARTED HOT CINEMA MODIIN
2026-01-04 03:59:55,795 - root - ERROR - hot cinema crashed
Traceback (most recent call last):
  File "/opt/hostedtoolcache/Python/3.11.14/x64/lib/python3.11/site-packages/requests/models.py", line 976, in json
    return complexjson.loads(self.text, **kwargs)
           ^^^^^^^^^^^^^^^^^^^^^^^^^^^^^^^^^^^^^^
  File "/opt/hostedtoolcache/Python/3.11.14/x64/lib/python3.11/json/__init__.py", line 346, in loads
    return _default_decoder.decode(s)
           ^^^^^^^^^^^^^^^^^^^^^^^^^^
  File "/opt/hostedtoolcache/Python/3.11.14/x64/lib/python3.11/json/decoder.py", line 337, in decode
    obj, end = self.raw_decode(s, idx=_w(s, 0).end())
               ^^^^^^^^^^^^^^^^^^^^^^^^^^^^^^^^^^^^^^
  File "/opt/hostedtoolcache/Python/3.11.14/x64/lib/python3.11/json/decoder.py", line 355, in raw_decode
    raise JSONDecodeError("Expecting value", s, err.value) from None
json.decoder.JSONDecodeError: Expecting value: line 1 column 1 (char 0)

During handling of the above exception, another exception occurred:

Traceback (most recent call last):
  File "/home/runner/work/Movie-Time-Server/Movie-Time-Server/main.py", line 56, in get_screenings_from_cinema
    return unsafe_get_screenings_from_cinema(get_screening, cinema, date, s)
           ^^^^^^^^^^^^^^^^^^^^^^^^^^^^^^^^^^^^^^^^^^^^^^^^^^^^^^^^^^^^^^^^^
  File "/opt/hostedtoolcache/Python/3.11.14/x64/lib/python3.11/site-packages/decorator.py", line 235, in fun
    return caller(func, *(extras + args), **kw)
           ^^^^^^^^^^^^^^^^^^^^^^^^^^^^^^^^^^^^
  File "/opt/hostedtoolcache/Python/3.11.14/x64/lib/python3.11/site-packages/retry/api.py", line 90, in retry_decorator
    return __retry_internal(partial(f, *args, **kwargs), exceptions, tries, delay, max_delay, backoff, jitter,
           ^^^^^^^^^^^^^^^^^^^^^^^^^^^^^^^^^^^^^^^^^^^^^^^^^^^^^^^^^^^^^^^^^^^^^^^^^^^^^^^^^^^^^^^^^^^^^^^^^^^
  File "/opt/hostedtoolcache/Python/3.11.14/x64/lib/python3.11/site-packages/retry/api.py", line 35, in __retry_internal
    return f()
           ^^^
  File "/home/runner/work/Movie-Time-Server/Movie-Time-Server/main.py", line 71, in unsafe_get_screenings_from_cinema
    screenings = get_screening(year, month, day, s)
                 ^^^^^^^^^^^^^^^^^^^^^^^^^^^^^^^^^^
  File "/home/runner/work/Movie-Time-Server/Movie-Time-Server/cinemas/hot_cinema.py", line 131, in get_screenings
    screenings.extend(get_by_location(location, date, s))
                      ^^^^^^^^^^^^^^^^^^^^^^^^^^^^^^^^^^
  File "/home/runner/work/Movie-Time-Server/Movie-Time-Server/cinemas/hot_cinema.py", line 104, in get_by_location
    res = s.get(url).json()
          ^^^^^^^^^^^^^^^^^
  File "/opt/hostedtoolcache/Python/3.11.14/x64/lib/python3.11/site-packages/requests/models.py", line 980, in json
    raise RequestsJSONDecodeError(e.msg, e.doc, e.pos)
requests.exceptions.JSONDecodeError: Expecting value: line 1 column 1 (char 0)
2026-01-04 03:59:55,811 - cinemas.cinema_city - INFO - STARTED CINEMA CITY
2026-01-04 04:00:03,898 - proxy - INFO - Proxy: {'YourFuckingIPAddress': '77.91.69.236', 'YourFuckingLocation': 'Tel Aviv, TA, Israel', 'YourFuckingHostname': 'static.236.69.91.77.ip.webhost1.net', 'YourFuckingISP': 'Webhost LLC', 'YourFuckingTorExit': False, 'YourFuckingCity': 'Tel Aviv', 'YourFuckingCountry': 'Israel', 'YourFuckingCountryCode': 'IL'}
2026-01-04 04:00:03,899 - cinemas.cinema_city - INFO - STARTED CINEMA CITY GLILOT
2026-01-04 04:01:31,569 - cinemas.cinema_city - INFO - DONE CINEMA CITY GLILOT
2026-01-04 04:01:31,569 - cinemas.cinema_city - INFO - STARTED CINEMA CITY RISHON
2026-01-04 04:01:40,389 - cinemas.cinema_city - INFO - DONE CINEMA CITY RISHON
2026-01-04 04:01:40,389 - cinemas.cinema_city - INFO - STARTED CINEMA CITY JERUSALEM
2026-01-04 04:01:41,840 - cinemas.cinema_city - INFO - DONE CINEMA CITY JERUSALEM
2026-01-04 04:01:41,840 - cinemas.cinema_city - INFO - STARTED CINEMA CITY KFAR_SABBA
2026-01-04 04:01:48,222 - cinemas.cinema_city - INFO - DONE CINEMA CITY KFAR_SABBA
2026-01-04 04:01:48,222 - cinemas.cinema_city - INFO - STARTED CINEMA CITY NATANIA
2026-01-04 04:01:53,216 - cinemas.cinema_city - INFO - DONE CINEMA CITY NATANIA
2026-01-04 04:01:53,217 - cinemas.cinema_city - INFO - STARTED CINEMA CITY BEER_SHEVA
2026-01-04 04:01:54,560 - cinemas.cinema_city - INFO - DONE CINEMA CITY BEER_SHEVA
2026-01-04 04:01:54,560 - cinemas.cinema_city - INFO - STARTED CINEMA CITY HADERA
2026-01-04 04:01:58,825 - cinemas.cinema_city - INFO - DONE CINEMA CITY HADERA
2026-01-04 04:01:58,825 - cinemas.cinema_city - INFO - STARTED CINEMA CITY ASHDOD
2026-01-04 04:02:00,230 - cinemas.cinema_city - INFO - DONE CINEMA CITY ASHDOD
2026-01-04 04:02:00,315 - proxy - INFO - Proxy removed
2026-01-04 04:02:00,315 - cinemas.cinema_city - INFO - DONE CINEMA CITY
2026-01-04 04:02:00,315 - cinemas.lev - INFO - STARTED LEV
2026-01-04 04:02:02,843 - proxy - INFO - Proxy: {'YourFuckingIPAddress': '77.91.69.236', 'YourFuckingLocation': 'Tel Aviv, TA, Israel', 'YourFuckingHostname': 'static.236.69.91.77.ip.webhost1.net', 'YourFuckingISP': 'Webhost LLC', 'YourFuckingTorExit': False, 'YourFuckingCity': 'Tel Aviv', 'YourFuckingCountry': 'Israel', 'YourFuckingCountryCode': 'IL'}
2026-01-04 04:02:02,843 - cinemas.lev - INFO - STARTED LEV TEL_AVIV
2026-01-04 04:02:04,248 - cinemas.lev - INFO - DONE LEV TEL_AVIV
2026-01-04 04:02:04,248 - cinemas.lev - INFO - STARTED LEV RAMAT_HASHARON
2026-01-04 04:02:05,017 - cinemas.lev - INFO - DONE LEV RAMAT_HASHARON
2026-01-04 04:02:05,018 - cinemas.lev - INFO - STARTED LEV MANDARIN
2026-01-04 04:02:05,486 - cinemas.lev - INFO - DONE LEV MANDARIN
2026-01-04 04:02:05,486 - cinemas.lev - INFO - STARTED LEV EVEN_YEHUDA
2026-01-04 04:02:06,139 - cinemas.lev - INFO - DONE LEV EVEN_YEHUDA
2026-01-04 04:02:06,139 - cinemas.lev - INFO - STARTED LEV SMADAR
2026-01-04 04:02:06,569 - cinemas.lev - INFO - DONE LEV SMADAR
2026-01-04 04:02:06,569 - cinemas.lev - INFO - STARTED LEV RAANANA
2026-01-04 04:02:07,148 - cinemas.lev - INFO - DONE LEV RAANANA
2026-01-04 04:02:07,148 - cinemas.lev - INFO - STARTED LEV OMER
2026-01-04 04:02:07,699 - cinemas.lev - INFO - DONE LEV OMER
2026-01-04 04:02:07,699 - cinemas.lev - INFO - STARTED LEV SHOHAM
2026-01-04 04:02:08,159 - cinemas.lev - INFO - DONE LEV SHOHAM
2026-01-04 04:02:08,159 - cinemas.lev - INFO - STARTED LEV DANIEL
2026-01-04 04:02:08,498 - cinemas.lev - INFO - DONE LEV DANIEL
2026-01-04 04:02:08,560 - proxy - INFO - Proxy removed
2026-01-04 04:02:08,560 - cinemas.lev - INFO - DONE LEV
2026-01-04 04:02:08,560 - cinemas.movieland - INFO - STARTED Movie Land
2026-01-04 04:02:08,560 - cinemas.movieland - INFO - STARTED Movie Land CARMIEL
2026-01-04 04:02:08,825 - cinemas.movieland - INFO - STARTED Movie Land HAIFA
2026-01-04 04:02:08,875 - cinemas.movieland - INFO - STARTED Movie Land NATANYA
2026-01-04 04:02:08,932 - cinemas.movieland - INFO - DONE Movie Land
2026-01-04 04:02:08,932 - retry.api - WARNING - AssertionError: movieland returned empty list in __main__.unsafe_get_screenings_from_cinema, retrying in 1 seconds...
2026-01-04 04:02:09,933 - cinemas.movieland - INFO - STARTED Movie Land
2026-01-04 04:02:09,933 - cinemas.movieland - INFO - STARTED Movie Land CARMIEL
2026-01-04 04:02:09,984 - cinemas.movieland - INFO - STARTED Movie Land HAIFA
2026-01-04 04:02:10,045 - cinemas.movieland - INFO - STARTED Movie Land NATANYA
2026-01-04 04:02:10,095 - cinemas.movieland - INFO - DONE Movie Land
2026-01-04 04:02:10,095 - retry.api - WARNING - AssertionError: movieland returned empty list in __main__.unsafe_get_screenings_from_cinema, retrying in 2 seconds...
2026-01-04 04:02:12,095 - cinemas.movieland - INFO - STARTED Movie Land
2026-01-04 04:02:12,095 - cinemas.movieland - INFO - STARTED Movie Land CARMIEL
2026-01-04 04:02:12,148 - cinemas.movieland - INFO - STARTED Movie Land HAIFA
2026-01-04 04:02:12,206 - cinemas.movieland - INFO - STARTED Movie Land NATANYA
2026-01-04 04:02:12,259 - cinemas.movieland - INFO - DONE Movie Land
2026-01-04 04:02:12,259 - root - ERROR - movieland crashed: movieland returned empty list
2026-01-04 04:02:12,259 - root - INFO - ********************
2026-01-04 04:02:12,259 - root - INFO - started checking for:05-01-2026
2026-01-04 04:02:12,259 - cinemas.yes_planet - INFO - STARTED YES PLANET
2026-01-04 04:02:12,259 - cinemas.yes_planet - INFO - STARTED YES PLANET RISHON
2026-01-04 04:02:13,474 - cinemas.yes_planet - INFO - DONE YES PLANET RISHON
2026-01-04 04:02:13,474 - cinemas.yes_planet - INFO - STARTED YES PLANET AYALON
2026-01-04 04:02:14,075 - cinemas.yes_planet - INFO - DONE YES PLANET AYALON
2026-01-04 04:02:14,075 - cinemas.yes_planet - INFO - STARTED YES PLANET ZICHRON
2026-01-04 04:02:14,630 - cinemas.yes_planet - INFO - DONE YES PLANET ZICHRON
2026-01-04 04:02:14,631 - cinemas.yes_planet - INFO - STARTED YES PLANET HAIFA
2026-01-04 04:02:15,203 - cinemas.yes_planet - INFO - DONE YES PLANET HAIFA
2026-01-04 04:02:15,203 - cinemas.yes_planet - INFO - STARTED YES PLANET JERUSALEM
2026-01-04 04:02:15,895 - cinemas.yes_planet - INFO - DONE YES PLANET JERUSALEM
2026-01-04 04:02:15,895 - cinemas.yes_planet - INFO - STARTED YES PLANET BEER_SHEVA
2026-01-04 04:02:16,670 - cinemas.yes_planet - INFO - DONE YES PLANET BEER_SHEVA
2026-01-04 04:02:16,670 - cinemas.yes_planet - INFO - DONE YES PLANET
2026-01-04 04:02:16,670 - cinemas.rav_hen - INFO - STARTED RAV HEN
2026-01-04 04:02:16,670 - cinemas.rav_hen - INFO - STARTED RAV HEN GIVATAIM
2026-01-04 04:02:17,217 - cinemas.rav_hen - INFO - DONE RAV HEN GIVATAIM
2026-01-04 04:02:17,218 - cinemas.rav_hen - INFO - STARTED RAV HEN DIZINGOF
2026-01-04 04:02:17,675 - cinemas.rav_hen - INFO - DONE RAV HEN DIZINGOF
2026-01-04 04:02:17,675 - cinemas.rav_hen - INFO - STARTED RAV HEN MODIIN
2026-01-04 04:02:18,097 - cinemas.rav_hen - INFO - DONE RAV HEN MODIIN
2026-01-04 04:02:18,097 - cinemas.rav_hen - INFO - STARTED RAV HEN KIRYAT_ONO
2026-01-04 04:02:18,547 - cinemas.rav_hen - INFO - DONE RAV HEN KIRYAT_ONO
2026-01-04 04:02:18,547 - cinemas.rav_hen - INFO - DONE RAV HEN
2026-01-04 04:02:18,548 - cinemas.hot_cinema - INFO - STARTED HOT CINEMA
2026-01-04 04:02:18,548 - cinemas.hot_cinema - INFO - STARTED HOT CINEMA MODIIN
2026-01-04 04:02:18,858 - root - ERROR - hot cinema crashed
Traceback (most recent call last):
  File "/opt/hostedtoolcache/Python/3.11.14/x64/lib/python3.11/site-packages/requests/models.py", line 976, in json
    return complexjson.loads(self.text, **kwargs)
           ^^^^^^^^^^^^^^^^^^^^^^^^^^^^^^^^^^^^^^
  File "/opt/hostedtoolcache/Python/3.11.14/x64/lib/python3.11/json/__init__.py", line 346, in loads
    return _default_decoder.decode(s)
           ^^^^^^^^^^^^^^^^^^^^^^^^^^
  File "/opt/hostedtoolcache/Python/3.11.14/x64/lib/python3.11/json/decoder.py", line 337, in decode
    obj, end = self.raw_decode(s, idx=_w(s, 0).end())
               ^^^^^^^^^^^^^^^^^^^^^^^^^^^^^^^^^^^^^^
  File "/opt/hostedtoolcache/Python/3.11.14/x64/lib/python3.11/json/decoder.py", line 355, in raw_decode
    raise JSONDecodeError("Expecting value", s, err.value) from None
json.decoder.JSONDecodeError: Expecting value: line 1 column 1 (char 0)

During handling of the above exception, another exception occurred:

Traceback (most recent call last):
  File "/home/runner/work/Movie-Time-Server/Movie-Time-Server/main.py", line 56, in get_screenings_from_cinema
    return unsafe_get_screenings_from_cinema(get_screening, cinema, date, s)
           ^^^^^^^^^^^^^^^^^^^^^^^^^^^^^^^^^^^^^^^^^^^^^^^^^^^^^^^^^^^^^^^^^
  File "/opt/hostedtoolcache/Python/3.11.14/x64/lib/python3.11/site-packages/decorator.py", line 235, in fun
    return caller(func, *(extras + args), **kw)
           ^^^^^^^^^^^^^^^^^^^^^^^^^^^^^^^^^^^^
  File "/opt/hostedtoolcache/Python/3.11.14/x64/lib/python3.11/site-packages/retry/api.py", line 90, in retry_decorator
    return __retry_internal(partial(f, *args, **kwargs), exceptions, tries, delay, max_delay, backoff, jitter,
           ^^^^^^^^^^^^^^^^^^^^^^^^^^^^^^^^^^^^^^^^^^^^^^^^^^^^^^^^^^^^^^^^^^^^^^^^^^^^^^^^^^^^^^^^^^^^^^^^^^^
  File "/opt/hostedtoolcache/Python/3.11.14/x64/lib/python3.11/site-packages/retry/api.py", line 35, in __retry_internal
    return f()
           ^^^
  File "/home/runner/work/Movie-Time-Server/Movie-Time-Server/main.py", line 71, in unsafe_get_screenings_from_cinema
    screenings = get_screening(year, month, day, s)
                 ^^^^^^^^^^^^^^^^^^^^^^^^^^^^^^^^^^
  File "/home/runner/work/Movie-Time-Server/Movie-Time-Server/cinemas/hot_cinema.py", line 131, in get_screenings
    screenings.extend(get_by_location(location, date, s))
                      ^^^^^^^^^^^^^^^^^^^^^^^^^^^^^^^^^^
  File "/home/runner/work/Movie-Time-Server/Movie-Time-Server/cinemas/hot_cinema.py", line 104, in get_by_location
    res = s.get(url).json()
          ^^^^^^^^^^^^^^^^^
  File "/opt/hostedtoolcache/Python/3.11.14/x64/lib/python3.11/site-packages/requests/models.py", line 980, in json
    raise RequestsJSONDecodeError(e.msg, e.doc, e.pos)
requests.exceptions.JSONDecodeError: Expecting value: line 1 column 1 (char 0)
2026-01-04 04:02:18,859 - cinemas.cinema_city - INFO - STARTED CINEMA CITY
2026-01-04 04:02:21,870 - proxy - INFO - Proxy: {'YourFuckingIPAddress': '77.91.69.236', 'YourFuckingLocation': 'Tel Aviv, TA, Israel', 'YourFuckingHostname': 'static.236.69.91.77.ip.webhost1.net', 'YourFuckingISP': 'Webhost LLC', 'YourFuckingTorExit': False, 'YourFuckingCity': 'Tel Aviv', 'YourFuckingCountry': 'Israel', 'YourFuckingCountryCode': 'IL'}
2026-01-04 04:02:21,870 - cinemas.cinema_city - INFO - STARTED CINEMA CITY GLILOT
2026-01-04 04:02:24,183 - cinemas.cinema_city - INFO - DONE CINEMA CITY GLILOT
2026-01-04 04:02:24,183 - cinemas.cinema_city - INFO - STARTED CINEMA CITY RISHON
2026-01-04 04:02:25,821 - cinemas.cinema_city - INFO - DONE CINEMA CITY RISHON
2026-01-04 04:02:25,821 - cinemas.cinema_city - INFO - STARTED CINEMA CITY JERUSALEM
2026-01-04 04:03:00,318 - cinemas.cinema_city - INFO - DONE CINEMA CITY JERUSALEM
2026-01-04 04:03:00,318 - cinemas.cinema_city - INFO - STARTED CINEMA CITY KFAR_SABBA
2026-01-04 04:03:01,573 - cinemas.cinema_city - INFO - DONE CINEMA CITY KFAR_SABBA
2026-01-04 04:03:01,574 - cinemas.cinema_city - INFO - STARTED CINEMA CITY NATANIA
2026-01-04 04:03:02,968 - cinemas.cinema_city - INFO - DONE CINEMA CITY NATANIA
2026-01-04 04:03:02,968 - cinemas.cinema_city - INFO - STARTED CINEMA CITY BEER_SHEVA
2026-01-04 04:03:07,282 - cinemas.cinema_city - INFO - DONE CINEMA CITY BEER_SHEVA
2026-01-04 04:03:07,282 - cinemas.cinema_city - INFO - STARTED CINEMA CITY HADERA
2026-01-04 04:03:08,570 - cinemas.cinema_city - INFO - DONE CINEMA CITY HADERA
2026-01-04 04:03:08,570 - cinemas.cinema_city - INFO - STARTED CINEMA CITY ASHDOD
2026-01-04 04:03:15,023 - cinemas.cinema_city - INFO - DONE CINEMA CITY ASHDOD
2026-01-04 04:03:15,098 - proxy - INFO - Proxy removed
2026-01-04 04:03:15,098 - cinemas.cinema_city - INFO - DONE CINEMA CITY
2026-01-04 04:03:15,098 - cinemas.lev - INFO - STARTED LEV
2026-01-04 04:03:17,875 - proxy - INFO - Proxy: {'YourFuckingIPAddress': '77.91.69.236', 'YourFuckingLocation': 'Tel Aviv, TA, Israel', 'YourFuckingHostname': 'static.236.69.91.77.ip.webhost1.net', 'YourFuckingISP': 'Webhost LLC', 'YourFuckingTorExit': False, 'YourFuckingCity': 'Tel Aviv', 'YourFuckingCountry': 'Israel', 'YourFuckingCountryCode': 'IL'}
2026-01-04 04:03:17,875 - cinemas.lev - INFO - STARTED LEV TEL_AVIV
2026-01-04 04:03:19,459 - cinemas.lev - INFO - DONE LEV TEL_AVIV
2026-01-04 04:03:19,459 - cinemas.lev - INFO - STARTED LEV RAMAT_HASHARON
2026-01-04 04:03:20,384 - cinemas.lev - INFO - DONE LEV RAMAT_HASHARON
2026-01-04 04:03:20,384 - cinemas.lev - INFO - STARTED LEV MANDARIN
2026-01-04 04:03:20,953 - cinemas.lev - INFO - DONE LEV MANDARIN
2026-01-04 04:03:20,953 - cinemas.lev - INFO - STARTED LEV EVEN_YEHUDA
2026-01-04 04:03:21,495 - cinemas.lev - INFO - DONE LEV EVEN_YEHUDA
2026-01-04 04:03:21,495 - cinemas.lev - INFO - STARTED LEV SMADAR
2026-01-04 04:03:21,928 - cinemas.lev - INFO - DONE LEV SMADAR
2026-01-04 04:03:21,928 - cinemas.lev - INFO - STARTED LEV RAANANA
2026-01-04 04:03:22,431 - cinemas.lev - INFO - DONE LEV RAANANA
2026-01-04 04:03:22,432 - cinemas.lev - INFO - STARTED LEV OMER
2026-01-04 04:03:22,911 - cinemas.lev - INFO - DONE LEV OMER
2026-01-04 04:03:22,911 - cinemas.lev - INFO - STARTED LEV SHOHAM
2026-01-04 04:03:23,475 - cinemas.lev - INFO - DONE LEV SHOHAM
2026-01-04 04:03:23,475 - cinemas.lev - INFO - STARTED LEV DANIEL
2026-01-04 04:03:24,050 - cinemas.lev - INFO - DONE LEV DANIEL
2026-01-04 04:03:24,111 - proxy - INFO - Proxy removed
2026-01-04 04:03:24,112 - cinemas.lev - INFO - DONE LEV
2026-01-04 04:03:24,112 - cinemas.movieland - INFO - STARTED Movie Land
2026-01-04 04:03:24,112 - cinemas.movieland - INFO - STARTED Movie Land CARMIEL
2026-01-04 04:03:24,211 - cinemas.movieland - INFO - STARTED Movie Land HAIFA
2026-01-04 04:03:24,261 - cinemas.movieland - INFO - STARTED Movie Land NATANYA
2026-01-04 04:03:24,314 - cinemas.movieland - INFO - DONE Movie Land
2026-01-04 04:03:24,315 - retry.api - WARNING - AssertionError: movieland returned empty list in __main__.unsafe_get_screenings_from_cinema, retrying in 1 seconds...
2026-01-04 04:03:25,315 - cinemas.movieland - INFO - STARTED Movie Land
2026-01-04 04:03:25,315 - cinemas.movieland - INFO - STARTED Movie Land CARMIEL
2026-01-04 04:03:25,362 - cinemas.movieland - INFO - STARTED Movie Land HAIFA
2026-01-04 04:03:25,420 - cinemas.movieland - INFO - STARTED Movie Land NATANYA
2026-01-04 04:03:25,474 - cinemas.movieland - INFO - DONE Movie Land
2026-01-04 04:03:25,474 - retry.api - WARNING - AssertionError: movieland returned empty list in __main__.unsafe_get_screenings_from_cinema, retrying in 2 seconds...
2026-01-04 04:03:27,475 - cinemas.movieland - INFO - STARTED Movie Land
2026-01-04 04:03:27,475 - cinemas.movieland - INFO - STARTED Movie Land CARMIEL
2026-01-04 04:03:27,526 - cinemas.movieland - INFO - STARTED Movie Land HAIFA
2026-01-04 04:03:27,575 - cinemas.movieland - INFO - STARTED Movie Land NATANYA
2026-01-04 04:03:27,633 - cinemas.movieland - INFO - DONE Movie Land
2026-01-04 04:03:27,633 - root - ERROR - movieland crashed: movieland returned empty list
2026-01-04 04:03:27,633 - root - INFO - ********************
2026-01-04 04:03:27,633 - root - INFO - started checking for:06-01-2026
2026-01-04 04:03:27,633 - cinemas.yes_planet - INFO - STARTED YES PLANET
2026-01-04 04:03:27,633 - cinemas.yes_planet - INFO - STARTED YES PLANET RISHON
2026-01-04 04:03:29,651 - cinemas.yes_planet - INFO - DONE YES PLANET RISHON
2026-01-04 04:03:29,651 - cinemas.yes_planet - INFO - STARTED YES PLANET AYALON
2026-01-04 04:03:30,927 - cinemas.yes_planet - INFO - DONE YES PLANET AYALON
2026-01-04 04:03:30,927 - cinemas.yes_planet - INFO - STARTED YES PLANET ZICHRON
2026-01-04 04:03:31,547 - cinemas.yes_planet - INFO - DONE YES PLANET ZICHRON
2026-01-04 04:03:31,547 - cinemas.yes_planet - INFO - STARTED YES PLANET HAIFA
2026-01-04 04:03:32,737 - cinemas.yes_planet - INFO - DONE YES PLANET HAIFA
2026-01-04 04:03:32,737 - cinemas.yes_planet - INFO - STARTED YES PLANET JERUSALEM
2026-01-04 04:03:33,334 - cinemas.yes_planet - INFO - DONE YES PLANET JERUSALEM
2026-01-04 04:03:33,334 - cinemas.yes_planet - INFO - STARTED YES PLANET BEER_SHEVA
2026-01-04 04:03:34,044 - cinemas.yes_planet - INFO - DONE YES PLANET BEER_SHEVA
2026-01-04 04:03:34,044 - cinemas.yes_planet - INFO - DONE YES PLANET
2026-01-04 04:03:34,044 - cinemas.rav_hen - INFO - STARTED RAV HEN
2026-01-04 04:03:34,044 - cinemas.rav_hen - INFO - STARTED RAV HEN GIVATAIM
2026-01-04 04:03:35,201 - cinemas.rav_hen - INFO - DONE RAV HEN GIVATAIM
2026-01-04 04:03:35,201 - cinemas.rav_hen - INFO - STARTED RAV HEN DIZINGOF
2026-01-04 04:03:35,763 - cinemas.rav_hen - INFO - DONE RAV HEN DIZINGOF
2026-01-04 04:03:35,763 - cinemas.rav_hen - INFO - STARTED RAV HEN MODIIN
2026-01-04 04:03:36,213 - cinemas.rav_hen - INFO - DONE RAV HEN MODIIN
2026-01-04 04:03:36,213 - cinemas.rav_hen - INFO - STARTED RAV HEN KIRYAT_ONO
2026-01-04 04:03:36,620 - cinemas.rav_hen - INFO - DONE RAV HEN KIRYAT_ONO
2026-01-04 04:03:36,620 - cinemas.rav_hen - INFO - DONE RAV HEN
2026-01-04 04:03:36,620 - cinemas.hot_cinema - INFO - STARTED HOT CINEMA
2026-01-04 04:03:36,620 - cinemas.hot_cinema - INFO - STARTED HOT CINEMA MODIIN
2026-01-04 04:03:36,929 - root - ERROR - hot cinema crashed
Traceback (most recent call last):
  File "/opt/hostedtoolcache/Python/3.11.14/x64/lib/python3.11/site-packages/requests/models.py", line 976, in json
    return complexjson.loads(self.text, **kwargs)
           ^^^^^^^^^^^^^^^^^^^^^^^^^^^^^^^^^^^^^^
  File "/opt/hostedtoolcache/Python/3.11.14/x64/lib/python3.11/json/__init__.py", line 346, in loads
    return _default_decoder.decode(s)
           ^^^^^^^^^^^^^^^^^^^^^^^^^^
  File "/opt/hostedtoolcache/Python/3.11.14/x64/lib/python3.11/json/decoder.py", line 337, in decode
    obj, end = self.raw_decode(s, idx=_w(s, 0).end())
               ^^^^^^^^^^^^^^^^^^^^^^^^^^^^^^^^^^^^^^
  File "/opt/hostedtoolcache/Python/3.11.14/x64/lib/python3.11/json/decoder.py", line 355, in raw_decode
    raise JSONDecodeError("Expecting value", s, err.value) from None
json.decoder.JSONDecodeError: Expecting value: line 1 column 1 (char 0)

During handling of the above exception, another exception occurred:

Traceback (most recent call last):
  File "/home/runner/work/Movie-Time-Server/Movie-Time-Server/main.py", line 56, in get_screenings_from_cinema
    return unsafe_get_screenings_from_cinema(get_screening, cinema, date, s)
           ^^^^^^^^^^^^^^^^^^^^^^^^^^^^^^^^^^^^^^^^^^^^^^^^^^^^^^^^^^^^^^^^^
  File "/opt/hostedtoolcache/Python/3.11.14/x64/lib/python3.11/site-packages/decorator.py", line 235, in fun
    return caller(func, *(extras + args), **kw)
           ^^^^^^^^^^^^^^^^^^^^^^^^^^^^^^^^^^^^
  File "/opt/hostedtoolcache/Python/3.11.14/x64/lib/python3.11/site-packages/retry/api.py", line 90, in retry_decorator
    return __retry_internal(partial(f, *args, **kwargs), exceptions, tries, delay, max_delay, backoff, jitter,
           ^^^^^^^^^^^^^^^^^^^^^^^^^^^^^^^^^^^^^^^^^^^^^^^^^^^^^^^^^^^^^^^^^^^^^^^^^^^^^^^^^^^^^^^^^^^^^^^^^^^
  File "/opt/hostedtoolcache/Python/3.11.14/x64/lib/python3.11/site-packages/retry/api.py", line 35, in __retry_internal
    return f()
           ^^^
  File "/home/runner/work/Movie-Time-Server/Movie-Time-Server/main.py", line 71, in unsafe_get_screenings_from_cinema
    screenings = get_screening(year, month, day, s)
                 ^^^^^^^^^^^^^^^^^^^^^^^^^^^^^^^^^^
  File "/home/runner/work/Movie-Time-Server/Movie-Time-Server/cinemas/hot_cinema.py", line 131, in get_screenings
    screenings.extend(get_by_location(location, date, s))
                      ^^^^^^^^^^^^^^^^^^^^^^^^^^^^^^^^^^
  File "/home/runner/work/Movie-Time-Server/Movie-Time-Server/cinemas/hot_cinema.py", line 104, in get_by_location
    res = s.get(url).json()
          ^^^^^^^^^^^^^^^^^
  File "/opt/hostedtoolcache/Python/3.11.14/x64/lib/python3.11/site-packages/requests/models.py", line 980, in json
    raise RequestsJSONDecodeError(e.msg, e.doc, e.pos)
requests.exceptions.JSONDecodeError: Expecting value: line 1 column 1 (char 0)
2026-01-04 04:03:36,930 - cinemas.cinema_city - INFO - STARTED CINEMA CITY
2026-01-04 04:03:39,624 - proxy - INFO - Proxy: {'YourFuckingIPAddress': '77.91.69.236', 'YourFuckingLocation': 'Tel Aviv, TA, Israel', 'YourFuckingHostname': 'static.236.69.91.77.ip.webhost1.net', 'YourFuckingISP': 'Webhost LLC', 'YourFuckingTorExit': False, 'YourFuckingCity': 'Tel Aviv', 'YourFuckingCountry': 'Israel', 'YourFuckingCountryCode': 'IL'}
2026-01-04 04:03:39,624 - cinemas.cinema_city - INFO - STARTED CINEMA CITY GLILOT
2026-01-04 04:04:16,352 - cinemas.cinema_city - INFO - DONE CINEMA CITY GLILOT
2026-01-04 04:04:16,352 - cinemas.cinema_city - INFO - STARTED CINEMA CITY RISHON
2026-01-04 04:04:30,146 - cinemas.cinema_city - INFO - DONE CINEMA CITY RISHON
2026-01-04 04:04:30,146 - cinemas.cinema_city - INFO - STARTED CINEMA CITY JERUSALEM
2026-01-04 04:04:34,431 - cinemas.cinema_city - INFO - DONE CINEMA CITY JERUSALEM
2026-01-04 04:04:34,431 - cinemas.cinema_city - INFO - STARTED CINEMA CITY KFAR_SABBA
2026-01-04 04:04:35,921 - cinemas.cinema_city - INFO - DONE CINEMA CITY KFAR_SABBA
2026-01-04 04:04:35,921 - cinemas.cinema_city - INFO - STARTED CINEMA CITY NATANIA
2026-01-04 04:04:37,236 - cinemas.cinema_city - INFO - DONE CINEMA CITY NATANIA
2026-01-04 04:04:37,236 - cinemas.cinema_city - INFO - STARTED CINEMA CITY BEER_SHEVA
2026-01-04 04:04:38,345 - cinemas.cinema_city - INFO - DONE CINEMA CITY BEER_SHEVA
2026-01-04 04:04:38,345 - cinemas.cinema_city - INFO - STARTED CINEMA CITY HADERA
2026-01-04 04:04:39,358 - cinemas.cinema_city - INFO - DONE CINEMA CITY HADERA
2026-01-04 04:04:39,358 - cinemas.cinema_city - INFO - STARTED CINEMA CITY ASHDOD
2026-01-04 04:04:42,674 - cinemas.cinema_city - INFO - DONE CINEMA CITY ASHDOD
2026-01-04 04:04:42,750 - proxy - INFO - Proxy removed
2026-01-04 04:04:42,751 - cinemas.cinema_city - INFO - DONE CINEMA CITY
2026-01-04 04:04:42,751 - cinemas.lev - INFO - STARTED LEV
2026-01-04 04:04:45,749 - proxy - INFO - Proxy: {'YourFuckingIPAddress': '77.91.69.236', 'YourFuckingLocation': 'Tel Aviv, TA, Israel', 'YourFuckingHostname': 'static.236.69.91.77.ip.webhost1.net', 'YourFuckingISP': 'Webhost LLC', 'YourFuckingTorExit': False, 'YourFuckingCity': 'Tel Aviv', 'YourFuckingCountry': 'Israel', 'YourFuckingCountryCode': 'IL'}
2026-01-04 04:04:45,749 - cinemas.lev - INFO - STARTED LEV TEL_AVIV
2026-01-04 04:04:47,049 - cinemas.lev - INFO - DONE LEV TEL_AVIV
2026-01-04 04:04:47,049 - cinemas.lev - INFO - STARTED LEV RAMAT_HASHARON
2026-01-04 04:04:47,855 - cinemas.lev - INFO - DONE LEV RAMAT_HASHARON
2026-01-04 04:04:47,855 - cinemas.lev - INFO - STARTED LEV MANDARIN
2026-01-04 04:04:48,238 - cinemas.lev - INFO - DONE LEV MANDARIN
2026-01-04 04:04:48,238 - cinemas.lev - INFO - STARTED LEV EVEN_YEHUDA
2026-01-04 04:04:48,794 - cinemas.lev - INFO - DONE LEV EVEN_YEHUDA
2026-01-04 04:04:48,794 - cinemas.lev - INFO - STARTED LEV SMADAR
2026-01-04 04:04:49,232 - cinemas.lev - INFO - DONE LEV SMADAR
2026-01-04 04:04:49,232 - cinemas.lev - INFO - STARTED LEV RAANANA
2026-01-04 04:04:49,824 - cinemas.lev - INFO - DONE LEV RAANANA
2026-01-04 04:04:49,824 - cinemas.lev - INFO - STARTED LEV OMER
2026-01-04 04:04:50,306 - cinemas.lev - INFO - DONE LEV OMER
2026-01-04 04:04:50,306 - cinemas.lev - INFO - STARTED LEV SHOHAM
2026-01-04 04:04:50,871 - cinemas.lev - INFO - DONE LEV SHOHAM
2026-01-04 04:04:50,871 - cinemas.lev - INFO - STARTED LEV DANIEL
2026-01-04 04:04:51,448 - cinemas.lev - INFO - DONE LEV DANIEL
2026-01-04 04:04:51,509 - proxy - INFO - Proxy removed
2026-01-04 04:04:51,509 - cinemas.lev - INFO - DONE LEV
2026-01-04 04:04:51,509 - cinemas.movieland - INFO - STARTED Movie Land
2026-01-04 04:04:51,509 - cinemas.movieland - INFO - STARTED Movie Land CARMIEL
2026-01-04 04:04:51,570 - cinemas.movieland - INFO - STARTED Movie Land HAIFA
2026-01-04 04:04:51,620 - cinemas.movieland - INFO - STARTED Movie Land NATANYA
2026-01-04 04:04:51,715 - cinemas.movieland - INFO - DONE Movie Land
2026-01-04 04:04:51,715 - retry.api - WARNING - AssertionError: movieland returned empty list in __main__.unsafe_get_screenings_from_cinema, retrying in 1 seconds...
2026-01-04 04:04:52,715 - cinemas.movieland - INFO - STARTED Movie Land
2026-01-04 04:04:52,715 - cinemas.movieland - INFO - STARTED Movie Land CARMIEL
2026-01-04 04:04:52,766 - cinemas.movieland - INFO - STARTED Movie Land HAIFA
2026-01-04 04:04:52,813 - cinemas.movieland - INFO - STARTED Movie Land NATANYA
2026-01-04 04:04:52,870 - cinemas.movieland - INFO - DONE Movie Land
2026-01-04 04:04:52,870 - retry.api - WARNING - AssertionError: movieland returned empty list in __main__.unsafe_get_screenings_from_cinema, retrying in 2 seconds...
2026-01-04 04:04:54,871 - cinemas.movieland - INFO - STARTED Movie Land
2026-01-04 04:04:54,871 - cinemas.movieland - INFO - STARTED Movie Land CARMIEL
2026-01-04 04:04:54,920 - cinemas.movieland - INFO - STARTED Movie Land HAIFA
2026-01-04 04:04:54,972 - cinemas.movieland - INFO - STARTED Movie Land NATANYA
2026-01-04 04:04:55,027 - cinemas.movieland - INFO - DONE Movie Land
2026-01-04 04:04:55,027 - root - ERROR - movieland crashed: movieland returned empty list
2026-01-04 04:04:55,027 - root - INFO - ********************
2026-01-04 04:04:55,027 - root - INFO - started checking for:07-01-2026
2026-01-04 04:04:55,028 - cinemas.yes_planet - INFO - STARTED YES PLANET
2026-01-04 04:04:55,028 - cinemas.yes_planet - INFO - STARTED YES PLANET RISHON
2026-01-04 04:04:56,262 - cinemas.yes_planet - INFO - DONE YES PLANET RISHON
2026-01-04 04:04:56,262 - cinemas.yes_planet - INFO - STARTED YES PLANET AYALON
2026-01-04 04:04:56,863 - cinemas.yes_planet - INFO - DONE YES PLANET AYALON
2026-01-04 04:04:56,863 - cinemas.yes_planet - INFO - STARTED YES PLANET ZICHRON
2026-01-04 04:04:57,435 - cinemas.yes_planet - INFO - DONE YES PLANET ZICHRON
2026-01-04 04:04:57,435 - cinemas.yes_planet - INFO - STARTED YES PLANET HAIFA
2026-01-04 04:04:58,037 - cinemas.yes_planet - INFO - DONE YES PLANET HAIFA
2026-01-04 04:04:58,037 - cinemas.yes_planet - INFO - STARTED YES PLANET JERUSALEM
2026-01-04 04:04:58,725 - cinemas.yes_planet - INFO - DONE YES PLANET JERUSALEM
2026-01-04 04:04:58,725 - cinemas.yes_planet - INFO - STARTED YES PLANET BEER_SHEVA
2026-01-04 04:04:59,352 - cinemas.yes_planet - INFO - DONE YES PLANET BEER_SHEVA
2026-01-04 04:04:59,352 - cinemas.yes_planet - INFO - DONE YES PLANET
2026-01-04 04:04:59,352 - cinemas.rav_hen - INFO - STARTED RAV HEN
2026-01-04 04:04:59,352 - cinemas.rav_hen - INFO - STARTED RAV HEN GIVATAIM
2026-01-04 04:04:59,976 - cinemas.rav_hen - INFO - DONE RAV HEN GIVATAIM
2026-01-04 04:04:59,976 - cinemas.rav_hen - INFO - STARTED RAV HEN DIZINGOF
2026-01-04 04:05:00,437 - cinemas.rav_hen - INFO - DONE RAV HEN DIZINGOF
2026-01-04 04:05:00,437 - cinemas.rav_hen - INFO - STARTED RAV HEN MODIIN
2026-01-04 04:05:00,907 - cinemas.rav_hen - INFO - DONE RAV HEN MODIIN
2026-01-04 04:05:00,907 - cinemas.rav_hen - INFO - STARTED RAV HEN KIRYAT_ONO
2026-01-04 04:05:01,375 - cinemas.rav_hen - INFO - DONE RAV HEN KIRYAT_ONO
2026-01-04 04:05:01,375 - cinemas.rav_hen - INFO - DONE RAV HEN
2026-01-04 04:05:01,375 - cinemas.hot_cinema - INFO - STARTED HOT CINEMA
2026-01-04 04:05:01,375 - cinemas.hot_cinema - INFO - STARTED HOT CINEMA MODIIN
2026-01-04 04:05:01,620 - root - ERROR - hot cinema crashed
Traceback (most recent call last):
  File "/opt/hostedtoolcache/Python/3.11.14/x64/lib/python3.11/site-packages/requests/models.py", line 976, in json
    return complexjson.loads(self.text, **kwargs)
           ^^^^^^^^^^^^^^^^^^^^^^^^^^^^^^^^^^^^^^
  File "/opt/hostedtoolcache/Python/3.11.14/x64/lib/python3.11/json/__init__.py", line 346, in loads
    return _default_decoder.decode(s)
           ^^^^^^^^^^^^^^^^^^^^^^^^^^
  File "/opt/hostedtoolcache/Python/3.11.14/x64/lib/python3.11/json/decoder.py", line 337, in decode
    obj, end = self.raw_decode(s, idx=_w(s, 0).end())
               ^^^^^^^^^^^^^^^^^^^^^^^^^^^^^^^^^^^^^^
  File "/opt/hostedtoolcache/Python/3.11.14/x64/lib/python3.11/json/decoder.py", line 355, in raw_decode
    raise JSONDecodeError("Expecting value", s, err.value) from None
json.decoder.JSONDecodeError: Expecting value: line 1 column 1 (char 0)

During handling of the above exception, another exception occurred:

Traceback (most recent call last):
  File "/home/runner/work/Movie-Time-Server/Movie-Time-Server/main.py", line 56, in get_screenings_from_cinema
    return unsafe_get_screenings_from_cinema(get_screening, cinema, date, s)
           ^^^^^^^^^^^^^^^^^^^^^^^^^^^^^^^^^^^^^^^^^^^^^^^^^^^^^^^^^^^^^^^^^
  File "/opt/hostedtoolcache/Python/3.11.14/x64/lib/python3.11/site-packages/decorator.py", line 235, in fun
    return caller(func, *(extras + args), **kw)
           ^^^^^^^^^^^^^^^^^^^^^^^^^^^^^^^^^^^^
  File "/opt/hostedtoolcache/Python/3.11.14/x64/lib/python3.11/site-packages/retry/api.py", line 90, in retry_decorator
    return __retry_internal(partial(f, *args, **kwargs), exceptions, tries, delay, max_delay, backoff, jitter,
           ^^^^^^^^^^^^^^^^^^^^^^^^^^^^^^^^^^^^^^^^^^^^^^^^^^^^^^^^^^^^^^^^^^^^^^^^^^^^^^^^^^^^^^^^^^^^^^^^^^^
  File "/opt/hostedtoolcache/Python/3.11.14/x64/lib/python3.11/site-packages/retry/api.py", line 35, in __retry_internal
    return f()
           ^^^
  File "/home/runner/work/Movie-Time-Server/Movie-Time-Server/main.py", line 71, in unsafe_get_screenings_from_cinema
    screenings = get_screening(year, month, day, s)
                 ^^^^^^^^^^^^^^^^^^^^^^^^^^^^^^^^^^
  File "/home/runner/work/Movie-Time-Server/Movie-Time-Server/cinemas/hot_cinema.py", line 131, in get_screenings
    screenings.extend(get_by_location(location, date, s))
                      ^^^^^^^^^^^^^^^^^^^^^^^^^^^^^^^^^^
  File "/home/runner/work/Movie-Time-Server/Movie-Time-Server/cinemas/hot_cinema.py", line 104, in get_by_location
    res = s.get(url).json()
          ^^^^^^^^^^^^^^^^^
  File "/opt/hostedtoolcache/Python/3.11.14/x64/lib/python3.11/site-packages/requests/models.py", line 980, in json
    raise RequestsJSONDecodeError(e.msg, e.doc, e.pos)
requests.exceptions.JSONDecodeError: Expecting value: line 1 column 1 (char 0)
2026-01-04 04:05:01,621 - cinemas.cinema_city - INFO - STARTED CINEMA CITY
2026-01-04 04:05:04,222 - proxy - INFO - Proxy: {'YourFuckingIPAddress': '77.91.69.236', 'YourFuckingLocation': 'Tel Aviv, TA, Israel', 'YourFuckingHostname': 'static.236.69.91.77.ip.webhost1.net', 'YourFuckingISP': 'Webhost LLC', 'YourFuckingTorExit': False, 'YourFuckingCity': 'Tel Aviv', 'YourFuckingCountry': 'Israel', 'YourFuckingCountryCode': 'IL'}
2026-01-04 04:05:04,222 - cinemas.cinema_city - INFO - STARTED CINEMA CITY GLILOT
2026-01-04 04:05:23,887 - cinemas.cinema_city - INFO - DONE CINEMA CITY GLILOT
2026-01-04 04:05:23,887 - cinemas.cinema_city - INFO - STARTED CINEMA CITY RISHON
2026-01-04 04:05:25,325 - cinemas.cinema_city - INFO - DONE CINEMA CITY RISHON
2026-01-04 04:05:25,325 - cinemas.cinema_city - INFO - STARTED CINEMA CITY JERUSALEM
2026-01-04 04:05:26,707 - cinemas.cinema_city - INFO - DONE CINEMA CITY JERUSALEM
2026-01-04 04:05:26,707 - cinemas.cinema_city - INFO - STARTED CINEMA CITY KFAR_SABBA
2026-01-04 04:05:28,350 - cinemas.cinema_city - INFO - DONE CINEMA CITY KFAR_SABBA
2026-01-04 04:05:28,350 - cinemas.cinema_city - INFO - STARTED CINEMA CITY NATANIA
2026-01-04 04:05:34,831 - cinemas.cinema_city - INFO - DONE CINEMA CITY NATANIA
2026-01-04 04:05:34,831 - cinemas.cinema_city - INFO - STARTED CINEMA CITY BEER_SHEVA
2026-01-04 04:05:36,368 - cinemas.cinema_city - INFO - DONE CINEMA CITY BEER_SHEVA
2026-01-04 04:05:36,368 - cinemas.cinema_city - INFO - STARTED CINEMA CITY HADERA
2026-01-04 04:05:37,752 - cinemas.cinema_city - INFO - DONE CINEMA CITY HADERA
2026-01-04 04:05:37,752 - cinemas.cinema_city - INFO - STARTED CINEMA CITY ASHDOD
2026-01-04 04:05:39,394 - cinemas.cinema_city - INFO - DONE CINEMA CITY ASHDOD
2026-01-04 04:05:39,466 - proxy - INFO - Proxy removed
2026-01-04 04:05:39,466 - cinemas.cinema_city - INFO - DONE CINEMA CITY
2026-01-04 04:05:39,466 - cinemas.lev - INFO - STARTED LEV
2026-01-04 04:05:42,310 - proxy - INFO - Proxy: {'YourFuckingIPAddress': '77.91.69.236', 'YourFuckingLocation': 'Tel Aviv, TA, Israel', 'YourFuckingHostname': 'static.236.69.91.77.ip.webhost1.net', 'YourFuckingISP': 'Webhost LLC', 'YourFuckingTorExit': False, 'YourFuckingCity': 'Tel Aviv', 'YourFuckingCountry': 'Israel', 'YourFuckingCountryCode': 'IL'}
2026-01-04 04:05:42,310 - cinemas.lev - INFO - STARTED LEV TEL_AVIV
2026-01-04 04:05:43,692 - cinemas.lev - INFO - DONE LEV TEL_AVIV
2026-01-04 04:05:43,692 - cinemas.lev - INFO - STARTED LEV RAMAT_HASHARON
2026-01-04 04:05:44,514 - cinemas.lev - INFO - DONE LEV RAMAT_HASHARON
2026-01-04 04:05:44,514 - cinemas.lev - INFO - STARTED LEV MANDARIN
2026-01-04 04:05:44,967 - cinemas.lev - INFO - DONE LEV MANDARIN
2026-01-04 04:05:44,967 - cinemas.lev - INFO - STARTED LEV EVEN_YEHUDA
2026-01-04 04:05:45,504 - cinemas.lev - INFO - DONE LEV EVEN_YEHUDA
2026-01-04 04:05:45,504 - cinemas.lev - INFO - STARTED LEV SMADAR
2026-01-04 04:05:45,835 - cinemas.lev - INFO - DONE LEV SMADAR
2026-01-04 04:05:45,835 - cinemas.lev - INFO - STARTED LEV RAANANA
2026-01-04 04:05:46,332 - cinemas.lev - INFO - DONE LEV RAANANA
2026-01-04 04:05:46,333 - cinemas.lev - INFO - STARTED LEV OMER
2026-01-04 04:05:46,739 - cinemas.lev - INFO - DONE LEV OMER
2026-01-04 04:05:46,739 - cinemas.lev - INFO - STARTED LEV SHOHAM
2026-01-04 04:05:47,296 - cinemas.lev - INFO - DONE LEV SHOHAM
2026-01-04 04:05:47,296 - cinemas.lev - INFO - STARTED LEV DANIEL
2026-01-04 04:05:47,863 - cinemas.lev - INFO - DONE LEV DANIEL
2026-01-04 04:05:47,925 - proxy - INFO - Proxy removed
2026-01-04 04:05:47,925 - cinemas.lev - INFO - DONE LEV
2026-01-04 04:05:47,925 - cinemas.movieland - INFO - STARTED Movie Land
2026-01-04 04:05:47,925 - cinemas.movieland - INFO - STARTED Movie Land CARMIEL
2026-01-04 04:05:48,018 - cinemas.movieland - INFO - STARTED Movie Land HAIFA
2026-01-04 04:05:48,065 - cinemas.movieland - INFO - STARTED Movie Land NATANYA
2026-01-04 04:05:48,116 - cinemas.movieland - INFO - DONE Movie Land
2026-01-04 04:05:48,116 - retry.api - WARNING - AssertionError: movieland returned empty list in __main__.unsafe_get_screenings_from_cinema, retrying in 1 seconds...
2026-01-04 04:05:49,117 - cinemas.movieland - INFO - STARTED Movie Land
2026-01-04 04:05:49,117 - cinemas.movieland - INFO - STARTED Movie Land CARMIEL
2026-01-04 04:05:49,172 - cinemas.movieland - INFO - STARTED Movie Land HAIFA
2026-01-04 04:05:49,221 - cinemas.movieland - INFO - STARTED Movie Land NATANYA
2026-01-04 04:05:49,269 - cinemas.movieland - INFO - DONE Movie Land
2026-01-04 04:05:49,269 - retry.api - WARNING - AssertionError: movieland returned empty list in __main__.unsafe_get_screenings_from_cinema, retrying in 2 seconds...
2026-01-04 04:05:51,269 - cinemas.movieland - INFO - STARTED Movie Land
2026-01-04 04:05:51,270 - cinemas.movieland - INFO - STARTED Movie Land CARMIEL
2026-01-04 04:05:51,321 - cinemas.movieland - INFO - STARTED Movie Land HAIFA
2026-01-04 04:05:51,365 - cinemas.movieland - INFO - STARTED Movie Land NATANYA
2026-01-04 04:05:51,412 - cinemas.movieland - INFO - DONE Movie Land
2026-01-04 04:05:51,412 - root - ERROR - movieland crashed: movieland returned empty list
2026-01-04 04:05:51,412 - root - INFO - ********************
2026-01-04 04:05:51,412 - root - INFO - started checking for:08-01-2026
2026-01-04 04:05:51,413 - cinemas.yes_planet - INFO - STARTED YES PLANET
2026-01-04 04:05:51,413 - cinemas.yes_planet - INFO - STARTED YES PLANET RISHON
2026-01-04 04:05:51,878 - cinemas.yes_planet - INFO - DONE YES PLANET RISHON
2026-01-04 04:05:51,878 - cinemas.yes_planet - INFO - STARTED YES PLANET AYALON
2026-01-04 04:05:52,362 - cinemas.yes_planet - INFO - DONE YES PLANET AYALON
2026-01-04 04:05:52,362 - cinemas.yes_planet - INFO - STARTED YES PLANET ZICHRON
2026-01-04 04:05:52,811 - cinemas.yes_planet - INFO - DONE YES PLANET ZICHRON
2026-01-04 04:05:52,811 - cinemas.yes_planet - INFO - STARTED YES PLANET HAIFA
2026-01-04 04:05:53,237 - cinemas.yes_planet - INFO - DONE YES PLANET HAIFA
2026-01-04 04:05:53,237 - cinemas.yes_planet - INFO - STARTED YES PLANET JERUSALEM
2026-01-04 04:05:53,636 - cinemas.yes_planet - INFO - DONE YES PLANET JERUSALEM
2026-01-04 04:05:53,636 - cinemas.yes_planet - INFO - STARTED YES PLANET BEER_SHEVA
2026-01-04 04:05:54,097 - cinemas.yes_planet - INFO - DONE YES PLANET BEER_SHEVA
2026-01-04 04:05:54,097 - cinemas.yes_planet - INFO - DONE YES PLANET
2026-01-04 04:05:54,097 - retry.api - WARNING - AssertionError: yes planet returned empty list in __main__.unsafe_get_screenings_from_cinema, retrying in 1 seconds...
2026-01-04 04:05:55,097 - cinemas.yes_planet - INFO - STARTED YES PLANET
2026-01-04 04:05:55,098 - cinemas.yes_planet - INFO - STARTED YES PLANET RISHON
2026-01-04 04:05:55,115 - cinemas.yes_planet - INFO - DONE YES PLANET RISHON
2026-01-04 04:05:55,115 - cinemas.yes_planet - INFO - STARTED YES PLANET AYALON
2026-01-04 04:05:55,135 - cinemas.yes_planet - INFO - DONE YES PLANET AYALON
2026-01-04 04:05:55,135 - cinemas.yes_planet - INFO - STARTED YES PLANET ZICHRON
2026-01-04 04:05:55,159 - cinemas.yes_planet - INFO - DONE YES PLANET ZICHRON
2026-01-04 04:05:55,159 - cinemas.yes_planet - INFO - STARTED YES PLANET HAIFA
2026-01-04 04:05:55,205 - cinemas.yes_planet - INFO - DONE YES PLANET HAIFA
2026-01-04 04:05:55,206 - cinemas.yes_planet - INFO - STARTED YES PLANET JERUSALEM
2026-01-04 04:05:55,224 - cinemas.yes_planet - INFO - DONE YES PLANET JERUSALEM
2026-01-04 04:05:55,224 - cinemas.yes_planet - INFO - STARTED YES PLANET BEER_SHEVA
2026-01-04 04:05:55,243 - cinemas.yes_planet - INFO - DONE YES PLANET BEER_SHEVA
2026-01-04 04:05:55,243 - cinemas.yes_planet - INFO - DONE YES PLANET
2026-01-04 04:05:55,243 - retry.api - WARNING - AssertionError: yes planet returned empty list in __main__.unsafe_get_screenings_from_cinema, retrying in 2 seconds...
2026-01-04 04:05:57,243 - cinemas.yes_planet - INFO - STARTED YES PLANET
2026-01-04 04:05:57,243 - cinemas.yes_planet - INFO - STARTED YES PLANET RISHON
2026-01-04 04:05:57,260 - cinemas.yes_planet - INFO - DONE YES PLANET RISHON
2026-01-04 04:05:57,260 - cinemas.yes_planet - INFO - STARTED YES PLANET AYALON
2026-01-04 04:05:57,279 - cinemas.yes_planet - INFO - DONE YES PLANET AYALON
2026-01-04 04:05:57,279 - cinemas.yes_planet - INFO - STARTED YES PLANET ZICHRON
2026-01-04 04:05:57,296 - cinemas.yes_planet - INFO - DONE YES PLANET ZICHRON
2026-01-04 04:05:57,296 - cinemas.yes_planet - INFO - STARTED YES PLANET HAIFA
2026-01-04 04:05:57,319 - cinemas.yes_planet - INFO - DONE YES PLANET HAIFA
2026-01-04 04:05:57,319 - cinemas.yes_planet - INFO - STARTED YES PLANET JERUSALEM
2026-01-04 04:05:57,333 - cinemas.yes_planet - INFO - DONE YES PLANET JERUSALEM
2026-01-04 04:05:57,334 - cinemas.yes_planet - INFO - STARTED YES PLANET BEER_SHEVA
2026-01-04 04:05:57,355 - cinemas.yes_planet - INFO - DONE YES PLANET BEER_SHEVA
2026-01-04 04:05:57,355 - cinemas.yes_planet - INFO - DONE YES PLANET
2026-01-04 04:05:57,356 - root - ERROR - yes planet crashed: yes planet returned empty list
2026-01-04 04:05:57,356 - cinemas.rav_hen - INFO - STARTED RAV HEN
2026-01-04 04:05:57,356 - cinemas.rav_hen - INFO - STARTED RAV HEN GIVATAIM
2026-01-04 04:05:57,795 - cinemas.rav_hen - INFO - DONE RAV HEN GIVATAIM
2026-01-04 04:05:57,795 - cinemas.rav_hen - INFO - STARTED RAV HEN DIZINGOF
2026-01-04 04:05:58,211 - cinemas.rav_hen - INFO - DONE RAV HEN DIZINGOF
2026-01-04 04:05:58,211 - cinemas.rav_hen - INFO - STARTED RAV HEN MODIIN
2026-01-04 04:05:58,669 - cinemas.rav_hen - INFO - DONE RAV HEN MODIIN
2026-01-04 04:05:58,669 - cinemas.rav_hen - INFO - STARTED RAV HEN KIRYAT_ONO
2026-01-04 04:05:59,058 - cinemas.rav_hen - INFO - DONE RAV HEN KIRYAT_ONO
2026-01-04 04:05:59,058 - cinemas.rav_hen - INFO - DONE RAV HEN
2026-01-04 04:05:59,058 - retry.api - WARNING - AssertionError: rav hen returned empty list in __main__.unsafe_get_screenings_from_cinema, retrying in 1 seconds...
2026-01-04 04:06:00,058 - cinemas.rav_hen - INFO - STARTED RAV HEN
2026-01-04 04:06:00,058 - cinemas.rav_hen - INFO - STARTED RAV HEN GIVATAIM
2026-01-04 04:06:00,080 - cinemas.rav_hen - INFO - DONE RAV HEN GIVATAIM
2026-01-04 04:06:00,080 - cinemas.rav_hen - INFO - STARTED RAV HEN DIZINGOF
2026-01-04 04:06:00,107 - cinemas.rav_hen - INFO - DONE RAV HEN DIZINGOF
2026-01-04 04:06:00,107 - cinemas.rav_hen - INFO - STARTED RAV HEN MODIIN
2026-01-04 04:06:00,131 - cinemas.rav_hen - INFO - DONE RAV HEN MODIIN
2026-01-04 04:06:00,131 - cinemas.rav_hen - INFO - STARTED RAV HEN KIRYAT_ONO
2026-01-04 04:06:00,148 - cinemas.rav_hen - INFO - DONE RAV HEN KIRYAT_ONO
2026-01-04 04:06:00,148 - cinemas.rav_hen - INFO - DONE RAV HEN
2026-01-04 04:06:00,148 - retry.api - WARNING - AssertionError: rav hen returned empty list in __main__.unsafe_get_screenings_from_cinema, retrying in 2 seconds...
2026-01-04 04:06:02,148 - cinemas.rav_hen - INFO - STARTED RAV HEN
2026-01-04 04:06:02,149 - cinemas.rav_hen - INFO - STARTED RAV HEN GIVATAIM
2026-01-04 04:06:02,176 - cinemas.rav_hen - INFO - DONE RAV HEN GIVATAIM
2026-01-04 04:06:02,176 - cinemas.rav_hen - INFO - STARTED RAV HEN DIZINGOF
2026-01-04 04:06:02,208 - cinemas.rav_hen - INFO - DONE RAV HEN DIZINGOF
2026-01-04 04:06:02,208 - cinemas.rav_hen - INFO - STARTED RAV HEN MODIIN
2026-01-04 04:06:02,227 - cinemas.rav_hen - INFO - DONE RAV HEN MODIIN
2026-01-04 04:06:02,227 - cinemas.rav_hen - INFO - STARTED RAV HEN KIRYAT_ONO
2026-01-04 04:06:02,248 - cinemas.rav_hen - INFO - DONE RAV HEN KIRYAT_ONO
2026-01-04 04:06:02,248 - cinemas.rav_hen - INFO - DONE RAV HEN
2026-01-04 04:06:02,248 - root - ERROR - rav hen crashed: rav hen returned empty list
2026-01-04 04:06:02,248 - cinemas.hot_cinema - INFO - STARTED HOT CINEMA
2026-01-04 04:06:02,248 - cinemas.hot_cinema - INFO - STARTED HOT CINEMA MODIIN
2026-01-04 04:06:02,559 - root - ERROR - hot cinema crashed
Traceback (most recent call last):
  File "/opt/hostedtoolcache/Python/3.11.14/x64/lib/python3.11/site-packages/requests/models.py", line 976, in json
    return complexjson.loads(self.text, **kwargs)
           ^^^^^^^^^^^^^^^^^^^^^^^^^^^^^^^^^^^^^^
  File "/opt/hostedtoolcache/Python/3.11.14/x64/lib/python3.11/json/__init__.py", line 346, in loads
    return _default_decoder.decode(s)
           ^^^^^^^^^^^^^^^^^^^^^^^^^^
  File "/opt/hostedtoolcache/Python/3.11.14/x64/lib/python3.11/json/decoder.py", line 337, in decode
    obj, end = self.raw_decode(s, idx=_w(s, 0).end())
               ^^^^^^^^^^^^^^^^^^^^^^^^^^^^^^^^^^^^^^
  File "/opt/hostedtoolcache/Python/3.11.14/x64/lib/python3.11/json/decoder.py", line 355, in raw_decode
    raise JSONDecodeError("Expecting value", s, err.value) from None
json.decoder.JSONDecodeError: Expecting value: line 1 column 1 (char 0)

During handling of the above exception, another exception occurred:

Traceback (most recent call last):
  File "/home/runner/work/Movie-Time-Server/Movie-Time-Server/main.py", line 56, in get_screenings_from_cinema
    return unsafe_get_screenings_from_cinema(get_screening, cinema, date, s)
           ^^^^^^^^^^^^^^^^^^^^^^^^^^^^^^^^^^^^^^^^^^^^^^^^^^^^^^^^^^^^^^^^^
  File "/opt/hostedtoolcache/Python/3.11.14/x64/lib/python3.11/site-packages/decorator.py", line 235, in fun
    return caller(func, *(extras + args), **kw)
           ^^^^^^^^^^^^^^^^^^^^^^^^^^^^^^^^^^^^
  File "/opt/hostedtoolcache/Python/3.11.14/x64/lib/python3.11/site-packages/retry/api.py", line 90, in retry_decorator
    return __retry_internal(partial(f, *args, **kwargs), exceptions, tries, delay, max_delay, backoff, jitter,
           ^^^^^^^^^^^^^^^^^^^^^^^^^^^^^^^^^^^^^^^^^^^^^^^^^^^^^^^^^^^^^^^^^^^^^^^^^^^^^^^^^^^^^^^^^^^^^^^^^^^
  File "/opt/hostedtoolcache/Python/3.11.14/x64/lib/python3.11/site-packages/retry/api.py", line 35, in __retry_internal
    return f()
           ^^^
  File "/home/runner/work/Movie-Time-Server/Movie-Time-Server/main.py", line 71, in unsafe_get_screenings_from_cinema
    screenings = get_screening(year, month, day, s)
                 ^^^^^^^^^^^^^^^^^^^^^^^^^^^^^^^^^^
  File "/home/runner/work/Movie-Time-Server/Movie-Time-Server/cinemas/hot_cinema.py", line 131, in get_screenings
    screenings.extend(get_by_location(location, date, s))
                      ^^^^^^^^^^^^^^^^^^^^^^^^^^^^^^^^^^
  File "/home/runner/work/Movie-Time-Server/Movie-Time-Server/cinemas/hot_cinema.py", line 104, in get_by_location
    res = s.get(url).json()
          ^^^^^^^^^^^^^^^^^
  File "/opt/hostedtoolcache/Python/3.11.14/x64/lib/python3.11/site-packages/requests/models.py", line 980, in json
    raise RequestsJSONDecodeError(e.msg, e.doc, e.pos)
requests.exceptions.JSONDecodeError: Expecting value: line 1 column 1 (char 0)
2026-01-04 04:06:02,559 - cinemas.cinema_city - INFO - STARTED CINEMA CITY
2026-01-04 04:06:05,157 - proxy - INFO - Proxy: {'YourFuckingIPAddress': '77.91.69.236', 'YourFuckingLocation': 'Tel Aviv, TA, Israel', 'YourFuckingHostname': 'static.236.69.91.77.ip.webhost1.net', 'YourFuckingISP': 'Webhost LLC', 'YourFuckingTorExit': False, 'YourFuckingCity': 'Tel Aviv', 'YourFuckingCountry': 'Israel', 'YourFuckingCountryCode': 'IL'}
2026-01-04 04:06:05,157 - cinemas.cinema_city - INFO - STARTED CINEMA CITY GLILOT
2026-01-04 04:06:06,325 - cinemas.cinema_city - ERROR - NO DATE FOUND FOR GLILOT
2026-01-04 04:06:06,325 - cinemas.cinema_city - INFO - STARTED CINEMA CITY RISHON
2026-01-04 04:06:06,760 - cinemas.cinema_city - ERROR - NO DATE FOUND FOR RISHON
2026-01-04 04:06:06,760 - cinemas.cinema_city - INFO - STARTED CINEMA CITY JERUSALEM
2026-01-04 04:06:07,377 - cinemas.cinema_city - ERROR - NO DATE FOUND FOR JERUSALEM
2026-01-04 04:06:07,377 - cinemas.cinema_city - INFO - STARTED CINEMA CITY KFAR_SABBA
2026-01-04 04:06:07,935 - cinemas.cinema_city - ERROR - NO DATE FOUND FOR KFAR_SABBA
2026-01-04 04:06:07,935 - cinemas.cinema_city - INFO - STARTED CINEMA CITY NATANIA
2026-01-04 04:06:26,058 - cinemas.cinema_city - INFO - DONE CINEMA CITY NATANIA
2026-01-04 04:06:26,058 - cinemas.cinema_city - INFO - STARTED CINEMA CITY BEER_SHEVA
2026-01-04 04:06:26,440 - cinemas.cinema_city - ERROR - NO DATE FOUND FOR BEER_SHEVA
2026-01-04 04:06:26,440 - cinemas.cinema_city - INFO - STARTED CINEMA CITY HADERA
2026-01-04 04:06:26,802 - cinemas.cinema_city - ERROR - NO DATE FOUND FOR HADERA
2026-01-04 04:06:26,802 - cinemas.cinema_city - INFO - STARTED CINEMA CITY ASHDOD
2026-01-04 04:06:27,095 - cinemas.cinema_city - ERROR - NO DATE FOUND FOR ASHDOD
2026-01-04 04:06:27,162 - proxy - INFO - Proxy removed
2026-01-04 04:06:27,162 - cinemas.cinema_city - INFO - DONE CINEMA CITY
2026-01-04 04:06:27,162 - cinemas.lev - INFO - STARTED LEV
2026-01-04 04:06:29,961 - proxy - INFO - Proxy: {'YourFuckingIPAddress': '77.91.69.236', 'YourFuckingLocation': 'Tel Aviv, TA, Israel', 'YourFuckingHostname': 'static.236.69.91.77.ip.webhost1.net', 'YourFuckingISP': 'Webhost LLC', 'YourFuckingTorExit': False, 'YourFuckingCity': 'Tel Aviv', 'YourFuckingCountry': 'Israel', 'YourFuckingCountryCode': 'IL'}
2026-01-04 04:06:29,962 - cinemas.lev - INFO - STARTED LEV TEL_AVIV
2026-01-04 04:06:31,221 - cinemas.lev - INFO - DONE LEV TEL_AVIV
2026-01-04 04:06:31,221 - cinemas.lev - INFO - STARTED LEV RAMAT_HASHARON
2026-01-04 04:06:32,176 - cinemas.lev - INFO - DONE LEV RAMAT_HASHARON
2026-01-04 04:06:32,176 - cinemas.lev - INFO - STARTED LEV MANDARIN
2026-01-04 04:06:32,621 - cinemas.lev - INFO - DONE LEV MANDARIN
2026-01-04 04:06:32,621 - cinemas.lev - INFO - STARTED LEV EVEN_YEHUDA
2026-01-04 04:06:33,028 - cinemas.lev - INFO - DONE LEV EVEN_YEHUDA
2026-01-04 04:06:33,028 - cinemas.lev - INFO - STARTED LEV SMADAR
2026-01-04 04:06:33,500 - cinemas.lev - INFO - DONE LEV SMADAR
2026-01-04 04:06:33,500 - cinemas.lev - INFO - STARTED LEV RAANANA
2026-01-04 04:06:34,061 - cinemas.lev - INFO - DONE LEV RAANANA
2026-01-04 04:06:34,061 - cinemas.lev - INFO - STARTED LEV OMER
2026-01-04 04:06:34,525 - cinemas.lev - INFO - DONE LEV OMER
2026-01-04 04:06:34,525 - cinemas.lev - INFO - STARTED LEV SHOHAM
2026-01-04 04:06:35,069 - cinemas.lev - INFO - DONE LEV SHOHAM
2026-01-04 04:06:35,069 - cinemas.lev - INFO - STARTED LEV DANIEL
2026-01-04 04:06:35,628 - cinemas.lev - INFO - DONE LEV DANIEL
2026-01-04 04:06:35,689 - proxy - INFO - Proxy removed
2026-01-04 04:06:35,689 - cinemas.lev - INFO - DONE LEV
2026-01-04 04:06:35,690 - cinemas.movieland - INFO - STARTED Movie Land
2026-01-04 04:06:35,690 - cinemas.movieland - INFO - STARTED Movie Land CARMIEL
2026-01-04 04:06:35,792 - cinemas.movieland - INFO - STARTED Movie Land HAIFA
2026-01-04 04:06:35,838 - cinemas.movieland - INFO - STARTED Movie Land NATANYA
2026-01-04 04:06:35,915 - cinemas.movieland - INFO - DONE Movie Land
2026-01-04 04:06:35,915 - retry.api - WARNING - AssertionError: movieland returned empty list in __main__.unsafe_get_screenings_from_cinema, retrying in 1 seconds...
2026-01-04 04:06:36,916 - cinemas.movieland - INFO - STARTED Movie Land
2026-01-04 04:06:36,916 - cinemas.movieland - INFO - STARTED Movie Land CARMIEL
2026-01-04 04:06:36,965 - cinemas.movieland - INFO - STARTED Movie Land HAIFA
2026-01-04 04:06:37,011 - cinemas.movieland - INFO - STARTED Movie Land NATANYA
2026-01-04 04:06:37,054 - cinemas.movieland - INFO - DONE Movie Land
2026-01-04 04:06:37,054 - retry.api - WARNING - AssertionError: movieland returned empty list in __main__.unsafe_get_screenings_from_cinema, retrying in 2 seconds...
2026-01-04 04:06:39,054 - cinemas.movieland - INFO - STARTED Movie Land
2026-01-04 04:06:39,054 - cinemas.movieland - INFO - STARTED Movie Land CARMIEL
2026-01-04 04:06:39,104 - cinemas.movieland - INFO - STARTED Movie Land HAIFA
2026-01-04 04:06:39,152 - cinemas.movieland - INFO - STARTED Movie Land NATANYA
2026-01-04 04:06:39,203 - cinemas.movieland - INFO - DONE Movie Land
2026-01-04 04:06:39,204 - root - ERROR - movieland crashed: movieland returned empty list
2026-01-04 04:06:40,923 - seret.movie_info_fetchers.composite - INFO - Got info for  2 using ElasticMovieInfoFetcher
2026-01-04 04:06:41,728 - seret.movie_info_fetchers.composite - INFO - Got info for   using ElasticMovieInfoFetcher
2026-01-04 04:06:42,363 - seret.movie_info_fetchers.composite - INFO - Got info for  using ElasticMovieInfoFetcher
2026-01-04 04:06:43,756 - seret.movie_info_fetchers.composite - INFO - Got info for    using ElasticMovieInfoFetcher
2026-01-04 04:06:45,041 - seret.movie_info_fetchers.composite - INFO - Got info for   using ElasticMovieInfoFetcher
2026-01-04 04:06:46,596 - seret.movie_info_fetchers.composite - INFO - Got info for    using ElasticMovieInfoFetcher
2026-01-04 04:06:47,615 - seret.movie_info_fetchers.composite - INFO - Got info for  :    using ElasticMovieInfoFetcher
2026-01-04 04:06:48,493 - seret.movie_info_fetchers.composite - INFO - Got info for :   using ElasticMovieInfoFetcher
2026-01-04 04:06:51,308 - seret.movie_info_fetchers.composite - INFO - Got info for   using ElasticMovieInfoFetcher
2026-01-04 04:06:53,098 - seret.movie_info_fetchers.composite - INFO - Got info for   using ElasticMovieInfoFetcher
2026-01-04 04:06:54,089 - seret.movie_info_fetchers.composite - INFO - Got info for  using ElasticMovieInfoFetcher
2026-01-04 04:06:55,065 - seret.movie_info_fetchers.composite - INFO - Got info for  3 using ElasticMovieInfoFetcher
2026-01-04 04:06:56,201 - seret.movie_info_fetchers.composite - INFO - Got info for    using ElasticMovieInfoFetcher
2026-01-04 04:06:57,501 - seret.movie_info_fetchers.composite - INFO - Got info for   using ElasticMovieInfoFetcher
2026-01-04 04:06:58,697 - seret.movie_info_fetchers.composite - INFO - Got info for  using ElasticMovieInfoFetcher
2026-01-04 04:07:00,499 - seret.movie_info_fetchers.composite - INFO - Got info for  ...   using ElasticMovieInfoFetcher
2026-01-04 04:07:02,250 - seret.movie_info_fetchers.composite - INFO - Got info for   using ElasticMovieInfoFetcher
2026-01-04 04:07:03,113 - seret.movie_info_fetchers.composite - INFO - Got info for   using ElasticMovieInfoFetcher
2026-01-04 04:07:05,506 - seret.movie_info_fetchers.composite - INFO - Got info for    using ElasticMovieInfoFetcher
2026-01-04 04:07:07,134 - seret.movie_info_fetchers.composite - INFO - Got info for     2 using ElasticMovieInfoFetcher
2026-01-04 04:07:08,479 - seret.movie_info_fetchers.composite - INFO - Got info for  using ElasticMovieInfoFetcher
2026-01-04 04:07:09,188 - seret.movie_info_fetchers.composite - INFO - Got info for   using ElasticMovieInfoFetcher
2026-01-04 04:07:10,266 - seret.movie_info_fetchers.composite - INFO - Got info for    using ElasticMovieInfoFetcher
2026-01-04 04:07:11,566 - seret.movie_info_fetchers.composite - INFO - Got info for   -  using ElasticMovieInfoFetcher
2026-01-04 04:07:12,708 - seret.movie_info_fetchers.composite - INFO - Got info for   using ElasticMovieInfoFetcher
2026-01-04 04:07:13,318 - seret.movie_info_fetchers.composite - INFO - Got info for :  2 using ElasticMovieInfoFetcher
2026-01-04 04:07:14,140 - seret.movie_info_fetchers.composite - INFO - Got info for  using ElasticMovieInfoFetcher
2026-01-04 04:07:15,063 - seret.movie_info_fetchers.composite - INFO - Got info for   using ElasticMovieInfoFetcher
2026-01-04 04:07:15,977 - seret.movie_info_fetchers.composite - INFO - Got info for   using ElasticMovieInfoFetcher
2026-01-04 04:07:17,210 - seret.movie_info_fetchers.composite - INFO - Got info for    using ElasticMovieInfoFetcher
2026-01-04 04:07:17,803 - seret.movie_info_fetchers.composite - INFO - Got info for Avatar: Fire and Ash using ElasticMovieInfoFetcher
2026-01-04 04:07:18,883 - seret.movie_info_fetchers.composite - INFO - Got info for   using ElasticMovieInfoFetcher
2026-01-04 04:07:19,529 - seret.movie_info_fetchers.composite - INFO - Got info for JEUNES MERES using ElasticMovieInfoFetcher
2026-01-04 04:07:20,056 - seret.movie_info_fetchers.composite - INFO - Got info for Anaconda using ElasticMovieInfoFetcher
2026-01-04 04:07:20,570 - seret.movie_info_fetchers.composite - INFO - Got info for ESCOBANK using ElasticMovieInfoFetcher
2026-01-04 04:07:21,367 - seret.movie_info_fetchers.composite - INFO - Got info for The SpongeBob Movie: Search for SquarePants using ElasticMovieInfoFetcher
2026-01-04 04:07:22,151 - seret.movie_info_fetchers.composite - INFO - Got info for NOW YOU SEE ME: NOW YOU DONT using ElasticMovieInfoFetcher
2026-01-04 04:07:23,026 - seret.movie_info_fetchers.composite - INFO - Got info for GIANTS OF LA MANCHA using ElasticMovieInfoFetcher
2026-01-04 04:07:23,999 - seret.movie_info_fetchers.composite - INFO - Got info for ZOOTOPIA 2 using ElasticMovieInfoFetcher
2026-01-04 04:07:25,508 - seret.movie_info_fetchers.composite - INFO - Got info for    using ElasticMovieInfoFetcher
2026-01-04 04:07:26,184 - seret.movie_info_fetchers.composite - INFO - Got info for Emma's Big Adventure using ElasticMovieInfoFetcher
2026-01-04 04:07:26,835 - seret.movie_info_fetchers.composite - INFO - Got info for Moon The Panda using ElasticMovieInfoFetcher
2026-01-04 04:07:28,108 - seret.movie_info_fetchers.composite - INFO - Got info for     using ElasticMovieInfoFetcher
2026-01-04 04:07:30,479 - seret.movie_info_fetchers.composite - INFO - Got info for NIGHT OF THE ZOOPOCALYPSE using ElasticMovieInfoFetcher
2026-01-04 04:07:30,486 - seret.movie_info_fetchers.composite - INFO - Got info for Eternity using ElasticMovieInfoFetcher
2026-01-04 04:07:32,348 - seret.movie_info_fetchers.composite - INFO - Got info for She Rides Shotgun using ElasticMovieInfoFetcher
2026-01-04 04:07:32,934 - seret.movie_info_fetchers.composite - INFO - Got info for Marty Supreme using ElasticMovieInfoFetcher
2026-01-04 04:07:33,529 - seret.movie_info_fetchers.composite - INFO - Got info for Wicked: For Good using ElasticMovieInfoFetcher
2026-01-04 04:07:34,414 - seret.movie_info_fetchers.composite - INFO - Got info for We Bury the Dead using ElasticMovieInfoFetcher
2026-01-04 04:07:35,596 - seret.movie_info_fetchers.composite - INFO - Got info for  using ElasticMovieInfoFetcher
2026-01-04 04:07:36,905 - seret.movie_info_fetchers.composite - INFO - Got info for NANDAURI using ElasticMovieInfoFetcher
2026-01-04 04:07:37,730 - seret.movie_info_fetchers.composite - INFO - Got info for NUREMBERG using ElasticMovieInfoFetcher
2026-01-04 04:07:38,713 - seret.movie_info_fetchers.composite - INFO - Got info for The Housemaid using ElasticMovieInfoFetcher
2026-01-04 04:07:39,549 - seret.movie_info_fetchers.composite - INFO - Got info for Playdate using ElasticMovieInfoFetcher
2026-01-04 04:07:40,818 - seret.movie_info_fetchers.composite - INFO - Got info for DARKNESS OF A MAN using ElasticMovieInfoFetcher
2026-01-04 04:07:41,316 - seret.movie_raters.composite - WARNING - Failed to get rating for La petite
2026-01-04 04:07:41,477 - seret.movie_raters.composite - WARNING - Failed to get rating for 
2026-01-04 04:07:41,478 - seret.movie_info_fetchers.composite - INFO - Got info for La petite cuisine de Mehdi using ElasticMovieInfoFetcher
2026-01-04 04:07:43,133 - seret.movie_info_fetchers.composite - INFO - Got info for :    using ElasticMovieInfoFetcher
2026-01-04 04:07:43,838 - seret.movie_info_fetchers.composite - INFO - Got info for Five Nights At Freddy's 2 using ElasticMovieInfoFetcher
2026-01-04 04:07:44,656 - seret.movie_info_fetchers.composite - INFO - Got info for  :   - using ElasticMovieInfoFetcher
2026-01-04 04:07:45,257 - seret.movie_info_fetchers.composite - INFO - Got info for  :    using ElasticMovieInfoFetcher
2026-01-04 04:07:46,662 - seret.movie_info_fetchers.composite - INFO - Got info for  '   using ElasticMovieInfoFetcher
2026-01-04 04:07:47,204 - seret.movie_info_fetchers.composite - INFO - Got info for Tom & Jerry: Forbidden Compass using ElasticMovieInfoFetcher
2026-01-04 04:07:47,876 - seret.movie_info_fetchers.composite - INFO - Got info for BEYOND AFTER using ElasticMovieInfoFetcher
2026-01-04 04:07:48,529 - seret.movie_info_fetchers.composite - INFO - Got info for Silent Night Deadly Night using ElasticMovieInfoFetcher
2026-01-04 04:07:50,128 - seret.movie_info_fetchers.composite - INFO - Got info for     using ElasticMovieInfoFetcher
2026-01-04 04:07:50,663 - seret.movie_raters.composite - WARNING - Failed to get rating for Grandma The Foreigner
2026-01-04 04:07:50,870 - seret.movie_raters.composite - WARNING - Failed to get rating for    
2026-01-04 04:07:50,870 - seret.movie_info_fetchers.composite - INFO - Got info for Grandma & The Foreigner using ElasticMovieInfoFetcher
2026-01-04 04:07:52,471 - seret.movie_info_fetchers.composite - INFO - Got info for    using ElasticMovieInfoFetcher
2026-01-04 04:07:53,648 - seret.movie_info_fetchers.composite - INFO - Got info for When in Rome using ElasticMovieInfoFetcher
2026-01-04 04:07:54,164 - seret.movie_info_fetchers.composite - INFO - Got info for Louise Violet using ElasticMovieInfoFetcher
2026-01-04 04:07:54,244 - seret.movie_raters.composite - WARNING - Failed to get rating for Yes
2026-01-04 04:07:54,374 - seret.movie_raters.composite - WARNING - Failed to get rating for 
2026-01-04 04:07:54,375 - seret.movie_info_fetchers.composite - INFO - Got info for Yes using ElasticMovieInfoFetcher
2026-01-04 04:07:55,195 - seret.movie_info_fetchers.composite - INFO - Got info for Nandauri using ElasticMovieInfoFetcher
2026-01-04 04:07:55,206 - seret.movie_info_fetchers.composite - INFO - Got info for Young Mothers using ElasticMovieInfoFetcher
2026-01-04 04:07:55,810 - seret.movie_info_fetchers.composite - INFO - Got info for Oxygen using ElasticMovieInfoFetcher
2026-01-04 04:07:57,440 - seret.movie_info_fetchers.composite - INFO - Got info for Zootopia 2 Dubbed using ElasticMovieInfoFetcher
2026-01-04 04:07:58,153 - seret.movie_info_fetchers.composite - INFO - Got info for    using ElasticMovieInfoFetcher
2026-01-04 04:07:59,122 - seret.movie_info_fetchers.composite - INFO - Got info for One Battle After The Other using ElasticMovieInfoFetcher
2026-01-04 04:07:59,131 - seret.movie_info_fetchers.composite - INFO - Got info for   -    using ElasticMovieInfoFetcher
2026-01-04 04:07:59,214 - seret.movie_raters.composite - WARNING - Failed to get rating for Eva
2026-01-04 04:07:59,455 - seret.movie_raters.composite - WARNING - Failed to get rating for 
2026-01-04 04:07:59,455 - seret.movie_info_fetchers.composite - INFO - Got info for My Friend Eva using ElasticMovieInfoFetcher
2026-01-04 04:08:00,583 - seret.movie_info_fetchers.composite - INFO - Got info for The SpongeBob Movie: Search for SquarePants Dubbed using ElasticMovieInfoFetcher
2026-01-04 04:08:01,342 - seret.movie_info_fetchers.composite - INFO - Got info for :    - Avatar using ElasticMovieInfoFetcher
2026-01-04 04:08:02,612 - seret.movie_info_fetchers.composite - INFO - Got info for  using ElasticMovieInfoFetcher
2026-01-04 04:08:03,529 - seret.movie_info_fetchers.composite - INFO - Got info for Dominique using ElasticMovieInfoFetcher
2026-01-04 04:08:04,747 - seret.movie_info_fetchers.composite - INFO - Got info for  using ElasticMovieInfoFetcher
2026-01-04 04:08:06,328 - seret.movie_info_fetchers.composite - INFO - Got info for The Running Man using ElasticMovieInfoFetcher
2026-01-04 04:08:07,093 - seret.movie_info_fetchers.composite - INFO - Got info for   -    using ElasticMovieInfoFetcher
2026-01-04 04:08:07,844 - seret.movie_info_fetchers.composite - INFO - Got info for Emma's Big Adventure using ElasticMovieInfoFetcher
2026-01-04 04:08:08,364 - seret.movie_info_fetchers.composite - INFO - Got info for  :   - using ElasticMovieInfoFetcher
2026-01-04 04:08:10,148 - seret.movie_info_fetchers.composite - INFO - Got info for  :     using ElasticMovieInfoFetcher
2026-01-04 04:08:11,608 - seret.movie_info_fetchers.composite - INFO - Got info for  -   using ElasticMovieInfoFetcher
2026-01-04 04:08:11,961 - seret.movie_raters.composite - WARNING - Failed to get rating for Etty
2026-01-04 04:08:12,283 - seret.movie_raters.composite - WARNING - Failed to get rating for 
2026-01-04 04:08:12,283 - seret.movie_info_fetchers.composite - INFO - Got info for Etty Part 2 using ElasticMovieInfoFetcher
2026-01-04 04:08:12,812 - seret.movie_info_fetchers.composite - INFO - Got info for  :     using ElasticMovieInfoFetcher
2026-01-04 04:08:13,484 - seret.movie_info_fetchers.composite - INFO - Got info for  - Anaconda using ElasticMovieInfoFetcher
2026-01-04 04:08:15,441 - seret.movie_info_fetchers.composite - INFO - Got info for     using ElasticMovieInfoFetcher
2026-01-04 04:08:15,984 - seret.movie_info_fetchers.composite - INFO - Got info for GIRLS LIKE US using ElasticMovieInfoFetcher
2026-01-04 04:08:16,898 - seret.movie_info_fetchers.composite - INFO - Got info for     using ElasticMovieInfoFetcher
2026-01-04 04:08:17,489 - seret.movie_info_fetchers.composite - INFO - Got info for Ma mre, Dieu et Sylvie Vartan using ElasticMovieInfoFetcher
2026-01-04 04:08:17,512 - seret.movie_raters.composite - WARNING - Failed to get rating for Grandma The Foreigner
2026-01-04 04:08:17,518 - seret.movie_raters.composite - WARNING - Failed to get rating for    
2026-01-04 04:08:17,518 - seret.movie_info_fetchers.composite - INFO - Got info for Grandma and the Foreigner using ElasticMovieInfoFetcher
2026-01-04 04:08:19,071 - seret.movie_info_fetchers.composite - INFO - Got info for   using ElasticMovieInfoFetcher
2026-01-04 04:08:20,322 - seret.movie_info_fetchers.composite - INFO - Got info for Maria Montessori using ElasticMovieInfoFetcher
2026-01-04 04:08:20,869 - seret.movie_info_fetchers.composite - INFO - Got info for Sound of falling using ElasticMovieInfoFetcher
2026-01-04 04:08:21,930 - seret.movie_info_fetchers.composite - INFO - Got info for    using ElasticMovieInfoFetcher
2026-01-04 04:08:22,685 - seret.movie_info_fetchers.composite - INFO - Got info for Roofman using ElasticMovieInfoFetcher
2026-01-04 04:08:23,626 - seret.movie_info_fetchers.composite - INFO - Got info for   using ElasticMovieInfoFetcher
2026-01-04 04:08:24,554 - seret.movie_info_fetchers.composite - INFO - Got info for Under The Stars using ElasticMovieInfoFetcher
2026-01-04 04:08:25,332 - seret.movie_info_fetchers.composite - INFO - Got info for One Battle After Another using ElasticMovieInfoFetcher
2026-01-04 04:08:26,957 - seret.movie_info_fetchers.composite - INFO - Got info for    using ElasticMovieInfoFetcher
2026-01-04 04:08:27,368 - seret.movie_raters.composite - WARNING - Failed to get rating for HaBama'eit
2026-01-04 04:08:27,715 - seret.movie_raters.composite - WARNING - Failed to get rating for 
2026-01-04 04:08:27,715 - seret.movie_info_fetchers.composite - INFO - Got info for -      using ElasticMovieInfoFetcher
2026-01-04 04:08:29,792 - seret.movie_info_fetchers.composite - INFO - Got info for NANDAURI using ElasticMovieInfoFetcher
2026-01-04 04:08:29,793 - seret.info_fetcher - ERROR - Failed to get info for NANDAURI and -     
2026-01-04 04:08:31,326 - seret.movie_info_fetchers.composite - INFO - Got info for  -   using ElasticMovieInfoFetcher
2026-01-04 04:08:31,341 - seret.movie_raters.composite - WARNING - Failed to get rating for Etty
2026-01-04 04:08:31,348 - seret.movie_raters.composite - WARNING - Failed to get rating for 
2026-01-04 04:08:31,348 - seret.movie_info_fetchers.composite - INFO - Got info for Etty Part 1 using ElasticMovieInfoFetcher
2026-01-04 04:08:31,361 - seret.movie_info_fetchers.composite - INFO - Got info for Once Upon My Mother using ElasticMovieInfoFetcher
2026-01-04 04:08:31,933 - seret.movie_info_fetchers.composite - INFO - Got info for  2 - ZooTopia 2 using ElasticMovieInfoFetcher
2026-01-04 04:08:31,946 - seret.movie_info_fetchers.composite - INFO - Got info for Avatar: De feu et de cendres using ElasticMovieInfoFetcher
2026-01-04 04:08:32,513 - seret.movie_info_fetchers.composite - INFO - Got info for   -    using ElasticMovieInfoFetcher
2026-01-04 04:08:33,296 - seret.movie_info_fetchers.composite - INFO - Got info for Moon The Panda using ElasticMovieInfoFetcher
2026-01-04 04:08:34,117 - seret.movie_info_fetchers.composite - INFO - Got info for Zootopie 2 using ElasticMovieInfoFetcher
2026-01-04 04:08:35,266 - seret.movie_info_fetchers.composite - INFO - Got info for   +   using ElasticMovieInfoFetcher
2026-01-04 04:08:35,919 - seret.movie_info_fetchers.composite - INFO - Got info for Orna and Ella using ElasticMovieInfoFetcher
2026-01-04 04:08:35,919 - seret.info_fetcher - ERROR - Failed to get info for 1 movies: [{'date': '06-01-2026', 'cinema': ' ', 'location': '', 'district': '', 'title': '', 'eng_title': "HaBama'eit", 'type': '2D', 'time': '19:00', 'link': 'https://tickets.cinema-city.co.il/order/750213', 'coords': (31.7764, 34.6641), 'dubbed': False}]
2026-01-04 04:08:35,997 - root - INFO - 3459
