2025-05-21 03:18:53,321 - root - INFO - ********************
2025-05-21 03:18:53,322 - root - INFO - started checking for:21-05-2025
2025-05-21 03:18:53,322 - cinemas.yes_planet - INFO - STARTED YES PLANET
2025-05-21 03:18:53,322 - cinemas.yes_planet - INFO - STARTED YES PLANET RISHON
2025-05-21 03:19:08,348 - cinemas.yes_planet - INFO - DONE YES PLANET RISHON
2025-05-21 03:19:08,348 - cinemas.yes_planet - INFO - STARTED YES PLANET AYALON
2025-05-21 03:19:11,800 - cinemas.yes_planet - INFO - DONE YES PLANET AYALON
2025-05-21 03:19:11,800 - cinemas.yes_planet - INFO - STARTED YES PLANET ZICHRON
2025-05-21 03:19:12,502 - cinemas.yes_planet - INFO - DONE YES PLANET ZICHRON
2025-05-21 03:19:12,502 - cinemas.yes_planet - INFO - STARTED YES PLANET HAIFA
2025-05-21 03:19:13,693 - cinemas.yes_planet - INFO - DONE YES PLANET HAIFA
2025-05-21 03:19:13,693 - cinemas.yes_planet - INFO - STARTED YES PLANET JERUSALEM
2025-05-21 03:19:14,945 - cinemas.yes_planet - INFO - DONE YES PLANET JERUSALEM
2025-05-21 03:19:14,946 - cinemas.yes_planet - INFO - STARTED YES PLANET BEER_SHEVA
2025-05-21 03:19:15,527 - cinemas.yes_planet - INFO - DONE YES PLANET BEER_SHEVA
2025-05-21 03:19:15,527 - cinemas.yes_planet - INFO - DONE YES PLANET
2025-05-21 03:19:15,527 - cinemas.rav_hen - INFO - STARTED RAV HEN
2025-05-21 03:19:15,527 - cinemas.rav_hen - INFO - STARTED RAV HEN GIVATAIM
2025-05-21 03:19:21,539 - cinemas.rav_hen - INFO - DONE RAV HEN GIVATAIM
2025-05-21 03:19:21,539 - cinemas.rav_hen - INFO - STARTED RAV HEN DIZINGOF
2025-05-21 03:19:21,937 - cinemas.rav_hen - INFO - DONE RAV HEN DIZINGOF
2025-05-21 03:19:21,937 - cinemas.rav_hen - INFO - STARTED RAV HEN MODIIN
2025-05-21 03:19:22,390 - cinemas.rav_hen - INFO - DONE RAV HEN MODIIN
2025-05-21 03:19:22,390 - cinemas.rav_hen - INFO - STARTED RAV HEN KIRYAT_ONO
2025-05-21 03:19:22,924 - cinemas.rav_hen - INFO - DONE RAV HEN KIRYAT_ONO
2025-05-21 03:19:22,924 - cinemas.rav_hen - INFO - DONE RAV HEN
2025-05-21 03:19:22,924 - cinemas.hot_cinema - INFO - STARTED HOT CINEMA
2025-05-21 03:19:22,924 - cinemas.hot_cinema - INFO - STARTED HOT CINEMA MODIIN
2025-05-21 03:19:35,230 - cinemas.hot_cinema - INFO - DONE HOT CINEMA MODIIN
2025-05-21 03:19:35,230 - cinemas.hot_cinema - INFO - STARTED HOT CINEMA KIRYON
2025-05-21 03:19:41,837 - cinemas.hot_cinema - INFO - DONE HOT CINEMA KIRYON
2025-05-21 03:19:41,837 - cinemas.hot_cinema - INFO - STARTED HOT CINEMA KFAR_SABBA
2025-05-21 03:19:41,991 - cinemas.hot_cinema - INFO - DONE HOT CINEMA KFAR_SABBA
2025-05-21 03:19:41,991 - cinemas.hot_cinema - INFO - STARTED HOT CINEMA HAIFA
2025-05-21 03:19:43,709 - cinemas.hot_cinema - INFO - DONE HOT CINEMA HAIFA
2025-05-21 03:19:43,710 - cinemas.hot_cinema - INFO - STARTED HOT CINEMA PETACH_TIKVA
2025-05-21 03:19:44,376 - cinemas.hot_cinema - INFO - DONE HOT CINEMA PETACH_TIKVA
2025-05-21 03:19:44,376 - cinemas.hot_cinema - INFO - STARTED HOT CINEMA RECHOVOT
2025-05-21 03:19:44,530 - cinemas.hot_cinema - INFO - DONE HOT CINEMA RECHOVOT
2025-05-21 03:19:44,530 - cinemas.hot_cinema - INFO - STARTED HOT CINEMA ASHKELON
2025-05-21 03:19:44,683 - cinemas.hot_cinema - INFO - DONE HOT CINEMA ASHKELON
2025-05-21 03:19:44,683 - cinemas.hot_cinema - INFO - STARTED HOT CINEMA KARMIEL
2025-05-21 03:19:44,835 - cinemas.hot_cinema - INFO - DONE HOT CINEMA KARMIEL
2025-05-21 03:19:44,835 - cinemas.hot_cinema - INFO - STARTED HOT CINEMA NAHARIA
2025-05-21 03:19:44,987 - cinemas.hot_cinema - INFO - DONE HOT CINEMA NAHARIA
2025-05-21 03:19:44,987 - cinemas.hot_cinema - INFO - STARTED HOT CINEMA ASHDOD
2025-05-21 03:19:45,140 - cinemas.hot_cinema - INFO - DONE HOT CINEMA ASHDOD
2025-05-21 03:19:45,140 - cinemas.hot_cinema - INFO - DONE HOT CINEMA
2025-05-21 03:19:45,140 - cinemas.cinema_city - INFO - STARTED CINEMA CITY
2025-05-21 03:19:51,986 - proxy - INFO - Proxy: {'YourFuckingIPAddress': '45.150.108.127', 'YourFuckingLocation': 'Petah Tikva, M, Israel', 'YourFuckingHostname': '45.150.108.127', 'YourFuckingISP': 'BlueVPS OU', 'YourFuckingTorExit': False, 'YourFuckingCity': 'Petah Tikva', 'YourFuckingCountry': 'Israel', 'YourFuckingCountryCode': 'IL'}
2025-05-21 03:19:51,986 - cinemas.cinema_city - INFO - STARTED CINEMA CITY GLILOT
2025-05-21 03:24:41,811 - cinemas.cinema_city - INFO - DONE CINEMA CITY GLILOT
2025-05-21 03:24:41,811 - cinemas.cinema_city - INFO - STARTED CINEMA CITY RISHON
2025-05-21 03:24:52,763 - cinemas.cinema_city - INFO - DONE CINEMA CITY RISHON
2025-05-21 03:24:52,763 - cinemas.cinema_city - INFO - STARTED CINEMA CITY JERUSALEM
2025-05-21 03:24:54,280 - cinemas.cinema_city - INFO - DONE CINEMA CITY JERUSALEM
2025-05-21 03:24:54,280 - cinemas.cinema_city - INFO - STARTED CINEMA CITY KFAR_SABBA
2025-05-21 03:25:00,005 - cinemas.cinema_city - INFO - DONE CINEMA CITY KFAR_SABBA
2025-05-21 03:25:00,005 - cinemas.cinema_city - INFO - STARTED CINEMA CITY NATANIA
2025-05-21 03:25:06,156 - cinemas.cinema_city - INFO - DONE CINEMA CITY NATANIA
2025-05-21 03:25:06,157 - cinemas.cinema_city - INFO - STARTED CINEMA CITY BEER_SHEVA
2025-05-21 03:25:10,309 - cinemas.cinema_city - INFO - DONE CINEMA CITY BEER_SHEVA
2025-05-21 03:25:10,309 - cinemas.cinema_city - INFO - STARTED CINEMA CITY HADERA
2025-05-21 03:25:20,861 - cinemas.cinema_city - INFO - DONE CINEMA CITY HADERA
2025-05-21 03:25:20,861 - cinemas.cinema_city - INFO - STARTED CINEMA CITY ASHDOD
2025-05-21 03:25:22,493 - cinemas.cinema_city - WARNING - error while getting movie info:
Traceback (most recent call last):
  File "/home/runner/work/Movie-Time-Server/Movie-Time-Server/cinemas/cinema_city.py", line 123, in get_by_location
    for movie in res.json():
                 ^^^^^^^^^^
  File "/home/runner/work/Movie-Time-Server/Movie-Time-Server/proxy.py", line 18, in json
    return json.loads(self.pre)
           ^^^^^^^^^^^^^^^^^^^^
  File "/opt/hostedtoolcache/Python/3.11.12/x64/lib/python3.11/json/__init__.py", line 339, in loads
    raise TypeError(f'the JSON object must be str, bytes or bytearray, '
TypeError: the JSON object must be str, bytes or bytearray, not NoneType
2025-05-21 03:25:22,532 - cinemas.cinema_city - INFO - DONE CINEMA CITY ASHDOD
2025-05-21 03:25:22,629 - proxy - INFO - Proxy removed
2025-05-21 03:25:22,630 - cinemas.cinema_city - INFO - DONE CINEMA CITY
2025-05-21 03:25:22,630 - cinemas.lev - INFO - STARTED LEV
2025-05-21 03:25:25,434 - proxy - INFO - Proxy: {'YourFuckingIPAddress': '45.150.108.127', 'YourFuckingLocation': 'Petah Tikva, M, Israel', 'YourFuckingHostname': '45.150.108.127', 'YourFuckingISP': 'BlueVPS OU', 'YourFuckingTorExit': False, 'YourFuckingCity': 'Petah Tikva', 'YourFuckingCountry': 'Israel', 'YourFuckingCountryCode': 'IL'}
2025-05-21 03:25:25,434 - cinemas.lev - INFO - STARTED LEV TEL_AVIV
2025-05-21 03:25:27,229 - cinemas.lev - INFO - DONE LEV TEL_AVIV
2025-05-21 03:25:27,229 - cinemas.lev - INFO - STARTED LEV RAMAT_HASHARON
2025-05-21 03:25:28,349 - cinemas.lev - INFO - DONE LEV RAMAT_HASHARON
2025-05-21 03:25:28,349 - cinemas.lev - INFO - STARTED LEV MANDARIN
2025-05-21 03:25:28,968 - cinemas.lev - INFO - DONE LEV MANDARIN
2025-05-21 03:25:28,968 - cinemas.lev - INFO - STARTED LEV EVEN_YEHUDA
2025-05-21 03:25:29,555 - cinemas.lev - INFO - DONE LEV EVEN_YEHUDA
2025-05-21 03:25:29,555 - cinemas.lev - INFO - STARTED LEV SMADAR
2025-05-21 03:25:30,092 - cinemas.lev - INFO - DONE LEV SMADAR
2025-05-21 03:25:30,092 - cinemas.lev - INFO - STARTED LEV RAANANA
2025-05-21 03:25:30,573 - cinemas.lev - INFO - DONE LEV RAANANA
2025-05-21 03:25:30,573 - cinemas.lev - INFO - STARTED LEV OMER
2025-05-21 03:25:31,112 - cinemas.lev - INFO - DONE LEV OMER
2025-05-21 03:25:31,113 - cinemas.lev - INFO - STARTED LEV SHOHAM
2025-05-21 03:25:31,664 - cinemas.lev - INFO - DONE LEV SHOHAM
2025-05-21 03:25:31,664 - cinemas.lev - INFO - STARTED LEV DANIEL
2025-05-21 03:25:32,038 - cinemas.lev - INFO - DONE LEV DANIEL
2025-05-21 03:25:32,102 - proxy - INFO - Proxy removed
2025-05-21 03:25:32,102 - cinemas.lev - INFO - DONE LEV
2025-05-21 03:25:32,102 - cinemas.movieland - INFO - STARTED Movie Land
2025-05-21 03:25:32,103 - cinemas.movieland - INFO - STARTED Movie Land CARMIEL
2025-05-21 03:25:38,238 - cinemas.movieland - INFO - DONE Movie Land CARMIEL
2025-05-21 03:25:38,238 - cinemas.movieland - INFO - STARTED Movie Land HAIFA
2025-05-21 03:25:39,632 - cinemas.movieland - INFO - DONE Movie Land HAIFA
2025-05-21 03:25:39,632 - cinemas.movieland - INFO - STARTED Movie Land NATANYA
2025-05-21 03:25:41,652 - cinemas.movieland - INFO - DONE Movie Land NATANYA
2025-05-21 03:25:41,652 - cinemas.movieland - INFO - DONE Movie Land
2025-05-21 03:25:41,652 - root - INFO - ********************
2025-05-21 03:25:41,652 - root - INFO - started checking for:22-05-2025
2025-05-21 03:25:41,653 - cinemas.yes_planet - INFO - STARTED YES PLANET
2025-05-21 03:25:41,653 - cinemas.yes_planet - INFO - STARTED YES PLANET RISHON
2025-05-21 03:41:31,050 - cinemas.yes_planet - ERROR - Failed to get screenings for RISHON
Traceback (most recent call last):
  File "/opt/hostedtoolcache/Python/3.11.12/x64/lib/python3.11/site-packages/urllib3/connectionpool.py", line 716, in urlopen
    httplib_response = self._make_request(
                       ^^^^^^^^^^^^^^^^^^^
  File "/opt/hostedtoolcache/Python/3.11.12/x64/lib/python3.11/site-packages/urllib3/connectionpool.py", line 468, in _make_request
    six.raise_from(e, None)
  File "<string>", line 3, in raise_from
  File "/opt/hostedtoolcache/Python/3.11.12/x64/lib/python3.11/site-packages/urllib3/connectionpool.py", line 463, in _make_request
    httplib_response = conn.getresponse()
                       ^^^^^^^^^^^^^^^^^^
  File "/opt/hostedtoolcache/Python/3.11.12/x64/lib/python3.11/http/client.py", line 1395, in getresponse
    response.begin()
  File "/opt/hostedtoolcache/Python/3.11.12/x64/lib/python3.11/http/client.py", line 325, in begin
    version, status, reason = self._read_status()
                              ^^^^^^^^^^^^^^^^^^^
  File "/opt/hostedtoolcache/Python/3.11.12/x64/lib/python3.11/http/client.py", line 294, in _read_status
    raise RemoteDisconnected("Remote end closed connection without"
http.client.RemoteDisconnected: Remote end closed connection without response

During handling of the above exception, another exception occurred:

Traceback (most recent call last):
  File "/opt/hostedtoolcache/Python/3.11.12/x64/lib/python3.11/site-packages/requests/adapters.py", line 667, in send
    resp = conn.urlopen(
           ^^^^^^^^^^^^^
  File "/opt/hostedtoolcache/Python/3.11.12/x64/lib/python3.11/site-packages/urllib3/connectionpool.py", line 802, in urlopen
    retries = retries.increment(
              ^^^^^^^^^^^^^^^^^^
  File "/opt/hostedtoolcache/Python/3.11.12/x64/lib/python3.11/site-packages/urllib3/util/retry.py", line 552, in increment
    raise six.reraise(type(error), error, _stacktrace)
          ^^^^^^^^^^^^^^^^^^^^^^^^^^^^^^^^^^^^^^^^^^^^
  File "/opt/hostedtoolcache/Python/3.11.12/x64/lib/python3.11/site-packages/urllib3/packages/six.py", line 769, in reraise
    raise value.with_traceback(tb)
  File "/opt/hostedtoolcache/Python/3.11.12/x64/lib/python3.11/site-packages/urllib3/connectionpool.py", line 716, in urlopen
    httplib_response = self._make_request(
                       ^^^^^^^^^^^^^^^^^^^
  File "/opt/hostedtoolcache/Python/3.11.12/x64/lib/python3.11/site-packages/urllib3/connectionpool.py", line 468, in _make_request
    six.raise_from(e, None)
  File "<string>", line 3, in raise_from
  File "/opt/hostedtoolcache/Python/3.11.12/x64/lib/python3.11/site-packages/urllib3/connectionpool.py", line 463, in _make_request
    httplib_response = conn.getresponse()
                       ^^^^^^^^^^^^^^^^^^
  File "/opt/hostedtoolcache/Python/3.11.12/x64/lib/python3.11/http/client.py", line 1395, in getresponse
    response.begin()
  File "/opt/hostedtoolcache/Python/3.11.12/x64/lib/python3.11/http/client.py", line 325, in begin
    version, status, reason = self._read_status()
                              ^^^^^^^^^^^^^^^^^^^
  File "/opt/hostedtoolcache/Python/3.11.12/x64/lib/python3.11/http/client.py", line 294, in _read_status
    raise RemoteDisconnected("Remote end closed connection without"
urllib3.exceptions.ProtocolError: ('Connection aborted.', RemoteDisconnected('Remote end closed connection without response'))

During handling of the above exception, another exception occurred:

Traceback (most recent call last):
  File "/home/runner/work/Movie-Time-Server/Movie-Time-Server/cinemas/yes_planet.py", line 141, in get_screenings
    screenings.extend(get_by_location(location, date, format_date, s))
                      ^^^^^^^^^^^^^^^^^^^^^^^^^^^^^^^^^^^^^^^^^^^^^^^
  File "/home/runner/work/Movie-Time-Server/Movie-Time-Server/cinemas/yes_planet.py", line 117, in get_by_location
    movies_data, events = prepare(location, date, s)
                          ^^^^^^^^^^^^^^^^^^^^^^^^^^
  File "/home/runner/work/Movie-Time-Server/Movie-Time-Server/cinemas/yes_planet.py", line 102, in prepare
    res = s.get(url)
          ^^^^^^^^^^
  File "/opt/hostedtoolcache/Python/3.11.12/x64/lib/python3.11/site-packages/requests/sessions.py", line 602, in get
    return self.request("GET", url, **kwargs)
           ^^^^^^^^^^^^^^^^^^^^^^^^^^^^^^^^^^
  File "/opt/hostedtoolcache/Python/3.11.12/x64/lib/python3.11/site-packages/requests/sessions.py", line 589, in request
    resp = self.send(prep, **send_kwargs)
           ^^^^^^^^^^^^^^^^^^^^^^^^^^^^^^
  File "/opt/hostedtoolcache/Python/3.11.12/x64/lib/python3.11/site-packages/requests/sessions.py", line 703, in send
    r = adapter.send(request, **kwargs)
        ^^^^^^^^^^^^^^^^^^^^^^^^^^^^^^^
  File "/opt/hostedtoolcache/Python/3.11.12/x64/lib/python3.11/site-packages/requests/adapters.py", line 682, in send
    raise ConnectionError(err, request=request)
requests.exceptions.ConnectionError: ('Connection aborted.', RemoteDisconnected('Remote end closed connection without response'))
2025-05-21 03:41:31,075 - cinemas.yes_planet - INFO - STARTED YES PLANET AYALON
2025-05-21 03:41:36,264 - cinemas.yes_planet - INFO - DONE YES PLANET AYALON
2025-05-21 03:41:36,265 - cinemas.yes_planet - INFO - STARTED YES PLANET ZICHRON
2025-05-21 03:41:36,852 - cinemas.yes_planet - INFO - DONE YES PLANET ZICHRON
2025-05-21 03:41:36,852 - cinemas.yes_planet - INFO - STARTED YES PLANET HAIFA
2025-05-21 03:41:38,154 - cinemas.yes_planet - INFO - DONE YES PLANET HAIFA
2025-05-21 03:41:38,155 - cinemas.yes_planet - INFO - STARTED YES PLANET JERUSALEM
2025-05-21 03:41:39,361 - cinemas.yes_planet - INFO - DONE YES PLANET JERUSALEM
2025-05-21 03:41:39,361 - cinemas.yes_planet - INFO - STARTED YES PLANET BEER_SHEVA
2025-05-21 03:41:40,603 - cinemas.yes_planet - INFO - DONE YES PLANET BEER_SHEVA
2025-05-21 03:41:40,604 - cinemas.yes_planet - INFO - DONE YES PLANET
2025-05-21 03:41:40,604 - cinemas.rav_hen - INFO - STARTED RAV HEN
2025-05-21 03:41:40,604 - cinemas.rav_hen - INFO - STARTED RAV HEN GIVATAIM
2025-05-21 03:57:33,610 - root - ERROR - rav hen crashed
Traceback (most recent call last):
  File "/opt/hostedtoolcache/Python/3.11.12/x64/lib/python3.11/site-packages/urllib3/connectionpool.py", line 716, in urlopen
    httplib_response = self._make_request(
                       ^^^^^^^^^^^^^^^^^^^
  File "/opt/hostedtoolcache/Python/3.11.12/x64/lib/python3.11/site-packages/urllib3/connectionpool.py", line 468, in _make_request
    six.raise_from(e, None)
  File "<string>", line 3, in raise_from
  File "/opt/hostedtoolcache/Python/3.11.12/x64/lib/python3.11/site-packages/urllib3/connectionpool.py", line 463, in _make_request
    httplib_response = conn.getresponse()
                       ^^^^^^^^^^^^^^^^^^
  File "/opt/hostedtoolcache/Python/3.11.12/x64/lib/python3.11/http/client.py", line 1395, in getresponse
    response.begin()
  File "/opt/hostedtoolcache/Python/3.11.12/x64/lib/python3.11/http/client.py", line 325, in begin
    version, status, reason = self._read_status()
                              ^^^^^^^^^^^^^^^^^^^
  File "/opt/hostedtoolcache/Python/3.11.12/x64/lib/python3.11/http/client.py", line 294, in _read_status
    raise RemoteDisconnected("Remote end closed connection without"
http.client.RemoteDisconnected: Remote end closed connection without response

During handling of the above exception, another exception occurred:

Traceback (most recent call last):
  File "/opt/hostedtoolcache/Python/3.11.12/x64/lib/python3.11/site-packages/requests/adapters.py", line 667, in send
    resp = conn.urlopen(
           ^^^^^^^^^^^^^
  File "/opt/hostedtoolcache/Python/3.11.12/x64/lib/python3.11/site-packages/urllib3/connectionpool.py", line 802, in urlopen
    retries = retries.increment(
              ^^^^^^^^^^^^^^^^^^
  File "/opt/hostedtoolcache/Python/3.11.12/x64/lib/python3.11/site-packages/urllib3/util/retry.py", line 552, in increment
    raise six.reraise(type(error), error, _stacktrace)
          ^^^^^^^^^^^^^^^^^^^^^^^^^^^^^^^^^^^^^^^^^^^^
  File "/opt/hostedtoolcache/Python/3.11.12/x64/lib/python3.11/site-packages/urllib3/packages/six.py", line 769, in reraise
    raise value.with_traceback(tb)
  File "/opt/hostedtoolcache/Python/3.11.12/x64/lib/python3.11/site-packages/urllib3/connectionpool.py", line 716, in urlopen
    httplib_response = self._make_request(
                       ^^^^^^^^^^^^^^^^^^^
  File "/opt/hostedtoolcache/Python/3.11.12/x64/lib/python3.11/site-packages/urllib3/connectionpool.py", line 468, in _make_request
    six.raise_from(e, None)
  File "<string>", line 3, in raise_from
  File "/opt/hostedtoolcache/Python/3.11.12/x64/lib/python3.11/site-packages/urllib3/connectionpool.py", line 463, in _make_request
    httplib_response = conn.getresponse()
                       ^^^^^^^^^^^^^^^^^^
  File "/opt/hostedtoolcache/Python/3.11.12/x64/lib/python3.11/http/client.py", line 1395, in getresponse
    response.begin()
  File "/opt/hostedtoolcache/Python/3.11.12/x64/lib/python3.11/http/client.py", line 325, in begin
    version, status, reason = self._read_status()
                              ^^^^^^^^^^^^^^^^^^^
  File "/opt/hostedtoolcache/Python/3.11.12/x64/lib/python3.11/http/client.py", line 294, in _read_status
    raise RemoteDisconnected("Remote end closed connection without"
urllib3.exceptions.ProtocolError: ('Connection aborted.', RemoteDisconnected('Remote end closed connection without response'))

During handling of the above exception, another exception occurred:

Traceback (most recent call last):
  File "/home/runner/work/Movie-Time-Server/Movie-Time-Server/main.py", line 56, in get_screenings_from_cinema
    return unsafe_get_screenings_from_cinema(get_screening, cinema, date, s)
           ^^^^^^^^^^^^^^^^^^^^^^^^^^^^^^^^^^^^^^^^^^^^^^^^^^^^^^^^^^^^^^^^^
  File "/opt/hostedtoolcache/Python/3.11.12/x64/lib/python3.11/site-packages/decorator.py", line 235, in fun
    return caller(func, *(extras + args), **kw)
           ^^^^^^^^^^^^^^^^^^^^^^^^^^^^^^^^^^^^
  File "/opt/hostedtoolcache/Python/3.11.12/x64/lib/python3.11/site-packages/retry/api.py", line 90, in retry_decorator
    return __retry_internal(partial(f, *args, **kwargs), exceptions, tries, delay, max_delay, backoff, jitter,
           ^^^^^^^^^^^^^^^^^^^^^^^^^^^^^^^^^^^^^^^^^^^^^^^^^^^^^^^^^^^^^^^^^^^^^^^^^^^^^^^^^^^^^^^^^^^^^^^^^^^
  File "/opt/hostedtoolcache/Python/3.11.12/x64/lib/python3.11/site-packages/retry/api.py", line 35, in __retry_internal
    return f()
           ^^^
  File "/home/runner/work/Movie-Time-Server/Movie-Time-Server/main.py", line 71, in unsafe_get_screenings_from_cinema
    screenings = get_screening(year, month, day, s)
                 ^^^^^^^^^^^^^^^^^^^^^^^^^^^^^^^^^^
  File "/home/runner/work/Movie-Time-Server/Movie-Time-Server/cinemas/rav_hen.py", line 124, in get_screenings
    screenings.extend(get_by_location(location, date, format_date, s))
                      ^^^^^^^^^^^^^^^^^^^^^^^^^^^^^^^^^^^^^^^^^^^^^^^
  File "/home/runner/work/Movie-Time-Server/Movie-Time-Server/cinemas/rav_hen.py", line 100, in get_by_location
    movies_data, events = prepare(location, date, s)
                          ^^^^^^^^^^^^^^^^^^^^^^^^^^
  File "/home/runner/work/Movie-Time-Server/Movie-Time-Server/cinemas/rav_hen.py", line 45, in prepare
    res = s.get(url)
          ^^^^^^^^^^
  File "/opt/hostedtoolcache/Python/3.11.12/x64/lib/python3.11/site-packages/requests/sessions.py", line 602, in get
    return self.request("GET", url, **kwargs)
           ^^^^^^^^^^^^^^^^^^^^^^^^^^^^^^^^^^
  File "/opt/hostedtoolcache/Python/3.11.12/x64/lib/python3.11/site-packages/requests/sessions.py", line 589, in request
    resp = self.send(prep, **send_kwargs)
           ^^^^^^^^^^^^^^^^^^^^^^^^^^^^^^
  File "/opt/hostedtoolcache/Python/3.11.12/x64/lib/python3.11/site-packages/requests/sessions.py", line 703, in send
    r = adapter.send(request, **kwargs)
        ^^^^^^^^^^^^^^^^^^^^^^^^^^^^^^^
  File "/opt/hostedtoolcache/Python/3.11.12/x64/lib/python3.11/site-packages/requests/adapters.py", line 682, in send
    raise ConnectionError(err, request=request)
requests.exceptions.ConnectionError: ('Connection aborted.', RemoteDisconnected('Remote end closed connection without response'))
2025-05-21 03:57:33,612 - cinemas.hot_cinema - INFO - STARTED HOT CINEMA
2025-05-21 03:57:33,612 - cinemas.hot_cinema - INFO - STARTED HOT CINEMA MODIIN
2025-05-21 03:57:36,176 - cinemas.hot_cinema - INFO - DONE HOT CINEMA MODIIN
2025-05-21 03:57:36,177 - cinemas.hot_cinema - INFO - STARTED HOT CINEMA KIRYON
2025-05-21 03:57:38,402 - cinemas.hot_cinema - INFO - DONE HOT CINEMA KIRYON
2025-05-21 03:57:38,402 - cinemas.hot_cinema - INFO - STARTED HOT CINEMA KFAR_SABBA
2025-05-21 03:57:38,553 - cinemas.hot_cinema - INFO - DONE HOT CINEMA KFAR_SABBA
2025-05-21 03:57:38,554 - cinemas.hot_cinema - INFO - STARTED HOT CINEMA HAIFA
2025-05-21 03:57:39,773 - cinemas.hot_cinema - INFO - DONE HOT CINEMA HAIFA
2025-05-21 03:57:39,773 - cinemas.hot_cinema - INFO - STARTED HOT CINEMA PETACH_TIKVA
2025-05-21 03:57:39,922 - cinemas.hot_cinema - INFO - DONE HOT CINEMA PETACH_TIKVA
2025-05-21 03:57:39,922 - cinemas.hot_cinema - INFO - STARTED HOT CINEMA RECHOVOT
2025-05-21 03:57:40,069 - cinemas.hot_cinema - INFO - DONE HOT CINEMA RECHOVOT
2025-05-21 03:57:40,069 - cinemas.hot_cinema - INFO - STARTED HOT CINEMA ASHKELON
2025-05-21 03:57:40,216 - cinemas.hot_cinema - INFO - DONE HOT CINEMA ASHKELON
2025-05-21 03:57:40,216 - cinemas.hot_cinema - INFO - STARTED HOT CINEMA KARMIEL
2025-05-21 03:57:40,856 - cinemas.hot_cinema - INFO - DONE HOT CINEMA KARMIEL
2025-05-21 03:57:40,856 - cinemas.hot_cinema - INFO - STARTED HOT CINEMA NAHARIA
2025-05-21 03:57:41,009 - cinemas.hot_cinema - INFO - DONE HOT CINEMA NAHARIA
2025-05-21 03:57:41,009 - cinemas.hot_cinema - INFO - STARTED HOT CINEMA ASHDOD
2025-05-21 03:57:41,157 - cinemas.hot_cinema - INFO - DONE HOT CINEMA ASHDOD
2025-05-21 03:57:41,158 - cinemas.hot_cinema - INFO - DONE HOT CINEMA
2025-05-21 03:57:41,158 - cinemas.cinema_city - INFO - STARTED CINEMA CITY
2025-05-21 03:57:43,791 - proxy - INFO - Proxy: {'YourFuckingIPAddress': '45.150.108.127', 'YourFuckingLocation': 'Petah Tikva, M, Israel', 'YourFuckingHostname': '45.150.108.127', 'YourFuckingISP': 'BlueVPS OU', 'YourFuckingTorExit': False, 'YourFuckingCity': 'Petah Tikva', 'YourFuckingCountry': 'Israel', 'YourFuckingCountryCode': 'IL'}
2025-05-21 03:57:43,791 - cinemas.cinema_city - INFO - STARTED CINEMA CITY GLILOT
2025-05-21 03:59:05,880 - proxy - INFO - Proxy removed
2025-05-21 03:59:05,881 - root - ERROR - cinema city crashed
Traceback (most recent call last):
  File "/home/runner/work/Movie-Time-Server/Movie-Time-Server/main.py", line 56, in get_screenings_from_cinema
    return unsafe_get_screenings_from_cinema(get_screening, cinema, date, s)
           ^^^^^^^^^^^^^^^^^^^^^^^^^^^^^^^^^^^^^^^^^^^^^^^^^^^^^^^^^^^^^^^^^
  File "/opt/hostedtoolcache/Python/3.11.12/x64/lib/python3.11/site-packages/decorator.py", line 235, in fun
    return caller(func, *(extras + args), **kw)
           ^^^^^^^^^^^^^^^^^^^^^^^^^^^^^^^^^^^^
  File "/opt/hostedtoolcache/Python/3.11.12/x64/lib/python3.11/site-packages/retry/api.py", line 90, in retry_decorator
    return __retry_internal(partial(f, *args, **kwargs), exceptions, tries, delay, max_delay, backoff, jitter,
           ^^^^^^^^^^^^^^^^^^^^^^^^^^^^^^^^^^^^^^^^^^^^^^^^^^^^^^^^^^^^^^^^^^^^^^^^^^^^^^^^^^^^^^^^^^^^^^^^^^^
  File "/opt/hostedtoolcache/Python/3.11.12/x64/lib/python3.11/site-packages/retry/api.py", line 35, in __retry_internal
    return f()
           ^^^
  File "/home/runner/work/Movie-Time-Server/Movie-Time-Server/main.py", line 71, in unsafe_get_screenings_from_cinema
    screenings = get_screening(year, month, day, s)
                 ^^^^^^^^^^^^^^^^^^^^^^^^^^^^^^^^^^
  File "/home/runner/work/Movie-Time-Server/Movie-Time-Server/cinemas/cinema_city.py", line 148, in get_screenings
    screenings.extend(get_by_location(location, date, ps))
                      ^^^^^^^^^^^^^^^^^^^^^^^^^^^^^^^^^^^
  File "/home/runner/work/Movie-Time-Server/Movie-Time-Server/cinemas/cinema_city.py", line 116, in get_by_location
    new_date = get_date(location, date, s)
               ^^^^^^^^^^^^^^^^^^^^^^^^^^^
  File "/home/runner/work/Movie-Time-Server/Movie-Time-Server/cinemas/cinema_city.py", line 104, in get_date
    data = res.json()
           ^^^^^^^^^^
  File "/home/runner/work/Movie-Time-Server/Movie-Time-Server/proxy.py", line 18, in json
    return json.loads(self.pre)
           ^^^^^^^^^^^^^^^^^^^^
  File "/opt/hostedtoolcache/Python/3.11.12/x64/lib/python3.11/json/__init__.py", line 339, in loads
    raise TypeError(f'the JSON object must be str, bytes or bytearray, '
TypeError: the JSON object must be str, bytes or bytearray, not NoneType
2025-05-21 03:59:05,881 - cinemas.lev - INFO - STARTED LEV
2025-05-21 03:59:08,304 - proxy - INFO - Proxy: {'YourFuckingIPAddress': '45.150.108.127', 'YourFuckingLocation': 'Petah Tikva, M, Israel', 'YourFuckingHostname': '45.150.108.127', 'YourFuckingISP': 'BlueVPS OU', 'YourFuckingTorExit': False, 'YourFuckingCity': 'Petah Tikva', 'YourFuckingCountry': 'Israel', 'YourFuckingCountryCode': 'IL'}
2025-05-21 03:59:08,304 - cinemas.lev - INFO - STARTED LEV TEL_AVIV
2025-05-21 03:59:11,774 - cinemas.lev - INFO - DONE LEV TEL_AVIV
2025-05-21 03:59:11,774 - cinemas.lev - INFO - STARTED LEV RAMAT_HASHARON
2025-05-21 03:59:12,651 - cinemas.lev - INFO - DONE LEV RAMAT_HASHARON
2025-05-21 03:59:12,651 - cinemas.lev - INFO - STARTED LEV MANDARIN
2025-05-21 03:59:13,188 - cinemas.lev - INFO - DONE LEV MANDARIN
2025-05-21 03:59:13,188 - cinemas.lev - INFO - STARTED LEV EVEN_YEHUDA
2025-05-21 03:59:13,688 - cinemas.lev - INFO - DONE LEV EVEN_YEHUDA
2025-05-21 03:59:13,688 - cinemas.lev - INFO - STARTED LEV SMADAR
2025-05-21 03:59:14,419 - cinemas.lev - INFO - DONE LEV SMADAR
2025-05-21 03:59:14,419 - cinemas.lev - INFO - STARTED LEV RAANANA
2025-05-21 03:59:15,665 - cinemas.lev - INFO - DONE LEV RAANANA
2025-05-21 03:59:15,665 - cinemas.lev - INFO - STARTED LEV OMER
2025-05-21 03:59:16,172 - cinemas.lev - INFO - DONE LEV OMER
2025-05-21 03:59:16,172 - cinemas.lev - INFO - STARTED LEV SHOHAM
2025-05-21 03:59:16,758 - cinemas.lev - INFO - DONE LEV SHOHAM
2025-05-21 03:59:16,758 - cinemas.lev - INFO - STARTED LEV DANIEL
2025-05-21 03:59:17,373 - cinemas.lev - INFO - DONE LEV DANIEL
2025-05-21 03:59:17,432 - proxy - INFO - Proxy removed
2025-05-21 03:59:17,432 - cinemas.lev - INFO - DONE LEV
2025-05-21 03:59:17,432 - cinemas.movieland - INFO - STARTED Movie Land
2025-05-21 03:59:17,432 - cinemas.movieland - INFO - STARTED Movie Land CARMIEL
2025-05-21 03:59:18,748 - cinemas.movieland - INFO - DONE Movie Land CARMIEL
2025-05-21 03:59:18,748 - cinemas.movieland - INFO - STARTED Movie Land HAIFA
2025-05-21 03:59:19,016 - cinemas.movieland - INFO - DONE Movie Land HAIFA
2025-05-21 03:59:19,016 - cinemas.movieland - INFO - STARTED Movie Land NATANYA
2025-05-21 03:59:19,299 - cinemas.movieland - INFO - DONE Movie Land NATANYA
2025-05-21 03:59:19,299 - cinemas.movieland - INFO - DONE Movie Land
2025-05-21 03:59:19,299 - root - INFO - ********************
2025-05-21 03:59:19,299 - root - INFO - started checking for:23-05-2025
2025-05-21 03:59:19,299 - cinemas.yes_planet - INFO - STARTED YES PLANET
2025-05-21 03:59:19,299 - cinemas.yes_planet - INFO - STARTED YES PLANET RISHON
2025-05-21 04:15:10,378 - cinemas.yes_planet - ERROR - Failed to get screenings for RISHON
Traceback (most recent call last):
  File "/opt/hostedtoolcache/Python/3.11.12/x64/lib/python3.11/site-packages/urllib3/connectionpool.py", line 716, in urlopen
    httplib_response = self._make_request(
                       ^^^^^^^^^^^^^^^^^^^
  File "/opt/hostedtoolcache/Python/3.11.12/x64/lib/python3.11/site-packages/urllib3/connectionpool.py", line 468, in _make_request
    six.raise_from(e, None)
  File "<string>", line 3, in raise_from
  File "/opt/hostedtoolcache/Python/3.11.12/x64/lib/python3.11/site-packages/urllib3/connectionpool.py", line 463, in _make_request
    httplib_response = conn.getresponse()
                       ^^^^^^^^^^^^^^^^^^
  File "/opt/hostedtoolcache/Python/3.11.12/x64/lib/python3.11/http/client.py", line 1395, in getresponse
    response.begin()
  File "/opt/hostedtoolcache/Python/3.11.12/x64/lib/python3.11/http/client.py", line 325, in begin
    version, status, reason = self._read_status()
                              ^^^^^^^^^^^^^^^^^^^
  File "/opt/hostedtoolcache/Python/3.11.12/x64/lib/python3.11/http/client.py", line 294, in _read_status
    raise RemoteDisconnected("Remote end closed connection without"
http.client.RemoteDisconnected: Remote end closed connection without response

During handling of the above exception, another exception occurred:

Traceback (most recent call last):
  File "/opt/hostedtoolcache/Python/3.11.12/x64/lib/python3.11/site-packages/requests/adapters.py", line 667, in send
    resp = conn.urlopen(
           ^^^^^^^^^^^^^
  File "/opt/hostedtoolcache/Python/3.11.12/x64/lib/python3.11/site-packages/urllib3/connectionpool.py", line 802, in urlopen
    retries = retries.increment(
              ^^^^^^^^^^^^^^^^^^
  File "/opt/hostedtoolcache/Python/3.11.12/x64/lib/python3.11/site-packages/urllib3/util/retry.py", line 552, in increment
    raise six.reraise(type(error), error, _stacktrace)
          ^^^^^^^^^^^^^^^^^^^^^^^^^^^^^^^^^^^^^^^^^^^^
  File "/opt/hostedtoolcache/Python/3.11.12/x64/lib/python3.11/site-packages/urllib3/packages/six.py", line 769, in reraise
    raise value.with_traceback(tb)
  File "/opt/hostedtoolcache/Python/3.11.12/x64/lib/python3.11/site-packages/urllib3/connectionpool.py", line 716, in urlopen
    httplib_response = self._make_request(
                       ^^^^^^^^^^^^^^^^^^^
  File "/opt/hostedtoolcache/Python/3.11.12/x64/lib/python3.11/site-packages/urllib3/connectionpool.py", line 468, in _make_request
    six.raise_from(e, None)
  File "<string>", line 3, in raise_from
  File "/opt/hostedtoolcache/Python/3.11.12/x64/lib/python3.11/site-packages/urllib3/connectionpool.py", line 463, in _make_request
    httplib_response = conn.getresponse()
                       ^^^^^^^^^^^^^^^^^^
  File "/opt/hostedtoolcache/Python/3.11.12/x64/lib/python3.11/http/client.py", line 1395, in getresponse
    response.begin()
  File "/opt/hostedtoolcache/Python/3.11.12/x64/lib/python3.11/http/client.py", line 325, in begin
    version, status, reason = self._read_status()
                              ^^^^^^^^^^^^^^^^^^^
  File "/opt/hostedtoolcache/Python/3.11.12/x64/lib/python3.11/http/client.py", line 294, in _read_status
    raise RemoteDisconnected("Remote end closed connection without"
urllib3.exceptions.ProtocolError: ('Connection aborted.', RemoteDisconnected('Remote end closed connection without response'))

During handling of the above exception, another exception occurred:

Traceback (most recent call last):
  File "/home/runner/work/Movie-Time-Server/Movie-Time-Server/cinemas/yes_planet.py", line 141, in get_screenings
    screenings.extend(get_by_location(location, date, format_date, s))
                      ^^^^^^^^^^^^^^^^^^^^^^^^^^^^^^^^^^^^^^^^^^^^^^^
  File "/home/runner/work/Movie-Time-Server/Movie-Time-Server/cinemas/yes_planet.py", line 117, in get_by_location
    movies_data, events = prepare(location, date, s)
                          ^^^^^^^^^^^^^^^^^^^^^^^^^^
  File "/home/runner/work/Movie-Time-Server/Movie-Time-Server/cinemas/yes_planet.py", line 102, in prepare
    res = s.get(url)
          ^^^^^^^^^^
  File "/opt/hostedtoolcache/Python/3.11.12/x64/lib/python3.11/site-packages/requests/sessions.py", line 602, in get
    return self.request("GET", url, **kwargs)
           ^^^^^^^^^^^^^^^^^^^^^^^^^^^^^^^^^^
  File "/opt/hostedtoolcache/Python/3.11.12/x64/lib/python3.11/site-packages/requests/sessions.py", line 589, in request
    resp = self.send(prep, **send_kwargs)
           ^^^^^^^^^^^^^^^^^^^^^^^^^^^^^^
  File "/opt/hostedtoolcache/Python/3.11.12/x64/lib/python3.11/site-packages/requests/sessions.py", line 703, in send
    r = adapter.send(request, **kwargs)
        ^^^^^^^^^^^^^^^^^^^^^^^^^^^^^^^
  File "/opt/hostedtoolcache/Python/3.11.12/x64/lib/python3.11/site-packages/requests/adapters.py", line 682, in send
    raise ConnectionError(err, request=request)
requests.exceptions.ConnectionError: ('Connection aborted.', RemoteDisconnected('Remote end closed connection without response'))
2025-05-21 04:15:10,380 - cinemas.yes_planet - INFO - STARTED YES PLANET AYALON
2025-05-21 04:15:11,187 - cinemas.yes_planet - INFO - DONE YES PLANET AYALON
2025-05-21 04:15:11,187 - cinemas.yes_planet - INFO - STARTED YES PLANET ZICHRON
2025-05-21 04:15:11,945 - cinemas.yes_planet - INFO - DONE YES PLANET ZICHRON
2025-05-21 04:15:11,945 - cinemas.yes_planet - INFO - STARTED YES PLANET HAIFA
2025-05-21 04:15:12,671 - cinemas.yes_planet - INFO - DONE YES PLANET HAIFA
2025-05-21 04:15:12,671 - cinemas.yes_planet - INFO - STARTED YES PLANET JERUSALEM
2025-05-21 04:15:13,412 - cinemas.yes_planet - INFO - DONE YES PLANET JERUSALEM
2025-05-21 04:15:13,412 - cinemas.yes_planet - INFO - STARTED YES PLANET BEER_SHEVA
2025-05-21 04:15:13,674 - cinemas.yes_planet - INFO - DONE YES PLANET BEER_SHEVA
2025-05-21 04:15:13,674 - cinemas.yes_planet - INFO - DONE YES PLANET
2025-05-21 04:15:13,674 - cinemas.rav_hen - INFO - STARTED RAV HEN
2025-05-21 04:15:13,674 - cinemas.rav_hen - INFO - STARTED RAV HEN GIVATAIM
2025-05-21 04:15:15,542 - cinemas.rav_hen - INFO - DONE RAV HEN GIVATAIM
2025-05-21 04:15:15,542 - cinemas.rav_hen - INFO - STARTED RAV HEN DIZINGOF
2025-05-21 04:15:15,958 - cinemas.rav_hen - INFO - DONE RAV HEN DIZINGOF
2025-05-21 04:15:15,958 - cinemas.rav_hen - INFO - STARTED RAV HEN MODIIN
2025-05-21 04:15:16,361 - cinemas.rav_hen - INFO - DONE RAV HEN MODIIN
2025-05-21 04:15:16,361 - cinemas.rav_hen - INFO - STARTED RAV HEN KIRYAT_ONO
2025-05-21 04:15:17,485 - cinemas.rav_hen - INFO - DONE RAV HEN KIRYAT_ONO
2025-05-21 04:15:17,485 - cinemas.rav_hen - INFO - DONE RAV HEN
2025-05-21 04:15:17,485 - cinemas.hot_cinema - INFO - STARTED HOT CINEMA
2025-05-21 04:15:17,485 - cinemas.hot_cinema - INFO - STARTED HOT CINEMA MODIIN
2025-05-21 04:15:18,216 - cinemas.hot_cinema - INFO - DONE HOT CINEMA MODIIN
2025-05-21 04:15:18,216 - cinemas.hot_cinema - INFO - STARTED HOT CINEMA KIRYON
2025-05-21 04:15:20,303 - cinemas.hot_cinema - INFO - DONE HOT CINEMA KIRYON
2025-05-21 04:15:20,303 - cinemas.hot_cinema - INFO - STARTED HOT CINEMA KFAR_SABBA
2025-05-21 04:15:20,453 - cinemas.hot_cinema - INFO - DONE HOT CINEMA KFAR_SABBA
2025-05-21 04:15:20,453 - cinemas.hot_cinema - INFO - STARTED HOT CINEMA HAIFA
2025-05-21 04:15:20,604 - cinemas.hot_cinema - INFO - DONE HOT CINEMA HAIFA
2025-05-21 04:15:20,604 - cinemas.hot_cinema - INFO - STARTED HOT CINEMA PETACH_TIKVA
2025-05-21 04:15:20,753 - cinemas.hot_cinema - INFO - DONE HOT CINEMA PETACH_TIKVA
2025-05-21 04:15:20,753 - cinemas.hot_cinema - INFO - STARTED HOT CINEMA RECHOVOT
2025-05-21 04:15:20,902 - cinemas.hot_cinema - INFO - DONE HOT CINEMA RECHOVOT
2025-05-21 04:15:20,902 - cinemas.hot_cinema - INFO - STARTED HOT CINEMA ASHKELON
2025-05-21 04:15:21,050 - cinemas.hot_cinema - INFO - DONE HOT CINEMA ASHKELON
2025-05-21 04:15:21,050 - cinemas.hot_cinema - INFO - STARTED HOT CINEMA KARMIEL
2025-05-21 04:15:21,198 - cinemas.hot_cinema - INFO - DONE HOT CINEMA KARMIEL
2025-05-21 04:15:21,198 - cinemas.hot_cinema - INFO - STARTED HOT CINEMA NAHARIA
2025-05-21 04:15:21,345 - cinemas.hot_cinema - INFO - DONE HOT CINEMA NAHARIA
2025-05-21 04:15:21,345 - cinemas.hot_cinema - INFO - STARTED HOT CINEMA ASHDOD
2025-05-21 04:15:21,493 - cinemas.hot_cinema - INFO - DONE HOT CINEMA ASHDOD
2025-05-21 04:15:21,494 - cinemas.hot_cinema - INFO - DONE HOT CINEMA
2025-05-21 04:15:21,494 - cinemas.cinema_city - INFO - STARTED CINEMA CITY
2025-05-21 04:15:24,258 - proxy - INFO - Proxy: {'YourFuckingIPAddress': '45.150.108.127', 'YourFuckingLocation': 'Petah Tikva, M, Israel', 'YourFuckingHostname': '45.150.108.127', 'YourFuckingISP': 'BlueVPS OU', 'YourFuckingTorExit': False, 'YourFuckingCity': 'Petah Tikva', 'YourFuckingCountry': 'Israel', 'YourFuckingCountryCode': 'IL'}
2025-05-21 04:15:24,258 - cinemas.cinema_city - INFO - STARTED CINEMA CITY GLILOT
2025-05-21 04:16:14,125 - cinemas.cinema_city - INFO - DONE CINEMA CITY GLILOT
2025-05-21 04:16:14,126 - cinemas.cinema_city - INFO - STARTED CINEMA CITY RISHON
2025-05-21 04:16:23,520 - cinemas.cinema_city - INFO - DONE CINEMA CITY RISHON
2025-05-21 04:16:23,520 - cinemas.cinema_city - INFO - STARTED CINEMA CITY JERUSALEM
2025-05-21 04:16:24,874 - cinemas.cinema_city - INFO - DONE CINEMA CITY JERUSALEM
2025-05-21 04:16:24,874 - cinemas.cinema_city - INFO - STARTED CINEMA CITY KFAR_SABBA
2025-05-21 04:16:26,483 - cinemas.cinema_city - INFO - DONE CINEMA CITY KFAR_SABBA
2025-05-21 04:16:26,483 - cinemas.cinema_city - INFO - STARTED CINEMA CITY NATANIA
2025-05-21 04:16:27,944 - cinemas.cinema_city - INFO - DONE CINEMA CITY NATANIA
2025-05-21 04:16:27,944 - cinemas.cinema_city - INFO - STARTED CINEMA CITY BEER_SHEVA
2025-05-21 04:16:29,565 - cinemas.cinema_city - INFO - DONE CINEMA CITY BEER_SHEVA
2025-05-21 04:16:29,565 - cinemas.cinema_city - INFO - STARTED CINEMA CITY HADERA
2025-05-21 04:16:31,166 - cinemas.cinema_city - INFO - DONE CINEMA CITY HADERA
2025-05-21 04:16:31,166 - cinemas.cinema_city - INFO - STARTED CINEMA CITY ASHDOD
2025-05-21 04:16:32,804 - cinemas.cinema_city - WARNING - error while getting movie info:
Traceback (most recent call last):
  File "/home/runner/work/Movie-Time-Server/Movie-Time-Server/cinemas/cinema_city.py", line 123, in get_by_location
    for movie in res.json():
                 ^^^^^^^^^^
  File "/home/runner/work/Movie-Time-Server/Movie-Time-Server/proxy.py", line 18, in json
    return json.loads(self.pre)
           ^^^^^^^^^^^^^^^^^^^^
  File "/opt/hostedtoolcache/Python/3.11.12/x64/lib/python3.11/json/__init__.py", line 339, in loads
    raise TypeError(f'the JSON object must be str, bytes or bytearray, '
TypeError: the JSON object must be str, bytes or bytearray, not NoneType
2025-05-21 04:16:32,804 - cinemas.cinema_city - INFO - DONE CINEMA CITY ASHDOD
2025-05-21 04:16:32,877 - proxy - INFO - Proxy removed
2025-05-21 04:16:32,877 - cinemas.cinema_city - INFO - DONE CINEMA CITY
2025-05-21 04:16:32,878 - cinemas.lev - INFO - STARTED LEV
2025-05-21 04:16:35,486 - proxy - INFO - Proxy: {'YourFuckingIPAddress': '45.150.108.127', 'YourFuckingLocation': 'Petah Tikva, M, Israel', 'YourFuckingHostname': '45.150.108.127', 'YourFuckingISP': 'BlueVPS OU', 'YourFuckingTorExit': False, 'YourFuckingCity': 'Petah Tikva', 'YourFuckingCountry': 'Israel', 'YourFuckingCountryCode': 'IL'}
2025-05-21 04:16:35,486 - cinemas.lev - INFO - STARTED LEV TEL_AVIV
2025-05-21 04:16:39,330 - cinemas.lev - INFO - DONE LEV TEL_AVIV
2025-05-21 04:16:39,330 - cinemas.lev - INFO - STARTED LEV RAMAT_HASHARON
2025-05-21 04:16:40,213 - cinemas.lev - INFO - DONE LEV RAMAT_HASHARON
2025-05-21 04:16:40,213 - cinemas.lev - INFO - STARTED LEV MANDARIN
2025-05-21 04:16:40,863 - cinemas.lev - INFO - DONE LEV MANDARIN
2025-05-21 04:16:40,863 - cinemas.lev - INFO - STARTED LEV EVEN_YEHUDA
2025-05-21 04:16:41,980 - cinemas.lev - INFO - DONE LEV EVEN_YEHUDA
2025-05-21 04:16:41,980 - cinemas.lev - INFO - STARTED LEV SMADAR
2025-05-21 04:16:42,657 - cinemas.lev - INFO - DONE LEV SMADAR
2025-05-21 04:16:42,657 - cinemas.lev - INFO - STARTED LEV RAANANA
2025-05-21 04:16:43,801 - cinemas.lev - INFO - DONE LEV RAANANA
2025-05-21 04:16:43,802 - cinemas.lev - INFO - STARTED LEV OMER
2025-05-21 04:16:44,237 - cinemas.lev - INFO - DONE LEV OMER
2025-05-21 04:16:44,237 - cinemas.lev - INFO - STARTED LEV SHOHAM
2025-05-21 04:16:44,854 - cinemas.lev - INFO - DONE LEV SHOHAM
2025-05-21 04:16:44,855 - cinemas.lev - INFO - STARTED LEV DANIEL
2025-05-21 04:16:45,354 - cinemas.lev - INFO - DONE LEV DANIEL
2025-05-21 04:16:45,413 - proxy - INFO - Proxy removed
2025-05-21 04:16:45,413 - cinemas.lev - INFO - DONE LEV
2025-05-21 04:16:45,413 - cinemas.movieland - INFO - STARTED Movie Land
2025-05-21 04:16:45,413 - cinemas.movieland - INFO - STARTED Movie Land CARMIEL
2025-05-21 04:16:46,578 - cinemas.movieland - INFO - DONE Movie Land CARMIEL
2025-05-21 04:16:46,578 - cinemas.movieland - INFO - STARTED Movie Land HAIFA
2025-05-21 04:16:46,578 - cinemas.movieland - INFO - DONE Movie Land HAIFA
2025-05-21 04:16:46,578 - cinemas.movieland - INFO - STARTED Movie Land NATANYA
2025-05-21 04:16:46,579 - cinemas.movieland - INFO - DONE Movie Land NATANYA
2025-05-21 04:16:46,579 - cinemas.movieland - INFO - DONE Movie Land
2025-05-21 04:16:46,579 - root - INFO - ********************
2025-05-21 04:16:46,579 - root - INFO - started checking for:24-05-2025
2025-05-21 04:16:46,579 - cinemas.yes_planet - INFO - STARTED YES PLANET
2025-05-21 04:16:46,579 - cinemas.yes_planet - INFO - STARTED YES PLANET RISHON
2025-05-21 04:16:47,324 - cinemas.yes_planet - INFO - DONE YES PLANET RISHON
2025-05-21 04:16:47,325 - cinemas.yes_planet - INFO - STARTED YES PLANET AYALON
2025-05-21 04:16:47,902 - cinemas.yes_planet - INFO - DONE YES PLANET AYALON
2025-05-21 04:16:47,902 - cinemas.yes_planet - INFO - STARTED YES PLANET ZICHRON
2025-05-21 04:16:48,531 - cinemas.yes_planet - INFO - DONE YES PLANET ZICHRON
2025-05-21 04:16:48,531 - cinemas.yes_planet - INFO - STARTED YES PLANET HAIFA
2025-05-21 04:16:49,207 - cinemas.yes_planet - INFO - DONE YES PLANET HAIFA
2025-05-21 04:16:49,207 - cinemas.yes_planet - INFO - STARTED YES PLANET JERUSALEM
2025-05-21 04:16:49,789 - cinemas.yes_planet - INFO - DONE YES PLANET JERUSALEM
2025-05-21 04:16:49,789 - cinemas.yes_planet - INFO - STARTED YES PLANET BEER_SHEVA
2025-05-21 04:16:50,396 - cinemas.yes_planet - INFO - DONE YES PLANET BEER_SHEVA
2025-05-21 04:16:50,396 - cinemas.yes_planet - INFO - DONE YES PLANET
2025-05-21 04:16:50,397 - cinemas.rav_hen - INFO - STARTED RAV HEN
2025-05-21 04:16:50,397 - cinemas.rav_hen - INFO - STARTED RAV HEN GIVATAIM
2025-05-21 04:16:53,797 - cinemas.rav_hen - INFO - DONE RAV HEN GIVATAIM
2025-05-21 04:16:53,797 - cinemas.rav_hen - INFO - STARTED RAV HEN DIZINGOF
2025-05-21 04:16:54,455 - cinemas.rav_hen - INFO - DONE RAV HEN DIZINGOF
2025-05-21 04:16:54,455 - cinemas.rav_hen - INFO - STARTED RAV HEN MODIIN
2025-05-21 04:16:54,913 - cinemas.rav_hen - INFO - DONE RAV HEN MODIIN
2025-05-21 04:16:54,913 - cinemas.rav_hen - INFO - STARTED RAV HEN KIRYAT_ONO
2025-05-21 04:16:55,398 - cinemas.rav_hen - INFO - DONE RAV HEN KIRYAT_ONO
2025-05-21 04:16:55,398 - cinemas.rav_hen - INFO - DONE RAV HEN
2025-05-21 04:16:55,398 - cinemas.hot_cinema - INFO - STARTED HOT CINEMA
2025-05-21 04:16:55,398 - cinemas.hot_cinema - INFO - STARTED HOT CINEMA MODIIN
2025-05-21 04:16:56,095 - cinemas.hot_cinema - INFO - DONE HOT CINEMA MODIIN
2025-05-21 04:16:56,095 - cinemas.hot_cinema - INFO - STARTED HOT CINEMA KIRYON
2025-05-21 04:16:56,253 - cinemas.hot_cinema - INFO - DONE HOT CINEMA KIRYON
2025-05-21 04:16:56,253 - cinemas.hot_cinema - INFO - STARTED HOT CINEMA KFAR_SABBA
2025-05-21 04:16:56,405 - cinemas.hot_cinema - INFO - DONE HOT CINEMA KFAR_SABBA
2025-05-21 04:16:56,405 - cinemas.hot_cinema - INFO - STARTED HOT CINEMA HAIFA
2025-05-21 04:16:56,557 - cinemas.hot_cinema - INFO - DONE HOT CINEMA HAIFA
2025-05-21 04:16:56,557 - cinemas.hot_cinema - INFO - STARTED HOT CINEMA PETACH_TIKVA
2025-05-21 04:16:56,705 - cinemas.hot_cinema - INFO - DONE HOT CINEMA PETACH_TIKVA
2025-05-21 04:16:56,705 - cinemas.hot_cinema - INFO - STARTED HOT CINEMA RECHOVOT
2025-05-21 04:16:56,853 - cinemas.hot_cinema - INFO - DONE HOT CINEMA RECHOVOT
2025-05-21 04:16:56,853 - cinemas.hot_cinema - INFO - STARTED HOT CINEMA ASHKELON
2025-05-21 04:16:57,002 - cinemas.hot_cinema - INFO - DONE HOT CINEMA ASHKELON
2025-05-21 04:16:57,002 - cinemas.hot_cinema - INFO - STARTED HOT CINEMA KARMIEL
2025-05-21 04:16:57,154 - cinemas.hot_cinema - INFO - DONE HOT CINEMA KARMIEL
2025-05-21 04:16:57,154 - cinemas.hot_cinema - INFO - STARTED HOT CINEMA NAHARIA
2025-05-21 04:16:57,301 - cinemas.hot_cinema - INFO - DONE HOT CINEMA NAHARIA
2025-05-21 04:16:57,301 - cinemas.hot_cinema - INFO - STARTED HOT CINEMA ASHDOD
2025-05-21 04:16:57,448 - cinemas.hot_cinema - INFO - DONE HOT CINEMA ASHDOD
2025-05-21 04:16:57,448 - cinemas.hot_cinema - INFO - DONE HOT CINEMA
2025-05-21 04:16:57,448 - cinemas.cinema_city - INFO - STARTED CINEMA CITY
2025-05-21 04:17:00,092 - proxy - INFO - Proxy: {'YourFuckingIPAddress': '45.150.108.127', 'YourFuckingLocation': 'Petah Tikva, M, Israel', 'YourFuckingHostname': '45.150.108.127', 'YourFuckingISP': 'BlueVPS OU', 'YourFuckingTorExit': False, 'YourFuckingCity': 'Petah Tikva', 'YourFuckingCountry': 'Israel', 'YourFuckingCountryCode': 'IL'}
2025-05-21 04:17:00,092 - cinemas.cinema_city - INFO - STARTED CINEMA CITY GLILOT
2025-05-21 04:17:21,720 - cinemas.cinema_city - INFO - DONE CINEMA CITY GLILOT
2025-05-21 04:17:21,720 - cinemas.cinema_city - INFO - STARTED CINEMA CITY RISHON
2025-05-21 04:17:27,035 - cinemas.cinema_city - INFO - DONE CINEMA CITY RISHON
2025-05-21 04:17:27,035 - cinemas.cinema_city - INFO - STARTED CINEMA CITY JERUSALEM
2025-05-21 04:17:28,230 - cinemas.cinema_city - INFO - DONE CINEMA CITY JERUSALEM
2025-05-21 04:17:28,230 - cinemas.cinema_city - INFO - STARTED CINEMA CITY KFAR_SABBA
2025-05-21 04:17:29,924 - cinemas.cinema_city - INFO - DONE CINEMA CITY KFAR_SABBA
2025-05-21 04:17:29,924 - cinemas.cinema_city - INFO - STARTED CINEMA CITY NATANIA
2025-05-21 04:17:31,561 - cinemas.cinema_city - INFO - DONE CINEMA CITY NATANIA
2025-05-21 04:17:31,562 - cinemas.cinema_city - INFO - STARTED CINEMA CITY BEER_SHEVA
2025-05-21 04:17:32,985 - cinemas.cinema_city - INFO - DONE CINEMA CITY BEER_SHEVA
2025-05-21 04:17:32,985 - cinemas.cinema_city - INFO - STARTED CINEMA CITY HADERA
2025-05-21 04:17:34,662 - cinemas.cinema_city - INFO - DONE CINEMA CITY HADERA
2025-05-21 04:17:34,662 - cinemas.cinema_city - INFO - STARTED CINEMA CITY ASHDOD
2025-05-21 04:17:36,132 - cinemas.cinema_city - WARNING - error while getting movie info:
Traceback (most recent call last):
  File "/home/runner/work/Movie-Time-Server/Movie-Time-Server/cinemas/cinema_city.py", line 123, in get_by_location
    for movie in res.json():
                 ^^^^^^^^^^
  File "/home/runner/work/Movie-Time-Server/Movie-Time-Server/proxy.py", line 18, in json
    return json.loads(self.pre)
           ^^^^^^^^^^^^^^^^^^^^
  File "/opt/hostedtoolcache/Python/3.11.12/x64/lib/python3.11/json/__init__.py", line 339, in loads
    raise TypeError(f'the JSON object must be str, bytes or bytearray, '
TypeError: the JSON object must be str, bytes or bytearray, not NoneType
2025-05-21 04:17:36,132 - cinemas.cinema_city - INFO - DONE CINEMA CITY ASHDOD
2025-05-21 04:17:36,201 - proxy - INFO - Proxy removed
2025-05-21 04:17:36,201 - cinemas.cinema_city - INFO - DONE CINEMA CITY
2025-05-21 04:17:36,201 - cinemas.lev - INFO - STARTED LEV
2025-05-21 04:17:38,626 - proxy - INFO - Proxy: {'YourFuckingIPAddress': '45.150.108.127', 'YourFuckingLocation': 'Petah Tikva, M, Israel', 'YourFuckingHostname': '45.150.108.127', 'YourFuckingISP': 'BlueVPS OU', 'YourFuckingTorExit': False, 'YourFuckingCity': 'Petah Tikva', 'YourFuckingCountry': 'Israel', 'YourFuckingCountryCode': 'IL'}
2025-05-21 04:17:38,626 - cinemas.lev - INFO - STARTED LEV TEL_AVIV
2025-05-21 04:17:40,074 - cinemas.lev - INFO - DONE LEV TEL_AVIV
2025-05-21 04:17:40,074 - cinemas.lev - INFO - STARTED LEV RAMAT_HASHARON
2025-05-21 04:17:40,941 - cinemas.lev - INFO - DONE LEV RAMAT_HASHARON
2025-05-21 04:17:40,941 - cinemas.lev - INFO - STARTED LEV MANDARIN
2025-05-21 04:17:41,485 - cinemas.lev - INFO - DONE LEV MANDARIN
2025-05-21 04:17:41,485 - cinemas.lev - INFO - STARTED LEV EVEN_YEHUDA
2025-05-21 04:17:42,020 - cinemas.lev - INFO - DONE LEV EVEN_YEHUDA
2025-05-21 04:17:42,020 - cinemas.lev - INFO - STARTED LEV SMADAR
2025-05-21 04:17:42,503 - cinemas.lev - INFO - DONE LEV SMADAR
2025-05-21 04:17:42,503 - cinemas.lev - INFO - STARTED LEV RAANANA
2025-05-21 04:17:42,936 - cinemas.lev - INFO - DONE LEV RAANANA
2025-05-21 04:17:42,937 - cinemas.lev - INFO - STARTED LEV OMER
2025-05-21 04:17:43,368 - cinemas.lev - INFO - DONE LEV OMER
2025-05-21 04:17:43,368 - cinemas.lev - INFO - STARTED LEV SHOHAM
2025-05-21 04:17:43,758 - cinemas.lev - INFO - DONE LEV SHOHAM
2025-05-21 04:17:43,759 - cinemas.lev - INFO - STARTED LEV DANIEL
2025-05-21 04:17:44,163 - cinemas.lev - INFO - DONE LEV DANIEL
2025-05-21 04:17:44,222 - proxy - INFO - Proxy removed
2025-05-21 04:17:44,222 - cinemas.lev - INFO - DONE LEV
2025-05-21 04:17:44,222 - cinemas.movieland - INFO - STARTED Movie Land
2025-05-21 04:17:44,222 - cinemas.movieland - INFO - STARTED Movie Land CARMIEL
2025-05-21 04:17:44,223 - cinemas.movieland - INFO - DONE Movie Land CARMIEL
2025-05-21 04:17:44,223 - cinemas.movieland - INFO - STARTED Movie Land HAIFA
2025-05-21 04:17:44,223 - cinemas.movieland - INFO - DONE Movie Land HAIFA
2025-05-21 04:17:44,223 - cinemas.movieland - INFO - STARTED Movie Land NATANYA
2025-05-21 04:17:44,224 - cinemas.movieland - INFO - DONE Movie Land NATANYA
2025-05-21 04:17:44,224 - cinemas.movieland - INFO - DONE Movie Land
2025-05-21 04:17:44,224 - root - INFO - ********************
2025-05-21 04:17:44,224 - root - INFO - started checking for:25-05-2025
2025-05-21 04:17:44,224 - cinemas.yes_planet - INFO - STARTED YES PLANET
2025-05-21 04:17:44,224 - cinemas.yes_planet - INFO - STARTED YES PLANET RISHON
2025-05-21 04:17:45,081 - cinemas.yes_planet - INFO - DONE YES PLANET RISHON
2025-05-21 04:17:45,082 - cinemas.yes_planet - INFO - STARTED YES PLANET AYALON
2025-05-21 04:17:45,682 - cinemas.yes_planet - INFO - DONE YES PLANET AYALON
2025-05-21 04:17:45,682 - cinemas.yes_planet - INFO - STARTED YES PLANET ZICHRON
2025-05-21 04:17:46,417 - cinemas.yes_planet - INFO - DONE YES PLANET ZICHRON
2025-05-21 04:17:46,417 - cinemas.yes_planet - INFO - STARTED YES PLANET HAIFA
2025-05-21 04:17:47,003 - cinemas.yes_planet - INFO - DONE YES PLANET HAIFA
2025-05-21 04:17:47,003 - cinemas.yes_planet - INFO - STARTED YES PLANET JERUSALEM
2025-05-21 04:17:47,706 - cinemas.yes_planet - INFO - DONE YES PLANET JERUSALEM
2025-05-21 04:17:47,706 - cinemas.yes_planet - INFO - STARTED YES PLANET BEER_SHEVA
2025-05-21 04:17:48,464 - cinemas.yes_planet - INFO - DONE YES PLANET BEER_SHEVA
2025-05-21 04:17:48,464 - cinemas.yes_planet - INFO - DONE YES PLANET
2025-05-21 04:17:48,464 - cinemas.rav_hen - INFO - STARTED RAV HEN
2025-05-21 04:17:48,464 - cinemas.rav_hen - INFO - STARTED RAV HEN GIVATAIM
2025-05-21 04:17:48,967 - cinemas.rav_hen - INFO - DONE RAV HEN GIVATAIM
2025-05-21 04:17:48,967 - cinemas.rav_hen - INFO - STARTED RAV HEN DIZINGOF
2025-05-21 04:17:49,397 - cinemas.rav_hen - INFO - DONE RAV HEN DIZINGOF
2025-05-21 04:17:49,397 - cinemas.rav_hen - INFO - STARTED RAV HEN MODIIN
2025-05-21 04:17:49,827 - cinemas.rav_hen - INFO - DONE RAV HEN MODIIN
2025-05-21 04:17:49,827 - cinemas.rav_hen - INFO - STARTED RAV HEN KIRYAT_ONO
2025-05-21 04:17:50,271 - cinemas.rav_hen - INFO - DONE RAV HEN KIRYAT_ONO
2025-05-21 04:17:50,271 - cinemas.rav_hen - INFO - DONE RAV HEN
2025-05-21 04:17:50,271 - cinemas.hot_cinema - INFO - STARTED HOT CINEMA
2025-05-21 04:17:50,271 - cinemas.hot_cinema - INFO - STARTED HOT CINEMA MODIIN
2025-05-21 04:17:50,419 - cinemas.hot_cinema - INFO - DONE HOT CINEMA MODIIN
2025-05-21 04:17:50,420 - cinemas.hot_cinema - INFO - STARTED HOT CINEMA KIRYON
2025-05-21 04:17:50,573 - cinemas.hot_cinema - INFO - DONE HOT CINEMA KIRYON
2025-05-21 04:17:50,573 - cinemas.hot_cinema - INFO - STARTED HOT CINEMA KFAR_SABBA
2025-05-21 04:17:50,722 - cinemas.hot_cinema - INFO - DONE HOT CINEMA KFAR_SABBA
2025-05-21 04:17:50,722 - cinemas.hot_cinema - INFO - STARTED HOT CINEMA HAIFA
2025-05-21 04:17:50,873 - cinemas.hot_cinema - INFO - DONE HOT CINEMA HAIFA
2025-05-21 04:17:50,873 - cinemas.hot_cinema - INFO - STARTED HOT CINEMA PETACH_TIKVA
2025-05-21 04:17:51,020 - cinemas.hot_cinema - INFO - DONE HOT CINEMA PETACH_TIKVA
2025-05-21 04:17:51,020 - cinemas.hot_cinema - INFO - STARTED HOT CINEMA RECHOVOT
2025-05-21 04:17:51,168 - cinemas.hot_cinema - INFO - DONE HOT CINEMA RECHOVOT
2025-05-21 04:17:51,168 - cinemas.hot_cinema - INFO - STARTED HOT CINEMA ASHKELON
2025-05-21 04:17:51,316 - cinemas.hot_cinema - INFO - DONE HOT CINEMA ASHKELON
2025-05-21 04:17:51,316 - cinemas.hot_cinema - INFO - STARTED HOT CINEMA KARMIEL
2025-05-21 04:17:51,462 - cinemas.hot_cinema - INFO - DONE HOT CINEMA KARMIEL
2025-05-21 04:17:51,462 - cinemas.hot_cinema - INFO - STARTED HOT CINEMA NAHARIA
2025-05-21 04:17:51,608 - cinemas.hot_cinema - INFO - DONE HOT CINEMA NAHARIA
2025-05-21 04:17:51,609 - cinemas.hot_cinema - INFO - STARTED HOT CINEMA ASHDOD
2025-05-21 04:17:51,755 - cinemas.hot_cinema - INFO - DONE HOT CINEMA ASHDOD
2025-05-21 04:17:51,755 - cinemas.hot_cinema - INFO - DONE HOT CINEMA
2025-05-21 04:17:51,755 - cinemas.cinema_city - INFO - STARTED CINEMA CITY
2025-05-21 04:17:54,260 - proxy - INFO - Proxy: {'YourFuckingIPAddress': '45.150.108.127', 'YourFuckingLocation': 'Petah Tikva, M, Israel', 'YourFuckingHostname': '45.150.108.127', 'YourFuckingISP': 'BlueVPS OU', 'YourFuckingTorExit': False, 'YourFuckingCity': 'Petah Tikva', 'YourFuckingCountry': 'Israel', 'YourFuckingCountryCode': 'IL'}
2025-05-21 04:17:54,261 - cinemas.cinema_city - INFO - STARTED CINEMA CITY GLILOT
2025-05-21 04:18:11,864 - cinemas.cinema_city - INFO - DONE CINEMA CITY GLILOT
2025-05-21 04:18:11,864 - cinemas.cinema_city - INFO - STARTED CINEMA CITY RISHON
2025-05-21 04:18:13,080 - cinemas.cinema_city - INFO - DONE CINEMA CITY RISHON
2025-05-21 04:18:13,080 - cinemas.cinema_city - INFO - STARTED CINEMA CITY JERUSALEM
2025-05-21 04:18:14,439 - cinemas.cinema_city - INFO - DONE CINEMA CITY JERUSALEM
2025-05-21 04:18:14,439 - cinemas.cinema_city - INFO - STARTED CINEMA CITY KFAR_SABBA
2025-05-21 04:18:21,306 - cinemas.cinema_city - INFO - DONE CINEMA CITY KFAR_SABBA
2025-05-21 04:18:21,306 - cinemas.cinema_city - INFO - STARTED CINEMA CITY NATANIA
2025-05-21 04:18:25,087 - cinemas.cinema_city - INFO - DONE CINEMA CITY NATANIA
2025-05-21 04:18:25,087 - cinemas.cinema_city - INFO - STARTED CINEMA CITY BEER_SHEVA
2025-05-21 04:18:26,398 - cinemas.cinema_city - INFO - DONE CINEMA CITY BEER_SHEVA
2025-05-21 04:18:26,398 - cinemas.cinema_city - INFO - STARTED CINEMA CITY HADERA
2025-05-21 04:18:27,878 - cinemas.cinema_city - INFO - DONE CINEMA CITY HADERA
2025-05-21 04:18:27,878 - cinemas.cinema_city - INFO - STARTED CINEMA CITY ASHDOD
2025-05-21 04:18:29,445 - cinemas.cinema_city - WARNING - error while getting movie info:
Traceback (most recent call last):
  File "/home/runner/work/Movie-Time-Server/Movie-Time-Server/cinemas/cinema_city.py", line 123, in get_by_location
    for movie in res.json():
                 ^^^^^^^^^^
  File "/home/runner/work/Movie-Time-Server/Movie-Time-Server/proxy.py", line 18, in json
    return json.loads(self.pre)
           ^^^^^^^^^^^^^^^^^^^^
  File "/opt/hostedtoolcache/Python/3.11.12/x64/lib/python3.11/json/__init__.py", line 339, in loads
    raise TypeError(f'the JSON object must be str, bytes or bytearray, '
TypeError: the JSON object must be str, bytes or bytearray, not NoneType
2025-05-21 04:18:29,446 - cinemas.cinema_city - INFO - DONE CINEMA CITY ASHDOD
2025-05-21 04:18:29,515 - proxy - INFO - Proxy removed
2025-05-21 04:18:29,515 - cinemas.cinema_city - INFO - DONE CINEMA CITY
2025-05-21 04:18:29,515 - cinemas.lev - INFO - STARTED LEV
2025-05-21 04:18:30,989 - proxy - INFO - Proxy: {'YourFuckingIPAddress': '45.150.108.127', 'YourFuckingLocation': 'Petah Tikva, M, Israel', 'YourFuckingHostname': '45.150.108.127', 'YourFuckingISP': 'BlueVPS OU', 'YourFuckingTorExit': False, 'YourFuckingCity': 'Petah Tikva', 'YourFuckingCountry': 'Israel', 'YourFuckingCountryCode': 'IL'}
2025-05-21 04:18:30,989 - cinemas.lev - INFO - STARTED LEV TEL_AVIV
2025-05-21 04:18:32,359 - cinemas.lev - INFO - DONE LEV TEL_AVIV
2025-05-21 04:18:32,360 - cinemas.lev - INFO - STARTED LEV RAMAT_HASHARON
2025-05-21 04:18:33,148 - cinemas.lev - INFO - DONE LEV RAMAT_HASHARON
2025-05-21 04:18:33,148 - cinemas.lev - INFO - STARTED LEV MANDARIN
2025-05-21 04:18:33,653 - cinemas.lev - INFO - DONE LEV MANDARIN
2025-05-21 04:18:33,653 - cinemas.lev - INFO - STARTED LEV EVEN_YEHUDA
2025-05-21 04:18:34,191 - cinemas.lev - INFO - DONE LEV EVEN_YEHUDA
2025-05-21 04:18:34,191 - cinemas.lev - INFO - STARTED LEV SMADAR
2025-05-21 04:18:34,601 - cinemas.lev - INFO - DONE LEV SMADAR
2025-05-21 04:18:34,601 - cinemas.lev - INFO - STARTED LEV RAANANA
2025-05-21 04:18:35,113 - cinemas.lev - INFO - DONE LEV RAANANA
2025-05-21 04:18:35,114 - cinemas.lev - INFO - STARTED LEV OMER
2025-05-21 04:18:35,550 - cinemas.lev - INFO - DONE LEV OMER
2025-05-21 04:18:35,550 - cinemas.lev - INFO - STARTED LEV SHOHAM
2025-05-21 04:18:35,937 - cinemas.lev - INFO - DONE LEV SHOHAM
2025-05-21 04:18:35,937 - cinemas.lev - INFO - STARTED LEV DANIEL
2025-05-21 04:18:36,345 - cinemas.lev - INFO - DONE LEV DANIEL
2025-05-21 04:18:36,404 - proxy - INFO - Proxy removed
2025-05-21 04:18:36,404 - cinemas.lev - INFO - DONE LEV
2025-05-21 04:18:36,404 - cinemas.movieland - INFO - STARTED Movie Land
2025-05-21 04:18:36,404 - cinemas.movieland - INFO - STARTED Movie Land CARMIEL
2025-05-21 04:18:36,666 - cinemas.movieland - INFO - DONE Movie Land CARMIEL
2025-05-21 04:18:36,666 - cinemas.movieland - INFO - STARTED Movie Land HAIFA
2025-05-21 04:18:36,667 - cinemas.movieland - INFO - DONE Movie Land HAIFA
2025-05-21 04:18:36,667 - cinemas.movieland - INFO - STARTED Movie Land NATANYA
2025-05-21 04:18:36,667 - cinemas.movieland - INFO - DONE Movie Land NATANYA
2025-05-21 04:18:36,667 - cinemas.movieland - INFO - DONE Movie Land
2025-05-21 04:18:38,154 - seret.movie_info_fetchers.composite - INFO - Got info for משימה בלתי אפשרית: חשבון סופי using ElasticMovieInfoFetcher
2025-05-21 04:18:39,474 - seret.movie_info_fetchers.composite - INFO - Got info for המשפחה המכושפת שלי using ElasticMovieInfoFetcher
2025-05-21 04:18:40,355 - seret.movie_info_fetchers.composite - INFO - Got info for חוטאים using ElasticMovieInfoFetcher
2025-05-21 04:18:40,367 - seret.movie_info_fetchers.composite - INFO - Got info for הקוסם מארץ עוץ using ElasticMovieInfoFetcher
2025-05-21 04:18:40,367 - seret.info_fetcher - ERROR - Failed to get info for הקוסם מארץ עוץ and הקוסם מארץ עוץ
2025-05-21 04:18:41,592 - seret.movie_info_fetchers.composite - INFO - Got info for סטליוס - הקול של יוון: סיפורו של סטליוס using ElasticMovieInfoFetcher
2025-05-21 04:18:42,890 - seret.movie_info_fetchers.composite - INFO - Got info for צ'קאאוט using ElasticMovieInfoFetcher
2025-05-21 04:18:44,255 - seret.movie_info_fetchers.composite - INFO - Got info for מיינקראפט: הסרט using ElasticMovieInfoFetcher
2025-05-21 04:18:44,262 - seret.movie_info_fetchers.composite - INFO - Got info for שלגיה using ElasticMovieInfoFetcher
2025-05-21 04:18:44,262 - seret.info_fetcher - ERROR - Failed to get info for שלגיה and שלגיה
2025-05-21 04:18:45,934 - seret.movie_info_fetchers.composite - INFO - Got info for איש הכלב using ElasticMovieInfoFetcher
2025-05-21 04:18:46,585 - seret.movie_info_fetchers.composite - INFO - Got info for יחידת העילית using ElasticMovieInfoFetcher
2025-05-21 04:18:48,044 - seret.movie_info_fetchers.composite - INFO - Got info for ת'אנדרבולטס using ElasticMovieInfoFetcher
2025-05-21 04:18:49,397 - seret.movie_info_fetchers.composite - INFO - Got info for פינק ליידי using ElasticMovieInfoFetcher
2025-05-21 04:18:50,351 - seret.movie_info_fetchers.composite - INFO - Got info for נדל”ן - סיפור אהבה using ElasticMovieInfoFetcher
2025-05-21 04:18:51,078 - seret.movie_info_fetchers.composite - INFO - Got info for הנערה מנאפולי using ElasticMovieInfoFetcher
2025-05-21 04:18:52,048 - seret.movie_info_fetchers.composite - INFO - Got info for השבועה של אירנה using ElasticMovieInfoFetcher
2025-05-21 04:18:53,188 - seret.movie_info_fetchers.composite - INFO - Got info for פנטום using ElasticMovieInfoFetcher
2025-05-21 04:18:54,358 - seret.movie_info_fetchers.composite - INFO - Got info for לקרוא את לוליטה בטהרן using ElasticMovieInfoFetcher
2025-05-21 04:18:55,191 - seret.movie_info_fetchers.composite - INFO - Got info for יעד סופי: קשר דם using ElasticMovieInfoFetcher
2025-05-21 04:18:56,491 - seret.movie_info_fetchers.composite - INFO - Got info for זוג הצללים using ElasticMovieInfoFetcher
2025-05-21 04:18:57,563 - seret.movie_info_fetchers.composite - INFO - Got info for זוכים חסרי מזל using ElasticMovieInfoFetcher
2025-05-21 04:18:58,620 - seret.movie_info_fetchers.composite - INFO - Got info for צעירות מחדש using ElasticMovieInfoFetcher
2025-05-21 04:18:59,496 - seret.movie_info_fetchers.composite - INFO - Got info for פנייה חדה using ElasticMovieInfoFetcher
2025-05-21 04:19:00,622 - seret.movie_info_fetchers.composite - INFO - Got info for המורה הטוב using ElasticMovieInfoFetcher
2025-05-21 04:19:02,055 - seret.movie_info_fetchers.composite - INFO - Got info for עד שתחזור using ElasticMovieInfoFetcher
2025-05-21 04:19:03,074 - seret.movie_info_fetchers.composite - INFO - Got info for החובבן using ElasticMovieInfoFetcher
2025-05-21 04:19:03,637 - seret.movie_info_fetchers.composite - INFO - Got info for דייט קטלני using ElasticMovieInfoFetcher
2025-05-21 04:19:04,392 - seret.movie_info_fetchers.composite - INFO - Got info for סוגר פינות using ElasticMovieInfoFetcher
2025-05-21 04:19:04,844 - seret.movie_raters.composite - WARNING - Failed to get rating for Tmunot Yafoeiyot
2025-05-21 04:19:05,042 - seret.movie_raters.composite - WARNING - Failed to get rating for תמונות יפואיות
2025-05-21 04:19:05,042 - seret.movie_info_fetchers.composite - INFO - Got info for תמונות יפואיות using ElasticMovieInfoFetcher
2025-05-21 04:19:05,629 - seret.movie_info_fetchers.composite - INFO - Got info for רואה החשבון 2 using ElasticMovieInfoFetcher
2025-05-21 04:19:07,473 - seret.movie_info_fetchers.composite - INFO - Got info for משוריין using ElasticMovieInfoFetcher
2025-05-21 04:19:08,568 - seret.movie_info_fetchers.composite - INFO - Got info for בולרו using ElasticMovieInfoFetcher
2025-05-21 04:19:09,136 - seret.movie_info_fetchers.composite - INFO - Got info for פדינגטון בג'ונגל using ElasticMovieInfoFetcher
2025-05-21 04:19:10,324 - seret.movie_info_fetchers.composite - INFO - Got info for אופססס הממלכה השתגעה using ElasticMovieInfoFetcher
2025-05-21 04:19:11,301 - seret.movie_info_fetchers.composite - INFO - Got info for דרכים מצטלבות using ElasticMovieInfoFetcher
2025-05-21 04:19:12,482 - seret.movie_info_fetchers.composite - INFO - Got info for כלב שחור using ElasticMovieInfoFetcher
2025-05-21 04:19:13,747 - seret.movie_info_fetchers.composite - INFO - Got info for התיאוריה של מרגרט using ElasticMovieInfoFetcher
2025-05-21 04:19:15,132 - seret.movie_info_fetchers.composite - INFO - Got info for חבורת המערב הפרוע using ElasticMovieInfoFetcher
2025-05-21 04:19:15,686 - seret.movie_info_fetchers.composite - INFO - Got info for עד הזריחה using ElasticMovieInfoFetcher
2025-05-21 04:19:16,143 - seret.movie_info_fetchers.composite - INFO - Got info for Rebellious using ElasticMovieInfoFetcher
2025-05-21 04:19:16,718 - seret.movie_info_fetchers.composite - INFO - Got info for Drop using ElasticMovieInfoFetcher
2025-05-21 04:19:18,365 - seret.movie_info_fetchers.composite - INFO - Got info for The Wizard of Emerald City using ElasticMovieInfoFetcher
2025-05-21 04:19:19,457 - seret.movie_info_fetchers.composite - INFO - Got info for Shadow Force using ElasticMovieInfoFetcher
2025-05-21 04:19:20,085 - seret.movie_info_fetchers.composite - INFO - Got info for Buffalo Kids using ElasticMovieInfoFetcher
2025-05-21 04:19:21,243 - seret.movie_info_fetchers.composite - INFO - Got info for Sinners using ElasticMovieInfoFetcher
2025-05-21 04:19:21,722 - seret.movie_info_fetchers.composite - INFO - Got info for Warfare using ElasticMovieInfoFetcher
2025-05-21 04:19:22,138 - seret.movie_info_fetchers.composite - INFO - Got info for Final Destination: Bloodlines using ElasticMovieInfoFetcher
2025-05-21 04:19:22,792 - seret.movie_info_fetchers.composite - INFO - Got info for A Minecraft Movie using ElasticMovieInfoFetcher
2025-05-21 04:19:23,443 - seret.movie_info_fetchers.composite - INFO - Got info for Mission: Impossible - The Final Reckoning using ElasticMovieInfoFetcher
2025-05-21 04:19:23,921 - seret.movie_info_fetchers.composite - INFO - Got info for סטליוס - הקול של יוון: סיפורו של סטליוס קזנג'ידיס using ElasticMovieInfoFetcher
2025-05-21 04:19:23,926 - seret.movie_info_fetchers.composite - INFO - Got info for Stelios using ElasticMovieInfoFetcher
2025-05-21 04:19:24,963 - seret.movie_info_fetchers.composite - INFO - Got info for סינמה נוסטלגיה - מאמה מיה using ElasticMovieInfoFetcher
2025-05-21 04:19:25,613 - seret.movie_info_fetchers.composite - INFO - Got info for Mamma Mia using ElasticMovieInfoFetcher
2025-05-21 04:19:26,342 - seret.movie_info_fetchers.composite - INFO - Got info for Pink Lady using ElasticMovieInfoFetcher
2025-05-21 04:19:26,348 - seret.movie_info_fetchers.composite - INFO - Got info for Phantom using ElasticMovieInfoFetcher
2025-05-21 04:19:26,893 - seret.movie_info_fetchers.composite - INFO - Got info for Sharp Corner using ElasticMovieInfoFetcher
2025-05-21 04:19:27,428 - seret.movie_info_fetchers.composite - INFO - Got info for The Accountant 2 using ElasticMovieInfoFetcher
2025-05-21 04:19:28,299 - seret.movie_info_fetchers.composite - INFO - Got info for THUNDERBOLTS using ElasticMovieInfoFetcher
2025-05-21 04:19:29,482 - seret.movie_info_fetchers.composite - INFO - Got info for Jaffa using ElasticMovieInfoFetcher
2025-05-21 04:19:30,121 - seret.movie_info_fetchers.composite - INFO - Got info for Dog Man using ElasticMovieInfoFetcher
2025-05-21 04:19:30,130 - seret.movie_info_fetchers.composite - INFO - Got info for The Amateur using ElasticMovieInfoFetcher
2025-05-21 04:19:30,704 - seret.movie_info_fetchers.composite - INFO - Got info for The Good Teacher using ElasticMovieInfoFetcher
2025-05-21 04:19:31,236 - seret.movie_info_fetchers.composite - INFO - Got info for Irena's Vow using ElasticMovieInfoFetcher
2025-05-21 04:19:31,734 - seret.movie_info_fetchers.composite - INFO - Got info for התיאוריה של מרגריט using ElasticMovieInfoFetcher
2025-05-21 04:19:32,859 - seret.movie_info_fetchers.composite - INFO - Got info for Marguerite's Theorem using ElasticMovieInfoFetcher
2025-05-21 04:19:33,491 - seret.movie_info_fetchers.composite - INFO - Got info for Unlucky Winners using ElasticMovieInfoFetcher
2025-05-21 04:19:34,070 - seret.movie_info_fetchers.composite - INFO - Got info for Armor using ElasticMovieInfoFetcher
2025-05-21 04:19:35,401 - seret.movie_info_fetchers.composite - INFO - Got info for צ'יקן מאסטר using ElasticMovieInfoFetcher
2025-05-21 04:19:35,887 - seret.movie_info_fetchers.composite - INFO - Got info for Out of the Nest using ElasticMovieInfoFetcher
2025-05-21 04:19:36,322 - seret.movie_info_fetchers.composite - INFO - Got info for Arthur's Whisky using ElasticMovieInfoFetcher
2025-05-21 04:19:36,329 - seret.movie_info_fetchers.composite - INFO - Got info for Snow White using ElasticMovieInfoFetcher
2025-05-21 04:19:37,921 - seret.movie_info_fetchers.composite - INFO - Got info for Parthenope using ElasticMovieInfoFetcher
2025-05-21 04:19:38,896 - seret.movie_info_fetchers.composite - INFO - Got info for Black Dog using ElasticMovieInfoFetcher
2025-05-21 04:19:40,114 - imdb_api - ERROR - id='tt31227572', movie='Nadlan'
Traceback (most recent call last):
  File "/home/runner/work/Movie-Time-Server/Movie-Time-Server/seret/movie_raters/imdb_api.py", line 67, in get_imdb_rating
    return info["aggregateRating"]['ratingValue']
           ~~~~^^^^^^^^^^^^^^^^^^^
KeyError: 'aggregateRating'
2025-05-21 04:19:40,114 - seret.movie_raters.composite - WARNING - Failed to get rating for Nadlan
2025-05-21 04:19:40,260 - seret.movie_raters.composite - WARNING - Failed to get rating for נדל"ן: סיפור אהבה
2025-05-21 04:19:40,260 - seret.movie_info_fetchers.composite - INFO - Got info for נדל"ן סיפור אהבה using ElasticMovieInfoFetcher
2025-05-21 04:19:40,822 - seret.movie_raters.composite - WARNING - Failed to get rating for Real Estate
2025-05-21 04:19:41,056 - seret.movie_raters.composite - WARNING - Failed to get rating for נדל"ן
2025-05-21 04:19:41,056 - seret.movie_info_fetchers.composite - INFO - Got info for Real Estate using ElasticMovieInfoFetcher
2025-05-21 04:19:41,925 - seret.movie_info_fetchers.composite - INFO - Got info for ניקו עף על הזמן using ElasticMovieInfoFetcher
2025-05-21 04:19:42,312 - seret.movie_info_fetchers.composite - INFO - Got info for Niko - Beyond the Northern Lights using ElasticMovieInfoFetcher
2025-05-21 04:19:42,750 - seret.movie_info_fetchers.composite - INFO - Got info for REBELLIOU using ElasticMovieInfoFetcher
2025-05-21 04:19:43,214 - seret.movie_info_fetchers.composite - INFO - Got info for My Freaky Family using ElasticMovieInfoFetcher
2025-05-21 04:19:43,767 - seret.movie_info_fetchers.composite - INFO - Got info for Reading Lolita in Tehran using ElasticMovieInfoFetcher
2025-05-21 04:19:44,301 - seret.movie_info_fetchers.composite - INFO - Got info for מיינקראפט using ElasticMovieInfoFetcher
2025-05-21 04:19:44,824 - seret.movie_info_fetchers.composite - INFO - Got info for Minecraft using ElasticMovieInfoFetcher
2025-05-21 04:19:46,035 - seret.movie_info_fetchers.composite - INFO - Got info for Mission Impossible 8 using ElasticMovieInfoFetcher
2025-05-21 04:19:46,978 - seret.movie_info_fetchers.composite - INFO - Got info for Paddington In Peru using ElasticMovieInfoFetcher
2025-05-21 04:19:47,579 - seret.movie_info_fetchers.composite - INFO - Got info for *Thunderbolts using ElasticMovieInfoFetcher
2025-05-21 04:19:48,353 - seret.movie_info_fetchers.composite - INFO - Got info for משימה בלתי אפשרית 8 using ElasticMovieInfoFetcher
2025-05-21 04:19:48,391 - seret.movie_info_fetchers.composite - INFO - Got info for Миссия невыполнима: Финальная расплата using ElasticMovieInfoFetcher
2025-05-21 04:19:48,391 - seret.info_fetcher - ERROR - Failed to get info for Миссия невыполнима: Финальная расплата and משימה בלתי אפשרית 8
2025-05-21 04:19:48,842 - seret.movie_info_fetchers.composite - INFO - Got info for סטליוס using ElasticMovieInfoFetcher
2025-05-21 04:19:48,847 - seret.movie_info_fetchers.composite - INFO - Got info for IPARXO using ElasticMovieInfoFetcher
2025-05-21 04:19:48,853 - seret.movie_info_fetchers.composite - INFO - Got info for סינמה קידס נתניה - הקוסם מארץ עוץ using ElasticMovieInfoFetcher
2025-05-21 04:19:49,316 - seret.movie_info_fetchers.composite - INFO - Got info for The Wizard of Emerald City using ElasticMovieInfoFetcher
2025-05-21 04:19:49,324 - seret.movie_info_fetchers.composite - INFO - Got info for סינמה קידס ב"ש - הקוסם מארץ עוץ using ElasticMovieInfoFetcher
2025-05-21 04:19:49,724 - seret.movie_info_fetchers.composite - INFO - Got info for The Wizard of Emerald City using ElasticMovieInfoFetcher
2025-05-21 04:19:50,266 - seret.movie_info_fetchers.composite - INFO - Got info for A WORKING MAN using ElasticMovieInfoFetcher
2025-05-21 04:19:50,690 - seret.movie_info_fetchers.composite - INFO - Got info for Bolero using ElasticMovieInfoFetcher
2025-05-21 04:19:51,440 - seret.movie_info_fetchers.composite - INFO - Got info for נדל”ן: סיפור אהבה using ElasticMovieInfoFetcher
2025-05-21 04:19:51,465 - seret.movie_raters.composite - WARNING - Failed to get rating for Real Estate
2025-05-21 04:19:51,482 - seret.movie_raters.composite - WARNING - Failed to get rating for נדל"ן
2025-05-21 04:19:51,482 - seret.movie_info_fetchers.composite - INFO - Got info for Real Estate using ElasticMovieInfoFetcher
2025-05-21 04:19:52,206 - seret.movie_info_fetchers.composite - INFO - Got info for Mission Impossible The Final Reckoning using ElasticMovieInfoFetcher
2025-05-21 04:19:53,253 - seret.movie_info_fetchers.composite - INFO - Got info for השמפניה של גברת קליקו using ElasticMovieInfoFetcher
2025-05-21 04:19:54,200 - seret.movie_info_fetchers.composite - INFO - Got info for Widow Clicquot using ElasticMovieInfoFetcher
2025-05-21 04:19:55,573 - seret.movie_info_fetchers.composite - INFO - Got info for כל מה שאנחנו מדמיינים כאור using ElasticMovieInfoFetcher
2025-05-21 04:19:56,344 - seret.movie_info_fetchers.composite - INFO - Got info for All We Imagine as Light using ElasticMovieInfoFetcher
2025-05-21 04:19:56,349 - seret.movie_info_fetchers.composite - INFO - Got info for Stelios using ElasticMovieInfoFetcher
2025-05-21 04:19:57,890 - seret.movie_info_fetchers.composite - INFO - Got info for בוב טרבינו עשה לך לייק using ElasticMovieInfoFetcher
2025-05-21 04:19:58,560 - seret.movie_info_fetchers.composite - INFO - Got info for Bob Trevino Likes It using ElasticMovieInfoFetcher
2025-05-21 04:19:58,565 - seret.movie_info_fetchers.composite - INFO - Got info for Crossing using ElasticMovieInfoFetcher
2025-05-21 04:19:58,989 - seret.movie_info_fetchers.composite - INFO - Got info for Out of the Nest Dubbed using ElasticMovieInfoFetcher
2025-05-21 04:19:59,734 - seret.movie_info_fetchers.composite - INFO - Got info for אנורה using ElasticMovieInfoFetcher
2025-05-21 04:20:00,252 - seret.movie_info_fetchers.composite - INFO - Got info for Anora using ElasticMovieInfoFetcher
2025-05-21 04:20:01,588 - seret.movie_info_fetchers.composite - INFO - Got info for טווס using ElasticMovieInfoFetcher
2025-05-21 04:20:02,058 - seret.movie_info_fetchers.composite - INFO - Got info for Peacock using ElasticMovieInfoFetcher
2025-05-21 04:20:03,193 - seret.movie_info_fetchers.composite - INFO - Got info for אילנה גור אישה ברוח + שיח יוצרים using ElasticMovieInfoFetcher
2025-05-21 04:20:03,205 - seret.movie_info_fetchers.composite - INFO - Got info for A Woman Against the Wind using ElasticMovieInfoFetcher
2025-05-21 04:20:04,102 - seret.movie_info_fetchers.composite - INFO - Got info for Mission: Impossible- The Final Reckoning using ElasticMovieInfoFetcher
2025-05-21 04:20:04,685 - seret.movie_info_fetchers.composite - INFO - Got info for לקרוא את לוליטה בטהראן using ElasticMovieInfoFetcher
2025-05-21 04:20:05,489 - seret.movie_info_fetchers.composite - INFO - Got info for Reading Lolita in Tehran using ElasticMovieInfoFetcher
2025-05-21 04:20:06,222 - seret.movie_info_fetchers.composite - INFO - Got info for Thunderbolts using ElasticMovieInfoFetcher
2025-05-21 04:20:06,799 - seret.movie_info_fetchers.composite - INFO - Got info for Minecraft using ElasticMovieInfoFetcher
2025-05-21 04:20:07,402 - seret.movie_info_fetchers.composite - INFO - Got info for UNTIL DAWN using ElasticMovieInfoFetcher
2025-05-21 04:20:07,406 - seret.movie_info_fetchers.composite - INFO - Got info for ГРОМОВЕРЖЦЫ using ElasticMovieInfoFetcher
2025-05-21 04:20:07,406 - seret.info_fetcher - ERROR - Failed to get info for ГРОМОВЕРЖЦЫ and ГРОМОВЕРЖЦЫ
2025-05-21 04:20:08,530 - seret.movie_info_fetchers.composite - INFO - Got info for משחק המעלית using ElasticMovieInfoFetcher
2025-05-21 04:20:09,012 - seret.movie_info_fetchers.composite - INFO - Got info for Elevator Game using ElasticMovieInfoFetcher
2025-05-21 04:20:10,029 - seret.movie_info_fetchers.composite - INFO - Got info for לילו וסטיץ using ElasticMovieInfoFetcher
2025-05-21 04:20:10,954 - seret.movie_info_fetchers.composite - INFO - Got info for שלוש חברות using ElasticMovieInfoFetcher
2025-05-21 04:20:12,201 - seret.movie_info_fetchers.composite - INFO - Got info for המורה שהבטיח את הים using ElasticMovieInfoFetcher
2025-05-21 04:20:13,255 - imdb_api - ERROR - id='tt29732624', movie='La contadora de películas'
Traceback (most recent call last):
  File "/home/runner/work/Movie-Time-Server/Movie-Time-Server/seret/movie_raters/imdb_api.py", line 67, in get_imdb_rating
    return info["aggregateRating"]['ratingValue']
           ~~~~^^^^^^^^^^^^^^^^^^^
KeyError: 'aggregateRating'
2025-05-21 04:20:13,255 - seret.movie_raters.composite - WARNING - Failed to get rating for La contadora de películas
2025-05-21 04:20:13,417 - seret.movie_raters.composite - WARNING - Failed to get rating for סיפור מהסרטים
2025-05-21 04:20:13,417 - seret.movie_info_fetchers.composite - INFO - Got info for סיפור מהסרטים using ElasticMovieInfoFetcher
2025-05-21 04:20:15,512 - seret.movie_info_fetchers.composite - INFO - Got info for כל החיים לפניי using ElasticMovieInfoFetcher
2025-05-21 04:20:16,485 - seret.movie_info_fetchers.composite - INFO - Got info for קלף מנצח using ElasticMovieInfoFetcher
2025-05-21 04:20:17,335 - seret.movie_info_fetchers.composite - INFO - Got info for האחות המכוערת using ElasticMovieInfoFetcher
2025-05-21 04:20:18,767 - seret.movie_info_fetchers.composite - INFO - Got info for לילו & סטיץ using ElasticMovieInfoFetcher
2025-05-21 04:20:18,776 - seret.movie_info_fetchers.composite - INFO - Got info for Lilo & Stitch using ElasticMovieInfoFetcher
2025-05-21 04:20:19,433 - seret.movie_info_fetchers.composite - INFO - Got info for The Future Awaits using ElasticMovieInfoFetcher
2025-05-21 04:20:20,543 - seret.movie_info_fetchers.composite - INFO - Got info for THE MOVIE TELLER using ElasticMovieInfoFetcher
2025-05-21 04:20:21,130 - seret.movie_info_fetchers.composite - INFO - Got info for Paddington in Peru using ElasticMovieInfoFetcher
2025-05-21 04:20:21,136 - seret.movie_info_fetchers.composite - INFO - Got info for קומדי בר using ElasticMovieInfoFetcher
2025-05-21 04:20:22,210 - seret.movie_info_fetchers.composite - INFO - Got info for Comedy Bar using ElasticMovieInfoFetcher
2025-05-21 04:20:22,606 - seret.movie_info_fetchers.composite - INFO - Got info for МИССИЯ НЕВЫПОЛНИМА: ФИНАЛЬНАЯ РАСПЛАТА משימה בלתי אפשרית 8 using ElasticMovieInfoFetcher
2025-05-21 04:20:23,218 - seret.movie_info_fetchers.composite - INFO - Got info for MISSION IMPOSSIBLE 8 using ElasticMovieInfoFetcher
2025-05-21 04:20:23,224 - seret.movie_info_fetchers.composite - INFO - Got info for מוחמד נעמה מגיע לעשות סטנדאפ ב-HOT CINEMA using ElasticMovieInfoFetcher
2025-05-21 04:20:24,356 - imdb_api - ERROR - id='tt0133738', movie='Erev Bli Naama'
Traceback (most recent call last):
  File "/home/runner/work/Movie-Time-Server/Movie-Time-Server/seret/movie_raters/imdb_api.py", line 67, in get_imdb_rating
    return info["aggregateRating"]['ratingValue']
           ~~~~^^^^^^^^^^^^^^^^^^^
KeyError: 'aggregateRating'
2025-05-21 04:20:24,356 - seret.movie_raters.composite - WARNING - Failed to get rating for Erev Bli Naama
2025-05-21 04:20:24,497 - seret.movie_raters.composite - WARNING - Failed to get rating for ערב בלי נעמה
2025-05-21 04:20:24,497 - seret.movie_info_fetchers.composite - INFO - Got info for Muhamad Naama using ElasticMovieInfoFetcher
2025-05-21 04:20:25,029 - seret.movie_info_fetchers.composite - INFO - Got info for The Movie Teller using ElasticMovieInfoFetcher
2025-05-21 04:20:25,038 - seret.movie_info_fetchers.composite - INFO - Got info for Lilo & Stitch (ENG using ElasticMovieInfoFetcher
2025-05-21 04:20:26,106 - seret.movie_info_fetchers.composite - INFO - Got info for עד שיצא עשן לבן using ElasticMovieInfoFetcher
2025-05-21 04:20:26,554 - seret.movie_info_fetchers.composite - INFO - Got info for Conclave using ElasticMovieInfoFetcher
2025-05-21 04:20:26,564 - seret.movie_info_fetchers.composite - INFO - Got info for Lilo & Stitch (HEB using ElasticMovieInfoFetcher
2025-05-21 04:20:26,573 - seret.movie_info_fetchers.composite - INFO - Got info for LILO & STITCH using ElasticMovieInfoFetcher
2025-05-21 04:20:27,322 - seret.movie_info_fetchers.composite - INFO - Got info for DROP using ElasticMovieInfoFetcher
2025-05-21 04:20:27,753 - seret.movie_info_fetchers.composite - INFO - Got info for Le Theoreme De Marguerite using ElasticMovieInfoFetcher
2025-05-21 04:20:27,763 - seret.movie_info_fetchers.composite - INFO - Got info for Lilo & Stitch using ElasticMovieInfoFetcher
2025-05-21 04:20:27,766 - seret.movie_info_fetchers.composite - INFO - Got info for ת'אנדרבולט using ElasticMovieInfoFetcher
2025-05-21 04:20:28,260 - seret.movie_info_fetchers.composite - INFO - Got info for THUNDERBOLTS using ElasticMovieInfoFetcher
2025-05-21 04:20:29,837 - seret.movie_info_fetchers.composite - INFO - Got info for החתונה המרוקאית שלי using ElasticMovieInfoFetcher
2025-05-21 04:20:30,853 - seret.movie_info_fetchers.composite - INFO - Got info for A Moroccan Affair using ElasticMovieInfoFetcher
2025-05-21 04:20:32,603 - seret.movie_info_fetchers.composite - INFO - Got info for הטבעת using ElasticMovieInfoFetcher
2025-05-21 04:20:34,069 - seret.movie_info_fetchers.composite - INFO - Got info for I Was There using ElasticMovieInfoFetcher
2025-05-21 04:20:34,536 - seret.movie_info_fetchers.composite - INFO - Got info for Lucky Winners using ElasticMovieInfoFetcher
2025-05-21 04:20:34,974 - seret.movie_info_fetchers.composite - INFO - Got info for SINNERS using ElasticMovieInfoFetcher
2025-05-21 04:20:35,523 - seret.movie_info_fetchers.composite - INFO - Got info for Until Dawn using ElasticMovieInfoFetcher
2025-05-21 04:20:37,486 - seret.movie_info_fetchers.composite - INFO - Got info for מרתון סטנדאפ-שובר שורות using ElasticMovieInfoFetcher
2025-05-21 04:20:37,487 - seret.info_fetcher - ERROR - Failed to get info for  and מרתון סטנדאפ-שובר שורות
2025-05-21 04:20:38,854 - seret.movie_info_fetchers.composite - INFO - Got info for ЛИЛО И СТИЧ using ElasticMovieInfoFetcher
2025-05-21 04:20:38,880 - seret.movie_info_fetchers.composite - INFO - Got info for МИССИЯ НЕВЫПОЛНИМА. ФИНАЛЬНАЯ РАСПЛАТА using ElasticMovieInfoFetcher
2025-05-21 04:20:38,880 - seret.info_fetcher - ERROR - Failed to get info for МИССИЯ НЕВЫПОЛНИМА. ФИНАЛЬНАЯ РАСПЛАТА and МИССИЯ НЕВЫПОЛНИМА. ФИНАЛЬНАЯ РАСПЛАТА
2025-05-21 04:20:39,665 - seret.movie_info_fetchers.composite - INFO - Got info for שבת משפחתית - אבא אווזה using ElasticMovieInfoFetcher
2025-05-21 04:20:40,210 - seret.movie_info_fetchers.composite - INFO - Got info for Duck Duck Goose using ElasticMovieInfoFetcher
2025-05-21 04:20:40,636 - imdb_api - ERROR - id='tt31227572', movie='Nadlan'
Traceback (most recent call last):
  File "/home/runner/work/Movie-Time-Server/Movie-Time-Server/seret/movie_raters/imdb_api.py", line 67, in get_imdb_rating
    return info["aggregateRating"]['ratingValue']
           ~~~~^^^^^^^^^^^^^^^^^^^
KeyError: 'aggregateRating'
2025-05-21 04:20:40,636 - seret.movie_raters.composite - WARNING - Failed to get rating for Nadlan
2025-05-21 04:20:40,653 - seret.movie_raters.composite - WARNING - Failed to get rating for נדל"ן: סיפור אהבה
2025-05-21 04:20:40,653 - seret.movie_info_fetchers.composite - INFO - Got info for נדל"ן-סיפור אהבה using ElasticMovieInfoFetcher
2025-05-21 04:20:42,520 - seret.movie_info_fetchers.composite - INFO - Got info for סוניק 3 using ElasticMovieInfoFetcher
2025-05-21 04:20:43,693 - seret.movie_info_fetchers.composite - INFO - Got info for Sonic 3 using ElasticMovieInfoFetcher
2025-05-21 04:20:44,137 - seret.movie_info_fetchers.composite - INFO - Got info for סינמה קידס כפ"ס - אופססס הממלכה השתגעה-מ using ElasticMovieInfoFetcher
2025-05-21 04:20:44,509 - seret.movie_info_fetchers.composite - INFO - Got info for REBELLIOU using ElasticMovieInfoFetcher
2025-05-21 04:20:45,211 - seret.movie_info_fetchers.composite - INFO - Got info for Mission Impossible: The Final Reckoning using ElasticMovieInfoFetcher
2025-05-21 04:20:46,359 - seret.movie_info_fetchers.composite - INFO - Got info for מועדון הטרום אבן יהודה - לתת את הקול using ElasticMovieInfoFetcher
2025-05-21 04:20:47,258 - seret.movie_info_fetchers.composite - INFO - Got info for Speak Out using ElasticMovieInfoFetcher
2025-05-21 04:20:47,265 - seret.movie_info_fetchers.composite - INFO - Got info for טרום בכורה - כשקיץ הופך לסתיו using ElasticMovieInfoFetcher
2025-05-21 04:20:47,270 - seret.movie_info_fetchers.composite - INFO - Got info for When Fall is Coming using ElasticMovieInfoFetcher
2025-05-21 04:20:47,270 - seret.info_fetcher - ERROR - Failed to get info for When Fall is Coming and טרום בכורה - כשקיץ הופך לסתיו
2025-05-21 04:20:47,940 - seret.movie_info_fetchers.composite - INFO - Got info for ARTHUR'S WHISKY using ElasticMovieInfoFetcher
2025-05-21 04:20:47,940 - seret.info_fetcher - ERROR - Failed to get info for 7 movies: [{'date': '21-05-2025', 'cinema': 'יס פלאנט', 'location': 'ראשון לציון', 'district': 'גוש דן', 'title': 'הקוסם מארץ עוץ', 'eng_title': 'הקוסם מארץ עוץ', 'type': '2D', 'time': '14:00', 'link': 'https://tickets5.planetcinema.co.il/order/37650?lang=he', 'coords': (31.9798, 34.7475), 'dubbed': True}, {'date': '21-05-2025', 'cinema': 'יס פלאנט', 'location': 'ראשון לציון', 'district': 'גוש דן', 'title': 'שלגיה', 'eng_title': 'שלגיה', 'type': '2D', 'time': '14:20', 'link': 'https://tickets5.planetcinema.co.il/order/37638?lang=he', 'coords': (31.9798, 34.7475), 'dubbed': True}, {'date': '21-05-2025', 'cinema': 'סינמה סיטי', 'location': 'ראשון לציון', 'district': 'גוש דן', 'title': 'משימה בלתי אפשרית 8: חשבון סופי', 'eng_title': 'Mission: Impossible - The Final Reckoning', 'type': '2D', 'time': '20:00', 'link': 'https://tickets.cinema-city.co.il/order/628952', 'coords': (31.9833, 34.7711), 'dubbed': True}, {'date': '21-05-2025', 'cinema': 'מובילנד', 'location': 'כרמיאל', 'district': 'הצפון', 'title': 'ГРОМОВЕРЖЦЫ', 'eng_title': 'ГРОМОВЕРЖЦЫ', 'type': '2D', 'time': '19:05', 'link': 'https://ecom.biggerpicture.ai/site/1290?code=1290-72086&saleChannelCode=web&languageid=he_IL', 'coords': (32.922, 35.3078), 'dubbed': True}, {'date': '23-05-2025', 'cinema': 'סינמה סיטי', 'location': 'ראשון לציון', 'district': 'גוש דן', 'title': 'אל קמינו: שובר שורות - הסרט', 'eng_title': 'El Camino: A Breaking Bad Movie', 'type': '2D', 'time': '21:45', 'link': 'https://tickets.cinema-city.co.il/order/621950', 'coords': (31.9833, 34.7711), 'dubbed': False}, {'date': '23-05-2025', 'cinema': 'מובילנד', 'location': 'כרמיאל', 'district': 'הצפון', 'title': 'МИССИЯ НЕВЫПОЛНИМА. ФИНАЛЬНАЯ РАСПЛАТА', 'eng_title': 'МИССИЯ НЕВЫПОЛНИМА. ФИНАЛЬНАЯ РАСПЛАТА', 'type': '2D', 'time': '19:30', 'link': 'https://ecom.biggerpicture.ai/site/1290?code=1290-71723&saleChannelCode=web&languageid=he_IL', 'coords': (32.922, 35.3078), 'dubbed': True}, {'date': '25-05-2025', 'cinema': 'לב', 'location': 'דניאל', 'district': 'השרון', 'title': 'טרום בכורה - כשקיץ הופך לסתיו', 'eng_title': 'When Fall is Coming', 'type': '2D', 'time': '19:00', 'link': 'https://ticket.lev.co.il/order/571396', 'coords': (32.1715, 34.8005), 'dubbed': False}]
2025-05-21 04:20:48,072 - root - INFO - 6548
