2024-07-29 02:48:01,164 - root - INFO - ********************
2024-07-29 02:48:01,165 - root - INFO - started checking for:29-07-2024
2024-07-29 02:48:01,165 - cinemas.yes_planet - INFO - STARTED YES PLANET
2024-07-29 02:48:01,165 - cinemas.yes_planet - INFO - STARTED YES PLANET RISHON
2024-07-29 02:48:19,296 - cinemas.yes_planet - INFO - DONE YES PLANET RISHON
2024-07-29 02:48:19,297 - cinemas.yes_planet - INFO - STARTED YES PLANET AYALON
2024-07-29 02:48:21,838 - cinemas.yes_planet - INFO - DONE YES PLANET AYALON
2024-07-29 02:48:21,838 - cinemas.yes_planet - INFO - STARTED YES PLANET ZICHRON
2024-07-29 02:48:22,385 - cinemas.yes_planet - INFO - DONE YES PLANET ZICHRON
2024-07-29 02:48:22,385 - cinemas.yes_planet - INFO - STARTED YES PLANET HAIFA
2024-07-29 02:48:24,301 - cinemas.yes_planet - INFO - DONE YES PLANET HAIFA
2024-07-29 02:48:24,301 - cinemas.yes_planet - INFO - STARTED YES PLANET JERUSALEM
2024-07-29 02:48:25,529 - cinemas.yes_planet - INFO - DONE YES PLANET JERUSALEM
2024-07-29 02:48:25,529 - cinemas.yes_planet - INFO - STARTED YES PLANET BEER_SHEVA
2024-07-29 02:48:26,725 - cinemas.yes_planet - INFO - DONE YES PLANET BEER_SHEVA
2024-07-29 02:48:26,725 - cinemas.yes_planet - INFO - DONE YES PLANET
2024-07-29 02:48:26,726 - cinemas.yes_planet - INFO - STARTED YES PLANET
2024-07-29 02:48:26,726 - cinemas.yes_planet - INFO - STARTED YES PLANET RISHON
2024-07-29 02:48:26,748 - cinemas.yes_planet - INFO - DONE YES PLANET RISHON
2024-07-29 02:48:26,748 - cinemas.yes_planet - INFO - STARTED YES PLANET AYALON
2024-07-29 02:48:26,768 - cinemas.yes_planet - INFO - DONE YES PLANET AYALON
2024-07-29 02:48:26,768 - cinemas.yes_planet - INFO - STARTED YES PLANET ZICHRON
2024-07-29 02:48:26,787 - cinemas.yes_planet - INFO - DONE YES PLANET ZICHRON
2024-07-29 02:48:26,788 - cinemas.yes_planet - INFO - STARTED YES PLANET HAIFA
2024-07-29 02:48:26,814 - cinemas.yes_planet - INFO - DONE YES PLANET HAIFA
2024-07-29 02:48:26,814 - cinemas.yes_planet - INFO - STARTED YES PLANET JERUSALEM
2024-07-29 02:48:26,836 - cinemas.yes_planet - INFO - DONE YES PLANET JERUSALEM
2024-07-29 02:48:26,836 - cinemas.yes_planet - INFO - STARTED YES PLANET BEER_SHEVA
2024-07-29 02:48:26,863 - cinemas.yes_planet - INFO - DONE YES PLANET BEER_SHEVA
2024-07-29 02:48:26,864 - cinemas.yes_planet - INFO - DONE YES PLANET
2024-07-29 02:48:26,865 - cinemas.rav_hen - INFO - STARTED RAV HEN
2024-07-29 02:48:26,865 - cinemas.rav_hen - INFO - STARTED RAV HEN GIVATAIM
2024-07-29 02:48:34,036 - cinemas.rav_hen - INFO - DONE RAV HEN GIVATAIM
2024-07-29 02:48:34,036 - cinemas.rav_hen - INFO - STARTED RAV HEN DIZINGOF
2024-07-29 02:48:34,539 - cinemas.rav_hen - INFO - DONE RAV HEN DIZINGOF
2024-07-29 02:48:34,539 - cinemas.rav_hen - INFO - STARTED RAV HEN MODIIN
2024-07-29 02:48:35,082 - cinemas.rav_hen - INFO - DONE RAV HEN MODIIN
2024-07-29 02:48:35,082 - cinemas.rav_hen - INFO - STARTED RAV HEN KIRYAT_ONO
2024-07-29 02:48:36,581 - cinemas.rav_hen - INFO - DONE RAV HEN KIRYAT_ONO
2024-07-29 02:48:36,581 - cinemas.rav_hen - INFO - DONE RAV HEN
2024-07-29 02:48:36,581 - cinemas.rav_hen - INFO - STARTED RAV HEN
2024-07-29 02:48:36,581 - cinemas.rav_hen - INFO - STARTED RAV HEN GIVATAIM
2024-07-29 02:48:36,601 - cinemas.rav_hen - INFO - DONE RAV HEN GIVATAIM
2024-07-29 02:48:36,601 - cinemas.rav_hen - INFO - STARTED RAV HEN DIZINGOF
2024-07-29 02:48:36,621 - cinemas.rav_hen - INFO - DONE RAV HEN DIZINGOF
2024-07-29 02:48:36,621 - cinemas.rav_hen - INFO - STARTED RAV HEN MODIIN
2024-07-29 02:48:36,640 - cinemas.rav_hen - INFO - DONE RAV HEN MODIIN
2024-07-29 02:48:36,640 - cinemas.rav_hen - INFO - STARTED RAV HEN KIRYAT_ONO
2024-07-29 02:48:36,663 - cinemas.rav_hen - INFO - DONE RAV HEN KIRYAT_ONO
2024-07-29 02:48:36,663 - cinemas.rav_hen - INFO - DONE RAV HEN
2024-07-29 02:48:36,663 - cinemas.hot_cinema - INFO - STARTED HOT CINEMA
2024-07-29 02:48:36,663 - cinemas.hot_cinema - INFO - STARTED HOT CINEMA MODIIN
2024-07-29 02:48:48,145 - cinemas.hot_cinema - INFO - DONE HOT CINEMA MODIIN
2024-07-29 02:48:48,145 - cinemas.hot_cinema - INFO - STARTED HOT CINEMA KIRYON
2024-07-29 02:48:53,555 - cinemas.hot_cinema - INFO - DONE HOT CINEMA KIRYON
2024-07-29 02:48:53,555 - cinemas.hot_cinema - INFO - STARTED HOT CINEMA KFAR_SABBA
2024-07-29 02:48:53,708 - cinemas.hot_cinema - INFO - DONE HOT CINEMA KFAR_SABBA
2024-07-29 02:48:53,708 - cinemas.hot_cinema - INFO - STARTED HOT CINEMA HAIFA
2024-07-29 02:48:55,367 - cinemas.hot_cinema - INFO - DONE HOT CINEMA HAIFA
2024-07-29 02:48:55,367 - cinemas.hot_cinema - INFO - STARTED HOT CINEMA PETACH_TIKVA
2024-07-29 02:48:55,518 - cinemas.hot_cinema - INFO - DONE HOT CINEMA PETACH_TIKVA
2024-07-29 02:48:55,518 - cinemas.hot_cinema - INFO - STARTED HOT CINEMA RECHOVOT
2024-07-29 02:48:55,685 - cinemas.hot_cinema - INFO - DONE HOT CINEMA RECHOVOT
2024-07-29 02:48:55,685 - cinemas.hot_cinema - INFO - STARTED HOT CINEMA ASHKELON
2024-07-29 02:48:55,835 - cinemas.hot_cinema - INFO - DONE HOT CINEMA ASHKELON
2024-07-29 02:48:55,836 - cinemas.hot_cinema - INFO - STARTED HOT CINEMA KARMIEL
2024-07-29 02:48:55,990 - cinemas.hot_cinema - INFO - DONE HOT CINEMA KARMIEL
2024-07-29 02:48:55,990 - cinemas.hot_cinema - INFO - STARTED HOT CINEMA NAHARIA
2024-07-29 02:48:56,144 - cinemas.hot_cinema - INFO - DONE HOT CINEMA NAHARIA
2024-07-29 02:48:56,144 - cinemas.hot_cinema - INFO - STARTED HOT CINEMA ASHDOD
2024-07-29 02:48:56,294 - cinemas.hot_cinema - INFO - DONE HOT CINEMA ASHDOD
2024-07-29 02:48:56,294 - cinemas.hot_cinema - INFO - DONE HOT CINEMA
2024-07-29 02:48:56,294 - cinemas.hot_cinema - INFO - STARTED HOT CINEMA
2024-07-29 02:48:56,294 - cinemas.hot_cinema - INFO - STARTED HOT CINEMA MODIIN
2024-07-29 02:48:56,445 - cinemas.hot_cinema - INFO - DONE HOT CINEMA MODIIN
2024-07-29 02:48:56,445 - cinemas.hot_cinema - INFO - STARTED HOT CINEMA KIRYON
2024-07-29 02:48:56,603 - cinemas.hot_cinema - INFO - DONE HOT CINEMA KIRYON
2024-07-29 02:48:56,603 - cinemas.hot_cinema - INFO - STARTED HOT CINEMA KFAR_SABBA
2024-07-29 02:48:56,760 - cinemas.hot_cinema - INFO - DONE HOT CINEMA KFAR_SABBA
2024-07-29 02:48:56,760 - cinemas.hot_cinema - INFO - STARTED HOT CINEMA HAIFA
2024-07-29 02:48:56,914 - cinemas.hot_cinema - INFO - DONE HOT CINEMA HAIFA
2024-07-29 02:48:56,914 - cinemas.hot_cinema - INFO - STARTED HOT CINEMA PETACH_TIKVA
2024-07-29 02:48:57,068 - cinemas.hot_cinema - INFO - DONE HOT CINEMA PETACH_TIKVA
2024-07-29 02:48:57,068 - cinemas.hot_cinema - INFO - STARTED HOT CINEMA RECHOVOT
2024-07-29 02:48:57,219 - cinemas.hot_cinema - INFO - DONE HOT CINEMA RECHOVOT
2024-07-29 02:48:57,219 - cinemas.hot_cinema - INFO - STARTED HOT CINEMA ASHKELON
2024-07-29 02:48:57,368 - cinemas.hot_cinema - INFO - DONE HOT CINEMA ASHKELON
2024-07-29 02:48:57,368 - cinemas.hot_cinema - INFO - STARTED HOT CINEMA KARMIEL
2024-07-29 02:48:57,517 - cinemas.hot_cinema - INFO - DONE HOT CINEMA KARMIEL
2024-07-29 02:48:57,517 - cinemas.hot_cinema - INFO - STARTED HOT CINEMA NAHARIA
2024-07-29 02:48:57,665 - cinemas.hot_cinema - INFO - DONE HOT CINEMA NAHARIA
2024-07-29 02:48:57,665 - cinemas.hot_cinema - INFO - STARTED HOT CINEMA ASHDOD
2024-07-29 02:48:57,814 - cinemas.hot_cinema - INFO - DONE HOT CINEMA ASHDOD
2024-07-29 02:48:57,814 - cinemas.hot_cinema - INFO - DONE HOT CINEMA
2024-07-29 02:48:57,815 - cinemas.cinema_city - INFO - STARTED CINEMA CITY
2024-07-29 02:48:57,815 - cinemas.cinema_city - INFO - STARTED CINEMA CITY GLILOT
2024-07-29 02:49:37,360 - root - ERROR - cinema city crashed
Traceback (most recent call last):
  File "/opt/hostedtoolcache/Python/3.11.9/x64/lib/python3.11/site-packages/requests/models.py", line 974, in json
    return complexjson.loads(self.text, **kwargs)
           ^^^^^^^^^^^^^^^^^^^^^^^^^^^^^^^^^^^^^^
  File "/opt/hostedtoolcache/Python/3.11.9/x64/lib/python3.11/json/__init__.py", line 346, in loads
    return _default_decoder.decode(s)
           ^^^^^^^^^^^^^^^^^^^^^^^^^^
  File "/opt/hostedtoolcache/Python/3.11.9/x64/lib/python3.11/json/decoder.py", line 337, in decode
    obj, end = self.raw_decode(s, idx=_w(s, 0).end())
               ^^^^^^^^^^^^^^^^^^^^^^^^^^^^^^^^^^^^^^
  File "/opt/hostedtoolcache/Python/3.11.9/x64/lib/python3.11/json/decoder.py", line 355, in raw_decode
    raise JSONDecodeError("Expecting value", s, err.value) from None
json.decoder.JSONDecodeError: Expecting value: line 1 column 1 (char 0)

During handling of the above exception, another exception occurred:

Traceback (most recent call last):
  File "/home/runner/work/Movie-Time-Server/Movie-Time-Server/main.py", line 56, in get_screenings_from_cinema
    return unsafe_get_screenings_from_cinema(get_screening, cinema, date, s)
           ^^^^^^^^^^^^^^^^^^^^^^^^^^^^^^^^^^^^^^^^^^^^^^^^^^^^^^^^^^^^^^^^^
  File "/opt/hostedtoolcache/Python/3.11.9/x64/lib/python3.11/site-packages/decorator.py", line 232, in fun
    return caller(func, *(extras + args), **kw)
           ^^^^^^^^^^^^^^^^^^^^^^^^^^^^^^^^^^^^
  File "/opt/hostedtoolcache/Python/3.11.9/x64/lib/python3.11/site-packages/retry/api.py", line 90, in retry_decorator
    return __retry_internal(partial(f, *args, **kwargs), exceptions, tries, delay, max_delay, backoff, jitter,
           ^^^^^^^^^^^^^^^^^^^^^^^^^^^^^^^^^^^^^^^^^^^^^^^^^^^^^^^^^^^^^^^^^^^^^^^^^^^^^^^^^^^^^^^^^^^^^^^^^^^
  File "/opt/hostedtoolcache/Python/3.11.9/x64/lib/python3.11/site-packages/retry/api.py", line 35, in __retry_internal
    return f()
           ^^^
  File "/home/runner/work/Movie-Time-Server/Movie-Time-Server/main.py", line 71, in unsafe_get_screenings_from_cinema
    screenings = get_screening(year, month, day, s)
                 ^^^^^^^^^^^^^^^^^^^^^^^^^^^^^^^^^^
  File "/home/runner/work/Movie-Time-Server/Movie-Time-Server/cinemas/cinema_city.py", line 144, in get_screenings
    screenings.extend(get_by_location(location, date, s))
                      ^^^^^^^^^^^^^^^^^^^^^^^^^^^^^^^^^^
  File "/home/runner/work/Movie-Time-Server/Movie-Time-Server/cinemas/cinema_city.py", line 115, in get_by_location
    new_date = get_date(location, date, s)
               ^^^^^^^^^^^^^^^^^^^^^^^^^^^
  File "/home/runner/work/Movie-Time-Server/Movie-Time-Server/cinemas/cinema_city.py", line 103, in get_date
    data = res.json()
           ^^^^^^^^^^
  File "/opt/hostedtoolcache/Python/3.11.9/x64/lib/python3.11/site-packages/requests/models.py", line 978, in json
    raise RequestsJSONDecodeError(e.msg, e.doc, e.pos)
requests.exceptions.JSONDecodeError: Expecting value: line 1 column 1 (char 0)
2024-07-29 02:49:37,392 - cinemas.lev - INFO - STARTED LEV
2024-07-29 02:49:38,610 - proxy - INFO - Proxy: {'YourFuckingIPAddress': '45.150.108.125', 'YourFuckingLocation': 'Tel Aviv, TA, Israel', 'YourFuckingHostname': '45.150.108.125', 'YourFuckingISP': 'BlueVPS OU', 'YourFuckingTorExit': False, 'YourFuckingCity': 'Tel Aviv', 'YourFuckingCountry': 'Israel', 'YourFuckingCountryCode': 'IL'}
2024-07-29 02:49:38,610 - cinemas.lev - INFO - STARTED LEV TEL_AVIV
2024-07-29 02:49:42,753 - cinemas.lev - INFO - DONE LEV TEL_AVIV
2024-07-29 02:49:42,754 - cinemas.lev - INFO - STARTED LEV RAMAT_HASHARON
2024-07-29 02:49:43,865 - cinemas.lev - INFO - DONE LEV RAMAT_HASHARON
2024-07-29 02:49:43,866 - cinemas.lev - INFO - STARTED LEV MANDARIN
2024-07-29 02:49:44,642 - cinemas.lev - INFO - DONE LEV MANDARIN
2024-07-29 02:49:44,642 - cinemas.lev - INFO - STARTED LEV EVEN_YEHUDA
2024-07-29 02:49:46,044 - cinemas.lev - INFO - DONE LEV EVEN_YEHUDA
2024-07-29 02:49:46,044 - cinemas.lev - INFO - STARTED LEV SMADAR
2024-07-29 02:49:46,983 - cinemas.lev - INFO - DONE LEV SMADAR
2024-07-29 02:49:46,983 - cinemas.lev - INFO - STARTED LEV RAANANA
2024-07-29 02:49:47,646 - cinemas.lev - INFO - DONE LEV RAANANA
2024-07-29 02:49:47,646 - cinemas.lev - INFO - STARTED LEV OMER
2024-07-29 02:49:48,473 - cinemas.lev - INFO - DONE LEV OMER
2024-07-29 02:49:48,473 - cinemas.lev - INFO - STARTED LEV SHOHAM
2024-07-29 02:49:49,515 - cinemas.lev - INFO - DONE LEV SHOHAM
2024-07-29 02:49:49,515 - cinemas.lev - INFO - STARTED LEV DANIEL
2024-07-29 02:49:50,328 - cinemas.lev - INFO - DONE LEV DANIEL
2024-07-29 02:49:50,328 - proxy - INFO - Proxy removed
2024-07-29 02:49:50,328 - cinemas.lev - INFO - DONE LEV
2024-07-29 02:49:50,328 - cinemas.lev - INFO - STARTED LEV
2024-07-29 02:49:50,580 - proxy - INFO - Proxy: {'YourFuckingIPAddress': '45.150.108.125', 'YourFuckingLocation': 'Tel Aviv, TA, Israel', 'YourFuckingHostname': '45.150.108.125', 'YourFuckingISP': 'BlueVPS OU', 'YourFuckingTorExit': False, 'YourFuckingCity': 'Tel Aviv', 'YourFuckingCountry': 'Israel', 'YourFuckingCountryCode': 'IL'}
2024-07-29 02:49:50,580 - cinemas.lev - INFO - STARTED LEV TEL_AVIV
2024-07-29 02:49:51,328 - cinemas.lev - INFO - DONE LEV TEL_AVIV
2024-07-29 02:49:51,328 - cinemas.lev - INFO - STARTED LEV RAMAT_HASHARON
2024-07-29 02:49:52,060 - cinemas.lev - INFO - DONE LEV RAMAT_HASHARON
2024-07-29 02:49:52,060 - cinemas.lev - INFO - STARTED LEV MANDARIN
2024-07-29 02:49:52,590 - cinemas.lev - INFO - DONE LEV MANDARIN
2024-07-29 02:49:52,590 - cinemas.lev - INFO - STARTED LEV EVEN_YEHUDA
2024-07-29 02:49:53,208 - cinemas.lev - INFO - DONE LEV EVEN_YEHUDA
2024-07-29 02:49:53,208 - cinemas.lev - INFO - STARTED LEV SMADAR
2024-07-29 02:49:53,818 - cinemas.lev - INFO - DONE LEV SMADAR
2024-07-29 02:49:53,818 - cinemas.lev - INFO - STARTED LEV RAANANA
2024-07-29 02:49:54,478 - cinemas.lev - INFO - DONE LEV RAANANA
2024-07-29 02:49:54,478 - cinemas.lev - INFO - STARTED LEV OMER
2024-07-29 02:49:55,204 - cinemas.lev - INFO - DONE LEV OMER
2024-07-29 02:49:55,204 - cinemas.lev - INFO - STARTED LEV SHOHAM
2024-07-29 02:49:55,861 - cinemas.lev - INFO - DONE LEV SHOHAM
2024-07-29 02:49:55,861 - cinemas.lev - INFO - STARTED LEV DANIEL
2024-07-29 02:49:56,443 - cinemas.lev - INFO - DONE LEV DANIEL
2024-07-29 02:49:56,443 - proxy - INFO - Proxy removed
2024-07-29 02:49:56,443 - cinemas.lev - INFO - DONE LEV
2024-07-29 02:49:56,443 - cinemas.movieland - INFO - STARTED Movie Land
2024-07-29 02:49:56,443 - cinemas.movieland - INFO - STARTED Movie Land CARMIEL
2024-07-29 02:50:01,575 - cinemas.movieland - INFO - DONE Movie Land CARMIEL
2024-07-29 02:50:01,575 - cinemas.movieland - INFO - STARTED Movie Land HAIFA
2024-07-29 02:50:02,181 - cinemas.movieland - INFO - DONE Movie Land HAIFA
2024-07-29 02:50:02,181 - cinemas.movieland - INFO - STARTED Movie Land NATANYA
2024-07-29 02:50:03,006 - cinemas.movieland - INFO - DONE Movie Land NATANYA
2024-07-29 02:50:03,006 - cinemas.movieland - INFO - DONE Movie Land
2024-07-29 02:50:03,006 - cinemas.movieland - INFO - STARTED Movie Land
2024-07-29 02:50:03,006 - cinemas.movieland - INFO - STARTED Movie Land CARMIEL
2024-07-29 02:50:03,007 - cinemas.movieland - INFO - DONE Movie Land CARMIEL
2024-07-29 02:50:03,007 - cinemas.movieland - INFO - STARTED Movie Land HAIFA
2024-07-29 02:50:03,007 - cinemas.movieland - INFO - DONE Movie Land HAIFA
2024-07-29 02:50:03,007 - cinemas.movieland - INFO - STARTED Movie Land NATANYA
2024-07-29 02:50:03,008 - cinemas.movieland - INFO - DONE Movie Land NATANYA
2024-07-29 02:50:03,008 - cinemas.movieland - INFO - DONE Movie Land
2024-07-29 02:50:03,008 - root - INFO - ********************
2024-07-29 02:50:03,008 - root - INFO - started checking for:30-07-2024
2024-07-29 02:50:03,008 - cinemas.yes_planet - INFO - STARTED YES PLANET
2024-07-29 02:50:03,009 - cinemas.yes_planet - INFO - STARTED YES PLANET RISHON
2024-07-29 02:50:03,746 - cinemas.yes_planet - INFO - DONE YES PLANET RISHON
2024-07-29 02:50:03,746 - cinemas.yes_planet - INFO - STARTED YES PLANET AYALON
2024-07-29 02:50:04,351 - cinemas.yes_planet - INFO - DONE YES PLANET AYALON
2024-07-29 02:50:04,351 - cinemas.yes_planet - INFO - STARTED YES PLANET ZICHRON
2024-07-29 02:50:04,928 - cinemas.yes_planet - INFO - DONE YES PLANET ZICHRON
2024-07-29 02:50:04,928 - cinemas.yes_planet - INFO - STARTED YES PLANET HAIFA
2024-07-29 02:50:05,632 - cinemas.yes_planet - INFO - DONE YES PLANET HAIFA
2024-07-29 02:50:05,633 - cinemas.yes_planet - INFO - STARTED YES PLANET JERUSALEM
2024-07-29 02:50:06,203 - cinemas.yes_planet - INFO - DONE YES PLANET JERUSALEM
2024-07-29 02:50:06,204 - cinemas.yes_planet - INFO - STARTED YES PLANET BEER_SHEVA
2024-07-29 02:50:06,808 - cinemas.yes_planet - INFO - DONE YES PLANET BEER_SHEVA
2024-07-29 02:50:06,808 - cinemas.yes_planet - INFO - DONE YES PLANET
2024-07-29 02:50:06,808 - cinemas.yes_planet - INFO - STARTED YES PLANET
2024-07-29 02:50:06,808 - cinemas.yes_planet - INFO - STARTED YES PLANET RISHON
2024-07-29 02:50:06,834 - cinemas.yes_planet - INFO - DONE YES PLANET RISHON
2024-07-29 02:50:06,835 - cinemas.yes_planet - INFO - STARTED YES PLANET AYALON
2024-07-29 02:50:06,858 - cinemas.yes_planet - INFO - DONE YES PLANET AYALON
2024-07-29 02:50:06,858 - cinemas.yes_planet - INFO - STARTED YES PLANET ZICHRON
2024-07-29 02:50:06,883 - cinemas.yes_planet - INFO - DONE YES PLANET ZICHRON
2024-07-29 02:50:06,884 - cinemas.yes_planet - INFO - STARTED YES PLANET HAIFA
2024-07-29 02:50:06,906 - cinemas.yes_planet - INFO - DONE YES PLANET HAIFA
2024-07-29 02:50:06,906 - cinemas.yes_planet - INFO - STARTED YES PLANET JERUSALEM
2024-07-29 02:50:06,930 - cinemas.yes_planet - INFO - DONE YES PLANET JERUSALEM
2024-07-29 02:50:06,931 - cinemas.yes_planet - INFO - STARTED YES PLANET BEER_SHEVA
2024-07-29 02:50:06,951 - cinemas.yes_planet - INFO - DONE YES PLANET BEER_SHEVA
2024-07-29 02:50:06,952 - cinemas.yes_planet - INFO - DONE YES PLANET
2024-07-29 02:50:06,952 - cinemas.rav_hen - INFO - STARTED RAV HEN
2024-07-29 02:50:06,952 - cinemas.rav_hen - INFO - STARTED RAV HEN GIVATAIM
2024-07-29 02:50:07,443 - cinemas.rav_hen - INFO - DONE RAV HEN GIVATAIM
2024-07-29 02:50:07,443 - cinemas.rav_hen - INFO - STARTED RAV HEN DIZINGOF
2024-07-29 02:50:07,937 - cinemas.rav_hen - INFO - DONE RAV HEN DIZINGOF
2024-07-29 02:50:07,937 - cinemas.rav_hen - INFO - STARTED RAV HEN MODIIN
2024-07-29 02:50:08,356 - cinemas.rav_hen - INFO - DONE RAV HEN MODIIN
2024-07-29 02:50:08,357 - cinemas.rav_hen - INFO - STARTED RAV HEN KIRYAT_ONO
2024-07-29 02:50:08,855 - cinemas.rav_hen - INFO - DONE RAV HEN KIRYAT_ONO
2024-07-29 02:50:08,855 - cinemas.rav_hen - INFO - DONE RAV HEN
2024-07-29 02:50:08,856 - cinemas.rav_hen - INFO - STARTED RAV HEN
2024-07-29 02:50:08,856 - cinemas.rav_hen - INFO - STARTED RAV HEN GIVATAIM
2024-07-29 02:50:08,873 - cinemas.rav_hen - INFO - DONE RAV HEN GIVATAIM
2024-07-29 02:50:08,873 - cinemas.rav_hen - INFO - STARTED RAV HEN DIZINGOF
2024-07-29 02:50:08,891 - cinemas.rav_hen - INFO - DONE RAV HEN DIZINGOF
2024-07-29 02:50:08,891 - cinemas.rav_hen - INFO - STARTED RAV HEN MODIIN
2024-07-29 02:50:08,907 - cinemas.rav_hen - INFO - DONE RAV HEN MODIIN
2024-07-29 02:50:08,907 - cinemas.rav_hen - INFO - STARTED RAV HEN KIRYAT_ONO
2024-07-29 02:50:08,935 - cinemas.rav_hen - INFO - DONE RAV HEN KIRYAT_ONO
2024-07-29 02:50:08,935 - cinemas.rav_hen - INFO - DONE RAV HEN
2024-07-29 02:50:08,935 - cinemas.hot_cinema - INFO - STARTED HOT CINEMA
2024-07-29 02:50:08,935 - cinemas.hot_cinema - INFO - STARTED HOT CINEMA MODIIN
2024-07-29 02:50:09,589 - cinemas.hot_cinema - INFO - DONE HOT CINEMA MODIIN
2024-07-29 02:50:09,590 - cinemas.hot_cinema - INFO - STARTED HOT CINEMA KIRYON
2024-07-29 02:50:12,228 - cinemas.hot_cinema - INFO - DONE HOT CINEMA KIRYON
2024-07-29 02:50:12,228 - cinemas.hot_cinema - INFO - STARTED HOT CINEMA KFAR_SABBA
2024-07-29 02:50:12,381 - cinemas.hot_cinema - INFO - DONE HOT CINEMA KFAR_SABBA
2024-07-29 02:50:12,381 - cinemas.hot_cinema - INFO - STARTED HOT CINEMA HAIFA
2024-07-29 02:50:14,571 - cinemas.hot_cinema - INFO - DONE HOT CINEMA HAIFA
2024-07-29 02:50:14,572 - cinemas.hot_cinema - INFO - STARTED HOT CINEMA PETACH_TIKVA
2024-07-29 02:50:14,722 - cinemas.hot_cinema - INFO - DONE HOT CINEMA PETACH_TIKVA
2024-07-29 02:50:14,722 - cinemas.hot_cinema - INFO - STARTED HOT CINEMA RECHOVOT
2024-07-29 02:50:14,875 - cinemas.hot_cinema - INFO - DONE HOT CINEMA RECHOVOT
2024-07-29 02:50:14,875 - cinemas.hot_cinema - INFO - STARTED HOT CINEMA ASHKELON
2024-07-29 02:50:15,540 - cinemas.hot_cinema - INFO - DONE HOT CINEMA ASHKELON
2024-07-29 02:50:15,540 - cinemas.hot_cinema - INFO - STARTED HOT CINEMA KARMIEL
2024-07-29 02:50:15,689 - cinemas.hot_cinema - INFO - DONE HOT CINEMA KARMIEL
2024-07-29 02:50:15,689 - cinemas.hot_cinema - INFO - STARTED HOT CINEMA NAHARIA
2024-07-29 02:50:15,837 - cinemas.hot_cinema - INFO - DONE HOT CINEMA NAHARIA
2024-07-29 02:50:15,837 - cinemas.hot_cinema - INFO - STARTED HOT CINEMA ASHDOD
2024-07-29 02:50:15,988 - cinemas.hot_cinema - INFO - DONE HOT CINEMA ASHDOD
2024-07-29 02:50:15,988 - cinemas.hot_cinema - INFO - DONE HOT CINEMA
2024-07-29 02:50:15,989 - cinemas.hot_cinema - INFO - STARTED HOT CINEMA
2024-07-29 02:50:15,989 - cinemas.hot_cinema - INFO - STARTED HOT CINEMA MODIIN
2024-07-29 02:50:16,141 - cinemas.hot_cinema - INFO - DONE HOT CINEMA MODIIN
2024-07-29 02:50:16,141 - cinemas.hot_cinema - INFO - STARTED HOT CINEMA KIRYON
2024-07-29 02:50:16,294 - cinemas.hot_cinema - INFO - DONE HOT CINEMA KIRYON
2024-07-29 02:50:16,295 - cinemas.hot_cinema - INFO - STARTED HOT CINEMA KFAR_SABBA
2024-07-29 02:50:16,446 - cinemas.hot_cinema - INFO - DONE HOT CINEMA KFAR_SABBA
2024-07-29 02:50:16,446 - cinemas.hot_cinema - INFO - STARTED HOT CINEMA HAIFA
2024-07-29 02:50:16,599 - cinemas.hot_cinema - INFO - DONE HOT CINEMA HAIFA
2024-07-29 02:50:16,599 - cinemas.hot_cinema - INFO - STARTED HOT CINEMA PETACH_TIKVA
2024-07-29 02:50:16,758 - cinemas.hot_cinema - INFO - DONE HOT CINEMA PETACH_TIKVA
2024-07-29 02:50:16,758 - cinemas.hot_cinema - INFO - STARTED HOT CINEMA RECHOVOT
2024-07-29 02:50:16,908 - cinemas.hot_cinema - INFO - DONE HOT CINEMA RECHOVOT
2024-07-29 02:50:16,908 - cinemas.hot_cinema - INFO - STARTED HOT CINEMA ASHKELON
2024-07-29 02:50:17,059 - cinemas.hot_cinema - INFO - DONE HOT CINEMA ASHKELON
2024-07-29 02:50:17,059 - cinemas.hot_cinema - INFO - STARTED HOT CINEMA KARMIEL
2024-07-29 02:50:17,208 - cinemas.hot_cinema - INFO - DONE HOT CINEMA KARMIEL
2024-07-29 02:50:17,208 - cinemas.hot_cinema - INFO - STARTED HOT CINEMA NAHARIA
2024-07-29 02:50:17,357 - cinemas.hot_cinema - INFO - DONE HOT CINEMA NAHARIA
2024-07-29 02:50:17,357 - cinemas.hot_cinema - INFO - STARTED HOT CINEMA ASHDOD
2024-07-29 02:50:17,506 - cinemas.hot_cinema - INFO - DONE HOT CINEMA ASHDOD
2024-07-29 02:50:17,506 - cinemas.hot_cinema - INFO - DONE HOT CINEMA
2024-07-29 02:50:17,506 - cinemas.cinema_city - INFO - STARTED CINEMA CITY
2024-07-29 02:50:17,507 - cinemas.cinema_city - INFO - STARTED CINEMA CITY GLILOT
2024-07-29 02:50:56,573 - root - ERROR - cinema city crashed
Traceback (most recent call last):
  File "/opt/hostedtoolcache/Python/3.11.9/x64/lib/python3.11/site-packages/requests/models.py", line 974, in json
    return complexjson.loads(self.text, **kwargs)
           ^^^^^^^^^^^^^^^^^^^^^^^^^^^^^^^^^^^^^^
  File "/opt/hostedtoolcache/Python/3.11.9/x64/lib/python3.11/json/__init__.py", line 346, in loads
    return _default_decoder.decode(s)
           ^^^^^^^^^^^^^^^^^^^^^^^^^^
  File "/opt/hostedtoolcache/Python/3.11.9/x64/lib/python3.11/json/decoder.py", line 337, in decode
    obj, end = self.raw_decode(s, idx=_w(s, 0).end())
               ^^^^^^^^^^^^^^^^^^^^^^^^^^^^^^^^^^^^^^
  File "/opt/hostedtoolcache/Python/3.11.9/x64/lib/python3.11/json/decoder.py", line 355, in raw_decode
    raise JSONDecodeError("Expecting value", s, err.value) from None
json.decoder.JSONDecodeError: Expecting value: line 1 column 1 (char 0)

During handling of the above exception, another exception occurred:

Traceback (most recent call last):
  File "/home/runner/work/Movie-Time-Server/Movie-Time-Server/main.py", line 56, in get_screenings_from_cinema
    return unsafe_get_screenings_from_cinema(get_screening, cinema, date, s)
           ^^^^^^^^^^^^^^^^^^^^^^^^^^^^^^^^^^^^^^^^^^^^^^^^^^^^^^^^^^^^^^^^^
  File "/opt/hostedtoolcache/Python/3.11.9/x64/lib/python3.11/site-packages/decorator.py", line 232, in fun
    return caller(func, *(extras + args), **kw)
           ^^^^^^^^^^^^^^^^^^^^^^^^^^^^^^^^^^^^
  File "/opt/hostedtoolcache/Python/3.11.9/x64/lib/python3.11/site-packages/retry/api.py", line 90, in retry_decorator
    return __retry_internal(partial(f, *args, **kwargs), exceptions, tries, delay, max_delay, backoff, jitter,
           ^^^^^^^^^^^^^^^^^^^^^^^^^^^^^^^^^^^^^^^^^^^^^^^^^^^^^^^^^^^^^^^^^^^^^^^^^^^^^^^^^^^^^^^^^^^^^^^^^^^
  File "/opt/hostedtoolcache/Python/3.11.9/x64/lib/python3.11/site-packages/retry/api.py", line 35, in __retry_internal
    return f()
           ^^^
  File "/home/runner/work/Movie-Time-Server/Movie-Time-Server/main.py", line 71, in unsafe_get_screenings_from_cinema
    screenings = get_screening(year, month, day, s)
                 ^^^^^^^^^^^^^^^^^^^^^^^^^^^^^^^^^^
  File "/home/runner/work/Movie-Time-Server/Movie-Time-Server/cinemas/cinema_city.py", line 144, in get_screenings
    screenings.extend(get_by_location(location, date, s))
                      ^^^^^^^^^^^^^^^^^^^^^^^^^^^^^^^^^^
  File "/home/runner/work/Movie-Time-Server/Movie-Time-Server/cinemas/cinema_city.py", line 115, in get_by_location
    new_date = get_date(location, date, s)
               ^^^^^^^^^^^^^^^^^^^^^^^^^^^
  File "/home/runner/work/Movie-Time-Server/Movie-Time-Server/cinemas/cinema_city.py", line 103, in get_date
    data = res.json()
           ^^^^^^^^^^
  File "/opt/hostedtoolcache/Python/3.11.9/x64/lib/python3.11/site-packages/requests/models.py", line 978, in json
    raise RequestsJSONDecodeError(e.msg, e.doc, e.pos)
requests.exceptions.JSONDecodeError: Expecting value: line 1 column 1 (char 0)
2024-07-29 02:50:56,575 - cinemas.lev - INFO - STARTED LEV
2024-07-29 02:50:57,718 - proxy - INFO - Proxy: {'YourFuckingIPAddress': '45.150.108.125', 'YourFuckingLocation': 'Tel Aviv, TA, Israel', 'YourFuckingHostname': '45.150.108.125', 'YourFuckingISP': 'BlueVPS OU', 'YourFuckingTorExit': False, 'YourFuckingCity': 'Tel Aviv', 'YourFuckingCountry': 'Israel', 'YourFuckingCountryCode': 'IL'}
2024-07-29 02:50:57,719 - cinemas.lev - INFO - STARTED LEV TEL_AVIV
2024-07-29 02:51:00,294 - cinemas.lev - INFO - DONE LEV TEL_AVIV
2024-07-29 02:51:00,294 - cinemas.lev - INFO - STARTED LEV RAMAT_HASHARON
2024-07-29 02:51:01,025 - cinemas.lev - INFO - DONE LEV RAMAT_HASHARON
2024-07-29 02:51:01,025 - cinemas.lev - INFO - STARTED LEV MANDARIN
2024-07-29 02:51:01,556 - cinemas.lev - INFO - DONE LEV MANDARIN
2024-07-29 02:51:01,556 - cinemas.lev - INFO - STARTED LEV EVEN_YEHUDA
2024-07-29 02:51:02,179 - cinemas.lev - INFO - DONE LEV EVEN_YEHUDA
2024-07-29 02:51:02,179 - cinemas.lev - INFO - STARTED LEV SMADAR
2024-07-29 02:51:02,796 - cinemas.lev - INFO - DONE LEV SMADAR
2024-07-29 02:51:02,796 - cinemas.lev - INFO - STARTED LEV RAANANA
2024-07-29 02:51:03,375 - cinemas.lev - INFO - DONE LEV RAANANA
2024-07-29 02:51:03,376 - cinemas.lev - INFO - STARTED LEV OMER
2024-07-29 02:51:04,070 - cinemas.lev - INFO - DONE LEV OMER
2024-07-29 02:51:04,070 - cinemas.lev - INFO - STARTED LEV SHOHAM
2024-07-29 02:51:04,721 - cinemas.lev - INFO - DONE LEV SHOHAM
2024-07-29 02:51:04,721 - cinemas.lev - INFO - STARTED LEV DANIEL
2024-07-29 02:51:05,496 - cinemas.lev - INFO - DONE LEV DANIEL
2024-07-29 02:51:05,496 - proxy - INFO - Proxy removed
2024-07-29 02:51:05,496 - cinemas.lev - INFO - DONE LEV
2024-07-29 02:51:05,496 - cinemas.lev - INFO - STARTED LEV
2024-07-29 02:51:05,744 - proxy - INFO - Proxy: {'YourFuckingIPAddress': '45.150.108.125', 'YourFuckingLocation': 'Tel Aviv, TA, Israel', 'YourFuckingHostname': '45.150.108.125', 'YourFuckingISP': 'BlueVPS OU', 'YourFuckingTorExit': False, 'YourFuckingCity': 'Tel Aviv', 'YourFuckingCountry': 'Israel', 'YourFuckingCountryCode': 'IL'}
2024-07-29 02:51:05,744 - cinemas.lev - INFO - STARTED LEV TEL_AVIV
2024-07-29 02:51:06,287 - cinemas.lev - INFO - DONE LEV TEL_AVIV
2024-07-29 02:51:06,288 - cinemas.lev - INFO - STARTED LEV RAMAT_HASHARON
2024-07-29 02:51:06,867 - cinemas.lev - INFO - DONE LEV RAMAT_HASHARON
2024-07-29 02:51:06,867 - cinemas.lev - INFO - STARTED LEV MANDARIN
2024-07-29 02:51:07,287 - cinemas.lev - INFO - DONE LEV MANDARIN
2024-07-29 02:51:07,287 - cinemas.lev - INFO - STARTED LEV EVEN_YEHUDA
2024-07-29 02:51:07,712 - cinemas.lev - INFO - DONE LEV EVEN_YEHUDA
2024-07-29 02:51:07,712 - cinemas.lev - INFO - STARTED LEV SMADAR
2024-07-29 02:51:08,179 - cinemas.lev - INFO - DONE LEV SMADAR
2024-07-29 02:51:08,179 - cinemas.lev - INFO - STARTED LEV RAANANA
2024-07-29 02:51:08,728 - cinemas.lev - INFO - DONE LEV RAANANA
2024-07-29 02:51:08,728 - cinemas.lev - INFO - STARTED LEV OMER
2024-07-29 02:51:09,319 - cinemas.lev - INFO - DONE LEV OMER
2024-07-29 02:51:09,319 - cinemas.lev - INFO - STARTED LEV SHOHAM
2024-07-29 02:51:09,860 - cinemas.lev - INFO - DONE LEV SHOHAM
2024-07-29 02:51:09,860 - cinemas.lev - INFO - STARTED LEV DANIEL
2024-07-29 02:51:10,327 - cinemas.lev - INFO - DONE LEV DANIEL
2024-07-29 02:51:10,327 - proxy - INFO - Proxy removed
2024-07-29 02:51:10,327 - cinemas.lev - INFO - DONE LEV
2024-07-29 02:51:10,327 - cinemas.movieland - INFO - STARTED Movie Land
2024-07-29 02:51:10,327 - cinemas.movieland - INFO - STARTED Movie Land CARMIEL
2024-07-29 02:51:12,161 - cinemas.movieland - INFO - DONE Movie Land CARMIEL
2024-07-29 02:51:12,161 - cinemas.movieland - INFO - STARTED Movie Land HAIFA
2024-07-29 02:51:12,384 - cinemas.movieland - INFO - DONE Movie Land HAIFA
2024-07-29 02:51:12,385 - cinemas.movieland - INFO - STARTED Movie Land NATANYA
2024-07-29 02:51:12,386 - cinemas.movieland - INFO - DONE Movie Land NATANYA
2024-07-29 02:51:12,386 - cinemas.movieland - INFO - DONE Movie Land
2024-07-29 02:51:12,386 - cinemas.movieland - INFO - STARTED Movie Land
2024-07-29 02:51:12,386 - cinemas.movieland - INFO - STARTED Movie Land CARMIEL
2024-07-29 02:51:12,387 - cinemas.movieland - INFO - DONE Movie Land CARMIEL
2024-07-29 02:51:12,387 - cinemas.movieland - INFO - STARTED Movie Land HAIFA
2024-07-29 02:51:12,387 - cinemas.movieland - INFO - DONE Movie Land HAIFA
2024-07-29 02:51:12,387 - cinemas.movieland - INFO - STARTED Movie Land NATANYA
2024-07-29 02:51:12,388 - cinemas.movieland - INFO - DONE Movie Land NATANYA
2024-07-29 02:51:12,388 - cinemas.movieland - INFO - DONE Movie Land
2024-07-29 02:51:12,388 - root - INFO - ********************
2024-07-29 02:51:12,388 - root - INFO - started checking for:31-07-2024
2024-07-29 02:51:12,389 - cinemas.yes_planet - INFO - STARTED YES PLANET
2024-07-29 02:51:12,389 - cinemas.yes_planet - INFO - STARTED YES PLANET RISHON
2024-07-29 02:51:13,106 - cinemas.yes_planet - INFO - DONE YES PLANET RISHON
2024-07-29 02:51:13,106 - cinemas.yes_planet - INFO - STARTED YES PLANET AYALON
2024-07-29 02:51:13,712 - cinemas.yes_planet - INFO - DONE YES PLANET AYALON
2024-07-29 02:51:13,713 - cinemas.yes_planet - INFO - STARTED YES PLANET ZICHRON
2024-07-29 02:51:14,274 - cinemas.yes_planet - INFO - DONE YES PLANET ZICHRON
2024-07-29 02:51:14,274 - cinemas.yes_planet - INFO - STARTED YES PLANET HAIFA
2024-07-29 02:51:14,969 - cinemas.yes_planet - INFO - DONE YES PLANET HAIFA
2024-07-29 02:51:14,970 - cinemas.yes_planet - INFO - STARTED YES PLANET JERUSALEM
2024-07-29 02:51:15,576 - cinemas.yes_planet - INFO - DONE YES PLANET JERUSALEM
2024-07-29 02:51:15,576 - cinemas.yes_planet - INFO - STARTED YES PLANET BEER_SHEVA
2024-07-29 02:51:17,068 - cinemas.yes_planet - INFO - DONE YES PLANET BEER_SHEVA
2024-07-29 02:51:17,069 - cinemas.yes_planet - INFO - DONE YES PLANET
2024-07-29 02:51:17,069 - cinemas.yes_planet - INFO - STARTED YES PLANET
2024-07-29 02:51:17,069 - cinemas.yes_planet - INFO - STARTED YES PLANET RISHON
2024-07-29 02:51:17,097 - cinemas.yes_planet - INFO - DONE YES PLANET RISHON
2024-07-29 02:51:17,097 - cinemas.yes_planet - INFO - STARTED YES PLANET AYALON
2024-07-29 02:51:17,134 - cinemas.yes_planet - INFO - DONE YES PLANET AYALON
2024-07-29 02:51:17,135 - cinemas.yes_planet - INFO - STARTED YES PLANET ZICHRON
2024-07-29 02:51:17,158 - cinemas.yes_planet - INFO - DONE YES PLANET ZICHRON
2024-07-29 02:51:17,158 - cinemas.yes_planet - INFO - STARTED YES PLANET HAIFA
2024-07-29 02:51:17,188 - cinemas.yes_planet - INFO - DONE YES PLANET HAIFA
2024-07-29 02:51:17,189 - cinemas.yes_planet - INFO - STARTED YES PLANET JERUSALEM
2024-07-29 02:51:17,213 - cinemas.yes_planet - INFO - DONE YES PLANET JERUSALEM
2024-07-29 02:51:17,213 - cinemas.yes_planet - INFO - STARTED YES PLANET BEER_SHEVA
2024-07-29 02:51:17,237 - cinemas.yes_planet - INFO - DONE YES PLANET BEER_SHEVA
2024-07-29 02:51:17,238 - cinemas.yes_planet - INFO - DONE YES PLANET
2024-07-29 02:51:17,238 - cinemas.rav_hen - INFO - STARTED RAV HEN
2024-07-29 02:51:17,238 - cinemas.rav_hen - INFO - STARTED RAV HEN GIVATAIM
2024-07-29 02:51:17,788 - cinemas.rav_hen - INFO - DONE RAV HEN GIVATAIM
2024-07-29 02:51:17,788 - cinemas.rav_hen - INFO - STARTED RAV HEN DIZINGOF
2024-07-29 02:51:18,286 - cinemas.rav_hen - INFO - DONE RAV HEN DIZINGOF
2024-07-29 02:51:18,287 - cinemas.rav_hen - INFO - STARTED RAV HEN MODIIN
2024-07-29 02:51:18,688 - cinemas.rav_hen - INFO - DONE RAV HEN MODIIN
2024-07-29 02:51:18,688 - cinemas.rav_hen - INFO - STARTED RAV HEN KIRYAT_ONO
2024-07-29 02:51:19,177 - cinemas.rav_hen - INFO - DONE RAV HEN KIRYAT_ONO
2024-07-29 02:51:19,177 - cinemas.rav_hen - INFO - DONE RAV HEN
2024-07-29 02:51:19,177 - cinemas.rav_hen - INFO - STARTED RAV HEN
2024-07-29 02:51:19,177 - cinemas.rav_hen - INFO - STARTED RAV HEN GIVATAIM
2024-07-29 02:51:19,196 - cinemas.rav_hen - INFO - DONE RAV HEN GIVATAIM
2024-07-29 02:51:19,196 - cinemas.rav_hen - INFO - STARTED RAV HEN DIZINGOF
2024-07-29 02:51:19,215 - cinemas.rav_hen - INFO - DONE RAV HEN DIZINGOF
2024-07-29 02:51:19,215 - cinemas.rav_hen - INFO - STARTED RAV HEN MODIIN
2024-07-29 02:51:19,233 - cinemas.rav_hen - INFO - DONE RAV HEN MODIIN
2024-07-29 02:51:19,233 - cinemas.rav_hen - INFO - STARTED RAV HEN KIRYAT_ONO
2024-07-29 02:51:19,251 - cinemas.rav_hen - INFO - DONE RAV HEN KIRYAT_ONO
2024-07-29 02:51:19,251 - cinemas.rav_hen - INFO - DONE RAV HEN
2024-07-29 02:51:19,251 - cinemas.hot_cinema - INFO - STARTED HOT CINEMA
2024-07-29 02:51:19,251 - cinemas.hot_cinema - INFO - STARTED HOT CINEMA MODIIN
2024-07-29 02:51:19,405 - cinemas.hot_cinema - INFO - DONE HOT CINEMA MODIIN
2024-07-29 02:51:19,405 - cinemas.hot_cinema - INFO - STARTED HOT CINEMA KIRYON
2024-07-29 02:51:20,113 - cinemas.hot_cinema - INFO - DONE HOT CINEMA KIRYON
2024-07-29 02:51:20,113 - cinemas.hot_cinema - INFO - STARTED HOT CINEMA KFAR_SABBA
2024-07-29 02:51:20,268 - cinemas.hot_cinema - INFO - DONE HOT CINEMA KFAR_SABBA
2024-07-29 02:51:20,268 - cinemas.hot_cinema - INFO - STARTED HOT CINEMA HAIFA
2024-07-29 02:51:20,424 - cinemas.hot_cinema - INFO - DONE HOT CINEMA HAIFA
2024-07-29 02:51:20,424 - cinemas.hot_cinema - INFO - STARTED HOT CINEMA PETACH_TIKVA
2024-07-29 02:51:20,576 - cinemas.hot_cinema - INFO - DONE HOT CINEMA PETACH_TIKVA
2024-07-29 02:51:20,576 - cinemas.hot_cinema - INFO - STARTED HOT CINEMA RECHOVOT
2024-07-29 02:51:20,727 - cinemas.hot_cinema - INFO - DONE HOT CINEMA RECHOVOT
2024-07-29 02:51:20,727 - cinemas.hot_cinema - INFO - STARTED HOT CINEMA ASHKELON
2024-07-29 02:51:20,878 - cinemas.hot_cinema - INFO - DONE HOT CINEMA ASHKELON
2024-07-29 02:51:20,879 - cinemas.hot_cinema - INFO - STARTED HOT CINEMA KARMIEL
2024-07-29 02:51:21,030 - cinemas.hot_cinema - INFO - DONE HOT CINEMA KARMIEL
2024-07-29 02:51:21,031 - cinemas.hot_cinema - INFO - STARTED HOT CINEMA NAHARIA
2024-07-29 02:51:21,179 - cinemas.hot_cinema - INFO - DONE HOT CINEMA NAHARIA
2024-07-29 02:51:21,179 - cinemas.hot_cinema - INFO - STARTED HOT CINEMA ASHDOD
2024-07-29 02:51:21,330 - cinemas.hot_cinema - INFO - DONE HOT CINEMA ASHDOD
2024-07-29 02:51:21,330 - cinemas.hot_cinema - INFO - DONE HOT CINEMA
2024-07-29 02:51:21,330 - cinemas.hot_cinema - INFO - STARTED HOT CINEMA
2024-07-29 02:51:21,330 - cinemas.hot_cinema - INFO - STARTED HOT CINEMA MODIIN
2024-07-29 02:51:21,482 - cinemas.hot_cinema - INFO - DONE HOT CINEMA MODIIN
2024-07-29 02:51:21,482 - cinemas.hot_cinema - INFO - STARTED HOT CINEMA KIRYON
2024-07-29 02:51:21,639 - cinemas.hot_cinema - INFO - DONE HOT CINEMA KIRYON
2024-07-29 02:51:21,639 - cinemas.hot_cinema - INFO - STARTED HOT CINEMA KFAR_SABBA
2024-07-29 02:51:21,797 - cinemas.hot_cinema - INFO - DONE HOT CINEMA KFAR_SABBA
2024-07-29 02:51:21,797 - cinemas.hot_cinema - INFO - STARTED HOT CINEMA HAIFA
2024-07-29 02:51:21,955 - cinemas.hot_cinema - INFO - DONE HOT CINEMA HAIFA
2024-07-29 02:51:21,955 - cinemas.hot_cinema - INFO - STARTED HOT CINEMA PETACH_TIKVA
2024-07-29 02:51:22,108 - cinemas.hot_cinema - INFO - DONE HOT CINEMA PETACH_TIKVA
2024-07-29 02:51:22,108 - cinemas.hot_cinema - INFO - STARTED HOT CINEMA RECHOVOT
2024-07-29 02:51:22,260 - cinemas.hot_cinema - INFO - DONE HOT CINEMA RECHOVOT
2024-07-29 02:51:22,261 - cinemas.hot_cinema - INFO - STARTED HOT CINEMA ASHKELON
2024-07-29 02:51:22,416 - cinemas.hot_cinema - INFO - DONE HOT CINEMA ASHKELON
2024-07-29 02:51:22,416 - cinemas.hot_cinema - INFO - STARTED HOT CINEMA KARMIEL
2024-07-29 02:51:22,570 - cinemas.hot_cinema - INFO - DONE HOT CINEMA KARMIEL
2024-07-29 02:51:22,571 - cinemas.hot_cinema - INFO - STARTED HOT CINEMA NAHARIA
2024-07-29 02:51:22,730 - cinemas.hot_cinema - INFO - DONE HOT CINEMA NAHARIA
2024-07-29 02:51:22,730 - cinemas.hot_cinema - INFO - STARTED HOT CINEMA ASHDOD
2024-07-29 02:51:22,883 - cinemas.hot_cinema - INFO - DONE HOT CINEMA ASHDOD
2024-07-29 02:51:22,883 - cinemas.hot_cinema - INFO - DONE HOT CINEMA
2024-07-29 02:51:22,884 - cinemas.cinema_city - INFO - STARTED CINEMA CITY
2024-07-29 02:51:22,884 - cinemas.cinema_city - INFO - STARTED CINEMA CITY GLILOT
2024-07-29 02:52:02,110 - root - ERROR - cinema city crashed
Traceback (most recent call last):
  File "/opt/hostedtoolcache/Python/3.11.9/x64/lib/python3.11/site-packages/requests/models.py", line 974, in json
    return complexjson.loads(self.text, **kwargs)
           ^^^^^^^^^^^^^^^^^^^^^^^^^^^^^^^^^^^^^^
  File "/opt/hostedtoolcache/Python/3.11.9/x64/lib/python3.11/json/__init__.py", line 346, in loads
    return _default_decoder.decode(s)
           ^^^^^^^^^^^^^^^^^^^^^^^^^^
  File "/opt/hostedtoolcache/Python/3.11.9/x64/lib/python3.11/json/decoder.py", line 337, in decode
    obj, end = self.raw_decode(s, idx=_w(s, 0).end())
               ^^^^^^^^^^^^^^^^^^^^^^^^^^^^^^^^^^^^^^
  File "/opt/hostedtoolcache/Python/3.11.9/x64/lib/python3.11/json/decoder.py", line 355, in raw_decode
    raise JSONDecodeError("Expecting value", s, err.value) from None
json.decoder.JSONDecodeError: Expecting value: line 1 column 1 (char 0)

During handling of the above exception, another exception occurred:

Traceback (most recent call last):
  File "/home/runner/work/Movie-Time-Server/Movie-Time-Server/main.py", line 56, in get_screenings_from_cinema
    return unsafe_get_screenings_from_cinema(get_screening, cinema, date, s)
           ^^^^^^^^^^^^^^^^^^^^^^^^^^^^^^^^^^^^^^^^^^^^^^^^^^^^^^^^^^^^^^^^^
  File "/opt/hostedtoolcache/Python/3.11.9/x64/lib/python3.11/site-packages/decorator.py", line 232, in fun
    return caller(func, *(extras + args), **kw)
           ^^^^^^^^^^^^^^^^^^^^^^^^^^^^^^^^^^^^
  File "/opt/hostedtoolcache/Python/3.11.9/x64/lib/python3.11/site-packages/retry/api.py", line 90, in retry_decorator
    return __retry_internal(partial(f, *args, **kwargs), exceptions, tries, delay, max_delay, backoff, jitter,
           ^^^^^^^^^^^^^^^^^^^^^^^^^^^^^^^^^^^^^^^^^^^^^^^^^^^^^^^^^^^^^^^^^^^^^^^^^^^^^^^^^^^^^^^^^^^^^^^^^^^
  File "/opt/hostedtoolcache/Python/3.11.9/x64/lib/python3.11/site-packages/retry/api.py", line 35, in __retry_internal
    return f()
           ^^^
  File "/home/runner/work/Movie-Time-Server/Movie-Time-Server/main.py", line 71, in unsafe_get_screenings_from_cinema
    screenings = get_screening(year, month, day, s)
                 ^^^^^^^^^^^^^^^^^^^^^^^^^^^^^^^^^^
  File "/home/runner/work/Movie-Time-Server/Movie-Time-Server/cinemas/cinema_city.py", line 144, in get_screenings
    screenings.extend(get_by_location(location, date, s))
                      ^^^^^^^^^^^^^^^^^^^^^^^^^^^^^^^^^^
  File "/home/runner/work/Movie-Time-Server/Movie-Time-Server/cinemas/cinema_city.py", line 115, in get_by_location
    new_date = get_date(location, date, s)
               ^^^^^^^^^^^^^^^^^^^^^^^^^^^
  File "/home/runner/work/Movie-Time-Server/Movie-Time-Server/cinemas/cinema_city.py", line 103, in get_date
    data = res.json()
           ^^^^^^^^^^
  File "/opt/hostedtoolcache/Python/3.11.9/x64/lib/python3.11/site-packages/requests/models.py", line 978, in json
    raise RequestsJSONDecodeError(e.msg, e.doc, e.pos)
requests.exceptions.JSONDecodeError: Expecting value: line 1 column 1 (char 0)
2024-07-29 02:52:02,111 - cinemas.lev - INFO - STARTED LEV
2024-07-29 02:52:03,258 - proxy - INFO - Proxy: {'YourFuckingIPAddress': '45.150.108.125', 'YourFuckingLocation': 'Tel Aviv, TA, Israel', 'YourFuckingHostname': '45.150.108.125', 'YourFuckingISP': 'BlueVPS OU', 'YourFuckingTorExit': False, 'YourFuckingCity': 'Tel Aviv', 'YourFuckingCountry': 'Israel', 'YourFuckingCountryCode': 'IL'}
2024-07-29 02:52:03,259 - cinemas.lev - INFO - STARTED LEV TEL_AVIV
2024-07-29 02:52:05,077 - cinemas.lev - INFO - DONE LEV TEL_AVIV
2024-07-29 02:52:05,077 - cinemas.lev - INFO - STARTED LEV RAMAT_HASHARON
2024-07-29 02:52:05,651 - cinemas.lev - INFO - DONE LEV RAMAT_HASHARON
2024-07-29 02:52:05,651 - cinemas.lev - INFO - STARTED LEV MANDARIN
2024-07-29 02:52:06,064 - cinemas.lev - INFO - DONE LEV MANDARIN
2024-07-29 02:52:06,064 - cinemas.lev - INFO - STARTED LEV EVEN_YEHUDA
2024-07-29 02:52:06,483 - cinemas.lev - INFO - DONE LEV EVEN_YEHUDA
2024-07-29 02:52:06,483 - cinemas.lev - INFO - STARTED LEV SMADAR
2024-07-29 02:52:06,942 - cinemas.lev - INFO - DONE LEV SMADAR
2024-07-29 02:52:06,943 - cinemas.lev - INFO - STARTED LEV RAANANA
2024-07-29 02:52:07,492 - cinemas.lev - INFO - DONE LEV RAANANA
2024-07-29 02:52:07,492 - cinemas.lev - INFO - STARTED LEV OMER
2024-07-29 02:52:08,071 - cinemas.lev - INFO - DONE LEV OMER
2024-07-29 02:52:08,071 - cinemas.lev - INFO - STARTED LEV SHOHAM
2024-07-29 02:52:08,608 - cinemas.lev - INFO - DONE LEV SHOHAM
2024-07-29 02:52:08,608 - cinemas.lev - INFO - STARTED LEV DANIEL
2024-07-29 02:52:09,067 - cinemas.lev - INFO - DONE LEV DANIEL
2024-07-29 02:52:09,067 - proxy - INFO - Proxy removed
2024-07-29 02:52:09,067 - cinemas.lev - INFO - DONE LEV
2024-07-29 02:52:09,067 - cinemas.lev - INFO - STARTED LEV
2024-07-29 02:52:09,410 - proxy - INFO - Proxy: {'YourFuckingIPAddress': '45.150.108.125', 'YourFuckingLocation': 'Tel Aviv, TA, Israel', 'YourFuckingHostname': '45.150.108.125', 'YourFuckingISP': 'BlueVPS OU', 'YourFuckingTorExit': False, 'YourFuckingCity': 'Tel Aviv', 'YourFuckingCountry': 'Israel', 'YourFuckingCountryCode': 'IL'}
2024-07-29 02:52:09,411 - cinemas.lev - INFO - STARTED LEV TEL_AVIV
2024-07-29 02:52:09,952 - cinemas.lev - INFO - DONE LEV TEL_AVIV
2024-07-29 02:52:09,952 - cinemas.lev - INFO - STARTED LEV RAMAT_HASHARON
2024-07-29 02:52:10,527 - cinemas.lev - INFO - DONE LEV RAMAT_HASHARON
2024-07-29 02:52:10,527 - cinemas.lev - INFO - STARTED LEV MANDARIN
2024-07-29 02:52:10,891 - cinemas.lev - INFO - DONE LEV MANDARIN
2024-07-29 02:52:10,891 - cinemas.lev - INFO - STARTED LEV EVEN_YEHUDA
2024-07-29 02:52:11,339 - cinemas.lev - INFO - DONE LEV EVEN_YEHUDA
2024-07-29 02:52:11,339 - cinemas.lev - INFO - STARTED LEV SMADAR
2024-07-29 02:52:11,926 - cinemas.lev - INFO - DONE LEV SMADAR
2024-07-29 02:52:11,927 - cinemas.lev - INFO - STARTED LEV RAANANA
2024-07-29 02:52:12,404 - cinemas.lev - INFO - DONE LEV RAANANA
2024-07-29 02:52:12,404 - cinemas.lev - INFO - STARTED LEV OMER
2024-07-29 02:52:12,978 - cinemas.lev - INFO - DONE LEV OMER
2024-07-29 02:52:12,979 - cinemas.lev - INFO - STARTED LEV SHOHAM
2024-07-29 02:52:13,515 - cinemas.lev - INFO - DONE LEV SHOHAM
2024-07-29 02:52:13,515 - cinemas.lev - INFO - STARTED LEV DANIEL
2024-07-29 02:52:14,003 - cinemas.lev - INFO - DONE LEV DANIEL
2024-07-29 02:52:14,003 - proxy - INFO - Proxy removed
2024-07-29 02:52:14,003 - cinemas.lev - INFO - DONE LEV
2024-07-29 02:52:14,003 - cinemas.movieland - INFO - STARTED Movie Land
2024-07-29 02:52:14,003 - cinemas.movieland - INFO - STARTED Movie Land CARMIEL
2024-07-29 02:52:14,004 - cinemas.movieland - INFO - DONE Movie Land CARMIEL
2024-07-29 02:52:14,004 - cinemas.movieland - INFO - STARTED Movie Land HAIFA
2024-07-29 02:52:14,005 - cinemas.movieland - INFO - DONE Movie Land HAIFA
2024-07-29 02:52:14,005 - cinemas.movieland - INFO - STARTED Movie Land NATANYA
2024-07-29 02:52:14,006 - cinemas.movieland - INFO - DONE Movie Land NATANYA
2024-07-29 02:52:14,006 - cinemas.movieland - INFO - DONE Movie Land
2024-07-29 02:52:14,006 - cinemas.movieland - INFO - STARTED Movie Land
2024-07-29 02:52:14,006 - cinemas.movieland - INFO - STARTED Movie Land CARMIEL
2024-07-29 02:52:14,007 - cinemas.movieland - INFO - DONE Movie Land CARMIEL
2024-07-29 02:52:14,007 - cinemas.movieland - INFO - STARTED Movie Land HAIFA
2024-07-29 02:52:14,008 - cinemas.movieland - INFO - DONE Movie Land HAIFA
2024-07-29 02:52:14,008 - cinemas.movieland - INFO - STARTED Movie Land NATANYA
2024-07-29 02:52:14,008 - cinemas.movieland - INFO - DONE Movie Land NATANYA
2024-07-29 02:52:14,008 - cinemas.movieland - INFO - DONE Movie Land
2024-07-29 02:52:14,008 - root - INFO - ********************
2024-07-29 02:52:14,009 - root - INFO - started checking for:01-08-2024
2024-07-29 02:52:14,009 - cinemas.yes_planet - INFO - STARTED YES PLANET
2024-07-29 02:52:14,009 - cinemas.yes_planet - INFO - STARTED YES PLANET RISHON
2024-07-29 02:52:14,436 - cinemas.yes_planet - INFO - DONE YES PLANET RISHON
2024-07-29 02:52:14,436 - cinemas.yes_planet - INFO - STARTED YES PLANET AYALON
2024-07-29 02:52:14,827 - cinemas.yes_planet - INFO - DONE YES PLANET AYALON
2024-07-29 02:52:14,827 - cinemas.yes_planet - INFO - STARTED YES PLANET ZICHRON
2024-07-29 02:52:15,193 - cinemas.yes_planet - INFO - DONE YES PLANET ZICHRON
2024-07-29 02:52:15,193 - cinemas.yes_planet - INFO - STARTED YES PLANET HAIFA
2024-07-29 02:52:15,674 - cinemas.yes_planet - INFO - DONE YES PLANET HAIFA
2024-07-29 02:52:15,674 - cinemas.yes_planet - INFO - STARTED YES PLANET JERUSALEM
2024-07-29 02:52:16,077 - cinemas.yes_planet - INFO - DONE YES PLANET JERUSALEM
2024-07-29 02:52:16,077 - cinemas.yes_planet - INFO - STARTED YES PLANET BEER_SHEVA
2024-07-29 02:52:16,485 - cinemas.yes_planet - INFO - DONE YES PLANET BEER_SHEVA
2024-07-29 02:52:16,485 - cinemas.yes_planet - INFO - DONE YES PLANET
2024-07-29 02:52:16,486 - cinemas.yes_planet - INFO - STARTED YES PLANET
2024-07-29 02:52:16,486 - cinemas.yes_planet - INFO - STARTED YES PLANET RISHON
2024-07-29 02:52:16,506 - cinemas.yes_planet - INFO - DONE YES PLANET RISHON
2024-07-29 02:52:16,506 - cinemas.yes_planet - INFO - STARTED YES PLANET AYALON
2024-07-29 02:52:16,525 - cinemas.yes_planet - INFO - DONE YES PLANET AYALON
2024-07-29 02:52:16,525 - cinemas.yes_planet - INFO - STARTED YES PLANET ZICHRON
2024-07-29 02:52:16,543 - cinemas.yes_planet - INFO - DONE YES PLANET ZICHRON
2024-07-29 02:52:16,544 - cinemas.yes_planet - INFO - STARTED YES PLANET HAIFA
2024-07-29 02:52:16,564 - cinemas.yes_planet - INFO - DONE YES PLANET HAIFA
2024-07-29 02:52:16,564 - cinemas.yes_planet - INFO - STARTED YES PLANET JERUSALEM
2024-07-29 02:52:16,584 - cinemas.yes_planet - INFO - DONE YES PLANET JERUSALEM
2024-07-29 02:52:16,584 - cinemas.yes_planet - INFO - STARTED YES PLANET BEER_SHEVA
2024-07-29 02:52:16,605 - cinemas.yes_planet - INFO - DONE YES PLANET BEER_SHEVA
2024-07-29 02:52:16,605 - cinemas.yes_planet - INFO - DONE YES PLANET
2024-07-29 02:52:16,606 - cinemas.rav_hen - INFO - STARTED RAV HEN
2024-07-29 02:52:16,606 - cinemas.rav_hen - INFO - STARTED RAV HEN GIVATAIM
2024-07-29 02:52:17,002 - cinemas.rav_hen - INFO - DONE RAV HEN GIVATAIM
2024-07-29 02:52:17,002 - cinemas.rav_hen - INFO - STARTED RAV HEN DIZINGOF
2024-07-29 02:52:17,382 - cinemas.rav_hen - INFO - DONE RAV HEN DIZINGOF
2024-07-29 02:52:17,383 - cinemas.rav_hen - INFO - STARTED RAV HEN MODIIN
2024-07-29 02:52:17,797 - cinemas.rav_hen - INFO - DONE RAV HEN MODIIN
2024-07-29 02:52:17,797 - cinemas.rav_hen - INFO - STARTED RAV HEN KIRYAT_ONO
2024-07-29 02:52:18,200 - cinemas.rav_hen - INFO - DONE RAV HEN KIRYAT_ONO
2024-07-29 02:52:18,201 - cinemas.rav_hen - INFO - DONE RAV HEN
2024-07-29 02:52:18,201 - retry.api - WARNING - AssertionError: rav hen returned empty list in __main__.unsafe_get_screenings_from_cinema, retrying in 1 seconds...
2024-07-29 02:52:19,201 - cinemas.rav_hen - INFO - STARTED RAV HEN
2024-07-29 02:52:19,201 - cinemas.rav_hen - INFO - STARTED RAV HEN GIVATAIM
2024-07-29 02:52:19,218 - cinemas.rav_hen - INFO - DONE RAV HEN GIVATAIM
2024-07-29 02:52:19,218 - cinemas.rav_hen - INFO - STARTED RAV HEN DIZINGOF
2024-07-29 02:52:19,236 - cinemas.rav_hen - INFO - DONE RAV HEN DIZINGOF
2024-07-29 02:52:19,236 - cinemas.rav_hen - INFO - STARTED RAV HEN MODIIN
2024-07-29 02:52:19,253 - cinemas.rav_hen - INFO - DONE RAV HEN MODIIN
2024-07-29 02:52:19,253 - cinemas.rav_hen - INFO - STARTED RAV HEN KIRYAT_ONO
2024-07-29 02:52:19,270 - cinemas.rav_hen - INFO - DONE RAV HEN KIRYAT_ONO
2024-07-29 02:52:19,270 - cinemas.rav_hen - INFO - DONE RAV HEN
2024-07-29 02:52:19,270 - retry.api - WARNING - AssertionError: rav hen returned empty list in __main__.unsafe_get_screenings_from_cinema, retrying in 2 seconds...
2024-07-29 02:52:21,271 - cinemas.rav_hen - INFO - STARTED RAV HEN
2024-07-29 02:52:21,271 - cinemas.rav_hen - INFO - STARTED RAV HEN GIVATAIM
2024-07-29 02:52:21,289 - cinemas.rav_hen - INFO - DONE RAV HEN GIVATAIM
2024-07-29 02:52:21,289 - cinemas.rav_hen - INFO - STARTED RAV HEN DIZINGOF
2024-07-29 02:52:21,305 - cinemas.rav_hen - INFO - DONE RAV HEN DIZINGOF
2024-07-29 02:52:21,305 - cinemas.rav_hen - INFO - STARTED RAV HEN MODIIN
2024-07-29 02:52:21,323 - cinemas.rav_hen - INFO - DONE RAV HEN MODIIN
2024-07-29 02:52:21,323 - cinemas.rav_hen - INFO - STARTED RAV HEN KIRYAT_ONO
2024-07-29 02:52:21,343 - cinemas.rav_hen - INFO - DONE RAV HEN KIRYAT_ONO
2024-07-29 02:52:21,343 - cinemas.rav_hen - INFO - DONE RAV HEN
2024-07-29 02:52:21,343 - root - ERROR - rav hen crashed: rav hen returned empty list
2024-07-29 02:52:21,343 - cinemas.hot_cinema - INFO - STARTED HOT CINEMA
2024-07-29 02:52:21,343 - cinemas.hot_cinema - INFO - STARTED HOT CINEMA MODIIN
2024-07-29 02:52:21,491 - cinemas.hot_cinema - INFO - DONE HOT CINEMA MODIIN
2024-07-29 02:52:21,491 - cinemas.hot_cinema - INFO - STARTED HOT CINEMA KIRYON
2024-07-29 02:52:22,183 - cinemas.hot_cinema - INFO - DONE HOT CINEMA KIRYON
2024-07-29 02:52:22,183 - cinemas.hot_cinema - INFO - STARTED HOT CINEMA KFAR_SABBA
2024-07-29 02:52:22,331 - cinemas.hot_cinema - INFO - DONE HOT CINEMA KFAR_SABBA
2024-07-29 02:52:22,331 - cinemas.hot_cinema - INFO - STARTED HOT CINEMA HAIFA
2024-07-29 02:52:22,478 - cinemas.hot_cinema - INFO - DONE HOT CINEMA HAIFA
2024-07-29 02:52:22,478 - cinemas.hot_cinema - INFO - STARTED HOT CINEMA PETACH_TIKVA
2024-07-29 02:52:22,625 - cinemas.hot_cinema - INFO - DONE HOT CINEMA PETACH_TIKVA
2024-07-29 02:52:22,625 - cinemas.hot_cinema - INFO - STARTED HOT CINEMA RECHOVOT
2024-07-29 02:52:22,772 - cinemas.hot_cinema - INFO - DONE HOT CINEMA RECHOVOT
2024-07-29 02:52:22,772 - cinemas.hot_cinema - INFO - STARTED HOT CINEMA ASHKELON
2024-07-29 02:52:22,919 - cinemas.hot_cinema - INFO - DONE HOT CINEMA ASHKELON
2024-07-29 02:52:22,920 - cinemas.hot_cinema - INFO - STARTED HOT CINEMA KARMIEL
2024-07-29 02:52:23,067 - cinemas.hot_cinema - INFO - DONE HOT CINEMA KARMIEL
2024-07-29 02:52:23,067 - cinemas.hot_cinema - INFO - STARTED HOT CINEMA NAHARIA
2024-07-29 02:52:23,212 - cinemas.hot_cinema - INFO - DONE HOT CINEMA NAHARIA
2024-07-29 02:52:23,212 - cinemas.hot_cinema - INFO - STARTED HOT CINEMA ASHDOD
2024-07-29 02:52:23,359 - cinemas.hot_cinema - INFO - DONE HOT CINEMA ASHDOD
2024-07-29 02:52:23,360 - cinemas.hot_cinema - INFO - DONE HOT CINEMA
2024-07-29 02:52:23,360 - cinemas.hot_cinema - INFO - STARTED HOT CINEMA
2024-07-29 02:52:23,360 - cinemas.hot_cinema - INFO - STARTED HOT CINEMA MODIIN
2024-07-29 02:52:23,508 - cinemas.hot_cinema - INFO - DONE HOT CINEMA MODIIN
2024-07-29 02:52:23,508 - cinemas.hot_cinema - INFO - STARTED HOT CINEMA KIRYON
2024-07-29 02:52:23,655 - cinemas.hot_cinema - INFO - DONE HOT CINEMA KIRYON
2024-07-29 02:52:23,655 - cinemas.hot_cinema - INFO - STARTED HOT CINEMA KFAR_SABBA
2024-07-29 02:52:23,806 - cinemas.hot_cinema - INFO - DONE HOT CINEMA KFAR_SABBA
2024-07-29 02:52:23,806 - cinemas.hot_cinema - INFO - STARTED HOT CINEMA HAIFA
2024-07-29 02:52:23,953 - cinemas.hot_cinema - INFO - DONE HOT CINEMA HAIFA
2024-07-29 02:52:23,953 - cinemas.hot_cinema - INFO - STARTED HOT CINEMA PETACH_TIKVA
2024-07-29 02:52:24,099 - cinemas.hot_cinema - INFO - DONE HOT CINEMA PETACH_TIKVA
2024-07-29 02:52:24,099 - cinemas.hot_cinema - INFO - STARTED HOT CINEMA RECHOVOT
2024-07-29 02:52:24,245 - cinemas.hot_cinema - INFO - DONE HOT CINEMA RECHOVOT
2024-07-29 02:52:24,245 - cinemas.hot_cinema - INFO - STARTED HOT CINEMA ASHKELON
2024-07-29 02:52:24,391 - cinemas.hot_cinema - INFO - DONE HOT CINEMA ASHKELON
2024-07-29 02:52:24,391 - cinemas.hot_cinema - INFO - STARTED HOT CINEMA KARMIEL
2024-07-29 02:52:24,542 - cinemas.hot_cinema - INFO - DONE HOT CINEMA KARMIEL
2024-07-29 02:52:24,542 - cinemas.hot_cinema - INFO - STARTED HOT CINEMA NAHARIA
2024-07-29 02:52:24,687 - cinemas.hot_cinema - INFO - DONE HOT CINEMA NAHARIA
2024-07-29 02:52:24,688 - cinemas.hot_cinema - INFO - STARTED HOT CINEMA ASHDOD
2024-07-29 02:52:24,838 - cinemas.hot_cinema - INFO - DONE HOT CINEMA ASHDOD
2024-07-29 02:52:24,838 - cinemas.hot_cinema - INFO - DONE HOT CINEMA
2024-07-29 02:52:24,839 - cinemas.cinema_city - INFO - STARTED CINEMA CITY
2024-07-29 02:52:24,839 - cinemas.cinema_city - INFO - STARTED CINEMA CITY GLILOT
2024-07-29 02:52:25,012 - cinemas.cinema_city - ERROR - NO DATE FOUND FOR GLILOT
2024-07-29 02:52:25,013 - cinemas.cinema_city - INFO - STARTED CINEMA CITY RISHON
2024-07-29 02:52:25,176 - cinemas.cinema_city - ERROR - NO DATE FOUND FOR RISHON
2024-07-29 02:52:25,176 - cinemas.cinema_city - INFO - STARTED CINEMA CITY JERUSALEM
2024-07-29 02:52:26,613 - cinemas.cinema_city - INFO - DONE CINEMA CITY JERUSALEM
2024-07-29 02:52:26,614 - cinemas.cinema_city - INFO - STARTED CINEMA CITY KFAR_SABBA
2024-07-29 02:52:26,801 - cinemas.cinema_city - ERROR - NO DATE FOUND FOR KFAR_SABBA
2024-07-29 02:52:26,801 - cinemas.cinema_city - INFO - STARTED CINEMA CITY NATANIA
2024-07-29 02:52:27,002 - cinemas.cinema_city - ERROR - NO DATE FOUND FOR NATANIA
2024-07-29 02:52:27,002 - cinemas.cinema_city - INFO - STARTED CINEMA CITY BEER_SHEVA
2024-07-29 02:52:27,161 - cinemas.cinema_city - ERROR - NO DATE FOUND FOR BEER_SHEVA
2024-07-29 02:52:27,161 - cinemas.cinema_city - INFO - STARTED CINEMA CITY HADERA
2024-07-29 02:52:27,323 - cinemas.cinema_city - ERROR - NO DATE FOUND FOR HADERA
2024-07-29 02:52:27,323 - cinemas.cinema_city - INFO - STARTED CINEMA CITY ASHDOD
2024-07-29 02:52:27,489 - cinemas.cinema_city - ERROR - NO DATE FOUND FOR ASHDOD
2024-07-29 02:52:27,489 - cinemas.cinema_city - INFO - DONE CINEMA CITY
2024-07-29 02:52:27,489 - cinemas.cinema_city - INFO - STARTED CINEMA CITY
2024-07-29 02:52:27,489 - cinemas.cinema_city - INFO - STARTED CINEMA CITY GLILOT
2024-07-29 02:52:27,643 - cinemas.cinema_city - ERROR - NO DATE FOUND FOR GLILOT
2024-07-29 02:52:27,643 - cinemas.cinema_city - INFO - STARTED CINEMA CITY RISHON
2024-07-29 02:52:27,802 - cinemas.cinema_city - ERROR - NO DATE FOUND FOR RISHON
2024-07-29 02:52:27,802 - cinemas.cinema_city - INFO - STARTED CINEMA CITY JERUSALEM
2024-07-29 02:52:28,277 - cinemas.cinema_city - INFO - DONE CINEMA CITY JERUSALEM
2024-07-29 02:52:28,277 - cinemas.cinema_city - INFO - STARTED CINEMA CITY KFAR_SABBA
2024-07-29 02:52:28,434 - cinemas.cinema_city - ERROR - NO DATE FOUND FOR KFAR_SABBA
2024-07-29 02:52:28,435 - cinemas.cinema_city - INFO - STARTED CINEMA CITY NATANIA
2024-07-29 02:52:28,589 - cinemas.cinema_city - ERROR - NO DATE FOUND FOR NATANIA
2024-07-29 02:52:28,590 - cinemas.cinema_city - INFO - STARTED CINEMA CITY BEER_SHEVA
2024-07-29 02:52:28,745 - cinemas.cinema_city - ERROR - NO DATE FOUND FOR BEER_SHEVA
2024-07-29 02:52:28,745 - cinemas.cinema_city - INFO - STARTED CINEMA CITY HADERA
2024-07-29 02:52:28,903 - cinemas.cinema_city - ERROR - NO DATE FOUND FOR HADERA
2024-07-29 02:52:28,903 - cinemas.cinema_city - INFO - STARTED CINEMA CITY ASHDOD
2024-07-29 02:52:29,057 - cinemas.cinema_city - ERROR - NO DATE FOUND FOR ASHDOD
2024-07-29 02:52:29,057 - cinemas.cinema_city - INFO - DONE CINEMA CITY
2024-07-29 02:52:29,057 - cinemas.lev - INFO - STARTED LEV
2024-07-29 02:52:30,202 - proxy - INFO - Proxy: {'YourFuckingIPAddress': '45.150.108.125', 'YourFuckingLocation': 'Tel Aviv, TA, Israel', 'YourFuckingHostname': '45.150.108.125', 'YourFuckingISP': 'BlueVPS OU', 'YourFuckingTorExit': False, 'YourFuckingCity': 'Tel Aviv', 'YourFuckingCountry': 'Israel', 'YourFuckingCountryCode': 'IL'}
2024-07-29 02:52:30,203 - cinemas.lev - INFO - STARTED LEV TEL_AVIV
2024-07-29 02:52:30,623 - cinemas.lev - INFO - DONE LEV TEL_AVIV
2024-07-29 02:52:30,623 - cinemas.lev - INFO - STARTED LEV RAMAT_HASHARON
2024-07-29 02:52:31,199 - cinemas.lev - INFO - DONE LEV RAMAT_HASHARON
2024-07-29 02:52:31,199 - cinemas.lev - INFO - STARTED LEV MANDARIN
2024-07-29 02:52:31,613 - cinemas.lev - INFO - DONE LEV MANDARIN
2024-07-29 02:52:31,613 - cinemas.lev - INFO - STARTED LEV EVEN_YEHUDA
2024-07-29 02:52:32,031 - cinemas.lev - INFO - DONE LEV EVEN_YEHUDA
2024-07-29 02:52:32,031 - cinemas.lev - INFO - STARTED LEV SMADAR
2024-07-29 02:52:32,490 - cinemas.lev - INFO - DONE LEV SMADAR
2024-07-29 02:52:32,491 - cinemas.lev - INFO - STARTED LEV RAANANA
2024-07-29 02:52:32,939 - cinemas.lev - INFO - DONE LEV RAANANA
2024-07-29 02:52:32,939 - cinemas.lev - INFO - STARTED LEV OMER
2024-07-29 02:52:33,427 - cinemas.lev - INFO - DONE LEV OMER
2024-07-29 02:52:33,427 - cinemas.lev - INFO - STARTED LEV SHOHAM
2024-07-29 02:52:33,875 - cinemas.lev - INFO - DONE LEV SHOHAM
2024-07-29 02:52:33,875 - cinemas.lev - INFO - STARTED LEV DANIEL
2024-07-29 02:52:34,451 - cinemas.lev - INFO - DONE LEV DANIEL
2024-07-29 02:52:34,451 - proxy - INFO - Proxy removed
2024-07-29 02:52:34,451 - cinemas.lev - INFO - DONE LEV
2024-07-29 02:52:34,451 - cinemas.lev - INFO - STARTED LEV
2024-07-29 02:52:34,820 - proxy - INFO - Proxy: {'YourFuckingIPAddress': '45.150.108.125', 'YourFuckingLocation': 'Tel Aviv, TA, Israel', 'YourFuckingHostname': '45.150.108.125', 'YourFuckingISP': 'BlueVPS OU', 'YourFuckingTorExit': False, 'YourFuckingCity': 'Tel Aviv', 'YourFuckingCountry': 'Israel', 'YourFuckingCountryCode': 'IL'}
2024-07-29 02:52:34,820 - cinemas.lev - INFO - STARTED LEV TEL_AVIV
2024-07-29 02:52:35,358 - cinemas.lev - INFO - DONE LEV TEL_AVIV
2024-07-29 02:52:35,358 - cinemas.lev - INFO - STARTED LEV RAMAT_HASHARON
2024-07-29 02:52:35,935 - cinemas.lev - INFO - DONE LEV RAMAT_HASHARON
2024-07-29 02:52:35,935 - cinemas.lev - INFO - STARTED LEV MANDARIN
2024-07-29 02:52:36,349 - cinemas.lev - INFO - DONE LEV MANDARIN
2024-07-29 02:52:36,349 - cinemas.lev - INFO - STARTED LEV EVEN_YEHUDA
2024-07-29 02:52:36,767 - cinemas.lev - INFO - DONE LEV EVEN_YEHUDA
2024-07-29 02:52:36,767 - cinemas.lev - INFO - STARTED LEV SMADAR
2024-07-29 02:52:37,226 - cinemas.lev - INFO - DONE LEV SMADAR
2024-07-29 02:52:37,227 - cinemas.lev - INFO - STARTED LEV RAANANA
2024-07-29 02:52:37,763 - cinemas.lev - INFO - DONE LEV RAANANA
2024-07-29 02:52:37,764 - cinemas.lev - INFO - STARTED LEV OMER
2024-07-29 02:52:38,339 - cinemas.lev - INFO - DONE LEV OMER
2024-07-29 02:52:38,339 - cinemas.lev - INFO - STARTED LEV SHOHAM
2024-07-29 02:52:38,875 - cinemas.lev - INFO - DONE LEV SHOHAM
2024-07-29 02:52:38,875 - cinemas.lev - INFO - STARTED LEV DANIEL
2024-07-29 02:52:39,335 - cinemas.lev - INFO - DONE LEV DANIEL
2024-07-29 02:52:39,335 - proxy - INFO - Proxy removed
2024-07-29 02:52:39,335 - cinemas.lev - INFO - DONE LEV
2024-07-29 02:52:39,335 - cinemas.movieland - INFO - STARTED Movie Land
2024-07-29 02:52:39,335 - cinemas.movieland - INFO - STARTED Movie Land CARMIEL
2024-07-29 02:52:39,336 - cinemas.movieland - INFO - DONE Movie Land CARMIEL
2024-07-29 02:52:39,336 - cinemas.movieland - INFO - STARTED Movie Land HAIFA
2024-07-29 02:52:39,336 - cinemas.movieland - INFO - DONE Movie Land HAIFA
2024-07-29 02:52:39,336 - cinemas.movieland - INFO - STARTED Movie Land NATANYA
2024-07-29 02:52:39,336 - cinemas.movieland - INFO - DONE Movie Land NATANYA
2024-07-29 02:52:39,336 - cinemas.movieland - INFO - DONE Movie Land
2024-07-29 02:52:39,336 - retry.api - WARNING - AssertionError: movieland returned empty list in __main__.unsafe_get_screenings_from_cinema, retrying in 1 seconds...
2024-07-29 02:52:40,336 - cinemas.movieland - INFO - STARTED Movie Land
2024-07-29 02:52:40,337 - cinemas.movieland - INFO - STARTED Movie Land CARMIEL
2024-07-29 02:52:40,337 - cinemas.movieland - INFO - DONE Movie Land CARMIEL
2024-07-29 02:52:40,337 - cinemas.movieland - INFO - STARTED Movie Land HAIFA
2024-07-29 02:52:40,337 - cinemas.movieland - INFO - DONE Movie Land HAIFA
2024-07-29 02:52:40,337 - cinemas.movieland - INFO - STARTED Movie Land NATANYA
2024-07-29 02:52:40,337 - cinemas.movieland - INFO - DONE Movie Land NATANYA
2024-07-29 02:52:40,337 - cinemas.movieland - INFO - DONE Movie Land
2024-07-29 02:52:40,338 - retry.api - WARNING - AssertionError: movieland returned empty list in __main__.unsafe_get_screenings_from_cinema, retrying in 2 seconds...
2024-07-29 02:52:42,338 - cinemas.movieland - INFO - STARTED Movie Land
2024-07-29 02:52:42,338 - cinemas.movieland - INFO - STARTED Movie Land CARMIEL
2024-07-29 02:52:42,339 - cinemas.movieland - INFO - DONE Movie Land CARMIEL
2024-07-29 02:52:42,339 - cinemas.movieland - INFO - STARTED Movie Land HAIFA
2024-07-29 02:52:42,339 - cinemas.movieland - INFO - DONE Movie Land HAIFA
2024-07-29 02:52:42,339 - cinemas.movieland - INFO - STARTED Movie Land NATANYA
2024-07-29 02:52:42,339 - cinemas.movieland - INFO - DONE Movie Land NATANYA
2024-07-29 02:52:42,340 - cinemas.movieland - INFO - DONE Movie Land
2024-07-29 02:52:42,340 - root - ERROR - movieland crashed: movieland returned empty list
2024-07-29 02:52:42,340 - root - INFO - ********************
2024-07-29 02:52:42,340 - root - INFO - started checking for:02-08-2024
2024-07-29 02:52:42,340 - cinemas.yes_planet - INFO - STARTED YES PLANET
2024-07-29 02:52:42,340 - cinemas.yes_planet - INFO - STARTED YES PLANET RISHON
2024-07-29 02:52:42,744 - cinemas.yes_planet - INFO - DONE YES PLANET RISHON
2024-07-29 02:52:42,745 - cinemas.yes_planet - INFO - STARTED YES PLANET AYALON
2024-07-29 02:52:43,145 - cinemas.yes_planet - INFO - DONE YES PLANET AYALON
2024-07-29 02:52:43,146 - cinemas.yes_planet - INFO - STARTED YES PLANET ZICHRON
2024-07-29 02:52:43,540 - cinemas.yes_planet - INFO - DONE YES PLANET ZICHRON
2024-07-29 02:52:43,540 - cinemas.yes_planet - INFO - STARTED YES PLANET HAIFA
2024-07-29 02:52:43,944 - cinemas.yes_planet - INFO - DONE YES PLANET HAIFA
2024-07-29 02:52:43,944 - cinemas.yes_planet - INFO - STARTED YES PLANET JERUSALEM
2024-07-29 02:52:44,311 - cinemas.yes_planet - INFO - DONE YES PLANET JERUSALEM
2024-07-29 02:52:44,311 - cinemas.yes_planet - INFO - STARTED YES PLANET BEER_SHEVA
2024-07-29 02:52:44,714 - cinemas.yes_planet - INFO - DONE YES PLANET BEER_SHEVA
2024-07-29 02:52:44,714 - cinemas.yes_planet - INFO - DONE YES PLANET
2024-07-29 02:52:44,714 - retry.api - WARNING - AssertionError: yes planet returned empty list in __main__.unsafe_get_screenings_from_cinema, retrying in 1 seconds...
2024-07-29 02:52:45,714 - cinemas.yes_planet - INFO - STARTED YES PLANET
2024-07-29 02:52:45,714 - cinemas.yes_planet - INFO - STARTED YES PLANET RISHON
2024-07-29 02:52:45,743 - cinemas.yes_planet - INFO - DONE YES PLANET RISHON
2024-07-29 02:52:45,743 - cinemas.yes_planet - INFO - STARTED YES PLANET AYALON
2024-07-29 02:52:45,763 - cinemas.yes_planet - INFO - DONE YES PLANET AYALON
2024-07-29 02:52:45,763 - cinemas.yes_planet - INFO - STARTED YES PLANET ZICHRON
2024-07-29 02:52:45,788 - cinemas.yes_planet - INFO - DONE YES PLANET ZICHRON
2024-07-29 02:52:45,788 - cinemas.yes_planet - INFO - STARTED YES PLANET HAIFA
2024-07-29 02:52:45,809 - cinemas.yes_planet - INFO - DONE YES PLANET HAIFA
2024-07-29 02:52:45,809 - cinemas.yes_planet - INFO - STARTED YES PLANET JERUSALEM
2024-07-29 02:52:45,831 - cinemas.yes_planet - INFO - DONE YES PLANET JERUSALEM
2024-07-29 02:52:45,831 - cinemas.yes_planet - INFO - STARTED YES PLANET BEER_SHEVA
2024-07-29 02:52:45,854 - cinemas.yes_planet - INFO - DONE YES PLANET BEER_SHEVA
2024-07-29 02:52:45,854 - cinemas.yes_planet - INFO - DONE YES PLANET
2024-07-29 02:52:45,854 - retry.api - WARNING - AssertionError: yes planet returned empty list in __main__.unsafe_get_screenings_from_cinema, retrying in 2 seconds...
2024-07-29 02:52:47,854 - cinemas.yes_planet - INFO - STARTED YES PLANET
2024-07-29 02:52:47,855 - cinemas.yes_planet - INFO - STARTED YES PLANET RISHON
2024-07-29 02:52:47,876 - cinemas.yes_planet - INFO - DONE YES PLANET RISHON
2024-07-29 02:52:47,876 - cinemas.yes_planet - INFO - STARTED YES PLANET AYALON
2024-07-29 02:52:47,896 - cinemas.yes_planet - INFO - DONE YES PLANET AYALON
2024-07-29 02:52:47,896 - cinemas.yes_planet - INFO - STARTED YES PLANET ZICHRON
2024-07-29 02:52:47,918 - cinemas.yes_planet - INFO - DONE YES PLANET ZICHRON
2024-07-29 02:52:47,918 - cinemas.yes_planet - INFO - STARTED YES PLANET HAIFA
2024-07-29 02:52:47,938 - cinemas.yes_planet - INFO - DONE YES PLANET HAIFA
2024-07-29 02:52:47,938 - cinemas.yes_planet - INFO - STARTED YES PLANET JERUSALEM
2024-07-29 02:52:47,960 - cinemas.yes_planet - INFO - DONE YES PLANET JERUSALEM
2024-07-29 02:52:47,960 - cinemas.yes_planet - INFO - STARTED YES PLANET BEER_SHEVA
2024-07-29 02:52:47,986 - cinemas.yes_planet - INFO - DONE YES PLANET BEER_SHEVA
2024-07-29 02:52:47,986 - cinemas.yes_planet - INFO - DONE YES PLANET
2024-07-29 02:52:47,986 - root - ERROR - yes planet crashed: yes planet returned empty list
2024-07-29 02:52:47,986 - cinemas.rav_hen - INFO - STARTED RAV HEN
2024-07-29 02:52:47,986 - cinemas.rav_hen - INFO - STARTED RAV HEN GIVATAIM
2024-07-29 02:52:48,401 - cinemas.rav_hen - INFO - DONE RAV HEN GIVATAIM
2024-07-29 02:52:48,401 - cinemas.rav_hen - INFO - STARTED RAV HEN DIZINGOF
2024-07-29 02:52:48,776 - cinemas.rav_hen - INFO - DONE RAV HEN DIZINGOF
2024-07-29 02:52:48,776 - cinemas.rav_hen - INFO - STARTED RAV HEN MODIIN
2024-07-29 02:52:49,183 - cinemas.rav_hen - INFO - DONE RAV HEN MODIIN
2024-07-29 02:52:49,183 - cinemas.rav_hen - INFO - STARTED RAV HEN KIRYAT_ONO
2024-07-29 02:52:49,587 - cinemas.rav_hen - INFO - DONE RAV HEN KIRYAT_ONO
2024-07-29 02:52:49,588 - cinemas.rav_hen - INFO - DONE RAV HEN
2024-07-29 02:52:49,588 - retry.api - WARNING - AssertionError: rav hen returned empty list in __main__.unsafe_get_screenings_from_cinema, retrying in 1 seconds...
2024-07-29 02:52:50,588 - cinemas.rav_hen - INFO - STARTED RAV HEN
2024-07-29 02:52:50,588 - cinemas.rav_hen - INFO - STARTED RAV HEN GIVATAIM
2024-07-29 02:52:50,608 - cinemas.rav_hen - INFO - DONE RAV HEN GIVATAIM
2024-07-29 02:52:50,608 - cinemas.rav_hen - INFO - STARTED RAV HEN DIZINGOF
2024-07-29 02:52:50,634 - cinemas.rav_hen - INFO - DONE RAV HEN DIZINGOF
2024-07-29 02:52:50,634 - cinemas.rav_hen - INFO - STARTED RAV HEN MODIIN
2024-07-29 02:52:50,656 - cinemas.rav_hen - INFO - DONE RAV HEN MODIIN
2024-07-29 02:52:50,656 - cinemas.rav_hen - INFO - STARTED RAV HEN KIRYAT_ONO
2024-07-29 02:52:50,679 - cinemas.rav_hen - INFO - DONE RAV HEN KIRYAT_ONO
2024-07-29 02:52:50,679 - cinemas.rav_hen - INFO - DONE RAV HEN
2024-07-29 02:52:50,679 - retry.api - WARNING - AssertionError: rav hen returned empty list in __main__.unsafe_get_screenings_from_cinema, retrying in 2 seconds...
2024-07-29 02:52:52,679 - cinemas.rav_hen - INFO - STARTED RAV HEN
2024-07-29 02:52:52,679 - cinemas.rav_hen - INFO - STARTED RAV HEN GIVATAIM
2024-07-29 02:52:52,715 - cinemas.rav_hen - INFO - DONE RAV HEN GIVATAIM
2024-07-29 02:52:52,715 - cinemas.rav_hen - INFO - STARTED RAV HEN DIZINGOF
2024-07-29 02:52:52,733 - cinemas.rav_hen - INFO - DONE RAV HEN DIZINGOF
2024-07-29 02:52:52,733 - cinemas.rav_hen - INFO - STARTED RAV HEN MODIIN
2024-07-29 02:52:52,752 - cinemas.rav_hen - INFO - DONE RAV HEN MODIIN
2024-07-29 02:52:52,752 - cinemas.rav_hen - INFO - STARTED RAV HEN KIRYAT_ONO
2024-07-29 02:52:52,778 - cinemas.rav_hen - INFO - DONE RAV HEN KIRYAT_ONO
2024-07-29 02:52:52,778 - cinemas.rav_hen - INFO - DONE RAV HEN
2024-07-29 02:52:52,778 - root - ERROR - rav hen crashed: rav hen returned empty list
2024-07-29 02:52:52,778 - cinemas.hot_cinema - INFO - STARTED HOT CINEMA
2024-07-29 02:52:52,778 - cinemas.hot_cinema - INFO - STARTED HOT CINEMA MODIIN
2024-07-29 02:52:52,927 - cinemas.hot_cinema - INFO - DONE HOT CINEMA MODIIN
2024-07-29 02:52:52,927 - cinemas.hot_cinema - INFO - STARTED HOT CINEMA KIRYON
2024-07-29 02:52:53,075 - cinemas.hot_cinema - INFO - DONE HOT CINEMA KIRYON
2024-07-29 02:52:53,075 - cinemas.hot_cinema - INFO - STARTED HOT CINEMA KFAR_SABBA
2024-07-29 02:52:53,223 - cinemas.hot_cinema - INFO - DONE HOT CINEMA KFAR_SABBA
2024-07-29 02:52:53,223 - cinemas.hot_cinema - INFO - STARTED HOT CINEMA HAIFA
2024-07-29 02:52:53,371 - cinemas.hot_cinema - INFO - DONE HOT CINEMA HAIFA
2024-07-29 02:52:53,371 - cinemas.hot_cinema - INFO - STARTED HOT CINEMA PETACH_TIKVA
2024-07-29 02:52:53,518 - cinemas.hot_cinema - INFO - DONE HOT CINEMA PETACH_TIKVA
2024-07-29 02:52:53,518 - cinemas.hot_cinema - INFO - STARTED HOT CINEMA RECHOVOT
2024-07-29 02:52:53,666 - cinemas.hot_cinema - INFO - DONE HOT CINEMA RECHOVOT
2024-07-29 02:52:53,666 - cinemas.hot_cinema - INFO - STARTED HOT CINEMA ASHKELON
2024-07-29 02:52:53,813 - cinemas.hot_cinema - INFO - DONE HOT CINEMA ASHKELON
2024-07-29 02:52:53,813 - cinemas.hot_cinema - INFO - STARTED HOT CINEMA KARMIEL
2024-07-29 02:52:53,960 - cinemas.hot_cinema - INFO - DONE HOT CINEMA KARMIEL
2024-07-29 02:52:53,961 - cinemas.hot_cinema - INFO - STARTED HOT CINEMA NAHARIA
2024-07-29 02:52:54,108 - cinemas.hot_cinema - INFO - DONE HOT CINEMA NAHARIA
2024-07-29 02:52:54,108 - cinemas.hot_cinema - INFO - STARTED HOT CINEMA ASHDOD
2024-07-29 02:52:54,255 - cinemas.hot_cinema - INFO - DONE HOT CINEMA ASHDOD
2024-07-29 02:52:54,255 - cinemas.hot_cinema - INFO - DONE HOT CINEMA
2024-07-29 02:52:54,255 - cinemas.hot_cinema - INFO - STARTED HOT CINEMA
2024-07-29 02:52:54,255 - cinemas.hot_cinema - INFO - STARTED HOT CINEMA MODIIN
2024-07-29 02:52:54,403 - cinemas.hot_cinema - INFO - DONE HOT CINEMA MODIIN
2024-07-29 02:52:54,403 - cinemas.hot_cinema - INFO - STARTED HOT CINEMA KIRYON
2024-07-29 02:52:54,552 - cinemas.hot_cinema - INFO - DONE HOT CINEMA KIRYON
2024-07-29 02:52:54,552 - cinemas.hot_cinema - INFO - STARTED HOT CINEMA KFAR_SABBA
2024-07-29 02:52:54,701 - cinemas.hot_cinema - INFO - DONE HOT CINEMA KFAR_SABBA
2024-07-29 02:52:54,701 - cinemas.hot_cinema - INFO - STARTED HOT CINEMA HAIFA
2024-07-29 02:52:54,848 - cinemas.hot_cinema - INFO - DONE HOT CINEMA HAIFA
2024-07-29 02:52:54,848 - cinemas.hot_cinema - INFO - STARTED HOT CINEMA PETACH_TIKVA
2024-07-29 02:52:54,996 - cinemas.hot_cinema - INFO - DONE HOT CINEMA PETACH_TIKVA
2024-07-29 02:52:54,996 - cinemas.hot_cinema - INFO - STARTED HOT CINEMA RECHOVOT
2024-07-29 02:52:55,143 - cinemas.hot_cinema - INFO - DONE HOT CINEMA RECHOVOT
2024-07-29 02:52:55,143 - cinemas.hot_cinema - INFO - STARTED HOT CINEMA ASHKELON
2024-07-29 02:52:55,292 - cinemas.hot_cinema - INFO - DONE HOT CINEMA ASHKELON
2024-07-29 02:52:55,292 - cinemas.hot_cinema - INFO - STARTED HOT CINEMA KARMIEL
2024-07-29 02:52:55,439 - cinemas.hot_cinema - INFO - DONE HOT CINEMA KARMIEL
2024-07-29 02:52:55,439 - cinemas.hot_cinema - INFO - STARTED HOT CINEMA NAHARIA
2024-07-29 02:52:55,586 - cinemas.hot_cinema - INFO - DONE HOT CINEMA NAHARIA
2024-07-29 02:52:55,586 - cinemas.hot_cinema - INFO - STARTED HOT CINEMA ASHDOD
2024-07-29 02:52:55,734 - cinemas.hot_cinema - INFO - DONE HOT CINEMA ASHDOD
2024-07-29 02:52:55,734 - cinemas.hot_cinema - INFO - DONE HOT CINEMA
2024-07-29 02:52:55,734 - cinemas.cinema_city - INFO - STARTED CINEMA CITY
2024-07-29 02:52:55,735 - cinemas.cinema_city - INFO - STARTED CINEMA CITY GLILOT
2024-07-29 02:52:56,027 - cinemas.cinema_city - ERROR - NO DATE FOUND FOR GLILOT
2024-07-29 02:52:56,028 - cinemas.cinema_city - INFO - STARTED CINEMA CITY RISHON
2024-07-29 02:52:56,180 - cinemas.cinema_city - ERROR - NO DATE FOUND FOR RISHON
2024-07-29 02:52:56,180 - cinemas.cinema_city - INFO - STARTED CINEMA CITY JERUSALEM
2024-07-29 02:52:56,331 - cinemas.cinema_city - ERROR - NO DATE FOUND FOR JERUSALEM
2024-07-29 02:52:56,332 - cinemas.cinema_city - INFO - STARTED CINEMA CITY KFAR_SABBA
2024-07-29 02:52:56,487 - cinemas.cinema_city - ERROR - NO DATE FOUND FOR KFAR_SABBA
2024-07-29 02:52:56,487 - cinemas.cinema_city - INFO - STARTED CINEMA CITY NATANIA
2024-07-29 02:52:56,811 - cinemas.cinema_city - ERROR - NO DATE FOUND FOR NATANIA
2024-07-29 02:52:56,812 - cinemas.cinema_city - INFO - STARTED CINEMA CITY BEER_SHEVA
2024-07-29 02:52:56,967 - cinemas.cinema_city - ERROR - NO DATE FOUND FOR BEER_SHEVA
2024-07-29 02:52:56,968 - cinemas.cinema_city - INFO - STARTED CINEMA CITY HADERA
2024-07-29 02:52:57,120 - cinemas.cinema_city - ERROR - NO DATE FOUND FOR HADERA
2024-07-29 02:52:57,120 - cinemas.cinema_city - INFO - STARTED CINEMA CITY ASHDOD
2024-07-29 02:52:57,271 - cinemas.cinema_city - ERROR - NO DATE FOUND FOR ASHDOD
2024-07-29 02:52:57,271 - cinemas.cinema_city - INFO - DONE CINEMA CITY
2024-07-29 02:52:57,271 - retry.api - WARNING - AssertionError: cinema city returned empty list in __main__.unsafe_get_screenings_from_cinema, retrying in 1 seconds...
2024-07-29 02:52:58,271 - cinemas.cinema_city - INFO - STARTED CINEMA CITY
2024-07-29 02:52:58,272 - cinemas.cinema_city - INFO - STARTED CINEMA CITY GLILOT
2024-07-29 02:52:58,423 - cinemas.cinema_city - ERROR - NO DATE FOUND FOR GLILOT
2024-07-29 02:52:58,423 - cinemas.cinema_city - INFO - STARTED CINEMA CITY RISHON
2024-07-29 02:52:58,575 - cinemas.cinema_city - ERROR - NO DATE FOUND FOR RISHON
2024-07-29 02:52:58,575 - cinemas.cinema_city - INFO - STARTED CINEMA CITY JERUSALEM
2024-07-29 02:52:58,726 - cinemas.cinema_city - ERROR - NO DATE FOUND FOR JERUSALEM
2024-07-29 02:52:58,726 - cinemas.cinema_city - INFO - STARTED CINEMA CITY KFAR_SABBA
2024-07-29 02:52:58,878 - cinemas.cinema_city - ERROR - NO DATE FOUND FOR KFAR_SABBA
2024-07-29 02:52:58,878 - cinemas.cinema_city - INFO - STARTED CINEMA CITY NATANIA
2024-07-29 02:52:59,029 - cinemas.cinema_city - ERROR - NO DATE FOUND FOR NATANIA
2024-07-29 02:52:59,029 - cinemas.cinema_city - INFO - STARTED CINEMA CITY BEER_SHEVA
2024-07-29 02:52:59,179 - cinemas.cinema_city - ERROR - NO DATE FOUND FOR BEER_SHEVA
2024-07-29 02:52:59,179 - cinemas.cinema_city - INFO - STARTED CINEMA CITY HADERA
2024-07-29 02:52:59,330 - cinemas.cinema_city - ERROR - NO DATE FOUND FOR HADERA
2024-07-29 02:52:59,330 - cinemas.cinema_city - INFO - STARTED CINEMA CITY ASHDOD
2024-07-29 02:52:59,487 - cinemas.cinema_city - ERROR - NO DATE FOUND FOR ASHDOD
2024-07-29 02:52:59,487 - cinemas.cinema_city - INFO - DONE CINEMA CITY
2024-07-29 02:52:59,488 - retry.api - WARNING - AssertionError: cinema city returned empty list in __main__.unsafe_get_screenings_from_cinema, retrying in 2 seconds...
2024-07-29 02:53:01,488 - cinemas.cinema_city - INFO - STARTED CINEMA CITY
2024-07-29 02:53:01,488 - cinemas.cinema_city - INFO - STARTED CINEMA CITY GLILOT
2024-07-29 02:53:01,647 - cinemas.cinema_city - ERROR - NO DATE FOUND FOR GLILOT
2024-07-29 02:53:01,647 - cinemas.cinema_city - INFO - STARTED CINEMA CITY RISHON
2024-07-29 02:53:01,824 - cinemas.cinema_city - ERROR - NO DATE FOUND FOR RISHON
2024-07-29 02:53:01,824 - cinemas.cinema_city - INFO - STARTED CINEMA CITY JERUSALEM
2024-07-29 02:53:01,978 - cinemas.cinema_city - ERROR - NO DATE FOUND FOR JERUSALEM
2024-07-29 02:53:01,979 - cinemas.cinema_city - INFO - STARTED CINEMA CITY KFAR_SABBA
2024-07-29 02:53:02,129 - cinemas.cinema_city - ERROR - NO DATE FOUND FOR KFAR_SABBA
2024-07-29 02:53:02,129 - cinemas.cinema_city - INFO - STARTED CINEMA CITY NATANIA
2024-07-29 02:53:02,280 - cinemas.cinema_city - ERROR - NO DATE FOUND FOR NATANIA
2024-07-29 02:53:02,280 - cinemas.cinema_city - INFO - STARTED CINEMA CITY BEER_SHEVA
2024-07-29 02:53:02,431 - cinemas.cinema_city - ERROR - NO DATE FOUND FOR BEER_SHEVA
2024-07-29 02:53:02,431 - cinemas.cinema_city - INFO - STARTED CINEMA CITY HADERA
2024-07-29 02:53:02,757 - cinemas.cinema_city - ERROR - NO DATE FOUND FOR HADERA
2024-07-29 02:53:02,757 - cinemas.cinema_city - INFO - STARTED CINEMA CITY ASHDOD
2024-07-29 02:53:02,911 - cinemas.cinema_city - ERROR - NO DATE FOUND FOR ASHDOD
2024-07-29 02:53:02,911 - cinemas.cinema_city - INFO - DONE CINEMA CITY
2024-07-29 02:53:02,912 - root - ERROR - cinema city crashed: cinema city returned empty list
2024-07-29 02:53:02,912 - cinemas.lev - INFO - STARTED LEV
2024-07-29 02:53:04,058 - proxy - INFO - Proxy: {'YourFuckingIPAddress': '45.150.108.125', 'YourFuckingLocation': 'Tel Aviv, TA, Israel', 'YourFuckingHostname': '45.150.108.125', 'YourFuckingISP': 'BlueVPS OU', 'YourFuckingTorExit': False, 'YourFuckingCity': 'Tel Aviv', 'YourFuckingCountry': 'Israel', 'YourFuckingCountryCode': 'IL'}
2024-07-29 02:53:04,059 - cinemas.lev - INFO - STARTED LEV TEL_AVIV
2024-07-29 02:53:04,179 - proxy - INFO - Proxy removed
2024-07-29 02:53:04,179 - root - ERROR - lev crashed
Traceback (most recent call last):
  File "/opt/hostedtoolcache/Python/3.11.9/x64/lib/python3.11/site-packages/urllib3/connectionpool.py", line 715, in urlopen
    httplib_response = self._make_request(
                       ^^^^^^^^^^^^^^^^^^^
  File "/opt/hostedtoolcache/Python/3.11.9/x64/lib/python3.11/site-packages/urllib3/connectionpool.py", line 467, in _make_request
    six.raise_from(e, None)
  File "<string>", line 3, in raise_from
  File "/opt/hostedtoolcache/Python/3.11.9/x64/lib/python3.11/site-packages/urllib3/connectionpool.py", line 462, in _make_request
    httplib_response = conn.getresponse()
                       ^^^^^^^^^^^^^^^^^^
  File "/opt/hostedtoolcache/Python/3.11.9/x64/lib/python3.11/http/client.py", line 1395, in getresponse
    response.begin()
  File "/opt/hostedtoolcache/Python/3.11.9/x64/lib/python3.11/http/client.py", line 325, in begin
    version, status, reason = self._read_status()
                              ^^^^^^^^^^^^^^^^^^^
  File "/opt/hostedtoolcache/Python/3.11.9/x64/lib/python3.11/http/client.py", line 294, in _read_status
    raise RemoteDisconnected("Remote end closed connection without"
http.client.RemoteDisconnected: Remote end closed connection without response

During handling of the above exception, another exception occurred:

Traceback (most recent call last):
  File "/opt/hostedtoolcache/Python/3.11.9/x64/lib/python3.11/site-packages/requests/adapters.py", line 667, in send
    resp = conn.urlopen(
           ^^^^^^^^^^^^^
  File "/opt/hostedtoolcache/Python/3.11.9/x64/lib/python3.11/site-packages/urllib3/connectionpool.py", line 801, in urlopen
    retries = retries.increment(
              ^^^^^^^^^^^^^^^^^^
  File "/opt/hostedtoolcache/Python/3.11.9/x64/lib/python3.11/site-packages/urllib3/util/retry.py", line 594, in increment
    raise MaxRetryError(_pool, url, error or ResponseError(cause))
urllib3.exceptions.MaxRetryError: HTTPSConnectionPool(host='ticket.lev.co.il', port=443): Max retries exceeded with url: /api/presentations?locationId=1150&includeSynopsis=0 (Caused by ProxyError('Cannot connect to proxy.', RemoteDisconnected('Remote end closed connection without response')))

During handling of the above exception, another exception occurred:

Traceback (most recent call last):
  File "/home/runner/work/Movie-Time-Server/Movie-Time-Server/main.py", line 56, in get_screenings_from_cinema
    return unsafe_get_screenings_from_cinema(get_screening, cinema, date, s)
           ^^^^^^^^^^^^^^^^^^^^^^^^^^^^^^^^^^^^^^^^^^^^^^^^^^^^^^^^^^^^^^^^^
  File "/opt/hostedtoolcache/Python/3.11.9/x64/lib/python3.11/site-packages/decorator.py", line 232, in fun
    return caller(func, *(extras + args), **kw)
           ^^^^^^^^^^^^^^^^^^^^^^^^^^^^^^^^^^^^
  File "/opt/hostedtoolcache/Python/3.11.9/x64/lib/python3.11/site-packages/retry/api.py", line 90, in retry_decorator
    return __retry_internal(partial(f, *args, **kwargs), exceptions, tries, delay, max_delay, backoff, jitter,
           ^^^^^^^^^^^^^^^^^^^^^^^^^^^^^^^^^^^^^^^^^^^^^^^^^^^^^^^^^^^^^^^^^^^^^^^^^^^^^^^^^^^^^^^^^^^^^^^^^^^
  File "/opt/hostedtoolcache/Python/3.11.9/x64/lib/python3.11/site-packages/retry/api.py", line 35, in __retry_internal
    return f()
           ^^^
  File "/home/runner/work/Movie-Time-Server/Movie-Time-Server/main.py", line 71, in unsafe_get_screenings_from_cinema
    screenings = get_screening(year, month, day, s)
                 ^^^^^^^^^^^^^^^^^^^^^^^^^^^^^^^^^^
  File "/home/runner/work/Movie-Time-Server/Movie-Time-Server/cinemas/lev.py", line 129, in get_screenings
    screenings.extend(get_by_location(location, date, format_date, ps))
                      ^^^^^^^^^^^^^^^^^^^^^^^^^^^^^^^^^^^^^^^^^^^^^^^^
  File "/home/runner/work/Movie-Time-Server/Movie-Time-Server/cinemas/lev.py", line 100, in get_by_location
    res = s.get(url, verify=False)
          ^^^^^^^^^^^^^^^^^^^^^^^^
  File "/opt/hostedtoolcache/Python/3.11.9/x64/lib/python3.11/site-packages/requests/sessions.py", line 602, in get
    return self.request("GET", url, **kwargs)
           ^^^^^^^^^^^^^^^^^^^^^^^^^^^^^^^^^^
  File "/opt/hostedtoolcache/Python/3.11.9/x64/lib/python3.11/site-packages/requests/sessions.py", line 589, in request
    resp = self.send(prep, **send_kwargs)
           ^^^^^^^^^^^^^^^^^^^^^^^^^^^^^^
  File "/opt/hostedtoolcache/Python/3.11.9/x64/lib/python3.11/site-packages/requests/sessions.py", line 703, in send
    r = adapter.send(request, **kwargs)
        ^^^^^^^^^^^^^^^^^^^^^^^^^^^^^^^
  File "/opt/hostedtoolcache/Python/3.11.9/x64/lib/python3.11/site-packages/requests/adapters.py", line 694, in send
    raise ProxyError(e, request=request)
requests.exceptions.ProxyError: HTTPSConnectionPool(host='ticket.lev.co.il', port=443): Max retries exceeded with url: /api/presentations?locationId=1150&includeSynopsis=0 (Caused by ProxyError('Cannot connect to proxy.', RemoteDisconnected('Remote end closed connection without response')))
2024-07-29 02:53:04,212 - cinemas.movieland - INFO - STARTED Movie Land
2024-07-29 02:53:04,212 - cinemas.movieland - INFO - STARTED Movie Land CARMIEL
2024-07-29 02:53:04,212 - cinemas.movieland - INFO - DONE Movie Land CARMIEL
2024-07-29 02:53:04,212 - cinemas.movieland - INFO - STARTED Movie Land HAIFA
2024-07-29 02:53:04,212 - cinemas.movieland - INFO - DONE Movie Land HAIFA
2024-07-29 02:53:04,213 - cinemas.movieland - INFO - STARTED Movie Land NATANYA
2024-07-29 02:53:04,213 - cinemas.movieland - INFO - DONE Movie Land NATANYA
2024-07-29 02:53:04,213 - cinemas.movieland - INFO - DONE Movie Land
2024-07-29 02:53:04,213 - retry.api - WARNING - AssertionError: movieland returned empty list in __main__.unsafe_get_screenings_from_cinema, retrying in 1 seconds...
2024-07-29 02:53:05,213 - cinemas.movieland - INFO - STARTED Movie Land
2024-07-29 02:53:05,213 - cinemas.movieland - INFO - STARTED Movie Land CARMIEL
2024-07-29 02:53:05,214 - cinemas.movieland - INFO - DONE Movie Land CARMIEL
2024-07-29 02:53:05,214 - cinemas.movieland - INFO - STARTED Movie Land HAIFA
2024-07-29 02:53:05,214 - cinemas.movieland - INFO - DONE Movie Land HAIFA
2024-07-29 02:53:05,214 - cinemas.movieland - INFO - STARTED Movie Land NATANYA
2024-07-29 02:53:05,214 - cinemas.movieland - INFO - DONE Movie Land NATANYA
2024-07-29 02:53:05,214 - cinemas.movieland - INFO - DONE Movie Land
2024-07-29 02:53:05,214 - retry.api - WARNING - AssertionError: movieland returned empty list in __main__.unsafe_get_screenings_from_cinema, retrying in 2 seconds...
2024-07-29 02:53:07,215 - cinemas.movieland - INFO - STARTED Movie Land
2024-07-29 02:53:07,215 - cinemas.movieland - INFO - STARTED Movie Land CARMIEL
2024-07-29 02:53:07,215 - cinemas.movieland - INFO - DONE Movie Land CARMIEL
2024-07-29 02:53:07,215 - cinemas.movieland - INFO - STARTED Movie Land HAIFA
2024-07-29 02:53:07,216 - cinemas.movieland - INFO - DONE Movie Land HAIFA
2024-07-29 02:53:07,216 - cinemas.movieland - INFO - STARTED Movie Land NATANYA
2024-07-29 02:53:07,216 - cinemas.movieland - INFO - DONE Movie Land NATANYA
2024-07-29 02:53:07,216 - cinemas.movieland - INFO - DONE Movie Land
2024-07-29 02:53:07,216 - root - ERROR - movieland crashed: movieland returned empty list
2024-07-29 02:53:08,067 - seret.movie_info_fetchers.composite - INFO - Got info for   using ElasticMovieInfoFetcher
2024-07-29 02:53:09,170 - seret.movie_info_fetchers.composite - INFO - Got info for Deadpool and Wolverine using ElasticMovieInfoFetcher
2024-07-29 02:53:10,521 - seret.movie_info_fetchers.composite - INFO - Got info for   using ElasticMovieInfoFetcher
2024-07-29 02:53:11,135 - seret.movie_info_fetchers.composite - INFO - Got info for Imaginary Friends using ElasticMovieInfoFetcher
2024-07-29 02:53:12,186 - seret.movie_info_fetchers.composite - INFO - Got info for  :   using ElasticMovieInfoFetcher
2024-07-29 02:53:12,743 - seret.movie_info_fetchers.composite - INFO - Got info for Puffin Rock and the New Friends using ElasticMovieInfoFetcher
2024-07-29 02:53:13,381 - seret.movie_info_fetchers.composite - INFO - Got info for    using ElasticMovieInfoFetcher
2024-07-29 02:53:13,913 - seret.movie_info_fetchers.composite - INFO - Got info for Despicable Me 4 using ElasticMovieInfoFetcher
2024-07-29 02:53:15,942 - seret.movie_info_fetchers.composite - INFO - Got info for  using ElasticMovieInfoFetcher
2024-07-29 02:53:16,654 - seret.movie_info_fetchers.composite - INFO - Got info for Reality using ElasticMovieInfoFetcher
2024-07-29 02:53:17,331 - seret.movie_info_fetchers.composite - INFO - Got info for   2 using ElasticMovieInfoFetcher
2024-07-29 02:53:17,933 - seret.movie_info_fetchers.composite - INFO - Got info for Inside out 2 using ElasticMovieInfoFetcher
2024-07-29 02:53:19,500 - seret.movie_info_fetchers.composite - INFO - Got info for  :  using ElasticMovieInfoFetcher
2024-07-29 02:53:22,490 - seret.movie_info_fetchers.composite - INFO - Got info for Super Wings the movie: Maximum Speed using ElasticMovieInfoFetcher
2024-07-29 02:53:23,747 - seret.movie_info_fetchers.composite - INFO - Got info for    using ElasticMovieInfoFetcher
2024-07-29 02:53:23,766 - seret.movie_info_fetchers.composite - INFO - Got info for Noahs Ark using ElasticMovieInfoFetcher
2024-07-29 02:53:24,628 - seret.movie_info_fetchers.composite - INFO - Got info for  using ElasticMovieInfoFetcher
2024-07-29 02:53:24,647 - seret.movie_info_fetchers.composite - INFO - Got info for The Garfield Movie using ElasticMovieInfoFetcher
2024-07-29 02:53:24,660 - seret.movie_info_fetchers.composite - INFO - Got info for   using ElasticMovieInfoFetcher
2024-07-29 02:53:24,673 - seret.movie_info_fetchers.composite - INFO - Got info for The Sixth Child using ElasticMovieInfoFetcher
2024-07-29 02:53:24,674 - seret.info_fetcher - ERROR - Failed to get info for The Sixth Child and  
2024-07-29 02:53:26,696 - seret.movie_info_fetchers.composite - INFO - Got info for Blue Lock: Episode Nagi using ElasticMovieInfoFetcher
2024-07-29 02:53:28,095 - seret.movie_info_fetchers.composite - INFO - Got info for   using ElasticMovieInfoFetcher
2024-07-29 02:53:33,806 - seret.movie_info_fetchers.composite - INFO - Got info for Firebrand using ElasticMovieInfoFetcher
2024-07-29 02:53:35,299 - seret.movie_info_fetchers.composite - INFO - Got info for   using ElasticMovieInfoFetcher
2024-07-29 02:53:36,221 - seret.movie_info_fetchers.composite - INFO - Got info for Cat's Luck using ElasticMovieInfoFetcher
2024-07-29 02:53:37,433 - seret.movie_info_fetchers.composite - INFO - Got info for    using ElasticMovieInfoFetcher
2024-07-29 02:53:39,148 - seret.movie_info_fetchers.composite - INFO - Got info for Fly Me to the Moon using ElasticMovieInfoFetcher
2024-07-29 02:53:41,007 - seret.movie_info_fetchers.composite - INFO - Got info for    using ElasticMovieInfoFetcher
2024-07-29 02:53:41,565 - seret.movie_info_fetchers.composite - INFO - Got info for A Great Friend using ElasticMovieInfoFetcher
2024-07-29 02:53:42,425 - seret.movie_info_fetchers.composite - INFO - Got info for Haikyu!!: The Dumpster Battle using ElasticMovieInfoFetcher
2024-07-29 02:53:43,874 - seret.movie_info_fetchers.composite - INFO - Got info for  :  using ElasticMovieInfoFetcher
2024-07-29 02:53:43,880 - seret.movie_info_fetchers.composite - INFO - Got info for Golstar using ElasticMovieInfoFetcher
2024-07-29 02:53:46,024 - seret.movie_info_fetchers.composite - INFO - Got info for    using ElasticMovieInfoFetcher
2024-07-29 02:53:46,596 - seret.movie_info_fetchers.composite - INFO - Got info for The Crime is Mine using ElasticMovieInfoFetcher
2024-07-29 02:53:48,541 - imdb_api - ERROR - id='tt27518625', movie='Fallen Leaves'
Traceback (most recent call last):
  File "/home/runner/work/Movie-Time-Server/Movie-Time-Server/seret/movie_raters/imdb_api.py", line 67, in get_imdb_rating
    return info["aggregateRating"]['ratingValue']
           ~~~~^^^^^^^^^^^^^^^^^^^
KeyError: 'aggregateRating'
2024-07-29 02:53:48,541 - seret.movie_raters.composite - WARNING - Failed to get rating for Fallen Leaves
2024-07-29 02:53:48,673 - seret.movie_raters.composite - WARNING - Failed to get rating for  
2024-07-29 02:53:48,674 - seret.movie_info_fetchers.composite - INFO - Got info for   using ElasticMovieInfoFetcher
2024-07-29 02:53:49,204 - imdb_api - ERROR - id='tt27518625', movie='Fallen Leaves'
Traceback (most recent call last):
  File "/home/runner/work/Movie-Time-Server/Movie-Time-Server/seret/movie_raters/imdb_api.py", line 67, in get_imdb_rating
    return info["aggregateRating"]['ratingValue']
           ~~~~^^^^^^^^^^^^^^^^^^^
KeyError: 'aggregateRating'
2024-07-29 02:53:49,205 - seret.movie_raters.composite - WARNING - Failed to get rating for Fallen Leaves
2024-07-29 02:53:49,213 - seret.movie_raters.composite - WARNING - Failed to get rating for  
2024-07-29 02:53:49,213 - seret.movie_info_fetchers.composite - INFO - Got info for Fallen Leaves using ElasticMovieInfoFetcher
2024-07-29 02:53:50,664 - imdb_api - ERROR - id='tt27903484', movie='On the wandering paths'
Traceback (most recent call last):
  File "/home/runner/work/Movie-Time-Server/Movie-Time-Server/seret/movie_raters/imdb_api.py", line 67, in get_imdb_rating
    return info["aggregateRating"]['ratingValue']
           ~~~~^^^^^^^^^^^^^^^^^^^
KeyError: 'aggregateRating'
2024-07-29 02:53:50,664 - seret.movie_raters.composite - WARNING - Failed to get rating for On the wandering paths
2024-07-29 02:53:50,936 - seret.movie_raters.composite - WARNING - Failed to get rating for   
2024-07-29 02:53:50,936 - seret.movie_info_fetchers.composite - INFO - Got info for    using ElasticMovieInfoFetcher
2024-07-29 02:53:51,424 - imdb_api - ERROR - id='tt27903484', movie='On the wandering paths'
Traceback (most recent call last):
  File "/home/runner/work/Movie-Time-Server/Movie-Time-Server/seret/movie_raters/imdb_api.py", line 67, in get_imdb_rating
    return info["aggregateRating"]['ratingValue']
           ~~~~^^^^^^^^^^^^^^^^^^^
KeyError: 'aggregateRating'
2024-07-29 02:53:51,424 - seret.movie_raters.composite - WARNING - Failed to get rating for On the wandering paths
2024-07-29 02:53:51,433 - seret.movie_raters.composite - WARNING - Failed to get rating for   
2024-07-29 02:53:51,433 - seret.movie_info_fetchers.composite - INFO - Got info for On the wondering paths using ElasticMovieInfoFetcher
2024-07-29 02:53:52,856 - seret.movie_info_fetchers.composite - INFO - Got info for  using ElasticMovieInfoFetcher
2024-07-29 02:53:53,362 - seret.movie_info_fetchers.composite - INFO - Got info for Tatami using ElasticMovieInfoFetcher
2024-07-29 02:53:54,186 - seret.movie_info_fetchers.composite - INFO - Got info for  :    using ElasticMovieInfoFetcher
2024-07-29 02:53:54,747 - seret.movie_info_fetchers.composite - INFO - Got info for Bad Boys: Ride or Die using ElasticMovieInfoFetcher
2024-07-29 02:53:54,758 - seret.movie_info_fetchers.composite - INFO - Got info for   ' -   using ElasticMovieInfoFetcher
2024-07-29 02:53:54,758 - seret.info_fetcher - ERROR - Failed to get info for   ' -   and   ' -  
2024-07-29 02:53:55,631 - seret.movie_info_fetchers.composite - INFO - Got info for  using ElasticMovieInfoFetcher
2024-07-29 02:53:56,126 - seret.movie_info_fetchers.composite - INFO - Got info for The Bricklayer using ElasticMovieInfoFetcher
2024-07-29 02:53:56,823 - seret.movie_info_fetchers.composite - INFO - Got info for Longlegs using ElasticMovieInfoFetcher
2024-07-29 02:53:57,349 - seret.movie_info_fetchers.composite - INFO - Got info for  using ElasticMovieInfoFetcher
2024-07-29 02:53:57,360 - seret.movie_info_fetchers.composite - INFO - Got info for Twisters using ElasticMovieInfoFetcher
2024-07-29 02:53:57,366 - seret.movie_info_fetchers.composite - INFO - Got info for  using ElasticMovieInfoFetcher
2024-07-29 02:53:58,831 - seret.movie_info_fetchers.composite - INFO - Got info for Kisufim using ElasticMovieInfoFetcher
2024-07-29 02:54:00,158 - seret.movie_info_fetchers.composite - INFO - Got info for  using ElasticMovieInfoFetcher
2024-07-29 02:54:00,722 - seret.movie_info_fetchers.composite - INFO - Got info for Hemda using ElasticMovieInfoFetcher
2024-07-29 02:54:01,718 - seret.movie_info_fetchers.composite - INFO - Got info for    using ElasticMovieInfoFetcher
2024-07-29 02:54:02,483 - seret.movie_info_fetchers.composite - INFO - Got info for Anatomy of a fall using ElasticMovieInfoFetcher
2024-07-29 02:54:04,747 - seret.movie_info_fetchers.composite - INFO - Got info for  :   using ElasticMovieInfoFetcher
2024-07-29 02:54:05,418 - seret.movie_info_fetchers.composite - INFO - Got info for A Quiet Place: Day One using ElasticMovieInfoFetcher
2024-07-29 02:54:06,590 - seret.movie_info_fetchers.composite - INFO - Got info for   using ElasticMovieInfoFetcher
2024-07-29 02:54:07,800 - seret.movie_info_fetchers.composite - INFO - Got info for Migration using ElasticMovieInfoFetcher
2024-07-29 02:54:08,958 - seret.movie_info_fetchers.composite - INFO - Got info for    using ElasticMovieInfoFetcher
2024-07-29 02:54:08,970 - seret.movie_info_fetchers.composite - INFO - Got info for The Watchers using ElasticMovieInfoFetcher
2024-07-29 02:54:10,556 - seret.movie_info_fetchers.composite - INFO - Got info for     using ElasticMovieInfoFetcher
2024-07-29 02:54:10,566 - seret.movie_info_fetchers.composite - INFO - Got info for Cat and Dog using ElasticMovieInfoFetcher
2024-07-29 02:54:11,737 - seret.movie_info_fetchers.composite - INFO - Got info for  '  ' using ElasticMovieInfoFetcher
2024-07-29 02:54:13,818 - seret.movie_info_fetchers.composite - INFO - Got info for The Jungle Bunch 2 using ElasticMovieInfoFetcher
2024-07-29 02:54:13,829 - seret.movie_info_fetchers.composite - INFO - Got info for  -  using ElasticMovieInfoFetcher
2024-07-29 02:54:13,845 - seret.movie_info_fetchers.composite - INFO - Got info for The Garfield Movie using ElasticMovieInfoFetcher
2024-07-29 02:54:13,846 - seret.info_fetcher - ERROR - Failed to get info for The Garfield Movie and  - 
2024-07-29 02:54:14,386 - seret.movie_info_fetchers.composite - INFO - Got info for  &  using ElasticMovieInfoFetcher
2024-07-29 02:54:17,055 - seret.movie_info_fetchers.composite - INFO - Got info for Deadpool & Wolverine using ElasticMovieInfoFetcher
2024-07-29 02:54:17,697 - seret.movie_info_fetchers.composite - INFO - Got info for Inside Out 2 using ElasticMovieInfoFetcher
2024-07-29 02:54:18,399 - seret.movie_info_fetchers.composite - INFO - Got info for    using ElasticMovieInfoFetcher
2024-07-29 02:54:18,409 - seret.movie_info_fetchers.composite - INFO - Got info for Noah's Ark using ElasticMovieInfoFetcher
2024-07-29 02:54:19,112 - seret.movie_info_fetchers.composite - INFO - Got info for Imaginary Friends (IF using ElasticMovieInfoFetcher
2024-07-29 02:54:19,568 - seret.movie_info_fetchers.composite - INFO - Got info for TATAMI using ElasticMovieInfoFetcher
2024-07-29 02:54:20,064 - seret.movie_info_fetchers.composite - INFO - Got info for Mazal Hutula using ElasticMovieInfoFetcher
2024-07-29 02:54:21,076 - seret.movie_info_fetchers.composite - INFO - Got info for    4 using ElasticMovieInfoFetcher
2024-07-29 02:54:21,709 - seret.movie_info_fetchers.composite - INFO - Got info for Kung Fu Panda 4 using ElasticMovieInfoFetcher
2024-07-29 02:54:22,347 - seret.movie_info_fetchers.composite - INFO - Got info for    using ElasticMovieInfoFetcher
2024-07-29 02:54:22,841 - seret.movie_info_fetchers.composite - INFO - Got info for Bad Newz using ElasticMovieInfoFetcher
2024-07-29 02:54:24,293 - seret.movie_info_fetchers.composite - INFO - Got info for ' using ElasticMovieInfoFetcher
2024-07-29 02:54:25,617 - seret.movie_info_fetchers.composite - INFO - Got info for Ajoomma using ElasticMovieInfoFetcher
2024-07-29 02:54:26,187 - seret.movie_info_fetchers.composite - INFO - Got info for DESPICABLE ME 4 using ElasticMovieInfoFetcher
2024-07-29 02:54:27,360 - seret.movie_info_fetchers.composite - INFO - Got info for Les Choses Simples using ElasticMovieInfoFetcher
2024-07-29 02:54:28,012 - seret.movie_info_fetchers.composite - INFO - Got info for Fly me to the moon using ElasticMovieInfoFetcher
2024-07-29 02:54:28,995 - imdb_api - ERROR - id='tt31464984', movie='The Bikeriders'
Traceback (most recent call last):
  File "/home/runner/work/Movie-Time-Server/Movie-Time-Server/seret/movie_raters/imdb_api.py", line 67, in get_imdb_rating
    return info["aggregateRating"]['ratingValue']
           ~~~~^^^^^^^^^^^^^^^^^^^
KeyError: 'aggregateRating'
2024-07-29 02:54:28,996 - seret.movie_raters.composite - WARNING - Failed to get rating for The Bikeriders
2024-07-29 02:54:29,243 - seret.movie_raters.composite - WARNING - Failed to get rating for  
2024-07-29 02:54:29,243 - seret.movie_info_fetchers.composite - INFO - Got info for   using ElasticMovieInfoFetcher
2024-07-29 02:54:29,634 - imdb_api - ERROR - id='tt31464984', movie='The Bikeriders'
Traceback (most recent call last):
  File "/home/runner/work/Movie-Time-Server/Movie-Time-Server/seret/movie_raters/imdb_api.py", line 67, in get_imdb_rating
    return info["aggregateRating"]['ratingValue']
           ~~~~^^^^^^^^^^^^^^^^^^^
KeyError: 'aggregateRating'
2024-07-29 02:54:29,635 - seret.movie_raters.composite - WARNING - Failed to get rating for The Bikeriders
2024-07-29 02:54:29,644 - seret.movie_raters.composite - WARNING - Failed to get rating for  
2024-07-29 02:54:29,644 - seret.movie_info_fetchers.composite - INFO - Got info for The Bikeriders using ElasticMovieInfoFetcher
2024-07-29 02:54:30,338 - seret.movie_info_fetchers.composite - INFO - Got info for Despicable Me 4 Dubbed using ElasticMovieInfoFetcher
2024-07-29 02:54:31,327 - seret.movie_info_fetchers.composite - INFO - Got info for Super Wings the movie: Maximum Speed Dubbed using ElasticMovieInfoFetcher
2024-07-29 02:54:31,778 - seret.movie_info_fetchers.composite - INFO - Got info for Inside out 2 Dubbed using ElasticMovieInfoFetcher
2024-07-29 02:54:33,302 - seret.movie_info_fetchers.composite - INFO - Got info for    using ElasticMovieInfoFetcher
2024-07-29 02:54:33,914 - seret.movie_info_fetchers.composite - INFO - Got info for About Dry Grasses using ElasticMovieInfoFetcher
2024-07-29 02:54:34,549 - seret.movie_info_fetchers.composite - INFO - Got info for   using ElasticMovieInfoFetcher
2024-07-29 02:54:34,563 - seret.movie_info_fetchers.composite - INFO - Got info for Perfect Days using ElasticMovieInfoFetcher
2024-07-29 02:54:35,928 - seret.movie_info_fetchers.composite - INFO - Got info for    using ElasticMovieInfoFetcher
2024-07-29 02:54:36,537 - seret.movie_info_fetchers.composite - INFO - Got info for Deadpool & Wolverine Rus using ElasticMovieInfoFetcher
2024-07-29 02:54:37,025 - seret.movie_info_fetchers.composite - INFO - Got info for   -  using ElasticMovieInfoFetcher
2024-07-29 02:54:37,032 - seret.movie_info_fetchers.composite - INFO - Got info for Golstar using ElasticMovieInfoFetcher
2024-07-29 02:54:38,003 - seret.movie_info_fetchers.composite - INFO - Got info for    using ElasticMovieInfoFetcher
2024-07-29 02:54:38,607 - seret.movie_info_fetchers.composite - INFO - Got info for Arcadian using ElasticMovieInfoFetcher
2024-07-29 02:54:39,189 - seret.movie_info_fetchers.composite - INFO - Got info for Super Wings the Movie: Maximum Speed using ElasticMovieInfoFetcher
2024-07-29 02:54:39,195 - seret.movie_info_fetchers.composite - INFO - Got info for If using ElasticMovieInfoFetcher
2024-07-29 02:54:39,700 - seret.movie_info_fetchers.composite - INFO - Got info for   -   using ElasticMovieInfoFetcher
2024-07-29 02:54:40,590 - seret.movie_info_fetchers.composite - INFO - Got info for Puffin Rock and the New Friends using ElasticMovieInfoFetcher
2024-07-29 02:54:41,017 - imdb_api - ERROR - id='tt27903484', movie='On the wandering paths'
Traceback (most recent call last):
  File "/home/runner/work/Movie-Time-Server/Movie-Time-Server/seret/movie_raters/imdb_api.py", line 67, in get_imdb_rating
    return info["aggregateRating"]['ratingValue']
           ~~~~^^^^^^^^^^^^^^^^^^^
KeyError: 'aggregateRating'
2024-07-29 02:54:41,017 - seret.movie_raters.composite - WARNING - Failed to get rating for On the wandering paths
2024-07-29 02:54:41,023 - seret.movie_raters.composite - WARNING - Failed to get rating for   
2024-07-29 02:54:41,023 - seret.movie_info_fetchers.composite - INFO - Got info for On the wandering paths using ElasticMovieInfoFetcher
2024-07-29 02:54:41,594 - seret.movie_raters.composite - WARNING - Failed to get rating for Midlife
2024-07-29 02:54:41,805 - seret.movie_raters.composite - WARNING - Failed to get rating for  
2024-07-29 02:54:41,805 - seret.movie_info_fetchers.composite - INFO - Got info for   using ElasticMovieInfoFetcher
2024-07-29 02:54:41,819 - seret.movie_raters.composite - WARNING - Failed to get rating for Midlife
2024-07-29 02:54:41,828 - seret.movie_raters.composite - WARNING - Failed to get rating for  
2024-07-29 02:54:41,828 - seret.movie_info_fetchers.composite - INFO - Got info for Midlife using ElasticMovieInfoFetcher
2024-07-29 02:54:43,551 - seret.movie_info_fetchers.composite - INFO - Got info for   using ElasticMovieInfoFetcher
2024-07-29 02:54:43,558 - seret.movie_info_fetchers.composite - INFO - Got info for Treasure using ElasticMovieInfoFetcher
2024-07-29 02:54:44,673 - seret.movie_info_fetchers.composite - INFO - Got info for  " using ElasticMovieInfoFetcher
2024-07-29 02:54:45,228 - seret.movie_info_fetchers.composite - INFO - Got info for Weekend Rebels using ElasticMovieInfoFetcher
2024-07-29 02:54:46,372 - seret.movie_info_fetchers.composite - INFO - Got info for   using ElasticMovieInfoFetcher
2024-07-29 02:54:47,593 - seret.movie_info_fetchers.composite - INFO - Got info for The Good Mother using ElasticMovieInfoFetcher
2024-07-29 02:54:47,602 - seret.movie_info_fetchers.composite - INFO - Got info for   using ElasticMovieInfoFetcher
2024-07-29 02:54:47,613 - seret.movie_info_fetchers.composite - INFO - Got info for The Great Escaper using ElasticMovieInfoFetcher
2024-07-29 02:54:47,613 - seret.info_fetcher - ERROR - Failed to get info for The Great Escaper and  
2024-07-29 02:54:47,621 - seret.movie_info_fetchers.composite - INFO - Got info for   using ElasticMovieInfoFetcher
2024-07-29 02:54:48,326 - seret.movie_info_fetchers.composite - INFO - Got info for Ezra using ElasticMovieInfoFetcher
2024-07-29 02:54:49,406 - seret.movie_info_fetchers.composite - INFO - Got info for   10  using ElasticMovieInfoFetcher
2024-07-29 02:54:49,827 - seret.movie_info_fetchers.composite - INFO - Got info for 10 lives using ElasticMovieInfoFetcher
2024-07-29 02:54:51,031 - seret.movie_info_fetchers.composite - INFO - Got info for  using ElasticMovieInfoFetcher
2024-07-29 02:54:52,131 - seret.movie_info_fetchers.composite - INFO - Got info for The Fox using ElasticMovieInfoFetcher
2024-07-29 02:54:53,723 - seret.movie_info_fetchers.composite - INFO - Got info for   +   using ElasticMovieInfoFetcher
2024-07-29 02:54:55,054 - seret.movie_info_fetchers.composite - INFO - Got info for Capoeira Special Event using ElasticMovieInfoFetcher
2024-07-29 02:54:57,477 - seret.movie_info_fetchers.composite - INFO - Got info for    +  using ElasticMovieInfoFetcher
2024-07-29 02:54:57,971 - seret.movie_info_fetchers.composite - INFO - Got info for There's Still Tomorrow using ElasticMovieInfoFetcher
2024-07-29 02:55:00,518 - imdb_api - ERROR - id='tt27903484', movie='On the wandering paths'
Traceback (most recent call last):
  File "/home/runner/work/Movie-Time-Server/Movie-Time-Server/seret/movie_raters/imdb_api.py", line 67, in get_imdb_rating
    return info["aggregateRating"]['ratingValue']
           ~~~~^^^^^^^^^^^^^^^^^^^
KeyError: 'aggregateRating'
2024-07-29 02:55:00,518 - seret.movie_raters.composite - WARNING - Failed to get rating for On the wandering paths
2024-07-29 02:55:00,524 - seret.movie_raters.composite - WARNING - Failed to get rating for   
2024-07-29 02:55:00,524 - seret.movie_info_fetchers.composite - INFO - Got info for On the Wandering Paths using ElasticMovieInfoFetcher
2024-07-29 02:55:02,098 - seret.movie_info_fetchers.composite - INFO - Got info for Bliss using ElasticMovieInfoFetcher
2024-07-29 02:55:03,019 - seret.movie_info_fetchers.composite - INFO - Got info for    -    using ElasticMovieInfoFetcher
2024-07-29 02:55:03,782 - seret.movie_info_fetchers.composite - INFO - Got info for Fly Me to the Moon using ElasticMovieInfoFetcher
2024-07-29 02:55:05,343 - seret.movie_info_fetchers.composite - INFO - Got info for :   +   using ElasticMovieInfoFetcher
2024-07-29 02:55:05,917 - seret.movie_info_fetchers.composite - INFO - Got info for TABOO  Amos Guttman using ElasticMovieInfoFetcher
2024-07-29 02:55:06,845 - seret.movie_info_fetchers.composite - INFO - Got info for   -   2 using ElasticMovieInfoFetcher
2024-07-29 02:55:07,371 - seret.movie_info_fetchers.composite - INFO - Got info for Inside out 2 Dubbed using ElasticMovieInfoFetcher
2024-07-29 02:55:08,624 - seret.movie_info_fetchers.composite - INFO - Got info for   -   using ElasticMovieInfoFetcher
2024-07-29 02:55:09,827 - seret.movie_info_fetchers.composite - INFO - Got info for   using ElasticMovieInfoFetcher
2024-07-29 02:55:11,341 - seret.movie_info_fetchers.composite - INFO - Got info for Comedy Bar using ElasticMovieInfoFetcher
2024-07-29 02:55:12,177 - seret.movie_info_fetchers.composite - INFO - Got info for      using ElasticMovieInfoFetcher
2024-07-29 02:55:13,920 - seret.movie_info_fetchers.composite - INFO - Got info for   using ElasticMovieInfoFetcher
2024-07-29 02:55:14,438 - seret.movie_info_fetchers.composite - INFO - Got info for The Monk And The Gun using ElasticMovieInfoFetcher
2024-07-29 02:55:14,438 - seret.info_fetcher - ERROR - Failed to get info for 4 movies: [{'date': '29-07-2024', 'cinema': ' ', 'location': ' ', 'district': ' ', 'title': ' ', 'eng_title': 'The Sixth Child', 'type': '2D', 'time': '13:10', 'link': 'https://tickets3.planetcinema.co.il/site/1072?code=1072-46712&languageId=he-IL&saleChannelCode=web', 'coords': (31.9798, 34.7475), 'dubbed': False}, {'date': '29-07-2024', 'cinema': ' ', 'location': ' ', 'district': ' ', 'title': "  ' -  ", 'eng_title': "  ' -  ", 'type': '2D', 'time': '19:00', 'link': 'https://tickets3.planetcinema.co.il/site/1072?code=1072-39327&languageId=he-IL&saleChannelCode=web', 'coords': (31.9798, 34.7475), 'dubbed': False}, {'date': '29-07-2024', 'cinema': ' ', 'location': '', 'district': '', 'title': ' - ', 'eng_title': 'The Garfield Movie', 'type': '2D', 'time': '10:50', 'link': 'https://hotcinema.co.il/order?theaterId=1&eventId=22564&site=undefined', 'coords': (31.889, 34.9634), 'dubbed': True}, {'date': '30-07-2024', 'cinema': ' ', 'location': '', 'district': '', 'title': ' ', 'eng_title': 'The Great Escaper', 'type': '2D', 'time': '11:00', 'link': 'https://hotcinema.co.il/order?theaterId=9&eventId=36903&site=undefined', 'coords': (32.7896, 35.0071), 'dubbed': False}]
2024-07-29 02:55:14,532 - root - INFO - 4299
