2024-04-27 02:34:12,831 - root - INFO - ********************
2024-04-27 02:34:12,831 - root - INFO - started checking for:27-04-2024
2024-04-27 02:34:12,831 - cinemas.yes_planet - INFO - STARTED YES PLANET
2024-04-27 02:34:12,831 - cinemas.yes_planet - INFO - STARTED YES PLANET RISHON
2024-04-27 02:34:51,624 - cinemas.yes_planet - INFO - DONE YES PLANET RISHON
2024-04-27 02:34:51,625 - cinemas.yes_planet - INFO - STARTED YES PLANET AYALON
2024-04-27 02:34:53,981 - cinemas.yes_planet - INFO - DONE YES PLANET AYALON
2024-04-27 02:34:53,981 - cinemas.yes_planet - INFO - STARTED YES PLANET ZICHRON
2024-04-27 02:34:55,888 - cinemas.yes_planet - INFO - DONE YES PLANET ZICHRON
2024-04-27 02:34:55,889 - cinemas.yes_planet - INFO - STARTED YES PLANET HAIFA
2024-04-27 02:35:07,369 - cinemas.yes_planet - INFO - DONE YES PLANET HAIFA
2024-04-27 02:35:07,370 - cinemas.yes_planet - INFO - STARTED YES PLANET JERUSALEM
2024-04-27 02:35:10,883 - cinemas.yes_planet - INFO - DONE YES PLANET JERUSALEM
2024-04-27 02:35:10,884 - cinemas.yes_planet - INFO - STARTED YES PLANET BEER_SHEVA
2024-04-27 02:35:11,968 - cinemas.yes_planet - INFO - DONE YES PLANET BEER_SHEVA
2024-04-27 02:35:11,968 - cinemas.yes_planet - INFO - DONE YES PLANET
2024-04-27 02:35:11,968 - cinemas.yes_planet - INFO - STARTED YES PLANET
2024-04-27 02:35:11,968 - cinemas.yes_planet - INFO - STARTED YES PLANET RISHON
2024-04-27 02:35:11,995 - cinemas.yes_planet - INFO - DONE YES PLANET RISHON
2024-04-27 02:35:11,996 - cinemas.yes_planet - INFO - STARTED YES PLANET AYALON
2024-04-27 02:35:12,022 - cinemas.yes_planet - INFO - DONE YES PLANET AYALON
2024-04-27 02:35:12,022 - cinemas.yes_planet - INFO - STARTED YES PLANET ZICHRON
2024-04-27 02:35:12,046 - cinemas.yes_planet - INFO - DONE YES PLANET ZICHRON
2024-04-27 02:35:12,047 - cinemas.yes_planet - INFO - STARTED YES PLANET HAIFA
2024-04-27 02:35:12,071 - cinemas.yes_planet - INFO - DONE YES PLANET HAIFA
2024-04-27 02:35:12,072 - cinemas.yes_planet - INFO - STARTED YES PLANET JERUSALEM
2024-04-27 02:35:12,094 - cinemas.yes_planet - INFO - DONE YES PLANET JERUSALEM
2024-04-27 02:35:12,094 - cinemas.yes_planet - INFO - STARTED YES PLANET BEER_SHEVA
2024-04-27 02:35:12,120 - cinemas.yes_planet - INFO - DONE YES PLANET BEER_SHEVA
2024-04-27 02:35:12,120 - cinemas.yes_planet - INFO - DONE YES PLANET
2024-04-27 02:35:12,121 - cinemas.rav_hen - INFO - STARTED RAV HEN
2024-04-27 02:35:12,121 - cinemas.rav_hen - INFO - STARTED RAV HEN GIVATAIM
2024-04-27 02:35:27,474 - cinemas.rav_hen - INFO - DONE RAV HEN GIVATAIM
2024-04-27 02:35:27,474 - cinemas.rav_hen - INFO - STARTED RAV HEN DIZINGOF
2024-04-27 02:35:28,257 - cinemas.rav_hen - INFO - DONE RAV HEN DIZINGOF
2024-04-27 02:35:28,257 - cinemas.rav_hen - INFO - STARTED RAV HEN MODIIN
2024-04-27 02:35:28,938 - cinemas.rav_hen - INFO - DONE RAV HEN MODIIN
2024-04-27 02:35:28,938 - cinemas.rav_hen - INFO - STARTED RAV HEN KIRYAT_ONO
2024-04-27 02:35:30,536 - cinemas.rav_hen - INFO - DONE RAV HEN KIRYAT_ONO
2024-04-27 02:35:30,536 - cinemas.rav_hen - INFO - DONE RAV HEN
2024-04-27 02:35:30,536 - cinemas.rav_hen - INFO - STARTED RAV HEN
2024-04-27 02:35:30,536 - cinemas.rav_hen - INFO - STARTED RAV HEN GIVATAIM
2024-04-27 02:35:30,561 - cinemas.rav_hen - INFO - DONE RAV HEN GIVATAIM
2024-04-27 02:35:30,561 - cinemas.rav_hen - INFO - STARTED RAV HEN DIZINGOF
2024-04-27 02:35:30,599 - cinemas.rav_hen - INFO - DONE RAV HEN DIZINGOF
2024-04-27 02:35:30,599 - cinemas.rav_hen - INFO - STARTED RAV HEN MODIIN
2024-04-27 02:35:30,619 - cinemas.rav_hen - INFO - DONE RAV HEN MODIIN
2024-04-27 02:35:30,619 - cinemas.rav_hen - INFO - STARTED RAV HEN KIRYAT_ONO
2024-04-27 02:35:30,638 - cinemas.rav_hen - INFO - DONE RAV HEN KIRYAT_ONO
2024-04-27 02:35:30,638 - cinemas.rav_hen - INFO - DONE RAV HEN
2024-04-27 02:35:30,638 - cinemas.hot_cinema - INFO - STARTED HOT CINEMA
2024-04-27 02:35:30,638 - cinemas.hot_cinema - INFO - STARTED HOT CINEMA MODIIN
2024-04-27 02:35:50,378 - cinemas.hot_cinema - INFO - DONE HOT CINEMA MODIIN
2024-04-27 02:35:50,378 - cinemas.hot_cinema - INFO - STARTED HOT CINEMA KIRYON
2024-04-27 02:35:58,416 - cinemas.hot_cinema - INFO - DONE HOT CINEMA KIRYON
2024-04-27 02:35:58,416 - cinemas.hot_cinema - INFO - STARTED HOT CINEMA KFAR_SABBA
2024-04-27 02:35:58,640 - cinemas.hot_cinema - INFO - DONE HOT CINEMA KFAR_SABBA
2024-04-27 02:35:58,640 - cinemas.hot_cinema - INFO - STARTED HOT CINEMA HAIFA
2024-04-27 02:36:01,654 - cinemas.hot_cinema - INFO - DONE HOT CINEMA HAIFA
2024-04-27 02:36:01,654 - cinemas.hot_cinema - INFO - STARTED HOT CINEMA PETACH_TIKVA
2024-04-27 02:36:01,870 - cinemas.hot_cinema - INFO - DONE HOT CINEMA PETACH_TIKVA
2024-04-27 02:36:01,870 - cinemas.hot_cinema - INFO - STARTED HOT CINEMA RECHOVOT
2024-04-27 02:36:02,086 - cinemas.hot_cinema - INFO - DONE HOT CINEMA RECHOVOT
2024-04-27 02:36:02,086 - cinemas.hot_cinema - INFO - STARTED HOT CINEMA ASHKELON
2024-04-27 02:36:02,302 - cinemas.hot_cinema - INFO - DONE HOT CINEMA ASHKELON
2024-04-27 02:36:02,302 - cinemas.hot_cinema - INFO - STARTED HOT CINEMA KARMIEL
2024-04-27 02:36:02,517 - cinemas.hot_cinema - INFO - DONE HOT CINEMA KARMIEL
2024-04-27 02:36:02,517 - cinemas.hot_cinema - INFO - STARTED HOT CINEMA NAHARIA
2024-04-27 02:36:02,733 - cinemas.hot_cinema - INFO - DONE HOT CINEMA NAHARIA
2024-04-27 02:36:02,733 - cinemas.hot_cinema - INFO - STARTED HOT CINEMA ASHDOD
2024-04-27 02:36:03,650 - cinemas.hot_cinema - INFO - DONE HOT CINEMA ASHDOD
2024-04-27 02:36:03,650 - cinemas.hot_cinema - INFO - DONE HOT CINEMA
2024-04-27 02:36:03,650 - cinemas.hot_cinema - INFO - STARTED HOT CINEMA
2024-04-27 02:36:03,650 - cinemas.hot_cinema - INFO - STARTED HOT CINEMA MODIIN
2024-04-27 02:36:03,867 - cinemas.hot_cinema - INFO - DONE HOT CINEMA MODIIN
2024-04-27 02:36:03,867 - cinemas.hot_cinema - INFO - STARTED HOT CINEMA KIRYON
2024-04-27 02:36:04,085 - cinemas.hot_cinema - INFO - DONE HOT CINEMA KIRYON
2024-04-27 02:36:04,086 - cinemas.hot_cinema - INFO - STARTED HOT CINEMA KFAR_SABBA
2024-04-27 02:36:04,303 - cinemas.hot_cinema - INFO - DONE HOT CINEMA KFAR_SABBA
2024-04-27 02:36:04,303 - cinemas.hot_cinema - INFO - STARTED HOT CINEMA HAIFA
2024-04-27 02:36:04,524 - cinemas.hot_cinema - INFO - DONE HOT CINEMA HAIFA
2024-04-27 02:36:04,524 - cinemas.hot_cinema - INFO - STARTED HOT CINEMA PETACH_TIKVA
2024-04-27 02:36:04,739 - cinemas.hot_cinema - INFO - DONE HOT CINEMA PETACH_TIKVA
2024-04-27 02:36:04,739 - cinemas.hot_cinema - INFO - STARTED HOT CINEMA RECHOVOT
2024-04-27 02:36:04,954 - cinemas.hot_cinema - INFO - DONE HOT CINEMA RECHOVOT
2024-04-27 02:36:04,954 - cinemas.hot_cinema - INFO - STARTED HOT CINEMA ASHKELON
2024-04-27 02:36:05,170 - cinemas.hot_cinema - INFO - DONE HOT CINEMA ASHKELON
2024-04-27 02:36:05,170 - cinemas.hot_cinema - INFO - STARTED HOT CINEMA KARMIEL
2024-04-27 02:36:05,386 - cinemas.hot_cinema - INFO - DONE HOT CINEMA KARMIEL
2024-04-27 02:36:05,386 - cinemas.hot_cinema - INFO - STARTED HOT CINEMA NAHARIA
2024-04-27 02:36:05,599 - cinemas.hot_cinema - INFO - DONE HOT CINEMA NAHARIA
2024-04-27 02:36:05,599 - cinemas.hot_cinema - INFO - STARTED HOT CINEMA ASHDOD
2024-04-27 02:36:05,814 - cinemas.hot_cinema - INFO - DONE HOT CINEMA ASHDOD
2024-04-27 02:36:05,815 - cinemas.hot_cinema - INFO - DONE HOT CINEMA
2024-04-27 02:36:05,815 - cinemas.cinema_city - INFO - STARTED CINEMA CITY
2024-04-27 02:36:05,815 - cinemas.cinema_city - INFO - STARTED CINEMA CITY GLILOT
2024-04-27 02:36:35,714 - cinemas.cinema_city - INFO - DONE CINEMA CITY GLILOT
2024-04-27 02:36:35,714 - cinemas.cinema_city - INFO - STARTED CINEMA CITY RISHON
2024-04-27 02:36:39,783 - cinemas.cinema_city - INFO - DONE CINEMA CITY RISHON
2024-04-27 02:36:39,783 - cinemas.cinema_city - INFO - STARTED CINEMA CITY JERUSALEM
2024-04-27 02:36:40,709 - cinemas.cinema_city - INFO - DONE CINEMA CITY JERUSALEM
2024-04-27 02:36:40,709 - cinemas.cinema_city - INFO - STARTED CINEMA CITY KFAR_SABBA
2024-04-27 02:36:41,391 - cinemas.cinema_city - INFO - DONE CINEMA CITY KFAR_SABBA
2024-04-27 02:36:41,391 - cinemas.cinema_city - INFO - STARTED CINEMA CITY NATANIA
2024-04-27 02:36:42,077 - cinemas.cinema_city - INFO - DONE CINEMA CITY NATANIA
2024-04-27 02:36:42,077 - cinemas.cinema_city - INFO - STARTED CINEMA CITY BEER_SHEVA
2024-04-27 02:36:42,758 - cinemas.cinema_city - INFO - DONE CINEMA CITY BEER_SHEVA
2024-04-27 02:36:42,758 - cinemas.cinema_city - INFO - STARTED CINEMA CITY HADERA
2024-04-27 02:36:44,159 - cinemas.cinema_city - INFO - DONE CINEMA CITY HADERA
2024-04-27 02:36:44,159 - cinemas.cinema_city - INFO - STARTED CINEMA CITY ASHDOD
2024-04-27 02:36:45,295 - cinemas.cinema_city - INFO - DONE CINEMA CITY ASHDOD
2024-04-27 02:36:45,295 - cinemas.cinema_city - INFO - DONE CINEMA CITY
2024-04-27 02:36:45,295 - cinemas.cinema_city - INFO - STARTED CINEMA CITY
2024-04-27 02:36:45,295 - cinemas.cinema_city - INFO - STARTED CINEMA CITY GLILOT
2024-04-27 02:36:46,173 - cinemas.cinema_city - INFO - DONE CINEMA CITY GLILOT
2024-04-27 02:36:46,173 - cinemas.cinema_city - INFO - STARTED CINEMA CITY RISHON
2024-04-27 02:36:47,057 - cinemas.cinema_city - INFO - DONE CINEMA CITY RISHON
2024-04-27 02:36:47,057 - cinemas.cinema_city - INFO - STARTED CINEMA CITY JERUSALEM
2024-04-27 02:36:47,730 - cinemas.cinema_city - INFO - DONE CINEMA CITY JERUSALEM
2024-04-27 02:36:47,730 - cinemas.cinema_city - INFO - STARTED CINEMA CITY KFAR_SABBA
2024-04-27 02:36:48,409 - cinemas.cinema_city - INFO - DONE CINEMA CITY KFAR_SABBA
2024-04-27 02:36:48,409 - cinemas.cinema_city - INFO - STARTED CINEMA CITY NATANIA
2024-04-27 02:36:49,289 - cinemas.cinema_city - INFO - DONE CINEMA CITY NATANIA
2024-04-27 02:36:49,289 - cinemas.cinema_city - INFO - STARTED CINEMA CITY BEER_SHEVA
2024-04-27 02:36:50,174 - cinemas.cinema_city - INFO - DONE CINEMA CITY BEER_SHEVA
2024-04-27 02:36:50,174 - cinemas.cinema_city - INFO - STARTED CINEMA CITY HADERA
2024-04-27 02:36:51,053 - cinemas.cinema_city - INFO - DONE CINEMA CITY HADERA
2024-04-27 02:36:51,054 - cinemas.cinema_city - INFO - STARTED CINEMA CITY ASHDOD
2024-04-27 02:36:52,180 - cinemas.cinema_city - INFO - DONE CINEMA CITY ASHDOD
2024-04-27 02:36:52,180 - cinemas.cinema_city - INFO - DONE CINEMA CITY
2024-04-27 02:36:52,180 - cinemas.lev - INFO - STARTED LEV
2024-04-27 02:36:56,090 - proxy - INFO - Proxy: {'YourFuckingIPAddress': '185.191.204.254', 'YourFuckingLocation': 'Israel', 'YourFuckingHostname': '204.254.hqserv.co.il', 'YourFuckingISP': 'HQserv Network Solutions', 'YourFuckingTorExit': False, 'YourFuckingCity': '', 'YourFuckingCountry': 'Israel', 'YourFuckingCountryCode': 'IL'}
2024-04-27 02:36:56,090 - cinemas.lev - INFO - STARTED LEV TEL_AVIV
2024-04-27 02:37:02,231 - cinemas.lev - INFO - DONE LEV TEL_AVIV
2024-04-27 02:37:02,231 - cinemas.lev - INFO - STARTED LEV RAMAT_HASHARON
2024-04-27 02:37:03,352 - cinemas.lev - INFO - DONE LEV RAMAT_HASHARON
2024-04-27 02:37:03,352 - cinemas.lev - INFO - STARTED LEV MANDARIN
2024-04-27 02:37:04,220 - cinemas.lev - INFO - DONE LEV MANDARIN
2024-04-27 02:37:04,220 - cinemas.lev - INFO - STARTED LEV EVEN_YEHUDA
2024-04-27 02:37:05,171 - cinemas.lev - INFO - DONE LEV EVEN_YEHUDA
2024-04-27 02:37:05,172 - cinemas.lev - INFO - STARTED LEV SMADAR
2024-04-27 02:37:06,025 - cinemas.lev - INFO - DONE LEV SMADAR
2024-04-27 02:37:06,025 - cinemas.lev - INFO - STARTED LEV RAANANA
2024-04-27 02:37:07,000 - cinemas.lev - INFO - DONE LEV RAANANA
2024-04-27 02:37:07,000 - cinemas.lev - INFO - STARTED LEV OMER
2024-04-27 02:37:08,038 - cinemas.lev - INFO - DONE LEV OMER
2024-04-27 02:37:08,038 - cinemas.lev - INFO - STARTED LEV SHOHAM
2024-04-27 02:37:09,079 - cinemas.lev - INFO - DONE LEV SHOHAM
2024-04-27 02:37:09,079 - cinemas.lev - INFO - STARTED LEV DANIEL
2024-04-27 02:37:10,119 - cinemas.lev - INFO - DONE LEV DANIEL
2024-04-27 02:37:10,119 - proxy - INFO - Proxy removed
2024-04-27 02:37:10,119 - cinemas.lev - INFO - DONE LEV
2024-04-27 02:37:10,119 - cinemas.lev - INFO - STARTED LEV
2024-04-27 02:37:10,866 - proxy - INFO - Proxy: {'YourFuckingIPAddress': '185.191.204.254', 'YourFuckingLocation': 'Israel', 'YourFuckingHostname': '204.254.hqserv.co.il', 'YourFuckingISP': 'HQserv Network Solutions', 'YourFuckingTorExit': False, 'YourFuckingCity': '', 'YourFuckingCountry': 'Israel', 'YourFuckingCountryCode': 'IL'}
2024-04-27 02:37:10,866 - cinemas.lev - INFO - STARTED LEV TEL_AVIV
2024-04-27 02:37:11,811 - cinemas.lev - INFO - DONE LEV TEL_AVIV
2024-04-27 02:37:11,811 - cinemas.lev - INFO - STARTED LEV RAMAT_HASHARON
2024-04-27 02:37:12,736 - cinemas.lev - INFO - DONE LEV RAMAT_HASHARON
2024-04-27 02:37:12,736 - cinemas.lev - INFO - STARTED LEV MANDARIN
2024-04-27 02:37:18,019 - cinemas.lev - INFO - DONE LEV MANDARIN
2024-04-27 02:37:18,019 - cinemas.lev - INFO - STARTED LEV EVEN_YEHUDA
2024-04-27 02:37:19,245 - cinemas.lev - INFO - DONE LEV EVEN_YEHUDA
2024-04-27 02:37:19,245 - cinemas.lev - INFO - STARTED LEV SMADAR
2024-04-27 02:37:20,125 - cinemas.lev - INFO - DONE LEV SMADAR
2024-04-27 02:37:20,125 - cinemas.lev - INFO - STARTED LEV RAANANA
2024-04-27 02:37:21,243 - cinemas.lev - INFO - DONE LEV RAANANA
2024-04-27 02:37:21,244 - cinemas.lev - INFO - STARTED LEV OMER
2024-04-27 02:37:22,586 - cinemas.lev - INFO - DONE LEV OMER
2024-04-27 02:37:22,586 - cinemas.lev - INFO - STARTED LEV SHOHAM
2024-04-27 02:37:23,930 - cinemas.lev - INFO - DONE LEV SHOHAM
2024-04-27 02:37:23,931 - cinemas.lev - INFO - STARTED LEV DANIEL
2024-04-27 02:37:24,995 - cinemas.lev - INFO - DONE LEV DANIEL
2024-04-27 02:37:24,995 - proxy - INFO - Proxy removed
2024-04-27 02:37:24,995 - cinemas.lev - INFO - DONE LEV
2024-04-27 02:37:24,996 - cinemas.movieland - INFO - STARTED Movie Land
2024-04-27 02:37:24,996 - cinemas.movieland - INFO - STARTED Movie Land CARMIEL
2024-04-27 02:37:33,087 - cinemas.movieland - INFO - DONE Movie Land CARMIEL
2024-04-27 02:37:33,087 - cinemas.movieland - INFO - STARTED Movie Land HAIFA
2024-04-27 02:37:33,735 - cinemas.movieland - INFO - DONE Movie Land HAIFA
2024-04-27 02:37:33,735 - cinemas.movieland - INFO - STARTED Movie Land NATANYA
2024-04-27 02:37:34,764 - cinemas.movieland - INFO - DONE Movie Land NATANYA
2024-04-27 02:37:34,764 - cinemas.movieland - INFO - DONE Movie Land
2024-04-27 02:37:34,764 - cinemas.movieland - INFO - STARTED Movie Land
2024-04-27 02:37:34,764 - cinemas.movieland - INFO - STARTED Movie Land CARMIEL
2024-04-27 02:37:34,765 - cinemas.movieland - INFO - DONE Movie Land CARMIEL
2024-04-27 02:37:34,765 - cinemas.movieland - INFO - STARTED Movie Land HAIFA
2024-04-27 02:37:34,766 - cinemas.movieland - INFO - DONE Movie Land HAIFA
2024-04-27 02:37:34,766 - cinemas.movieland - INFO - STARTED Movie Land NATANYA
2024-04-27 02:37:34,766 - cinemas.movieland - INFO - DONE Movie Land NATANYA
2024-04-27 02:37:34,766 - cinemas.movieland - INFO - DONE Movie Land
2024-04-27 02:37:34,766 - root - INFO - ********************
2024-04-27 02:37:34,767 - root - INFO - started checking for:28-04-2024
2024-04-27 02:37:34,767 - cinemas.yes_planet - INFO - STARTED YES PLANET
2024-04-27 02:37:34,767 - cinemas.yes_planet - INFO - STARTED YES PLANET RISHON
2024-04-27 02:37:35,968 - cinemas.yes_planet - INFO - DONE YES PLANET RISHON
2024-04-27 02:37:35,968 - cinemas.yes_planet - INFO - STARTED YES PLANET AYALON
2024-04-27 02:37:38,530 - cinemas.yes_planet - INFO - DONE YES PLANET AYALON
2024-04-27 02:37:38,531 - cinemas.yes_planet - INFO - STARTED YES PLANET ZICHRON
2024-04-27 02:37:39,431 - cinemas.yes_planet - INFO - DONE YES PLANET ZICHRON
2024-04-27 02:37:39,431 - cinemas.yes_planet - INFO - STARTED YES PLANET HAIFA
2024-04-27 02:37:40,532 - cinemas.yes_planet - INFO - DONE YES PLANET HAIFA
2024-04-27 02:37:40,532 - cinemas.yes_planet - INFO - STARTED YES PLANET JERUSALEM
2024-04-27 02:37:41,639 - cinemas.yes_planet - INFO - DONE YES PLANET JERUSALEM
2024-04-27 02:37:41,639 - cinemas.yes_planet - INFO - STARTED YES PLANET BEER_SHEVA
2024-04-27 02:37:42,676 - cinemas.yes_planet - INFO - DONE YES PLANET BEER_SHEVA
2024-04-27 02:37:42,676 - cinemas.yes_planet - INFO - DONE YES PLANET
2024-04-27 02:37:42,676 - cinemas.yes_planet - INFO - STARTED YES PLANET
2024-04-27 02:37:42,676 - cinemas.yes_planet - INFO - STARTED YES PLANET RISHON
2024-04-27 02:37:42,703 - cinemas.yes_planet - INFO - DONE YES PLANET RISHON
2024-04-27 02:37:42,703 - cinemas.yes_planet - INFO - STARTED YES PLANET AYALON
2024-04-27 02:37:42,743 - cinemas.yes_planet - INFO - DONE YES PLANET AYALON
2024-04-27 02:37:42,743 - cinemas.yes_planet - INFO - STARTED YES PLANET ZICHRON
2024-04-27 02:37:42,767 - cinemas.yes_planet - INFO - DONE YES PLANET ZICHRON
2024-04-27 02:37:42,767 - cinemas.yes_planet - INFO - STARTED YES PLANET HAIFA
2024-04-27 02:37:42,792 - cinemas.yes_planet - INFO - DONE YES PLANET HAIFA
2024-04-27 02:37:42,792 - cinemas.yes_planet - INFO - STARTED YES PLANET JERUSALEM
2024-04-27 02:37:42,818 - cinemas.yes_planet - INFO - DONE YES PLANET JERUSALEM
2024-04-27 02:37:42,819 - cinemas.yes_planet - INFO - STARTED YES PLANET BEER_SHEVA
2024-04-27 02:37:42,848 - cinemas.yes_planet - INFO - DONE YES PLANET BEER_SHEVA
2024-04-27 02:37:42,849 - cinemas.yes_planet - INFO - DONE YES PLANET
2024-04-27 02:37:42,849 - cinemas.rav_hen - INFO - STARTED RAV HEN
2024-04-27 02:37:42,849 - cinemas.rav_hen - INFO - STARTED RAV HEN GIVATAIM
2024-04-27 02:37:43,656 - cinemas.rav_hen - INFO - DONE RAV HEN GIVATAIM
2024-04-27 02:37:43,656 - cinemas.rav_hen - INFO - STARTED RAV HEN DIZINGOF
2024-04-27 02:37:44,517 - cinemas.rav_hen - INFO - DONE RAV HEN DIZINGOF
2024-04-27 02:37:44,517 - cinemas.rav_hen - INFO - STARTED RAV HEN MODIIN
2024-04-27 02:37:45,129 - cinemas.rav_hen - INFO - DONE RAV HEN MODIIN
2024-04-27 02:37:45,130 - cinemas.rav_hen - INFO - STARTED RAV HEN KIRYAT_ONO
2024-04-27 02:37:45,894 - cinemas.rav_hen - INFO - DONE RAV HEN KIRYAT_ONO
2024-04-27 02:37:45,894 - cinemas.rav_hen - INFO - DONE RAV HEN
2024-04-27 02:37:45,894 - cinemas.rav_hen - INFO - STARTED RAV HEN
2024-04-27 02:37:45,894 - cinemas.rav_hen - INFO - STARTED RAV HEN GIVATAIM
2024-04-27 02:37:45,914 - cinemas.rav_hen - INFO - DONE RAV HEN GIVATAIM
2024-04-27 02:37:45,914 - cinemas.rav_hen - INFO - STARTED RAV HEN DIZINGOF
2024-04-27 02:37:45,932 - cinemas.rav_hen - INFO - DONE RAV HEN DIZINGOF
2024-04-27 02:37:45,932 - cinemas.rav_hen - INFO - STARTED RAV HEN MODIIN
2024-04-27 02:37:45,951 - cinemas.rav_hen - INFO - DONE RAV HEN MODIIN
2024-04-27 02:37:45,951 - cinemas.rav_hen - INFO - STARTED RAV HEN KIRYAT_ONO
2024-04-27 02:37:45,972 - cinemas.rav_hen - INFO - DONE RAV HEN KIRYAT_ONO
2024-04-27 02:37:45,972 - cinemas.rav_hen - INFO - DONE RAV HEN
2024-04-27 02:37:45,973 - cinemas.hot_cinema - INFO - STARTED HOT CINEMA
2024-04-27 02:37:45,973 - cinemas.hot_cinema - INFO - STARTED HOT CINEMA MODIIN
2024-04-27 02:37:46,188 - cinemas.hot_cinema - INFO - DONE HOT CINEMA MODIIN
2024-04-27 02:37:46,188 - cinemas.hot_cinema - INFO - STARTED HOT CINEMA KIRYON
2024-04-27 02:37:47,104 - cinemas.hot_cinema - INFO - DONE HOT CINEMA KIRYON
2024-04-27 02:37:47,104 - cinemas.hot_cinema - INFO - STARTED HOT CINEMA KFAR_SABBA
2024-04-27 02:37:47,333 - cinemas.hot_cinema - INFO - DONE HOT CINEMA KFAR_SABBA
2024-04-27 02:37:47,333 - cinemas.hot_cinema - INFO - STARTED HOT CINEMA HAIFA
2024-04-27 02:37:48,956 - cinemas.hot_cinema - INFO - DONE HOT CINEMA HAIFA
2024-04-27 02:37:48,956 - cinemas.hot_cinema - INFO - STARTED HOT CINEMA PETACH_TIKVA
2024-04-27 02:37:49,171 - cinemas.hot_cinema - INFO - DONE HOT CINEMA PETACH_TIKVA
2024-04-27 02:37:49,171 - cinemas.hot_cinema - INFO - STARTED HOT CINEMA RECHOVOT
2024-04-27 02:37:49,386 - cinemas.hot_cinema - INFO - DONE HOT CINEMA RECHOVOT
2024-04-27 02:37:49,386 - cinemas.hot_cinema - INFO - STARTED HOT CINEMA ASHKELON
2024-04-27 02:37:50,332 - cinemas.hot_cinema - INFO - DONE HOT CINEMA ASHKELON
2024-04-27 02:37:50,333 - cinemas.hot_cinema - INFO - STARTED HOT CINEMA KARMIEL
2024-04-27 02:37:50,547 - cinemas.hot_cinema - INFO - DONE HOT CINEMA KARMIEL
2024-04-27 02:37:50,547 - cinemas.hot_cinema - INFO - STARTED HOT CINEMA NAHARIA
2024-04-27 02:37:50,761 - cinemas.hot_cinema - INFO - DONE HOT CINEMA NAHARIA
2024-04-27 02:37:50,761 - cinemas.hot_cinema - INFO - STARTED HOT CINEMA ASHDOD
2024-04-27 02:37:50,975 - cinemas.hot_cinema - INFO - DONE HOT CINEMA ASHDOD
2024-04-27 02:37:50,976 - cinemas.hot_cinema - INFO - DONE HOT CINEMA
2024-04-27 02:37:50,976 - cinemas.hot_cinema - INFO - STARTED HOT CINEMA
2024-04-27 02:37:50,976 - cinemas.hot_cinema - INFO - STARTED HOT CINEMA MODIIN
2024-04-27 02:37:51,191 - cinemas.hot_cinema - INFO - DONE HOT CINEMA MODIIN
2024-04-27 02:37:51,192 - cinemas.hot_cinema - INFO - STARTED HOT CINEMA KIRYON
2024-04-27 02:37:51,409 - cinemas.hot_cinema - INFO - DONE HOT CINEMA KIRYON
2024-04-27 02:37:51,409 - cinemas.hot_cinema - INFO - STARTED HOT CINEMA KFAR_SABBA
2024-04-27 02:37:51,626 - cinemas.hot_cinema - INFO - DONE HOT CINEMA KFAR_SABBA
2024-04-27 02:37:51,626 - cinemas.hot_cinema - INFO - STARTED HOT CINEMA HAIFA
2024-04-27 02:37:51,844 - cinemas.hot_cinema - INFO - DONE HOT CINEMA HAIFA
2024-04-27 02:37:51,844 - cinemas.hot_cinema - INFO - STARTED HOT CINEMA PETACH_TIKVA
2024-04-27 02:37:52,059 - cinemas.hot_cinema - INFO - DONE HOT CINEMA PETACH_TIKVA
2024-04-27 02:37:52,059 - cinemas.hot_cinema - INFO - STARTED HOT CINEMA RECHOVOT
2024-04-27 02:37:52,274 - cinemas.hot_cinema - INFO - DONE HOT CINEMA RECHOVOT
2024-04-27 02:37:52,274 - cinemas.hot_cinema - INFO - STARTED HOT CINEMA ASHKELON
2024-04-27 02:37:52,489 - cinemas.hot_cinema - INFO - DONE HOT CINEMA ASHKELON
2024-04-27 02:37:52,490 - cinemas.hot_cinema - INFO - STARTED HOT CINEMA KARMIEL
2024-04-27 02:37:52,708 - cinemas.hot_cinema - INFO - DONE HOT CINEMA KARMIEL
2024-04-27 02:37:52,708 - cinemas.hot_cinema - INFO - STARTED HOT CINEMA NAHARIA
2024-04-27 02:37:52,925 - cinemas.hot_cinema - INFO - DONE HOT CINEMA NAHARIA
2024-04-27 02:37:52,925 - cinemas.hot_cinema - INFO - STARTED HOT CINEMA ASHDOD
2024-04-27 02:37:53,138 - cinemas.hot_cinema - INFO - DONE HOT CINEMA ASHDOD
2024-04-27 02:37:53,139 - cinemas.hot_cinema - INFO - DONE HOT CINEMA
2024-04-27 02:37:53,139 - cinemas.cinema_city - INFO - STARTED CINEMA CITY
2024-04-27 02:37:53,139 - cinemas.cinema_city - INFO - STARTED CINEMA CITY GLILOT
2024-04-27 02:37:54,759 - cinemas.cinema_city - INFO - DONE CINEMA CITY GLILOT
2024-04-27 02:37:54,759 - cinemas.cinema_city - INFO - STARTED CINEMA CITY RISHON
2024-04-27 02:37:57,109 - cinemas.cinema_city - INFO - DONE CINEMA CITY RISHON
2024-04-27 02:37:57,110 - cinemas.cinema_city - INFO - STARTED CINEMA CITY JERUSALEM
2024-04-27 02:37:58,027 - cinemas.cinema_city - INFO - DONE CINEMA CITY JERUSALEM
2024-04-27 02:37:58,027 - cinemas.cinema_city - INFO - STARTED CINEMA CITY KFAR_SABBA
2024-04-27 02:37:59,646 - cinemas.cinema_city - INFO - DONE CINEMA CITY KFAR_SABBA
2024-04-27 02:37:59,646 - cinemas.cinema_city - INFO - STARTED CINEMA CITY NATANIA
2024-04-27 02:38:00,324 - cinemas.cinema_city - INFO - DONE CINEMA CITY NATANIA
2024-04-27 02:38:00,324 - cinemas.cinema_city - INFO - STARTED CINEMA CITY BEER_SHEVA
2024-04-27 02:38:01,209 - cinemas.cinema_city - INFO - DONE CINEMA CITY BEER_SHEVA
2024-04-27 02:38:01,209 - cinemas.cinema_city - INFO - STARTED CINEMA CITY HADERA
2024-04-27 02:38:01,883 - cinemas.cinema_city - INFO - DONE CINEMA CITY HADERA
2024-04-27 02:38:01,884 - cinemas.cinema_city - INFO - STARTED CINEMA CITY ASHDOD
2024-04-27 02:38:02,822 - cinemas.cinema_city - INFO - DONE CINEMA CITY ASHDOD
2024-04-27 02:38:02,822 - cinemas.cinema_city - INFO - DONE CINEMA CITY
2024-04-27 02:38:02,822 - cinemas.cinema_city - INFO - STARTED CINEMA CITY
2024-04-27 02:38:02,822 - cinemas.cinema_city - INFO - STARTED CINEMA CITY GLILOT
2024-04-27 02:38:03,949 - cinemas.cinema_city - INFO - DONE CINEMA CITY GLILOT
2024-04-27 02:38:03,949 - cinemas.cinema_city - INFO - STARTED CINEMA CITY RISHON
2024-04-27 02:38:04,830 - cinemas.cinema_city - INFO - DONE CINEMA CITY RISHON
2024-04-27 02:38:04,830 - cinemas.cinema_city - INFO - STARTED CINEMA CITY JERUSALEM
2024-04-27 02:38:05,501 - cinemas.cinema_city - INFO - DONE CINEMA CITY JERUSALEM
2024-04-27 02:38:05,501 - cinemas.cinema_city - INFO - STARTED CINEMA CITY KFAR_SABBA
2024-04-27 02:38:06,382 - cinemas.cinema_city - INFO - DONE CINEMA CITY KFAR_SABBA
2024-04-27 02:38:06,382 - cinemas.cinema_city - INFO - STARTED CINEMA CITY NATANIA
2024-04-27 02:38:07,052 - cinemas.cinema_city - INFO - DONE CINEMA CITY NATANIA
2024-04-27 02:38:07,052 - cinemas.cinema_city - INFO - STARTED CINEMA CITY BEER_SHEVA
2024-04-27 02:38:07,729 - cinemas.cinema_city - INFO - DONE CINEMA CITY BEER_SHEVA
2024-04-27 02:38:07,729 - cinemas.cinema_city - INFO - STARTED CINEMA CITY HADERA
2024-04-27 02:38:08,616 - cinemas.cinema_city - INFO - DONE CINEMA CITY HADERA
2024-04-27 02:38:08,616 - cinemas.cinema_city - INFO - STARTED CINEMA CITY ASHDOD
2024-04-27 02:38:09,744 - cinemas.cinema_city - INFO - DONE CINEMA CITY ASHDOD
2024-04-27 02:38:09,744 - cinemas.cinema_city - INFO - DONE CINEMA CITY
2024-04-27 02:38:09,744 - cinemas.lev - INFO - STARTED LEV
2024-04-27 02:38:12,793 - proxy - INFO - Proxy: {'YourFuckingIPAddress': '185.191.204.254', 'YourFuckingLocation': 'Israel', 'YourFuckingHostname': '204.254.hqserv.co.il', 'YourFuckingISP': 'HQserv Network Solutions', 'YourFuckingTorExit': False, 'YourFuckingCity': '', 'YourFuckingCountry': 'Israel', 'YourFuckingCountryCode': 'IL'}
2024-04-27 02:38:12,793 - cinemas.lev - INFO - STARTED LEV TEL_AVIV
2024-04-27 02:38:20,147 - cinemas.lev - INFO - DONE LEV TEL_AVIV
2024-04-27 02:38:20,147 - cinemas.lev - INFO - STARTED LEV RAMAT_HASHARON
2024-04-27 02:38:21,111 - cinemas.lev - INFO - DONE LEV RAMAT_HASHARON
2024-04-27 02:38:21,111 - cinemas.lev - INFO - STARTED LEV MANDARIN
2024-04-27 02:38:21,976 - cinemas.lev - INFO - DONE LEV MANDARIN
2024-04-27 02:38:21,977 - cinemas.lev - INFO - STARTED LEV EVEN_YEHUDA
2024-04-27 02:38:23,655 - cinemas.lev - INFO - DONE LEV EVEN_YEHUDA
2024-04-27 02:38:23,655 - cinemas.lev - INFO - STARTED LEV SMADAR
2024-04-27 02:38:24,796 - cinemas.lev - INFO - DONE LEV SMADAR
2024-04-27 02:38:24,796 - cinemas.lev - INFO - STARTED LEV RAANANA
2024-04-27 02:38:26,045 - cinemas.lev - INFO - DONE LEV RAANANA
2024-04-27 02:38:26,045 - cinemas.lev - INFO - STARTED LEV OMER
2024-04-27 02:38:27,566 - cinemas.lev - INFO - DONE LEV OMER
2024-04-27 02:38:27,566 - cinemas.lev - INFO - STARTED LEV SHOHAM
2024-04-27 02:38:28,636 - cinemas.lev - INFO - DONE LEV SHOHAM
2024-04-27 02:38:28,636 - cinemas.lev - INFO - STARTED LEV DANIEL
2024-04-27 02:38:29,549 - cinemas.lev - INFO - DONE LEV DANIEL
2024-04-27 02:38:29,549 - proxy - INFO - Proxy removed
2024-04-27 02:38:29,549 - cinemas.lev - INFO - DONE LEV
2024-04-27 02:38:29,549 - cinemas.lev - INFO - STARTED LEV
2024-04-27 02:38:34,160 - proxy - INFO - Proxy: {'YourFuckingIPAddress': '185.191.204.254', 'YourFuckingLocation': 'Israel', 'YourFuckingHostname': '204.254.hqserv.co.il', 'YourFuckingISP': 'HQserv Network Solutions', 'YourFuckingTorExit': False, 'YourFuckingCity': '', 'YourFuckingCountry': 'Israel', 'YourFuckingCountryCode': 'IL'}
2024-04-27 02:38:34,160 - cinemas.lev - INFO - STARTED LEV TEL_AVIV
2024-04-27 02:38:35,093 - cinemas.lev - INFO - DONE LEV TEL_AVIV
2024-04-27 02:38:35,093 - cinemas.lev - INFO - STARTED LEV RAMAT_HASHARON
2024-04-27 02:38:36,810 - cinemas.lev - INFO - DONE LEV RAMAT_HASHARON
2024-04-27 02:38:36,810 - cinemas.lev - INFO - STARTED LEV MANDARIN
2024-04-27 02:38:37,642 - cinemas.lev - INFO - DONE LEV MANDARIN
2024-04-27 02:38:37,642 - cinemas.lev - INFO - STARTED LEV EVEN_YEHUDA
2024-04-27 02:38:39,387 - cinemas.lev - INFO - DONE LEV EVEN_YEHUDA
2024-04-27 02:38:39,387 - cinemas.lev - INFO - STARTED LEV SMADAR
2024-04-27 02:38:40,400 - cinemas.lev - INFO - DONE LEV SMADAR
2024-04-27 02:38:40,400 - cinemas.lev - INFO - STARTED LEV RAANANA
2024-04-27 02:38:41,397 - cinemas.lev - INFO - DONE LEV RAANANA
2024-04-27 02:38:41,397 - cinemas.lev - INFO - STARTED LEV OMER
2024-04-27 02:38:42,363 - cinemas.lev - INFO - DONE LEV OMER
2024-04-27 02:38:42,363 - cinemas.lev - INFO - STARTED LEV SHOHAM
2024-04-27 02:38:43,390 - cinemas.lev - INFO - DONE LEV SHOHAM
2024-04-27 02:38:43,390 - cinemas.lev - INFO - STARTED LEV DANIEL
2024-04-27 02:38:44,129 - cinemas.lev - INFO - DONE LEV DANIEL
2024-04-27 02:38:44,129 - proxy - INFO - Proxy removed
2024-04-27 02:38:44,129 - cinemas.lev - INFO - DONE LEV
2024-04-27 02:38:44,129 - cinemas.movieland - INFO - STARTED Movie Land
2024-04-27 02:38:44,129 - cinemas.movieland - INFO - STARTED Movie Land CARMIEL
2024-04-27 02:38:44,130 - cinemas.movieland - INFO - DONE Movie Land CARMIEL
2024-04-27 02:38:44,130 - cinemas.movieland - INFO - STARTED Movie Land HAIFA
2024-04-27 02:38:44,131 - cinemas.movieland - INFO - DONE Movie Land HAIFA
2024-04-27 02:38:44,131 - cinemas.movieland - INFO - STARTED Movie Land NATANYA
2024-04-27 02:38:44,132 - cinemas.movieland - INFO - DONE Movie Land NATANYA
2024-04-27 02:38:44,132 - cinemas.movieland - INFO - DONE Movie Land
2024-04-27 02:38:44,132 - cinemas.movieland - INFO - STARTED Movie Land
2024-04-27 02:38:44,132 - cinemas.movieland - INFO - STARTED Movie Land CARMIEL
2024-04-27 02:38:44,132 - cinemas.movieland - INFO - DONE Movie Land CARMIEL
2024-04-27 02:38:44,133 - cinemas.movieland - INFO - STARTED Movie Land HAIFA
2024-04-27 02:38:44,133 - cinemas.movieland - INFO - DONE Movie Land HAIFA
2024-04-27 02:38:44,133 - cinemas.movieland - INFO - STARTED Movie Land NATANYA
2024-04-27 02:38:44,134 - cinemas.movieland - INFO - DONE Movie Land NATANYA
2024-04-27 02:38:44,134 - cinemas.movieland - INFO - DONE Movie Land
2024-04-27 02:38:44,134 - root - INFO - ********************
2024-04-27 02:38:44,134 - root - INFO - started checking for:29-04-2024
2024-04-27 02:38:44,134 - cinemas.yes_planet - INFO - STARTED YES PLANET
2024-04-27 02:38:44,134 - cinemas.yes_planet - INFO - STARTED YES PLANET RISHON
2024-04-27 02:38:45,197 - cinemas.yes_planet - INFO - DONE YES PLANET RISHON
2024-04-27 02:38:45,197 - cinemas.yes_planet - INFO - STARTED YES PLANET AYALON
2024-04-27 02:38:46,087 - cinemas.yes_planet - INFO - DONE YES PLANET AYALON
2024-04-27 02:38:46,087 - cinemas.yes_planet - INFO - STARTED YES PLANET ZICHRON
2024-04-27 02:38:46,972 - cinemas.yes_planet - INFO - DONE YES PLANET ZICHRON
2024-04-27 02:38:46,972 - cinemas.yes_planet - INFO - STARTED YES PLANET HAIFA
2024-04-27 02:38:48,116 - cinemas.yes_planet - INFO - DONE YES PLANET HAIFA
2024-04-27 02:38:48,117 - cinemas.yes_planet - INFO - STARTED YES PLANET JERUSALEM
2024-04-27 02:38:49,122 - cinemas.yes_planet - INFO - DONE YES PLANET JERUSALEM
2024-04-27 02:38:49,122 - cinemas.yes_planet - INFO - STARTED YES PLANET BEER_SHEVA
2024-04-27 02:38:50,080 - cinemas.yes_planet - INFO - DONE YES PLANET BEER_SHEVA
2024-04-27 02:38:50,080 - cinemas.yes_planet - INFO - DONE YES PLANET
2024-04-27 02:38:50,080 - cinemas.yes_planet - INFO - STARTED YES PLANET
2024-04-27 02:38:50,080 - cinemas.yes_planet - INFO - STARTED YES PLANET RISHON
2024-04-27 02:38:50,111 - cinemas.yes_planet - INFO - DONE YES PLANET RISHON
2024-04-27 02:38:50,112 - cinemas.yes_planet - INFO - STARTED YES PLANET AYALON
2024-04-27 02:38:50,135 - cinemas.yes_planet - INFO - DONE YES PLANET AYALON
2024-04-27 02:38:50,135 - cinemas.yes_planet - INFO - STARTED YES PLANET ZICHRON
2024-04-27 02:38:50,160 - cinemas.yes_planet - INFO - DONE YES PLANET ZICHRON
2024-04-27 02:38:50,160 - cinemas.yes_planet - INFO - STARTED YES PLANET HAIFA
2024-04-27 02:38:50,186 - cinemas.yes_planet - INFO - DONE YES PLANET HAIFA
2024-04-27 02:38:50,186 - cinemas.yes_planet - INFO - STARTED YES PLANET JERUSALEM
2024-04-27 02:38:50,210 - cinemas.yes_planet - INFO - DONE YES PLANET JERUSALEM
2024-04-27 02:38:50,210 - cinemas.yes_planet - INFO - STARTED YES PLANET BEER_SHEVA
2024-04-27 02:38:50,237 - cinemas.yes_planet - INFO - DONE YES PLANET BEER_SHEVA
2024-04-27 02:38:50,237 - cinemas.yes_planet - INFO - DONE YES PLANET
2024-04-27 02:38:50,237 - cinemas.rav_hen - INFO - STARTED RAV HEN
2024-04-27 02:38:50,237 - cinemas.rav_hen - INFO - STARTED RAV HEN GIVATAIM
2024-04-27 02:38:51,143 - cinemas.rav_hen - INFO - DONE RAV HEN GIVATAIM
2024-04-27 02:38:51,144 - cinemas.rav_hen - INFO - STARTED RAV HEN DIZINGOF
2024-04-27 02:38:51,900 - cinemas.rav_hen - INFO - DONE RAV HEN DIZINGOF
2024-04-27 02:38:51,900 - cinemas.rav_hen - INFO - STARTED RAV HEN MODIIN
2024-04-27 02:38:52,529 - cinemas.rav_hen - INFO - DONE RAV HEN MODIIN
2024-04-27 02:38:52,529 - cinemas.rav_hen - INFO - STARTED RAV HEN KIRYAT_ONO
2024-04-27 02:38:53,308 - cinemas.rav_hen - INFO - DONE RAV HEN KIRYAT_ONO
2024-04-27 02:38:53,308 - cinemas.rav_hen - INFO - DONE RAV HEN
2024-04-27 02:38:53,308 - cinemas.rav_hen - INFO - STARTED RAV HEN
2024-04-27 02:38:53,308 - cinemas.rav_hen - INFO - STARTED RAV HEN GIVATAIM
2024-04-27 02:38:53,338 - cinemas.rav_hen - INFO - DONE RAV HEN GIVATAIM
2024-04-27 02:38:53,338 - cinemas.rav_hen - INFO - STARTED RAV HEN DIZINGOF
2024-04-27 02:38:53,358 - cinemas.rav_hen - INFO - DONE RAV HEN DIZINGOF
2024-04-27 02:38:53,358 - cinemas.rav_hen - INFO - STARTED RAV HEN MODIIN
2024-04-27 02:38:53,377 - cinemas.rav_hen - INFO - DONE RAV HEN MODIIN
2024-04-27 02:38:53,377 - cinemas.rav_hen - INFO - STARTED RAV HEN KIRYAT_ONO
2024-04-27 02:38:53,397 - cinemas.rav_hen - INFO - DONE RAV HEN KIRYAT_ONO
2024-04-27 02:38:53,398 - cinemas.rav_hen - INFO - DONE RAV HEN
2024-04-27 02:38:53,398 - cinemas.hot_cinema - INFO - STARTED HOT CINEMA
2024-04-27 02:38:53,398 - cinemas.hot_cinema - INFO - STARTED HOT CINEMA MODIIN
2024-04-27 02:38:53,619 - cinemas.hot_cinema - INFO - DONE HOT CINEMA MODIIN
2024-04-27 02:38:53,619 - cinemas.hot_cinema - INFO - STARTED HOT CINEMA KIRYON
2024-04-27 02:38:54,545 - cinemas.hot_cinema - INFO - DONE HOT CINEMA KIRYON
2024-04-27 02:38:54,545 - cinemas.hot_cinema - INFO - STARTED HOT CINEMA KFAR_SABBA
2024-04-27 02:38:54,765 - cinemas.hot_cinema - INFO - DONE HOT CINEMA KFAR_SABBA
2024-04-27 02:38:54,766 - cinemas.hot_cinema - INFO - STARTED HOT CINEMA HAIFA
2024-04-27 02:38:54,986 - cinemas.hot_cinema - INFO - DONE HOT CINEMA HAIFA
2024-04-27 02:38:54,986 - cinemas.hot_cinema - INFO - STARTED HOT CINEMA PETACH_TIKVA
2024-04-27 02:38:55,205 - cinemas.hot_cinema - INFO - DONE HOT CINEMA PETACH_TIKVA
2024-04-27 02:38:55,206 - cinemas.hot_cinema - INFO - STARTED HOT CINEMA RECHOVOT
2024-04-27 02:38:55,425 - cinemas.hot_cinema - INFO - DONE HOT CINEMA RECHOVOT
2024-04-27 02:38:55,425 - cinemas.hot_cinema - INFO - STARTED HOT CINEMA ASHKELON
2024-04-27 02:38:55,643 - cinemas.hot_cinema - INFO - DONE HOT CINEMA ASHKELON
2024-04-27 02:38:55,644 - cinemas.hot_cinema - INFO - STARTED HOT CINEMA KARMIEL
2024-04-27 02:38:55,862 - cinemas.hot_cinema - INFO - DONE HOT CINEMA KARMIEL
2024-04-27 02:38:55,862 - cinemas.hot_cinema - INFO - STARTED HOT CINEMA NAHARIA
2024-04-27 02:38:56,080 - cinemas.hot_cinema - INFO - DONE HOT CINEMA NAHARIA
2024-04-27 02:38:56,080 - cinemas.hot_cinema - INFO - STARTED HOT CINEMA ASHDOD
2024-04-27 02:38:56,298 - cinemas.hot_cinema - INFO - DONE HOT CINEMA ASHDOD
2024-04-27 02:38:56,298 - cinemas.hot_cinema - INFO - DONE HOT CINEMA
2024-04-27 02:38:56,298 - cinemas.hot_cinema - INFO - STARTED HOT CINEMA
2024-04-27 02:38:56,298 - cinemas.hot_cinema - INFO - STARTED HOT CINEMA MODIIN
2024-04-27 02:38:56,517 - cinemas.hot_cinema - INFO - DONE HOT CINEMA MODIIN
2024-04-27 02:38:56,518 - cinemas.hot_cinema - INFO - STARTED HOT CINEMA KIRYON
2024-04-27 02:38:56,739 - cinemas.hot_cinema - INFO - DONE HOT CINEMA KIRYON
2024-04-27 02:38:56,739 - cinemas.hot_cinema - INFO - STARTED HOT CINEMA KFAR_SABBA
2024-04-27 02:38:56,959 - cinemas.hot_cinema - INFO - DONE HOT CINEMA KFAR_SABBA
2024-04-27 02:38:56,959 - cinemas.hot_cinema - INFO - STARTED HOT CINEMA HAIFA
2024-04-27 02:38:57,181 - cinemas.hot_cinema - INFO - DONE HOT CINEMA HAIFA
2024-04-27 02:38:57,181 - cinemas.hot_cinema - INFO - STARTED HOT CINEMA PETACH_TIKVA
2024-04-27 02:38:57,400 - cinemas.hot_cinema - INFO - DONE HOT CINEMA PETACH_TIKVA
2024-04-27 02:38:57,401 - cinemas.hot_cinema - INFO - STARTED HOT CINEMA RECHOVOT
2024-04-27 02:38:57,620 - cinemas.hot_cinema - INFO - DONE HOT CINEMA RECHOVOT
2024-04-27 02:38:57,620 - cinemas.hot_cinema - INFO - STARTED HOT CINEMA ASHKELON
2024-04-27 02:38:57,838 - cinemas.hot_cinema - INFO - DONE HOT CINEMA ASHKELON
2024-04-27 02:38:57,838 - cinemas.hot_cinema - INFO - STARTED HOT CINEMA KARMIEL
2024-04-27 02:38:58,057 - cinemas.hot_cinema - INFO - DONE HOT CINEMA KARMIEL
2024-04-27 02:38:58,057 - cinemas.hot_cinema - INFO - STARTED HOT CINEMA NAHARIA
2024-04-27 02:38:58,275 - cinemas.hot_cinema - INFO - DONE HOT CINEMA NAHARIA
2024-04-27 02:38:58,275 - cinemas.hot_cinema - INFO - STARTED HOT CINEMA ASHDOD
2024-04-27 02:38:58,494 - cinemas.hot_cinema - INFO - DONE HOT CINEMA ASHDOD
2024-04-27 02:38:58,494 - cinemas.hot_cinema - INFO - DONE HOT CINEMA
2024-04-27 02:38:58,494 - cinemas.cinema_city - INFO - STARTED CINEMA CITY
2024-04-27 02:38:58,494 - cinemas.cinema_city - INFO - STARTED CINEMA CITY GLILOT
2024-04-27 02:38:59,388 - cinemas.cinema_city - INFO - DONE CINEMA CITY GLILOT
2024-04-27 02:38:59,388 - cinemas.cinema_city - INFO - STARTED CINEMA CITY RISHON
2024-04-27 02:39:00,537 - cinemas.cinema_city - INFO - DONE CINEMA CITY RISHON
2024-04-27 02:39:00,537 - cinemas.cinema_city - INFO - STARTED CINEMA CITY JERUSALEM
2024-04-27 02:39:01,717 - cinemas.cinema_city - INFO - DONE CINEMA CITY JERUSALEM
2024-04-27 02:39:01,717 - cinemas.cinema_city - INFO - STARTED CINEMA CITY KFAR_SABBA
2024-04-27 02:39:02,610 - cinemas.cinema_city - INFO - DONE CINEMA CITY KFAR_SABBA
2024-04-27 02:39:02,610 - cinemas.cinema_city - INFO - STARTED CINEMA CITY NATANIA
2024-04-27 02:39:03,745 - cinemas.cinema_city - INFO - DONE CINEMA CITY NATANIA
2024-04-27 02:39:03,745 - cinemas.cinema_city - INFO - STARTED CINEMA CITY BEER_SHEVA
2024-04-27 02:39:04,887 - cinemas.cinema_city - INFO - DONE CINEMA CITY BEER_SHEVA
2024-04-27 02:39:04,887 - cinemas.cinema_city - INFO - STARTED CINEMA CITY HADERA
2024-04-27 02:39:05,775 - cinemas.cinema_city - INFO - DONE CINEMA CITY HADERA
2024-04-27 02:39:05,775 - cinemas.cinema_city - INFO - STARTED CINEMA CITY ASHDOD
2024-04-27 02:39:07,160 - cinemas.cinema_city - INFO - DONE CINEMA CITY ASHDOD
2024-04-27 02:39:07,160 - cinemas.cinema_city - INFO - DONE CINEMA CITY
2024-04-27 02:39:07,160 - cinemas.cinema_city - INFO - STARTED CINEMA CITY
2024-04-27 02:39:07,160 - cinemas.cinema_city - INFO - STARTED CINEMA CITY GLILOT
2024-04-27 02:39:08,045 - cinemas.cinema_city - INFO - DONE CINEMA CITY GLILOT
2024-04-27 02:39:08,045 - cinemas.cinema_city - INFO - STARTED CINEMA CITY RISHON
2024-04-27 02:39:08,930 - cinemas.cinema_city - INFO - DONE CINEMA CITY RISHON
2024-04-27 02:39:08,930 - cinemas.cinema_city - INFO - STARTED CINEMA CITY JERUSALEM
2024-04-27 02:39:09,601 - cinemas.cinema_city - INFO - DONE CINEMA CITY JERUSALEM
2024-04-27 02:39:09,601 - cinemas.cinema_city - INFO - STARTED CINEMA CITY KFAR_SABBA
2024-04-27 02:39:10,484 - cinemas.cinema_city - INFO - DONE CINEMA CITY KFAR_SABBA
2024-04-27 02:39:10,484 - cinemas.cinema_city - INFO - STARTED CINEMA CITY NATANIA
2024-04-27 02:39:11,377 - cinemas.cinema_city - INFO - DONE CINEMA CITY NATANIA
2024-04-27 02:39:11,378 - cinemas.cinema_city - INFO - STARTED CINEMA CITY BEER_SHEVA
2024-04-27 02:39:12,258 - cinemas.cinema_city - INFO - DONE CINEMA CITY BEER_SHEVA
2024-04-27 02:39:12,258 - cinemas.cinema_city - INFO - STARTED CINEMA CITY HADERA
2024-04-27 02:39:13,147 - cinemas.cinema_city - INFO - DONE CINEMA CITY HADERA
2024-04-27 02:39:13,147 - cinemas.cinema_city - INFO - STARTED CINEMA CITY ASHDOD
2024-04-27 02:39:14,035 - cinemas.cinema_city - INFO - DONE CINEMA CITY ASHDOD
2024-04-27 02:39:14,036 - cinemas.cinema_city - INFO - DONE CINEMA CITY
2024-04-27 02:39:14,036 - cinemas.lev - INFO - STARTED LEV
2024-04-27 02:39:16,936 - proxy - INFO - Proxy: {'YourFuckingIPAddress': '185.191.204.254', 'YourFuckingLocation': 'Israel', 'YourFuckingHostname': '204.254.hqserv.co.il', 'YourFuckingISP': 'HQserv Network Solutions', 'YourFuckingTorExit': False, 'YourFuckingCity': '', 'YourFuckingCountry': 'Israel', 'YourFuckingCountryCode': 'IL'}
2024-04-27 02:39:16,937 - cinemas.lev - INFO - STARTED LEV TEL_AVIV
2024-04-27 02:39:25,054 - cinemas.lev - INFO - DONE LEV TEL_AVIV
2024-04-27 02:39:25,054 - cinemas.lev - INFO - STARTED LEV RAMAT_HASHARON
2024-04-27 02:39:25,948 - cinemas.lev - INFO - DONE LEV RAMAT_HASHARON
2024-04-27 02:39:25,948 - cinemas.lev - INFO - STARTED LEV MANDARIN
2024-04-27 02:39:26,874 - cinemas.lev - INFO - DONE LEV MANDARIN
2024-04-27 02:39:26,874 - cinemas.lev - INFO - STARTED LEV EVEN_YEHUDA
2024-04-27 02:39:27,692 - cinemas.lev - INFO - DONE LEV EVEN_YEHUDA
2024-04-27 02:39:27,692 - cinemas.lev - INFO - STARTED LEV SMADAR
2024-04-27 02:39:28,521 - cinemas.lev - INFO - DONE LEV SMADAR
2024-04-27 02:39:28,521 - cinemas.lev - INFO - STARTED LEV RAANANA
2024-04-27 02:39:29,422 - cinemas.lev - INFO - DONE LEV RAANANA
2024-04-27 02:39:29,422 - cinemas.lev - INFO - STARTED LEV OMER
2024-04-27 02:39:30,263 - cinemas.lev - INFO - DONE LEV OMER
2024-04-27 02:39:30,263 - cinemas.lev - INFO - STARTED LEV SHOHAM
2024-04-27 02:39:31,403 - cinemas.lev - INFO - DONE LEV SHOHAM
2024-04-27 02:39:31,403 - cinemas.lev - INFO - STARTED LEV DANIEL
2024-04-27 02:39:32,699 - cinemas.lev - INFO - DONE LEV DANIEL
2024-04-27 02:39:32,699 - proxy - INFO - Proxy removed
2024-04-27 02:39:32,699 - cinemas.lev - INFO - DONE LEV
2024-04-27 02:39:32,699 - cinemas.lev - INFO - STARTED LEV
2024-04-27 02:39:33,016 - root - ERROR - lev crashed
Traceback (most recent call last):
  File "/opt/hostedtoolcache/Python/3.11.9/x64/lib/python3.11/site-packages/urllib3/connectionpool.py", line 715, in urlopen
    httplib_response = self._make_request(
                       ^^^^^^^^^^^^^^^^^^^
  File "/opt/hostedtoolcache/Python/3.11.9/x64/lib/python3.11/site-packages/urllib3/connectionpool.py", line 467, in _make_request
    six.raise_from(e, None)
  File "<string>", line 3, in raise_from
  File "/opt/hostedtoolcache/Python/3.11.9/x64/lib/python3.11/site-packages/urllib3/connectionpool.py", line 462, in _make_request
    httplib_response = conn.getresponse()
                       ^^^^^^^^^^^^^^^^^^
  File "/opt/hostedtoolcache/Python/3.11.9/x64/lib/python3.11/http/client.py", line 1395, in getresponse
    response.begin()
  File "/opt/hostedtoolcache/Python/3.11.9/x64/lib/python3.11/http/client.py", line 325, in begin
    version, status, reason = self._read_status()
                              ^^^^^^^^^^^^^^^^^^^
  File "/opt/hostedtoolcache/Python/3.11.9/x64/lib/python3.11/http/client.py", line 294, in _read_status
    raise RemoteDisconnected("Remote end closed connection without"
http.client.RemoteDisconnected: Remote end closed connection without response

During handling of the above exception, another exception occurred:

Traceback (most recent call last):
  File "/opt/hostedtoolcache/Python/3.11.9/x64/lib/python3.11/site-packages/requests/adapters.py", line 486, in send
    resp = conn.urlopen(
           ^^^^^^^^^^^^^
  File "/opt/hostedtoolcache/Python/3.11.9/x64/lib/python3.11/site-packages/urllib3/connectionpool.py", line 799, in urlopen
    retries = retries.increment(
              ^^^^^^^^^^^^^^^^^^
  File "/opt/hostedtoolcache/Python/3.11.9/x64/lib/python3.11/site-packages/urllib3/util/retry.py", line 592, in increment
    raise MaxRetryError(_pool, url, error or ResponseError(cause))
urllib3.exceptions.MaxRetryError: HTTPSConnectionPool(host='wtfismyip.com', port=443): Max retries exceeded with url: /json (Caused by ProxyError('Cannot connect to proxy.', RemoteDisconnected('Remote end closed connection without response')))

During handling of the above exception, another exception occurred:

Traceback (most recent call last):
  File "/home/runner/work/Movie-Time-Server/Movie-Time-Server/main.py", line 56, in get_screenings_from_cinema
    return unsafe_get_screenings_from_cinema(get_screening, cinema, date, s)
           ^^^^^^^^^^^^^^^^^^^^^^^^^^^^^^^^^^^^^^^^^^^^^^^^^^^^^^^^^^^^^^^^^
  File "/opt/hostedtoolcache/Python/3.11.9/x64/lib/python3.11/site-packages/decorator.py", line 232, in fun
    return caller(func, *(extras + args), **kw)
           ^^^^^^^^^^^^^^^^^^^^^^^^^^^^^^^^^^^^
  File "/opt/hostedtoolcache/Python/3.11.9/x64/lib/python3.11/site-packages/retry/api.py", line 90, in retry_decorator
    return __retry_internal(partial(f, *args, **kwargs), exceptions, tries, delay, max_delay, backoff, jitter,
           ^^^^^^^^^^^^^^^^^^^^^^^^^^^^^^^^^^^^^^^^^^^^^^^^^^^^^^^^^^^^^^^^^^^^^^^^^^^^^^^^^^^^^^^^^^^^^^^^^^^
  File "/opt/hostedtoolcache/Python/3.11.9/x64/lib/python3.11/site-packages/retry/api.py", line 35, in __retry_internal
    return f()
           ^^^
  File "/home/runner/work/Movie-Time-Server/Movie-Time-Server/main.py", line 74, in unsafe_get_screenings_from_cinema
    return get_screening(year, month, day, s)
           ^^^^^^^^^^^^^^^^^^^^^^^^^^^^^^^^^^
  File "/home/runner/work/Movie-Time-Server/Movie-Time-Server/cinemas/lev.py", line 127, in get_screenings
    with ProxifiedSession(s) as ps:
  File "/home/runner/work/Movie-Time-Server/Movie-Time-Server/proxy.py", line 12, in __enter__
    proxy_info = self.session.get("https://wtfismyip.com/json").json()
                 ^^^^^^^^^^^^^^^^^^^^^^^^^^^^^^^^^^^^^^^^^^^^^^
  File "/opt/hostedtoolcache/Python/3.11.9/x64/lib/python3.11/site-packages/requests/sessions.py", line 602, in get
    return self.request("GET", url, **kwargs)
           ^^^^^^^^^^^^^^^^^^^^^^^^^^^^^^^^^^
  File "/opt/hostedtoolcache/Python/3.11.9/x64/lib/python3.11/site-packages/requests/sessions.py", line 589, in request
    resp = self.send(prep, **send_kwargs)
           ^^^^^^^^^^^^^^^^^^^^^^^^^^^^^^
  File "/opt/hostedtoolcache/Python/3.11.9/x64/lib/python3.11/site-packages/requests/sessions.py", line 703, in send
    r = adapter.send(request, **kwargs)
        ^^^^^^^^^^^^^^^^^^^^^^^^^^^^^^^
  File "/opt/hostedtoolcache/Python/3.11.9/x64/lib/python3.11/site-packages/requests/adapters.py", line 513, in send
    raise ProxyError(e, request=request)
requests.exceptions.ProxyError: HTTPSConnectionPool(host='wtfismyip.com', port=443): Max retries exceeded with url: /json (Caused by ProxyError('Cannot connect to proxy.', RemoteDisconnected('Remote end closed connection without response')))
2024-04-27 02:39:33,047 - cinemas.movieland - INFO - STARTED Movie Land
2024-04-27 02:39:33,048 - cinemas.movieland - INFO - STARTED Movie Land CARMIEL
2024-04-27 02:39:33,048 - cinemas.movieland - INFO - DONE Movie Land CARMIEL
2024-04-27 02:39:33,048 - cinemas.movieland - INFO - STARTED Movie Land HAIFA
2024-04-27 02:39:33,049 - cinemas.movieland - INFO - DONE Movie Land HAIFA
2024-04-27 02:39:33,049 - cinemas.movieland - INFO - STARTED Movie Land NATANYA
2024-04-27 02:39:36,760 - cinemas.movieland - INFO - DONE Movie Land NATANYA
2024-04-27 02:39:36,761 - cinemas.movieland - INFO - DONE Movie Land
2024-04-27 02:39:36,761 - cinemas.movieland - INFO - STARTED Movie Land
2024-04-27 02:39:36,761 - cinemas.movieland - INFO - STARTED Movie Land CARMIEL
2024-04-27 02:39:36,761 - cinemas.movieland - INFO - DONE Movie Land CARMIEL
2024-04-27 02:39:36,761 - cinemas.movieland - INFO - STARTED Movie Land HAIFA
2024-04-27 02:39:36,762 - cinemas.movieland - INFO - DONE Movie Land HAIFA
2024-04-27 02:39:36,762 - cinemas.movieland - INFO - STARTED Movie Land NATANYA
2024-04-27 02:39:36,762 - cinemas.movieland - INFO - DONE Movie Land NATANYA
2024-04-27 02:39:36,763 - cinemas.movieland - INFO - DONE Movie Land
2024-04-27 02:39:36,763 - root - INFO - ********************
2024-04-27 02:39:36,763 - root - INFO - started checking for:30-04-2024
2024-04-27 02:39:36,763 - cinemas.yes_planet - INFO - STARTED YES PLANET
2024-04-27 02:39:36,763 - cinemas.yes_planet - INFO - STARTED YES PLANET RISHON
2024-04-27 02:39:43,446 - root - ERROR - yes planet crashed
Traceback (most recent call last):
  File "/opt/hostedtoolcache/Python/3.11.9/x64/lib/python3.11/site-packages/requests/models.py", line 971, in json
    return complexjson.loads(self.text, **kwargs)
           ^^^^^^^^^^^^^^^^^^^^^^^^^^^^^^^^^^^^^^
  File "/opt/hostedtoolcache/Python/3.11.9/x64/lib/python3.11/json/__init__.py", line 346, in loads
    return _default_decoder.decode(s)
           ^^^^^^^^^^^^^^^^^^^^^^^^^^
  File "/opt/hostedtoolcache/Python/3.11.9/x64/lib/python3.11/json/decoder.py", line 337, in decode
    obj, end = self.raw_decode(s, idx=_w(s, 0).end())
               ^^^^^^^^^^^^^^^^^^^^^^^^^^^^^^^^^^^^^^
  File "/opt/hostedtoolcache/Python/3.11.9/x64/lib/python3.11/json/decoder.py", line 355, in raw_decode
    raise JSONDecodeError("Expecting value", s, err.value) from None
json.decoder.JSONDecodeError: Expecting value: line 1 column 1 (char 0)

During handling of the above exception, another exception occurred:

Traceback (most recent call last):
  File "/home/runner/work/Movie-Time-Server/Movie-Time-Server/main.py", line 56, in get_screenings_from_cinema
    return unsafe_get_screenings_from_cinema(get_screening, cinema, date, s)
           ^^^^^^^^^^^^^^^^^^^^^^^^^^^^^^^^^^^^^^^^^^^^^^^^^^^^^^^^^^^^^^^^^
  File "/opt/hostedtoolcache/Python/3.11.9/x64/lib/python3.11/site-packages/decorator.py", line 232, in fun
    return caller(func, *(extras + args), **kw)
           ^^^^^^^^^^^^^^^^^^^^^^^^^^^^^^^^^^^^
  File "/opt/hostedtoolcache/Python/3.11.9/x64/lib/python3.11/site-packages/retry/api.py", line 90, in retry_decorator
    return __retry_internal(partial(f, *args, **kwargs), exceptions, tries, delay, max_delay, backoff, jitter,
           ^^^^^^^^^^^^^^^^^^^^^^^^^^^^^^^^^^^^^^^^^^^^^^^^^^^^^^^^^^^^^^^^^^^^^^^^^^^^^^^^^^^^^^^^^^^^^^^^^^^
  File "/opt/hostedtoolcache/Python/3.11.9/x64/lib/python3.11/site-packages/retry/api.py", line 35, in __retry_internal
    return f()
           ^^^
  File "/home/runner/work/Movie-Time-Server/Movie-Time-Server/main.py", line 71, in unsafe_get_screenings_from_cinema
    screenings = get_screening(year, month, day, s)
                 ^^^^^^^^^^^^^^^^^^^^^^^^^^^^^^^^^^
  File "/home/runner/work/Movie-Time-Server/Movie-Time-Server/cinemas/yes_planet.py", line 132, in get_screenings
    screenings.extend(get_by_location(location, date, format_date, s))
                      ^^^^^^^^^^^^^^^^^^^^^^^^^^^^^^^^^^^^^^^^^^^^^^^
  File "/home/runner/work/Movie-Time-Server/Movie-Time-Server/cinemas/yes_planet.py", line 109, in get_by_location
    movies_data, events = prepare(location, date, s)
                          ^^^^^^^^^^^^^^^^^^^^^^^^^^
  File "/home/runner/work/Movie-Time-Server/Movie-Time-Server/cinemas/yes_planet.py", line 100, in prepare
    data = dict(res.json().get("body"))
                ^^^^^^^^^^
  File "/opt/hostedtoolcache/Python/3.11.9/x64/lib/python3.11/site-packages/requests/models.py", line 975, in json
    raise RequestsJSONDecodeError(e.msg, e.doc, e.pos)
requests.exceptions.JSONDecodeError: Expecting value: line 1 column 1 (char 0)
2024-04-27 02:39:43,483 - cinemas.rav_hen - INFO - STARTED RAV HEN
2024-04-27 02:39:43,483 - cinemas.rav_hen - INFO - STARTED RAV HEN GIVATAIM
2024-04-27 02:39:46,262 - root - ERROR - rav hen crashed
Traceback (most recent call last):
  File "/opt/hostedtoolcache/Python/3.11.9/x64/lib/python3.11/site-packages/requests/models.py", line 971, in json
    return complexjson.loads(self.text, **kwargs)
           ^^^^^^^^^^^^^^^^^^^^^^^^^^^^^^^^^^^^^^
  File "/opt/hostedtoolcache/Python/3.11.9/x64/lib/python3.11/json/__init__.py", line 346, in loads
    return _default_decoder.decode(s)
           ^^^^^^^^^^^^^^^^^^^^^^^^^^
  File "/opt/hostedtoolcache/Python/3.11.9/x64/lib/python3.11/json/decoder.py", line 337, in decode
    obj, end = self.raw_decode(s, idx=_w(s, 0).end())
               ^^^^^^^^^^^^^^^^^^^^^^^^^^^^^^^^^^^^^^
  File "/opt/hostedtoolcache/Python/3.11.9/x64/lib/python3.11/json/decoder.py", line 355, in raw_decode
    raise JSONDecodeError("Expecting value", s, err.value) from None
json.decoder.JSONDecodeError: Expecting value: line 1 column 1 (char 0)

During handling of the above exception, another exception occurred:

Traceback (most recent call last):
  File "/home/runner/work/Movie-Time-Server/Movie-Time-Server/main.py", line 56, in get_screenings_from_cinema
    return unsafe_get_screenings_from_cinema(get_screening, cinema, date, s)
           ^^^^^^^^^^^^^^^^^^^^^^^^^^^^^^^^^^^^^^^^^^^^^^^^^^^^^^^^^^^^^^^^^
  File "/opt/hostedtoolcache/Python/3.11.9/x64/lib/python3.11/site-packages/decorator.py", line 232, in fun
    return caller(func, *(extras + args), **kw)
           ^^^^^^^^^^^^^^^^^^^^^^^^^^^^^^^^^^^^
  File "/opt/hostedtoolcache/Python/3.11.9/x64/lib/python3.11/site-packages/retry/api.py", line 90, in retry_decorator
    return __retry_internal(partial(f, *args, **kwargs), exceptions, tries, delay, max_delay, backoff, jitter,
           ^^^^^^^^^^^^^^^^^^^^^^^^^^^^^^^^^^^^^^^^^^^^^^^^^^^^^^^^^^^^^^^^^^^^^^^^^^^^^^^^^^^^^^^^^^^^^^^^^^^
  File "/opt/hostedtoolcache/Python/3.11.9/x64/lib/python3.11/site-packages/retry/api.py", line 35, in __retry_internal
    return f()
           ^^^
  File "/home/runner/work/Movie-Time-Server/Movie-Time-Server/main.py", line 71, in unsafe_get_screenings_from_cinema
    screenings = get_screening(year, month, day, s)
                 ^^^^^^^^^^^^^^^^^^^^^^^^^^^^^^^^^^
  File "/home/runner/work/Movie-Time-Server/Movie-Time-Server/cinemas/rav_hen.py", line 124, in get_screenings
    screenings.extend(get_by_location(location, date, format_date, s))
                      ^^^^^^^^^^^^^^^^^^^^^^^^^^^^^^^^^^^^^^^^^^^^^^^
  File "/home/runner/work/Movie-Time-Server/Movie-Time-Server/cinemas/rav_hen.py", line 100, in get_by_location
    movies_data, events = prepare(location, date, s)
                          ^^^^^^^^^^^^^^^^^^^^^^^^^^
  File "/home/runner/work/Movie-Time-Server/Movie-Time-Server/cinemas/rav_hen.py", line 46, in prepare
    data = dict(res.json().get("body"))
                ^^^^^^^^^^
  File "/opt/hostedtoolcache/Python/3.11.9/x64/lib/python3.11/site-packages/requests/models.py", line 975, in json
    raise RequestsJSONDecodeError(e.msg, e.doc, e.pos)
requests.exceptions.JSONDecodeError: Expecting value: line 1 column 1 (char 0)
2024-04-27 02:39:46,263 - cinemas.hot_cinema - INFO - STARTED HOT CINEMA
2024-04-27 02:39:46,263 - cinemas.hot_cinema - INFO - STARTED HOT CINEMA MODIIN
2024-04-27 02:39:57,230 - cinemas.hot_cinema - INFO - DONE HOT CINEMA MODIIN
2024-04-27 02:39:57,230 - cinemas.hot_cinema - INFO - STARTED HOT CINEMA KIRYON
2024-04-27 02:40:14,629 - cinemas.hot_cinema - INFO - DONE HOT CINEMA KIRYON
2024-04-27 02:40:14,630 - cinemas.hot_cinema - INFO - STARTED HOT CINEMA KFAR_SABBA
2024-04-27 02:40:15,435 - cinemas.hot_cinema - INFO - DONE HOT CINEMA KFAR_SABBA
2024-04-27 02:40:15,435 - cinemas.hot_cinema - INFO - STARTED HOT CINEMA HAIFA
2024-04-27 02:40:19,781 - cinemas.hot_cinema - INFO - DONE HOT CINEMA HAIFA
2024-04-27 02:40:19,781 - cinemas.hot_cinema - INFO - STARTED HOT CINEMA PETACH_TIKVA
2024-04-27 02:40:24,534 - cinemas.hot_cinema - INFO - DONE HOT CINEMA PETACH_TIKVA
2024-04-27 02:40:24,534 - cinemas.hot_cinema - INFO - STARTED HOT CINEMA RECHOVOT
2024-04-27 02:40:25,624 - cinemas.hot_cinema - INFO - DONE HOT CINEMA RECHOVOT
2024-04-27 02:40:25,624 - cinemas.hot_cinema - INFO - STARTED HOT CINEMA ASHKELON
2024-04-27 02:40:26,984 - cinemas.hot_cinema - INFO - DONE HOT CINEMA ASHKELON
2024-04-27 02:40:26,984 - cinemas.hot_cinema - INFO - STARTED HOT CINEMA KARMIEL
2024-04-27 02:40:27,990 - cinemas.hot_cinema - INFO - DONE HOT CINEMA KARMIEL
2024-04-27 02:40:27,991 - cinemas.hot_cinema - INFO - STARTED HOT CINEMA NAHARIA
2024-04-27 02:40:29,252 - cinemas.hot_cinema - INFO - DONE HOT CINEMA NAHARIA
2024-04-27 02:40:29,252 - cinemas.hot_cinema - INFO - STARTED HOT CINEMA ASHDOD
2024-04-27 02:40:30,099 - cinemas.hot_cinema - INFO - DONE HOT CINEMA ASHDOD
2024-04-27 02:40:30,099 - cinemas.hot_cinema - INFO - DONE HOT CINEMA
2024-04-27 02:40:30,099 - cinemas.hot_cinema - INFO - STARTED HOT CINEMA
2024-04-27 02:40:30,099 - cinemas.hot_cinema - INFO - STARTED HOT CINEMA MODIIN
2024-04-27 02:40:31,039 - cinemas.hot_cinema - INFO - DONE HOT CINEMA MODIIN
2024-04-27 02:40:31,039 - cinemas.hot_cinema - INFO - STARTED HOT CINEMA KIRYON
2024-04-27 02:40:32,451 - cinemas.hot_cinema - INFO - DONE HOT CINEMA KIRYON
2024-04-27 02:40:32,451 - cinemas.hot_cinema - INFO - STARTED HOT CINEMA KFAR_SABBA
2024-04-27 02:40:33,787 - cinemas.hot_cinema - INFO - DONE HOT CINEMA KFAR_SABBA
2024-04-27 02:40:33,787 - cinemas.hot_cinema - INFO - STARTED HOT CINEMA HAIFA
2024-04-27 02:40:35,151 - cinemas.hot_cinema - INFO - DONE HOT CINEMA HAIFA
2024-04-27 02:40:35,151 - cinemas.hot_cinema - INFO - STARTED HOT CINEMA PETACH_TIKVA
2024-04-27 02:40:37,147 - cinemas.hot_cinema - INFO - DONE HOT CINEMA PETACH_TIKVA
2024-04-27 02:40:37,147 - cinemas.hot_cinema - INFO - STARTED HOT CINEMA RECHOVOT
2024-04-27 02:40:38,323 - cinemas.hot_cinema - INFO - DONE HOT CINEMA RECHOVOT
2024-04-27 02:40:38,323 - cinemas.hot_cinema - INFO - STARTED HOT CINEMA ASHKELON
2024-04-27 02:40:39,518 - cinemas.hot_cinema - INFO - DONE HOT CINEMA ASHKELON
2024-04-27 02:40:39,518 - cinemas.hot_cinema - INFO - STARTED HOT CINEMA KARMIEL
2024-04-27 02:40:40,559 - cinemas.hot_cinema - INFO - DONE HOT CINEMA KARMIEL
2024-04-27 02:40:40,559 - cinemas.hot_cinema - INFO - STARTED HOT CINEMA NAHARIA
2024-04-27 02:40:41,521 - cinemas.hot_cinema - INFO - DONE HOT CINEMA NAHARIA
2024-04-27 02:40:41,521 - cinemas.hot_cinema - INFO - STARTED HOT CINEMA ASHDOD
2024-04-27 02:40:42,756 - cinemas.hot_cinema - INFO - DONE HOT CINEMA ASHDOD
2024-04-27 02:40:42,756 - cinemas.hot_cinema - INFO - DONE HOT CINEMA
2024-04-27 02:40:42,756 - cinemas.cinema_city - INFO - STARTED CINEMA CITY
2024-04-27 02:40:42,756 - cinemas.cinema_city - INFO - STARTED CINEMA CITY GLILOT
2024-04-27 02:40:45,894 - root - ERROR - cinema city crashed
Traceback (most recent call last):
  File "/opt/hostedtoolcache/Python/3.11.9/x64/lib/python3.11/site-packages/requests/models.py", line 971, in json
    return complexjson.loads(self.text, **kwargs)
           ^^^^^^^^^^^^^^^^^^^^^^^^^^^^^^^^^^^^^^
  File "/opt/hostedtoolcache/Python/3.11.9/x64/lib/python3.11/json/__init__.py", line 346, in loads
    return _default_decoder.decode(s)
           ^^^^^^^^^^^^^^^^^^^^^^^^^^
  File "/opt/hostedtoolcache/Python/3.11.9/x64/lib/python3.11/json/decoder.py", line 337, in decode
    obj, end = self.raw_decode(s, idx=_w(s, 0).end())
               ^^^^^^^^^^^^^^^^^^^^^^^^^^^^^^^^^^^^^^
  File "/opt/hostedtoolcache/Python/3.11.9/x64/lib/python3.11/json/decoder.py", line 355, in raw_decode
    raise JSONDecodeError("Expecting value", s, err.value) from None
json.decoder.JSONDecodeError: Expecting value: line 1 column 1 (char 0)

During handling of the above exception, another exception occurred:

Traceback (most recent call last):
  File "/home/runner/work/Movie-Time-Server/Movie-Time-Server/main.py", line 56, in get_screenings_from_cinema
    return unsafe_get_screenings_from_cinema(get_screening, cinema, date, s)
           ^^^^^^^^^^^^^^^^^^^^^^^^^^^^^^^^^^^^^^^^^^^^^^^^^^^^^^^^^^^^^^^^^
  File "/opt/hostedtoolcache/Python/3.11.9/x64/lib/python3.11/site-packages/decorator.py", line 232, in fun
    return caller(func, *(extras + args), **kw)
           ^^^^^^^^^^^^^^^^^^^^^^^^^^^^^^^^^^^^
  File "/opt/hostedtoolcache/Python/3.11.9/x64/lib/python3.11/site-packages/retry/api.py", line 90, in retry_decorator
    return __retry_internal(partial(f, *args, **kwargs), exceptions, tries, delay, max_delay, backoff, jitter,
           ^^^^^^^^^^^^^^^^^^^^^^^^^^^^^^^^^^^^^^^^^^^^^^^^^^^^^^^^^^^^^^^^^^^^^^^^^^^^^^^^^^^^^^^^^^^^^^^^^^^
  File "/opt/hostedtoolcache/Python/3.11.9/x64/lib/python3.11/site-packages/retry/api.py", line 35, in __retry_internal
    return f()
           ^^^
  File "/home/runner/work/Movie-Time-Server/Movie-Time-Server/main.py", line 71, in unsafe_get_screenings_from_cinema
    screenings = get_screening(year, month, day, s)
                 ^^^^^^^^^^^^^^^^^^^^^^^^^^^^^^^^^^
  File "/home/runner/work/Movie-Time-Server/Movie-Time-Server/cinemas/cinema_city.py", line 144, in get_screenings
    screenings.extend(get_by_location(location, date, s))
                      ^^^^^^^^^^^^^^^^^^^^^^^^^^^^^^^^^^
  File "/home/runner/work/Movie-Time-Server/Movie-Time-Server/cinemas/cinema_city.py", line 115, in get_by_location
    new_date = get_date(location, date, s)
               ^^^^^^^^^^^^^^^^^^^^^^^^^^^
  File "/home/runner/work/Movie-Time-Server/Movie-Time-Server/cinemas/cinema_city.py", line 103, in get_date
    data = res.json()
           ^^^^^^^^^^
  File "/opt/hostedtoolcache/Python/3.11.9/x64/lib/python3.11/site-packages/requests/models.py", line 975, in json
    raise RequestsJSONDecodeError(e.msg, e.doc, e.pos)
requests.exceptions.JSONDecodeError: Expecting value: line 1 column 1 (char 0)
2024-04-27 02:40:45,895 - cinemas.lev - INFO - STARTED LEV
2024-04-27 02:40:49,075 - proxy - INFO - Proxy: {'YourFuckingIPAddress': '185.191.204.254', 'YourFuckingLocation': 'Israel', 'YourFuckingHostname': '204.254.hqserv.co.il', 'YourFuckingISP': 'HQserv Network Solutions', 'YourFuckingTorExit': False, 'YourFuckingCity': '', 'YourFuckingCountry': 'Israel', 'YourFuckingCountryCode': 'IL'}
2024-04-27 02:40:49,075 - cinemas.lev - INFO - STARTED LEV TEL_AVIV
2024-04-27 02:40:56,784 - cinemas.lev - INFO - DONE LEV TEL_AVIV
2024-04-27 02:40:56,784 - cinemas.lev - INFO - STARTED LEV RAMAT_HASHARON
2024-04-27 02:40:57,550 - cinemas.lev - INFO - DONE LEV RAMAT_HASHARON
2024-04-27 02:40:57,550 - cinemas.lev - INFO - STARTED LEV MANDARIN
2024-04-27 02:40:58,684 - cinemas.lev - INFO - DONE LEV MANDARIN
2024-04-27 02:40:58,684 - cinemas.lev - INFO - STARTED LEV EVEN_YEHUDA
2024-04-27 02:40:59,699 - cinemas.lev - INFO - DONE LEV EVEN_YEHUDA
2024-04-27 02:40:59,700 - cinemas.lev - INFO - STARTED LEV SMADAR
2024-04-27 02:41:00,533 - cinemas.lev - INFO - DONE LEV SMADAR
2024-04-27 02:41:00,533 - cinemas.lev - INFO - STARTED LEV RAANANA
2024-04-27 02:41:01,589 - cinemas.lev - INFO - DONE LEV RAANANA
2024-04-27 02:41:01,589 - cinemas.lev - INFO - STARTED LEV OMER
2024-04-27 02:41:02,570 - cinemas.lev - INFO - DONE LEV OMER
2024-04-27 02:41:02,570 - cinemas.lev - INFO - STARTED LEV SHOHAM
2024-04-27 02:41:03,967 - cinemas.lev - INFO - DONE LEV SHOHAM
2024-04-27 02:41:03,967 - cinemas.lev - INFO - STARTED LEV DANIEL
2024-04-27 02:41:05,187 - cinemas.lev - INFO - DONE LEV DANIEL
2024-04-27 02:41:05,188 - proxy - INFO - Proxy removed
2024-04-27 02:41:05,188 - cinemas.lev - INFO - DONE LEV
2024-04-27 02:41:05,188 - cinemas.lev - INFO - STARTED LEV
2024-04-27 02:41:08,998 - proxy - INFO - Proxy: {'YourFuckingIPAddress': '185.191.204.254', 'YourFuckingLocation': 'Israel', 'YourFuckingHostname': '204.254.hqserv.co.il', 'YourFuckingISP': 'HQserv Network Solutions', 'YourFuckingTorExit': False, 'YourFuckingCity': '', 'YourFuckingCountry': 'Israel', 'YourFuckingCountryCode': 'IL'}
2024-04-27 02:41:08,998 - cinemas.lev - INFO - STARTED LEV TEL_AVIV
2024-04-27 02:41:10,358 - cinemas.lev - INFO - DONE LEV TEL_AVIV
2024-04-27 02:41:10,358 - cinemas.lev - INFO - STARTED LEV RAMAT_HASHARON
2024-04-27 02:41:11,365 - cinemas.lev - INFO - DONE LEV RAMAT_HASHARON
2024-04-27 02:41:11,365 - cinemas.lev - INFO - STARTED LEV MANDARIN
2024-04-27 02:41:12,502 - cinemas.lev - INFO - DONE LEV MANDARIN
2024-04-27 02:41:12,503 - cinemas.lev - INFO - STARTED LEV EVEN_YEHUDA
2024-04-27 02:41:13,542 - cinemas.lev - INFO - DONE LEV EVEN_YEHUDA
2024-04-27 02:41:13,542 - cinemas.lev - INFO - STARTED LEV SMADAR
2024-04-27 02:41:15,088 - cinemas.lev - INFO - DONE LEV SMADAR
2024-04-27 02:41:15,088 - cinemas.lev - INFO - STARTED LEV RAANANA
2024-04-27 02:41:16,207 - cinemas.lev - INFO - DONE LEV RAANANA
2024-04-27 02:41:16,207 - cinemas.lev - INFO - STARTED LEV OMER
2024-04-27 02:41:17,373 - cinemas.lev - INFO - DONE LEV OMER
2024-04-27 02:41:17,373 - cinemas.lev - INFO - STARTED LEV SHOHAM
2024-04-27 02:41:18,374 - cinemas.lev - INFO - DONE LEV SHOHAM
2024-04-27 02:41:18,374 - cinemas.lev - INFO - STARTED LEV DANIEL
2024-04-27 02:41:19,366 - cinemas.lev - INFO - DONE LEV DANIEL
2024-04-27 02:41:19,366 - proxy - INFO - Proxy removed
2024-04-27 02:41:19,367 - cinemas.lev - INFO - DONE LEV
2024-04-27 02:41:19,367 - cinemas.movieland - INFO - STARTED Movie Land
2024-04-27 02:41:19,367 - cinemas.movieland - INFO - STARTED Movie Land CARMIEL
2024-04-27 02:41:21,155 - cinemas.movieland - INFO - DONE Movie Land CARMIEL
2024-04-27 02:41:21,155 - cinemas.movieland - INFO - STARTED Movie Land HAIFA
2024-04-27 02:41:21,155 - cinemas.movieland - INFO - DONE Movie Land HAIFA
2024-04-27 02:41:21,155 - cinemas.movieland - INFO - STARTED Movie Land NATANYA
2024-04-27 02:41:21,156 - cinemas.movieland - INFO - DONE Movie Land NATANYA
2024-04-27 02:41:21,156 - cinemas.movieland - INFO - DONE Movie Land
2024-04-27 02:41:21,156 - cinemas.movieland - INFO - STARTED Movie Land
2024-04-27 02:41:21,156 - cinemas.movieland - INFO - STARTED Movie Land CARMIEL
2024-04-27 02:41:21,157 - cinemas.movieland - INFO - DONE Movie Land CARMIEL
2024-04-27 02:41:21,157 - cinemas.movieland - INFO - STARTED Movie Land HAIFA
2024-04-27 02:41:21,158 - cinemas.movieland - INFO - DONE Movie Land HAIFA
2024-04-27 02:41:21,158 - cinemas.movieland - INFO - STARTED Movie Land NATANYA
2024-04-27 02:41:21,158 - cinemas.movieland - INFO - DONE Movie Land NATANYA
2024-04-27 02:41:21,158 - cinemas.movieland - INFO - DONE Movie Land
2024-04-27 02:41:21,158 - root - INFO - ********************
2024-04-27 02:41:21,158 - root - INFO - started checking for:01-05-2024
2024-04-27 02:41:21,159 - cinemas.yes_planet - INFO - STARTED YES PLANET
2024-04-27 02:41:21,159 - cinemas.yes_planet - INFO - STARTED YES PLANET RISHON
2024-04-27 02:41:22,095 - cinemas.yes_planet - INFO - DONE YES PLANET RISHON
2024-04-27 02:41:22,095 - cinemas.yes_planet - INFO - STARTED YES PLANET AYALON
2024-04-27 02:41:23,004 - cinemas.yes_planet - INFO - DONE YES PLANET AYALON
2024-04-27 02:41:23,005 - cinemas.yes_planet - INFO - STARTED YES PLANET ZICHRON
2024-04-27 02:41:23,933 - cinemas.yes_planet - INFO - DONE YES PLANET ZICHRON
2024-04-27 02:41:23,933 - cinemas.yes_planet - INFO - STARTED YES PLANET HAIFA
2024-04-27 02:41:24,852 - cinemas.yes_planet - INFO - DONE YES PLANET HAIFA
2024-04-27 02:41:24,853 - cinemas.yes_planet - INFO - STARTED YES PLANET JERUSALEM
2024-04-27 02:41:25,763 - cinemas.yes_planet - INFO - DONE YES PLANET JERUSALEM
2024-04-27 02:41:25,763 - cinemas.yes_planet - INFO - STARTED YES PLANET BEER_SHEVA
2024-04-27 02:41:26,685 - cinemas.yes_planet - INFO - DONE YES PLANET BEER_SHEVA
2024-04-27 02:41:26,685 - cinemas.yes_planet - INFO - DONE YES PLANET
2024-04-27 02:41:26,685 - cinemas.yes_planet - INFO - STARTED YES PLANET
2024-04-27 02:41:26,685 - cinemas.yes_planet - INFO - STARTED YES PLANET RISHON
2024-04-27 02:41:26,727 - cinemas.yes_planet - INFO - DONE YES PLANET RISHON
2024-04-27 02:41:26,727 - cinemas.yes_planet - INFO - STARTED YES PLANET AYALON
2024-04-27 02:41:26,751 - cinemas.yes_planet - INFO - DONE YES PLANET AYALON
2024-04-27 02:41:26,751 - cinemas.yes_planet - INFO - STARTED YES PLANET ZICHRON
2024-04-27 02:41:26,772 - cinemas.yes_planet - INFO - DONE YES PLANET ZICHRON
2024-04-27 02:41:26,772 - cinemas.yes_planet - INFO - STARTED YES PLANET HAIFA
2024-04-27 02:41:26,797 - cinemas.yes_planet - INFO - DONE YES PLANET HAIFA
2024-04-27 02:41:26,797 - cinemas.yes_planet - INFO - STARTED YES PLANET JERUSALEM
2024-04-27 02:41:26,821 - cinemas.yes_planet - INFO - DONE YES PLANET JERUSALEM
2024-04-27 02:41:26,821 - cinemas.yes_planet - INFO - STARTED YES PLANET BEER_SHEVA
2024-04-27 02:41:26,844 - cinemas.yes_planet - INFO - DONE YES PLANET BEER_SHEVA
2024-04-27 02:41:26,844 - cinemas.yes_planet - INFO - DONE YES PLANET
2024-04-27 02:41:26,845 - cinemas.rav_hen - INFO - STARTED RAV HEN
2024-04-27 02:41:26,845 - cinemas.rav_hen - INFO - STARTED RAV HEN GIVATAIM
2024-04-27 02:41:27,630 - cinemas.rav_hen - INFO - DONE RAV HEN GIVATAIM
2024-04-27 02:41:27,630 - cinemas.rav_hen - INFO - STARTED RAV HEN DIZINGOF
2024-04-27 02:41:28,492 - cinemas.rav_hen - INFO - DONE RAV HEN DIZINGOF
2024-04-27 02:41:28,492 - cinemas.rav_hen - INFO - STARTED RAV HEN MODIIN
2024-04-27 02:41:29,147 - cinemas.rav_hen - INFO - DONE RAV HEN MODIIN
2024-04-27 02:41:29,147 - cinemas.rav_hen - INFO - STARTED RAV HEN KIRYAT_ONO
2024-04-27 02:41:29,972 - cinemas.rav_hen - INFO - DONE RAV HEN KIRYAT_ONO
2024-04-27 02:41:29,973 - cinemas.rav_hen - INFO - DONE RAV HEN
2024-04-27 02:41:29,973 - cinemas.rav_hen - INFO - STARTED RAV HEN
2024-04-27 02:41:29,973 - cinemas.rav_hen - INFO - STARTED RAV HEN GIVATAIM
2024-04-27 02:41:29,991 - cinemas.rav_hen - INFO - DONE RAV HEN GIVATAIM
2024-04-27 02:41:29,991 - cinemas.rav_hen - INFO - STARTED RAV HEN DIZINGOF
2024-04-27 02:41:30,011 - cinemas.rav_hen - INFO - DONE RAV HEN DIZINGOF
2024-04-27 02:41:30,011 - cinemas.rav_hen - INFO - STARTED RAV HEN MODIIN
2024-04-27 02:41:30,031 - cinemas.rav_hen - INFO - DONE RAV HEN MODIIN
2024-04-27 02:41:30,031 - cinemas.rav_hen - INFO - STARTED RAV HEN KIRYAT_ONO
2024-04-27 02:41:30,055 - cinemas.rav_hen - INFO - DONE RAV HEN KIRYAT_ONO
2024-04-27 02:41:30,055 - cinemas.rav_hen - INFO - DONE RAV HEN
2024-04-27 02:41:30,055 - cinemas.hot_cinema - INFO - STARTED HOT CINEMA
2024-04-27 02:41:30,055 - cinemas.hot_cinema - INFO - STARTED HOT CINEMA MODIIN
2024-04-27 02:41:31,317 - cinemas.hot_cinema - INFO - DONE HOT CINEMA MODIIN
2024-04-27 02:41:31,317 - cinemas.hot_cinema - INFO - STARTED HOT CINEMA KIRYON
2024-04-27 02:41:31,733 - cinemas.hot_cinema - INFO - DONE HOT CINEMA KIRYON
2024-04-27 02:41:31,733 - cinemas.hot_cinema - INFO - STARTED HOT CINEMA KFAR_SABBA
2024-04-27 02:41:31,949 - cinemas.hot_cinema - INFO - DONE HOT CINEMA KFAR_SABBA
2024-04-27 02:41:31,949 - cinemas.hot_cinema - INFO - STARTED HOT CINEMA HAIFA
2024-04-27 02:41:32,164 - cinemas.hot_cinema - INFO - DONE HOT CINEMA HAIFA
2024-04-27 02:41:32,164 - cinemas.hot_cinema - INFO - STARTED HOT CINEMA PETACH_TIKVA
2024-04-27 02:41:32,379 - cinemas.hot_cinema - INFO - DONE HOT CINEMA PETACH_TIKVA
2024-04-27 02:41:32,379 - cinemas.hot_cinema - INFO - STARTED HOT CINEMA RECHOVOT
2024-04-27 02:41:32,592 - cinemas.hot_cinema - INFO - DONE HOT CINEMA RECHOVOT
2024-04-27 02:41:32,592 - cinemas.hot_cinema - INFO - STARTED HOT CINEMA ASHKELON
2024-04-27 02:41:32,805 - cinemas.hot_cinema - INFO - DONE HOT CINEMA ASHKELON
2024-04-27 02:41:32,805 - cinemas.hot_cinema - INFO - STARTED HOT CINEMA KARMIEL
2024-04-27 02:41:33,017 - cinemas.hot_cinema - INFO - DONE HOT CINEMA KARMIEL
2024-04-27 02:41:33,017 - cinemas.hot_cinema - INFO - STARTED HOT CINEMA NAHARIA
2024-04-27 02:41:33,229 - cinemas.hot_cinema - INFO - DONE HOT CINEMA NAHARIA
2024-04-27 02:41:33,229 - cinemas.hot_cinema - INFO - STARTED HOT CINEMA ASHDOD
2024-04-27 02:41:33,442 - cinemas.hot_cinema - INFO - DONE HOT CINEMA ASHDOD
2024-04-27 02:41:33,442 - cinemas.hot_cinema - INFO - DONE HOT CINEMA
2024-04-27 02:41:33,442 - cinemas.hot_cinema - INFO - STARTED HOT CINEMA
2024-04-27 02:41:33,442 - cinemas.hot_cinema - INFO - STARTED HOT CINEMA MODIIN
2024-04-27 02:41:33,656 - cinemas.hot_cinema - INFO - DONE HOT CINEMA MODIIN
2024-04-27 02:41:33,656 - cinemas.hot_cinema - INFO - STARTED HOT CINEMA KIRYON
2024-04-27 02:41:33,873 - cinemas.hot_cinema - INFO - DONE HOT CINEMA KIRYON
2024-04-27 02:41:33,873 - cinemas.hot_cinema - INFO - STARTED HOT CINEMA KFAR_SABBA
2024-04-27 02:41:34,088 - cinemas.hot_cinema - INFO - DONE HOT CINEMA KFAR_SABBA
2024-04-27 02:41:34,089 - cinemas.hot_cinema - INFO - STARTED HOT CINEMA HAIFA
2024-04-27 02:41:34,304 - cinemas.hot_cinema - INFO - DONE HOT CINEMA HAIFA
2024-04-27 02:41:34,304 - cinemas.hot_cinema - INFO - STARTED HOT CINEMA PETACH_TIKVA
2024-04-27 02:41:34,517 - cinemas.hot_cinema - INFO - DONE HOT CINEMA PETACH_TIKVA
2024-04-27 02:41:34,518 - cinemas.hot_cinema - INFO - STARTED HOT CINEMA RECHOVOT
2024-04-27 02:41:34,730 - cinemas.hot_cinema - INFO - DONE HOT CINEMA RECHOVOT
2024-04-27 02:41:34,731 - cinemas.hot_cinema - INFO - STARTED HOT CINEMA ASHKELON
2024-04-27 02:41:34,944 - cinemas.hot_cinema - INFO - DONE HOT CINEMA ASHKELON
2024-04-27 02:41:34,944 - cinemas.hot_cinema - INFO - STARTED HOT CINEMA KARMIEL
2024-04-27 02:41:35,157 - cinemas.hot_cinema - INFO - DONE HOT CINEMA KARMIEL
2024-04-27 02:41:35,157 - cinemas.hot_cinema - INFO - STARTED HOT CINEMA NAHARIA
2024-04-27 02:41:35,404 - cinemas.hot_cinema - INFO - DONE HOT CINEMA NAHARIA
2024-04-27 02:41:35,404 - cinemas.hot_cinema - INFO - STARTED HOT CINEMA ASHDOD
2024-04-27 02:41:35,620 - cinemas.hot_cinema - INFO - DONE HOT CINEMA ASHDOD
2024-04-27 02:41:35,620 - cinemas.hot_cinema - INFO - DONE HOT CINEMA
2024-04-27 02:41:35,621 - cinemas.cinema_city - INFO - STARTED CINEMA CITY
2024-04-27 02:41:35,621 - cinemas.cinema_city - INFO - STARTED CINEMA CITY GLILOT
2024-04-27 02:41:36,517 - cinemas.cinema_city - INFO - DONE CINEMA CITY GLILOT
2024-04-27 02:41:36,517 - cinemas.cinema_city - INFO - STARTED CINEMA CITY RISHON
2024-04-27 02:41:37,407 - cinemas.cinema_city - INFO - DONE CINEMA CITY RISHON
2024-04-27 02:41:37,407 - cinemas.cinema_city - INFO - STARTED CINEMA CITY JERUSALEM
2024-04-27 02:41:38,292 - cinemas.cinema_city - INFO - DONE CINEMA CITY JERUSALEM
2024-04-27 02:41:38,292 - cinemas.cinema_city - INFO - STARTED CINEMA CITY KFAR_SABBA
2024-04-27 02:41:38,974 - cinemas.cinema_city - INFO - DONE CINEMA CITY KFAR_SABBA
2024-04-27 02:41:38,974 - cinemas.cinema_city - INFO - STARTED CINEMA CITY NATANIA
2024-04-27 02:41:40,620 - cinemas.cinema_city - INFO - DONE CINEMA CITY NATANIA
2024-04-27 02:41:40,620 - cinemas.cinema_city - INFO - STARTED CINEMA CITY BEER_SHEVA
2024-04-27 02:41:41,306 - cinemas.cinema_city - INFO - DONE CINEMA CITY BEER_SHEVA
2024-04-27 02:41:41,306 - cinemas.cinema_city - INFO - STARTED CINEMA CITY HADERA
2024-04-27 02:41:42,197 - cinemas.cinema_city - INFO - DONE CINEMA CITY HADERA
2024-04-27 02:41:42,197 - cinemas.cinema_city - INFO - STARTED CINEMA CITY ASHDOD
2024-04-27 02:41:43,337 - cinemas.cinema_city - INFO - DONE CINEMA CITY ASHDOD
2024-04-27 02:41:43,337 - cinemas.cinema_city - INFO - DONE CINEMA CITY
2024-04-27 02:41:43,337 - cinemas.cinema_city - INFO - STARTED CINEMA CITY
2024-04-27 02:41:43,337 - cinemas.cinema_city - INFO - STARTED CINEMA CITY GLILOT
2024-04-27 02:41:44,215 - cinemas.cinema_city - INFO - DONE CINEMA CITY GLILOT
2024-04-27 02:41:44,215 - cinemas.cinema_city - INFO - STARTED CINEMA CITY RISHON
2024-04-27 02:41:44,890 - cinemas.cinema_city - INFO - DONE CINEMA CITY RISHON
2024-04-27 02:41:44,890 - cinemas.cinema_city - INFO - STARTED CINEMA CITY JERUSALEM
2024-04-27 02:41:45,803 - cinemas.cinema_city - INFO - DONE CINEMA CITY JERUSALEM
2024-04-27 02:41:45,803 - cinemas.cinema_city - INFO - STARTED CINEMA CITY KFAR_SABBA
2024-04-27 02:41:46,722 - cinemas.cinema_city - INFO - DONE CINEMA CITY KFAR_SABBA
2024-04-27 02:41:46,722 - cinemas.cinema_city - INFO - STARTED CINEMA CITY NATANIA
2024-04-27 02:41:47,604 - cinemas.cinema_city - INFO - DONE CINEMA CITY NATANIA
2024-04-27 02:41:47,604 - cinemas.cinema_city - INFO - STARTED CINEMA CITY BEER_SHEVA
2024-04-27 02:41:48,526 - cinemas.cinema_city - INFO - DONE CINEMA CITY BEER_SHEVA
2024-04-27 02:41:48,526 - cinemas.cinema_city - INFO - STARTED CINEMA CITY HADERA
2024-04-27 02:41:49,407 - cinemas.cinema_city - INFO - DONE CINEMA CITY HADERA
2024-04-27 02:41:49,407 - cinemas.cinema_city - INFO - STARTED CINEMA CITY ASHDOD
2024-04-27 02:41:50,330 - cinemas.cinema_city - INFO - DONE CINEMA CITY ASHDOD
2024-04-27 02:41:50,330 - cinemas.cinema_city - INFO - DONE CINEMA CITY
2024-04-27 02:41:50,330 - cinemas.lev - INFO - STARTED LEV
2024-04-27 02:41:57,769 - proxy - INFO - Proxy: {'YourFuckingIPAddress': '185.191.204.254', 'YourFuckingLocation': 'Israel', 'YourFuckingHostname': '204.254.hqserv.co.il', 'YourFuckingISP': 'HQserv Network Solutions', 'YourFuckingTorExit': False, 'YourFuckingCity': '', 'YourFuckingCountry': 'Israel', 'YourFuckingCountryCode': 'IL'}
2024-04-27 02:41:57,769 - cinemas.lev - INFO - STARTED LEV TEL_AVIV
2024-04-27 02:42:03,066 - cinemas.lev - INFO - DONE LEV TEL_AVIV
2024-04-27 02:42:03,066 - cinemas.lev - INFO - STARTED LEV RAMAT_HASHARON
2024-04-27 02:42:04,271 - cinemas.lev - INFO - DONE LEV RAMAT_HASHARON
2024-04-27 02:42:04,271 - cinemas.lev - INFO - STARTED LEV MANDARIN
2024-04-27 02:42:05,115 - cinemas.lev - INFO - DONE LEV MANDARIN
2024-04-27 02:42:05,115 - cinemas.lev - INFO - STARTED LEV EVEN_YEHUDA
2024-04-27 02:42:05,758 - cinemas.lev - INFO - DONE LEV EVEN_YEHUDA
2024-04-27 02:42:05,759 - cinemas.lev - INFO - STARTED LEV SMADAR
2024-04-27 02:42:07,936 - cinemas.lev - INFO - DONE LEV SMADAR
2024-04-27 02:42:07,936 - cinemas.lev - INFO - STARTED LEV RAANANA
2024-04-27 02:42:10,023 - cinemas.lev - INFO - DONE LEV RAANANA
2024-04-27 02:42:10,023 - cinemas.lev - INFO - STARTED LEV OMER
2024-04-27 02:42:11,179 - cinemas.lev - INFO - DONE LEV OMER
2024-04-27 02:42:11,179 - cinemas.lev - INFO - STARTED LEV SHOHAM
2024-04-27 02:42:12,892 - cinemas.lev - INFO - DONE LEV SHOHAM
2024-04-27 02:42:12,893 - cinemas.lev - INFO - STARTED LEV DANIEL
2024-04-27 02:42:13,856 - cinemas.lev - INFO - DONE LEV DANIEL
2024-04-27 02:42:13,856 - proxy - INFO - Proxy removed
2024-04-27 02:42:13,856 - cinemas.lev - INFO - DONE LEV
2024-04-27 02:42:13,856 - cinemas.lev - INFO - STARTED LEV
2024-04-27 02:42:16,706 - proxy - INFO - Proxy: {'YourFuckingIPAddress': '185.191.204.254', 'YourFuckingLocation': 'Israel', 'YourFuckingHostname': '204.254.hqserv.co.il', 'YourFuckingISP': 'HQserv Network Solutions', 'YourFuckingTorExit': False, 'YourFuckingCity': '', 'YourFuckingCountry': 'Israel', 'YourFuckingCountryCode': 'IL'}
2024-04-27 02:42:16,706 - cinemas.lev - INFO - STARTED LEV TEL_AVIV
2024-04-27 02:42:17,564 - cinemas.lev - INFO - DONE LEV TEL_AVIV
2024-04-27 02:42:17,564 - cinemas.lev - INFO - STARTED LEV RAMAT_HASHARON
2024-04-27 02:42:18,623 - cinemas.lev - INFO - DONE LEV RAMAT_HASHARON
2024-04-27 02:42:18,623 - cinemas.lev - INFO - STARTED LEV MANDARIN
2024-04-27 02:42:19,777 - cinemas.lev - INFO - DONE LEV MANDARIN
2024-04-27 02:42:19,777 - cinemas.lev - INFO - STARTED LEV EVEN_YEHUDA
2024-04-27 02:42:20,777 - cinemas.lev - INFO - DONE LEV EVEN_YEHUDA
2024-04-27 02:42:20,777 - cinemas.lev - INFO - STARTED LEV SMADAR
2024-04-27 02:42:21,825 - cinemas.lev - INFO - DONE LEV SMADAR
2024-04-27 02:42:21,825 - cinemas.lev - INFO - STARTED LEV RAANANA
2024-04-27 02:42:22,795 - cinemas.lev - INFO - DONE LEV RAANANA
2024-04-27 02:42:22,796 - cinemas.lev - INFO - STARTED LEV OMER
2024-04-27 02:42:27,401 - cinemas.lev - INFO - DONE LEV OMER
2024-04-27 02:42:27,401 - cinemas.lev - INFO - STARTED LEV SHOHAM
2024-04-27 02:42:28,714 - cinemas.lev - INFO - DONE LEV SHOHAM
2024-04-27 02:42:28,714 - cinemas.lev - INFO - STARTED LEV DANIEL
2024-04-27 02:42:29,638 - cinemas.lev - INFO - DONE LEV DANIEL
2024-04-27 02:42:29,638 - proxy - INFO - Proxy removed
2024-04-27 02:42:29,638 - cinemas.lev - INFO - DONE LEV
2024-04-27 02:42:29,638 - cinemas.movieland - INFO - STARTED Movie Land
2024-04-27 02:42:29,638 - cinemas.movieland - INFO - STARTED Movie Land CARMIEL
2024-04-27 02:42:29,638 - cinemas.movieland - INFO - DONE Movie Land CARMIEL
2024-04-27 02:42:29,639 - cinemas.movieland - INFO - STARTED Movie Land HAIFA
2024-04-27 02:42:29,639 - cinemas.movieland - INFO - DONE Movie Land HAIFA
2024-04-27 02:42:29,639 - cinemas.movieland - INFO - STARTED Movie Land NATANYA
2024-04-27 02:42:29,640 - cinemas.movieland - INFO - DONE Movie Land NATANYA
2024-04-27 02:42:29,640 - cinemas.movieland - INFO - DONE Movie Land
2024-04-27 02:42:29,640 - cinemas.movieland - INFO - STARTED Movie Land
2024-04-27 02:42:29,640 - cinemas.movieland - INFO - STARTED Movie Land CARMIEL
2024-04-27 02:42:29,640 - cinemas.movieland - INFO - DONE Movie Land CARMIEL
2024-04-27 02:42:29,640 - cinemas.movieland - INFO - STARTED Movie Land HAIFA
2024-04-27 02:42:29,641 - cinemas.movieland - INFO - DONE Movie Land HAIFA
2024-04-27 02:42:29,641 - cinemas.movieland - INFO - STARTED Movie Land NATANYA
2024-04-27 02:42:29,641 - cinemas.movieland - INFO - DONE Movie Land NATANYA
2024-04-27 02:42:29,641 - cinemas.movieland - INFO - DONE Movie Land
2024-04-27 02:42:31,695 - seret.movie_info_fetchers.composite - INFO - Got info for Lassie 2 - A New Adventure using ElasticMovieInfoFetcher
2024-04-27 02:42:33,204 - seret.movie_info_fetchers.composite - INFO - Got info for Dune: Part Two using ElasticMovieInfoFetcher
2024-04-27 02:42:35,020 - seret.movie_info_fetchers.composite - INFO - Got info for The snow queen and the princess using ElasticMovieInfoFetcher
2024-04-27 02:42:40,858 - seret.movie_info_fetchers.search_engines_api.composite - WARNING - Failed to search with google: The result parsing was unsuccessful. It is either your query could not be found or it was flagged as unusual traffic
2024-04-27 02:42:41,970 - seret.movie_info_fetchers.composite - WARNING - Failed to get info for Dragonkeeper
2024-04-27 02:42:43,303 - seret.movie_info_fetchers.composite - INFO - Got info for שומרת הדרקונים using ElasticMovieInfoFetcher
2024-04-27 02:42:45,508 - seret.movie_info_fetchers.composite - INFO - Got info for The Jungle Bunch 2 using ElasticMovieInfoFetcher
2024-04-27 02:42:46,611 - seret.movie_info_fetchers.composite - INFO - Got info for Migration using ElasticMovieInfoFetcher
2024-04-27 02:42:47,892 - seret.movie_info_fetchers.composite - INFO - Got info for Kung Fu Panda 4 using ElasticMovieInfoFetcher
2024-04-27 02:42:48,327 - seret.movie_info_fetchers.search_engines_api.composite - WARNING - Failed to search with google: The result parsing was unsuccessful. It is either your query could not be found or it was flagged as unusual traffic
2024-04-27 02:42:49,922 - seret.movie_info_fetchers.composite - INFO - Got info for Cat and Dog using SearchEngineMovieInfoFetcher
2024-04-27 02:42:50,921 - seret.movie_info_fetchers.composite - INFO - Got info for Back to Black using ElasticMovieInfoFetcher
2024-04-27 02:42:52,434 - seret.movie_info_fetchers.composite - INFO - Got info for Mavka: The Forest Song using ElasticMovieInfoFetcher
2024-04-27 02:42:53,344 - seret.movie_info_fetchers.composite - INFO - Got info for The Ministry of Ungentlemanly Warfare using ElasticMovieInfoFetcher
2024-04-27 02:42:54,473 - seret.movie_info_fetchers.composite - INFO - Got info for The Fall Guy using ElasticMovieInfoFetcher
2024-04-27 02:42:56,112 - seret.movie_info_fetchers.composite - INFO - Got info for Oink using ElasticMovieInfoFetcher
2024-04-27 02:42:57,248 - seret.movie_info_fetchers.composite - INFO - Got info for Air War using ElasticMovieInfoFetcher
2024-04-27 02:42:57,537 - seret.movie_raters.composite - WARNING - Failed to get rating for No Exit
2024-04-27 02:42:57,733 - seret.movie_raters.composite - WARNING - Failed to get rating for NO אקזיט
2024-04-27 02:42:57,733 - seret.movie_info_fetchers.composite - INFO - Got info for Demon Slayer: Kimetsu no Yaiba - Hashira Training using ElasticMovieInfoFetcher
2024-04-27 02:42:59,030 - seret.movie_info_fetchers.composite - INFO - Got info for Wonka using ElasticMovieInfoFetcher
2024-04-27 02:43:00,845 - seret.movie_info_fetchers.composite - INFO - Got info for Madame Web using ElasticMovieInfoFetcher
2024-04-27 02:43:01,763 - seret.movie_info_fetchers.composite - INFO - Got info for Anatomy of a fall using ElasticMovieInfoFetcher
2024-04-27 02:43:02,940 - seret.movie_info_fetchers.composite - INFO - Got info for CIVIL WAR using ElasticMovieInfoFetcher
2024-04-27 02:43:04,022 - seret.movie_info_fetchers.composite - INFO - Got info for Challengers using ElasticMovieInfoFetcher
2024-04-27 02:43:05,011 - seret.movie_info_fetchers.composite - INFO - Got info for Godzilla x Kong: The New Empire using ElasticMovieInfoFetcher
2024-04-27 02:43:06,354 - seret.movie_info_fetchers.composite - INFO - Got info for Joika using ElasticMovieInfoFetcher
2024-04-27 02:43:07,266 - seret.movie_info_fetchers.composite - INFO - Got info for Ghostbusters: Frozen Empire using ElasticMovieInfoFetcher
2024-04-27 02:43:07,590 - seret.movie_info_fetchers.search_engines_api.composite - WARNING - Failed to search with google: The result parsing was unsuccessful. It is either your query could not be found or it was flagged as unusual traffic
2024-04-27 02:43:07,697 - seret.movie_info_fetchers.search_engines_api.composite - WARNING - Failed to search with bing: The result parsing was unsuccessful. It is either your query could not be found or it was flagged as unusual traffic
2024-04-27 02:43:07,963 - seret.movie_info_fetchers.search_engines_api.composite - ERROR - Failed to search with duckduckgo
Traceback (most recent call last):
  File "/opt/hostedtoolcache/Python/3.11.9/x64/lib/python3.11/site-packages/urllib3/response.py", line 444, in _error_catcher
    yield
  File "/opt/hostedtoolcache/Python/3.11.9/x64/lib/python3.11/site-packages/urllib3/response.py", line 831, in read_chunked
    chunk = self._handle_chunk(amt)
            ^^^^^^^^^^^^^^^^^^^^^^^
  File "/opt/hostedtoolcache/Python/3.11.9/x64/lib/python3.11/site-packages/urllib3/response.py", line 784, in _handle_chunk
    returned_chunk = self._fp._safe_read(self.chunk_left)
                     ^^^^^^^^^^^^^^^^^^^^^^^^^^^^^^^^^^^^
  File "/opt/hostedtoolcache/Python/3.11.9/x64/lib/python3.11/http/client.py", line 640, in _safe_read
    raise IncompleteRead(data, amt-len(data))
http.client.IncompleteRead: IncompleteRead(6213 bytes read, 1971 more expected)

During handling of the above exception, another exception occurred:

Traceback (most recent call last):
  File "/opt/hostedtoolcache/Python/3.11.9/x64/lib/python3.11/site-packages/requests/models.py", line 816, in generate
    yield from self.raw.stream(chunk_size, decode_content=True)
  File "/opt/hostedtoolcache/Python/3.11.9/x64/lib/python3.11/site-packages/urllib3/response.py", line 624, in stream
    for line in self.read_chunked(amt, decode_content=decode_content):
  File "/opt/hostedtoolcache/Python/3.11.9/x64/lib/python3.11/site-packages/urllib3/response.py", line 816, in read_chunked
    with self._error_catcher():
  File "/opt/hostedtoolcache/Python/3.11.9/x64/lib/python3.11/contextlib.py", line 158, in __exit__
    self.gen.throw(typ, value, traceback)
  File "/opt/hostedtoolcache/Python/3.11.9/x64/lib/python3.11/site-packages/urllib3/response.py", line 461, in _error_catcher
    raise ProtocolError("Connection broken: %r" % e, e)
urllib3.exceptions.ProtocolError: ('Connection broken: IncompleteRead(6213 bytes read, 1971 more expected)', IncompleteRead(6213 bytes read, 1971 more expected))

During handling of the above exception, another exception occurred:

Traceback (most recent call last):
  File "/home/runner/work/Movie-Time-Server/Movie-Time-Server/seret/movie_info_fetchers/search_engines_api/composite.py", line 23, in search
    results = engine_search(query, wanted_term, remove_regex, need_in_url, session)
              ^^^^^^^^^^^^^^^^^^^^^^^^^^^^^^^^^^^^^^^^^^^^^^^^^^^^^^^^^^^^^^^^^^^^^
  File "/home/runner/work/Movie-Time-Server/Movie-Time-Server/seret/movie_info_fetchers/search_engines_api/duck_api.py", line 22, in search
    res = session.get(url, headers=headers)
          ^^^^^^^^^^^^^^^^^^^^^^^^^^^^^^^^^
  File "/opt/hostedtoolcache/Python/3.11.9/x64/lib/python3.11/site-packages/requests/sessions.py", line 602, in get
    return self.request("GET", url, **kwargs)
           ^^^^^^^^^^^^^^^^^^^^^^^^^^^^^^^^^^
  File "/opt/hostedtoolcache/Python/3.11.9/x64/lib/python3.11/site-packages/requests/sessions.py", line 589, in request
    resp = self.send(prep, **send_kwargs)
           ^^^^^^^^^^^^^^^^^^^^^^^^^^^^^^
  File "/opt/hostedtoolcache/Python/3.11.9/x64/lib/python3.11/site-packages/requests/sessions.py", line 725, in send
    history = [resp for resp in gen]
              ^^^^^^^^^^^^^^^^^^^^^^
  File "/opt/hostedtoolcache/Python/3.11.9/x64/lib/python3.11/site-packages/requests/sessions.py", line 725, in <listcomp>
    history = [resp for resp in gen]
              ^^^^^^^^^^^^^^^^^^^^^^
  File "/opt/hostedtoolcache/Python/3.11.9/x64/lib/python3.11/site-packages/requests/sessions.py", line 266, in resolve_redirects
    resp = self.send(
           ^^^^^^^^^^
  File "/opt/hostedtoolcache/Python/3.11.9/x64/lib/python3.11/site-packages/requests/sessions.py", line 747, in send
    r.content
  File "/opt/hostedtoolcache/Python/3.11.9/x64/lib/python3.11/site-packages/requests/models.py", line 899, in content
    self._content = b"".join(self.iter_content(CONTENT_CHUNK_SIZE)) or b""
                    ^^^^^^^^^^^^^^^^^^^^^^^^^^^^^^^^^^^^^^^^^^^^^^^
  File "/opt/hostedtoolcache/Python/3.11.9/x64/lib/python3.11/site-packages/requests/models.py", line 818, in generate
    raise ChunkedEncodingError(e)
requests.exceptions.ChunkedEncodingError: ('Connection broken: IncompleteRead(6213 bytes read, 1971 more expected)', IncompleteRead(6213 bytes read, 1971 more expected))
2024-04-27 02:43:07,966 - seret.movie_info_fetchers.composite - WARNING - Failed to get info for The Taste of things
2024-04-27 02:43:09,407 - seret.movie_info_fetchers.composite - INFO - Got info for הקדירה using ElasticMovieInfoFetcher
2024-04-27 02:45:23,352 - seret.movie_info_fetchers.search_engines_api.composite - ERROR - Failed to search with duckduckgo
Traceback (most recent call last):
  File "/opt/hostedtoolcache/Python/3.11.9/x64/lib/python3.11/site-packages/urllib3/connection.py", line 174, in _new_conn
    conn = connection.create_connection(
           ^^^^^^^^^^^^^^^^^^^^^^^^^^^^^
  File "/opt/hostedtoolcache/Python/3.11.9/x64/lib/python3.11/site-packages/urllib3/util/connection.py", line 95, in create_connection
    raise err
  File "/opt/hostedtoolcache/Python/3.11.9/x64/lib/python3.11/site-packages/urllib3/util/connection.py", line 85, in create_connection
    sock.connect(sa)
TimeoutError: [Errno 110] Connection timed out

During handling of the above exception, another exception occurred:

Traceback (most recent call last):
  File "/opt/hostedtoolcache/Python/3.11.9/x64/lib/python3.11/site-packages/urllib3/connectionpool.py", line 715, in urlopen
    httplib_response = self._make_request(
                       ^^^^^^^^^^^^^^^^^^^
  File "/opt/hostedtoolcache/Python/3.11.9/x64/lib/python3.11/site-packages/urllib3/connectionpool.py", line 404, in _make_request
    self._validate_conn(conn)
  File "/opt/hostedtoolcache/Python/3.11.9/x64/lib/python3.11/site-packages/urllib3/connectionpool.py", line 1058, in _validate_conn
    conn.connect()
  File "/opt/hostedtoolcache/Python/3.11.9/x64/lib/python3.11/site-packages/urllib3/connection.py", line 363, in connect
    self.sock = conn = self._new_conn()
                       ^^^^^^^^^^^^^^^^
  File "/opt/hostedtoolcache/Python/3.11.9/x64/lib/python3.11/site-packages/urllib3/connection.py", line 179, in _new_conn
    raise ConnectTimeoutError(
urllib3.exceptions.ConnectTimeoutError: (<urllib3.connection.HTTPSConnection object at 0x7f6c3be07f50>, 'Connection to duckduckgo.com timed out. (connect timeout=None)')

During handling of the above exception, another exception occurred:

Traceback (most recent call last):
  File "/opt/hostedtoolcache/Python/3.11.9/x64/lib/python3.11/site-packages/requests/adapters.py", line 486, in send
    resp = conn.urlopen(
           ^^^^^^^^^^^^^
  File "/opt/hostedtoolcache/Python/3.11.9/x64/lib/python3.11/site-packages/urllib3/connectionpool.py", line 799, in urlopen
    retries = retries.increment(
              ^^^^^^^^^^^^^^^^^^
  File "/opt/hostedtoolcache/Python/3.11.9/x64/lib/python3.11/site-packages/urllib3/util/retry.py", line 592, in increment
    raise MaxRetryError(_pool, url, error or ResponseError(cause))
urllib3.exceptions.MaxRetryError: HTTPSConnectionPool(host='duckduckgo.com', port=443): Max retries exceeded with url: /?q=Home%20site:seret.co.il%20inurl:movies/s_movies.asp?MID= (Caused by ConnectTimeoutError(<urllib3.connection.HTTPSConnection object at 0x7f6c3be07f50>, 'Connection to duckduckgo.com timed out. (connect timeout=None)'))

During handling of the above exception, another exception occurred:

Traceback (most recent call last):
  File "/home/runner/work/Movie-Time-Server/Movie-Time-Server/seret/movie_info_fetchers/search_engines_api/composite.py", line 23, in search
    results = engine_search(query, wanted_term, remove_regex, need_in_url, session)
              ^^^^^^^^^^^^^^^^^^^^^^^^^^^^^^^^^^^^^^^^^^^^^^^^^^^^^^^^^^^^^^^^^^^^^
  File "/home/runner/work/Movie-Time-Server/Movie-Time-Server/seret/movie_info_fetchers/search_engines_api/duck_api.py", line 22, in search
    res = session.get(url, headers=headers)
          ^^^^^^^^^^^^^^^^^^^^^^^^^^^^^^^^^
  File "/opt/hostedtoolcache/Python/3.11.9/x64/lib/python3.11/site-packages/requests/sessions.py", line 602, in get
    return self.request("GET", url, **kwargs)
           ^^^^^^^^^^^^^^^^^^^^^^^^^^^^^^^^^^
  File "/opt/hostedtoolcache/Python/3.11.9/x64/lib/python3.11/site-packages/requests/sessions.py", line 589, in request
    resp = self.send(prep, **send_kwargs)
           ^^^^^^^^^^^^^^^^^^^^^^^^^^^^^^
  File "/opt/hostedtoolcache/Python/3.11.9/x64/lib/python3.11/site-packages/requests/sessions.py", line 703, in send
    r = adapter.send(request, **kwargs)
        ^^^^^^^^^^^^^^^^^^^^^^^^^^^^^^^
  File "/opt/hostedtoolcache/Python/3.11.9/x64/lib/python3.11/site-packages/requests/adapters.py", line 507, in send
    raise ConnectTimeout(e, request=request)
requests.exceptions.ConnectTimeout: HTTPSConnectionPool(host='duckduckgo.com', port=443): Max retries exceeded with url: /?q=Home%20site:seret.co.il%20inurl:movies/s_movies.asp?MID= (Caused by ConnectTimeoutError(<urllib3.connection.HTTPSConnection object at 0x7f6c3be07f50>, 'Connection to duckduckgo.com timed out. (connect timeout=None)'))
2024-04-27 02:45:23,354 - seret.movie_info_fetchers.composite - WARNING - Failed to get info for Home
2024-04-27 02:45:24,221 - seret.movie_info_fetchers.composite - INFO - Got info for בית using ElasticMovieInfoFetcher
2024-04-27 02:45:25,401 - seret.movie_info_fetchers.composite - INFO - Got info for White Bird: A Wonder Story using ElasticMovieInfoFetcher
2024-04-27 02:45:26,697 - seret.movie_info_fetchers.composite - INFO - Got info for Radical using ElasticMovieInfoFetcher
2024-04-27 02:45:27,979 - seret.movie_info_fetchers.composite - INFO - Got info for No Way Up using ElasticMovieInfoFetcher
2024-04-27 02:45:29,381 - seret.movie_info_fetchers.composite - INFO - Got info for The Blue Caftan using ElasticMovieInfoFetcher
2024-04-27 02:45:31,501 - seret.movie_info_fetchers.composite - INFO - Got info for One Life using ElasticMovieInfoFetcher
2024-04-27 02:45:32,578 - seret.movie_info_fetchers.composite - INFO - Got info for Monkey Man using ElasticMovieInfoFetcher
2024-04-27 02:45:33,940 - seret.movie_info_fetchers.composite - INFO - Got info for IN THE LAND OF SAINTS AND SINNERS using ElasticMovieInfoFetcher
2024-04-27 02:45:35,625 - seret.movie_info_fetchers.composite - INFO - Got info for Anyone But You using ElasticMovieInfoFetcher
2024-04-27 02:45:36,509 - seret.movie_info_fetchers.composite - INFO - Got info for The First Omen using ElasticMovieInfoFetcher
2024-04-27 02:45:37,938 - seret.movie_info_fetchers.composite - INFO - Got info for IMMACULATE using ElasticMovieInfoFetcher
2024-04-27 02:45:39,477 - seret.movie_info_fetchers.composite - INFO - Got info for Bob Marley: One Love using ElasticMovieInfoFetcher
2024-04-27 02:45:41,215 - seret.movie_info_fetchers.composite - INFO - Got info for A Room of His Own using ElasticMovieInfoFetcher
2024-04-27 02:45:42,784 - seret.movie_info_fetchers.composite - INFO - Got info for The Holdovers using ElasticMovieInfoFetcher
2024-04-27 02:45:44,351 - seret.movie_info_fetchers.composite - INFO - Got info for Riki Rhino – The Bird Kingdom using ElasticMovieInfoFetcher
2024-04-27 02:45:46,007 - seret.movie_info_fetchers.composite - INFO - Got info for Cats in the Museum using ElasticMovieInfoFetcher
2024-04-27 02:45:46,934 - seret.movie_info_fetchers.composite - INFO - Got info for Trolls Band Together using ElasticMovieInfoFetcher
2024-04-27 02:45:48,383 - seret.movie_info_fetchers.composite - INFO - Got info for Paw Patrol: The Mighty Movie using ElasticMovieInfoFetcher
2024-04-27 02:45:50,347 - seret.movie_info_fetchers.composite - INFO - Got info for Big Trip 2: Special Delivery using ElasticMovieInfoFetcher
2024-04-27 02:45:50,832 - seret.movie_info_fetchers.search_engines_api.composite - WARNING - Failed to search with google: The result parsing was unsuccessful. It is either your query could not be found or it was flagged as unusual traffic
2024-04-27 02:45:50,986 - seret.movie_info_fetchers.search_engines_api.composite - WARNING - Failed to search with bing: The result parsing was unsuccessful. It is either your query could not be found or it was flagged as unusual traffic
2024-04-27 02:48:05,144 - seret.movie_info_fetchers.search_engines_api.composite - ERROR - Failed to search with duckduckgo
Traceback (most recent call last):
  File "/opt/hostedtoolcache/Python/3.11.9/x64/lib/python3.11/site-packages/urllib3/connection.py", line 174, in _new_conn
    conn = connection.create_connection(
           ^^^^^^^^^^^^^^^^^^^^^^^^^^^^^
  File "/opt/hostedtoolcache/Python/3.11.9/x64/lib/python3.11/site-packages/urllib3/util/connection.py", line 95, in create_connection
    raise err
  File "/opt/hostedtoolcache/Python/3.11.9/x64/lib/python3.11/site-packages/urllib3/util/connection.py", line 85, in create_connection
    sock.connect(sa)
TimeoutError: [Errno 110] Connection timed out

During handling of the above exception, another exception occurred:

Traceback (most recent call last):
  File "/opt/hostedtoolcache/Python/3.11.9/x64/lib/python3.11/site-packages/urllib3/connectionpool.py", line 715, in urlopen
    httplib_response = self._make_request(
                       ^^^^^^^^^^^^^^^^^^^
  File "/opt/hostedtoolcache/Python/3.11.9/x64/lib/python3.11/site-packages/urllib3/connectionpool.py", line 404, in _make_request
    self._validate_conn(conn)
  File "/opt/hostedtoolcache/Python/3.11.9/x64/lib/python3.11/site-packages/urllib3/connectionpool.py", line 1058, in _validate_conn
    conn.connect()
  File "/opt/hostedtoolcache/Python/3.11.9/x64/lib/python3.11/site-packages/urllib3/connection.py", line 363, in connect
    self.sock = conn = self._new_conn()
                       ^^^^^^^^^^^^^^^^
  File "/opt/hostedtoolcache/Python/3.11.9/x64/lib/python3.11/site-packages/urllib3/connection.py", line 179, in _new_conn
    raise ConnectTimeoutError(
urllib3.exceptions.ConnectTimeoutError: (<urllib3.connection.HTTPSConnection object at 0x7f6c39f75ed0>, 'Connection to duckduckgo.com timed out. (connect timeout=None)')

During handling of the above exception, another exception occurred:

Traceback (most recent call last):
  File "/opt/hostedtoolcache/Python/3.11.9/x64/lib/python3.11/site-packages/requests/adapters.py", line 486, in send
    resp = conn.urlopen(
           ^^^^^^^^^^^^^
  File "/opt/hostedtoolcache/Python/3.11.9/x64/lib/python3.11/site-packages/urllib3/connectionpool.py", line 799, in urlopen
    retries = retries.increment(
              ^^^^^^^^^^^^^^^^^^
  File "/opt/hostedtoolcache/Python/3.11.9/x64/lib/python3.11/site-packages/urllib3/util/retry.py", line 592, in increment
    raise MaxRetryError(_pool, url, error or ResponseError(cause))
urllib3.exceptions.MaxRetryError: HTTPSConnectionPool(host='duckduckgo.com', port=443): Max retries exceeded with url: /?q=Wish%20site:seret.co.il%20inurl:movies/s_movies.asp?MID= (Caused by ConnectTimeoutError(<urllib3.connection.HTTPSConnection object at 0x7f6c39f75ed0>, 'Connection to duckduckgo.com timed out. (connect timeout=None)'))

During handling of the above exception, another exception occurred:

Traceback (most recent call last):
  File "/home/runner/work/Movie-Time-Server/Movie-Time-Server/seret/movie_info_fetchers/search_engines_api/composite.py", line 23, in search
    results = engine_search(query, wanted_term, remove_regex, need_in_url, session)
              ^^^^^^^^^^^^^^^^^^^^^^^^^^^^^^^^^^^^^^^^^^^^^^^^^^^^^^^^^^^^^^^^^^^^^
  File "/home/runner/work/Movie-Time-Server/Movie-Time-Server/seret/movie_info_fetchers/search_engines_api/duck_api.py", line 22, in search
    res = session.get(url, headers=headers)
          ^^^^^^^^^^^^^^^^^^^^^^^^^^^^^^^^^
  File "/opt/hostedtoolcache/Python/3.11.9/x64/lib/python3.11/site-packages/requests/sessions.py", line 602, in get
    return self.request("GET", url, **kwargs)
           ^^^^^^^^^^^^^^^^^^^^^^^^^^^^^^^^^^
  File "/opt/hostedtoolcache/Python/3.11.9/x64/lib/python3.11/site-packages/requests/sessions.py", line 589, in request
    resp = self.send(prep, **send_kwargs)
           ^^^^^^^^^^^^^^^^^^^^^^^^^^^^^^
  File "/opt/hostedtoolcache/Python/3.11.9/x64/lib/python3.11/site-packages/requests/sessions.py", line 703, in send
    r = adapter.send(request, **kwargs)
        ^^^^^^^^^^^^^^^^^^^^^^^^^^^^^^^
  File "/opt/hostedtoolcache/Python/3.11.9/x64/lib/python3.11/site-packages/requests/adapters.py", line 507, in send
    raise ConnectTimeout(e, request=request)
requests.exceptions.ConnectTimeout: HTTPSConnectionPool(host='duckduckgo.com', port=443): Max retries exceeded with url: /?q=Wish%20site:seret.co.il%20inurl:movies/s_movies.asp?MID= (Caused by ConnectTimeoutError(<urllib3.connection.HTTPSConnection object at 0x7f6c39f75ed0>, 'Connection to duckduckgo.com timed out. (connect timeout=None)'))
2024-04-27 02:48:05,145 - seret.movie_info_fetchers.composite - WARNING - Failed to get info for Wish
2024-04-27 02:48:05,472 - seret.movie_info_fetchers.search_engines_api.composite - WARNING - Failed to search with google: The result parsing was unsuccessful. It is either your query could not be found or it was flagged as unusual traffic
2024-04-27 02:48:05,621 - seret.movie_info_fetchers.search_engines_api.composite - WARNING - Failed to search with bing: The result parsing was unsuccessful. It is either your query could not be found or it was flagged as unusual traffic
2024-04-27 02:50:20,312 - seret.movie_info_fetchers.search_engines_api.composite - ERROR - Failed to search with duckduckgo
Traceback (most recent call last):
  File "/opt/hostedtoolcache/Python/3.11.9/x64/lib/python3.11/site-packages/urllib3/connection.py", line 174, in _new_conn
    conn = connection.create_connection(
           ^^^^^^^^^^^^^^^^^^^^^^^^^^^^^
  File "/opt/hostedtoolcache/Python/3.11.9/x64/lib/python3.11/site-packages/urllib3/util/connection.py", line 95, in create_connection
    raise err
  File "/opt/hostedtoolcache/Python/3.11.9/x64/lib/python3.11/site-packages/urllib3/util/connection.py", line 85, in create_connection
    sock.connect(sa)
TimeoutError: [Errno 110] Connection timed out

During handling of the above exception, another exception occurred:

Traceback (most recent call last):
  File "/opt/hostedtoolcache/Python/3.11.9/x64/lib/python3.11/site-packages/urllib3/connectionpool.py", line 715, in urlopen
    httplib_response = self._make_request(
                       ^^^^^^^^^^^^^^^^^^^
  File "/opt/hostedtoolcache/Python/3.11.9/x64/lib/python3.11/site-packages/urllib3/connectionpool.py", line 404, in _make_request
    self._validate_conn(conn)
  File "/opt/hostedtoolcache/Python/3.11.9/x64/lib/python3.11/site-packages/urllib3/connectionpool.py", line 1058, in _validate_conn
    conn.connect()
  File "/opt/hostedtoolcache/Python/3.11.9/x64/lib/python3.11/site-packages/urllib3/connection.py", line 363, in connect
    self.sock = conn = self._new_conn()
                       ^^^^^^^^^^^^^^^^
  File "/opt/hostedtoolcache/Python/3.11.9/x64/lib/python3.11/site-packages/urllib3/connection.py", line 179, in _new_conn
    raise ConnectTimeoutError(
urllib3.exceptions.ConnectTimeoutError: (<urllib3.connection.HTTPSConnection object at 0x7f6c3bcd8f10>, 'Connection to duckduckgo.com timed out. (connect timeout=None)')

During handling of the above exception, another exception occurred:

Traceback (most recent call last):
  File "/opt/hostedtoolcache/Python/3.11.9/x64/lib/python3.11/site-packages/requests/adapters.py", line 486, in send
    resp = conn.urlopen(
           ^^^^^^^^^^^^^
  File "/opt/hostedtoolcache/Python/3.11.9/x64/lib/python3.11/site-packages/urllib3/connectionpool.py", line 799, in urlopen
    retries = retries.increment(
              ^^^^^^^^^^^^^^^^^^
  File "/opt/hostedtoolcache/Python/3.11.9/x64/lib/python3.11/site-packages/urllib3/util/retry.py", line 592, in increment
    raise MaxRetryError(_pool, url, error or ResponseError(cause))
urllib3.exceptions.MaxRetryError: HTTPSConnectionPool(host='duckduckgo.com', port=443): Max retries exceeded with url: /?q=%D7%94%D7%9E%D7%A9%D7%90%D7%9C%D7%94%20site:seret.co.il%20inurl:movies/s_movies.asp?MID= (Caused by ConnectTimeoutError(<urllib3.connection.HTTPSConnection object at 0x7f6c3bcd8f10>, 'Connection to duckduckgo.com timed out. (connect timeout=None)'))

During handling of the above exception, another exception occurred:

Traceback (most recent call last):
  File "/home/runner/work/Movie-Time-Server/Movie-Time-Server/seret/movie_info_fetchers/search_engines_api/composite.py", line 23, in search
    results = engine_search(query, wanted_term, remove_regex, need_in_url, session)
              ^^^^^^^^^^^^^^^^^^^^^^^^^^^^^^^^^^^^^^^^^^^^^^^^^^^^^^^^^^^^^^^^^^^^^
  File "/home/runner/work/Movie-Time-Server/Movie-Time-Server/seret/movie_info_fetchers/search_engines_api/duck_api.py", line 22, in search
    res = session.get(url, headers=headers)
          ^^^^^^^^^^^^^^^^^^^^^^^^^^^^^^^^^
  File "/opt/hostedtoolcache/Python/3.11.9/x64/lib/python3.11/site-packages/requests/sessions.py", line 602, in get
    return self.request("GET", url, **kwargs)
           ^^^^^^^^^^^^^^^^^^^^^^^^^^^^^^^^^^
  File "/opt/hostedtoolcache/Python/3.11.9/x64/lib/python3.11/site-packages/requests/sessions.py", line 589, in request
    resp = self.send(prep, **send_kwargs)
           ^^^^^^^^^^^^^^^^^^^^^^^^^^^^^^
  File "/opt/hostedtoolcache/Python/3.11.9/x64/lib/python3.11/site-packages/requests/sessions.py", line 703, in send
    r = adapter.send(request, **kwargs)
        ^^^^^^^^^^^^^^^^^^^^^^^^^^^^^^^
  File "/opt/hostedtoolcache/Python/3.11.9/x64/lib/python3.11/site-packages/requests/adapters.py", line 507, in send
    raise ConnectTimeout(e, request=request)
requests.exceptions.ConnectTimeout: HTTPSConnectionPool(host='duckduckgo.com', port=443): Max retries exceeded with url: /?q=%D7%94%D7%9E%D7%A9%D7%90%D7%9C%D7%94%20site:seret.co.il%20inurl:movies/s_movies.asp?MID= (Caused by ConnectTimeoutError(<urllib3.connection.HTTPSConnection object at 0x7f6c3bcd8f10>, 'Connection to duckduckgo.com timed out. (connect timeout=None)'))
2024-04-27 02:50:20,313 - seret.movie_info_fetchers.composite - WARNING - Failed to get info for המשאלה
2024-04-27 02:50:20,313 - seret.info_fetcher - ERROR - Failed to get info for Wish and המשאלה
2024-04-27 02:50:22,272 - seret.movie_info_fetchers.composite - INFO - Got info for Dumb Money using ElasticMovieInfoFetcher
2024-04-27 02:50:23,463 - seret.movie_info_fetchers.composite - INFO - Got info for The Beekeeper using ElasticMovieInfoFetcher
2024-04-27 02:50:25,069 - seret.movie_info_fetchers.composite - INFO - Got info for Knox Goes Away using ElasticMovieInfoFetcher
2024-04-27 02:50:26,920 - seret.movie_info_fetchers.composite - INFO - Got info for Freelance using ElasticMovieInfoFetcher
2024-04-27 02:50:28,294 - seret.movie_info_fetchers.composite - INFO - Got info for Thanksgiving using ElasticMovieInfoFetcher
2024-04-27 02:50:30,021 - seret.movie_info_fetchers.composite - INFO - Got info for Jeepers Creepers: Reborn using ElasticMovieInfoFetcher
2024-04-27 02:50:31,992 - seret.movie_info_fetchers.composite - INFO - Got info for Katak, The Brave Beluga using ElasticMovieInfoFetcher
2024-04-27 02:50:32,527 - seret.movie_info_fetchers.search_engines_api.composite - WARNING - Failed to search with google: The result parsing was unsuccessful. It is either your query could not be found or it was flagged as unusual traffic
2024-04-27 02:50:34,440 - seret.movie_info_fetchers.composite - INFO - Got info for Arthur the King using SearchEngineMovieInfoFetcher
2024-04-27 02:50:36,076 - seret.movie_info_fetchers.composite - INFO - Got info for Quicksand using ElasticMovieInfoFetcher
2024-04-27 02:50:36,883 - seret.movie_info_fetchers.composite - INFO - Got info for Back To Black using ElasticMovieInfoFetcher
2024-04-27 02:50:38,268 - seret.movie_info_fetchers.composite - INFO - Got info for Godzilla x Kong: The New Empire using ElasticMovieInfoFetcher
2024-04-27 02:50:38,766 - seret.movie_info_fetchers.search_engines_api.composite - WARNING - Failed to search with google: The result parsing was unsuccessful. It is either your query could not be found or it was flagged as unusual traffic
2024-04-27 02:50:39,723 - seret.movie_info_fetchers.search_engines_api.composite - WARNING - Failed to search with bing: The returned results could not be parsed. This might be due to site updates or server errors. Drop an issue at https://github.com/bisoncorps/search-engine-parser if this persists
2024-04-27 02:52:53,912 - seret.movie_info_fetchers.search_engines_api.composite - ERROR - Failed to search with duckduckgo
Traceback (most recent call last):
  File "/opt/hostedtoolcache/Python/3.11.9/x64/lib/python3.11/site-packages/urllib3/connection.py", line 174, in _new_conn
    conn = connection.create_connection(
           ^^^^^^^^^^^^^^^^^^^^^^^^^^^^^
  File "/opt/hostedtoolcache/Python/3.11.9/x64/lib/python3.11/site-packages/urllib3/util/connection.py", line 95, in create_connection
    raise err
  File "/opt/hostedtoolcache/Python/3.11.9/x64/lib/python3.11/site-packages/urllib3/util/connection.py", line 85, in create_connection
    sock.connect(sa)
TimeoutError: [Errno 110] Connection timed out

During handling of the above exception, another exception occurred:

Traceback (most recent call last):
  File "/opt/hostedtoolcache/Python/3.11.9/x64/lib/python3.11/site-packages/urllib3/connectionpool.py", line 715, in urlopen
    httplib_response = self._make_request(
                       ^^^^^^^^^^^^^^^^^^^
  File "/opt/hostedtoolcache/Python/3.11.9/x64/lib/python3.11/site-packages/urllib3/connectionpool.py", line 404, in _make_request
    self._validate_conn(conn)
  File "/opt/hostedtoolcache/Python/3.11.9/x64/lib/python3.11/site-packages/urllib3/connectionpool.py", line 1058, in _validate_conn
    conn.connect()
  File "/opt/hostedtoolcache/Python/3.11.9/x64/lib/python3.11/site-packages/urllib3/connection.py", line 363, in connect
    self.sock = conn = self._new_conn()
                       ^^^^^^^^^^^^^^^^
  File "/opt/hostedtoolcache/Python/3.11.9/x64/lib/python3.11/site-packages/urllib3/connection.py", line 179, in _new_conn
    raise ConnectTimeoutError(
urllib3.exceptions.ConnectTimeoutError: (<urllib3.connection.HTTPSConnection object at 0x7f6c3a212c50>, 'Connection to duckduckgo.com timed out. (connect timeout=None)')

During handling of the above exception, another exception occurred:

Traceback (most recent call last):
  File "/opt/hostedtoolcache/Python/3.11.9/x64/lib/python3.11/site-packages/requests/adapters.py", line 486, in send
    resp = conn.urlopen(
           ^^^^^^^^^^^^^
  File "/opt/hostedtoolcache/Python/3.11.9/x64/lib/python3.11/site-packages/urllib3/connectionpool.py", line 799, in urlopen
    retries = retries.increment(
              ^^^^^^^^^^^^^^^^^^
  File "/opt/hostedtoolcache/Python/3.11.9/x64/lib/python3.11/site-packages/urllib3/util/retry.py", line 592, in increment
    raise MaxRetryError(_pool, url, error or ResponseError(cause))
urllib3.exceptions.MaxRetryError: HTTPSConnectionPool(host='duckduckgo.com', port=443): Max retries exceeded with url: /?q=Cat%20&%20Dog%20site:seret.co.il%20inurl:movies/s_movies.asp?MID= (Caused by ConnectTimeoutError(<urllib3.connection.HTTPSConnection object at 0x7f6c3a212c50>, 'Connection to duckduckgo.com timed out. (connect timeout=None)'))

During handling of the above exception, another exception occurred:

Traceback (most recent call last):
  File "/home/runner/work/Movie-Time-Server/Movie-Time-Server/seret/movie_info_fetchers/search_engines_api/composite.py", line 23, in search
    results = engine_search(query, wanted_term, remove_regex, need_in_url, session)
              ^^^^^^^^^^^^^^^^^^^^^^^^^^^^^^^^^^^^^^^^^^^^^^^^^^^^^^^^^^^^^^^^^^^^^
  File "/home/runner/work/Movie-Time-Server/Movie-Time-Server/seret/movie_info_fetchers/search_engines_api/duck_api.py", line 22, in search
    res = session.get(url, headers=headers)
          ^^^^^^^^^^^^^^^^^^^^^^^^^^^^^^^^^
  File "/opt/hostedtoolcache/Python/3.11.9/x64/lib/python3.11/site-packages/requests/sessions.py", line 602, in get
    return self.request("GET", url, **kwargs)
           ^^^^^^^^^^^^^^^^^^^^^^^^^^^^^^^^^^
  File "/opt/hostedtoolcache/Python/3.11.9/x64/lib/python3.11/site-packages/requests/sessions.py", line 589, in request
    resp = self.send(prep, **send_kwargs)
           ^^^^^^^^^^^^^^^^^^^^^^^^^^^^^^
  File "/opt/hostedtoolcache/Python/3.11.9/x64/lib/python3.11/site-packages/requests/sessions.py", line 703, in send
    r = adapter.send(request, **kwargs)
        ^^^^^^^^^^^^^^^^^^^^^^^^^^^^^^^
  File "/opt/hostedtoolcache/Python/3.11.9/x64/lib/python3.11/site-packages/requests/adapters.py", line 507, in send
    raise ConnectTimeout(e, request=request)
requests.exceptions.ConnectTimeout: HTTPSConnectionPool(host='duckduckgo.com', port=443): Max retries exceeded with url: /?q=Cat%20&%20Dog%20site:seret.co.il%20inurl:movies/s_movies.asp?MID= (Caused by ConnectTimeoutError(<urllib3.connection.HTTPSConnection object at 0x7f6c3a212c50>, 'Connection to duckduckgo.com timed out. (connect timeout=None)'))
2024-04-27 02:52:53,913 - seret.movie_info_fetchers.composite - WARNING - Failed to get info for Cat & Dog
2024-04-27 02:52:54,863 - seret.movie_info_fetchers.composite - INFO - Got info for הכלב והחתולה – המרדף המטורף using ElasticMovieInfoFetcher
2024-04-27 02:52:55,202 - seret.movie_info_fetchers.search_engines_api.composite - WARNING - Failed to search with google: The result parsing was unsuccessful. It is either your query could not be found or it was flagged as unusual traffic
2024-04-27 02:52:55,270 - seret.movie_info_fetchers.search_engines_api.composite - WARNING - Failed to search with bing: The result parsing was unsuccessful. It is either your query could not be found or it was flagged as unusual traffic
2024-04-27 02:52:55,427 - seret.movie_info_fetchers.search_engines_api.composite - WARNING - Failed to search with duckduckgo: The result parsing was unsuccessful. It is either your query could not be found or it was flagged as unusual traffic
2024-04-27 02:52:55,427 - seret.movie_info_fetchers.composite - WARNING - Failed to get info for Blue Kaftan
2024-04-27 02:52:56,993 - seret.movie_info_fetchers.composite - INFO - Got info for הכפתן הכחול using ElasticMovieInfoFetcher
2024-04-27 02:52:58,037 - seret.movie_info_fetchers.composite - INFO - Got info for Civil War using ElasticMovieInfoFetcher
2024-04-27 02:52:59,042 - seret.movie_info_fetchers.composite - INFO - Got info for Dune: Part Two using ElasticMovieInfoFetcher
2024-04-27 02:53:00,586 - seret.movie_info_fetchers.composite - INFO - Got info for GoldBeak using ElasticMovieInfoFetcher
2024-04-27 02:53:01,326 - seret.movie_info_fetchers.composite - INFO - Got info for Lassie 2 using ElasticMovieInfoFetcher
2024-04-27 02:53:02,435 - seret.movie_info_fetchers.composite - INFO - Got info for The Snow Queen and the Princess using ElasticMovieInfoFetcher
2024-04-27 02:53:02,843 - seret.movie_info_fetchers.search_engines_api.composite - WARNING - Failed to search with google: The result parsing was unsuccessful. It is either your query could not be found or it was flagged as unusual traffic
2024-04-27 02:53:02,988 - seret.movie_info_fetchers.search_engines_api.composite - WARNING - Failed to search with bing: The result parsing was unsuccessful. It is either your query could not be found or it was flagged as unusual traffic
2024-04-27 02:53:03,152 - seret.movie_info_fetchers.search_engines_api.composite - ERROR - Failed to search with duckduckgo
Traceback (most recent call last):
  File "/opt/hostedtoolcache/Python/3.11.9/x64/lib/python3.11/site-packages/urllib3/response.py", line 444, in _error_catcher
    yield
  File "/opt/hostedtoolcache/Python/3.11.9/x64/lib/python3.11/site-packages/urllib3/response.py", line 831, in read_chunked
    chunk = self._handle_chunk(amt)
            ^^^^^^^^^^^^^^^^^^^^^^^
  File "/opt/hostedtoolcache/Python/3.11.9/x64/lib/python3.11/site-packages/urllib3/response.py", line 784, in _handle_chunk
    returned_chunk = self._fp._safe_read(self.chunk_left)
                     ^^^^^^^^^^^^^^^^^^^^^^^^^^^^^^^^^^^^
  File "/opt/hostedtoolcache/Python/3.11.9/x64/lib/python3.11/http/client.py", line 640, in _safe_read
    raise IncompleteRead(data, amt-len(data))
http.client.IncompleteRead: IncompleteRead(6213 bytes read, 1971 more expected)

During handling of the above exception, another exception occurred:

Traceback (most recent call last):
  File "/opt/hostedtoolcache/Python/3.11.9/x64/lib/python3.11/site-packages/requests/models.py", line 816, in generate
    yield from self.raw.stream(chunk_size, decode_content=True)
  File "/opt/hostedtoolcache/Python/3.11.9/x64/lib/python3.11/site-packages/urllib3/response.py", line 624, in stream
    for line in self.read_chunked(amt, decode_content=decode_content):
  File "/opt/hostedtoolcache/Python/3.11.9/x64/lib/python3.11/site-packages/urllib3/response.py", line 816, in read_chunked
    with self._error_catcher():
  File "/opt/hostedtoolcache/Python/3.11.9/x64/lib/python3.11/contextlib.py", line 158, in __exit__
    self.gen.throw(typ, value, traceback)
  File "/opt/hostedtoolcache/Python/3.11.9/x64/lib/python3.11/site-packages/urllib3/response.py", line 461, in _error_catcher
    raise ProtocolError("Connection broken: %r" % e, e)
urllib3.exceptions.ProtocolError: ('Connection broken: IncompleteRead(6213 bytes read, 1971 more expected)', IncompleteRead(6213 bytes read, 1971 more expected))

During handling of the above exception, another exception occurred:

Traceback (most recent call last):
  File "/home/runner/work/Movie-Time-Server/Movie-Time-Server/seret/movie_info_fetchers/search_engines_api/composite.py", line 23, in search
    results = engine_search(query, wanted_term, remove_regex, need_in_url, session)
              ^^^^^^^^^^^^^^^^^^^^^^^^^^^^^^^^^^^^^^^^^^^^^^^^^^^^^^^^^^^^^^^^^^^^^
  File "/home/runner/work/Movie-Time-Server/Movie-Time-Server/seret/movie_info_fetchers/search_engines_api/duck_api.py", line 22, in search
    res = session.get(url, headers=headers)
          ^^^^^^^^^^^^^^^^^^^^^^^^^^^^^^^^^
  File "/opt/hostedtoolcache/Python/3.11.9/x64/lib/python3.11/site-packages/requests/sessions.py", line 602, in get
    return self.request("GET", url, **kwargs)
           ^^^^^^^^^^^^^^^^^^^^^^^^^^^^^^^^^^
  File "/opt/hostedtoolcache/Python/3.11.9/x64/lib/python3.11/site-packages/requests/sessions.py", line 589, in request
    resp = self.send(prep, **send_kwargs)
           ^^^^^^^^^^^^^^^^^^^^^^^^^^^^^^
  File "/opt/hostedtoolcache/Python/3.11.9/x64/lib/python3.11/site-packages/requests/sessions.py", line 725, in send
    history = [resp for resp in gen]
              ^^^^^^^^^^^^^^^^^^^^^^
  File "/opt/hostedtoolcache/Python/3.11.9/x64/lib/python3.11/site-packages/requests/sessions.py", line 725, in <listcomp>
    history = [resp for resp in gen]
              ^^^^^^^^^^^^^^^^^^^^^^
  File "/opt/hostedtoolcache/Python/3.11.9/x64/lib/python3.11/site-packages/requests/sessions.py", line 266, in resolve_redirects
    resp = self.send(
           ^^^^^^^^^^
  File "/opt/hostedtoolcache/Python/3.11.9/x64/lib/python3.11/site-packages/requests/sessions.py", line 747, in send
    r.content
  File "/opt/hostedtoolcache/Python/3.11.9/x64/lib/python3.11/site-packages/requests/models.py", line 899, in content
    self._content = b"".join(self.iter_content(CONTENT_CHUNK_SIZE)) or b""
                    ^^^^^^^^^^^^^^^^^^^^^^^^^^^^^^^^^^^^^^^^^^^^^^^
  File "/opt/hostedtoolcache/Python/3.11.9/x64/lib/python3.11/site-packages/requests/models.py", line 818, in generate
    raise ChunkedEncodingError(e)
requests.exceptions.ChunkedEncodingError: ('Connection broken: IncompleteRead(6213 bytes read, 1971 more expected)', IncompleteRead(6213 bytes read, 1971 more expected))
2024-04-27 02:53:03,154 - seret.movie_info_fetchers.composite - WARNING - Failed to get info for Air Fight
2024-04-27 02:53:03,895 - seret.movie_info_fetchers.composite - INFO - Got info for קרב אוויר using ElasticMovieInfoFetcher
2024-04-27 02:53:04,709 - seret.movie_info_fetchers.composite - INFO - Got info for Dragon Keeper using ElasticMovieInfoFetcher
2024-04-27 02:53:04,722 - seret.movie_raters.composite - WARNING - Failed to get rating for No Exit
2024-04-27 02:53:04,726 - seret.movie_raters.composite - WARNING - Failed to get rating for NO אקזיט
2024-04-27 02:53:04,726 - seret.movie_info_fetchers.composite - INFO - Got info for Demon Slayer: Kimetsu no Yaiba - To the Hashira Training using ElasticMovieInfoFetcher
2024-04-27 02:53:05,497 - seret.movie_info_fetchers.composite - INFO - Got info for In The LAnd of Saints and Sinners using ElasticMovieInfoFetcher
2024-04-27 02:53:06,291 - seret.movie_info_fetchers.composite - INFO - Got info for Immaculate using ElasticMovieInfoFetcher
2024-04-27 02:53:07,095 - seret.movie_info_fetchers.composite - INFO - Got info for Trolls Band Together using ElasticMovieInfoFetcher
2024-04-27 02:53:07,840 - seret.movie_info_fetchers.composite - INFO - Got info for Katak: The Brave Beluga using ElasticMovieInfoFetcher
2024-04-27 02:53:08,257 - seret.movie_info_fetchers.search_engines_api.composite - WARNING - Failed to search with google: The result parsing was unsuccessful. It is either your query could not be found or it was flagged as unusual traffic
2024-04-27 02:53:08,369 - seret.movie_info_fetchers.search_engines_api.composite - WARNING - Failed to search with bing: The result parsing was unsuccessful. It is either your query could not be found or it was flagged as unusual traffic
2024-04-27 02:55:23,416 - seret.movie_info_fetchers.search_engines_api.composite - ERROR - Failed to search with duckduckgo
Traceback (most recent call last):
  File "/opt/hostedtoolcache/Python/3.11.9/x64/lib/python3.11/site-packages/urllib3/connection.py", line 174, in _new_conn
    conn = connection.create_connection(
           ^^^^^^^^^^^^^^^^^^^^^^^^^^^^^
  File "/opt/hostedtoolcache/Python/3.11.9/x64/lib/python3.11/site-packages/urllib3/util/connection.py", line 95, in create_connection
    raise err
  File "/opt/hostedtoolcache/Python/3.11.9/x64/lib/python3.11/site-packages/urllib3/util/connection.py", line 85, in create_connection
    sock.connect(sa)
TimeoutError: [Errno 110] Connection timed out

During handling of the above exception, another exception occurred:

Traceback (most recent call last):
  File "/opt/hostedtoolcache/Python/3.11.9/x64/lib/python3.11/site-packages/urllib3/connectionpool.py", line 715, in urlopen
    httplib_response = self._make_request(
                       ^^^^^^^^^^^^^^^^^^^
  File "/opt/hostedtoolcache/Python/3.11.9/x64/lib/python3.11/site-packages/urllib3/connectionpool.py", line 404, in _make_request
    self._validate_conn(conn)
  File "/opt/hostedtoolcache/Python/3.11.9/x64/lib/python3.11/site-packages/urllib3/connectionpool.py", line 1058, in _validate_conn
    conn.connect()
  File "/opt/hostedtoolcache/Python/3.11.9/x64/lib/python3.11/site-packages/urllib3/connection.py", line 363, in connect
    self.sock = conn = self._new_conn()
                       ^^^^^^^^^^^^^^^^
  File "/opt/hostedtoolcache/Python/3.11.9/x64/lib/python3.11/site-packages/urllib3/connection.py", line 179, in _new_conn
    raise ConnectTimeoutError(
urllib3.exceptions.ConnectTimeoutError: (<urllib3.connection.HTTPSConnection object at 0x7f6c3b7e50d0>, 'Connection to duckduckgo.com timed out. (connect timeout=None)')

During handling of the above exception, another exception occurred:

Traceback (most recent call last):
  File "/opt/hostedtoolcache/Python/3.11.9/x64/lib/python3.11/site-packages/requests/adapters.py", line 486, in send
    resp = conn.urlopen(
           ^^^^^^^^^^^^^
  File "/opt/hostedtoolcache/Python/3.11.9/x64/lib/python3.11/site-packages/urllib3/connectionpool.py", line 799, in urlopen
    retries = retries.increment(
              ^^^^^^^^^^^^^^^^^^
  File "/opt/hostedtoolcache/Python/3.11.9/x64/lib/python3.11/site-packages/urllib3/util/retry.py", line 592, in increment
    raise MaxRetryError(_pool, url, error or ResponseError(cause))
urllib3.exceptions.MaxRetryError: HTTPSConnectionPool(host='duckduckgo.com', port=443): Max retries exceeded with url: /?q=Arthur%20the%20king%20site:seret.co.il%20inurl:movies/s_movies.asp?MID= (Caused by ConnectTimeoutError(<urllib3.connection.HTTPSConnection object at 0x7f6c3b7e50d0>, 'Connection to duckduckgo.com timed out. (connect timeout=None)'))

During handling of the above exception, another exception occurred:

Traceback (most recent call last):
  File "/home/runner/work/Movie-Time-Server/Movie-Time-Server/seret/movie_info_fetchers/search_engines_api/composite.py", line 23, in search
    results = engine_search(query, wanted_term, remove_regex, need_in_url, session)
              ^^^^^^^^^^^^^^^^^^^^^^^^^^^^^^^^^^^^^^^^^^^^^^^^^^^^^^^^^^^^^^^^^^^^^
  File "/home/runner/work/Movie-Time-Server/Movie-Time-Server/seret/movie_info_fetchers/search_engines_api/duck_api.py", line 22, in search
    res = session.get(url, headers=headers)
          ^^^^^^^^^^^^^^^^^^^^^^^^^^^^^^^^^
  File "/opt/hostedtoolcache/Python/3.11.9/x64/lib/python3.11/site-packages/requests/sessions.py", line 602, in get
    return self.request("GET", url, **kwargs)
           ^^^^^^^^^^^^^^^^^^^^^^^^^^^^^^^^^^
  File "/opt/hostedtoolcache/Python/3.11.9/x64/lib/python3.11/site-packages/requests/sessions.py", line 589, in request
    resp = self.send(prep, **send_kwargs)
           ^^^^^^^^^^^^^^^^^^^^^^^^^^^^^^
  File "/opt/hostedtoolcache/Python/3.11.9/x64/lib/python3.11/site-packages/requests/sessions.py", line 703, in send
    r = adapter.send(request, **kwargs)
        ^^^^^^^^^^^^^^^^^^^^^^^^^^^^^^^
  File "/opt/hostedtoolcache/Python/3.11.9/x64/lib/python3.11/site-packages/requests/adapters.py", line 507, in send
    raise ConnectTimeout(e, request=request)
requests.exceptions.ConnectTimeout: HTTPSConnectionPool(host='duckduckgo.com', port=443): Max retries exceeded with url: /?q=Arthur%20the%20king%20site:seret.co.il%20inurl:movies/s_movies.asp?MID= (Caused by ConnectTimeoutError(<urllib3.connection.HTTPSConnection object at 0x7f6c3b7e50d0>, 'Connection to duckduckgo.com timed out. (connect timeout=None)'))
2024-04-27 02:55:23,417 - seret.movie_info_fetchers.composite - WARNING - Failed to get info for Arthur the king
2024-04-27 02:55:24,324 - seret.movie_info_fetchers.composite - INFO - Got info for המרוץ לניצחון של ארתור using ElasticMovieInfoFetcher
2024-04-27 02:55:25,109 - seret.movie_info_fetchers.composite - INFO - Got info for Pot Au Feu using ElasticMovieInfoFetcher
2024-04-27 02:55:25,769 - seret.movie_info_fetchers.composite - INFO - Got info for Back to Black using ElasticMovieInfoFetcher
2024-04-27 02:55:26,775 - seret.movie_info_fetchers.composite - INFO - Got info for Anatomy of a Fall using ElasticMovieInfoFetcher
2024-04-27 02:55:27,643 - seret.movie_info_fetchers.composite - INFO - Got info for In the Land of Saints and Sinners using ElasticMovieInfoFetcher
2024-04-27 02:55:28,688 - seret.movie_info_fetchers.composite - INFO - Got info for JOIKA using ElasticMovieInfoFetcher
2024-04-27 02:55:30,189 - seret.movie_info_fetchers.composite - INFO - Got info for Demon Slayer: Kimetsu no Yaiba - To the Hashira Training using ElasticMovieInfoFetcher
2024-04-27 02:55:30,728 - seret.movie_info_fetchers.search_engines_api.composite - WARNING - Failed to search with google: The result parsing was unsuccessful. It is either your query could not be found or it was flagged as unusual traffic
2024-04-27 02:55:31,817 - seret.movie_info_fetchers.search_engines_api.composite - WARNING - Failed to search with bing: The returned results could not be parsed. This might be due to site updates or server errors. Drop an issue at https://github.com/bisoncorps/search-engine-parser if this persists
2024-04-27 02:57:46,776 - seret.movie_info_fetchers.search_engines_api.composite - ERROR - Failed to search with duckduckgo
Traceback (most recent call last):
  File "/opt/hostedtoolcache/Python/3.11.9/x64/lib/python3.11/site-packages/urllib3/connection.py", line 174, in _new_conn
    conn = connection.create_connection(
           ^^^^^^^^^^^^^^^^^^^^^^^^^^^^^
  File "/opt/hostedtoolcache/Python/3.11.9/x64/lib/python3.11/site-packages/urllib3/util/connection.py", line 95, in create_connection
    raise err
  File "/opt/hostedtoolcache/Python/3.11.9/x64/lib/python3.11/site-packages/urllib3/util/connection.py", line 85, in create_connection
    sock.connect(sa)
TimeoutError: [Errno 110] Connection timed out

During handling of the above exception, another exception occurred:

Traceback (most recent call last):
  File "/opt/hostedtoolcache/Python/3.11.9/x64/lib/python3.11/site-packages/urllib3/connectionpool.py", line 715, in urlopen
    httplib_response = self._make_request(
                       ^^^^^^^^^^^^^^^^^^^
  File "/opt/hostedtoolcache/Python/3.11.9/x64/lib/python3.11/site-packages/urllib3/connectionpool.py", line 404, in _make_request
    self._validate_conn(conn)
  File "/opt/hostedtoolcache/Python/3.11.9/x64/lib/python3.11/site-packages/urllib3/connectionpool.py", line 1058, in _validate_conn
    conn.connect()
  File "/opt/hostedtoolcache/Python/3.11.9/x64/lib/python3.11/site-packages/urllib3/connection.py", line 363, in connect
    self.sock = conn = self._new_conn()
                       ^^^^^^^^^^^^^^^^
  File "/opt/hostedtoolcache/Python/3.11.9/x64/lib/python3.11/site-packages/urllib3/connection.py", line 179, in _new_conn
    raise ConnectTimeoutError(
urllib3.exceptions.ConnectTimeoutError: (<urllib3.connection.HTTPSConnection object at 0x7f6c3b8b4650>, 'Connection to duckduckgo.com timed out. (connect timeout=None)')

During handling of the above exception, another exception occurred:

Traceback (most recent call last):
  File "/opt/hostedtoolcache/Python/3.11.9/x64/lib/python3.11/site-packages/requests/adapters.py", line 486, in send
    resp = conn.urlopen(
           ^^^^^^^^^^^^^
  File "/opt/hostedtoolcache/Python/3.11.9/x64/lib/python3.11/site-packages/urllib3/connectionpool.py", line 799, in urlopen
    retries = retries.increment(
              ^^^^^^^^^^^^^^^^^^
  File "/opt/hostedtoolcache/Python/3.11.9/x64/lib/python3.11/site-packages/urllib3/util/retry.py", line 592, in increment
    raise MaxRetryError(_pool, url, error or ResponseError(cause))
urllib3.exceptions.MaxRetryError: HTTPSConnectionPool(host='duckduckgo.com', port=443): Max retries exceeded with url: /?q=Cat%20&%20Dog%20site:seret.co.il%20inurl:movies/s_movies.asp?MID= (Caused by ConnectTimeoutError(<urllib3.connection.HTTPSConnection object at 0x7f6c3b8b4650>, 'Connection to duckduckgo.com timed out. (connect timeout=None)'))

During handling of the above exception, another exception occurred:

Traceback (most recent call last):
  File "/home/runner/work/Movie-Time-Server/Movie-Time-Server/seret/movie_info_fetchers/search_engines_api/composite.py", line 23, in search
    results = engine_search(query, wanted_term, remove_regex, need_in_url, session)
              ^^^^^^^^^^^^^^^^^^^^^^^^^^^^^^^^^^^^^^^^^^^^^^^^^^^^^^^^^^^^^^^^^^^^^
  File "/home/runner/work/Movie-Time-Server/Movie-Time-Server/seret/movie_info_fetchers/search_engines_api/duck_api.py", line 22, in search
    res = session.get(url, headers=headers)
          ^^^^^^^^^^^^^^^^^^^^^^^^^^^^^^^^^
  File "/opt/hostedtoolcache/Python/3.11.9/x64/lib/python3.11/site-packages/requests/sessions.py", line 602, in get
    return self.request("GET", url, **kwargs)
           ^^^^^^^^^^^^^^^^^^^^^^^^^^^^^^^^^^
  File "/opt/hostedtoolcache/Python/3.11.9/x64/lib/python3.11/site-packages/requests/sessions.py", line 589, in request
    resp = self.send(prep, **send_kwargs)
           ^^^^^^^^^^^^^^^^^^^^^^^^^^^^^^
  File "/opt/hostedtoolcache/Python/3.11.9/x64/lib/python3.11/site-packages/requests/sessions.py", line 703, in send
    r = adapter.send(request, **kwargs)
        ^^^^^^^^^^^^^^^^^^^^^^^^^^^^^^^
  File "/opt/hostedtoolcache/Python/3.11.9/x64/lib/python3.11/site-packages/requests/adapters.py", line 507, in send
    raise ConnectTimeout(e, request=request)
requests.exceptions.ConnectTimeout: HTTPSConnectionPool(host='duckduckgo.com', port=443): Max retries exceeded with url: /?q=Cat%20&%20Dog%20site:seret.co.il%20inurl:movies/s_movies.asp?MID= (Caused by ConnectTimeoutError(<urllib3.connection.HTTPSConnection object at 0x7f6c3b8b4650>, 'Connection to duckduckgo.com timed out. (connect timeout=None)'))
2024-04-27 02:57:46,777 - seret.movie_info_fetchers.composite - WARNING - Failed to get info for Cat & Dog
2024-04-27 02:57:47,756 - seret.movie_info_fetchers.composite - INFO - Got info for הכלב והחתולה - המרדף המטורף using ElasticMovieInfoFetcher
2024-04-27 02:57:48,545 - seret.movie_info_fetchers.composite - INFO - Got info for חדר משלו using ElasticMovieInfoFetcher
2024-04-27 02:57:49,446 - seret.movie_info_fetchers.composite - INFO - Got info for DUNE PART 2 using ElasticMovieInfoFetcher
2024-04-27 02:57:50,173 - seret.movie_info_fetchers.composite - INFO - Got info for Goldbeak using ElasticMovieInfoFetcher
2024-04-27 02:57:51,144 - seret.movie_info_fetchers.composite - INFO - Got info for CHALLENGERS using ElasticMovieInfoFetcher
2024-04-27 02:57:52,584 - seret.movie_info_fetchers.composite - INFO - Got info for The Jungle Bunch 2: World Tour using ElasticMovieInfoFetcher
2024-04-27 02:57:53,355 - seret.movie_raters.composite - WARNING - Failed to get rating for The Dive
2024-04-27 02:57:53,574 - seret.movie_raters.composite - WARNING - Failed to get rating for הצלילה
2024-04-27 02:57:53,574 - seret.movie_info_fetchers.composite - INFO - Got info for The dive using ElasticMovieInfoFetcher
2024-04-27 02:57:54,774 - seret.movie_info_fetchers.composite - INFO - Got info for Kong Fu Panda 4 using ElasticMovieInfoFetcher
2024-04-27 02:57:55,395 - seret.movie_info_fetchers.composite - INFO - Got info for Goldbeak using ElasticMovieInfoFetcher
2024-04-27 02:57:56,317 - seret.movie_info_fetchers.composite - INFO - Got info for Migration Dubbed using ElasticMovieInfoFetcher
2024-04-27 02:57:56,851 - seret.movie_info_fetchers.search_engines_api.composite - WARNING - Failed to search with google: The result parsing was unsuccessful. It is either your query could not be found or it was flagged as unusual traffic
2024-04-27 03:00:12,184 - seret.movie_info_fetchers.search_engines_api.composite - ERROR - Failed to search with duckduckgo
Traceback (most recent call last):
  File "/opt/hostedtoolcache/Python/3.11.9/x64/lib/python3.11/site-packages/urllib3/connection.py", line 174, in _new_conn
    conn = connection.create_connection(
           ^^^^^^^^^^^^^^^^^^^^^^^^^^^^^
  File "/opt/hostedtoolcache/Python/3.11.9/x64/lib/python3.11/site-packages/urllib3/util/connection.py", line 95, in create_connection
    raise err
  File "/opt/hostedtoolcache/Python/3.11.9/x64/lib/python3.11/site-packages/urllib3/util/connection.py", line 85, in create_connection
    sock.connect(sa)
TimeoutError: [Errno 110] Connection timed out

During handling of the above exception, another exception occurred:

Traceback (most recent call last):
  File "/opt/hostedtoolcache/Python/3.11.9/x64/lib/python3.11/site-packages/urllib3/connectionpool.py", line 715, in urlopen
    httplib_response = self._make_request(
                       ^^^^^^^^^^^^^^^^^^^
  File "/opt/hostedtoolcache/Python/3.11.9/x64/lib/python3.11/site-packages/urllib3/connectionpool.py", line 404, in _make_request
    self._validate_conn(conn)
  File "/opt/hostedtoolcache/Python/3.11.9/x64/lib/python3.11/site-packages/urllib3/connectionpool.py", line 1058, in _validate_conn
    conn.connect()
  File "/opt/hostedtoolcache/Python/3.11.9/x64/lib/python3.11/site-packages/urllib3/connection.py", line 363, in connect
    self.sock = conn = self._new_conn()
                       ^^^^^^^^^^^^^^^^
  File "/opt/hostedtoolcache/Python/3.11.9/x64/lib/python3.11/site-packages/urllib3/connection.py", line 179, in _new_conn
    raise ConnectTimeoutError(
urllib3.exceptions.ConnectTimeoutError: (<urllib3.connection.HTTPSConnection object at 0x7f6c3a4f7390>, 'Connection to duckduckgo.com timed out. (connect timeout=None)')

During handling of the above exception, another exception occurred:

Traceback (most recent call last):
  File "/opt/hostedtoolcache/Python/3.11.9/x64/lib/python3.11/site-packages/requests/adapters.py", line 486, in send
    resp = conn.urlopen(
           ^^^^^^^^^^^^^
  File "/opt/hostedtoolcache/Python/3.11.9/x64/lib/python3.11/site-packages/urllib3/connectionpool.py", line 799, in urlopen
    retries = retries.increment(
              ^^^^^^^^^^^^^^^^^^
  File "/opt/hostedtoolcache/Python/3.11.9/x64/lib/python3.11/site-packages/urllib3/util/retry.py", line 592, in increment
    raise MaxRetryError(_pool, url, error or ResponseError(cause))
urllib3.exceptions.MaxRetryError: HTTPSConnectionPool(host='duckduckgo.com', port=443): Max retries exceeded with url: /?q=Dragonkeeper%20Dubbed%20site:seret.co.il%20inurl:movies/s_movies.asp?MID= (Caused by ConnectTimeoutError(<urllib3.connection.HTTPSConnection object at 0x7f6c3a4f7390>, 'Connection to duckduckgo.com timed out. (connect timeout=None)'))

During handling of the above exception, another exception occurred:

Traceback (most recent call last):
  File "/home/runner/work/Movie-Time-Server/Movie-Time-Server/seret/movie_info_fetchers/search_engines_api/composite.py", line 23, in search
    results = engine_search(query, wanted_term, remove_regex, need_in_url, session)
              ^^^^^^^^^^^^^^^^^^^^^^^^^^^^^^^^^^^^^^^^^^^^^^^^^^^^^^^^^^^^^^^^^^^^^
  File "/home/runner/work/Movie-Time-Server/Movie-Time-Server/seret/movie_info_fetchers/search_engines_api/duck_api.py", line 22, in search
    res = session.get(url, headers=headers)
          ^^^^^^^^^^^^^^^^^^^^^^^^^^^^^^^^^
  File "/opt/hostedtoolcache/Python/3.11.9/x64/lib/python3.11/site-packages/requests/sessions.py", line 602, in get
    return self.request("GET", url, **kwargs)
           ^^^^^^^^^^^^^^^^^^^^^^^^^^^^^^^^^^
  File "/opt/hostedtoolcache/Python/3.11.9/x64/lib/python3.11/site-packages/requests/sessions.py", line 589, in request
    resp = self.send(prep, **send_kwargs)
           ^^^^^^^^^^^^^^^^^^^^^^^^^^^^^^
  File "/opt/hostedtoolcache/Python/3.11.9/x64/lib/python3.11/site-packages/requests/sessions.py", line 703, in send
    r = adapter.send(request, **kwargs)
        ^^^^^^^^^^^^^^^^^^^^^^^^^^^^^^^
  File "/opt/hostedtoolcache/Python/3.11.9/x64/lib/python3.11/site-packages/requests/adapters.py", line 507, in send
    raise ConnectTimeout(e, request=request)
requests.exceptions.ConnectTimeout: HTTPSConnectionPool(host='duckduckgo.com', port=443): Max retries exceeded with url: /?q=Dragonkeeper%20Dubbed%20site:seret.co.il%20inurl:movies/s_movies.asp?MID= (Caused by ConnectTimeoutError(<urllib3.connection.HTTPSConnection object at 0x7f6c3a4f7390>, 'Connection to duckduckgo.com timed out. (connect timeout=None)'))
2024-04-27 03:00:12,185 - seret.movie_info_fetchers.composite - WARNING - Failed to get info for Dragonkeeper Dubbed
2024-04-27 03:00:13,085 - seret.movie_info_fetchers.composite - INFO - Got info for Kung Fu Panda 4 Dubbed using ElasticMovieInfoFetcher
2024-04-27 03:00:14,489 - seret.movie_info_fetchers.composite - INFO - Got info for The Jungle Bunch 2 Dubbed using ElasticMovieInfoFetcher
2024-04-27 03:00:15,428 - seret.movie_info_fetchers.composite - INFO - Got info for The Boy and the Heron using ElasticMovieInfoFetcher
2024-04-27 03:00:16,269 - seret.movie_info_fetchers.composite - INFO - Got info for The Pot Au Feu using ElasticMovieInfoFetcher
2024-04-27 03:00:17,638 - seret.movie_info_fetchers.composite - INFO - Got info for The Zone of Interest using ElasticMovieInfoFetcher
2024-04-27 03:00:17,954 - seret.movie_info_fetchers.search_engines_api.composite - WARNING - Failed to search with google: The result parsing was unsuccessful. It is either your query could not be found or it was flagged as unusual traffic
2024-04-27 03:00:18,097 - seret.movie_info_fetchers.search_engines_api.composite - WARNING - Failed to search with bing: The result parsing was unsuccessful. It is either your query could not be found or it was flagged as unusual traffic
2024-04-27 03:02:31,448 - seret.movie_info_fetchers.search_engines_api.composite - ERROR - Failed to search with duckduckgo
Traceback (most recent call last):
  File "/opt/hostedtoolcache/Python/3.11.9/x64/lib/python3.11/site-packages/urllib3/connection.py", line 174, in _new_conn
    conn = connection.create_connection(
           ^^^^^^^^^^^^^^^^^^^^^^^^^^^^^
  File "/opt/hostedtoolcache/Python/3.11.9/x64/lib/python3.11/site-packages/urllib3/util/connection.py", line 95, in create_connection
    raise err
  File "/opt/hostedtoolcache/Python/3.11.9/x64/lib/python3.11/site-packages/urllib3/util/connection.py", line 85, in create_connection
    sock.connect(sa)
TimeoutError: [Errno 110] Connection timed out

During handling of the above exception, another exception occurred:

Traceback (most recent call last):
  File "/opt/hostedtoolcache/Python/3.11.9/x64/lib/python3.11/site-packages/urllib3/connectionpool.py", line 715, in urlopen
    httplib_response = self._make_request(
                       ^^^^^^^^^^^^^^^^^^^
  File "/opt/hostedtoolcache/Python/3.11.9/x64/lib/python3.11/site-packages/urllib3/connectionpool.py", line 404, in _make_request
    self._validate_conn(conn)
  File "/opt/hostedtoolcache/Python/3.11.9/x64/lib/python3.11/site-packages/urllib3/connectionpool.py", line 1058, in _validate_conn
    conn.connect()
  File "/opt/hostedtoolcache/Python/3.11.9/x64/lib/python3.11/site-packages/urllib3/connection.py", line 363, in connect
    self.sock = conn = self._new_conn()
                       ^^^^^^^^^^^^^^^^
  File "/opt/hostedtoolcache/Python/3.11.9/x64/lib/python3.11/site-packages/urllib3/connection.py", line 179, in _new_conn
    raise ConnectTimeoutError(
urllib3.exceptions.ConnectTimeoutError: (<urllib3.connection.HTTPSConnection object at 0x7f6c3ab43790>, 'Connection to duckduckgo.com timed out. (connect timeout=None)')

During handling of the above exception, another exception occurred:

Traceback (most recent call last):
  File "/opt/hostedtoolcache/Python/3.11.9/x64/lib/python3.11/site-packages/requests/adapters.py", line 486, in send
    resp = conn.urlopen(
           ^^^^^^^^^^^^^
  File "/opt/hostedtoolcache/Python/3.11.9/x64/lib/python3.11/site-packages/urllib3/connectionpool.py", line 799, in urlopen
    retries = retries.increment(
              ^^^^^^^^^^^^^^^^^^
  File "/opt/hostedtoolcache/Python/3.11.9/x64/lib/python3.11/site-packages/urllib3/util/retry.py", line 592, in increment
    raise MaxRetryError(_pool, url, error or ResponseError(cause))
urllib3.exceptions.MaxRetryError: HTTPSConnectionPool(host='duckduckgo.com', port=443): Max retries exceeded with url: /?q=Challangers%20site:seret.co.il%20inurl:movies/s_movies.asp?MID= (Caused by ConnectTimeoutError(<urllib3.connection.HTTPSConnection object at 0x7f6c3ab43790>, 'Connection to duckduckgo.com timed out. (connect timeout=None)'))

During handling of the above exception, another exception occurred:

Traceback (most recent call last):
  File "/home/runner/work/Movie-Time-Server/Movie-Time-Server/seret/movie_info_fetchers/search_engines_api/composite.py", line 23, in search
    results = engine_search(query, wanted_term, remove_regex, need_in_url, session)
              ^^^^^^^^^^^^^^^^^^^^^^^^^^^^^^^^^^^^^^^^^^^^^^^^^^^^^^^^^^^^^^^^^^^^^
  File "/home/runner/work/Movie-Time-Server/Movie-Time-Server/seret/movie_info_fetchers/search_engines_api/duck_api.py", line 22, in search
    res = session.get(url, headers=headers)
          ^^^^^^^^^^^^^^^^^^^^^^^^^^^^^^^^^
  File "/opt/hostedtoolcache/Python/3.11.9/x64/lib/python3.11/site-packages/requests/sessions.py", line 602, in get
    return self.request("GET", url, **kwargs)
           ^^^^^^^^^^^^^^^^^^^^^^^^^^^^^^^^^^
  File "/opt/hostedtoolcache/Python/3.11.9/x64/lib/python3.11/site-packages/requests/sessions.py", line 589, in request
    resp = self.send(prep, **send_kwargs)
           ^^^^^^^^^^^^^^^^^^^^^^^^^^^^^^
  File "/opt/hostedtoolcache/Python/3.11.9/x64/lib/python3.11/site-packages/requests/sessions.py", line 703, in send
    r = adapter.send(request, **kwargs)
        ^^^^^^^^^^^^^^^^^^^^^^^^^^^^^^^
  File "/opt/hostedtoolcache/Python/3.11.9/x64/lib/python3.11/site-packages/requests/adapters.py", line 507, in send
    raise ConnectTimeout(e, request=request)
requests.exceptions.ConnectTimeout: HTTPSConnectionPool(host='duckduckgo.com', port=443): Max retries exceeded with url: /?q=Challangers%20site:seret.co.il%20inurl:movies/s_movies.asp?MID= (Caused by ConnectTimeoutError(<urllib3.connection.HTTPSConnection object at 0x7f6c3ab43790>, 'Connection to duckduckgo.com timed out. (connect timeout=None)'))
2024-04-27 03:02:31,449 - seret.movie_info_fetchers.composite - WARNING - Failed to get info for Challangers
2024-04-27 03:02:32,435 - seret.movie_info_fetchers.composite - INFO - Got info for מתחרים using ElasticMovieInfoFetcher
2024-04-27 03:02:33,584 - imdb_api - ERROR - id='tt32126583', movie='American Fiction'
Traceback (most recent call last):
  File "/home/runner/work/Movie-Time-Server/Movie-Time-Server/seret/movie_raters/imdb_api.py", line 67, in get_imdb_rating
    return info["aggregateRating"]['ratingValue']
           ~~~~^^^^^^^^^^^^^^^^^^^
KeyError: 'aggregateRating'
2024-04-27 03:02:33,584 - seret.movie_raters.composite - WARNING - Failed to get rating for American Fiction
2024-04-27 03:02:33,874 - seret.movie_raters.composite - WARNING - Failed to get rating for מעשייה אמריקאית
2024-04-27 03:02:33,874 - seret.movie_info_fetchers.composite - INFO - Got info for American Fiction using ElasticMovieInfoFetcher
2024-04-27 03:02:35,078 - seret.movie_info_fetchers.composite - INFO - Got info for Poor Things using ElasticMovieInfoFetcher
2024-04-27 03:02:36,422 - seret.movie_info_fetchers.composite - INFO - Got info for Lassie 2 Dubbed using ElasticMovieInfoFetcher
2024-04-27 03:02:37,935 - seret.movie_info_fetchers.composite - INFO - Got info for Back To Black using ElasticMovieInfoFetcher
2024-04-27 03:02:39,040 - seret.movie_info_fetchers.composite - INFO - Got info for  Air War using ElasticMovieInfoFetcher
2024-04-27 03:02:39,874 - seret.movie_info_fetchers.composite - INFO - Got info for Godzilla x Kong: The New Empire using ElasticMovieInfoFetcher
2024-04-27 03:02:40,723 - seret.movie_info_fetchers.composite - INFO - Got info for The Jungle Bunch 2: World Tour using ElasticMovieInfoFetcher
2024-04-27 03:02:42,027 - seret.movie_info_fetchers.composite - INFO - Got info for Lassie 2- A New Adventure using ElasticMovieInfoFetcher
2024-04-27 03:02:43,144 - seret.movie_info_fetchers.composite - INFO - Got info for Migration using ElasticMovieInfoFetcher
2024-04-27 03:02:44,171 - seret.movie_info_fetchers.composite - INFO - Got info for Kong Fu Panda 4 using ElasticMovieInfoFetcher
2024-04-27 03:02:46,039 - seret.movie_info_fetchers.composite - INFO - Got info for Driving Madeleine using ElasticMovieInfoFetcher
2024-04-27 03:02:46,413 - seret.movie_info_fetchers.search_engines_api.composite - WARNING - Failed to search with google: The result parsing was unsuccessful. It is either your query could not be found or it was flagged as unusual traffic
2024-04-27 03:02:46,571 - seret.movie_info_fetchers.search_engines_api.composite - WARNING - Failed to search with bing: The result parsing was unsuccessful. It is either your query could not be found or it was flagged as unusual traffic
2024-04-27 03:05:00,952 - seret.movie_info_fetchers.search_engines_api.composite - ERROR - Failed to search with duckduckgo
Traceback (most recent call last):
  File "/opt/hostedtoolcache/Python/3.11.9/x64/lib/python3.11/site-packages/urllib3/connection.py", line 174, in _new_conn
    conn = connection.create_connection(
           ^^^^^^^^^^^^^^^^^^^^^^^^^^^^^
  File "/opt/hostedtoolcache/Python/3.11.9/x64/lib/python3.11/site-packages/urllib3/util/connection.py", line 95, in create_connection
    raise err
  File "/opt/hostedtoolcache/Python/3.11.9/x64/lib/python3.11/site-packages/urllib3/util/connection.py", line 85, in create_connection
    sock.connect(sa)
TimeoutError: [Errno 110] Connection timed out

During handling of the above exception, another exception occurred:

Traceback (most recent call last):
  File "/opt/hostedtoolcache/Python/3.11.9/x64/lib/python3.11/site-packages/urllib3/connectionpool.py", line 715, in urlopen
    httplib_response = self._make_request(
                       ^^^^^^^^^^^^^^^^^^^
  File "/opt/hostedtoolcache/Python/3.11.9/x64/lib/python3.11/site-packages/urllib3/connectionpool.py", line 404, in _make_request
    self._validate_conn(conn)
  File "/opt/hostedtoolcache/Python/3.11.9/x64/lib/python3.11/site-packages/urllib3/connectionpool.py", line 1058, in _validate_conn
    conn.connect()
  File "/opt/hostedtoolcache/Python/3.11.9/x64/lib/python3.11/site-packages/urllib3/connection.py", line 363, in connect
    self.sock = conn = self._new_conn()
                       ^^^^^^^^^^^^^^^^
  File "/opt/hostedtoolcache/Python/3.11.9/x64/lib/python3.11/site-packages/urllib3/connection.py", line 179, in _new_conn
    raise ConnectTimeoutError(
urllib3.exceptions.ConnectTimeoutError: (<urllib3.connection.HTTPSConnection object at 0x7f6c3b490510>, 'Connection to duckduckgo.com timed out. (connect timeout=None)')

During handling of the above exception, another exception occurred:

Traceback (most recent call last):
  File "/opt/hostedtoolcache/Python/3.11.9/x64/lib/python3.11/site-packages/requests/adapters.py", line 486, in send
    resp = conn.urlopen(
           ^^^^^^^^^^^^^
  File "/opt/hostedtoolcache/Python/3.11.9/x64/lib/python3.11/site-packages/urllib3/connectionpool.py", line 799, in urlopen
    retries = retries.increment(
              ^^^^^^^^^^^^^^^^^^
  File "/opt/hostedtoolcache/Python/3.11.9/x64/lib/python3.11/site-packages/urllib3/util/retry.py", line 592, in increment
    raise MaxRetryError(_pool, url, error or ResponseError(cause))
urllib3.exceptions.MaxRetryError: HTTPSConnectionPool(host='duckduckgo.com', port=443): Max retries exceeded with url: /?q=%D7%9E%D7%95%D7%A4%D7%A2-%D7%94%D7%9E%D7%A1%D7%A2%20%D7%90%D7%9C%20%D7%94%D7%A7%D7%A1%D7%9D%20%D7%94%D7%92%D7%93%D7%95%D7%9C%20%D7%91%D7%A2%D7%95%D7%9C%D7%9D%20-%20%D7%9C%D7%99%D7%A8%D7%95%D7%9F%20%D7%90%D7%99%D7%A9%20%D7%94%D7%90%D7%95%D7%95%D7%99%D7%A8%D7%95%D7%9F%20%D7%95%D7%9C%D7%9C%D7%95%D7%A9%20site:seret.co.il%20inurl:movies/s_movies.asp?MID= (Caused by ConnectTimeoutError(<urllib3.connection.HTTPSConnection object at 0x7f6c3b490510>, 'Connection to duckduckgo.com timed out. (connect timeout=None)'))

During handling of the above exception, another exception occurred:

Traceback (most recent call last):
  File "/home/runner/work/Movie-Time-Server/Movie-Time-Server/seret/movie_info_fetchers/search_engines_api/composite.py", line 23, in search
    results = engine_search(query, wanted_term, remove_regex, need_in_url, session)
              ^^^^^^^^^^^^^^^^^^^^^^^^^^^^^^^^^^^^^^^^^^^^^^^^^^^^^^^^^^^^^^^^^^^^^
  File "/home/runner/work/Movie-Time-Server/Movie-Time-Server/seret/movie_info_fetchers/search_engines_api/duck_api.py", line 22, in search
    res = session.get(url, headers=headers)
          ^^^^^^^^^^^^^^^^^^^^^^^^^^^^^^^^^
  File "/opt/hostedtoolcache/Python/3.11.9/x64/lib/python3.11/site-packages/requests/sessions.py", line 602, in get
    return self.request("GET", url, **kwargs)
           ^^^^^^^^^^^^^^^^^^^^^^^^^^^^^^^^^^
  File "/opt/hostedtoolcache/Python/3.11.9/x64/lib/python3.11/site-packages/requests/sessions.py", line 589, in request
    resp = self.send(prep, **send_kwargs)
           ^^^^^^^^^^^^^^^^^^^^^^^^^^^^^^
  File "/opt/hostedtoolcache/Python/3.11.9/x64/lib/python3.11/site-packages/requests/sessions.py", line 703, in send
    r = adapter.send(request, **kwargs)
        ^^^^^^^^^^^^^^^^^^^^^^^^^^^^^^^
  File "/opt/hostedtoolcache/Python/3.11.9/x64/lib/python3.11/site-packages/requests/adapters.py", line 507, in send
    raise ConnectTimeout(e, request=request)
requests.exceptions.ConnectTimeout: HTTPSConnectionPool(host='duckduckgo.com', port=443): Max retries exceeded with url: /?q=%D7%9E%D7%95%D7%A4%D7%A2-%D7%94%D7%9E%D7%A1%D7%A2%20%D7%90%D7%9C%20%D7%94%D7%A7%D7%A1%D7%9D%20%D7%94%D7%92%D7%93%D7%95%D7%9C%20%D7%91%D7%A2%D7%95%D7%9C%D7%9D%20-%20%D7%9C%D7%99%D7%A8%D7%95%D7%9F%20%D7%90%D7%99%D7%A9%20%D7%94%D7%90%D7%95%D7%95%D7%99%D7%A8%D7%95%D7%9F%20%D7%95%D7%9C%D7%9C%D7%95%D7%A9%20site:seret.co.il%20inurl:movies/s_movies.asp?MID= (Caused by ConnectTimeoutError(<urllib3.connection.HTTPSConnection object at 0x7f6c3b490510>, 'Connection to duckduckgo.com timed out. (connect timeout=None)'))
2024-04-27 03:05:00,953 - seret.movie_info_fetchers.composite - WARNING - Failed to get info for מופע-המסע אל הקסם הגדול בעולם - לירון איש האווירון וללוש
2024-04-27 03:05:00,953 - seret.info_fetcher - ERROR - Failed to get info for  and מופע-המסע אל הקסם הגדול בעולם - לירון איש האווירון וללוש
2024-04-27 03:05:01,746 - seret.movie_info_fetchers.composite - INFO - Got info for Joika using ElasticMovieInfoFetcher
2024-04-27 03:05:03,797 - imdb_api - ERROR - id='tt13813756', movie='Sam and Kate'
Traceback (most recent call last):
  File "/home/runner/work/Movie-Time-Server/Movie-Time-Server/seret/movie_raters/imdb_api.py", line 67, in get_imdb_rating
    return info["aggregateRating"]['ratingValue']
           ~~~~^^^^^^^^^^^^^^^^^^^
KeyError: 'aggregateRating'
2024-04-27 03:05:03,797 - seret.movie_raters.composite - WARNING - Failed to get rating for Sam and Kate
2024-04-27 03:05:04,066 - seret.movie_raters.composite - WARNING - Failed to get rating for אהבה זה כל העניין
2024-04-27 03:05:04,066 - seret.movie_info_fetchers.composite - INFO - Got info for Sam & Kate using ElasticMovieInfoFetcher
2024-04-27 03:05:05,647 - seret.movie_info_fetchers.composite - INFO - Got info for His Own Room using ElasticMovieInfoFetcher
2024-04-27 03:05:07,096 - seret.movie_info_fetchers.composite - INFO - Got info for The Miracle Club using ElasticMovieInfoFetcher
2024-04-27 03:05:08,790 - seret.movie_info_fetchers.composite - INFO - Got info for White Bird using ElasticMovieInfoFetcher
2024-04-27 03:05:10,008 - seret.movie_info_fetchers.composite - INFO - Got info for Kong Fu Panda 4 using ElasticMovieInfoFetcher
2024-04-27 03:05:11,898 - seret.movie_info_fetchers.composite - INFO - Got info for Valentina’s Mother - Special Event using ElasticMovieInfoFetcher
2024-04-27 03:05:11,899 - seret.info_fetcher - ERROR - Failed to get info for 2 movies: [{'date': '27-04-2024', 'cinema': 'יס פלאנט', 'location': 'חיפה', 'district': 'הצפון', 'title': 'המשאלה', 'eng_title': 'Wish', 'type': '2D', 'time': '13:10', 'link': 'https://tickets3.planetcinema.co.il/site/1070?code=1070-45667&languageId=he-IL&saleChannelCode=web', 'coords': (32.7937, 35.0383), 'dubbed': True}, {'date': '28-04-2024', 'cinema': 'סינמה סיטי', 'location': 'כפר סבא', 'district': 'השרון', 'title': 'מופע-המסע אל הקסם הגדול בעולם - לירון איש האווירון וללוש', 'eng_title': '', 'type': '2D', 'time': '11:00', 'link': 'https://tickets.cinema-city.co.il/order/402722', 'coords': (32.1728, 34.9297), 'dubbed': False}]
2024-04-27 03:05:12,107 - root - INFO - 8094
