2024-07-31 02:26:28,998 - root - INFO - ********************
2024-07-31 02:26:28,998 - root - INFO - started checking for:31-07-2024
2024-07-31 02:26:28,998 - cinemas.yes_planet - INFO - STARTED YES PLANET
2024-07-31 02:26:28,999 - cinemas.yes_planet - INFO - STARTED YES PLANET RISHON
2024-07-31 02:26:58,708 - cinemas.yes_planet - INFO - DONE YES PLANET RISHON
2024-07-31 02:26:58,709 - cinemas.yes_planet - INFO - STARTED YES PLANET AYALON
2024-07-31 02:27:01,769 - cinemas.yes_planet - INFO - DONE YES PLANET AYALON
2024-07-31 02:27:01,769 - cinemas.yes_planet - INFO - STARTED YES PLANET ZICHRON
2024-07-31 02:27:02,739 - cinemas.yes_planet - INFO - DONE YES PLANET ZICHRON
2024-07-31 02:27:02,739 - cinemas.yes_planet - INFO - STARTED YES PLANET HAIFA
2024-07-31 02:27:05,887 - cinemas.yes_planet - INFO - DONE YES PLANET HAIFA
2024-07-31 02:27:05,888 - cinemas.yes_planet - INFO - STARTED YES PLANET JERUSALEM
2024-07-31 02:27:07,819 - cinemas.yes_planet - INFO - DONE YES PLANET JERUSALEM
2024-07-31 02:27:07,820 - cinemas.yes_planet - INFO - STARTED YES PLANET BEER_SHEVA
2024-07-31 02:27:10,893 - cinemas.yes_planet - INFO - DONE YES PLANET BEER_SHEVA
2024-07-31 02:27:10,894 - cinemas.yes_planet - INFO - DONE YES PLANET
2024-07-31 02:27:10,894 - cinemas.yes_planet - INFO - STARTED YES PLANET
2024-07-31 02:27:10,894 - cinemas.yes_planet - INFO - STARTED YES PLANET RISHON
2024-07-31 02:27:10,926 - cinemas.yes_planet - INFO - DONE YES PLANET RISHON
2024-07-31 02:27:10,926 - cinemas.yes_planet - INFO - STARTED YES PLANET AYALON
2024-07-31 02:27:10,950 - cinemas.yes_planet - INFO - DONE YES PLANET AYALON
2024-07-31 02:27:10,950 - cinemas.yes_planet - INFO - STARTED YES PLANET ZICHRON
2024-07-31 02:27:10,976 - cinemas.yes_planet - INFO - DONE YES PLANET ZICHRON
2024-07-31 02:27:10,976 - cinemas.yes_planet - INFO - STARTED YES PLANET HAIFA
2024-07-31 02:27:11,001 - cinemas.yes_planet - INFO - DONE YES PLANET HAIFA
2024-07-31 02:27:11,001 - cinemas.yes_planet - INFO - STARTED YES PLANET JERUSALEM
2024-07-31 02:27:11,025 - cinemas.yes_planet - INFO - DONE YES PLANET JERUSALEM
2024-07-31 02:27:11,025 - cinemas.yes_planet - INFO - STARTED YES PLANET BEER_SHEVA
2024-07-31 02:27:11,059 - cinemas.yes_planet - INFO - DONE YES PLANET BEER_SHEVA
2024-07-31 02:27:11,059 - cinemas.yes_planet - INFO - DONE YES PLANET
2024-07-31 02:27:11,059 - cinemas.rav_hen - INFO - STARTED RAV HEN
2024-07-31 02:27:11,059 - cinemas.rav_hen - INFO - STARTED RAV HEN GIVATAIM
2024-07-31 02:27:22,560 - cinemas.rav_hen - INFO - DONE RAV HEN GIVATAIM
2024-07-31 02:27:22,560 - cinemas.rav_hen - INFO - STARTED RAV HEN DIZINGOF
2024-07-31 02:27:23,365 - cinemas.rav_hen - INFO - DONE RAV HEN DIZINGOF
2024-07-31 02:27:23,366 - cinemas.rav_hen - INFO - STARTED RAV HEN MODIIN
2024-07-31 02:27:23,977 - cinemas.rav_hen - INFO - DONE RAV HEN MODIIN
2024-07-31 02:27:23,977 - cinemas.rav_hen - INFO - STARTED RAV HEN KIRYAT_ONO
2024-07-31 02:27:25,607 - cinemas.rav_hen - INFO - DONE RAV HEN KIRYAT_ONO
2024-07-31 02:27:25,607 - cinemas.rav_hen - INFO - DONE RAV HEN
2024-07-31 02:27:25,607 - cinemas.rav_hen - INFO - STARTED RAV HEN
2024-07-31 02:27:25,607 - cinemas.rav_hen - INFO - STARTED RAV HEN GIVATAIM
2024-07-31 02:27:25,627 - cinemas.rav_hen - INFO - DONE RAV HEN GIVATAIM
2024-07-31 02:27:25,627 - cinemas.rav_hen - INFO - STARTED RAV HEN DIZINGOF
2024-07-31 02:27:25,648 - cinemas.rav_hen - INFO - DONE RAV HEN DIZINGOF
2024-07-31 02:27:25,648 - cinemas.rav_hen - INFO - STARTED RAV HEN MODIIN
2024-07-31 02:27:25,668 - cinemas.rav_hen - INFO - DONE RAV HEN MODIIN
2024-07-31 02:27:25,668 - cinemas.rav_hen - INFO - STARTED RAV HEN KIRYAT_ONO
2024-07-31 02:27:25,686 - cinemas.rav_hen - INFO - DONE RAV HEN KIRYAT_ONO
2024-07-31 02:27:25,686 - cinemas.rav_hen - INFO - DONE RAV HEN
2024-07-31 02:27:25,686 - cinemas.hot_cinema - INFO - STARTED HOT CINEMA
2024-07-31 02:27:25,686 - cinemas.hot_cinema - INFO - STARTED HOT CINEMA MODIIN
2024-07-31 02:27:41,363 - cinemas.hot_cinema - INFO - DONE HOT CINEMA MODIIN
2024-07-31 02:27:41,363 - cinemas.hot_cinema - INFO - STARTED HOT CINEMA KIRYON
2024-07-31 02:27:52,361 - cinemas.hot_cinema - INFO - DONE HOT CINEMA KIRYON
2024-07-31 02:27:52,361 - cinemas.hot_cinema - INFO - STARTED HOT CINEMA KFAR_SABBA
2024-07-31 02:27:52,597 - cinemas.hot_cinema - INFO - DONE HOT CINEMA KFAR_SABBA
2024-07-31 02:27:52,597 - cinemas.hot_cinema - INFO - STARTED HOT CINEMA HAIFA
2024-07-31 02:27:53,572 - cinemas.hot_cinema - INFO - DONE HOT CINEMA HAIFA
2024-07-31 02:27:53,573 - cinemas.hot_cinema - INFO - STARTED HOT CINEMA PETACH_TIKVA
2024-07-31 02:27:53,807 - cinemas.hot_cinema - INFO - DONE HOT CINEMA PETACH_TIKVA
2024-07-31 02:27:53,807 - cinemas.hot_cinema - INFO - STARTED HOT CINEMA RECHOVOT
2024-07-31 02:27:54,041 - cinemas.hot_cinema - INFO - DONE HOT CINEMA RECHOVOT
2024-07-31 02:27:54,041 - cinemas.hot_cinema - INFO - STARTED HOT CINEMA ASHKELON
2024-07-31 02:27:54,276 - cinemas.hot_cinema - INFO - DONE HOT CINEMA ASHKELON
2024-07-31 02:27:54,276 - cinemas.hot_cinema - INFO - STARTED HOT CINEMA KARMIEL
2024-07-31 02:27:54,508 - cinemas.hot_cinema - INFO - DONE HOT CINEMA KARMIEL
2024-07-31 02:27:54,508 - cinemas.hot_cinema - INFO - STARTED HOT CINEMA NAHARIA
2024-07-31 02:27:54,739 - cinemas.hot_cinema - INFO - DONE HOT CINEMA NAHARIA
2024-07-31 02:27:54,740 - cinemas.hot_cinema - INFO - STARTED HOT CINEMA ASHDOD
2024-07-31 02:27:54,971 - cinemas.hot_cinema - INFO - DONE HOT CINEMA ASHDOD
2024-07-31 02:27:54,972 - cinemas.hot_cinema - INFO - DONE HOT CINEMA
2024-07-31 02:27:54,972 - cinemas.hot_cinema - INFO - STARTED HOT CINEMA
2024-07-31 02:27:54,972 - cinemas.hot_cinema - INFO - STARTED HOT CINEMA MODIIN
2024-07-31 02:27:55,206 - cinemas.hot_cinema - INFO - DONE HOT CINEMA MODIIN
2024-07-31 02:27:55,206 - cinemas.hot_cinema - INFO - STARTED HOT CINEMA KIRYON
2024-07-31 02:27:55,444 - cinemas.hot_cinema - INFO - DONE HOT CINEMA KIRYON
2024-07-31 02:27:55,444 - cinemas.hot_cinema - INFO - STARTED HOT CINEMA KFAR_SABBA
2024-07-31 02:27:55,682 - cinemas.hot_cinema - INFO - DONE HOT CINEMA KFAR_SABBA
2024-07-31 02:27:55,682 - cinemas.hot_cinema - INFO - STARTED HOT CINEMA HAIFA
2024-07-31 02:27:55,918 - cinemas.hot_cinema - INFO - DONE HOT CINEMA HAIFA
2024-07-31 02:27:55,918 - cinemas.hot_cinema - INFO - STARTED HOT CINEMA PETACH_TIKVA
2024-07-31 02:27:56,155 - cinemas.hot_cinema - INFO - DONE HOT CINEMA PETACH_TIKVA
2024-07-31 02:27:56,155 - cinemas.hot_cinema - INFO - STARTED HOT CINEMA RECHOVOT
2024-07-31 02:27:56,398 - cinemas.hot_cinema - INFO - DONE HOT CINEMA RECHOVOT
2024-07-31 02:27:56,398 - cinemas.hot_cinema - INFO - STARTED HOT CINEMA ASHKELON
2024-07-31 02:27:56,634 - cinemas.hot_cinema - INFO - DONE HOT CINEMA ASHKELON
2024-07-31 02:27:56,634 - cinemas.hot_cinema - INFO - STARTED HOT CINEMA KARMIEL
2024-07-31 02:27:56,868 - cinemas.hot_cinema - INFO - DONE HOT CINEMA KARMIEL
2024-07-31 02:27:56,868 - cinemas.hot_cinema - INFO - STARTED HOT CINEMA NAHARIA
2024-07-31 02:27:57,099 - cinemas.hot_cinema - INFO - DONE HOT CINEMA NAHARIA
2024-07-31 02:27:57,099 - cinemas.hot_cinema - INFO - STARTED HOT CINEMA ASHDOD
2024-07-31 02:27:57,331 - cinemas.hot_cinema - INFO - DONE HOT CINEMA ASHDOD
2024-07-31 02:27:57,332 - cinemas.hot_cinema - INFO - DONE HOT CINEMA
2024-07-31 02:27:57,332 - cinemas.cinema_city - INFO - STARTED CINEMA CITY
2024-07-31 02:27:57,332 - cinemas.cinema_city - INFO - STARTED CINEMA CITY GLILOT
2024-07-31 02:28:21,760 - cinemas.cinema_city - INFO - DONE CINEMA CITY GLILOT
2024-07-31 02:28:21,760 - cinemas.cinema_city - INFO - STARTED CINEMA CITY RISHON
2024-07-31 02:28:25,970 - cinemas.cinema_city - INFO - DONE CINEMA CITY RISHON
2024-07-31 02:28:25,970 - cinemas.cinema_city - INFO - STARTED CINEMA CITY JERUSALEM
2024-07-31 02:28:27,697 - cinemas.cinema_city - INFO - DONE CINEMA CITY JERUSALEM
2024-07-31 02:28:27,697 - cinemas.cinema_city - INFO - STARTED CINEMA CITY KFAR_SABBA
2024-07-31 02:28:28,601 - cinemas.cinema_city - INFO - DONE CINEMA CITY KFAR_SABBA
2024-07-31 02:28:28,601 - cinemas.cinema_city - INFO - STARTED CINEMA CITY NATANIA
2024-07-31 02:28:29,495 - cinemas.cinema_city - INFO - DONE CINEMA CITY NATANIA
2024-07-31 02:28:29,495 - cinemas.cinema_city - INFO - STARTED CINEMA CITY BEER_SHEVA
2024-07-31 02:28:30,441 - cinemas.cinema_city - INFO - DONE CINEMA CITY BEER_SHEVA
2024-07-31 02:28:30,442 - cinemas.cinema_city - INFO - STARTED CINEMA CITY HADERA
2024-07-31 02:28:31,342 - cinemas.cinema_city - INFO - DONE CINEMA CITY HADERA
2024-07-31 02:28:31,343 - cinemas.cinema_city - INFO - STARTED CINEMA CITY ASHDOD
2024-07-31 02:28:32,480 - cinemas.cinema_city - INFO - DONE CINEMA CITY ASHDOD
2024-07-31 02:28:32,480 - cinemas.cinema_city - INFO - DONE CINEMA CITY
2024-07-31 02:28:32,480 - cinemas.cinema_city - INFO - STARTED CINEMA CITY
2024-07-31 02:28:32,480 - cinemas.cinema_city - INFO - STARTED CINEMA CITY GLILOT
2024-07-31 02:28:33,597 - cinemas.cinema_city - INFO - DONE CINEMA CITY GLILOT
2024-07-31 02:28:33,597 - cinemas.cinema_city - INFO - STARTED CINEMA CITY RISHON
2024-07-31 02:28:34,493 - cinemas.cinema_city - INFO - DONE CINEMA CITY RISHON
2024-07-31 02:28:34,493 - cinemas.cinema_city - INFO - STARTED CINEMA CITY JERUSALEM
2024-07-31 02:28:35,165 - cinemas.cinema_city - INFO - DONE CINEMA CITY JERUSALEM
2024-07-31 02:28:35,166 - cinemas.cinema_city - INFO - STARTED CINEMA CITY KFAR_SABBA
2024-07-31 02:28:36,042 - cinemas.cinema_city - INFO - DONE CINEMA CITY KFAR_SABBA
2024-07-31 02:28:36,042 - cinemas.cinema_city - INFO - STARTED CINEMA CITY NATANIA
2024-07-31 02:28:36,917 - cinemas.cinema_city - INFO - DONE CINEMA CITY NATANIA
2024-07-31 02:28:36,917 - cinemas.cinema_city - INFO - STARTED CINEMA CITY BEER_SHEVA
2024-07-31 02:28:37,829 - cinemas.cinema_city - INFO - DONE CINEMA CITY BEER_SHEVA
2024-07-31 02:28:37,829 - cinemas.cinema_city - INFO - STARTED CINEMA CITY HADERA
2024-07-31 02:28:38,945 - cinemas.cinema_city - INFO - DONE CINEMA CITY HADERA
2024-07-31 02:28:38,945 - cinemas.cinema_city - INFO - STARTED CINEMA CITY ASHDOD
2024-07-31 02:28:40,085 - cinemas.cinema_city - INFO - DONE CINEMA CITY ASHDOD
2024-07-31 02:28:40,086 - cinemas.cinema_city - INFO - DONE CINEMA CITY
2024-07-31 02:28:40,086 - cinemas.lev - INFO - STARTED LEV
2024-07-31 02:28:41,964 - proxy - INFO - Proxy: {'YourFuckingIPAddress': '45.150.108.125', 'YourFuckingLocation': 'Tel Aviv, TA, Israel', 'YourFuckingHostname': '45.150.108.125', 'YourFuckingISP': 'BlueVPS OU', 'YourFuckingTorExit': False, 'YourFuckingCity': 'Tel Aviv', 'YourFuckingCountry': 'Israel', 'YourFuckingCountryCode': 'IL'}
2024-07-31 02:28:41,965 - cinemas.lev - INFO - STARTED LEV TEL_AVIV
2024-07-31 02:28:46,838 - cinemas.lev - INFO - DONE LEV TEL_AVIV
2024-07-31 02:28:46,838 - cinemas.lev - INFO - STARTED LEV RAMAT_HASHARON
2024-07-31 02:28:47,746 - cinemas.lev - INFO - DONE LEV RAMAT_HASHARON
2024-07-31 02:28:47,746 - cinemas.lev - INFO - STARTED LEV MANDARIN
2024-07-31 02:28:49,050 - cinemas.lev - INFO - DONE LEV MANDARIN
2024-07-31 02:28:49,050 - cinemas.lev - INFO - STARTED LEV EVEN_YEHUDA
2024-07-31 02:28:50,702 - cinemas.lev - INFO - DONE LEV EVEN_YEHUDA
2024-07-31 02:28:50,702 - cinemas.lev - INFO - STARTED LEV SMADAR
2024-07-31 02:28:52,274 - cinemas.lev - INFO - DONE LEV SMADAR
2024-07-31 02:28:52,274 - cinemas.lev - INFO - STARTED LEV RAANANA
2024-07-31 02:28:53,989 - cinemas.lev - INFO - DONE LEV RAANANA
2024-07-31 02:28:53,989 - cinemas.lev - INFO - STARTED LEV OMER
2024-07-31 02:28:55,026 - cinemas.lev - INFO - DONE LEV OMER
2024-07-31 02:28:55,026 - cinemas.lev - INFO - STARTED LEV SHOHAM
2024-07-31 02:28:56,403 - cinemas.lev - INFO - DONE LEV SHOHAM
2024-07-31 02:28:56,403 - cinemas.lev - INFO - STARTED LEV DANIEL
2024-07-31 02:28:57,436 - cinemas.lev - INFO - DONE LEV DANIEL
2024-07-31 02:28:57,436 - proxy - INFO - Proxy removed
2024-07-31 02:28:57,436 - cinemas.lev - INFO - DONE LEV
2024-07-31 02:28:57,437 - cinemas.lev - INFO - STARTED LEV
2024-07-31 02:28:57,729 - root - ERROR - lev crashed
Traceback (most recent call last):
  File "/opt/hostedtoolcache/Python/3.11.9/x64/lib/python3.11/site-packages/urllib3/connectionpool.py", line 715, in urlopen
    httplib_response = self._make_request(
                       ^^^^^^^^^^^^^^^^^^^
  File "/opt/hostedtoolcache/Python/3.11.9/x64/lib/python3.11/site-packages/urllib3/connectionpool.py", line 467, in _make_request
    six.raise_from(e, None)
  File "<string>", line 3, in raise_from
  File "/opt/hostedtoolcache/Python/3.11.9/x64/lib/python3.11/site-packages/urllib3/connectionpool.py", line 462, in _make_request
    httplib_response = conn.getresponse()
                       ^^^^^^^^^^^^^^^^^^
  File "/opt/hostedtoolcache/Python/3.11.9/x64/lib/python3.11/http/client.py", line 1395, in getresponse
    response.begin()
  File "/opt/hostedtoolcache/Python/3.11.9/x64/lib/python3.11/http/client.py", line 325, in begin
    version, status, reason = self._read_status()
                              ^^^^^^^^^^^^^^^^^^^
  File "/opt/hostedtoolcache/Python/3.11.9/x64/lib/python3.11/http/client.py", line 294, in _read_status
    raise RemoteDisconnected("Remote end closed connection without"
http.client.RemoteDisconnected: Remote end closed connection without response

During handling of the above exception, another exception occurred:

Traceback (most recent call last):
  File "/opt/hostedtoolcache/Python/3.11.9/x64/lib/python3.11/site-packages/requests/adapters.py", line 667, in send
    resp = conn.urlopen(
           ^^^^^^^^^^^^^
  File "/opt/hostedtoolcache/Python/3.11.9/x64/lib/python3.11/site-packages/urllib3/connectionpool.py", line 801, in urlopen
    retries = retries.increment(
              ^^^^^^^^^^^^^^^^^^
  File "/opt/hostedtoolcache/Python/3.11.9/x64/lib/python3.11/site-packages/urllib3/util/retry.py", line 594, in increment
    raise MaxRetryError(_pool, url, error or ResponseError(cause))
urllib3.exceptions.MaxRetryError: HTTPSConnectionPool(host='wtfismyip.com', port=443): Max retries exceeded with url: /json (Caused by ProxyError('Cannot connect to proxy.', RemoteDisconnected('Remote end closed connection without response')))

During handling of the above exception, another exception occurred:

Traceback (most recent call last):
  File "/home/runner/work/Movie-Time-Server/Movie-Time-Server/main.py", line 56, in get_screenings_from_cinema
    return unsafe_get_screenings_from_cinema(get_screening, cinema, date, s)
           ^^^^^^^^^^^^^^^^^^^^^^^^^^^^^^^^^^^^^^^^^^^^^^^^^^^^^^^^^^^^^^^^^
  File "/opt/hostedtoolcache/Python/3.11.9/x64/lib/python3.11/site-packages/decorator.py", line 232, in fun
    return caller(func, *(extras + args), **kw)
           ^^^^^^^^^^^^^^^^^^^^^^^^^^^^^^^^^^^^
  File "/opt/hostedtoolcache/Python/3.11.9/x64/lib/python3.11/site-packages/retry/api.py", line 90, in retry_decorator
    return __retry_internal(partial(f, *args, **kwargs), exceptions, tries, delay, max_delay, backoff, jitter,
           ^^^^^^^^^^^^^^^^^^^^^^^^^^^^^^^^^^^^^^^^^^^^^^^^^^^^^^^^^^^^^^^^^^^^^^^^^^^^^^^^^^^^^^^^^^^^^^^^^^^
  File "/opt/hostedtoolcache/Python/3.11.9/x64/lib/python3.11/site-packages/retry/api.py", line 35, in __retry_internal
    return f()
           ^^^
  File "/home/runner/work/Movie-Time-Server/Movie-Time-Server/main.py", line 74, in unsafe_get_screenings_from_cinema
    return get_screening(year, month, day, s)
           ^^^^^^^^^^^^^^^^^^^^^^^^^^^^^^^^^^
  File "/home/runner/work/Movie-Time-Server/Movie-Time-Server/cinemas/lev.py", line 127, in get_screenings
    with ProxifiedSession(s) as ps:
  File "/home/runner/work/Movie-Time-Server/Movie-Time-Server/proxy.py", line 12, in __enter__
    proxy_info = self.session.get("https://wtfismyip.com/json").json()
                 ^^^^^^^^^^^^^^^^^^^^^^^^^^^^^^^^^^^^^^^^^^^^^^
  File "/opt/hostedtoolcache/Python/3.11.9/x64/lib/python3.11/site-packages/requests/sessions.py", line 602, in get
    return self.request("GET", url, **kwargs)
           ^^^^^^^^^^^^^^^^^^^^^^^^^^^^^^^^^^
  File "/opt/hostedtoolcache/Python/3.11.9/x64/lib/python3.11/site-packages/requests/sessions.py", line 589, in request
    resp = self.send(prep, **send_kwargs)
           ^^^^^^^^^^^^^^^^^^^^^^^^^^^^^^
  File "/opt/hostedtoolcache/Python/3.11.9/x64/lib/python3.11/site-packages/requests/sessions.py", line 703, in send
    r = adapter.send(request, **kwargs)
        ^^^^^^^^^^^^^^^^^^^^^^^^^^^^^^^
  File "/opt/hostedtoolcache/Python/3.11.9/x64/lib/python3.11/site-packages/requests/adapters.py", line 694, in send
    raise ProxyError(e, request=request)
requests.exceptions.ProxyError: HTTPSConnectionPool(host='wtfismyip.com', port=443): Max retries exceeded with url: /json (Caused by ProxyError('Cannot connect to proxy.', RemoteDisconnected('Remote end closed connection without response')))
2024-07-31 02:28:57,750 - cinemas.movieland - INFO - STARTED Movie Land
2024-07-31 02:28:57,750 - cinemas.movieland - INFO - STARTED Movie Land CARMIEL
2024-07-31 02:29:09,744 - cinemas.movieland - INFO - DONE Movie Land CARMIEL
2024-07-31 02:29:09,745 - cinemas.movieland - INFO - STARTED Movie Land HAIFA
2024-07-31 02:29:11,564 - cinemas.movieland - INFO - DONE Movie Land HAIFA
2024-07-31 02:29:11,564 - cinemas.movieland - INFO - STARTED Movie Land NATANYA
2024-07-31 02:29:15,487 - cinemas.movieland - INFO - DONE Movie Land NATANYA
2024-07-31 02:29:15,488 - cinemas.movieland - INFO - DONE Movie Land
2024-07-31 02:29:15,488 - cinemas.movieland - INFO - STARTED Movie Land
2024-07-31 02:29:15,488 - cinemas.movieland - INFO - STARTED Movie Land CARMIEL
2024-07-31 02:29:15,489 - cinemas.movieland - INFO - DONE Movie Land CARMIEL
2024-07-31 02:29:15,489 - cinemas.movieland - INFO - STARTED Movie Land HAIFA
2024-07-31 02:29:15,489 - cinemas.movieland - INFO - DONE Movie Land HAIFA
2024-07-31 02:29:15,489 - cinemas.movieland - INFO - STARTED Movie Land NATANYA
2024-07-31 02:29:15,490 - cinemas.movieland - INFO - DONE Movie Land NATANYA
2024-07-31 02:29:15,490 - cinemas.movieland - INFO - DONE Movie Land
2024-07-31 02:29:15,490 - root - INFO - ********************
2024-07-31 02:29:15,490 - root - INFO - started checking for:01-08-2024
2024-07-31 02:29:15,490 - cinemas.yes_planet - INFO - STARTED YES PLANET
2024-07-31 02:29:15,490 - cinemas.yes_planet - INFO - STARTED YES PLANET RISHON
2024-07-31 02:29:29,950 - cinemas.yes_planet - INFO - DONE YES PLANET RISHON
2024-07-31 02:29:29,950 - cinemas.yes_planet - INFO - STARTED YES PLANET AYALON
2024-07-31 02:29:32,364 - cinemas.yes_planet - INFO - DONE YES PLANET AYALON
2024-07-31 02:29:32,364 - cinemas.yes_planet - INFO - STARTED YES PLANET ZICHRON
2024-07-31 02:29:33,466 - cinemas.yes_planet - INFO - DONE YES PLANET ZICHRON
2024-07-31 02:29:33,466 - cinemas.yes_planet - INFO - STARTED YES PLANET HAIFA
2024-07-31 02:29:34,477 - cinemas.yes_planet - INFO - DONE YES PLANET HAIFA
2024-07-31 02:29:34,477 - cinemas.yes_planet - INFO - STARTED YES PLANET JERUSALEM
2024-07-31 02:29:35,538 - cinemas.yes_planet - INFO - DONE YES PLANET JERUSALEM
2024-07-31 02:29:35,539 - cinemas.yes_planet - INFO - STARTED YES PLANET BEER_SHEVA
2024-07-31 02:29:36,564 - cinemas.yes_planet - INFO - DONE YES PLANET BEER_SHEVA
2024-07-31 02:29:36,564 - cinemas.yes_planet - INFO - DONE YES PLANET
2024-07-31 02:29:36,564 - cinemas.yes_planet - INFO - STARTED YES PLANET
2024-07-31 02:29:36,564 - cinemas.yes_planet - INFO - STARTED YES PLANET RISHON
2024-07-31 02:29:37,610 - cinemas.yes_planet - INFO - DONE YES PLANET RISHON
2024-07-31 02:29:37,610 - cinemas.yes_planet - INFO - STARTED YES PLANET AYALON
2024-07-31 02:29:38,672 - cinemas.yes_planet - INFO - DONE YES PLANET AYALON
2024-07-31 02:29:38,673 - cinemas.yes_planet - INFO - STARTED YES PLANET ZICHRON
2024-07-31 02:29:39,738 - cinemas.yes_planet - INFO - DONE YES PLANET ZICHRON
2024-07-31 02:29:39,738 - cinemas.yes_planet - INFO - STARTED YES PLANET HAIFA
2024-07-31 02:29:40,828 - cinemas.yes_planet - INFO - DONE YES PLANET HAIFA
2024-07-31 02:29:40,828 - cinemas.yes_planet - INFO - STARTED YES PLANET JERUSALEM
2024-07-31 02:29:41,894 - cinemas.yes_planet - INFO - DONE YES PLANET JERUSALEM
2024-07-31 02:29:41,895 - cinemas.yes_planet - INFO - STARTED YES PLANET BEER_SHEVA
2024-07-31 02:29:42,959 - cinemas.yes_planet - INFO - DONE YES PLANET BEER_SHEVA
2024-07-31 02:29:42,959 - cinemas.yes_planet - INFO - DONE YES PLANET
2024-07-31 02:29:42,960 - cinemas.rav_hen - INFO - STARTED RAV HEN
2024-07-31 02:29:42,960 - cinemas.rav_hen - INFO - STARTED RAV HEN GIVATAIM
2024-07-31 02:29:47,174 - cinemas.rav_hen - INFO - DONE RAV HEN GIVATAIM
2024-07-31 02:29:47,174 - cinemas.rav_hen - INFO - STARTED RAV HEN DIZINGOF
2024-07-31 02:29:48,152 - cinemas.rav_hen - INFO - DONE RAV HEN DIZINGOF
2024-07-31 02:29:48,152 - cinemas.rav_hen - INFO - STARTED RAV HEN MODIIN
2024-07-31 02:29:48,623 - cinemas.rav_hen - INFO - DONE RAV HEN MODIIN
2024-07-31 02:29:48,623 - cinemas.rav_hen - INFO - STARTED RAV HEN KIRYAT_ONO
2024-07-31 02:29:49,289 - cinemas.rav_hen - INFO - DONE RAV HEN KIRYAT_ONO
2024-07-31 02:29:49,289 - cinemas.rav_hen - INFO - DONE RAV HEN
2024-07-31 02:29:49,289 - cinemas.rav_hen - INFO - STARTED RAV HEN
2024-07-31 02:29:49,289 - cinemas.rav_hen - INFO - STARTED RAV HEN GIVATAIM
2024-07-31 02:29:49,816 - cinemas.rav_hen - INFO - DONE RAV HEN GIVATAIM
2024-07-31 02:29:49,816 - cinemas.rav_hen - INFO - STARTED RAV HEN DIZINGOF
2024-07-31 02:29:50,267 - cinemas.rav_hen - INFO - DONE RAV HEN DIZINGOF
2024-07-31 02:29:50,267 - cinemas.rav_hen - INFO - STARTED RAV HEN MODIIN
2024-07-31 02:29:50,750 - cinemas.rav_hen - INFO - DONE RAV HEN MODIIN
2024-07-31 02:29:50,750 - cinemas.rav_hen - INFO - STARTED RAV HEN KIRYAT_ONO
2024-07-31 02:29:51,241 - cinemas.rav_hen - INFO - DONE RAV HEN KIRYAT_ONO
2024-07-31 02:29:51,241 - cinemas.rav_hen - INFO - DONE RAV HEN
2024-07-31 02:29:51,241 - cinemas.hot_cinema - INFO - STARTED HOT CINEMA
2024-07-31 02:29:51,241 - cinemas.hot_cinema - INFO - STARTED HOT CINEMA MODIIN
2024-07-31 02:30:21,681 - root - ERROR - hot cinema crashed
Traceback (most recent call last):
  File "/opt/hostedtoolcache/Python/3.11.9/x64/lib/python3.11/site-packages/urllib3/connectionpool.py", line 712, in urlopen
    self._prepare_proxy(conn)
  File "/opt/hostedtoolcache/Python/3.11.9/x64/lib/python3.11/site-packages/urllib3/connectionpool.py", line 1014, in _prepare_proxy
    conn.connect()
  File "/opt/hostedtoolcache/Python/3.11.9/x64/lib/python3.11/site-packages/urllib3/connection.py", line 374, in connect
    self._tunnel()
  File "/opt/hostedtoolcache/Python/3.11.9/x64/lib/python3.11/http/client.py", line 943, in _tunnel
    raise OSError(f"Tunnel connection failed: {code} {message.strip()}")
OSError: Tunnel connection failed: 503 Connect failed

During handling of the above exception, another exception occurred:

Traceback (most recent call last):
  File "/opt/hostedtoolcache/Python/3.11.9/x64/lib/python3.11/site-packages/requests/adapters.py", line 667, in send
    resp = conn.urlopen(
           ^^^^^^^^^^^^^
  File "/opt/hostedtoolcache/Python/3.11.9/x64/lib/python3.11/site-packages/urllib3/connectionpool.py", line 801, in urlopen
    retries = retries.increment(
              ^^^^^^^^^^^^^^^^^^
  File "/opt/hostedtoolcache/Python/3.11.9/x64/lib/python3.11/site-packages/urllib3/util/retry.py", line 594, in increment
    raise MaxRetryError(_pool, url, error or ResponseError(cause))
urllib3.exceptions.MaxRetryError: HTTPSConnectionPool(host='hotcinema.co.il', port=443): Max retries exceeded with url: /tickets/TheaterEvents?date=01%2F08%2F2024&theatreid=1 (Caused by ProxyError('Cannot connect to proxy.', OSError('Tunnel connection failed: 503 Connect failed')))

During handling of the above exception, another exception occurred:

Traceback (most recent call last):
  File "/home/runner/work/Movie-Time-Server/Movie-Time-Server/main.py", line 56, in get_screenings_from_cinema
    return unsafe_get_screenings_from_cinema(get_screening, cinema, date, s)
           ^^^^^^^^^^^^^^^^^^^^^^^^^^^^^^^^^^^^^^^^^^^^^^^^^^^^^^^^^^^^^^^^^
  File "/opt/hostedtoolcache/Python/3.11.9/x64/lib/python3.11/site-packages/decorator.py", line 232, in fun
    return caller(func, *(extras + args), **kw)
           ^^^^^^^^^^^^^^^^^^^^^^^^^^^^^^^^^^^^
  File "/opt/hostedtoolcache/Python/3.11.9/x64/lib/python3.11/site-packages/retry/api.py", line 90, in retry_decorator
    return __retry_internal(partial(f, *args, **kwargs), exceptions, tries, delay, max_delay, backoff, jitter,
           ^^^^^^^^^^^^^^^^^^^^^^^^^^^^^^^^^^^^^^^^^^^^^^^^^^^^^^^^^^^^^^^^^^^^^^^^^^^^^^^^^^^^^^^^^^^^^^^^^^^
  File "/opt/hostedtoolcache/Python/3.11.9/x64/lib/python3.11/site-packages/retry/api.py", line 35, in __retry_internal
    return f()
           ^^^
  File "/home/runner/work/Movie-Time-Server/Movie-Time-Server/main.py", line 71, in unsafe_get_screenings_from_cinema
    screenings = get_screening(year, month, day, s)
                 ^^^^^^^^^^^^^^^^^^^^^^^^^^^^^^^^^^
  File "/home/runner/work/Movie-Time-Server/Movie-Time-Server/cinemas/hot_cinema.py", line 128, in get_screenings
    screenings.extend(get_by_location(location, date, s))
                      ^^^^^^^^^^^^^^^^^^^^^^^^^^^^^^^^^^
  File "/home/runner/work/Movie-Time-Server/Movie-Time-Server/cinemas/hot_cinema.py", line 105, in get_by_location
    res = s.get(url).json()
          ^^^^^^^^^^
  File "/opt/hostedtoolcache/Python/3.11.9/x64/lib/python3.11/site-packages/requests/sessions.py", line 602, in get
    return self.request("GET", url, **kwargs)
           ^^^^^^^^^^^^^^^^^^^^^^^^^^^^^^^^^^
  File "/opt/hostedtoolcache/Python/3.11.9/x64/lib/python3.11/site-packages/requests/sessions.py", line 589, in request
    resp = self.send(prep, **send_kwargs)
           ^^^^^^^^^^^^^^^^^^^^^^^^^^^^^^
  File "/opt/hostedtoolcache/Python/3.11.9/x64/lib/python3.11/site-packages/requests/sessions.py", line 703, in send
    r = adapter.send(request, **kwargs)
        ^^^^^^^^^^^^^^^^^^^^^^^^^^^^^^^
  File "/opt/hostedtoolcache/Python/3.11.9/x64/lib/python3.11/site-packages/requests/adapters.py", line 694, in send
    raise ProxyError(e, request=request)
requests.exceptions.ProxyError: HTTPSConnectionPool(host='hotcinema.co.il', port=443): Max retries exceeded with url: /tickets/TheaterEvents?date=01%2F08%2F2024&theatreid=1 (Caused by ProxyError('Cannot connect to proxy.', OSError('Tunnel connection failed: 503 Connect failed')))
2024-07-31 02:30:21,682 - cinemas.cinema_city - INFO - STARTED CINEMA CITY
2024-07-31 02:30:21,682 - cinemas.cinema_city - INFO - STARTED CINEMA CITY GLILOT
2024-07-31 02:30:33,910 - cinemas.cinema_city - INFO - DONE CINEMA CITY GLILOT
2024-07-31 02:30:33,911 - cinemas.cinema_city - INFO - STARTED CINEMA CITY RISHON
2024-07-31 02:30:35,661 - cinemas.cinema_city - INFO - DONE CINEMA CITY RISHON
2024-07-31 02:30:35,661 - cinemas.cinema_city - INFO - STARTED CINEMA CITY JERUSALEM
2024-07-31 02:30:38,960 - cinemas.cinema_city - INFO - DONE CINEMA CITY JERUSALEM
2024-07-31 02:30:38,960 - cinemas.cinema_city - INFO - STARTED CINEMA CITY KFAR_SABBA
2024-07-31 02:30:40,659 - cinemas.cinema_city - INFO - DONE CINEMA CITY KFAR_SABBA
2024-07-31 02:30:40,659 - cinemas.cinema_city - INFO - STARTED CINEMA CITY NATANIA
2024-07-31 02:30:42,522 - cinemas.cinema_city - INFO - DONE CINEMA CITY NATANIA
2024-07-31 02:30:42,522 - cinemas.cinema_city - INFO - STARTED CINEMA CITY BEER_SHEVA
2024-07-31 02:30:44,400 - cinemas.cinema_city - INFO - DONE CINEMA CITY BEER_SHEVA
2024-07-31 02:30:44,400 - cinemas.cinema_city - INFO - STARTED CINEMA CITY HADERA
2024-07-31 02:30:46,075 - cinemas.cinema_city - INFO - DONE CINEMA CITY HADERA
2024-07-31 02:30:46,075 - cinemas.cinema_city - INFO - STARTED CINEMA CITY ASHDOD
2024-07-31 02:30:47,941 - cinemas.cinema_city - INFO - DONE CINEMA CITY ASHDOD
2024-07-31 02:30:47,941 - cinemas.cinema_city - INFO - DONE CINEMA CITY
2024-07-31 02:30:47,941 - cinemas.cinema_city - INFO - STARTED CINEMA CITY
2024-07-31 02:30:47,941 - cinemas.cinema_city - INFO - STARTED CINEMA CITY GLILOT
2024-07-31 02:30:49,800 - cinemas.cinema_city - INFO - DONE CINEMA CITY GLILOT
2024-07-31 02:30:49,800 - cinemas.cinema_city - INFO - STARTED CINEMA CITY RISHON
2024-07-31 02:30:51,666 - cinemas.cinema_city - INFO - DONE CINEMA CITY RISHON
2024-07-31 02:30:51,666 - cinemas.cinema_city - INFO - STARTED CINEMA CITY JERUSALEM
2024-07-31 02:30:53,533 - cinemas.cinema_city - INFO - DONE CINEMA CITY JERUSALEM
2024-07-31 02:30:53,534 - cinemas.cinema_city - INFO - STARTED CINEMA CITY KFAR_SABBA
2024-07-31 02:30:55,295 - cinemas.cinema_city - INFO - DONE CINEMA CITY KFAR_SABBA
2024-07-31 02:30:55,295 - cinemas.cinema_city - INFO - STARTED CINEMA CITY NATANIA
2024-07-31 02:30:57,229 - cinemas.cinema_city - INFO - DONE CINEMA CITY NATANIA
2024-07-31 02:30:57,229 - cinemas.cinema_city - INFO - STARTED CINEMA CITY BEER_SHEVA
2024-07-31 02:30:59,120 - cinemas.cinema_city - INFO - DONE CINEMA CITY BEER_SHEVA
2024-07-31 02:30:59,120 - cinemas.cinema_city - INFO - STARTED CINEMA CITY HADERA
2024-07-31 02:31:00,982 - cinemas.cinema_city - INFO - DONE CINEMA CITY HADERA
2024-07-31 02:31:00,982 - cinemas.cinema_city - INFO - STARTED CINEMA CITY ASHDOD
2024-07-31 02:31:02,650 - cinemas.cinema_city - INFO - DONE CINEMA CITY ASHDOD
2024-07-31 02:31:02,650 - cinemas.cinema_city - INFO - DONE CINEMA CITY
2024-07-31 02:31:02,651 - cinemas.lev - INFO - STARTED LEV
2024-07-31 02:31:04,688 - proxy - INFO - Proxy: {'YourFuckingIPAddress': '45.150.108.125', 'YourFuckingLocation': 'Tel Aviv, TA, Israel', 'YourFuckingHostname': '45.150.108.125', 'YourFuckingISP': 'BlueVPS OU', 'YourFuckingTorExit': False, 'YourFuckingCity': 'Tel Aviv', 'YourFuckingCountry': 'Israel', 'YourFuckingCountryCode': 'IL'}
2024-07-31 02:31:04,689 - cinemas.lev - INFO - STARTED LEV TEL_AVIV
2024-07-31 02:31:07,349 - cinemas.lev - INFO - DONE LEV TEL_AVIV
2024-07-31 02:31:07,349 - cinemas.lev - INFO - STARTED LEV RAMAT_HASHARON
2024-07-31 02:31:08,097 - cinemas.lev - INFO - DONE LEV RAMAT_HASHARON
2024-07-31 02:31:08,097 - cinemas.lev - INFO - STARTED LEV MANDARIN
2024-07-31 02:31:08,716 - cinemas.lev - INFO - DONE LEV MANDARIN
2024-07-31 02:31:08,716 - cinemas.lev - INFO - STARTED LEV EVEN_YEHUDA
2024-07-31 02:31:09,295 - cinemas.lev - INFO - DONE LEV EVEN_YEHUDA
2024-07-31 02:31:09,295 - cinemas.lev - INFO - STARTED LEV SMADAR
2024-07-31 02:31:09,922 - cinemas.lev - INFO - DONE LEV SMADAR
2024-07-31 02:31:09,923 - cinemas.lev - INFO - STARTED LEV RAANANA
2024-07-31 02:31:10,589 - cinemas.lev - INFO - DONE LEV RAANANA
2024-07-31 02:31:10,589 - cinemas.lev - INFO - STARTED LEV OMER
2024-07-31 02:31:11,274 - cinemas.lev - INFO - DONE LEV OMER
2024-07-31 02:31:11,274 - cinemas.lev - INFO - STARTED LEV SHOHAM
2024-07-31 02:31:12,027 - cinemas.lev - INFO - DONE LEV SHOHAM
2024-07-31 02:31:12,027 - cinemas.lev - INFO - STARTED LEV DANIEL
2024-07-31 02:31:12,652 - cinemas.lev - INFO - DONE LEV DANIEL
2024-07-31 02:31:12,653 - proxy - INFO - Proxy removed
2024-07-31 02:31:12,653 - cinemas.lev - INFO - DONE LEV
2024-07-31 02:31:12,653 - cinemas.lev - INFO - STARTED LEV
2024-07-31 02:31:13,190 - proxy - INFO - Proxy: {'YourFuckingIPAddress': '45.150.108.125', 'YourFuckingLocation': 'Tel Aviv, TA, Israel', 'YourFuckingHostname': '45.150.108.125', 'YourFuckingISP': 'BlueVPS OU', 'YourFuckingTorExit': False, 'YourFuckingCity': 'Tel Aviv', 'YourFuckingCountry': 'Israel', 'YourFuckingCountryCode': 'IL'}
2024-07-31 02:31:13,190 - cinemas.lev - INFO - STARTED LEV TEL_AVIV
2024-07-31 02:31:13,909 - cinemas.lev - INFO - DONE LEV TEL_AVIV
2024-07-31 02:31:13,909 - cinemas.lev - INFO - STARTED LEV RAMAT_HASHARON
2024-07-31 02:31:14,617 - cinemas.lev - INFO - DONE LEV RAMAT_HASHARON
2024-07-31 02:31:14,617 - cinemas.lev - INFO - STARTED LEV MANDARIN
2024-07-31 02:31:15,177 - cinemas.lev - INFO - DONE LEV MANDARIN
2024-07-31 02:31:15,177 - cinemas.lev - INFO - STARTED LEV EVEN_YEHUDA
2024-07-31 02:31:15,702 - cinemas.lev - INFO - DONE LEV EVEN_YEHUDA
2024-07-31 02:31:15,702 - cinemas.lev - INFO - STARTED LEV SMADAR
2024-07-31 02:31:16,457 - cinemas.lev - INFO - DONE LEV SMADAR
2024-07-31 02:31:16,457 - cinemas.lev - INFO - STARTED LEV RAANANA
2024-07-31 02:31:17,173 - cinemas.lev - INFO - DONE LEV RAANANA
2024-07-31 02:31:17,173 - cinemas.lev - INFO - STARTED LEV OMER
2024-07-31 02:31:17,925 - cinemas.lev - INFO - DONE LEV OMER
2024-07-31 02:31:17,925 - cinemas.lev - INFO - STARTED LEV SHOHAM
2024-07-31 02:31:18,641 - cinemas.lev - INFO - DONE LEV SHOHAM
2024-07-31 02:31:18,641 - cinemas.lev - INFO - STARTED LEV DANIEL
2024-07-31 02:31:19,393 - cinemas.lev - INFO - DONE LEV DANIEL
2024-07-31 02:31:19,393 - proxy - INFO - Proxy removed
2024-07-31 02:31:19,393 - cinemas.lev - INFO - DONE LEV
2024-07-31 02:31:19,393 - cinemas.movieland - INFO - STARTED Movie Land
2024-07-31 02:31:19,393 - cinemas.movieland - INFO - STARTED Movie Land CARMIEL
2024-07-31 02:31:22,076 - cinemas.movieland - INFO - DONE Movie Land CARMIEL
2024-07-31 02:31:22,076 - cinemas.movieland - INFO - STARTED Movie Land HAIFA
2024-07-31 02:31:22,076 - cinemas.movieland - INFO - DONE Movie Land HAIFA
2024-07-31 02:31:22,076 - cinemas.movieland - INFO - STARTED Movie Land NATANYA
2024-07-31 02:31:22,403 - cinemas.movieland - INFO - DONE Movie Land NATANYA
2024-07-31 02:31:22,403 - cinemas.movieland - INFO - DONE Movie Land
2024-07-31 02:31:22,403 - cinemas.movieland - INFO - STARTED Movie Land
2024-07-31 02:31:22,403 - cinemas.movieland - INFO - STARTED Movie Land CARMIEL
2024-07-31 02:31:22,404 - cinemas.movieland - INFO - DONE Movie Land CARMIEL
2024-07-31 02:31:22,404 - cinemas.movieland - INFO - STARTED Movie Land HAIFA
2024-07-31 02:31:22,405 - cinemas.movieland - INFO - DONE Movie Land HAIFA
2024-07-31 02:31:22,405 - cinemas.movieland - INFO - STARTED Movie Land NATANYA
2024-07-31 02:31:22,405 - cinemas.movieland - INFO - DONE Movie Land NATANYA
2024-07-31 02:31:22,406 - cinemas.movieland - INFO - DONE Movie Land
2024-07-31 02:31:22,406 - root - INFO - ********************
2024-07-31 02:31:22,406 - root - INFO - started checking for:02-08-2024
2024-07-31 02:31:22,406 - cinemas.yes_planet - INFO - STARTED YES PLANET
2024-07-31 02:31:22,406 - cinemas.yes_planet - INFO - STARTED YES PLANET RISHON
2024-07-31 02:31:23,588 - cinemas.yes_planet - INFO - DONE YES PLANET RISHON
2024-07-31 02:31:23,588 - cinemas.yes_planet - INFO - STARTED YES PLANET AYALON
2024-07-31 02:31:24,535 - cinemas.yes_planet - INFO - DONE YES PLANET AYALON
2024-07-31 02:31:24,535 - cinemas.yes_planet - INFO - STARTED YES PLANET ZICHRON
2024-07-31 02:31:25,433 - cinemas.yes_planet - INFO - DONE YES PLANET ZICHRON
2024-07-31 02:31:25,433 - cinemas.yes_planet - INFO - STARTED YES PLANET HAIFA
2024-07-31 02:31:26,504 - cinemas.yes_planet - INFO - DONE YES PLANET HAIFA
2024-07-31 02:31:26,504 - cinemas.yes_planet - INFO - STARTED YES PLANET JERUSALEM
2024-07-31 02:31:27,567 - cinemas.yes_planet - INFO - DONE YES PLANET JERUSALEM
2024-07-31 02:31:27,568 - cinemas.yes_planet - INFO - STARTED YES PLANET BEER_SHEVA
2024-07-31 02:31:28,639 - cinemas.yes_planet - INFO - DONE YES PLANET BEER_SHEVA
2024-07-31 02:31:28,639 - cinemas.yes_planet - INFO - DONE YES PLANET
2024-07-31 02:31:28,639 - cinemas.yes_planet - INFO - STARTED YES PLANET
2024-07-31 02:31:28,639 - cinemas.yes_planet - INFO - STARTED YES PLANET RISHON
2024-07-31 02:31:28,665 - cinemas.yes_planet - INFO - DONE YES PLANET RISHON
2024-07-31 02:31:28,665 - cinemas.yes_planet - INFO - STARTED YES PLANET AYALON
2024-07-31 02:31:28,691 - cinemas.yes_planet - INFO - DONE YES PLANET AYALON
2024-07-31 02:31:28,692 - cinemas.yes_planet - INFO - STARTED YES PLANET ZICHRON
2024-07-31 02:31:28,717 - cinemas.yes_planet - INFO - DONE YES PLANET ZICHRON
2024-07-31 02:31:28,717 - cinemas.yes_planet - INFO - STARTED YES PLANET HAIFA
2024-07-31 02:31:28,742 - cinemas.yes_planet - INFO - DONE YES PLANET HAIFA
2024-07-31 02:31:28,743 - cinemas.yes_planet - INFO - STARTED YES PLANET JERUSALEM
2024-07-31 02:31:28,771 - cinemas.yes_planet - INFO - DONE YES PLANET JERUSALEM
2024-07-31 02:31:28,772 - cinemas.yes_planet - INFO - STARTED YES PLANET BEER_SHEVA
2024-07-31 02:31:28,802 - cinemas.yes_planet - INFO - DONE YES PLANET BEER_SHEVA
2024-07-31 02:31:28,802 - cinemas.yes_planet - INFO - DONE YES PLANET
2024-07-31 02:31:28,802 - cinemas.rav_hen - INFO - STARTED RAV HEN
2024-07-31 02:31:28,802 - cinemas.rav_hen - INFO - STARTED RAV HEN GIVATAIM
2024-07-31 02:31:29,598 - cinemas.rav_hen - INFO - DONE RAV HEN GIVATAIM
2024-07-31 02:31:29,598 - cinemas.rav_hen - INFO - STARTED RAV HEN DIZINGOF
2024-07-31 02:31:30,281 - cinemas.rav_hen - INFO - DONE RAV HEN DIZINGOF
2024-07-31 02:31:30,281 - cinemas.rav_hen - INFO - STARTED RAV HEN MODIIN
2024-07-31 02:31:30,963 - cinemas.rav_hen - INFO - DONE RAV HEN MODIIN
2024-07-31 02:31:30,963 - cinemas.rav_hen - INFO - STARTED RAV HEN KIRYAT_ONO
2024-07-31 02:31:31,740 - cinemas.rav_hen - INFO - DONE RAV HEN KIRYAT_ONO
2024-07-31 02:31:31,740 - cinemas.rav_hen - INFO - DONE RAV HEN
2024-07-31 02:31:31,741 - cinemas.rav_hen - INFO - STARTED RAV HEN
2024-07-31 02:31:31,741 - cinemas.rav_hen - INFO - STARTED RAV HEN GIVATAIM
2024-07-31 02:31:31,763 - cinemas.rav_hen - INFO - DONE RAV HEN GIVATAIM
2024-07-31 02:31:31,763 - cinemas.rav_hen - INFO - STARTED RAV HEN DIZINGOF
2024-07-31 02:31:31,784 - cinemas.rav_hen - INFO - DONE RAV HEN DIZINGOF
2024-07-31 02:31:31,784 - cinemas.rav_hen - INFO - STARTED RAV HEN MODIIN
2024-07-31 02:31:31,801 - cinemas.rav_hen - INFO - DONE RAV HEN MODIIN
2024-07-31 02:31:31,801 - cinemas.rav_hen - INFO - STARTED RAV HEN KIRYAT_ONO
2024-07-31 02:31:31,819 - cinemas.rav_hen - INFO - DONE RAV HEN KIRYAT_ONO
2024-07-31 02:31:31,819 - cinemas.rav_hen - INFO - DONE RAV HEN
2024-07-31 02:31:31,819 - cinemas.hot_cinema - INFO - STARTED HOT CINEMA
2024-07-31 02:31:31,820 - cinemas.hot_cinema - INFO - STARTED HOT CINEMA MODIIN
2024-07-31 02:31:39,427 - cinemas.hot_cinema - INFO - DONE HOT CINEMA MODIIN
2024-07-31 02:31:39,427 - cinemas.hot_cinema - INFO - STARTED HOT CINEMA KIRYON
2024-07-31 02:31:42,824 - cinemas.hot_cinema - INFO - DONE HOT CINEMA KIRYON
2024-07-31 02:31:42,824 - cinemas.hot_cinema - INFO - STARTED HOT CINEMA KFAR_SABBA
2024-07-31 02:31:43,069 - cinemas.hot_cinema - INFO - DONE HOT CINEMA KFAR_SABBA
2024-07-31 02:31:43,069 - cinemas.hot_cinema - INFO - STARTED HOT CINEMA HAIFA
2024-07-31 02:31:44,073 - cinemas.hot_cinema - INFO - DONE HOT CINEMA HAIFA
2024-07-31 02:31:44,073 - cinemas.hot_cinema - INFO - STARTED HOT CINEMA PETACH_TIKVA
2024-07-31 02:31:44,311 - cinemas.hot_cinema - INFO - DONE HOT CINEMA PETACH_TIKVA
2024-07-31 02:31:44,312 - cinemas.hot_cinema - INFO - STARTED HOT CINEMA RECHOVOT
2024-07-31 02:31:44,551 - cinemas.hot_cinema - INFO - DONE HOT CINEMA RECHOVOT
2024-07-31 02:31:44,551 - cinemas.hot_cinema - INFO - STARTED HOT CINEMA ASHKELON
2024-07-31 02:31:44,792 - cinemas.hot_cinema - INFO - DONE HOT CINEMA ASHKELON
2024-07-31 02:31:44,792 - cinemas.hot_cinema - INFO - STARTED HOT CINEMA KARMIEL
2024-07-31 02:31:45,031 - cinemas.hot_cinema - INFO - DONE HOT CINEMA KARMIEL
2024-07-31 02:31:45,031 - cinemas.hot_cinema - INFO - STARTED HOT CINEMA NAHARIA
2024-07-31 02:31:45,270 - cinemas.hot_cinema - INFO - DONE HOT CINEMA NAHARIA
2024-07-31 02:31:45,271 - cinemas.hot_cinema - INFO - STARTED HOT CINEMA ASHDOD
2024-07-31 02:31:45,509 - cinemas.hot_cinema - INFO - DONE HOT CINEMA ASHDOD
2024-07-31 02:31:45,509 - cinemas.hot_cinema - INFO - DONE HOT CINEMA
2024-07-31 02:31:45,509 - cinemas.hot_cinema - INFO - STARTED HOT CINEMA
2024-07-31 02:31:45,510 - cinemas.hot_cinema - INFO - STARTED HOT CINEMA MODIIN
2024-07-31 02:31:45,750 - cinemas.hot_cinema - INFO - DONE HOT CINEMA MODIIN
2024-07-31 02:31:45,750 - cinemas.hot_cinema - INFO - STARTED HOT CINEMA KIRYON
2024-07-31 02:31:45,993 - cinemas.hot_cinema - INFO - DONE HOT CINEMA KIRYON
2024-07-31 02:31:45,993 - cinemas.hot_cinema - INFO - STARTED HOT CINEMA KFAR_SABBA
2024-07-31 02:31:46,234 - cinemas.hot_cinema - INFO - DONE HOT CINEMA KFAR_SABBA
2024-07-31 02:31:46,234 - cinemas.hot_cinema - INFO - STARTED HOT CINEMA HAIFA
2024-07-31 02:31:46,478 - cinemas.hot_cinema - INFO - DONE HOT CINEMA HAIFA
2024-07-31 02:31:46,479 - cinemas.hot_cinema - INFO - STARTED HOT CINEMA PETACH_TIKVA
2024-07-31 02:31:46,719 - cinemas.hot_cinema - INFO - DONE HOT CINEMA PETACH_TIKVA
2024-07-31 02:31:46,719 - cinemas.hot_cinema - INFO - STARTED HOT CINEMA RECHOVOT
2024-07-31 02:31:46,958 - cinemas.hot_cinema - INFO - DONE HOT CINEMA RECHOVOT
2024-07-31 02:31:46,958 - cinemas.hot_cinema - INFO - STARTED HOT CINEMA ASHKELON
2024-07-31 02:31:47,197 - cinemas.hot_cinema - INFO - DONE HOT CINEMA ASHKELON
2024-07-31 02:31:47,197 - cinemas.hot_cinema - INFO - STARTED HOT CINEMA KARMIEL
2024-07-31 02:31:47,436 - cinemas.hot_cinema - INFO - DONE HOT CINEMA KARMIEL
2024-07-31 02:31:47,436 - cinemas.hot_cinema - INFO - STARTED HOT CINEMA NAHARIA
2024-07-31 02:31:47,674 - cinemas.hot_cinema - INFO - DONE HOT CINEMA NAHARIA
2024-07-31 02:31:47,674 - cinemas.hot_cinema - INFO - STARTED HOT CINEMA ASHDOD
2024-07-31 02:31:47,913 - cinemas.hot_cinema - INFO - DONE HOT CINEMA ASHDOD
2024-07-31 02:31:47,913 - cinemas.hot_cinema - INFO - DONE HOT CINEMA
2024-07-31 02:31:47,913 - cinemas.cinema_city - INFO - STARTED CINEMA CITY
2024-07-31 02:31:47,913 - cinemas.cinema_city - INFO - STARTED CINEMA CITY GLILOT
2024-07-31 02:31:48,842 - cinemas.cinema_city - INFO - DONE CINEMA CITY GLILOT
2024-07-31 02:31:48,842 - cinemas.cinema_city - INFO - STARTED CINEMA CITY RISHON
2024-07-31 02:31:51,273 - cinemas.cinema_city - INFO - DONE CINEMA CITY RISHON
2024-07-31 02:31:51,273 - cinemas.cinema_city - INFO - STARTED CINEMA CITY JERUSALEM
2024-07-31 02:31:51,961 - cinemas.cinema_city - INFO - DONE CINEMA CITY JERUSALEM
2024-07-31 02:31:51,961 - cinemas.cinema_city - INFO - STARTED CINEMA CITY KFAR_SABBA
2024-07-31 02:31:52,645 - cinemas.cinema_city - INFO - DONE CINEMA CITY KFAR_SABBA
2024-07-31 02:31:52,645 - cinemas.cinema_city - INFO - STARTED CINEMA CITY NATANIA
2024-07-31 02:31:53,552 - cinemas.cinema_city - INFO - DONE CINEMA CITY NATANIA
2024-07-31 02:31:53,552 - cinemas.cinema_city - INFO - STARTED CINEMA CITY BEER_SHEVA
2024-07-31 02:31:54,240 - cinemas.cinema_city - INFO - DONE CINEMA CITY BEER_SHEVA
2024-07-31 02:31:54,241 - cinemas.cinema_city - INFO - STARTED CINEMA CITY HADERA
2024-07-31 02:31:55,150 - cinemas.cinema_city - INFO - DONE CINEMA CITY HADERA
2024-07-31 02:31:55,150 - cinemas.cinema_city - INFO - STARTED CINEMA CITY ASHDOD
2024-07-31 02:31:56,291 - cinemas.cinema_city - INFO - DONE CINEMA CITY ASHDOD
2024-07-31 02:31:56,291 - cinemas.cinema_city - INFO - DONE CINEMA CITY
2024-07-31 02:31:56,291 - cinemas.cinema_city - INFO - STARTED CINEMA CITY
2024-07-31 02:31:56,291 - cinemas.cinema_city - INFO - STARTED CINEMA CITY GLILOT
2024-07-31 02:31:57,165 - cinemas.cinema_city - INFO - DONE CINEMA CITY GLILOT
2024-07-31 02:31:57,165 - cinemas.cinema_city - INFO - STARTED CINEMA CITY RISHON
2024-07-31 02:31:58,044 - cinemas.cinema_city - INFO - DONE CINEMA CITY RISHON
2024-07-31 02:31:58,045 - cinemas.cinema_city - INFO - STARTED CINEMA CITY JERUSALEM
2024-07-31 02:31:58,713 - cinemas.cinema_city - INFO - DONE CINEMA CITY JERUSALEM
2024-07-31 02:31:58,713 - cinemas.cinema_city - INFO - STARTED CINEMA CITY KFAR_SABBA
2024-07-31 02:32:00,625 - cinemas.cinema_city - INFO - DONE CINEMA CITY KFAR_SABBA
2024-07-31 02:32:00,626 - cinemas.cinema_city - INFO - STARTED CINEMA CITY NATANIA
2024-07-31 02:32:01,497 - cinemas.cinema_city - INFO - DONE CINEMA CITY NATANIA
2024-07-31 02:32:01,497 - cinemas.cinema_city - INFO - STARTED CINEMA CITY BEER_SHEVA
2024-07-31 02:32:02,379 - cinemas.cinema_city - INFO - DONE CINEMA CITY BEER_SHEVA
2024-07-31 02:32:02,379 - cinemas.cinema_city - INFO - STARTED CINEMA CITY HADERA
2024-07-31 02:32:03,063 - cinemas.cinema_city - INFO - DONE CINEMA CITY HADERA
2024-07-31 02:32:03,063 - cinemas.cinema_city - INFO - STARTED CINEMA CITY ASHDOD
2024-07-31 02:32:03,987 - cinemas.cinema_city - INFO - DONE CINEMA CITY ASHDOD
2024-07-31 02:32:03,987 - cinemas.cinema_city - INFO - DONE CINEMA CITY
2024-07-31 02:32:03,988 - cinemas.lev - INFO - STARTED LEV
2024-07-31 02:32:05,817 - proxy - INFO - Proxy: {'YourFuckingIPAddress': '45.150.108.125', 'YourFuckingLocation': 'Tel Aviv, TA, Israel', 'YourFuckingHostname': '45.150.108.125', 'YourFuckingISP': 'BlueVPS OU', 'YourFuckingTorExit': False, 'YourFuckingCity': 'Tel Aviv', 'YourFuckingCountry': 'Israel', 'YourFuckingCountryCode': 'IL'}
2024-07-31 02:32:05,817 - cinemas.lev - INFO - STARTED LEV TEL_AVIV
2024-07-31 02:32:08,003 - cinemas.lev - INFO - DONE LEV TEL_AVIV
2024-07-31 02:32:08,003 - cinemas.lev - INFO - STARTED LEV RAMAT_HASHARON
2024-07-31 02:32:08,569 - cinemas.lev - INFO - DONE LEV RAMAT_HASHARON
2024-07-31 02:32:08,569 - cinemas.lev - INFO - STARTED LEV MANDARIN
2024-07-31 02:32:09,090 - cinemas.lev - INFO - DONE LEV MANDARIN
2024-07-31 02:32:09,090 - cinemas.lev - INFO - STARTED LEV EVEN_YEHUDA
2024-07-31 02:32:09,481 - cinemas.lev - INFO - DONE LEV EVEN_YEHUDA
2024-07-31 02:32:09,482 - cinemas.lev - INFO - STARTED LEV SMADAR
2024-07-31 02:32:10,277 - cinemas.lev - INFO - DONE LEV SMADAR
2024-07-31 02:32:10,277 - cinemas.lev - INFO - STARTED LEV RAANANA
2024-07-31 02:32:10,997 - cinemas.lev - INFO - DONE LEV RAANANA
2024-07-31 02:32:10,998 - cinemas.lev - INFO - STARTED LEV OMER
2024-07-31 02:32:11,749 - cinemas.lev - INFO - DONE LEV OMER
2024-07-31 02:32:11,749 - cinemas.lev - INFO - STARTED LEV SHOHAM
2024-07-31 02:32:12,466 - cinemas.lev - INFO - DONE LEV SHOHAM
2024-07-31 02:32:12,466 - cinemas.lev - INFO - STARTED LEV DANIEL
2024-07-31 02:32:13,217 - cinemas.lev - INFO - DONE LEV DANIEL
2024-07-31 02:32:13,217 - proxy - INFO - Proxy removed
2024-07-31 02:32:13,217 - cinemas.lev - INFO - DONE LEV
2024-07-31 02:32:13,217 - cinemas.lev - INFO - STARTED LEV
2024-07-31 02:32:13,747 - proxy - INFO - Proxy: {'YourFuckingIPAddress': '45.150.108.125', 'YourFuckingLocation': 'Tel Aviv, TA, Israel', 'YourFuckingHostname': '45.150.108.125', 'YourFuckingISP': 'BlueVPS OU', 'YourFuckingTorExit': False, 'YourFuckingCity': 'Tel Aviv', 'YourFuckingCountry': 'Israel', 'YourFuckingCountryCode': 'IL'}
2024-07-31 02:32:13,747 - cinemas.lev - INFO - STARTED LEV TEL_AVIV
2024-07-31 02:32:14,465 - cinemas.lev - INFO - DONE LEV TEL_AVIV
2024-07-31 02:32:14,465 - cinemas.lev - INFO - STARTED LEV RAMAT_HASHARON
2024-07-31 02:32:15,017 - cinemas.lev - INFO - DONE LEV RAMAT_HASHARON
2024-07-31 02:32:15,017 - cinemas.lev - INFO - STARTED LEV MANDARIN
2024-07-31 02:32:15,536 - cinemas.lev - INFO - DONE LEV MANDARIN
2024-07-31 02:32:15,536 - cinemas.lev - INFO - STARTED LEV EVEN_YEHUDA
2024-07-31 02:32:16,060 - cinemas.lev - INFO - DONE LEV EVEN_YEHUDA
2024-07-31 02:32:16,060 - cinemas.lev - INFO - STARTED LEV SMADAR
2024-07-31 02:32:16,813 - cinemas.lev - INFO - DONE LEV SMADAR
2024-07-31 02:32:16,813 - cinemas.lev - INFO - STARTED LEV RAANANA
2024-07-31 02:32:17,530 - cinemas.lev - INFO - DONE LEV RAANANA
2024-07-31 02:32:17,531 - cinemas.lev - INFO - STARTED LEV OMER
2024-07-31 02:32:18,085 - cinemas.lev - INFO - DONE LEV OMER
2024-07-31 02:32:18,085 - cinemas.lev - INFO - STARTED LEV SHOHAM
2024-07-31 02:32:18,802 - cinemas.lev - INFO - DONE LEV SHOHAM
2024-07-31 02:32:18,802 - cinemas.lev - INFO - STARTED LEV DANIEL
2024-07-31 02:32:19,557 - cinemas.lev - INFO - DONE LEV DANIEL
2024-07-31 02:32:19,557 - proxy - INFO - Proxy removed
2024-07-31 02:32:19,557 - cinemas.lev - INFO - DONE LEV
2024-07-31 02:32:19,557 - cinemas.movieland - INFO - STARTED Movie Land
2024-07-31 02:32:19,557 - cinemas.movieland - INFO - STARTED Movie Land CARMIEL
2024-07-31 02:32:20,236 - cinemas.movieland - INFO - DONE Movie Land CARMIEL
2024-07-31 02:32:20,236 - cinemas.movieland - INFO - STARTED Movie Land HAIFA
2024-07-31 02:32:20,573 - cinemas.movieland - INFO - DONE Movie Land HAIFA
2024-07-31 02:32:20,573 - cinemas.movieland - INFO - STARTED Movie Land NATANYA
2024-07-31 02:32:20,574 - cinemas.movieland - INFO - DONE Movie Land NATANYA
2024-07-31 02:32:20,574 - cinemas.movieland - INFO - DONE Movie Land
2024-07-31 02:32:20,574 - cinemas.movieland - INFO - STARTED Movie Land
2024-07-31 02:32:20,574 - cinemas.movieland - INFO - STARTED Movie Land CARMIEL
2024-07-31 02:32:20,575 - cinemas.movieland - INFO - DONE Movie Land CARMIEL
2024-07-31 02:32:20,575 - cinemas.movieland - INFO - STARTED Movie Land HAIFA
2024-07-31 02:32:20,575 - cinemas.movieland - INFO - DONE Movie Land HAIFA
2024-07-31 02:32:20,575 - cinemas.movieland - INFO - STARTED Movie Land NATANYA
2024-07-31 02:32:20,576 - cinemas.movieland - INFO - DONE Movie Land NATANYA
2024-07-31 02:32:20,576 - cinemas.movieland - INFO - DONE Movie Land
2024-07-31 02:32:20,576 - root - INFO - ********************
2024-07-31 02:32:20,576 - root - INFO - started checking for:03-08-2024
2024-07-31 02:32:20,576 - cinemas.yes_planet - INFO - STARTED YES PLANET
2024-07-31 02:32:20,576 - cinemas.yes_planet - INFO - STARTED YES PLANET RISHON
2024-07-31 02:32:21,797 - cinemas.yes_planet - INFO - DONE YES PLANET RISHON
2024-07-31 02:32:21,797 - cinemas.yes_planet - INFO - STARTED YES PLANET AYALON
2024-07-31 02:32:22,984 - cinemas.yes_planet - INFO - DONE YES PLANET AYALON
2024-07-31 02:32:22,984 - cinemas.yes_planet - INFO - STARTED YES PLANET ZICHRON
2024-07-31 02:32:23,962 - cinemas.yes_planet - INFO - DONE YES PLANET ZICHRON
2024-07-31 02:32:23,962 - cinemas.yes_planet - INFO - STARTED YES PLANET HAIFA
2024-07-31 02:32:25,008 - cinemas.yes_planet - INFO - DONE YES PLANET HAIFA
2024-07-31 02:32:25,008 - cinemas.yes_planet - INFO - STARTED YES PLANET JERUSALEM
2024-07-31 02:32:26,220 - cinemas.yes_planet - INFO - DONE YES PLANET JERUSALEM
2024-07-31 02:32:26,220 - cinemas.yes_planet - INFO - STARTED YES PLANET BEER_SHEVA
2024-07-31 02:32:27,270 - cinemas.yes_planet - INFO - DONE YES PLANET BEER_SHEVA
2024-07-31 02:32:27,270 - cinemas.yes_planet - INFO - DONE YES PLANET
2024-07-31 02:32:27,271 - cinemas.yes_planet - INFO - STARTED YES PLANET
2024-07-31 02:32:27,271 - cinemas.yes_planet - INFO - STARTED YES PLANET RISHON
2024-07-31 02:32:27,312 - cinemas.yes_planet - INFO - DONE YES PLANET RISHON
2024-07-31 02:32:27,312 - cinemas.yes_planet - INFO - STARTED YES PLANET AYALON
2024-07-31 02:32:27,340 - cinemas.yes_planet - INFO - DONE YES PLANET AYALON
2024-07-31 02:32:27,340 - cinemas.yes_planet - INFO - STARTED YES PLANET ZICHRON
2024-07-31 02:32:27,362 - cinemas.yes_planet - INFO - DONE YES PLANET ZICHRON
2024-07-31 02:32:27,362 - cinemas.yes_planet - INFO - STARTED YES PLANET HAIFA
2024-07-31 02:32:27,386 - cinemas.yes_planet - INFO - DONE YES PLANET HAIFA
2024-07-31 02:32:27,387 - cinemas.yes_planet - INFO - STARTED YES PLANET JERUSALEM
2024-07-31 02:32:27,434 - cinemas.yes_planet - INFO - DONE YES PLANET JERUSALEM
2024-07-31 02:32:27,434 - cinemas.yes_planet - INFO - STARTED YES PLANET BEER_SHEVA
2024-07-31 02:32:27,459 - cinemas.yes_planet - INFO - DONE YES PLANET BEER_SHEVA
2024-07-31 02:32:27,459 - cinemas.yes_planet - INFO - DONE YES PLANET
2024-07-31 02:32:27,459 - cinemas.rav_hen - INFO - STARTED RAV HEN
2024-07-31 02:32:27,459 - cinemas.rav_hen - INFO - STARTED RAV HEN GIVATAIM
2024-07-31 02:32:28,514 - cinemas.rav_hen - INFO - DONE RAV HEN GIVATAIM
2024-07-31 02:32:28,514 - cinemas.rav_hen - INFO - STARTED RAV HEN DIZINGOF
2024-07-31 02:32:29,296 - cinemas.rav_hen - INFO - DONE RAV HEN DIZINGOF
2024-07-31 02:32:29,296 - cinemas.rav_hen - INFO - STARTED RAV HEN MODIIN
2024-07-31 02:32:29,951 - cinemas.rav_hen - INFO - DONE RAV HEN MODIIN
2024-07-31 02:32:29,951 - cinemas.rav_hen - INFO - STARTED RAV HEN KIRYAT_ONO
2024-07-31 02:32:30,805 - cinemas.rav_hen - INFO - DONE RAV HEN KIRYAT_ONO
2024-07-31 02:32:30,805 - cinemas.rav_hen - INFO - DONE RAV HEN
2024-07-31 02:32:30,805 - cinemas.rav_hen - INFO - STARTED RAV HEN
2024-07-31 02:32:30,805 - cinemas.rav_hen - INFO - STARTED RAV HEN GIVATAIM
2024-07-31 02:32:30,824 - cinemas.rav_hen - INFO - DONE RAV HEN GIVATAIM
2024-07-31 02:32:30,824 - cinemas.rav_hen - INFO - STARTED RAV HEN DIZINGOF
2024-07-31 02:32:30,844 - cinemas.rav_hen - INFO - DONE RAV HEN DIZINGOF
2024-07-31 02:32:30,844 - cinemas.rav_hen - INFO - STARTED RAV HEN MODIIN
2024-07-31 02:32:30,862 - cinemas.rav_hen - INFO - DONE RAV HEN MODIIN
2024-07-31 02:32:30,862 - cinemas.rav_hen - INFO - STARTED RAV HEN KIRYAT_ONO
2024-07-31 02:32:30,883 - cinemas.rav_hen - INFO - DONE RAV HEN KIRYAT_ONO
2024-07-31 02:32:30,883 - cinemas.rav_hen - INFO - DONE RAV HEN
2024-07-31 02:32:30,883 - cinemas.hot_cinema - INFO - STARTED HOT CINEMA
2024-07-31 02:32:30,883 - cinemas.hot_cinema - INFO - STARTED HOT CINEMA MODIIN
2024-07-31 02:32:31,125 - cinemas.hot_cinema - INFO - DONE HOT CINEMA MODIIN
2024-07-31 02:32:31,126 - cinemas.hot_cinema - INFO - STARTED HOT CINEMA KIRYON
2024-07-31 02:32:31,371 - cinemas.hot_cinema - INFO - DONE HOT CINEMA KIRYON
2024-07-31 02:32:31,371 - cinemas.hot_cinema - INFO - STARTED HOT CINEMA KFAR_SABBA
2024-07-31 02:32:31,615 - cinemas.hot_cinema - INFO - DONE HOT CINEMA KFAR_SABBA
2024-07-31 02:32:31,615 - cinemas.hot_cinema - INFO - STARTED HOT CINEMA HAIFA
2024-07-31 02:32:31,860 - cinemas.hot_cinema - INFO - DONE HOT CINEMA HAIFA
2024-07-31 02:32:31,860 - cinemas.hot_cinema - INFO - STARTED HOT CINEMA PETACH_TIKVA
2024-07-31 02:32:32,100 - cinemas.hot_cinema - INFO - DONE HOT CINEMA PETACH_TIKVA
2024-07-31 02:32:32,100 - cinemas.hot_cinema - INFO - STARTED HOT CINEMA RECHOVOT
2024-07-31 02:32:32,340 - cinemas.hot_cinema - INFO - DONE HOT CINEMA RECHOVOT
2024-07-31 02:32:32,340 - cinemas.hot_cinema - INFO - STARTED HOT CINEMA ASHKELON
2024-07-31 02:32:32,581 - cinemas.hot_cinema - INFO - DONE HOT CINEMA ASHKELON
2024-07-31 02:32:32,581 - cinemas.hot_cinema - INFO - STARTED HOT CINEMA KARMIEL
2024-07-31 02:32:32,819 - cinemas.hot_cinema - INFO - DONE HOT CINEMA KARMIEL
2024-07-31 02:32:32,819 - cinemas.hot_cinema - INFO - STARTED HOT CINEMA NAHARIA
2024-07-31 02:32:33,067 - cinemas.hot_cinema - INFO - DONE HOT CINEMA NAHARIA
2024-07-31 02:32:33,067 - cinemas.hot_cinema - INFO - STARTED HOT CINEMA ASHDOD
2024-07-31 02:32:33,311 - cinemas.hot_cinema - INFO - DONE HOT CINEMA ASHDOD
2024-07-31 02:32:33,311 - cinemas.hot_cinema - INFO - DONE HOT CINEMA
2024-07-31 02:32:33,311 - cinemas.hot_cinema - INFO - STARTED HOT CINEMA
2024-07-31 02:32:33,311 - cinemas.hot_cinema - INFO - STARTED HOT CINEMA MODIIN
2024-07-31 02:32:33,553 - cinemas.hot_cinema - INFO - DONE HOT CINEMA MODIIN
2024-07-31 02:32:33,553 - cinemas.hot_cinema - INFO - STARTED HOT CINEMA KIRYON
2024-07-31 02:32:33,796 - cinemas.hot_cinema - INFO - DONE HOT CINEMA KIRYON
2024-07-31 02:32:33,796 - cinemas.hot_cinema - INFO - STARTED HOT CINEMA KFAR_SABBA
2024-07-31 02:32:34,037 - cinemas.hot_cinema - INFO - DONE HOT CINEMA KFAR_SABBA
2024-07-31 02:32:34,038 - cinemas.hot_cinema - INFO - STARTED HOT CINEMA HAIFA
2024-07-31 02:32:34,280 - cinemas.hot_cinema - INFO - DONE HOT CINEMA HAIFA
2024-07-31 02:32:34,280 - cinemas.hot_cinema - INFO - STARTED HOT CINEMA PETACH_TIKVA
2024-07-31 02:32:34,520 - cinemas.hot_cinema - INFO - DONE HOT CINEMA PETACH_TIKVA
2024-07-31 02:32:34,520 - cinemas.hot_cinema - INFO - STARTED HOT CINEMA RECHOVOT
2024-07-31 02:32:34,765 - cinemas.hot_cinema - INFO - DONE HOT CINEMA RECHOVOT
2024-07-31 02:32:34,765 - cinemas.hot_cinema - INFO - STARTED HOT CINEMA ASHKELON
2024-07-31 02:32:35,006 - cinemas.hot_cinema - INFO - DONE HOT CINEMA ASHKELON
2024-07-31 02:32:35,006 - cinemas.hot_cinema - INFO - STARTED HOT CINEMA KARMIEL
2024-07-31 02:32:35,246 - cinemas.hot_cinema - INFO - DONE HOT CINEMA KARMIEL
2024-07-31 02:32:35,246 - cinemas.hot_cinema - INFO - STARTED HOT CINEMA NAHARIA
2024-07-31 02:32:35,486 - cinemas.hot_cinema - INFO - DONE HOT CINEMA NAHARIA
2024-07-31 02:32:35,486 - cinemas.hot_cinema - INFO - STARTED HOT CINEMA ASHDOD
2024-07-31 02:32:35,726 - cinemas.hot_cinema - INFO - DONE HOT CINEMA ASHDOD
2024-07-31 02:32:35,726 - cinemas.hot_cinema - INFO - DONE HOT CINEMA
2024-07-31 02:32:35,726 - cinemas.cinema_city - INFO - STARTED CINEMA CITY
2024-07-31 02:32:35,727 - cinemas.cinema_city - INFO - STARTED CINEMA CITY GLILOT
2024-07-31 02:32:37,397 - cinemas.cinema_city - INFO - DONE CINEMA CITY GLILOT
2024-07-31 02:32:37,397 - cinemas.cinema_city - INFO - STARTED CINEMA CITY RISHON
2024-07-31 02:32:39,102 - cinemas.cinema_city - INFO - DONE CINEMA CITY RISHON
2024-07-31 02:32:39,102 - cinemas.cinema_city - INFO - STARTED CINEMA CITY JERUSALEM
2024-07-31 02:32:39,800 - cinemas.cinema_city - INFO - DONE CINEMA CITY JERUSALEM
2024-07-31 02:32:39,800 - cinemas.cinema_city - INFO - STARTED CINEMA CITY KFAR_SABBA
2024-07-31 02:32:40,702 - cinemas.cinema_city - INFO - DONE CINEMA CITY KFAR_SABBA
2024-07-31 02:32:40,702 - cinemas.cinema_city - INFO - STARTED CINEMA CITY NATANIA
2024-07-31 02:32:41,404 - cinemas.cinema_city - INFO - DONE CINEMA CITY NATANIA
2024-07-31 02:32:41,404 - cinemas.cinema_city - INFO - STARTED CINEMA CITY BEER_SHEVA
2024-07-31 02:32:43,134 - cinemas.cinema_city - INFO - DONE CINEMA CITY BEER_SHEVA
2024-07-31 02:32:43,134 - cinemas.cinema_city - INFO - STARTED CINEMA CITY HADERA
2024-07-31 02:32:43,821 - cinemas.cinema_city - INFO - DONE CINEMA CITY HADERA
2024-07-31 02:32:43,822 - cinemas.cinema_city - INFO - STARTED CINEMA CITY ASHDOD
2024-07-31 02:32:44,964 - cinemas.cinema_city - INFO - DONE CINEMA CITY ASHDOD
2024-07-31 02:32:44,965 - cinemas.cinema_city - INFO - DONE CINEMA CITY
2024-07-31 02:32:44,965 - cinemas.cinema_city - INFO - STARTED CINEMA CITY
2024-07-31 02:32:44,965 - cinemas.cinema_city - INFO - STARTED CINEMA CITY GLILOT
2024-07-31 02:32:45,837 - cinemas.cinema_city - INFO - DONE CINEMA CITY GLILOT
2024-07-31 02:32:45,837 - cinemas.cinema_city - INFO - STARTED CINEMA CITY RISHON
2024-07-31 02:32:46,957 - cinemas.cinema_city - INFO - DONE CINEMA CITY RISHON
2024-07-31 02:32:46,957 - cinemas.cinema_city - INFO - STARTED CINEMA CITY JERUSALEM
2024-07-31 02:32:47,640 - cinemas.cinema_city - INFO - DONE CINEMA CITY JERUSALEM
2024-07-31 02:32:47,641 - cinemas.cinema_city - INFO - STARTED CINEMA CITY KFAR_SABBA
2024-07-31 02:32:48,307 - cinemas.cinema_city - INFO - DONE CINEMA CITY KFAR_SABBA
2024-07-31 02:32:48,307 - cinemas.cinema_city - INFO - STARTED CINEMA CITY NATANIA
2024-07-31 02:32:49,198 - cinemas.cinema_city - INFO - DONE CINEMA CITY NATANIA
2024-07-31 02:32:49,198 - cinemas.cinema_city - INFO - STARTED CINEMA CITY BEER_SHEVA
2024-07-31 02:32:49,882 - cinemas.cinema_city - INFO - DONE CINEMA CITY BEER_SHEVA
2024-07-31 02:32:49,882 - cinemas.cinema_city - INFO - STARTED CINEMA CITY HADERA
2024-07-31 02:32:50,550 - cinemas.cinema_city - INFO - DONE CINEMA CITY HADERA
2024-07-31 02:32:50,550 - cinemas.cinema_city - INFO - STARTED CINEMA CITY ASHDOD
2024-07-31 02:32:51,674 - cinemas.cinema_city - INFO - DONE CINEMA CITY ASHDOD
2024-07-31 02:32:51,674 - cinemas.cinema_city - INFO - DONE CINEMA CITY
2024-07-31 02:32:51,674 - cinemas.lev - INFO - STARTED LEV
2024-07-31 02:32:53,500 - proxy - INFO - Proxy: {'YourFuckingIPAddress': '45.150.108.125', 'YourFuckingLocation': 'Tel Aviv, TA, Israel', 'YourFuckingHostname': '45.150.108.125', 'YourFuckingISP': 'BlueVPS OU', 'YourFuckingTorExit': False, 'YourFuckingCity': 'Tel Aviv', 'YourFuckingCountry': 'Israel', 'YourFuckingCountryCode': 'IL'}
2024-07-31 02:32:53,501 - cinemas.lev - INFO - STARTED LEV TEL_AVIV
2024-07-31 02:32:55,893 - cinemas.lev - INFO - DONE LEV TEL_AVIV
2024-07-31 02:32:55,893 - cinemas.lev - INFO - STARTED LEV RAMAT_HASHARON
2024-07-31 02:32:56,417 - cinemas.lev - INFO - DONE LEV RAMAT_HASHARON
2024-07-31 02:32:56,417 - cinemas.lev - INFO - STARTED LEV MANDARIN
2024-07-31 02:32:56,937 - cinemas.lev - INFO - DONE LEV MANDARIN
2024-07-31 02:32:56,938 - cinemas.lev - INFO - STARTED LEV EVEN_YEHUDA
2024-07-31 02:32:57,328 - cinemas.lev - INFO - DONE LEV EVEN_YEHUDA
2024-07-31 02:32:57,329 - cinemas.lev - INFO - STARTED LEV SMADAR
2024-07-31 02:32:58,125 - cinemas.lev - INFO - DONE LEV SMADAR
2024-07-31 02:32:58,125 - cinemas.lev - INFO - STARTED LEV RAANANA
2024-07-31 02:32:58,841 - cinemas.lev - INFO - DONE LEV RAANANA
2024-07-31 02:32:58,841 - cinemas.lev - INFO - STARTED LEV OMER
2024-07-31 02:32:59,397 - cinemas.lev - INFO - DONE LEV OMER
2024-07-31 02:32:59,397 - cinemas.lev - INFO - STARTED LEV SHOHAM
2024-07-31 02:33:00,114 - cinemas.lev - INFO - DONE LEV SHOHAM
2024-07-31 02:33:00,114 - cinemas.lev - INFO - STARTED LEV DANIEL
2024-07-31 02:33:00,865 - cinemas.lev - INFO - DONE LEV DANIEL
2024-07-31 02:33:00,865 - proxy - INFO - Proxy removed
2024-07-31 02:33:00,865 - cinemas.lev - INFO - DONE LEV
2024-07-31 02:33:00,865 - cinemas.lev - INFO - STARTED LEV
2024-07-31 02:33:01,395 - proxy - INFO - Proxy: {'YourFuckingIPAddress': '45.150.108.125', 'YourFuckingLocation': 'Tel Aviv, TA, Israel', 'YourFuckingHostname': '45.150.108.125', 'YourFuckingISP': 'BlueVPS OU', 'YourFuckingTorExit': False, 'YourFuckingCity': 'Tel Aviv', 'YourFuckingCountry': 'Israel', 'YourFuckingCountryCode': 'IL'}
2024-07-31 02:33:01,395 - cinemas.lev - INFO - STARTED LEV TEL_AVIV
2024-07-31 02:33:02,112 - cinemas.lev - INFO - DONE LEV TEL_AVIV
2024-07-31 02:33:02,112 - cinemas.lev - INFO - STARTED LEV RAMAT_HASHARON
2024-07-31 02:33:02,665 - cinemas.lev - INFO - DONE LEV RAMAT_HASHARON
2024-07-31 02:33:02,665 - cinemas.lev - INFO - STARTED LEV MANDARIN
2024-07-31 02:33:03,184 - cinemas.lev - INFO - DONE LEV MANDARIN
2024-07-31 02:33:03,184 - cinemas.lev - INFO - STARTED LEV EVEN_YEHUDA
2024-07-31 02:33:03,707 - cinemas.lev - INFO - DONE LEV EVEN_YEHUDA
2024-07-31 02:33:03,708 - cinemas.lev - INFO - STARTED LEV SMADAR
2024-07-31 02:33:04,461 - cinemas.lev - INFO - DONE LEV SMADAR
2024-07-31 02:33:04,461 - cinemas.lev - INFO - STARTED LEV RAANANA
2024-07-31 02:33:05,180 - cinemas.lev - INFO - DONE LEV RAANANA
2024-07-31 02:33:05,180 - cinemas.lev - INFO - STARTED LEV OMER
2024-07-31 02:33:05,937 - cinemas.lev - INFO - DONE LEV OMER
2024-07-31 02:33:05,937 - cinemas.lev - INFO - STARTED LEV SHOHAM
2024-07-31 02:33:06,653 - cinemas.lev - INFO - DONE LEV SHOHAM
2024-07-31 02:33:06,654 - cinemas.lev - INFO - STARTED LEV DANIEL
2024-07-31 02:33:07,229 - cinemas.lev - INFO - DONE LEV DANIEL
2024-07-31 02:33:07,229 - proxy - INFO - Proxy removed
2024-07-31 02:33:07,229 - cinemas.lev - INFO - DONE LEV
2024-07-31 02:33:07,229 - cinemas.movieland - INFO - STARTED Movie Land
2024-07-31 02:33:07,229 - cinemas.movieland - INFO - STARTED Movie Land CARMIEL
2024-07-31 02:33:07,561 - cinemas.movieland - INFO - DONE Movie Land CARMIEL
2024-07-31 02:33:07,561 - cinemas.movieland - INFO - STARTED Movie Land HAIFA
2024-07-31 02:33:07,561 - cinemas.movieland - INFO - DONE Movie Land HAIFA
2024-07-31 02:33:07,562 - cinemas.movieland - INFO - STARTED Movie Land NATANYA
2024-07-31 02:33:07,562 - cinemas.movieland - INFO - DONE Movie Land NATANYA
2024-07-31 02:33:07,562 - cinemas.movieland - INFO - DONE Movie Land
2024-07-31 02:33:07,563 - cinemas.movieland - INFO - STARTED Movie Land
2024-07-31 02:33:07,563 - cinemas.movieland - INFO - STARTED Movie Land CARMIEL
2024-07-31 02:33:07,563 - cinemas.movieland - INFO - DONE Movie Land CARMIEL
2024-07-31 02:33:07,563 - cinemas.movieland - INFO - STARTED Movie Land HAIFA
2024-07-31 02:33:07,564 - cinemas.movieland - INFO - DONE Movie Land HAIFA
2024-07-31 02:33:07,564 - cinemas.movieland - INFO - STARTED Movie Land NATANYA
2024-07-31 02:33:07,565 - cinemas.movieland - INFO - DONE Movie Land NATANYA
2024-07-31 02:33:07,565 - cinemas.movieland - INFO - DONE Movie Land
2024-07-31 02:33:07,565 - root - INFO - ********************
2024-07-31 02:33:07,565 - root - INFO - started checking for:04-08-2024
2024-07-31 02:33:07,565 - cinemas.yes_planet - INFO - STARTED YES PLANET
2024-07-31 02:33:07,565 - cinemas.yes_planet - INFO - STARTED YES PLANET RISHON
2024-07-31 02:33:08,653 - cinemas.yes_planet - INFO - DONE YES PLANET RISHON
2024-07-31 02:33:08,654 - cinemas.yes_planet - INFO - STARTED YES PLANET AYALON
2024-07-31 02:33:09,573 - cinemas.yes_planet - INFO - DONE YES PLANET AYALON
2024-07-31 02:33:09,573 - cinemas.yes_planet - INFO - STARTED YES PLANET ZICHRON
2024-07-31 02:33:10,610 - cinemas.yes_planet - INFO - DONE YES PLANET ZICHRON
2024-07-31 02:33:10,610 - cinemas.yes_planet - INFO - STARTED YES PLANET HAIFA
2024-07-31 02:33:11,706 - cinemas.yes_planet - INFO - DONE YES PLANET HAIFA
2024-07-31 02:33:11,707 - cinemas.yes_planet - INFO - STARTED YES PLANET JERUSALEM
2024-07-31 02:33:12,669 - cinemas.yes_planet - INFO - DONE YES PLANET JERUSALEM
2024-07-31 02:33:12,669 - cinemas.yes_planet - INFO - STARTED YES PLANET BEER_SHEVA
2024-07-31 02:33:13,635 - cinemas.yes_planet - INFO - DONE YES PLANET BEER_SHEVA
2024-07-31 02:33:13,635 - cinemas.yes_planet - INFO - DONE YES PLANET
2024-07-31 02:33:13,636 - cinemas.yes_planet - INFO - STARTED YES PLANET
2024-07-31 02:33:13,636 - cinemas.yes_planet - INFO - STARTED YES PLANET RISHON
2024-07-31 02:33:13,676 - cinemas.yes_planet - INFO - DONE YES PLANET RISHON
2024-07-31 02:33:13,676 - cinemas.yes_planet - INFO - STARTED YES PLANET AYALON
2024-07-31 02:33:13,704 - cinemas.yes_planet - INFO - DONE YES PLANET AYALON
2024-07-31 02:33:13,704 - cinemas.yes_planet - INFO - STARTED YES PLANET ZICHRON
2024-07-31 02:33:13,731 - cinemas.yes_planet - INFO - DONE YES PLANET ZICHRON
2024-07-31 02:33:13,731 - cinemas.yes_planet - INFO - STARTED YES PLANET HAIFA
2024-07-31 02:33:13,756 - cinemas.yes_planet - INFO - DONE YES PLANET HAIFA
2024-07-31 02:33:13,756 - cinemas.yes_planet - INFO - STARTED YES PLANET JERUSALEM
2024-07-31 02:33:13,786 - cinemas.yes_planet - INFO - DONE YES PLANET JERUSALEM
2024-07-31 02:33:13,786 - cinemas.yes_planet - INFO - STARTED YES PLANET BEER_SHEVA
2024-07-31 02:33:13,812 - cinemas.yes_planet - INFO - DONE YES PLANET BEER_SHEVA
2024-07-31 02:33:13,812 - cinemas.yes_planet - INFO - DONE YES PLANET
2024-07-31 02:33:13,812 - cinemas.rav_hen - INFO - STARTED RAV HEN
2024-07-31 02:33:13,812 - cinemas.rav_hen - INFO - STARTED RAV HEN GIVATAIM
2024-07-31 02:33:14,634 - cinemas.rav_hen - INFO - DONE RAV HEN GIVATAIM
2024-07-31 02:33:14,635 - cinemas.rav_hen - INFO - STARTED RAV HEN DIZINGOF
2024-07-31 02:33:15,441 - cinemas.rav_hen - INFO - DONE RAV HEN DIZINGOF
2024-07-31 02:33:15,441 - cinemas.rav_hen - INFO - STARTED RAV HEN MODIIN
2024-07-31 02:33:16,101 - cinemas.rav_hen - INFO - DONE RAV HEN MODIIN
2024-07-31 02:33:16,101 - cinemas.rav_hen - INFO - STARTED RAV HEN KIRYAT_ONO
2024-07-31 02:33:16,901 - cinemas.rav_hen - INFO - DONE RAV HEN KIRYAT_ONO
2024-07-31 02:33:16,902 - cinemas.rav_hen - INFO - DONE RAV HEN
2024-07-31 02:33:16,902 - cinemas.rav_hen - INFO - STARTED RAV HEN
2024-07-31 02:33:16,902 - cinemas.rav_hen - INFO - STARTED RAV HEN GIVATAIM
2024-07-31 02:33:16,924 - cinemas.rav_hen - INFO - DONE RAV HEN GIVATAIM
2024-07-31 02:33:16,924 - cinemas.rav_hen - INFO - STARTED RAV HEN DIZINGOF
2024-07-31 02:33:16,942 - cinemas.rav_hen - INFO - DONE RAV HEN DIZINGOF
2024-07-31 02:33:16,942 - cinemas.rav_hen - INFO - STARTED RAV HEN MODIIN
2024-07-31 02:33:16,967 - cinemas.rav_hen - INFO - DONE RAV HEN MODIIN
2024-07-31 02:33:16,968 - cinemas.rav_hen - INFO - STARTED RAV HEN KIRYAT_ONO
2024-07-31 02:33:16,994 - cinemas.rav_hen - INFO - DONE RAV HEN KIRYAT_ONO
2024-07-31 02:33:16,994 - cinemas.rav_hen - INFO - DONE RAV HEN
2024-07-31 02:33:16,994 - cinemas.hot_cinema - INFO - STARTED HOT CINEMA
2024-07-31 02:33:16,994 - cinemas.hot_cinema - INFO - STARTED HOT CINEMA MODIIN
2024-07-31 02:33:17,237 - cinemas.hot_cinema - INFO - DONE HOT CINEMA MODIIN
2024-07-31 02:33:17,237 - cinemas.hot_cinema - INFO - STARTED HOT CINEMA KIRYON
2024-07-31 02:33:17,480 - cinemas.hot_cinema - INFO - DONE HOT CINEMA KIRYON
2024-07-31 02:33:17,481 - cinemas.hot_cinema - INFO - STARTED HOT CINEMA KFAR_SABBA
2024-07-31 02:33:17,723 - cinemas.hot_cinema - INFO - DONE HOT CINEMA KFAR_SABBA
2024-07-31 02:33:17,723 - cinemas.hot_cinema - INFO - STARTED HOT CINEMA HAIFA
2024-07-31 02:33:17,966 - cinemas.hot_cinema - INFO - DONE HOT CINEMA HAIFA
2024-07-31 02:33:17,966 - cinemas.hot_cinema - INFO - STARTED HOT CINEMA PETACH_TIKVA
2024-07-31 02:33:18,207 - cinemas.hot_cinema - INFO - DONE HOT CINEMA PETACH_TIKVA
2024-07-31 02:33:18,207 - cinemas.hot_cinema - INFO - STARTED HOT CINEMA RECHOVOT
2024-07-31 02:33:18,448 - cinemas.hot_cinema - INFO - DONE HOT CINEMA RECHOVOT
2024-07-31 02:33:18,449 - cinemas.hot_cinema - INFO - STARTED HOT CINEMA ASHKELON
2024-07-31 02:33:18,688 - cinemas.hot_cinema - INFO - DONE HOT CINEMA ASHKELON
2024-07-31 02:33:18,688 - cinemas.hot_cinema - INFO - STARTED HOT CINEMA KARMIEL
2024-07-31 02:33:18,934 - cinemas.hot_cinema - INFO - DONE HOT CINEMA KARMIEL
2024-07-31 02:33:18,934 - cinemas.hot_cinema - INFO - STARTED HOT CINEMA NAHARIA
2024-07-31 02:33:19,171 - cinemas.hot_cinema - INFO - DONE HOT CINEMA NAHARIA
2024-07-31 02:33:19,171 - cinemas.hot_cinema - INFO - STARTED HOT CINEMA ASHDOD
2024-07-31 02:33:19,410 - cinemas.hot_cinema - INFO - DONE HOT CINEMA ASHDOD
2024-07-31 02:33:19,410 - cinemas.hot_cinema - INFO - DONE HOT CINEMA
2024-07-31 02:33:19,410 - cinemas.hot_cinema - INFO - STARTED HOT CINEMA
2024-07-31 02:33:19,410 - cinemas.hot_cinema - INFO - STARTED HOT CINEMA MODIIN
2024-07-31 02:33:19,652 - cinemas.hot_cinema - INFO - DONE HOT CINEMA MODIIN
2024-07-31 02:33:19,652 - cinemas.hot_cinema - INFO - STARTED HOT CINEMA KIRYON
2024-07-31 02:33:19,896 - cinemas.hot_cinema - INFO - DONE HOT CINEMA KIRYON
2024-07-31 02:33:19,896 - cinemas.hot_cinema - INFO - STARTED HOT CINEMA KFAR_SABBA
2024-07-31 02:33:20,138 - cinemas.hot_cinema - INFO - DONE HOT CINEMA KFAR_SABBA
2024-07-31 02:33:20,139 - cinemas.hot_cinema - INFO - STARTED HOT CINEMA HAIFA
2024-07-31 02:33:20,383 - cinemas.hot_cinema - INFO - DONE HOT CINEMA HAIFA
2024-07-31 02:33:20,383 - cinemas.hot_cinema - INFO - STARTED HOT CINEMA PETACH_TIKVA
2024-07-31 02:33:20,622 - cinemas.hot_cinema - INFO - DONE HOT CINEMA PETACH_TIKVA
2024-07-31 02:33:20,622 - cinemas.hot_cinema - INFO - STARTED HOT CINEMA RECHOVOT
2024-07-31 02:33:20,865 - cinemas.hot_cinema - INFO - DONE HOT CINEMA RECHOVOT
2024-07-31 02:33:20,865 - cinemas.hot_cinema - INFO - STARTED HOT CINEMA ASHKELON
2024-07-31 02:33:21,105 - cinemas.hot_cinema - INFO - DONE HOT CINEMA ASHKELON
2024-07-31 02:33:21,105 - cinemas.hot_cinema - INFO - STARTED HOT CINEMA KARMIEL
2024-07-31 02:33:21,344 - cinemas.hot_cinema - INFO - DONE HOT CINEMA KARMIEL
2024-07-31 02:33:21,344 - cinemas.hot_cinema - INFO - STARTED HOT CINEMA NAHARIA
2024-07-31 02:33:21,582 - cinemas.hot_cinema - INFO - DONE HOT CINEMA NAHARIA
2024-07-31 02:33:21,582 - cinemas.hot_cinema - INFO - STARTED HOT CINEMA ASHDOD
2024-07-31 02:33:21,831 - cinemas.hot_cinema - INFO - DONE HOT CINEMA ASHDOD
2024-07-31 02:33:21,831 - cinemas.hot_cinema - INFO - DONE HOT CINEMA
2024-07-31 02:33:21,832 - cinemas.cinema_city - INFO - STARTED CINEMA CITY
2024-07-31 02:33:21,832 - cinemas.cinema_city - INFO - STARTED CINEMA CITY GLILOT
2024-07-31 02:33:22,983 - cinemas.cinema_city - INFO - DONE CINEMA CITY GLILOT
2024-07-31 02:33:22,983 - cinemas.cinema_city - INFO - STARTED CINEMA CITY RISHON
2024-07-31 02:33:23,872 - cinemas.cinema_city - INFO - DONE CINEMA CITY RISHON
2024-07-31 02:33:23,872 - cinemas.cinema_city - INFO - STARTED CINEMA CITY JERUSALEM
2024-07-31 02:33:24,754 - cinemas.cinema_city - INFO - DONE CINEMA CITY JERUSALEM
2024-07-31 02:33:24,754 - cinemas.cinema_city - INFO - STARTED CINEMA CITY KFAR_SABBA
2024-07-31 02:33:25,446 - cinemas.cinema_city - INFO - DONE CINEMA CITY KFAR_SABBA
2024-07-31 02:33:25,446 - cinemas.cinema_city - INFO - STARTED CINEMA CITY NATANIA
2024-07-31 02:33:26,921 - cinemas.cinema_city - INFO - DONE CINEMA CITY NATANIA
2024-07-31 02:33:26,921 - cinemas.cinema_city - INFO - STARTED CINEMA CITY BEER_SHEVA
2024-07-31 02:33:27,806 - cinemas.cinema_city - INFO - DONE CINEMA CITY BEER_SHEVA
2024-07-31 02:33:27,807 - cinemas.cinema_city - INFO - STARTED CINEMA CITY HADERA
2024-07-31 02:33:28,691 - cinemas.cinema_city - INFO - DONE CINEMA CITY HADERA
2024-07-31 02:33:28,691 - cinemas.cinema_city - INFO - STARTED CINEMA CITY ASHDOD
2024-07-31 02:33:29,828 - cinemas.cinema_city - INFO - DONE CINEMA CITY ASHDOD
2024-07-31 02:33:29,828 - cinemas.cinema_city - INFO - DONE CINEMA CITY
2024-07-31 02:33:29,828 - cinemas.cinema_city - INFO - STARTED CINEMA CITY
2024-07-31 02:33:29,828 - cinemas.cinema_city - INFO - STARTED CINEMA CITY GLILOT
2024-07-31 02:33:30,701 - cinemas.cinema_city - INFO - DONE CINEMA CITY GLILOT
2024-07-31 02:33:30,701 - cinemas.cinema_city - INFO - STARTED CINEMA CITY RISHON
2024-07-31 02:33:31,580 - cinemas.cinema_city - INFO - DONE CINEMA CITY RISHON
2024-07-31 02:33:31,580 - cinemas.cinema_city - INFO - STARTED CINEMA CITY JERUSALEM
2024-07-31 02:33:32,458 - cinemas.cinema_city - INFO - DONE CINEMA CITY JERUSALEM
2024-07-31 02:33:32,458 - cinemas.cinema_city - INFO - STARTED CINEMA CITY KFAR_SABBA
2024-07-31 02:33:33,126 - cinemas.cinema_city - INFO - DONE CINEMA CITY KFAR_SABBA
2024-07-31 02:33:33,126 - cinemas.cinema_city - INFO - STARTED CINEMA CITY NATANIA
2024-07-31 02:33:33,997 - cinemas.cinema_city - INFO - DONE CINEMA CITY NATANIA
2024-07-31 02:33:33,997 - cinemas.cinema_city - INFO - STARTED CINEMA CITY BEER_SHEVA
2024-07-31 02:33:34,873 - cinemas.cinema_city - INFO - DONE CINEMA CITY BEER_SHEVA
2024-07-31 02:33:34,873 - cinemas.cinema_city - INFO - STARTED CINEMA CITY HADERA
2024-07-31 02:33:35,540 - cinemas.cinema_city - INFO - DONE CINEMA CITY HADERA
2024-07-31 02:33:35,541 - cinemas.cinema_city - INFO - STARTED CINEMA CITY ASHDOD
2024-07-31 02:33:36,458 - cinemas.cinema_city - INFO - DONE CINEMA CITY ASHDOD
2024-07-31 02:33:36,459 - cinemas.cinema_city - INFO - DONE CINEMA CITY
2024-07-31 02:33:36,459 - cinemas.lev - INFO - STARTED LEV
2024-07-31 02:33:38,276 - proxy - INFO - Proxy: {'YourFuckingIPAddress': '45.150.108.125', 'YourFuckingLocation': 'Tel Aviv, TA, Israel', 'YourFuckingHostname': '45.150.108.125', 'YourFuckingISP': 'BlueVPS OU', 'YourFuckingTorExit': False, 'YourFuckingCity': 'Tel Aviv', 'YourFuckingCountry': 'Israel', 'YourFuckingCountryCode': 'IL'}
2024-07-31 02:33:38,277 - cinemas.lev - INFO - STARTED LEV TEL_AVIV
2024-07-31 02:33:40,306 - cinemas.lev - INFO - DONE LEV TEL_AVIV
2024-07-31 02:33:40,306 - cinemas.lev - INFO - STARTED LEV RAMAT_HASHARON
2024-07-31 02:33:40,861 - cinemas.lev - INFO - DONE LEV RAMAT_HASHARON
2024-07-31 02:33:40,861 - cinemas.lev - INFO - STARTED LEV MANDARIN
2024-07-31 02:33:41,380 - cinemas.lev - INFO - DONE LEV MANDARIN
2024-07-31 02:33:41,380 - cinemas.lev - INFO - STARTED LEV EVEN_YEHUDA
2024-07-31 02:33:41,904 - cinemas.lev - INFO - DONE LEV EVEN_YEHUDA
2024-07-31 02:33:41,905 - cinemas.lev - INFO - STARTED LEV SMADAR
2024-07-31 02:33:42,657 - cinemas.lev - INFO - DONE LEV SMADAR
2024-07-31 02:33:42,657 - cinemas.lev - INFO - STARTED LEV RAANANA
2024-07-31 02:33:43,373 - cinemas.lev - INFO - DONE LEV RAANANA
2024-07-31 02:33:43,374 - cinemas.lev - INFO - STARTED LEV OMER
2024-07-31 02:33:44,129 - cinemas.lev - INFO - DONE LEV OMER
2024-07-31 02:33:44,129 - cinemas.lev - INFO - STARTED LEV SHOHAM
2024-07-31 02:33:44,703 - cinemas.lev - INFO - DONE LEV SHOHAM
2024-07-31 02:33:44,703 - cinemas.lev - INFO - STARTED LEV DANIEL
2024-07-31 02:33:45,087 - cinemas.lev - INFO - DONE LEV DANIEL
2024-07-31 02:33:45,088 - proxy - INFO - Proxy removed
2024-07-31 02:33:45,088 - cinemas.lev - INFO - DONE LEV
2024-07-31 02:33:45,088 - cinemas.lev - INFO - STARTED LEV
2024-07-31 02:33:45,482 - proxy - INFO - Proxy: {'YourFuckingIPAddress': '45.150.108.125', 'YourFuckingLocation': 'Tel Aviv, TA, Israel', 'YourFuckingHostname': '45.150.108.125', 'YourFuckingISP': 'BlueVPS OU', 'YourFuckingTorExit': False, 'YourFuckingCity': 'Tel Aviv', 'YourFuckingCountry': 'Israel', 'YourFuckingCountryCode': 'IL'}
2024-07-31 02:33:45,482 - cinemas.lev - INFO - STARTED LEV TEL_AVIV
2024-07-31 02:33:46,201 - cinemas.lev - INFO - DONE LEV TEL_AVIV
2024-07-31 02:33:46,202 - cinemas.lev - INFO - STARTED LEV RAMAT_HASHARON
2024-07-31 02:33:46,821 - cinemas.lev - INFO - DONE LEV RAMAT_HASHARON
2024-07-31 02:33:46,821 - cinemas.lev - INFO - STARTED LEV MANDARIN
2024-07-31 02:33:47,377 - cinemas.lev - INFO - DONE LEV MANDARIN
2024-07-31 02:33:47,377 - cinemas.lev - INFO - STARTED LEV EVEN_YEHUDA
2024-07-31 02:33:47,901 - cinemas.lev - INFO - DONE LEV EVEN_YEHUDA
2024-07-31 02:33:47,901 - cinemas.lev - INFO - STARTED LEV SMADAR
2024-07-31 02:33:48,657 - cinemas.lev - INFO - DONE LEV SMADAR
2024-07-31 02:33:48,657 - cinemas.lev - INFO - STARTED LEV RAANANA
2024-07-31 02:33:49,410 - cinemas.lev - INFO - DONE LEV RAANANA
2024-07-31 02:33:49,411 - cinemas.lev - INFO - STARTED LEV OMER
2024-07-31 02:33:50,129 - cinemas.lev - INFO - DONE LEV OMER
2024-07-31 02:33:50,129 - cinemas.lev - INFO - STARTED LEV SHOHAM
2024-07-31 02:33:50,845 - cinemas.lev - INFO - DONE LEV SHOHAM
2024-07-31 02:33:50,845 - cinemas.lev - INFO - STARTED LEV DANIEL
2024-07-31 02:33:51,597 - cinemas.lev - INFO - DONE LEV DANIEL
2024-07-31 02:33:51,597 - proxy - INFO - Proxy removed
2024-07-31 02:33:51,597 - cinemas.lev - INFO - DONE LEV
2024-07-31 02:33:51,597 - cinemas.movieland - INFO - STARTED Movie Land
2024-07-31 02:33:51,597 - cinemas.movieland - INFO - STARTED Movie Land CARMIEL
2024-07-31 02:33:51,598 - cinemas.movieland - INFO - DONE Movie Land CARMIEL
2024-07-31 02:33:51,598 - cinemas.movieland - INFO - STARTED Movie Land HAIFA
2024-07-31 02:33:51,599 - cinemas.movieland - INFO - DONE Movie Land HAIFA
2024-07-31 02:33:51,599 - cinemas.movieland - INFO - STARTED Movie Land NATANYA
2024-07-31 02:33:51,599 - cinemas.movieland - INFO - DONE Movie Land NATANYA
2024-07-31 02:33:51,599 - cinemas.movieland - INFO - DONE Movie Land
2024-07-31 02:33:51,599 - cinemas.movieland - INFO - STARTED Movie Land
2024-07-31 02:33:51,600 - cinemas.movieland - INFO - STARTED Movie Land CARMIEL
2024-07-31 02:33:51,600 - cinemas.movieland - INFO - DONE Movie Land CARMIEL
2024-07-31 02:33:51,600 - cinemas.movieland - INFO - STARTED Movie Land HAIFA
2024-07-31 02:33:51,601 - cinemas.movieland - INFO - DONE Movie Land HAIFA
2024-07-31 02:33:51,601 - cinemas.movieland - INFO - STARTED Movie Land NATANYA
2024-07-31 02:33:51,602 - cinemas.movieland - INFO - DONE Movie Land NATANYA
2024-07-31 02:33:51,602 - cinemas.movieland - INFO - DONE Movie Land
2024-07-31 02:33:53,739 - seret.movie_info_fetchers.composite - INFO - Got info for התיבה של נוח using ElasticMovieInfoFetcher
2024-07-31 02:33:53,777 - seret.movie_info_fetchers.composite - INFO - Got info for Noah’s Ark using ElasticMovieInfoFetcher
2024-07-31 02:33:55,168 - seret.movie_info_fetchers.composite - INFO - Got info for גנוב על החיים using ElasticMovieInfoFetcher
2024-07-31 02:33:56,382 - seret.movie_info_fetchers.composite - INFO - Got info for Despicable Me 4 using ElasticMovieInfoFetcher
2024-07-31 02:33:57,311 - seret.movie_info_fetchers.composite - INFO - Got info for דדפול ווולברין using ElasticMovieInfoFetcher
2024-07-31 02:33:58,421 - seret.movie_info_fetchers.composite - INFO - Got info for Deadpool and Wolverine using ElasticMovieInfoFetcher
2024-07-31 02:34:00,475 - seret.movie_info_fetchers.composite - INFO - Got info for חמדה using ElasticMovieInfoFetcher
2024-07-31 02:34:01,812 - seret.movie_info_fetchers.composite - INFO - Got info for Hemda using ElasticMovieInfoFetcher
2024-07-31 02:34:03,911 - seret.movie_info_fetchers.composite - INFO - Got info for חברים דמיוניים using ElasticMovieInfoFetcher
2024-07-31 02:34:04,914 - seret.movie_info_fetchers.composite - INFO - Got info for Imaginary Friends using ElasticMovieInfoFetcher
2024-07-31 02:34:06,888 - seret.movie_info_fetchers.composite - INFO - Got info for אי הפאפינים: חברים חדשים using ElasticMovieInfoFetcher
2024-07-31 02:34:08,076 - seret.movie_info_fetchers.composite - INFO - Got info for Puffin Rock and the New Friends using ElasticMovieInfoFetcher
2024-07-31 02:34:09,891 - seret.movie_info_fetchers.composite - INFO - Got info for ריאליטי using ElasticMovieInfoFetcher
2024-07-31 02:34:11,233 - seret.movie_info_fetchers.composite - INFO - Got info for Reality using ElasticMovieInfoFetcher
2024-07-31 02:34:12,344 - seret.movie_info_fetchers.composite - INFO - Got info for הקול בראש 2 using ElasticMovieInfoFetcher
2024-07-31 02:34:13,215 - seret.movie_info_fetchers.composite - INFO - Got info for Inside out 2 using ElasticMovieInfoFetcher
2024-07-31 02:34:14,761 - seret.movie_info_fetchers.composite - INFO - Got info for מטוסי על: הסרט using ElasticMovieInfoFetcher
2024-07-31 02:34:15,882 - seret.movie_info_fetchers.composite - INFO - Got info for Super Wings the movie: Maximum Speed using ElasticMovieInfoFetcher
2024-07-31 02:34:17,057 - seret.movie_info_fetchers.composite - INFO - Got info for גארפילד using ElasticMovieInfoFetcher
2024-07-31 02:34:17,074 - seret.movie_info_fetchers.composite - INFO - Got info for The Garfield Movie using ElasticMovieInfoFetcher
2024-07-31 02:34:17,083 - seret.movie_info_fetchers.composite - INFO - Got info for הילד השישי using ElasticMovieInfoFetcher
2024-07-31 02:34:17,093 - seret.movie_info_fetchers.composite - INFO - Got info for The Sixth Child using ElasticMovieInfoFetcher
2024-07-31 02:34:17,093 - seret.info_fetcher - ERROR - Failed to get info for The Sixth Child and הילד השישי
2024-07-31 02:34:18,520 - seret.movie_info_fetchers.composite - INFO - Got info for Blue Lock: Episode Nagi using ElasticMovieInfoFetcher
2024-07-31 02:34:20,101 - seret.movie_info_fetchers.composite - INFO - Got info for המלכה השישית using ElasticMovieInfoFetcher
2024-07-31 02:34:20,926 - seret.movie_info_fetchers.composite - INFO - Got info for Firebrand using ElasticMovieInfoFetcher
2024-07-31 02:34:25,317 - seret.movie_info_fetchers.composite - INFO - Got info for מזל חתולה using ElasticMovieInfoFetcher
2024-07-31 02:34:26,740 - seret.movie_info_fetchers.composite - INFO - Got info for Cat's Luck using ElasticMovieInfoFetcher
2024-07-31 02:34:28,511 - seret.movie_info_fetchers.composite - INFO - Got info for קח אותי לירח using ElasticMovieInfoFetcher
2024-07-31 02:34:30,022 - seret.movie_info_fetchers.composite - INFO - Got info for Fly Me to the Moon using ElasticMovieInfoFetcher
2024-07-31 02:34:32,368 - seret.movie_info_fetchers.composite - INFO - Got info for סוד החיים הפשוטים using ElasticMovieInfoFetcher
2024-07-31 02:34:33,559 - seret.movie_info_fetchers.composite - INFO - Got info for A Great Friend using ElasticMovieInfoFetcher
2024-07-31 02:34:34,948 - seret.movie_info_fetchers.composite - INFO - Got info for Haikyu!!: The Dumpster Battle using ElasticMovieInfoFetcher
2024-07-31 02:34:36,709 - seret.movie_info_fetchers.composite - INFO - Got info for גולסטאר הסרט: מרוסקים using ElasticMovieInfoFetcher
2024-07-31 02:34:36,714 - seret.movie_info_fetchers.composite - INFO - Got info for Golstar using ElasticMovieInfoFetcher
2024-07-31 02:34:38,679 - seret.movie_info_fetchers.composite - INFO - Got info for הפשע כולו שלי using ElasticMovieInfoFetcher
2024-07-31 02:34:39,528 - seret.movie_info_fetchers.composite - INFO - Got info for The Crime is Mine using ElasticMovieInfoFetcher
2024-07-31 02:34:41,378 - imdb_api - ERROR - id='tt27903484', movie='On the wandering paths'
Traceback (most recent call last):
  File "/home/runner/work/Movie-Time-Server/Movie-Time-Server/seret/movie_raters/imdb_api.py", line 67, in get_imdb_rating
    return info["aggregateRating"]['ratingValue']
           ~~~~^^^^^^^^^^^^^^^^^^^
KeyError: 'aggregateRating'
2024-07-31 02:34:41,378 - seret.movie_raters.composite - WARNING - Failed to get rating for On the wandering paths
2024-07-31 02:34:41,799 - seret.movie_raters.composite - WARNING - Failed to get rating for הדרכים הלא ידועות
2024-07-31 02:34:41,800 - seret.movie_info_fetchers.composite - INFO - Got info for הדרכים הלא ידועות using ElasticMovieInfoFetcher
2024-07-31 02:34:43,078 - imdb_api - ERROR - id='tt27903484', movie='On the wandering paths'
Traceback (most recent call last):
  File "/home/runner/work/Movie-Time-Server/Movie-Time-Server/seret/movie_raters/imdb_api.py", line 67, in get_imdb_rating
    return info["aggregateRating"]['ratingValue']
           ~~~~^^^^^^^^^^^^^^^^^^^
KeyError: 'aggregateRating'
2024-07-31 02:34:43,079 - seret.movie_raters.composite - WARNING - Failed to get rating for On the wandering paths
2024-07-31 02:34:43,108 - seret.movie_raters.composite - WARNING - Failed to get rating for הדרכים הלא ידועות
2024-07-31 02:34:43,108 - seret.movie_info_fetchers.composite - INFO - Got info for On the wondering paths using ElasticMovieInfoFetcher
2024-07-31 02:34:44,988 - seret.movie_info_fetchers.composite - INFO - Got info for טאטאמי using ElasticMovieInfoFetcher
2024-07-31 02:34:45,820 - seret.movie_info_fetchers.composite - INFO - Got info for Tatami using ElasticMovieInfoFetcher
2024-07-31 02:34:48,103 - imdb_api - ERROR - id='tt27518625', movie='Fallen Leaves'
Traceback (most recent call last):
  File "/home/runner/work/Movie-Time-Server/Movie-Time-Server/seret/movie_raters/imdb_api.py", line 67, in get_imdb_rating
    return info["aggregateRating"]['ratingValue']
           ~~~~^^^^^^^^^^^^^^^^^^^
KeyError: 'aggregateRating'
2024-07-31 02:34:48,103 - seret.movie_raters.composite - WARNING - Failed to get rating for Fallen Leaves
2024-07-31 02:34:48,307 - seret.movie_raters.composite - WARNING - Failed to get rating for עלי שלכת
2024-07-31 02:34:48,307 - seret.movie_info_fetchers.composite - INFO - Got info for עלי שלכת using ElasticMovieInfoFetcher
2024-07-31 02:34:49,258 - imdb_api - ERROR - id='tt27518625', movie='Fallen Leaves'
Traceback (most recent call last):
  File "/home/runner/work/Movie-Time-Server/Movie-Time-Server/seret/movie_raters/imdb_api.py", line 67, in get_imdb_rating
    return info["aggregateRating"]['ratingValue']
           ~~~~^^^^^^^^^^^^^^^^^^^
KeyError: 'aggregateRating'
2024-07-31 02:34:49,258 - seret.movie_raters.composite - WARNING - Failed to get rating for Fallen Leaves
2024-07-31 02:34:49,286 - seret.movie_raters.composite - WARNING - Failed to get rating for עלי שלכת
2024-07-31 02:34:49,287 - seret.movie_info_fetchers.composite - INFO - Got info for Fallen Leaves using ElasticMovieInfoFetcher
2024-07-31 02:34:50,735 - seret.movie_info_fetchers.composite - INFO - Got info for בחורים רעים: הכל או כלום using ElasticMovieInfoFetcher
2024-07-31 02:34:51,684 - seret.movie_info_fetchers.composite - INFO - Got info for Bad Boys: Ride or Die using ElasticMovieInfoFetcher
2024-07-31 02:34:53,479 - seret.movie_info_fetchers.composite - INFO - Got info for הקבלן using ElasticMovieInfoFetcher
2024-07-31 02:34:54,406 - seret.movie_info_fetchers.composite - INFO - Got info for The Bricklayer using ElasticMovieInfoFetcher
2024-07-31 02:34:55,365 - seret.movie_info_fetchers.composite - INFO - Got info for Longlegs using ElasticMovieInfoFetcher
2024-07-31 02:34:56,319 - seret.movie_info_fetchers.composite - INFO - Got info for טוויסטרס using ElasticMovieInfoFetcher
2024-07-31 02:34:56,325 - seret.movie_info_fetchers.composite - INFO - Got info for Twisters using ElasticMovieInfoFetcher
2024-07-31 02:34:56,332 - seret.movie_info_fetchers.composite - INFO - Got info for כיסופים using ElasticMovieInfoFetcher
2024-07-31 02:34:58,637 - seret.movie_info_fetchers.composite - INFO - Got info for Kisufim using ElasticMovieInfoFetcher
2024-07-31 02:35:00,446 - seret.movie_info_fetchers.composite - INFO - Got info for אנטומיה של נפילה using ElasticMovieInfoFetcher
2024-07-31 02:35:02,217 - seret.movie_info_fetchers.composite - INFO - Got info for Anatomy of a fall using ElasticMovieInfoFetcher
2024-07-31 02:35:03,647 - seret.movie_info_fetchers.composite - INFO - Got info for מקום שקט: היום הראשון using ElasticMovieInfoFetcher
2024-07-31 02:35:04,673 - seret.movie_info_fetchers.composite - INFO - Got info for A Quiet Place: Day One using ElasticMovieInfoFetcher
2024-07-31 02:35:05,571 - seret.movie_info_fetchers.composite - INFO - Got info for סיפור הברווזים using ElasticMovieInfoFetcher
2024-07-31 02:35:06,433 - seret.movie_info_fetchers.composite - INFO - Got info for Migration using ElasticMovieInfoFetcher
2024-07-31 02:35:07,922 - seret.movie_info_fetchers.composite - INFO - Got info for הם רואים הכל using ElasticMovieInfoFetcher
2024-07-31 02:35:07,932 - seret.movie_info_fetchers.composite - INFO - Got info for The Watchers using ElasticMovieInfoFetcher
2024-07-31 02:35:09,262 - seret.movie_info_fetchers.composite - INFO - Got info for הכלב והחתולה המרדף המטורף using ElasticMovieInfoFetcher
2024-07-31 02:35:09,271 - seret.movie_info_fetchers.composite - INFO - Got info for Cat and Dog using ElasticMovieInfoFetcher
2024-07-31 02:35:10,802 - seret.movie_info_fetchers.composite - INFO - Got info for צוות ג'ונגל מטריפים ת'עולם using ElasticMovieInfoFetcher
2024-07-31 02:35:12,556 - seret.movie_info_fetchers.composite - INFO - Got info for The Jungle Bunch 2 using ElasticMovieInfoFetcher
2024-07-31 02:35:13,740 - seret.movie_info_fetchers.composite - INFO - Got info for הם באים בלילה using ElasticMovieInfoFetcher
2024-07-31 02:35:14,551 - seret.movie_info_fetchers.composite - INFO - Got info for Arcadian using ElasticMovieInfoFetcher
2024-07-31 02:35:14,559 - seret.movie_info_fetchers.composite - INFO - Got info for גארפילד - הסרט using ElasticMovieInfoFetcher
2024-07-31 02:35:14,569 - seret.movie_info_fetchers.composite - INFO - Got info for The Garfield Movie using ElasticMovieInfoFetcher
2024-07-31 02:35:14,569 - seret.info_fetcher - ERROR - Failed to get info for The Garfield Movie and גארפילד - הסרט
2024-07-31 02:35:15,420 - seret.movie_info_fetchers.composite - INFO - Got info for דדפול & וולברין using ElasticMovieInfoFetcher
2024-07-31 02:35:16,177 - seret.movie_info_fetchers.composite - INFO - Got info for Deadpool & Wolverine using ElasticMovieInfoFetcher
2024-07-31 02:35:17,231 - seret.movie_info_fetchers.composite - INFO - Got info for Inside Out 2 using ElasticMovieInfoFetcher
2024-07-31 02:35:18,107 - seret.movie_info_fetchers.composite - INFO - Got info for התיבה של נח using ElasticMovieInfoFetcher
2024-07-31 02:35:18,115 - seret.movie_info_fetchers.composite - INFO - Got info for Noah's Ark using ElasticMovieInfoFetcher
2024-07-31 02:35:19,005 - seret.movie_info_fetchers.composite - INFO - Got info for Imaginary Friends (IF using ElasticMovieInfoFetcher
2024-07-31 02:35:19,717 - seret.movie_info_fetchers.composite - INFO - Got info for Mazal Hutula using ElasticMovieInfoFetcher
2024-07-31 02:35:21,278 - seret.movie_info_fetchers.composite - INFO - Got info for שלך או שלי using ElasticMovieInfoFetcher
2024-07-31 02:35:22,132 - seret.movie_info_fetchers.composite - INFO - Got info for Bad Newz using ElasticMovieInfoFetcher
2024-07-31 02:35:24,791 - seret.movie_info_fetchers.composite - INFO - Got info for אג'ומה using ElasticMovieInfoFetcher
2024-07-31 02:35:25,640 - seret.movie_info_fetchers.composite - INFO - Got info for Ajoomma using ElasticMovieInfoFetcher
2024-07-31 02:35:26,472 - seret.movie_info_fetchers.composite - INFO - Got info for DESPICABLE ME 4 using ElasticMovieInfoFetcher
2024-07-31 02:35:27,388 - seret.movie_info_fetchers.composite - INFO - Got info for TATAMI using ElasticMovieInfoFetcher
2024-07-31 02:35:29,124 - seret.movie_info_fetchers.composite - INFO - Got info for Les Choses Simples using ElasticMovieInfoFetcher
2024-07-31 02:35:30,468 - seret.movie_info_fetchers.composite - INFO - Got info for קונג פו פנדה 4 using ElasticMovieInfoFetcher
2024-07-31 02:35:31,564 - seret.movie_info_fetchers.composite - INFO - Got info for Kung Fu Panda 4 using ElasticMovieInfoFetcher
2024-07-31 02:35:32,560 - seret.movie_info_fetchers.composite - INFO - Got info for Fly me to the moon using ElasticMovieInfoFetcher
2024-07-31 02:35:33,433 - seret.movie_info_fetchers.composite - INFO - Got info for אי הפאפינים using ElasticMovieInfoFetcher
2024-07-31 02:35:34,188 - seret.movie_info_fetchers.composite - INFO - Got info for Puffin Rock and the New Friends using ElasticMovieInfoFetcher
2024-07-31 02:35:34,199 - seret.movie_info_fetchers.composite - INFO - Got info for THE GARFIELD MOVIE using ElasticMovieInfoFetcher
2024-07-31 02:35:35,110 - seret.movie_info_fetchers.composite - INFO - Got info for הכלב והחתולה - המרדף המטורף using ElasticMovieInfoFetcher
2024-07-31 02:35:35,118 - seret.movie_info_fetchers.composite - INFO - Got info for Cat & Dog using ElasticMovieInfoFetcher
2024-07-31 02:35:35,124 - seret.movie_info_fetchers.composite - INFO - Got info for Noah's Ark using ElasticMovieInfoFetcher
2024-07-31 02:35:36,072 - seret.movie_info_fetchers.composite - INFO - Got info for כוכב הקופים: ממלכה חדשה using ElasticMovieInfoFetcher
2024-07-31 02:35:37,011 - seret.movie_info_fetchers.composite - INFO - Got info for Kingdom of the Planet of the Apes using ElasticMovieInfoFetcher
2024-07-31 02:35:38,829 - seret.movie_info_fetchers.composite - INFO - Got info for Kissufim using ElasticMovieInfoFetcher
2024-07-31 02:35:40,834 - seret.movie_info_fetchers.composite - INFO - Got info for לאסי 2 - הרפתקה חדשה using ElasticMovieInfoFetcher
2024-07-31 02:35:41,695 - seret.movie_info_fetchers.composite - INFO - Got info for Lassie 2 - A New Adventure using ElasticMovieInfoFetcher
2024-07-31 02:35:43,456 - seret.movie_info_fetchers.composite - INFO - Got info for עיתונאית חוקרת using ElasticMovieInfoFetcher
2024-07-31 02:35:44,539 - seret.movie_info_fetchers.composite - INFO - Got info for The Good Mother using ElasticMovieInfoFetcher
2024-07-31 02:35:45,380 - seret.movie_info_fetchers.composite - INFO - Got info for Kong Fu Panda 4 using ElasticMovieInfoFetcher
2024-07-31 02:35:47,092 - seret.movie_info_fetchers.composite - INFO - Got info for שומרת הדרקונים using ElasticMovieInfoFetcher
2024-07-31 02:35:48,005 - seret.movie_info_fetchers.composite - INFO - Got info for Dragon Keeper using ElasticMovieInfoFetcher
2024-07-31 02:35:49,030 - seret.movie_info_fetchers.composite - INFO - Got info for שלך או שלי-סרט הודי using ElasticMovieInfoFetcher
2024-07-31 02:35:49,821 - seret.movie_info_fetchers.composite - INFO - Got info for Bad Newz using ElasticMovieInfoFetcher
2024-07-31 02:35:50,602 - seret.movie_info_fetchers.composite - INFO - Got info for גולסטאר הסרט - מרוסקים using ElasticMovieInfoFetcher
2024-07-31 02:35:50,607 - seret.movie_info_fetchers.composite - INFO - Got info for Golstar using ElasticMovieInfoFetcher
2024-07-31 02:35:50,611 - seret.movie_info_fetchers.composite - INFO - Got info for If using ElasticMovieInfoFetcher
2024-07-31 02:35:51,345 - seret.movie_info_fetchers.composite - INFO - Got info for Super Wings the Movie: Maximum Speed using ElasticMovieInfoFetcher
2024-07-31 02:35:53,553 - seret.movie_info_fetchers.composite - INFO - Got info for ДЭДПУЛ И РОСОМАХА using ElasticMovieInfoFetcher
2024-07-31 02:35:54,435 - seret.movie_info_fetchers.composite - INFO - Got info for אי הפאפינים - חברים חדשים using ElasticMovieInfoFetcher
2024-07-31 02:35:55,389 - seret.movie_info_fetchers.composite - INFO - Got info for Puffin Rock and the New Friends using ElasticMovieInfoFetcher
2024-07-31 02:35:56,350 - imdb_api - ERROR - id='tt1609486', movie='Harold and the Purple Crayon'
Traceback (most recent call last):
  File "/home/runner/work/Movie-Time-Server/Movie-Time-Server/seret/movie_raters/imdb_api.py", line 67, in get_imdb_rating
    return info["aggregateRating"]['ratingValue']
           ~~~~^^^^^^^^^^^^^^^^^^^
KeyError: 'aggregateRating'
2024-07-31 02:35:56,350 - seret.movie_raters.composite - WARNING - Failed to get rating for Harold and the Purple Crayon
2024-07-31 02:35:56,726 - seret.movie_raters.composite - WARNING - Failed to get rating for עיפרון הקסם
2024-07-31 02:35:56,726 - seret.movie_info_fetchers.composite - INFO - Got info for עיפרון הקסם using ElasticMovieInfoFetcher
2024-07-31 02:35:57,608 - imdb_api - ERROR - id='tt1609486', movie='Harold and the Purple Crayon'
Traceback (most recent call last):
  File "/home/runner/work/Movie-Time-Server/Movie-Time-Server/seret/movie_raters/imdb_api.py", line 67, in get_imdb_rating
    return info["aggregateRating"]['ratingValue']
           ~~~~^^^^^^^^^^^^^^^^^^^
KeyError: 'aggregateRating'
2024-07-31 02:35:57,608 - seret.movie_raters.composite - WARNING - Failed to get rating for Harold and the Purple Crayon
2024-07-31 02:35:57,640 - seret.movie_raters.composite - WARNING - Failed to get rating for עיפרון הקסם
2024-07-31 02:35:57,640 - seret.movie_info_fetchers.composite - INFO - Got info for Harold And The Purple Crayon using ElasticMovieInfoFetcher
2024-07-31 02:35:59,136 - seret.movie_info_fetchers.composite - INFO - Got info for אמילי והיגואר האחרון using ElasticMovieInfoFetcher
2024-07-31 02:36:00,298 - seret.movie_info_fetchers.composite - INFO - Got info for Autumn and the Black Jaguar using ElasticMovieInfoFetcher
2024-07-31 02:36:01,926 - seret.movie_info_fetchers.composite - INFO - Got info for החתול בעל 10 הנשמות using ElasticMovieInfoFetcher
2024-07-31 02:36:03,051 - seret.movie_info_fetchers.composite - INFO - Got info for 10 Lives using ElasticMovieInfoFetcher
2024-07-31 02:36:05,356 - seret.movie_info_fetchers.composite - INFO - Got info for הנזיר והרובה using ElasticMovieInfoFetcher
2024-07-31 02:36:06,204 - seret.movie_info_fetchers.composite - INFO - Got info for The Monk and the Gun using ElasticMovieInfoFetcher
2024-07-31 02:36:08,288 - seret.movie_info_fetchers.composite - INFO - Got info for הגיע הזמן using ElasticMovieInfoFetcher
2024-07-31 02:36:08,297 - seret.movie_info_fetchers.composite - INFO - Got info for The Present using ElasticMovieInfoFetcher
2024-07-31 02:36:10,155 - seret.movie_info_fetchers.composite - INFO - Got info for עוד משהו בקטנה using ElasticMovieInfoFetcher
2024-07-31 02:36:10,997 - seret.movie_info_fetchers.composite - INFO - Got info for A Little Something Extra using ElasticMovieInfoFetcher
2024-07-31 02:36:11,004 - seret.movie_info_fetchers.composite - INFO - Got info for הקיץ האחרון using ElasticMovieInfoFetcher
2024-07-31 02:36:12,541 - seret.movie_info_fetchers.composite - INFO - Got info for Last Summer using ElasticMovieInfoFetcher
2024-07-31 02:36:13,393 - seret.movie_info_fetchers.composite - INFO - Got info for טארוט using ElasticMovieInfoFetcher
2024-07-31 02:36:14,210 - seret.movie_info_fetchers.composite - INFO - Got info for Tarot using ElasticMovieInfoFetcher
2024-07-31 02:36:15,603 - seret.movie_info_fetchers.composite - INFO - Got info for דיבוק על הסט using ElasticMovieInfoFetcher
2024-07-31 02:36:16,332 - seret.movie_info_fetchers.composite - INFO - Got info for Exorcism using ElasticMovieInfoFetcher
2024-07-31 02:36:16,341 - seret.movie_info_fetchers.composite - INFO - Got info for THE PRESENT using ElasticMovieInfoFetcher
2024-07-31 02:36:17,280 - seret.movie_info_fetchers.composite - INFO - Got info for 10 lives using ElasticMovieInfoFetcher
2024-07-31 02:36:18,815 - seret.movie_info_fetchers.composite - INFO - Got info for Un p'tit truc en plus using ElasticMovieInfoFetcher
2024-07-31 02:36:20,338 - seret.movie_info_fetchers.composite - INFO - Got info for מופע הקיץ של משפחת ספיר using ElasticMovieInfoFetcher
2024-07-31 02:36:21,137 - seret.movie_info_fetchers.composite - INFO - Got info for 10 Lives Dubbed using ElasticMovieInfoFetcher
2024-07-31 02:36:21,949 - seret.movie_info_fetchers.composite - INFO - Got info for The Monk And The Gun using ElasticMovieInfoFetcher
2024-07-31 02:36:23,247 - seret.movie_info_fetchers.composite - INFO - Got info for Autumn and the Black Jaguar Dubbed using ElasticMovieInfoFetcher
2024-07-31 02:36:23,956 - seret.movie_info_fetchers.composite - INFO - Got info for Super Wings the movie: Maximum Speed Dubbed using ElasticMovieInfoFetcher
2024-07-31 02:36:25,232 - seret.movie_info_fetchers.composite - INFO - Got info for Despicable Me 4 Dubbed using ElasticMovieInfoFetcher
2024-07-31 02:36:26,220 - seret.movie_info_fetchers.composite - INFO - Got info for Inside out 2 Dubbed using ElasticMovieInfoFetcher
2024-07-31 02:36:27,476 - seret.movie_info_fetchers.composite - INFO - Got info for ימים מושלמים using ElasticMovieInfoFetcher
2024-07-31 02:36:27,486 - seret.movie_info_fetchers.composite - INFO - Got info for Perfect Days using ElasticMovieInfoFetcher
2024-07-31 02:36:29,177 - seret.movie_info_fetchers.composite - INFO - Got info for הרבי קפוארה + שיח יוצרים using ElasticMovieInfoFetcher
2024-07-31 02:36:31,449 - seret.movie_info_fetchers.composite - INFO - Got info for Capoeira Special Event using ElasticMovieInfoFetcher
2024-07-31 02:36:33,187 - seret.movie_info_fetchers.composite - INFO - Got info for מחר יום חדש + הרצאה using ElasticMovieInfoFetcher
2024-07-31 02:36:34,317 - seret.movie_info_fetchers.composite - INFO - Got info for There's Still Tomorrow using ElasticMovieInfoFetcher
2024-07-31 02:36:35,007 - imdb_api - ERROR - id='tt1609486', movie='Harold and the Purple Crayon'
Traceback (most recent call last):
  File "/home/runner/work/Movie-Time-Server/Movie-Time-Server/seret/movie_raters/imdb_api.py", line 67, in get_imdb_rating
    return info["aggregateRating"]['ratingValue']
           ~~~~^^^^^^^^^^^^^^^^^^^
KeyError: 'aggregateRating'
2024-07-31 02:36:35,007 - seret.movie_raters.composite - WARNING - Failed to get rating for Harold and the Purple Crayon
2024-07-31 02:36:35,012 - seret.movie_raters.composite - WARNING - Failed to get rating for עיפרון הקסם
2024-07-31 02:36:35,012 - seret.movie_info_fetchers.composite - INFO - Got info for HAROLD AND THE PURPLE CRAYON using ElasticMovieInfoFetcher
2024-07-31 02:36:35,758 - imdb_api - ERROR - id='tt1609486', movie='Harold and the Purple Crayon'
Traceback (most recent call last):
  File "/home/runner/work/Movie-Time-Server/Movie-Time-Server/seret/movie_raters/imdb_api.py", line 67, in get_imdb_rating
    return info["aggregateRating"]['ratingValue']
           ~~~~^^^^^^^^^^^^^^^^^^^
KeyError: 'aggregateRating'
2024-07-31 02:36:35,758 - seret.movie_raters.composite - WARNING - Failed to get rating for Harold and the Purple Crayon
2024-07-31 02:36:35,763 - seret.movie_raters.composite - WARNING - Failed to get rating for עיפרון הקסם
2024-07-31 02:36:35,763 - seret.movie_info_fetchers.composite - INFO - Got info for Harold and the Purple Crayon using ElasticMovieInfoFetcher
2024-07-31 02:36:36,525 - seret.movie_info_fetchers.composite - INFO - Got info for אמילי והיגואר האחרו using ElasticMovieInfoFetcher
2024-07-31 02:36:37,313 - seret.movie_info_fetchers.composite - INFO - Got info for Autumn and the Black Jaguar using ElasticMovieInfoFetcher
2024-07-31 02:36:38,222 - seret.movie_info_fetchers.composite - INFO - Got info for ЭЛЛА И ЧЁРНЫЙ ЯГУАР using ElasticMovieInfoFetcher
2024-07-31 02:36:38,232 - seret.movie_info_fetchers.composite - INFO - Got info for ГАДКИЙ Я 4 using ElasticMovieInfoFetcher
2024-07-31 02:36:40,296 - seret.movie_info_fetchers.composite - INFO - Got info for מונוגמיה + שיח יוצר using ElasticMovieInfoFetcher
2024-07-31 02:36:43,386 - seret.movie_info_fetchers.composite - INFO - Got info for Monogamia - Special Event using ElasticMovieInfoFetcher
2024-07-31 02:36:44,273 - seret.movie_info_fetchers.composite - INFO - Got info for ЭЛЛА И ЧЁРНЫЙ ЯГУАР using ElasticMovieInfoFetcher
2024-07-31 02:36:45,423 - seret.movie_info_fetchers.composite - INFO - Got info for Deadpool & Wolverine Rus using ElasticMovieInfoFetcher
2024-07-31 02:36:47,075 - seret.movie_info_fetchers.composite - INFO - Got info for על עשבים יבשים using ElasticMovieInfoFetcher
2024-07-31 02:36:48,453 - seret.movie_info_fetchers.composite - INFO - Got info for About Dry Grasses using ElasticMovieInfoFetcher
2024-07-31 02:36:49,781 - seret.movie_info_fetchers.composite - INFO - Got info for טיול שורשים using ElasticMovieInfoFetcher
2024-07-31 02:36:49,786 - seret.movie_info_fetchers.composite - INFO - Got info for Treasure using ElasticMovieInfoFetcher
2024-07-31 02:36:51,915 - seret.movie_info_fetchers.composite - INFO - Got info for 10 ЖИЗНЕЙ using ElasticMovieInfoFetcher
2024-07-31 02:36:51,925 - seret.movie_info_fetchers.composite - INFO - Got info for ГАДКИЙ Я 4 using ElasticMovieInfoFetcher
2024-07-31 02:36:53,395 - seret.movie_info_fetchers.composite - INFO - Got info for Despicable Me 4 using ElasticMovieInfoFetcher
2024-07-31 02:36:54,206 - imdb_api - ERROR - id='tt27903484', movie='On the wandering paths'
Traceback (most recent call last):
  File "/home/runner/work/Movie-Time-Server/Movie-Time-Server/seret/movie_raters/imdb_api.py", line 67, in get_imdb_rating
    return info["aggregateRating"]['ratingValue']
           ~~~~^^^^^^^^^^^^^^^^^^^
KeyError: 'aggregateRating'
2024-07-31 02:36:54,206 - seret.movie_raters.composite - WARNING - Failed to get rating for On the wandering paths
2024-07-31 02:36:54,211 - seret.movie_raters.composite - WARNING - Failed to get rating for הדרכים הלא ידועות
2024-07-31 02:36:54,211 - seret.movie_info_fetchers.composite - INFO - Got info for On the wandering paths using ElasticMovieInfoFetcher
2024-07-31 02:36:54,216 - seret.movie_info_fetchers.composite - INFO - Got info for מסיבסיטי using ElasticMovieInfoFetcher
2024-07-31 02:36:54,220 - seret.movie_info_fetchers.composite - INFO - Got info for MesibaCity using ElasticMovieInfoFetcher
2024-07-31 02:36:54,220 - seret.info_fetcher - ERROR - Failed to get info for MesibaCity and מסיבסיטי
2024-07-31 02:36:55,884 - seret.movie_info_fetchers.composite - INFO - Got info for הקומדי צחוק עם עופר ומאור using ElasticMovieInfoFetcher
2024-07-31 02:36:55,884 - seret.info_fetcher - ERROR - Failed to get info for None and הקומדי צחוק עם עופר ומאור
2024-07-31 02:36:57,699 - seret.movie_info_fetchers.composite - INFO - Got info for Moi Moche et Méchant 4 using ElasticMovieInfoFetcher
2024-07-31 02:36:57,699 - seret.info_fetcher - ERROR - Failed to get info for 4 movies: [{'date': '31-07-2024', 'cinema': 'יס פלאנט', 'location': 'ראשון לציון', 'district': 'גוש דן', 'title': 'הילד השישי', 'eng_title': 'The Sixth Child', 'type': '2D', 'time': '13:10', 'link': 'https://tickets3.planetcinema.co.il/site/1072?code=1072-46838&languageId=he-IL&saleChannelCode=web', 'coords': (31.9798, 34.7475), 'dubbed': False}, {'date': '31-07-2024', 'cinema': 'הוט סינמה', 'location': 'מודיעין', 'district': 'ירושלים', 'title': 'גארפילד - הסרט', 'eng_title': 'The Garfield Movie', 'type': '2D', 'time': '10:50', 'link': 'https://hotcinema.co.il/order?theaterId=1&eventId=22508&site=undefined', 'coords': (31.889, 34.9634), 'dubbed': True}, {'date': '03-08-2024', 'cinema': 'סינמה סיטי', 'location': 'ראשון לציון', 'district': 'גוש דן', 'title': 'מסיבסיטי', 'eng_title': 'MesibaCity', 'type': '2D', 'time': '09:30', 'link': 'https://tickets.cinema-city.co.il/order/459293', 'coords': (31.9833, 34.7711), 'dubbed': False}, {'date': '03-08-2024', 'cinema': 'סינמה סיטי', 'location': 'באר שבע', 'district': 'הדרום', 'title': 'העופר', 'eng_title': 'The Yearling', 'type': '2D', 'time': '11:00', 'link': 'https://tickets.cinema-city.co.il/order/462797', 'coords': (31.2341, 34.7994), 'dubbed': False}]
2024-07-31 02:36:57,905 - root - INFO - 9793
