2024-09-03 02:49:43,181 - root - INFO - ********************
2024-09-03 02:49:43,181 - root - INFO - started checking for:03-09-2024
2024-09-03 02:49:43,182 - cinemas.yes_planet - INFO - STARTED YES PLANET
2024-09-03 02:49:43,182 - cinemas.yes_planet - INFO - STARTED YES PLANET RISHON
2024-09-03 02:50:08,095 - cinemas.yes_planet - INFO - DONE YES PLANET RISHON
2024-09-03 02:50:08,095 - cinemas.yes_planet - INFO - STARTED YES PLANET AYALON
2024-09-03 02:50:10,751 - cinemas.yes_planet - INFO - DONE YES PLANET AYALON
2024-09-03 02:50:10,751 - cinemas.yes_planet - INFO - STARTED YES PLANET ZICHRON
2024-09-03 02:50:12,701 - cinemas.yes_planet - INFO - DONE YES PLANET ZICHRON
2024-09-03 02:50:12,701 - cinemas.yes_planet - INFO - STARTED YES PLANET HAIFA
2024-09-03 02:50:12,733 - root - ERROR - yes planet crashed
Traceback (most recent call last):
  File "/opt/hostedtoolcache/Python/3.11.9/x64/lib/python3.11/site-packages/requests/models.py", line 974, in json
    return complexjson.loads(self.text, **kwargs)
           ^^^^^^^^^^^^^^^^^^^^^^^^^^^^^^^^^^^^^^
  File "/opt/hostedtoolcache/Python/3.11.9/x64/lib/python3.11/json/__init__.py", line 346, in loads
    return _default_decoder.decode(s)
           ^^^^^^^^^^^^^^^^^^^^^^^^^^
  File "/opt/hostedtoolcache/Python/3.11.9/x64/lib/python3.11/json/decoder.py", line 337, in decode
    obj, end = self.raw_decode(s, idx=_w(s, 0).end())
               ^^^^^^^^^^^^^^^^^^^^^^^^^^^^^^^^^^^^^^
  File "/opt/hostedtoolcache/Python/3.11.9/x64/lib/python3.11/json/decoder.py", line 355, in raw_decode
    raise JSONDecodeError("Expecting value", s, err.value) from None
json.decoder.JSONDecodeError: Expecting value: line 1 column 1 (char 0)

During handling of the above exception, another exception occurred:

Traceback (most recent call last):
  File "/home/runner/work/Movie-Time-Server/Movie-Time-Server/main.py", line 56, in get_screenings_from_cinema
    return unsafe_get_screenings_from_cinema(get_screening, cinema, date, s)
           ^^^^^^^^^^^^^^^^^^^^^^^^^^^^^^^^^^^^^^^^^^^^^^^^^^^^^^^^^^^^^^^^^
  File "/opt/hostedtoolcache/Python/3.11.9/x64/lib/python3.11/site-packages/decorator.py", line 232, in fun
    return caller(func, *(extras + args), **kw)
           ^^^^^^^^^^^^^^^^^^^^^^^^^^^^^^^^^^^^
  File "/opt/hostedtoolcache/Python/3.11.9/x64/lib/python3.11/site-packages/retry/api.py", line 90, in retry_decorator
    return __retry_internal(partial(f, *args, **kwargs), exceptions, tries, delay, max_delay, backoff, jitter,
           ^^^^^^^^^^^^^^^^^^^^^^^^^^^^^^^^^^^^^^^^^^^^^^^^^^^^^^^^^^^^^^^^^^^^^^^^^^^^^^^^^^^^^^^^^^^^^^^^^^^
  File "/opt/hostedtoolcache/Python/3.11.9/x64/lib/python3.11/site-packages/retry/api.py", line 35, in __retry_internal
    return f()
           ^^^
  File "/home/runner/work/Movie-Time-Server/Movie-Time-Server/main.py", line 71, in unsafe_get_screenings_from_cinema
    screenings = get_screening(year, month, day, s)
                 ^^^^^^^^^^^^^^^^^^^^^^^^^^^^^^^^^^
  File "/home/runner/work/Movie-Time-Server/Movie-Time-Server/cinemas/yes_planet.py", line 132, in get_screenings
    screenings.extend(get_by_location(location, date, format_date, s))
                      ^^^^^^^^^^^^^^^^^^^^^^^^^^^^^^^^^^^^^^^^^^^^^^^
  File "/home/runner/work/Movie-Time-Server/Movie-Time-Server/cinemas/yes_planet.py", line 109, in get_by_location
    movies_data, events = prepare(location, date, s)
                          ^^^^^^^^^^^^^^^^^^^^^^^^^^
  File "/home/runner/work/Movie-Time-Server/Movie-Time-Server/cinemas/yes_planet.py", line 100, in prepare
    data = dict(res.json().get("body"))
                ^^^^^^^^^^
  File "/opt/hostedtoolcache/Python/3.11.9/x64/lib/python3.11/site-packages/requests/models.py", line 978, in json
    raise RequestsJSONDecodeError(e.msg, e.doc, e.pos)
requests.exceptions.JSONDecodeError: Expecting value: line 1 column 1 (char 0)
2024-09-03 02:50:12,768 - cinemas.rav_hen - INFO - STARTED RAV HEN
2024-09-03 02:50:12,768 - cinemas.rav_hen - INFO - STARTED RAV HEN GIVATAIM
2024-09-03 02:50:21,402 - cinemas.rav_hen - INFO - DONE RAV HEN GIVATAIM
2024-09-03 02:50:21,403 - cinemas.rav_hen - INFO - STARTED RAV HEN DIZINGOF
2024-09-03 02:50:21,893 - cinemas.rav_hen - INFO - DONE RAV HEN DIZINGOF
2024-09-03 02:50:21,894 - cinemas.rav_hen - INFO - STARTED RAV HEN MODIIN
2024-09-03 02:50:22,296 - cinemas.rav_hen - INFO - DONE RAV HEN MODIIN
2024-09-03 02:50:22,296 - cinemas.rav_hen - INFO - STARTED RAV HEN KIRYAT_ONO
2024-09-03 02:50:23,509 - cinemas.rav_hen - INFO - DONE RAV HEN KIRYAT_ONO
2024-09-03 02:50:23,509 - cinemas.rav_hen - INFO - DONE RAV HEN
2024-09-03 02:50:23,509 - cinemas.rav_hen - INFO - STARTED RAV HEN
2024-09-03 02:50:23,509 - cinemas.rav_hen - INFO - STARTED RAV HEN GIVATAIM
2024-09-03 02:50:23,532 - cinemas.rav_hen - INFO - DONE RAV HEN GIVATAIM
2024-09-03 02:50:23,533 - cinemas.rav_hen - INFO - STARTED RAV HEN DIZINGOF
2024-09-03 02:50:23,555 - cinemas.rav_hen - INFO - DONE RAV HEN DIZINGOF
2024-09-03 02:50:23,555 - cinemas.rav_hen - INFO - STARTED RAV HEN MODIIN
2024-09-03 02:50:23,583 - cinemas.rav_hen - INFO - DONE RAV HEN MODIIN
2024-09-03 02:50:23,583 - cinemas.rav_hen - INFO - STARTED RAV HEN KIRYAT_ONO
2024-09-03 02:50:23,609 - cinemas.rav_hen - INFO - DONE RAV HEN KIRYAT_ONO
2024-09-03 02:50:23,609 - cinemas.rav_hen - INFO - DONE RAV HEN
2024-09-03 02:50:23,609 - cinemas.hot_cinema - INFO - STARTED HOT CINEMA
2024-09-03 02:50:23,609 - cinemas.hot_cinema - INFO - STARTED HOT CINEMA MODIIN
2024-09-03 02:50:38,920 - cinemas.hot_cinema - INFO - DONE HOT CINEMA MODIIN
2024-09-03 02:50:38,920 - cinemas.hot_cinema - INFO - STARTED HOT CINEMA KIRYON
2024-09-03 02:50:43,816 - cinemas.hot_cinema - INFO - DONE HOT CINEMA KIRYON
2024-09-03 02:50:43,816 - cinemas.hot_cinema - INFO - STARTED HOT CINEMA KFAR_SABBA
2024-09-03 02:50:45,048 - cinemas.hot_cinema - INFO - DONE HOT CINEMA KFAR_SABBA
2024-09-03 02:50:45,048 - cinemas.hot_cinema - INFO - STARTED HOT CINEMA HAIFA
2024-09-03 02:50:45,719 - cinemas.hot_cinema - INFO - DONE HOT CINEMA HAIFA
2024-09-03 02:50:45,720 - cinemas.hot_cinema - INFO - STARTED HOT CINEMA PETACH_TIKVA
2024-09-03 02:50:46,461 - cinemas.hot_cinema - INFO - DONE HOT CINEMA PETACH_TIKVA
2024-09-03 02:50:46,461 - cinemas.hot_cinema - INFO - STARTED HOT CINEMA RECHOVOT
2024-09-03 02:50:47,138 - cinemas.hot_cinema - INFO - DONE HOT CINEMA RECHOVOT
2024-09-03 02:50:47,138 - cinemas.hot_cinema - INFO - STARTED HOT CINEMA ASHKELON
2024-09-03 02:50:48,324 - cinemas.hot_cinema - INFO - DONE HOT CINEMA ASHKELON
2024-09-03 02:50:48,324 - cinemas.hot_cinema - INFO - STARTED HOT CINEMA KARMIEL
2024-09-03 02:50:49,008 - cinemas.hot_cinema - INFO - DONE HOT CINEMA KARMIEL
2024-09-03 02:50:49,009 - cinemas.hot_cinema - INFO - STARTED HOT CINEMA NAHARIA
2024-09-03 02:50:49,161 - cinemas.hot_cinema - INFO - DONE HOT CINEMA NAHARIA
2024-09-03 02:50:49,161 - cinemas.hot_cinema - INFO - STARTED HOT CINEMA ASHDOD
2024-09-03 02:50:49,314 - cinemas.hot_cinema - INFO - DONE HOT CINEMA ASHDOD
2024-09-03 02:50:49,314 - cinemas.hot_cinema - INFO - DONE HOT CINEMA
2024-09-03 02:50:49,314 - cinemas.hot_cinema - INFO - STARTED HOT CINEMA
2024-09-03 02:50:49,314 - cinemas.hot_cinema - INFO - STARTED HOT CINEMA MODIIN
2024-09-03 02:50:49,468 - cinemas.hot_cinema - INFO - DONE HOT CINEMA MODIIN
2024-09-03 02:50:49,468 - cinemas.hot_cinema - INFO - STARTED HOT CINEMA KIRYON
2024-09-03 02:50:49,625 - cinemas.hot_cinema - INFO - DONE HOT CINEMA KIRYON
2024-09-03 02:50:49,625 - cinemas.hot_cinema - INFO - STARTED HOT CINEMA KFAR_SABBA
2024-09-03 02:50:49,781 - cinemas.hot_cinema - INFO - DONE HOT CINEMA KFAR_SABBA
2024-09-03 02:50:49,781 - cinemas.hot_cinema - INFO - STARTED HOT CINEMA HAIFA
2024-09-03 02:50:49,937 - cinemas.hot_cinema - INFO - DONE HOT CINEMA HAIFA
2024-09-03 02:50:49,937 - cinemas.hot_cinema - INFO - STARTED HOT CINEMA PETACH_TIKVA
2024-09-03 02:50:50,092 - cinemas.hot_cinema - INFO - DONE HOT CINEMA PETACH_TIKVA
2024-09-03 02:50:50,092 - cinemas.hot_cinema - INFO - STARTED HOT CINEMA RECHOVOT
2024-09-03 02:50:50,248 - cinemas.hot_cinema - INFO - DONE HOT CINEMA RECHOVOT
2024-09-03 02:50:50,248 - cinemas.hot_cinema - INFO - STARTED HOT CINEMA ASHKELON
2024-09-03 02:50:50,401 - cinemas.hot_cinema - INFO - DONE HOT CINEMA ASHKELON
2024-09-03 02:50:50,401 - cinemas.hot_cinema - INFO - STARTED HOT CINEMA KARMIEL
2024-09-03 02:50:50,553 - cinemas.hot_cinema - INFO - DONE HOT CINEMA KARMIEL
2024-09-03 02:50:50,554 - cinemas.hot_cinema - INFO - STARTED HOT CINEMA NAHARIA
2024-09-03 02:50:50,705 - cinemas.hot_cinema - INFO - DONE HOT CINEMA NAHARIA
2024-09-03 02:50:50,705 - cinemas.hot_cinema - INFO - STARTED HOT CINEMA ASHDOD
2024-09-03 02:50:50,858 - cinemas.hot_cinema - INFO - DONE HOT CINEMA ASHDOD
2024-09-03 02:50:50,858 - cinemas.hot_cinema - INFO - DONE HOT CINEMA
2024-09-03 02:50:50,858 - cinemas.cinema_city - INFO - STARTED CINEMA CITY
2024-09-03 02:50:50,858 - cinemas.cinema_city - INFO - STARTED CINEMA CITY GLILOT
2024-09-03 02:51:09,946 - cinemas.cinema_city - INFO - DONE CINEMA CITY GLILOT
2024-09-03 02:51:09,946 - cinemas.cinema_city - INFO - STARTED CINEMA CITY RISHON
2024-09-03 02:51:12,649 - cinemas.cinema_city - INFO - DONE CINEMA CITY RISHON
2024-09-03 02:51:12,649 - cinemas.cinema_city - INFO - STARTED CINEMA CITY JERUSALEM
2024-09-03 02:51:14,037 - cinemas.cinema_city - INFO - DONE CINEMA CITY JERUSALEM
2024-09-03 02:51:14,037 - cinemas.cinema_city - INFO - STARTED CINEMA CITY KFAR_SABBA
2024-09-03 02:51:15,043 - cinemas.cinema_city - INFO - DONE CINEMA CITY KFAR_SABBA
2024-09-03 02:51:15,043 - cinemas.cinema_city - INFO - STARTED CINEMA CITY NATANIA
2024-09-03 02:51:17,212 - cinemas.cinema_city - INFO - DONE CINEMA CITY NATANIA
2024-09-03 02:51:17,212 - cinemas.cinema_city - INFO - STARTED CINEMA CITY BEER_SHEVA
2024-09-03 02:51:17,912 - cinemas.cinema_city - INFO - DONE CINEMA CITY BEER_SHEVA
2024-09-03 02:51:17,912 - cinemas.cinema_city - INFO - STARTED CINEMA CITY HADERA
2024-09-03 02:51:18,410 - cinemas.cinema_city - INFO - DONE CINEMA CITY HADERA
2024-09-03 02:51:18,410 - cinemas.cinema_city - INFO - STARTED CINEMA CITY ASHDOD
2024-09-03 02:51:19,217 - cinemas.cinema_city - INFO - DONE CINEMA CITY ASHDOD
2024-09-03 02:51:19,217 - cinemas.cinema_city - INFO - DONE CINEMA CITY
2024-09-03 02:51:19,217 - cinemas.cinema_city - INFO - STARTED CINEMA CITY
2024-09-03 02:51:19,217 - cinemas.cinema_city - INFO - STARTED CINEMA CITY GLILOT
2024-09-03 02:51:19,813 - cinemas.cinema_city - INFO - DONE CINEMA CITY GLILOT
2024-09-03 02:51:19,813 - cinemas.cinema_city - INFO - STARTED CINEMA CITY RISHON
2024-09-03 02:51:20,292 - cinemas.cinema_city - INFO - DONE CINEMA CITY RISHON
2024-09-03 02:51:20,292 - cinemas.cinema_city - INFO - STARTED CINEMA CITY JERUSALEM
2024-09-03 02:51:20,758 - cinemas.cinema_city - INFO - DONE CINEMA CITY JERUSALEM
2024-09-03 02:51:20,758 - cinemas.cinema_city - INFO - STARTED CINEMA CITY KFAR_SABBA
2024-09-03 02:51:21,230 - cinemas.cinema_city - INFO - DONE CINEMA CITY KFAR_SABBA
2024-09-03 02:51:21,231 - cinemas.cinema_city - INFO - STARTED CINEMA CITY NATANIA
2024-09-03 02:51:21,694 - cinemas.cinema_city - INFO - DONE CINEMA CITY NATANIA
2024-09-03 02:51:21,694 - cinemas.cinema_city - INFO - STARTED CINEMA CITY BEER_SHEVA
2024-09-03 02:51:22,288 - cinemas.cinema_city - INFO - DONE CINEMA CITY BEER_SHEVA
2024-09-03 02:51:22,288 - cinemas.cinema_city - INFO - STARTED CINEMA CITY HADERA
2024-09-03 02:51:22,756 - cinemas.cinema_city - INFO - DONE CINEMA CITY HADERA
2024-09-03 02:51:22,757 - cinemas.cinema_city - INFO - STARTED CINEMA CITY ASHDOD
2024-09-03 02:51:23,525 - cinemas.cinema_city - INFO - DONE CINEMA CITY ASHDOD
2024-09-03 02:51:23,526 - cinemas.cinema_city - INFO - DONE CINEMA CITY
2024-09-03 02:51:23,526 - cinemas.lev - INFO - STARTED LEV
2024-09-03 02:51:25,128 - proxy - INFO - Proxy: {'YourFuckingIPAddress': '45.150.108.127', 'YourFuckingLocation': 'Israel', 'YourFuckingHostname': '45.150.108.127', 'YourFuckingISP': 'BlueVPS OU', 'YourFuckingTorExit': False, 'YourFuckingCity': '', 'YourFuckingCountry': 'Israel', 'YourFuckingCountryCode': 'IL'}
2024-09-03 02:51:25,128 - cinemas.lev - INFO - STARTED LEV TEL_AVIV
2024-09-03 02:51:26,464 - cinemas.lev - INFO - DONE LEV TEL_AVIV
2024-09-03 02:51:26,464 - cinemas.lev - INFO - STARTED LEV RAMAT_HASHARON
2024-09-03 02:51:26,785 - cinemas.lev - INFO - DONE LEV RAMAT_HASHARON
2024-09-03 02:51:26,785 - cinemas.lev - INFO - STARTED LEV MANDARIN
2024-09-03 02:51:27,008 - cinemas.lev - INFO - DONE LEV MANDARIN
2024-09-03 02:51:27,008 - cinemas.lev - INFO - STARTED LEV EVEN_YEHUDA
2024-09-03 02:51:27,288 - cinemas.lev - INFO - DONE LEV EVEN_YEHUDA
2024-09-03 02:51:27,288 - cinemas.lev - INFO - STARTED LEV SMADAR
2024-09-03 02:51:27,641 - cinemas.lev - INFO - DONE LEV SMADAR
2024-09-03 02:51:27,641 - cinemas.lev - INFO - STARTED LEV RAANANA
2024-09-03 02:51:27,979 - cinemas.lev - INFO - DONE LEV RAANANA
2024-09-03 02:51:27,979 - cinemas.lev - INFO - STARTED LEV OMER
2024-09-03 02:51:28,334 - cinemas.lev - INFO - DONE LEV OMER
2024-09-03 02:51:28,334 - cinemas.lev - INFO - STARTED LEV SHOHAM
2024-09-03 02:51:28,652 - cinemas.lev - INFO - DONE LEV SHOHAM
2024-09-03 02:51:28,653 - cinemas.lev - INFO - STARTED LEV DANIEL
2024-09-03 02:51:28,963 - cinemas.lev - INFO - DONE LEV DANIEL
2024-09-03 02:51:28,963 - proxy - INFO - Proxy removed
2024-09-03 02:51:28,963 - cinemas.lev - INFO - DONE LEV
2024-09-03 02:51:28,963 - cinemas.lev - INFO - STARTED LEV
2024-09-03 02:51:29,340 - proxy - INFO - Proxy: {'YourFuckingIPAddress': '45.150.108.127', 'YourFuckingLocation': 'Israel', 'YourFuckingHostname': '45.150.108.127', 'YourFuckingISP': 'BlueVPS OU', 'YourFuckingTorExit': False, 'YourFuckingCity': '', 'YourFuckingCountry': 'Israel', 'YourFuckingCountryCode': 'IL'}
2024-09-03 02:51:29,340 - cinemas.lev - INFO - STARTED LEV TEL_AVIV
2024-09-03 02:51:29,747 - cinemas.lev - INFO - DONE LEV TEL_AVIV
2024-09-03 02:51:29,747 - cinemas.lev - INFO - STARTED LEV RAMAT_HASHARON
2024-09-03 02:51:30,228 - cinemas.lev - INFO - DONE LEV RAMAT_HASHARON
2024-09-03 02:51:30,229 - cinemas.lev - INFO - STARTED LEV MANDARIN
2024-09-03 02:51:30,491 - cinemas.lev - INFO - DONE LEV MANDARIN
2024-09-03 02:51:30,491 - cinemas.lev - INFO - STARTED LEV EVEN_YEHUDA
2024-09-03 02:51:30,743 - cinemas.lev - INFO - DONE LEV EVEN_YEHUDA
2024-09-03 02:51:30,743 - cinemas.lev - INFO - STARTED LEV SMADAR
2024-09-03 02:51:31,116 - cinemas.lev - INFO - DONE LEV SMADAR
2024-09-03 02:51:31,116 - cinemas.lev - INFO - STARTED LEV RAANANA
2024-09-03 02:51:31,381 - cinemas.lev - INFO - DONE LEV RAANANA
2024-09-03 02:51:31,382 - cinemas.lev - INFO - STARTED LEV OMER
2024-09-03 02:51:31,776 - cinemas.lev - INFO - DONE LEV OMER
2024-09-03 02:51:31,776 - cinemas.lev - INFO - STARTED LEV SHOHAM
2024-09-03 02:51:32,128 - cinemas.lev - INFO - DONE LEV SHOHAM
2024-09-03 02:51:32,128 - cinemas.lev - INFO - STARTED LEV DANIEL
2024-09-03 02:51:32,439 - cinemas.lev - INFO - DONE LEV DANIEL
2024-09-03 02:51:32,439 - proxy - INFO - Proxy removed
2024-09-03 02:51:32,440 - cinemas.lev - INFO - DONE LEV
2024-09-03 02:51:32,440 - cinemas.movieland - INFO - STARTED Movie Land
2024-09-03 02:51:32,440 - cinemas.movieland - INFO - STARTED Movie Land CARMIEL
2024-09-03 02:51:38,524 - cinemas.movieland - INFO - DONE Movie Land CARMIEL
2024-09-03 02:51:38,524 - cinemas.movieland - INFO - STARTED Movie Land HAIFA
2024-09-03 02:51:38,930 - cinemas.movieland - INFO - DONE Movie Land HAIFA
2024-09-03 02:51:38,930 - cinemas.movieland - INFO - STARTED Movie Land NATANYA
2024-09-03 02:51:39,747 - cinemas.movieland - INFO - DONE Movie Land NATANYA
2024-09-03 02:51:39,747 - cinemas.movieland - INFO - DONE Movie Land
2024-09-03 02:51:39,747 - cinemas.movieland - INFO - STARTED Movie Land
2024-09-03 02:51:39,748 - cinemas.movieland - INFO - STARTED Movie Land CARMIEL
2024-09-03 02:51:39,748 - cinemas.movieland - INFO - DONE Movie Land CARMIEL
2024-09-03 02:51:39,748 - cinemas.movieland - INFO - STARTED Movie Land HAIFA
2024-09-03 02:51:39,749 - cinemas.movieland - INFO - DONE Movie Land HAIFA
2024-09-03 02:51:39,749 - cinemas.movieland - INFO - STARTED Movie Land NATANYA
2024-09-03 02:51:39,750 - cinemas.movieland - INFO - DONE Movie Land NATANYA
2024-09-03 02:51:39,750 - cinemas.movieland - INFO - DONE Movie Land
2024-09-03 02:51:39,750 - root - INFO - ********************
2024-09-03 02:51:39,750 - root - INFO - started checking for:04-09-2024
2024-09-03 02:51:39,750 - cinemas.yes_planet - INFO - STARTED YES PLANET
2024-09-03 02:51:39,750 - cinemas.yes_planet - INFO - STARTED YES PLANET RISHON
2024-09-03 02:51:39,797 - root - ERROR - yes planet crashed
Traceback (most recent call last):
  File "/opt/hostedtoolcache/Python/3.11.9/x64/lib/python3.11/site-packages/requests/models.py", line 974, in json
    return complexjson.loads(self.text, **kwargs)
           ^^^^^^^^^^^^^^^^^^^^^^^^^^^^^^^^^^^^^^
  File "/opt/hostedtoolcache/Python/3.11.9/x64/lib/python3.11/json/__init__.py", line 346, in loads
    return _default_decoder.decode(s)
           ^^^^^^^^^^^^^^^^^^^^^^^^^^
  File "/opt/hostedtoolcache/Python/3.11.9/x64/lib/python3.11/json/decoder.py", line 337, in decode
    obj, end = self.raw_decode(s, idx=_w(s, 0).end())
               ^^^^^^^^^^^^^^^^^^^^^^^^^^^^^^^^^^^^^^
  File "/opt/hostedtoolcache/Python/3.11.9/x64/lib/python3.11/json/decoder.py", line 355, in raw_decode
    raise JSONDecodeError("Expecting value", s, err.value) from None
json.decoder.JSONDecodeError: Expecting value: line 1 column 1 (char 0)

During handling of the above exception, another exception occurred:

Traceback (most recent call last):
  File "/home/runner/work/Movie-Time-Server/Movie-Time-Server/main.py", line 56, in get_screenings_from_cinema
    return unsafe_get_screenings_from_cinema(get_screening, cinema, date, s)
           ^^^^^^^^^^^^^^^^^^^^^^^^^^^^^^^^^^^^^^^^^^^^^^^^^^^^^^^^^^^^^^^^^
  File "/opt/hostedtoolcache/Python/3.11.9/x64/lib/python3.11/site-packages/decorator.py", line 232, in fun
    return caller(func, *(extras + args), **kw)
           ^^^^^^^^^^^^^^^^^^^^^^^^^^^^^^^^^^^^
  File "/opt/hostedtoolcache/Python/3.11.9/x64/lib/python3.11/site-packages/retry/api.py", line 90, in retry_decorator
    return __retry_internal(partial(f, *args, **kwargs), exceptions, tries, delay, max_delay, backoff, jitter,
           ^^^^^^^^^^^^^^^^^^^^^^^^^^^^^^^^^^^^^^^^^^^^^^^^^^^^^^^^^^^^^^^^^^^^^^^^^^^^^^^^^^^^^^^^^^^^^^^^^^^
  File "/opt/hostedtoolcache/Python/3.11.9/x64/lib/python3.11/site-packages/retry/api.py", line 35, in __retry_internal
    return f()
           ^^^
  File "/home/runner/work/Movie-Time-Server/Movie-Time-Server/main.py", line 71, in unsafe_get_screenings_from_cinema
    screenings = get_screening(year, month, day, s)
                 ^^^^^^^^^^^^^^^^^^^^^^^^^^^^^^^^^^
  File "/home/runner/work/Movie-Time-Server/Movie-Time-Server/cinemas/yes_planet.py", line 132, in get_screenings
    screenings.extend(get_by_location(location, date, format_date, s))
                      ^^^^^^^^^^^^^^^^^^^^^^^^^^^^^^^^^^^^^^^^^^^^^^^
  File "/home/runner/work/Movie-Time-Server/Movie-Time-Server/cinemas/yes_planet.py", line 109, in get_by_location
    movies_data, events = prepare(location, date, s)
                          ^^^^^^^^^^^^^^^^^^^^^^^^^^
  File "/home/runner/work/Movie-Time-Server/Movie-Time-Server/cinemas/yes_planet.py", line 100, in prepare
    data = dict(res.json().get("body"))
                ^^^^^^^^^^
  File "/opt/hostedtoolcache/Python/3.11.9/x64/lib/python3.11/site-packages/requests/models.py", line 978, in json
    raise RequestsJSONDecodeError(e.msg, e.doc, e.pos)
requests.exceptions.JSONDecodeError: Expecting value: line 1 column 1 (char 0)
2024-09-03 02:51:39,798 - cinemas.rav_hen - INFO - STARTED RAV HEN
2024-09-03 02:51:39,798 - cinemas.rav_hen - INFO - STARTED RAV HEN GIVATAIM
2024-09-03 02:51:40,370 - cinemas.rav_hen - INFO - DONE RAV HEN GIVATAIM
2024-09-03 02:51:40,370 - cinemas.rav_hen - INFO - STARTED RAV HEN DIZINGOF
2024-09-03 02:51:40,907 - cinemas.rav_hen - INFO - DONE RAV HEN DIZINGOF
2024-09-03 02:51:40,907 - cinemas.rav_hen - INFO - STARTED RAV HEN MODIIN
2024-09-03 02:51:41,441 - cinemas.rav_hen - INFO - DONE RAV HEN MODIIN
2024-09-03 02:51:41,441 - cinemas.rav_hen - INFO - STARTED RAV HEN KIRYAT_ONO
2024-09-03 02:51:41,999 - cinemas.rav_hen - INFO - DONE RAV HEN KIRYAT_ONO
2024-09-03 02:51:41,999 - cinemas.rav_hen - INFO - DONE RAV HEN
2024-09-03 02:51:41,999 - cinemas.rav_hen - INFO - STARTED RAV HEN
2024-09-03 02:51:41,999 - cinemas.rav_hen - INFO - STARTED RAV HEN GIVATAIM
2024-09-03 02:51:42,021 - cinemas.rav_hen - INFO - DONE RAV HEN GIVATAIM
2024-09-03 02:51:42,021 - cinemas.rav_hen - INFO - STARTED RAV HEN DIZINGOF
2024-09-03 02:51:42,044 - cinemas.rav_hen - INFO - DONE RAV HEN DIZINGOF
2024-09-03 02:51:42,045 - cinemas.rav_hen - INFO - STARTED RAV HEN MODIIN
2024-09-03 02:51:42,069 - cinemas.rav_hen - INFO - DONE RAV HEN MODIIN
2024-09-03 02:51:42,069 - cinemas.rav_hen - INFO - STARTED RAV HEN KIRYAT_ONO
2024-09-03 02:51:42,091 - cinemas.rav_hen - INFO - DONE RAV HEN KIRYAT_ONO
2024-09-03 02:51:42,091 - cinemas.rav_hen - INFO - DONE RAV HEN
2024-09-03 02:51:42,091 - cinemas.hot_cinema - INFO - STARTED HOT CINEMA
2024-09-03 02:51:42,091 - cinemas.hot_cinema - INFO - STARTED HOT CINEMA MODIIN
2024-09-03 02:51:43,282 - cinemas.hot_cinema - INFO - DONE HOT CINEMA MODIIN
2024-09-03 02:51:43,282 - cinemas.hot_cinema - INFO - STARTED HOT CINEMA KIRYON
2024-09-03 02:51:44,475 - cinemas.hot_cinema - INFO - DONE HOT CINEMA KIRYON
2024-09-03 02:51:44,476 - cinemas.hot_cinema - INFO - STARTED HOT CINEMA KFAR_SABBA
2024-09-03 02:51:44,629 - cinemas.hot_cinema - INFO - DONE HOT CINEMA KFAR_SABBA
2024-09-03 02:51:44,629 - cinemas.hot_cinema - INFO - STARTED HOT CINEMA HAIFA
2024-09-03 02:51:44,784 - cinemas.hot_cinema - INFO - DONE HOT CINEMA HAIFA
2024-09-03 02:51:44,784 - cinemas.hot_cinema - INFO - STARTED HOT CINEMA PETACH_TIKVA
2024-09-03 02:51:45,456 - cinemas.hot_cinema - INFO - DONE HOT CINEMA PETACH_TIKVA
2024-09-03 02:51:45,456 - cinemas.hot_cinema - INFO - STARTED HOT CINEMA RECHOVOT
2024-09-03 02:51:46,131 - cinemas.hot_cinema - INFO - DONE HOT CINEMA RECHOVOT
2024-09-03 02:51:46,131 - cinemas.hot_cinema - INFO - STARTED HOT CINEMA ASHKELON
2024-09-03 02:51:46,284 - cinemas.hot_cinema - INFO - DONE HOT CINEMA ASHKELON
2024-09-03 02:51:46,284 - cinemas.hot_cinema - INFO - STARTED HOT CINEMA KARMIEL
2024-09-03 02:51:46,438 - cinemas.hot_cinema - INFO - DONE HOT CINEMA KARMIEL
2024-09-03 02:51:46,438 - cinemas.hot_cinema - INFO - STARTED HOT CINEMA NAHARIA
2024-09-03 02:51:46,589 - cinemas.hot_cinema - INFO - DONE HOT CINEMA NAHARIA
2024-09-03 02:51:46,589 - cinemas.hot_cinema - INFO - STARTED HOT CINEMA ASHDOD
2024-09-03 02:51:46,741 - cinemas.hot_cinema - INFO - DONE HOT CINEMA ASHDOD
2024-09-03 02:51:46,741 - cinemas.hot_cinema - INFO - DONE HOT CINEMA
2024-09-03 02:51:46,741 - cinemas.hot_cinema - INFO - STARTED HOT CINEMA
2024-09-03 02:51:46,742 - cinemas.hot_cinema - INFO - STARTED HOT CINEMA MODIIN
2024-09-03 02:51:46,894 - cinemas.hot_cinema - INFO - DONE HOT CINEMA MODIIN
2024-09-03 02:51:46,894 - cinemas.hot_cinema - INFO - STARTED HOT CINEMA KIRYON
2024-09-03 02:51:47,049 - cinemas.hot_cinema - INFO - DONE HOT CINEMA KIRYON
2024-09-03 02:51:47,049 - cinemas.hot_cinema - INFO - STARTED HOT CINEMA KFAR_SABBA
2024-09-03 02:51:47,203 - cinemas.hot_cinema - INFO - DONE HOT CINEMA KFAR_SABBA
2024-09-03 02:51:47,203 - cinemas.hot_cinema - INFO - STARTED HOT CINEMA HAIFA
2024-09-03 02:51:47,364 - cinemas.hot_cinema - INFO - DONE HOT CINEMA HAIFA
2024-09-03 02:51:47,364 - cinemas.hot_cinema - INFO - STARTED HOT CINEMA PETACH_TIKVA
2024-09-03 02:51:47,527 - cinemas.hot_cinema - INFO - DONE HOT CINEMA PETACH_TIKVA
2024-09-03 02:51:47,527 - cinemas.hot_cinema - INFO - STARTED HOT CINEMA RECHOVOT
2024-09-03 02:51:47,683 - cinemas.hot_cinema - INFO - DONE HOT CINEMA RECHOVOT
2024-09-03 02:51:47,683 - cinemas.hot_cinema - INFO - STARTED HOT CINEMA ASHKELON
2024-09-03 02:51:47,836 - cinemas.hot_cinema - INFO - DONE HOT CINEMA ASHKELON
2024-09-03 02:51:47,837 - cinemas.hot_cinema - INFO - STARTED HOT CINEMA KARMIEL
2024-09-03 02:51:47,989 - cinemas.hot_cinema - INFO - DONE HOT CINEMA KARMIEL
2024-09-03 02:51:47,989 - cinemas.hot_cinema - INFO - STARTED HOT CINEMA NAHARIA
2024-09-03 02:51:48,141 - cinemas.hot_cinema - INFO - DONE HOT CINEMA NAHARIA
2024-09-03 02:51:48,142 - cinemas.hot_cinema - INFO - STARTED HOT CINEMA ASHDOD
2024-09-03 02:51:48,294 - cinemas.hot_cinema - INFO - DONE HOT CINEMA ASHDOD
2024-09-03 02:51:48,294 - cinemas.hot_cinema - INFO - DONE HOT CINEMA
2024-09-03 02:51:48,294 - cinemas.cinema_city - INFO - STARTED CINEMA CITY
2024-09-03 02:51:48,295 - cinemas.cinema_city - INFO - STARTED CINEMA CITY GLILOT
2024-09-03 02:51:50,998 - cinemas.cinema_city - INFO - DONE CINEMA CITY GLILOT
2024-09-03 02:51:50,998 - cinemas.cinema_city - INFO - STARTED CINEMA CITY RISHON
2024-09-03 02:51:51,665 - cinemas.cinema_city - INFO - DONE CINEMA CITY RISHON
2024-09-03 02:51:51,665 - cinemas.cinema_city - INFO - STARTED CINEMA CITY JERUSALEM
2024-09-03 02:51:52,143 - cinemas.cinema_city - INFO - DONE CINEMA CITY JERUSALEM
2024-09-03 02:51:52,143 - cinemas.cinema_city - INFO - STARTED CINEMA CITY KFAR_SABBA
2024-09-03 02:51:52,749 - cinemas.cinema_city - INFO - DONE CINEMA CITY KFAR_SABBA
2024-09-03 02:51:52,749 - cinemas.cinema_city - INFO - STARTED CINEMA CITY NATANIA
2024-09-03 02:51:53,745 - cinemas.cinema_city - INFO - DONE CINEMA CITY NATANIA
2024-09-03 02:51:53,746 - cinemas.cinema_city - INFO - STARTED CINEMA CITY BEER_SHEVA
2024-09-03 02:51:54,211 - cinemas.cinema_city - INFO - DONE CINEMA CITY BEER_SHEVA
2024-09-03 02:51:54,211 - cinemas.cinema_city - INFO - STARTED CINEMA CITY HADERA
2024-09-03 02:51:54,686 - cinemas.cinema_city - INFO - DONE CINEMA CITY HADERA
2024-09-03 02:51:54,686 - cinemas.cinema_city - INFO - STARTED CINEMA CITY ASHDOD
2024-09-03 02:51:55,342 - cinemas.cinema_city - INFO - DONE CINEMA CITY ASHDOD
2024-09-03 02:51:55,342 - cinemas.cinema_city - INFO - DONE CINEMA CITY
2024-09-03 02:51:55,342 - cinemas.cinema_city - INFO - STARTED CINEMA CITY
2024-09-03 02:51:55,342 - cinemas.cinema_city - INFO - STARTED CINEMA CITY GLILOT
2024-09-03 02:51:55,810 - cinemas.cinema_city - INFO - DONE CINEMA CITY GLILOT
2024-09-03 02:51:55,810 - cinemas.cinema_city - INFO - STARTED CINEMA CITY RISHON
2024-09-03 02:51:56,410 - cinemas.cinema_city - INFO - DONE CINEMA CITY RISHON
2024-09-03 02:51:56,410 - cinemas.cinema_city - INFO - STARTED CINEMA CITY JERUSALEM
2024-09-03 02:51:56,885 - cinemas.cinema_city - INFO - DONE CINEMA CITY JERUSALEM
2024-09-03 02:51:56,885 - cinemas.cinema_city - INFO - STARTED CINEMA CITY KFAR_SABBA
2024-09-03 02:51:57,353 - cinemas.cinema_city - INFO - DONE CINEMA CITY KFAR_SABBA
2024-09-03 02:51:57,354 - cinemas.cinema_city - INFO - STARTED CINEMA CITY NATANIA
2024-09-03 02:51:57,824 - cinemas.cinema_city - INFO - DONE CINEMA CITY NATANIA
2024-09-03 02:51:57,824 - cinemas.cinema_city - INFO - STARTED CINEMA CITY BEER_SHEVA
2024-09-03 02:51:58,465 - cinemas.cinema_city - INFO - DONE CINEMA CITY BEER_SHEVA
2024-09-03 02:51:58,465 - cinemas.cinema_city - INFO - STARTED CINEMA CITY HADERA
2024-09-03 02:51:58,943 - cinemas.cinema_city - INFO - DONE CINEMA CITY HADERA
2024-09-03 02:51:58,943 - cinemas.cinema_city - INFO - STARTED CINEMA CITY ASHDOD
2024-09-03 02:51:59,588 - cinemas.cinema_city - INFO - DONE CINEMA CITY ASHDOD
2024-09-03 02:51:59,588 - cinemas.cinema_city - INFO - DONE CINEMA CITY
2024-09-03 02:51:59,589 - cinemas.lev - INFO - STARTED LEV
2024-09-03 02:52:01,173 - proxy - INFO - Proxy: {'YourFuckingIPAddress': '45.150.108.127', 'YourFuckingLocation': 'Israel', 'YourFuckingHostname': '45.150.108.127', 'YourFuckingISP': 'BlueVPS OU', 'YourFuckingTorExit': False, 'YourFuckingCity': '', 'YourFuckingCountry': 'Israel', 'YourFuckingCountryCode': 'IL'}
2024-09-03 02:52:01,173 - cinemas.lev - INFO - STARTED LEV TEL_AVIV
2024-09-03 02:52:01,456 - cinemas.lev - INFO - DONE LEV TEL_AVIV
2024-09-03 02:52:01,456 - cinemas.lev - INFO - STARTED LEV RAMAT_HASHARON
2024-09-03 02:52:01,943 - cinemas.lev - INFO - DONE LEV RAMAT_HASHARON
2024-09-03 02:52:01,943 - cinemas.lev - INFO - STARTED LEV MANDARIN
2024-09-03 02:52:02,128 - cinemas.lev - INFO - DONE LEV MANDARIN
2024-09-03 02:52:02,128 - cinemas.lev - INFO - STARTED LEV EVEN_YEHUDA
2024-09-03 02:52:02,410 - cinemas.lev - INFO - DONE LEV EVEN_YEHUDA
2024-09-03 02:52:02,410 - cinemas.lev - INFO - STARTED LEV SMADAR
2024-09-03 02:52:02,726 - cinemas.lev - INFO - DONE LEV SMADAR
2024-09-03 02:52:02,726 - cinemas.lev - INFO - STARTED LEV RAANANA
2024-09-03 02:52:03,092 - cinemas.lev - INFO - DONE LEV RAANANA
2024-09-03 02:52:03,092 - cinemas.lev - INFO - STARTED LEV OMER
2024-09-03 02:52:03,399 - cinemas.lev - INFO - DONE LEV OMER
2024-09-03 02:52:03,399 - cinemas.lev - INFO - STARTED LEV SHOHAM
2024-09-03 02:52:03,753 - cinemas.lev - INFO - DONE LEV SHOHAM
2024-09-03 02:52:03,753 - cinemas.lev - INFO - STARTED LEV DANIEL
2024-09-03 02:52:04,063 - cinemas.lev - INFO - DONE LEV DANIEL
2024-09-03 02:52:04,064 - proxy - INFO - Proxy removed
2024-09-03 02:52:04,064 - cinemas.lev - INFO - DONE LEV
2024-09-03 02:52:04,064 - cinemas.lev - INFO - STARTED LEV
2024-09-03 02:52:04,451 - proxy - INFO - Proxy: {'YourFuckingIPAddress': '45.150.108.127', 'YourFuckingLocation': 'Israel', 'YourFuckingHostname': '45.150.108.127', 'YourFuckingISP': 'BlueVPS OU', 'YourFuckingTorExit': False, 'YourFuckingCity': '', 'YourFuckingCountry': 'Israel', 'YourFuckingCountryCode': 'IL'}
2024-09-03 02:52:04,451 - cinemas.lev - INFO - STARTED LEV TEL_AVIV
2024-09-03 02:52:04,855 - cinemas.lev - INFO - DONE LEV TEL_AVIV
2024-09-03 02:52:04,856 - cinemas.lev - INFO - STARTED LEV RAMAT_HASHARON
2024-09-03 02:52:05,252 - cinemas.lev - INFO - DONE LEV RAMAT_HASHARON
2024-09-03 02:52:05,253 - cinemas.lev - INFO - STARTED LEV MANDARIN
2024-09-03 02:52:05,587 - cinemas.lev - INFO - DONE LEV MANDARIN
2024-09-03 02:52:05,587 - cinemas.lev - INFO - STARTED LEV EVEN_YEHUDA
2024-09-03 02:52:06,004 - cinemas.lev - INFO - DONE LEV EVEN_YEHUDA
2024-09-03 02:52:06,004 - cinemas.lev - INFO - STARTED LEV SMADAR
2024-09-03 02:52:06,263 - cinemas.lev - INFO - DONE LEV SMADAR
2024-09-03 02:52:06,264 - cinemas.lev - INFO - STARTED LEV RAANANA
2024-09-03 02:52:06,645 - cinemas.lev - INFO - DONE LEV RAANANA
2024-09-03 02:52:06,646 - cinemas.lev - INFO - STARTED LEV OMER
2024-09-03 02:52:06,992 - cinemas.lev - INFO - DONE LEV OMER
2024-09-03 02:52:06,992 - cinemas.lev - INFO - STARTED LEV SHOHAM
2024-09-03 02:52:07,307 - cinemas.lev - INFO - DONE LEV SHOHAM
2024-09-03 02:52:07,307 - cinemas.lev - INFO - STARTED LEV DANIEL
2024-09-03 02:52:07,619 - cinemas.lev - INFO - DONE LEV DANIEL
2024-09-03 02:52:07,619 - proxy - INFO - Proxy removed
2024-09-03 02:52:07,619 - cinemas.lev - INFO - DONE LEV
2024-09-03 02:52:07,619 - cinemas.movieland - INFO - STARTED Movie Land
2024-09-03 02:52:07,619 - cinemas.movieland - INFO - STARTED Movie Land CARMIEL
2024-09-03 02:52:07,619 - cinemas.movieland - INFO - DONE Movie Land CARMIEL
2024-09-03 02:52:07,620 - cinemas.movieland - INFO - STARTED Movie Land HAIFA
2024-09-03 02:52:07,873 - cinemas.movieland - INFO - DONE Movie Land HAIFA
2024-09-03 02:52:07,873 - cinemas.movieland - INFO - STARTED Movie Land NATANYA
2024-09-03 02:52:08,540 - cinemas.movieland - INFO - DONE Movie Land NATANYA
2024-09-03 02:52:08,540 - cinemas.movieland - INFO - DONE Movie Land
2024-09-03 02:52:08,541 - cinemas.movieland - INFO - STARTED Movie Land
2024-09-03 02:52:08,541 - cinemas.movieland - INFO - STARTED Movie Land CARMIEL
2024-09-03 02:52:08,541 - cinemas.movieland - INFO - DONE Movie Land CARMIEL
2024-09-03 02:52:08,541 - cinemas.movieland - INFO - STARTED Movie Land HAIFA
2024-09-03 02:52:08,541 - cinemas.movieland - INFO - DONE Movie Land HAIFA
2024-09-03 02:52:08,541 - cinemas.movieland - INFO - STARTED Movie Land NATANYA
2024-09-03 02:52:08,542 - cinemas.movieland - INFO - DONE Movie Land NATANYA
2024-09-03 02:52:08,542 - cinemas.movieland - INFO - DONE Movie Land
2024-09-03 02:52:08,542 - root - INFO - ********************
2024-09-03 02:52:08,542 - root - INFO - started checking for:05-09-2024
2024-09-03 02:52:08,542 - cinemas.yes_planet - INFO - STARTED YES PLANET
2024-09-03 02:52:08,542 - cinemas.yes_planet - INFO - STARTED YES PLANET RISHON
2024-09-03 02:52:08,599 - root - ERROR - yes planet crashed
Traceback (most recent call last):
  File "/opt/hostedtoolcache/Python/3.11.9/x64/lib/python3.11/site-packages/requests/models.py", line 974, in json
    return complexjson.loads(self.text, **kwargs)
           ^^^^^^^^^^^^^^^^^^^^^^^^^^^^^^^^^^^^^^
  File "/opt/hostedtoolcache/Python/3.11.9/x64/lib/python3.11/json/__init__.py", line 346, in loads
    return _default_decoder.decode(s)
           ^^^^^^^^^^^^^^^^^^^^^^^^^^
  File "/opt/hostedtoolcache/Python/3.11.9/x64/lib/python3.11/json/decoder.py", line 337, in decode
    obj, end = self.raw_decode(s, idx=_w(s, 0).end())
               ^^^^^^^^^^^^^^^^^^^^^^^^^^^^^^^^^^^^^^
  File "/opt/hostedtoolcache/Python/3.11.9/x64/lib/python3.11/json/decoder.py", line 355, in raw_decode
    raise JSONDecodeError("Expecting value", s, err.value) from None
json.decoder.JSONDecodeError: Expecting value: line 1 column 1 (char 0)

During handling of the above exception, another exception occurred:

Traceback (most recent call last):
  File "/home/runner/work/Movie-Time-Server/Movie-Time-Server/main.py", line 56, in get_screenings_from_cinema
    return unsafe_get_screenings_from_cinema(get_screening, cinema, date, s)
           ^^^^^^^^^^^^^^^^^^^^^^^^^^^^^^^^^^^^^^^^^^^^^^^^^^^^^^^^^^^^^^^^^
  File "/opt/hostedtoolcache/Python/3.11.9/x64/lib/python3.11/site-packages/decorator.py", line 232, in fun
    return caller(func, *(extras + args), **kw)
           ^^^^^^^^^^^^^^^^^^^^^^^^^^^^^^^^^^^^
  File "/opt/hostedtoolcache/Python/3.11.9/x64/lib/python3.11/site-packages/retry/api.py", line 90, in retry_decorator
    return __retry_internal(partial(f, *args, **kwargs), exceptions, tries, delay, max_delay, backoff, jitter,
           ^^^^^^^^^^^^^^^^^^^^^^^^^^^^^^^^^^^^^^^^^^^^^^^^^^^^^^^^^^^^^^^^^^^^^^^^^^^^^^^^^^^^^^^^^^^^^^^^^^^
  File "/opt/hostedtoolcache/Python/3.11.9/x64/lib/python3.11/site-packages/retry/api.py", line 35, in __retry_internal
    return f()
           ^^^
  File "/home/runner/work/Movie-Time-Server/Movie-Time-Server/main.py", line 71, in unsafe_get_screenings_from_cinema
    screenings = get_screening(year, month, day, s)
                 ^^^^^^^^^^^^^^^^^^^^^^^^^^^^^^^^^^
  File "/home/runner/work/Movie-Time-Server/Movie-Time-Server/cinemas/yes_planet.py", line 132, in get_screenings
    screenings.extend(get_by_location(location, date, format_date, s))
                      ^^^^^^^^^^^^^^^^^^^^^^^^^^^^^^^^^^^^^^^^^^^^^^^
  File "/home/runner/work/Movie-Time-Server/Movie-Time-Server/cinemas/yes_planet.py", line 109, in get_by_location
    movies_data, events = prepare(location, date, s)
                          ^^^^^^^^^^^^^^^^^^^^^^^^^^
  File "/home/runner/work/Movie-Time-Server/Movie-Time-Server/cinemas/yes_planet.py", line 100, in prepare
    data = dict(res.json().get("body"))
                ^^^^^^^^^^
  File "/opt/hostedtoolcache/Python/3.11.9/x64/lib/python3.11/site-packages/requests/models.py", line 978, in json
    raise RequestsJSONDecodeError(e.msg, e.doc, e.pos)
requests.exceptions.JSONDecodeError: Expecting value: line 1 column 1 (char 0)
2024-09-03 02:52:08,600 - cinemas.rav_hen - INFO - STARTED RAV HEN
2024-09-03 02:52:08,600 - cinemas.rav_hen - INFO - STARTED RAV HEN GIVATAIM
2024-09-03 02:52:09,639 - cinemas.rav_hen - INFO - DONE RAV HEN GIVATAIM
2024-09-03 02:52:09,640 - cinemas.rav_hen - INFO - STARTED RAV HEN DIZINGOF
2024-09-03 02:52:10,144 - cinemas.rav_hen - INFO - DONE RAV HEN DIZINGOF
2024-09-03 02:52:10,144 - cinemas.rav_hen - INFO - STARTED RAV HEN MODIIN
2024-09-03 02:52:10,546 - cinemas.rav_hen - INFO - DONE RAV HEN MODIIN
2024-09-03 02:52:10,546 - cinemas.rav_hen - INFO - STARTED RAV HEN KIRYAT_ONO
2024-09-03 02:52:11,042 - cinemas.rav_hen - INFO - DONE RAV HEN KIRYAT_ONO
2024-09-03 02:52:11,042 - cinemas.rav_hen - INFO - DONE RAV HEN
2024-09-03 02:52:11,042 - cinemas.rav_hen - INFO - STARTED RAV HEN
2024-09-03 02:52:11,042 - cinemas.rav_hen - INFO - STARTED RAV HEN GIVATAIM
2024-09-03 02:52:11,067 - cinemas.rav_hen - INFO - DONE RAV HEN GIVATAIM
2024-09-03 02:52:11,067 - cinemas.rav_hen - INFO - STARTED RAV HEN DIZINGOF
2024-09-03 02:52:11,090 - cinemas.rav_hen - INFO - DONE RAV HEN DIZINGOF
2024-09-03 02:52:11,090 - cinemas.rav_hen - INFO - STARTED RAV HEN MODIIN
2024-09-03 02:52:11,113 - cinemas.rav_hen - INFO - DONE RAV HEN MODIIN
2024-09-03 02:52:11,113 - cinemas.rav_hen - INFO - STARTED RAV HEN KIRYAT_ONO
2024-09-03 02:52:11,136 - cinemas.rav_hen - INFO - DONE RAV HEN KIRYAT_ONO
2024-09-03 02:52:11,136 - cinemas.rav_hen - INFO - DONE RAV HEN
2024-09-03 02:52:11,136 - cinemas.hot_cinema - INFO - STARTED HOT CINEMA
2024-09-03 02:52:11,136 - cinemas.hot_cinema - INFO - STARTED HOT CINEMA MODIIN
2024-09-03 02:52:11,822 - cinemas.hot_cinema - INFO - DONE HOT CINEMA MODIIN
2024-09-03 02:52:11,822 - cinemas.hot_cinema - INFO - STARTED HOT CINEMA KIRYON
2024-09-03 02:52:12,490 - cinemas.hot_cinema - INFO - DONE HOT CINEMA KIRYON
2024-09-03 02:52:12,490 - cinemas.hot_cinema - INFO - STARTED HOT CINEMA KFAR_SABBA
2024-09-03 02:52:12,642 - cinemas.hot_cinema - INFO - DONE HOT CINEMA KFAR_SABBA
2024-09-03 02:52:12,642 - cinemas.hot_cinema - INFO - STARTED HOT CINEMA HAIFA
2024-09-03 02:52:12,800 - cinemas.hot_cinema - INFO - DONE HOT CINEMA HAIFA
2024-09-03 02:52:12,800 - cinemas.hot_cinema - INFO - STARTED HOT CINEMA PETACH_TIKVA
2024-09-03 02:52:12,950 - cinemas.hot_cinema - INFO - DONE HOT CINEMA PETACH_TIKVA
2024-09-03 02:52:12,950 - cinemas.hot_cinema - INFO - STARTED HOT CINEMA RECHOVOT
2024-09-03 02:52:13,101 - cinemas.hot_cinema - INFO - DONE HOT CINEMA RECHOVOT
2024-09-03 02:52:13,101 - cinemas.hot_cinema - INFO - STARTED HOT CINEMA ASHKELON
2024-09-03 02:52:13,252 - cinemas.hot_cinema - INFO - DONE HOT CINEMA ASHKELON
2024-09-03 02:52:13,252 - cinemas.hot_cinema - INFO - STARTED HOT CINEMA KARMIEL
2024-09-03 02:52:13,403 - cinemas.hot_cinema - INFO - DONE HOT CINEMA KARMIEL
2024-09-03 02:52:13,403 - cinemas.hot_cinema - INFO - STARTED HOT CINEMA NAHARIA
2024-09-03 02:52:13,557 - cinemas.hot_cinema - INFO - DONE HOT CINEMA NAHARIA
2024-09-03 02:52:13,557 - cinemas.hot_cinema - INFO - STARTED HOT CINEMA ASHDOD
2024-09-03 02:52:13,709 - cinemas.hot_cinema - INFO - DONE HOT CINEMA ASHDOD
2024-09-03 02:52:13,709 - cinemas.hot_cinema - INFO - DONE HOT CINEMA
2024-09-03 02:52:13,709 - cinemas.hot_cinema - INFO - STARTED HOT CINEMA
2024-09-03 02:52:13,709 - cinemas.hot_cinema - INFO - STARTED HOT CINEMA MODIIN
2024-09-03 02:52:13,860 - cinemas.hot_cinema - INFO - DONE HOT CINEMA MODIIN
2024-09-03 02:52:13,860 - cinemas.hot_cinema - INFO - STARTED HOT CINEMA KIRYON
2024-09-03 02:52:14,012 - cinemas.hot_cinema - INFO - DONE HOT CINEMA KIRYON
2024-09-03 02:52:14,012 - cinemas.hot_cinema - INFO - STARTED HOT CINEMA KFAR_SABBA
2024-09-03 02:52:14,163 - cinemas.hot_cinema - INFO - DONE HOT CINEMA KFAR_SABBA
2024-09-03 02:52:14,163 - cinemas.hot_cinema - INFO - STARTED HOT CINEMA HAIFA
2024-09-03 02:52:14,316 - cinemas.hot_cinema - INFO - DONE HOT CINEMA HAIFA
2024-09-03 02:52:14,316 - cinemas.hot_cinema - INFO - STARTED HOT CINEMA PETACH_TIKVA
2024-09-03 02:52:14,470 - cinemas.hot_cinema - INFO - DONE HOT CINEMA PETACH_TIKVA
2024-09-03 02:52:14,470 - cinemas.hot_cinema - INFO - STARTED HOT CINEMA RECHOVOT
2024-09-03 02:52:14,622 - cinemas.hot_cinema - INFO - DONE HOT CINEMA RECHOVOT
2024-09-03 02:52:14,622 - cinemas.hot_cinema - INFO - STARTED HOT CINEMA ASHKELON
2024-09-03 02:52:14,775 - cinemas.hot_cinema - INFO - DONE HOT CINEMA ASHKELON
2024-09-03 02:52:14,775 - cinemas.hot_cinema - INFO - STARTED HOT CINEMA KARMIEL
2024-09-03 02:52:14,926 - cinemas.hot_cinema - INFO - DONE HOT CINEMA KARMIEL
2024-09-03 02:52:14,926 - cinemas.hot_cinema - INFO - STARTED HOT CINEMA NAHARIA
2024-09-03 02:52:15,078 - cinemas.hot_cinema - INFO - DONE HOT CINEMA NAHARIA
2024-09-03 02:52:15,078 - cinemas.hot_cinema - INFO - STARTED HOT CINEMA ASHDOD
2024-09-03 02:52:15,233 - cinemas.hot_cinema - INFO - DONE HOT CINEMA ASHDOD
2024-09-03 02:52:15,233 - cinemas.hot_cinema - INFO - DONE HOT CINEMA
2024-09-03 02:52:15,234 - cinemas.cinema_city - INFO - STARTED CINEMA CITY
2024-09-03 02:52:15,234 - cinemas.cinema_city - INFO - STARTED CINEMA CITY GLILOT
2024-09-03 02:52:16,227 - cinemas.cinema_city - INFO - DONE CINEMA CITY GLILOT
2024-09-03 02:52:16,227 - cinemas.cinema_city - INFO - STARTED CINEMA CITY RISHON
2024-09-03 02:52:16,712 - cinemas.cinema_city - INFO - DONE CINEMA CITY RISHON
2024-09-03 02:52:16,712 - cinemas.cinema_city - INFO - STARTED CINEMA CITY JERUSALEM
2024-09-03 02:52:17,188 - cinemas.cinema_city - INFO - DONE CINEMA CITY JERUSALEM
2024-09-03 02:52:17,188 - cinemas.cinema_city - INFO - STARTED CINEMA CITY KFAR_SABBA
2024-09-03 02:52:17,655 - cinemas.cinema_city - INFO - DONE CINEMA CITY KFAR_SABBA
2024-09-03 02:52:17,655 - cinemas.cinema_city - INFO - STARTED CINEMA CITY NATANIA
2024-09-03 02:52:18,130 - cinemas.cinema_city - INFO - DONE CINEMA CITY NATANIA
2024-09-03 02:52:18,130 - cinemas.cinema_city - INFO - STARTED CINEMA CITY BEER_SHEVA
2024-09-03 02:52:18,607 - cinemas.cinema_city - INFO - DONE CINEMA CITY BEER_SHEVA
2024-09-03 02:52:18,608 - cinemas.cinema_city - INFO - STARTED CINEMA CITY HADERA
2024-09-03 02:52:19,084 - cinemas.cinema_city - INFO - DONE CINEMA CITY HADERA
2024-09-03 02:52:19,084 - cinemas.cinema_city - INFO - STARTED CINEMA CITY ASHDOD
2024-09-03 02:52:19,731 - cinemas.cinema_city - INFO - DONE CINEMA CITY ASHDOD
2024-09-03 02:52:19,731 - cinemas.cinema_city - INFO - DONE CINEMA CITY
2024-09-03 02:52:19,731 - cinemas.cinema_city - INFO - STARTED CINEMA CITY
2024-09-03 02:52:19,731 - cinemas.cinema_city - INFO - STARTED CINEMA CITY GLILOT
2024-09-03 02:52:20,378 - cinemas.cinema_city - INFO - DONE CINEMA CITY GLILOT
2024-09-03 02:52:20,378 - cinemas.cinema_city - INFO - STARTED CINEMA CITY RISHON
2024-09-03 02:52:20,845 - cinemas.cinema_city - INFO - DONE CINEMA CITY RISHON
2024-09-03 02:52:20,845 - cinemas.cinema_city - INFO - STARTED CINEMA CITY JERUSALEM
2024-09-03 02:52:21,320 - cinemas.cinema_city - INFO - DONE CINEMA CITY JERUSALEM
2024-09-03 02:52:21,320 - cinemas.cinema_city - INFO - STARTED CINEMA CITY KFAR_SABBA
2024-09-03 02:52:21,810 - cinemas.cinema_city - INFO - DONE CINEMA CITY KFAR_SABBA
2024-09-03 02:52:21,810 - cinemas.cinema_city - INFO - STARTED CINEMA CITY NATANIA
2024-09-03 02:52:22,276 - cinemas.cinema_city - INFO - DONE CINEMA CITY NATANIA
2024-09-03 02:52:22,276 - cinemas.cinema_city - INFO - STARTED CINEMA CITY BEER_SHEVA
2024-09-03 02:52:22,740 - cinemas.cinema_city - INFO - DONE CINEMA CITY BEER_SHEVA
2024-09-03 02:52:22,740 - cinemas.cinema_city - INFO - STARTED CINEMA CITY HADERA
2024-09-03 02:52:23,204 - cinemas.cinema_city - INFO - DONE CINEMA CITY HADERA
2024-09-03 02:52:23,204 - cinemas.cinema_city - INFO - STARTED CINEMA CITY ASHDOD
2024-09-03 02:52:23,666 - cinemas.cinema_city - INFO - DONE CINEMA CITY ASHDOD
2024-09-03 02:52:23,666 - cinemas.cinema_city - INFO - DONE CINEMA CITY
2024-09-03 02:52:23,666 - cinemas.lev - INFO - STARTED LEV
2024-09-03 02:52:25,228 - proxy - INFO - Proxy: {'YourFuckingIPAddress': '45.150.108.127', 'YourFuckingLocation': 'Israel', 'YourFuckingHostname': '45.150.108.127', 'YourFuckingISP': 'BlueVPS OU', 'YourFuckingTorExit': False, 'YourFuckingCity': '', 'YourFuckingCountry': 'Israel', 'YourFuckingCountryCode': 'IL'}
2024-09-03 02:52:25,228 - cinemas.lev - INFO - STARTED LEV TEL_AVIV
2024-09-03 02:52:25,505 - cinemas.lev - INFO - DONE LEV TEL_AVIV
2024-09-03 02:52:25,505 - cinemas.lev - INFO - STARTED LEV RAMAT_HASHARON
2024-09-03 02:52:25,988 - cinemas.lev - INFO - DONE LEV RAMAT_HASHARON
2024-09-03 02:52:25,988 - cinemas.lev - INFO - STARTED LEV MANDARIN
2024-09-03 02:52:26,168 - cinemas.lev - INFO - DONE LEV MANDARIN
2024-09-03 02:52:26,168 - cinemas.lev - INFO - STARTED LEV EVEN_YEHUDA
2024-09-03 02:52:26,449 - cinemas.lev - INFO - DONE LEV EVEN_YEHUDA
2024-09-03 02:52:26,449 - cinemas.lev - INFO - STARTED LEV SMADAR
2024-09-03 02:52:26,765 - cinemas.lev - INFO - DONE LEV SMADAR
2024-09-03 02:52:26,765 - cinemas.lev - INFO - STARTED LEV RAANANA
2024-09-03 02:52:27,136 - cinemas.lev - INFO - DONE LEV RAANANA
2024-09-03 02:52:27,136 - cinemas.lev - INFO - STARTED LEV OMER
2024-09-03 02:52:27,442 - cinemas.lev - INFO - DONE LEV OMER
2024-09-03 02:52:27,443 - cinemas.lev - INFO - STARTED LEV SHOHAM
2024-09-03 02:52:27,796 - cinemas.lev - INFO - DONE LEV SHOHAM
2024-09-03 02:52:27,797 - cinemas.lev - INFO - STARTED LEV DANIEL
2024-09-03 02:52:28,107 - cinemas.lev - INFO - DONE LEV DANIEL
2024-09-03 02:52:28,107 - proxy - INFO - Proxy removed
2024-09-03 02:52:28,107 - cinemas.lev - INFO - DONE LEV
2024-09-03 02:52:28,107 - cinemas.lev - INFO - STARTED LEV
2024-09-03 02:52:28,478 - proxy - INFO - Proxy: {'YourFuckingIPAddress': '45.150.108.127', 'YourFuckingLocation': 'Israel', 'YourFuckingHostname': '45.150.108.127', 'YourFuckingISP': 'BlueVPS OU', 'YourFuckingTorExit': False, 'YourFuckingCity': '', 'YourFuckingCountry': 'Israel', 'YourFuckingCountryCode': 'IL'}
2024-09-03 02:52:28,478 - cinemas.lev - INFO - STARTED LEV TEL_AVIV
2024-09-03 02:52:28,887 - cinemas.lev - INFO - DONE LEV TEL_AVIV
2024-09-03 02:52:28,887 - cinemas.lev - INFO - STARTED LEV RAMAT_HASHARON
2024-09-03 02:52:29,216 - cinemas.lev - INFO - DONE LEV RAMAT_HASHARON
2024-09-03 02:52:29,216 - cinemas.lev - INFO - STARTED LEV MANDARIN
2024-09-03 02:52:29,524 - cinemas.lev - INFO - DONE LEV MANDARIN
2024-09-03 02:52:29,524 - cinemas.lev - INFO - STARTED LEV EVEN_YEHUDA
2024-09-03 02:52:29,721 - cinemas.lev - INFO - DONE LEV EVEN_YEHUDA
2024-09-03 02:52:29,721 - cinemas.lev - INFO - STARTED LEV SMADAR
2024-09-03 02:52:30,111 - cinemas.lev - INFO - DONE LEV SMADAR
2024-09-03 02:52:30,111 - cinemas.lev - INFO - STARTED LEV RAANANA
2024-09-03 02:52:30,375 - cinemas.lev - INFO - DONE LEV RAANANA
2024-09-03 02:52:30,375 - cinemas.lev - INFO - STARTED LEV OMER
2024-09-03 02:52:30,767 - cinemas.lev - INFO - DONE LEV OMER
2024-09-03 02:52:30,767 - cinemas.lev - INFO - STARTED LEV SHOHAM
2024-09-03 02:52:31,120 - cinemas.lev - INFO - DONE LEV SHOHAM
2024-09-03 02:52:31,121 - cinemas.lev - INFO - STARTED LEV DANIEL
2024-09-03 02:52:31,431 - cinemas.lev - INFO - DONE LEV DANIEL
2024-09-03 02:52:31,431 - proxy - INFO - Proxy removed
2024-09-03 02:52:31,431 - cinemas.lev - INFO - DONE LEV
2024-09-03 02:52:31,431 - cinemas.movieland - INFO - STARTED Movie Land
2024-09-03 02:52:31,431 - cinemas.movieland - INFO - STARTED Movie Land CARMIEL
2024-09-03 02:52:31,671 - cinemas.movieland - INFO - DONE Movie Land CARMIEL
2024-09-03 02:52:31,672 - cinemas.movieland - INFO - STARTED Movie Land HAIFA
2024-09-03 02:52:31,672 - cinemas.movieland - INFO - DONE Movie Land HAIFA
2024-09-03 02:52:31,672 - cinemas.movieland - INFO - STARTED Movie Land NATANYA
2024-09-03 02:52:31,672 - cinemas.movieland - INFO - DONE Movie Land NATANYA
2024-09-03 02:52:31,672 - cinemas.movieland - INFO - DONE Movie Land
2024-09-03 02:52:31,672 - cinemas.movieland - INFO - STARTED Movie Land
2024-09-03 02:52:31,672 - cinemas.movieland - INFO - STARTED Movie Land CARMIEL
2024-09-03 02:52:31,672 - cinemas.movieland - INFO - DONE Movie Land CARMIEL
2024-09-03 02:52:31,672 - cinemas.movieland - INFO - STARTED Movie Land HAIFA
2024-09-03 02:52:31,673 - cinemas.movieland - INFO - DONE Movie Land HAIFA
2024-09-03 02:52:31,673 - cinemas.movieland - INFO - STARTED Movie Land NATANYA
2024-09-03 02:52:31,673 - cinemas.movieland - INFO - DONE Movie Land NATANYA
2024-09-03 02:52:31,673 - cinemas.movieland - INFO - DONE Movie Land
2024-09-03 02:52:31,673 - root - INFO - ********************
2024-09-03 02:52:31,673 - root - INFO - started checking for:06-09-2024
2024-09-03 02:52:31,673 - cinemas.yes_planet - INFO - STARTED YES PLANET
2024-09-03 02:52:31,673 - cinemas.yes_planet - INFO - STARTED YES PLANET RISHON
2024-09-03 02:52:31,726 - root - ERROR - yes planet crashed
Traceback (most recent call last):
  File "/opt/hostedtoolcache/Python/3.11.9/x64/lib/python3.11/site-packages/requests/models.py", line 974, in json
    return complexjson.loads(self.text, **kwargs)
           ^^^^^^^^^^^^^^^^^^^^^^^^^^^^^^^^^^^^^^
  File "/opt/hostedtoolcache/Python/3.11.9/x64/lib/python3.11/json/__init__.py", line 346, in loads
    return _default_decoder.decode(s)
           ^^^^^^^^^^^^^^^^^^^^^^^^^^
  File "/opt/hostedtoolcache/Python/3.11.9/x64/lib/python3.11/json/decoder.py", line 337, in decode
    obj, end = self.raw_decode(s, idx=_w(s, 0).end())
               ^^^^^^^^^^^^^^^^^^^^^^^^^^^^^^^^^^^^^^
  File "/opt/hostedtoolcache/Python/3.11.9/x64/lib/python3.11/json/decoder.py", line 355, in raw_decode
    raise JSONDecodeError("Expecting value", s, err.value) from None
json.decoder.JSONDecodeError: Expecting value: line 1 column 1 (char 0)

During handling of the above exception, another exception occurred:

Traceback (most recent call last):
  File "/home/runner/work/Movie-Time-Server/Movie-Time-Server/main.py", line 56, in get_screenings_from_cinema
    return unsafe_get_screenings_from_cinema(get_screening, cinema, date, s)
           ^^^^^^^^^^^^^^^^^^^^^^^^^^^^^^^^^^^^^^^^^^^^^^^^^^^^^^^^^^^^^^^^^
  File "/opt/hostedtoolcache/Python/3.11.9/x64/lib/python3.11/site-packages/decorator.py", line 232, in fun
    return caller(func, *(extras + args), **kw)
           ^^^^^^^^^^^^^^^^^^^^^^^^^^^^^^^^^^^^
  File "/opt/hostedtoolcache/Python/3.11.9/x64/lib/python3.11/site-packages/retry/api.py", line 90, in retry_decorator
    return __retry_internal(partial(f, *args, **kwargs), exceptions, tries, delay, max_delay, backoff, jitter,
           ^^^^^^^^^^^^^^^^^^^^^^^^^^^^^^^^^^^^^^^^^^^^^^^^^^^^^^^^^^^^^^^^^^^^^^^^^^^^^^^^^^^^^^^^^^^^^^^^^^^
  File "/opt/hostedtoolcache/Python/3.11.9/x64/lib/python3.11/site-packages/retry/api.py", line 35, in __retry_internal
    return f()
           ^^^
  File "/home/runner/work/Movie-Time-Server/Movie-Time-Server/main.py", line 71, in unsafe_get_screenings_from_cinema
    screenings = get_screening(year, month, day, s)
                 ^^^^^^^^^^^^^^^^^^^^^^^^^^^^^^^^^^
  File "/home/runner/work/Movie-Time-Server/Movie-Time-Server/cinemas/yes_planet.py", line 132, in get_screenings
    screenings.extend(get_by_location(location, date, format_date, s))
                      ^^^^^^^^^^^^^^^^^^^^^^^^^^^^^^^^^^^^^^^^^^^^^^^
  File "/home/runner/work/Movie-Time-Server/Movie-Time-Server/cinemas/yes_planet.py", line 109, in get_by_location
    movies_data, events = prepare(location, date, s)
                          ^^^^^^^^^^^^^^^^^^^^^^^^^^
  File "/home/runner/work/Movie-Time-Server/Movie-Time-Server/cinemas/yes_planet.py", line 100, in prepare
    data = dict(res.json().get("body"))
                ^^^^^^^^^^
  File "/opt/hostedtoolcache/Python/3.11.9/x64/lib/python3.11/site-packages/requests/models.py", line 978, in json
    raise RequestsJSONDecodeError(e.msg, e.doc, e.pos)
requests.exceptions.JSONDecodeError: Expecting value: line 1 column 1 (char 0)
2024-09-03 02:52:31,727 - cinemas.rav_hen - INFO - STARTED RAV HEN
2024-09-03 02:52:31,727 - cinemas.rav_hen - INFO - STARTED RAV HEN GIVATAIM
2024-09-03 02:52:32,251 - cinemas.rav_hen - INFO - DONE RAV HEN GIVATAIM
2024-09-03 02:52:32,251 - cinemas.rav_hen - INFO - STARTED RAV HEN DIZINGOF
2024-09-03 02:52:32,631 - cinemas.rav_hen - INFO - DONE RAV HEN DIZINGOF
2024-09-03 02:52:32,631 - cinemas.rav_hen - INFO - STARTED RAV HEN MODIIN
2024-09-03 02:52:33,027 - cinemas.rav_hen - INFO - DONE RAV HEN MODIIN
2024-09-03 02:52:33,027 - cinemas.rav_hen - INFO - STARTED RAV HEN KIRYAT_ONO
2024-09-03 02:52:33,433 - cinemas.rav_hen - INFO - DONE RAV HEN KIRYAT_ONO
2024-09-03 02:52:33,433 - cinemas.rav_hen - INFO - DONE RAV HEN
2024-09-03 02:52:33,433 - cinemas.rav_hen - INFO - STARTED RAV HEN
2024-09-03 02:52:33,433 - cinemas.rav_hen - INFO - STARTED RAV HEN GIVATAIM
2024-09-03 02:52:33,455 - cinemas.rav_hen - INFO - DONE RAV HEN GIVATAIM
2024-09-03 02:52:33,455 - cinemas.rav_hen - INFO - STARTED RAV HEN DIZINGOF
2024-09-03 02:52:33,476 - cinemas.rav_hen - INFO - DONE RAV HEN DIZINGOF
2024-09-03 02:52:33,476 - cinemas.rav_hen - INFO - STARTED RAV HEN MODIIN
2024-09-03 02:52:33,503 - cinemas.rav_hen - INFO - DONE RAV HEN MODIIN
2024-09-03 02:52:33,504 - cinemas.rav_hen - INFO - STARTED RAV HEN KIRYAT_ONO
2024-09-03 02:52:33,557 - cinemas.rav_hen - INFO - DONE RAV HEN KIRYAT_ONO
2024-09-03 02:52:33,557 - cinemas.rav_hen - INFO - DONE RAV HEN
2024-09-03 02:52:33,557 - cinemas.hot_cinema - INFO - STARTED HOT CINEMA
2024-09-03 02:52:33,557 - cinemas.hot_cinema - INFO - STARTED HOT CINEMA MODIIN
2024-09-03 02:52:33,708 - cinemas.hot_cinema - INFO - DONE HOT CINEMA MODIIN
2024-09-03 02:52:33,708 - cinemas.hot_cinema - INFO - STARTED HOT CINEMA KIRYON
2024-09-03 02:52:33,861 - cinemas.hot_cinema - INFO - DONE HOT CINEMA KIRYON
2024-09-03 02:52:33,861 - cinemas.hot_cinema - INFO - STARTED HOT CINEMA KFAR_SABBA
2024-09-03 02:52:34,540 - cinemas.hot_cinema - INFO - DONE HOT CINEMA KFAR_SABBA
2024-09-03 02:52:34,540 - cinemas.hot_cinema - INFO - STARTED HOT CINEMA HAIFA
2024-09-03 02:52:34,691 - cinemas.hot_cinema - INFO - DONE HOT CINEMA HAIFA
2024-09-03 02:52:34,691 - cinemas.hot_cinema - INFO - STARTED HOT CINEMA PETACH_TIKVA
2024-09-03 02:52:34,843 - cinemas.hot_cinema - INFO - DONE HOT CINEMA PETACH_TIKVA
2024-09-03 02:52:34,843 - cinemas.hot_cinema - INFO - STARTED HOT CINEMA RECHOVOT
2024-09-03 02:52:34,996 - cinemas.hot_cinema - INFO - DONE HOT CINEMA RECHOVOT
2024-09-03 02:52:34,996 - cinemas.hot_cinema - INFO - STARTED HOT CINEMA ASHKELON
2024-09-03 02:52:35,147 - cinemas.hot_cinema - INFO - DONE HOT CINEMA ASHKELON
2024-09-03 02:52:35,147 - cinemas.hot_cinema - INFO - STARTED HOT CINEMA KARMIEL
2024-09-03 02:52:35,298 - cinemas.hot_cinema - INFO - DONE HOT CINEMA KARMIEL
2024-09-03 02:52:35,298 - cinemas.hot_cinema - INFO - STARTED HOT CINEMA NAHARIA
2024-09-03 02:52:35,451 - cinemas.hot_cinema - INFO - DONE HOT CINEMA NAHARIA
2024-09-03 02:52:35,451 - cinemas.hot_cinema - INFO - STARTED HOT CINEMA ASHDOD
2024-09-03 02:52:35,601 - cinemas.hot_cinema - INFO - DONE HOT CINEMA ASHDOD
2024-09-03 02:52:35,601 - cinemas.hot_cinema - INFO - DONE HOT CINEMA
2024-09-03 02:52:35,601 - cinemas.hot_cinema - INFO - STARTED HOT CINEMA
2024-09-03 02:52:35,601 - cinemas.hot_cinema - INFO - STARTED HOT CINEMA MODIIN
2024-09-03 02:52:35,753 - cinemas.hot_cinema - INFO - DONE HOT CINEMA MODIIN
2024-09-03 02:52:35,753 - cinemas.hot_cinema - INFO - STARTED HOT CINEMA KIRYON
2024-09-03 02:52:35,907 - cinemas.hot_cinema - INFO - DONE HOT CINEMA KIRYON
2024-09-03 02:52:35,907 - cinemas.hot_cinema - INFO - STARTED HOT CINEMA KFAR_SABBA
2024-09-03 02:52:36,060 - cinemas.hot_cinema - INFO - DONE HOT CINEMA KFAR_SABBA
2024-09-03 02:52:36,060 - cinemas.hot_cinema - INFO - STARTED HOT CINEMA HAIFA
2024-09-03 02:52:36,211 - cinemas.hot_cinema - INFO - DONE HOT CINEMA HAIFA
2024-09-03 02:52:36,211 - cinemas.hot_cinema - INFO - STARTED HOT CINEMA PETACH_TIKVA
2024-09-03 02:52:36,362 - cinemas.hot_cinema - INFO - DONE HOT CINEMA PETACH_TIKVA
2024-09-03 02:52:36,362 - cinemas.hot_cinema - INFO - STARTED HOT CINEMA RECHOVOT
2024-09-03 02:52:36,515 - cinemas.hot_cinema - INFO - DONE HOT CINEMA RECHOVOT
2024-09-03 02:52:36,515 - cinemas.hot_cinema - INFO - STARTED HOT CINEMA ASHKELON
2024-09-03 02:52:36,665 - cinemas.hot_cinema - INFO - DONE HOT CINEMA ASHKELON
2024-09-03 02:52:36,666 - cinemas.hot_cinema - INFO - STARTED HOT CINEMA KARMIEL
2024-09-03 02:52:36,817 - cinemas.hot_cinema - INFO - DONE HOT CINEMA KARMIEL
2024-09-03 02:52:36,817 - cinemas.hot_cinema - INFO - STARTED HOT CINEMA NAHARIA
2024-09-03 02:52:36,969 - cinemas.hot_cinema - INFO - DONE HOT CINEMA NAHARIA
2024-09-03 02:52:36,969 - cinemas.hot_cinema - INFO - STARTED HOT CINEMA ASHDOD
2024-09-03 02:52:37,120 - cinemas.hot_cinema - INFO - DONE HOT CINEMA ASHDOD
2024-09-03 02:52:37,120 - cinemas.hot_cinema - INFO - DONE HOT CINEMA
2024-09-03 02:52:37,120 - cinemas.cinema_city - INFO - STARTED CINEMA CITY
2024-09-03 02:52:37,120 - cinemas.cinema_city - INFO - STARTED CINEMA CITY GLILOT
2024-09-03 02:52:37,603 - cinemas.cinema_city - INFO - DONE CINEMA CITY GLILOT
2024-09-03 02:52:37,603 - cinemas.cinema_city - INFO - STARTED CINEMA CITY RISHON
2024-09-03 02:52:38,653 - cinemas.cinema_city - INFO - DONE CINEMA CITY RISHON
2024-09-03 02:52:38,653 - cinemas.cinema_city - INFO - STARTED CINEMA CITY JERUSALEM
2024-09-03 02:52:39,127 - cinemas.cinema_city - INFO - DONE CINEMA CITY JERUSALEM
2024-09-03 02:52:39,127 - cinemas.cinema_city - INFO - STARTED CINEMA CITY KFAR_SABBA
2024-09-03 02:52:39,768 - cinemas.cinema_city - INFO - DONE CINEMA CITY KFAR_SABBA
2024-09-03 02:52:39,769 - cinemas.cinema_city - INFO - STARTED CINEMA CITY NATANIA
2024-09-03 02:52:40,260 - cinemas.cinema_city - INFO - DONE CINEMA CITY NATANIA
2024-09-03 02:52:40,260 - cinemas.cinema_city - INFO - STARTED CINEMA CITY BEER_SHEVA
2024-09-03 02:52:40,741 - cinemas.cinema_city - INFO - DONE CINEMA CITY BEER_SHEVA
2024-09-03 02:52:40,741 - cinemas.cinema_city - INFO - STARTED CINEMA CITY HADERA
2024-09-03 02:52:41,217 - cinemas.cinema_city - INFO - DONE CINEMA CITY HADERA
2024-09-03 02:52:41,217 - cinemas.cinema_city - INFO - STARTED CINEMA CITY ASHDOD
2024-09-03 02:52:41,870 - cinemas.cinema_city - INFO - DONE CINEMA CITY ASHDOD
2024-09-03 02:52:41,870 - cinemas.cinema_city - INFO - DONE CINEMA CITY
2024-09-03 02:52:41,870 - cinemas.cinema_city - INFO - STARTED CINEMA CITY
2024-09-03 02:52:41,870 - cinemas.cinema_city - INFO - STARTED CINEMA CITY GLILOT
2024-09-03 02:52:42,331 - cinemas.cinema_city - INFO - DONE CINEMA CITY GLILOT
2024-09-03 02:52:42,331 - cinemas.cinema_city - INFO - STARTED CINEMA CITY RISHON
2024-09-03 02:52:42,811 - cinemas.cinema_city - INFO - DONE CINEMA CITY RISHON
2024-09-03 02:52:42,811 - cinemas.cinema_city - INFO - STARTED CINEMA CITY JERUSALEM
2024-09-03 02:52:43,279 - cinemas.cinema_city - INFO - DONE CINEMA CITY JERUSALEM
2024-09-03 02:52:43,280 - cinemas.cinema_city - INFO - STARTED CINEMA CITY KFAR_SABBA
2024-09-03 02:52:43,744 - cinemas.cinema_city - INFO - DONE CINEMA CITY KFAR_SABBA
2024-09-03 02:52:43,744 - cinemas.cinema_city - INFO - STARTED CINEMA CITY NATANIA
2024-09-03 02:52:44,207 - cinemas.cinema_city - INFO - DONE CINEMA CITY NATANIA
2024-09-03 02:52:44,208 - cinemas.cinema_city - INFO - STARTED CINEMA CITY BEER_SHEVA
2024-09-03 02:52:44,670 - cinemas.cinema_city - INFO - DONE CINEMA CITY BEER_SHEVA
2024-09-03 02:52:44,670 - cinemas.cinema_city - INFO - STARTED CINEMA CITY HADERA
2024-09-03 02:52:45,132 - cinemas.cinema_city - INFO - DONE CINEMA CITY HADERA
2024-09-03 02:52:45,132 - cinemas.cinema_city - INFO - STARTED CINEMA CITY ASHDOD
2024-09-03 02:52:45,779 - cinemas.cinema_city - INFO - DONE CINEMA CITY ASHDOD
2024-09-03 02:52:45,779 - cinemas.cinema_city - INFO - DONE CINEMA CITY
2024-09-03 02:52:45,779 - cinemas.lev - INFO - STARTED LEV
2024-09-03 02:52:47,348 - proxy - INFO - Proxy: {'YourFuckingIPAddress': '45.150.108.127', 'YourFuckingLocation': 'Israel', 'YourFuckingHostname': '45.150.108.127', 'YourFuckingISP': 'BlueVPS OU', 'YourFuckingTorExit': False, 'YourFuckingCity': '', 'YourFuckingCountry': 'Israel', 'YourFuckingCountryCode': 'IL'}
2024-09-03 02:52:47,348 - cinemas.lev - INFO - STARTED LEV TEL_AVIV
2024-09-03 02:52:47,626 - cinemas.lev - INFO - DONE LEV TEL_AVIV
2024-09-03 02:52:47,626 - cinemas.lev - INFO - STARTED LEV RAMAT_HASHARON
2024-09-03 02:52:48,104 - cinemas.lev - INFO - DONE LEV RAMAT_HASHARON
2024-09-03 02:52:48,104 - cinemas.lev - INFO - STARTED LEV MANDARIN
2024-09-03 02:52:48,284 - cinemas.lev - INFO - DONE LEV MANDARIN
2024-09-03 02:52:48,284 - cinemas.lev - INFO - STARTED LEV EVEN_YEHUDA
2024-09-03 02:52:48,563 - cinemas.lev - INFO - DONE LEV EVEN_YEHUDA
2024-09-03 02:52:48,563 - cinemas.lev - INFO - STARTED LEV SMADAR
2024-09-03 02:52:48,871 - cinemas.lev - INFO - DONE LEV SMADAR
2024-09-03 02:52:48,871 - cinemas.lev - INFO - STARTED LEV RAANANA
2024-09-03 02:52:49,243 - cinemas.lev - INFO - DONE LEV RAANANA
2024-09-03 02:52:49,243 - cinemas.lev - INFO - STARTED LEV OMER
2024-09-03 02:52:49,551 - cinemas.lev - INFO - DONE LEV OMER
2024-09-03 02:52:49,551 - cinemas.lev - INFO - STARTED LEV SHOHAM
2024-09-03 02:52:49,905 - cinemas.lev - INFO - DONE LEV SHOHAM
2024-09-03 02:52:49,906 - cinemas.lev - INFO - STARTED LEV DANIEL
2024-09-03 02:52:50,216 - cinemas.lev - INFO - DONE LEV DANIEL
2024-09-03 02:52:50,216 - proxy - INFO - Proxy removed
2024-09-03 02:52:50,216 - cinemas.lev - INFO - DONE LEV
2024-09-03 02:52:50,216 - cinemas.lev - INFO - STARTED LEV
2024-09-03 02:52:50,763 - proxy - INFO - Proxy: {'YourFuckingIPAddress': '45.150.108.127', 'YourFuckingLocation': 'Israel', 'YourFuckingHostname': '45.150.108.127', 'YourFuckingISP': 'BlueVPS OU', 'YourFuckingTorExit': False, 'YourFuckingCity': '', 'YourFuckingCountry': 'Israel', 'YourFuckingCountryCode': 'IL'}
2024-09-03 02:52:50,763 - cinemas.lev - INFO - STARTED LEV TEL_AVIV
2024-09-03 02:52:51,168 - cinemas.lev - INFO - DONE LEV TEL_AVIV
2024-09-03 02:52:51,168 - cinemas.lev - INFO - STARTED LEV RAMAT_HASHARON
2024-09-03 02:52:51,475 - cinemas.lev - INFO - DONE LEV RAMAT_HASHARON
2024-09-03 02:52:51,475 - cinemas.lev - INFO - STARTED LEV MANDARIN
2024-09-03 02:52:51,695 - cinemas.lev - INFO - DONE LEV MANDARIN
2024-09-03 02:52:51,696 - cinemas.lev - INFO - STARTED LEV EVEN_YEHUDA
2024-09-03 02:52:51,974 - cinemas.lev - INFO - DONE LEV EVEN_YEHUDA
2024-09-03 02:52:51,974 - cinemas.lev - INFO - STARTED LEV SMADAR
2024-09-03 02:52:52,284 - cinemas.lev - INFO - DONE LEV SMADAR
2024-09-03 02:52:52,284 - cinemas.lev - INFO - STARTED LEV RAANANA
2024-09-03 02:52:52,549 - cinemas.lev - INFO - DONE LEV RAANANA
2024-09-03 02:52:52,549 - cinemas.lev - INFO - STARTED LEV OMER
2024-09-03 02:52:52,857 - cinemas.lev - INFO - DONE LEV OMER
2024-09-03 02:52:52,857 - cinemas.lev - INFO - STARTED LEV SHOHAM
2024-09-03 02:52:53,299 - cinemas.lev - INFO - DONE LEV SHOHAM
2024-09-03 02:52:53,299 - cinemas.lev - INFO - STARTED LEV DANIEL
2024-09-03 02:52:53,601 - cinemas.lev - INFO - DONE LEV DANIEL
2024-09-03 02:52:53,601 - proxy - INFO - Proxy removed
2024-09-03 02:52:53,601 - cinemas.lev - INFO - DONE LEV
2024-09-03 02:52:53,602 - cinemas.movieland - INFO - STARTED Movie Land
2024-09-03 02:52:53,602 - cinemas.movieland - INFO - STARTED Movie Land CARMIEL
2024-09-03 02:52:53,602 - cinemas.movieland - INFO - DONE Movie Land CARMIEL
2024-09-03 02:52:53,602 - cinemas.movieland - INFO - STARTED Movie Land HAIFA
2024-09-03 02:52:53,602 - cinemas.movieland - INFO - DONE Movie Land HAIFA
2024-09-03 02:52:53,602 - cinemas.movieland - INFO - STARTED Movie Land NATANYA
2024-09-03 02:52:53,602 - cinemas.movieland - INFO - DONE Movie Land NATANYA
2024-09-03 02:52:53,602 - cinemas.movieland - INFO - DONE Movie Land
2024-09-03 02:52:53,602 - cinemas.movieland - INFO - STARTED Movie Land
2024-09-03 02:52:53,602 - cinemas.movieland - INFO - STARTED Movie Land CARMIEL
2024-09-03 02:52:53,603 - cinemas.movieland - INFO - DONE Movie Land CARMIEL
2024-09-03 02:52:53,603 - cinemas.movieland - INFO - STARTED Movie Land HAIFA
2024-09-03 02:52:53,603 - cinemas.movieland - INFO - DONE Movie Land HAIFA
2024-09-03 02:52:53,603 - cinemas.movieland - INFO - STARTED Movie Land NATANYA
2024-09-03 02:52:53,603 - cinemas.movieland - INFO - DONE Movie Land NATANYA
2024-09-03 02:52:53,603 - cinemas.movieland - INFO - DONE Movie Land
2024-09-03 02:52:53,603 - root - INFO - ********************
2024-09-03 02:52:53,603 - root - INFO - started checking for:07-09-2024
2024-09-03 02:52:53,603 - cinemas.yes_planet - INFO - STARTED YES PLANET
2024-09-03 02:52:53,603 - cinemas.yes_planet - INFO - STARTED YES PLANET RISHON
2024-09-03 02:52:53,661 - root - ERROR - yes planet crashed
Traceback (most recent call last):
  File "/opt/hostedtoolcache/Python/3.11.9/x64/lib/python3.11/site-packages/requests/models.py", line 974, in json
    return complexjson.loads(self.text, **kwargs)
           ^^^^^^^^^^^^^^^^^^^^^^^^^^^^^^^^^^^^^^
  File "/opt/hostedtoolcache/Python/3.11.9/x64/lib/python3.11/json/__init__.py", line 346, in loads
    return _default_decoder.decode(s)
           ^^^^^^^^^^^^^^^^^^^^^^^^^^
  File "/opt/hostedtoolcache/Python/3.11.9/x64/lib/python3.11/json/decoder.py", line 337, in decode
    obj, end = self.raw_decode(s, idx=_w(s, 0).end())
               ^^^^^^^^^^^^^^^^^^^^^^^^^^^^^^^^^^^^^^
  File "/opt/hostedtoolcache/Python/3.11.9/x64/lib/python3.11/json/decoder.py", line 355, in raw_decode
    raise JSONDecodeError("Expecting value", s, err.value) from None
json.decoder.JSONDecodeError: Expecting value: line 1 column 1 (char 0)

During handling of the above exception, another exception occurred:

Traceback (most recent call last):
  File "/home/runner/work/Movie-Time-Server/Movie-Time-Server/main.py", line 56, in get_screenings_from_cinema
    return unsafe_get_screenings_from_cinema(get_screening, cinema, date, s)
           ^^^^^^^^^^^^^^^^^^^^^^^^^^^^^^^^^^^^^^^^^^^^^^^^^^^^^^^^^^^^^^^^^
  File "/opt/hostedtoolcache/Python/3.11.9/x64/lib/python3.11/site-packages/decorator.py", line 232, in fun
    return caller(func, *(extras + args), **kw)
           ^^^^^^^^^^^^^^^^^^^^^^^^^^^^^^^^^^^^
  File "/opt/hostedtoolcache/Python/3.11.9/x64/lib/python3.11/site-packages/retry/api.py", line 90, in retry_decorator
    return __retry_internal(partial(f, *args, **kwargs), exceptions, tries, delay, max_delay, backoff, jitter,
           ^^^^^^^^^^^^^^^^^^^^^^^^^^^^^^^^^^^^^^^^^^^^^^^^^^^^^^^^^^^^^^^^^^^^^^^^^^^^^^^^^^^^^^^^^^^^^^^^^^^
  File "/opt/hostedtoolcache/Python/3.11.9/x64/lib/python3.11/site-packages/retry/api.py", line 35, in __retry_internal
    return f()
           ^^^
  File "/home/runner/work/Movie-Time-Server/Movie-Time-Server/main.py", line 71, in unsafe_get_screenings_from_cinema
    screenings = get_screening(year, month, day, s)
                 ^^^^^^^^^^^^^^^^^^^^^^^^^^^^^^^^^^
  File "/home/runner/work/Movie-Time-Server/Movie-Time-Server/cinemas/yes_planet.py", line 132, in get_screenings
    screenings.extend(get_by_location(location, date, format_date, s))
                      ^^^^^^^^^^^^^^^^^^^^^^^^^^^^^^^^^^^^^^^^^^^^^^^
  File "/home/runner/work/Movie-Time-Server/Movie-Time-Server/cinemas/yes_planet.py", line 109, in get_by_location
    movies_data, events = prepare(location, date, s)
                          ^^^^^^^^^^^^^^^^^^^^^^^^^^
  File "/home/runner/work/Movie-Time-Server/Movie-Time-Server/cinemas/yes_planet.py", line 100, in prepare
    data = dict(res.json().get("body"))
                ^^^^^^^^^^
  File "/opt/hostedtoolcache/Python/3.11.9/x64/lib/python3.11/site-packages/requests/models.py", line 978, in json
    raise RequestsJSONDecodeError(e.msg, e.doc, e.pos)
requests.exceptions.JSONDecodeError: Expecting value: line 1 column 1 (char 0)
2024-09-03 02:52:53,662 - cinemas.rav_hen - INFO - STARTED RAV HEN
2024-09-03 02:52:53,662 - cinemas.rav_hen - INFO - STARTED RAV HEN GIVATAIM
2024-09-03 02:52:54,862 - cinemas.rav_hen - INFO - DONE RAV HEN GIVATAIM
2024-09-03 02:52:54,862 - cinemas.rav_hen - INFO - STARTED RAV HEN DIZINGOF
2024-09-03 02:52:55,360 - cinemas.rav_hen - INFO - DONE RAV HEN DIZINGOF
2024-09-03 02:52:55,360 - cinemas.rav_hen - INFO - STARTED RAV HEN MODIIN
2024-09-03 02:52:55,823 - cinemas.rav_hen - INFO - DONE RAV HEN MODIIN
2024-09-03 02:52:55,824 - cinemas.rav_hen - INFO - STARTED RAV HEN KIRYAT_ONO
2024-09-03 02:52:56,479 - cinemas.rav_hen - INFO - DONE RAV HEN KIRYAT_ONO
2024-09-03 02:52:56,479 - cinemas.rav_hen - INFO - DONE RAV HEN
2024-09-03 02:52:56,479 - cinemas.rav_hen - INFO - STARTED RAV HEN
2024-09-03 02:52:56,479 - cinemas.rav_hen - INFO - STARTED RAV HEN GIVATAIM
2024-09-03 02:52:56,504 - cinemas.rav_hen - INFO - DONE RAV HEN GIVATAIM
2024-09-03 02:52:56,504 - cinemas.rav_hen - INFO - STARTED RAV HEN DIZINGOF
2024-09-03 02:52:56,525 - cinemas.rav_hen - INFO - DONE RAV HEN DIZINGOF
2024-09-03 02:52:56,525 - cinemas.rav_hen - INFO - STARTED RAV HEN MODIIN
2024-09-03 02:52:56,547 - cinemas.rav_hen - INFO - DONE RAV HEN MODIIN
2024-09-03 02:52:56,547 - cinemas.rav_hen - INFO - STARTED RAV HEN KIRYAT_ONO
2024-09-03 02:52:56,572 - cinemas.rav_hen - INFO - DONE RAV HEN KIRYAT_ONO
2024-09-03 02:52:56,572 - cinemas.rav_hen - INFO - DONE RAV HEN
2024-09-03 02:52:56,573 - cinemas.hot_cinema - INFO - STARTED HOT CINEMA
2024-09-03 02:52:56,573 - cinemas.hot_cinema - INFO - STARTED HOT CINEMA MODIIN
2024-09-03 02:52:56,723 - cinemas.hot_cinema - INFO - DONE HOT CINEMA MODIIN
2024-09-03 02:52:56,724 - cinemas.hot_cinema - INFO - STARTED HOT CINEMA KIRYON
2024-09-03 02:52:56,875 - cinemas.hot_cinema - INFO - DONE HOT CINEMA KIRYON
2024-09-03 02:52:56,875 - cinemas.hot_cinema - INFO - STARTED HOT CINEMA KFAR_SABBA
2024-09-03 02:52:57,028 - cinemas.hot_cinema - INFO - DONE HOT CINEMA KFAR_SABBA
2024-09-03 02:52:57,028 - cinemas.hot_cinema - INFO - STARTED HOT CINEMA HAIFA
2024-09-03 02:52:57,185 - cinemas.hot_cinema - INFO - DONE HOT CINEMA HAIFA
2024-09-03 02:52:57,185 - cinemas.hot_cinema - INFO - STARTED HOT CINEMA PETACH_TIKVA
2024-09-03 02:52:57,336 - cinemas.hot_cinema - INFO - DONE HOT CINEMA PETACH_TIKVA
2024-09-03 02:52:57,336 - cinemas.hot_cinema - INFO - STARTED HOT CINEMA RECHOVOT
2024-09-03 02:52:57,488 - cinemas.hot_cinema - INFO - DONE HOT CINEMA RECHOVOT
2024-09-03 02:52:57,488 - cinemas.hot_cinema - INFO - STARTED HOT CINEMA ASHKELON
2024-09-03 02:52:57,639 - cinemas.hot_cinema - INFO - DONE HOT CINEMA ASHKELON
2024-09-03 02:52:57,639 - cinemas.hot_cinema - INFO - STARTED HOT CINEMA KARMIEL
2024-09-03 02:52:57,794 - cinemas.hot_cinema - INFO - DONE HOT CINEMA KARMIEL
2024-09-03 02:52:57,794 - cinemas.hot_cinema - INFO - STARTED HOT CINEMA NAHARIA
2024-09-03 02:52:57,945 - cinemas.hot_cinema - INFO - DONE HOT CINEMA NAHARIA
2024-09-03 02:52:57,945 - cinemas.hot_cinema - INFO - STARTED HOT CINEMA ASHDOD
2024-09-03 02:52:58,096 - cinemas.hot_cinema - INFO - DONE HOT CINEMA ASHDOD
2024-09-03 02:52:58,097 - cinemas.hot_cinema - INFO - DONE HOT CINEMA
2024-09-03 02:52:58,097 - cinemas.hot_cinema - INFO - STARTED HOT CINEMA
2024-09-03 02:52:58,097 - cinemas.hot_cinema - INFO - STARTED HOT CINEMA MODIIN
2024-09-03 02:52:58,250 - cinemas.hot_cinema - INFO - DONE HOT CINEMA MODIIN
2024-09-03 02:52:58,250 - cinemas.hot_cinema - INFO - STARTED HOT CINEMA KIRYON
2024-09-03 02:52:58,403 - cinemas.hot_cinema - INFO - DONE HOT CINEMA KIRYON
2024-09-03 02:52:58,403 - cinemas.hot_cinema - INFO - STARTED HOT CINEMA KFAR_SABBA
2024-09-03 02:52:58,557 - cinemas.hot_cinema - INFO - DONE HOT CINEMA KFAR_SABBA
2024-09-03 02:52:58,557 - cinemas.hot_cinema - INFO - STARTED HOT CINEMA HAIFA
2024-09-03 02:52:58,708 - cinemas.hot_cinema - INFO - DONE HOT CINEMA HAIFA
2024-09-03 02:52:58,708 - cinemas.hot_cinema - INFO - STARTED HOT CINEMA PETACH_TIKVA
2024-09-03 02:52:58,858 - cinemas.hot_cinema - INFO - DONE HOT CINEMA PETACH_TIKVA
2024-09-03 02:52:58,859 - cinemas.hot_cinema - INFO - STARTED HOT CINEMA RECHOVOT
2024-09-03 02:52:59,010 - cinemas.hot_cinema - INFO - DONE HOT CINEMA RECHOVOT
2024-09-03 02:52:59,010 - cinemas.hot_cinema - INFO - STARTED HOT CINEMA ASHKELON
2024-09-03 02:52:59,162 - cinemas.hot_cinema - INFO - DONE HOT CINEMA ASHKELON
2024-09-03 02:52:59,162 - cinemas.hot_cinema - INFO - STARTED HOT CINEMA KARMIEL
2024-09-03 02:52:59,313 - cinemas.hot_cinema - INFO - DONE HOT CINEMA KARMIEL
2024-09-03 02:52:59,313 - cinemas.hot_cinema - INFO - STARTED HOT CINEMA NAHARIA
2024-09-03 02:52:59,464 - cinemas.hot_cinema - INFO - DONE HOT CINEMA NAHARIA
2024-09-03 02:52:59,464 - cinemas.hot_cinema - INFO - STARTED HOT CINEMA ASHDOD
2024-09-03 02:52:59,615 - cinemas.hot_cinema - INFO - DONE HOT CINEMA ASHDOD
2024-09-03 02:52:59,615 - cinemas.hot_cinema - INFO - DONE HOT CINEMA
2024-09-03 02:52:59,615 - cinemas.cinema_city - INFO - STARTED CINEMA CITY
2024-09-03 02:52:59,615 - cinemas.cinema_city - INFO - STARTED CINEMA CITY GLILOT
2024-09-03 02:53:00,458 - cinemas.cinema_city - INFO - DONE CINEMA CITY GLILOT
2024-09-03 02:53:00,459 - cinemas.cinema_city - INFO - STARTED CINEMA CITY RISHON
2024-09-03 02:53:00,950 - cinemas.cinema_city - INFO - DONE CINEMA CITY RISHON
2024-09-03 02:53:00,950 - cinemas.cinema_city - INFO - STARTED CINEMA CITY JERUSALEM
2024-09-03 02:53:01,434 - cinemas.cinema_city - INFO - DONE CINEMA CITY JERUSALEM
2024-09-03 02:53:01,434 - cinemas.cinema_city - INFO - STARTED CINEMA CITY KFAR_SABBA
2024-09-03 02:53:01,924 - cinemas.cinema_city - INFO - DONE CINEMA CITY KFAR_SABBA
2024-09-03 02:53:01,924 - cinemas.cinema_city - INFO - STARTED CINEMA CITY NATANIA
2024-09-03 02:53:02,590 - cinemas.cinema_city - INFO - DONE CINEMA CITY NATANIA
2024-09-03 02:53:02,590 - cinemas.cinema_city - INFO - STARTED CINEMA CITY BEER_SHEVA
2024-09-03 02:53:03,086 - cinemas.cinema_city - INFO - DONE CINEMA CITY BEER_SHEVA
2024-09-03 02:53:03,086 - cinemas.cinema_city - INFO - STARTED CINEMA CITY HADERA
2024-09-03 02:53:03,570 - cinemas.cinema_city - INFO - DONE CINEMA CITY HADERA
2024-09-03 02:53:03,570 - cinemas.cinema_city - INFO - STARTED CINEMA CITY ASHDOD
2024-09-03 02:53:04,216 - cinemas.cinema_city - INFO - DONE CINEMA CITY ASHDOD
2024-09-03 02:53:04,216 - cinemas.cinema_city - INFO - DONE CINEMA CITY
2024-09-03 02:53:04,216 - cinemas.cinema_city - INFO - STARTED CINEMA CITY
2024-09-03 02:53:04,216 - cinemas.cinema_city - INFO - STARTED CINEMA CITY GLILOT
2024-09-03 02:53:04,681 - cinemas.cinema_city - INFO - DONE CINEMA CITY GLILOT
2024-09-03 02:53:04,681 - cinemas.cinema_city - INFO - STARTED CINEMA CITY RISHON
2024-09-03 02:53:05,146 - cinemas.cinema_city - INFO - DONE CINEMA CITY RISHON
2024-09-03 02:53:05,146 - cinemas.cinema_city - INFO - STARTED CINEMA CITY JERUSALEM
2024-09-03 02:53:05,798 - cinemas.cinema_city - INFO - DONE CINEMA CITY JERUSALEM
2024-09-03 02:53:05,798 - cinemas.cinema_city - INFO - STARTED CINEMA CITY KFAR_SABBA
2024-09-03 02:53:06,265 - cinemas.cinema_city - INFO - DONE CINEMA CITY KFAR_SABBA
2024-09-03 02:53:06,265 - cinemas.cinema_city - INFO - STARTED CINEMA CITY NATANIA
2024-09-03 02:53:06,734 - cinemas.cinema_city - INFO - DONE CINEMA CITY NATANIA
2024-09-03 02:53:06,734 - cinemas.cinema_city - INFO - STARTED CINEMA CITY BEER_SHEVA
2024-09-03 02:53:07,193 - cinemas.cinema_city - INFO - DONE CINEMA CITY BEER_SHEVA
2024-09-03 02:53:07,193 - cinemas.cinema_city - INFO - STARTED CINEMA CITY HADERA
2024-09-03 02:53:07,660 - cinemas.cinema_city - INFO - DONE CINEMA CITY HADERA
2024-09-03 02:53:07,660 - cinemas.cinema_city - INFO - STARTED CINEMA CITY ASHDOD
2024-09-03 02:53:08,135 - cinemas.cinema_city - INFO - DONE CINEMA CITY ASHDOD
2024-09-03 02:53:08,135 - cinemas.cinema_city - INFO - DONE CINEMA CITY
2024-09-03 02:53:08,135 - cinemas.lev - INFO - STARTED LEV
2024-09-03 02:53:12,109 - proxy - INFO - Proxy: {'YourFuckingIPAddress': '45.150.108.127', 'YourFuckingLocation': 'Israel', 'YourFuckingHostname': '45.150.108.127', 'YourFuckingISP': 'BlueVPS OU', 'YourFuckingTorExit': False, 'YourFuckingCity': '', 'YourFuckingCountry': 'Israel', 'YourFuckingCountryCode': 'IL'}
2024-09-03 02:53:12,109 - cinemas.lev - INFO - STARTED LEV TEL_AVIV
2024-09-03 02:53:12,397 - cinemas.lev - INFO - DONE LEV TEL_AVIV
2024-09-03 02:53:12,397 - cinemas.lev - INFO - STARTED LEV RAMAT_HASHARON
2024-09-03 02:53:12,880 - cinemas.lev - INFO - DONE LEV RAMAT_HASHARON
2024-09-03 02:53:12,880 - cinemas.lev - INFO - STARTED LEV MANDARIN
2024-09-03 02:53:13,069 - cinemas.lev - INFO - DONE LEV MANDARIN
2024-09-03 02:53:13,070 - cinemas.lev - INFO - STARTED LEV EVEN_YEHUDA
2024-09-03 02:53:13,347 - cinemas.lev - INFO - DONE LEV EVEN_YEHUDA
2024-09-03 02:53:13,347 - cinemas.lev - INFO - STARTED LEV SMADAR
2024-09-03 02:53:13,657 - cinemas.lev - INFO - DONE LEV SMADAR
2024-09-03 02:53:13,658 - cinemas.lev - INFO - STARTED LEV RAANANA
2024-09-03 02:53:14,029 - cinemas.lev - INFO - DONE LEV RAANANA
2024-09-03 02:53:14,029 - cinemas.lev - INFO - STARTED LEV OMER
2024-09-03 02:53:14,376 - cinemas.lev - INFO - DONE LEV OMER
2024-09-03 02:53:14,376 - cinemas.lev - INFO - STARTED LEV SHOHAM
2024-09-03 02:53:14,690 - cinemas.lev - INFO - DONE LEV SHOHAM
2024-09-03 02:53:14,690 - cinemas.lev - INFO - STARTED LEV DANIEL
2024-09-03 02:53:15,000 - cinemas.lev - INFO - DONE LEV DANIEL
2024-09-03 02:53:15,000 - proxy - INFO - Proxy removed
2024-09-03 02:53:15,000 - cinemas.lev - INFO - DONE LEV
2024-09-03 02:53:15,000 - cinemas.lev - INFO - STARTED LEV
2024-09-03 02:53:15,511 - proxy - INFO - Proxy: {'YourFuckingIPAddress': '45.150.108.127', 'YourFuckingLocation': 'Israel', 'YourFuckingHostname': '45.150.108.127', 'YourFuckingISP': 'BlueVPS OU', 'YourFuckingTorExit': False, 'YourFuckingCity': '', 'YourFuckingCountry': 'Israel', 'YourFuckingCountryCode': 'IL'}
2024-09-03 02:53:15,511 - cinemas.lev - INFO - STARTED LEV TEL_AVIV
2024-09-03 02:53:15,916 - cinemas.lev - INFO - DONE LEV TEL_AVIV
2024-09-03 02:53:15,916 - cinemas.lev - INFO - STARTED LEV RAMAT_HASHARON
2024-09-03 02:53:16,244 - cinemas.lev - INFO - DONE LEV RAMAT_HASHARON
2024-09-03 02:53:16,244 - cinemas.lev - INFO - STARTED LEV MANDARIN
2024-09-03 02:53:16,528 - cinemas.lev - INFO - DONE LEV MANDARIN
2024-09-03 02:53:16,528 - cinemas.lev - INFO - STARTED LEV EVEN_YEHUDA
2024-09-03 02:53:16,734 - cinemas.lev - INFO - DONE LEV EVEN_YEHUDA
2024-09-03 02:53:16,734 - cinemas.lev - INFO - STARTED LEV SMADAR
2024-09-03 02:53:17,115 - cinemas.lev - INFO - DONE LEV SMADAR
2024-09-03 02:53:17,115 - cinemas.lev - INFO - STARTED LEV RAANANA
2024-09-03 02:53:17,381 - cinemas.lev - INFO - DONE LEV RAANANA
2024-09-03 02:53:17,382 - cinemas.lev - INFO - STARTED LEV OMER
2024-09-03 02:53:17,771 - cinemas.lev - INFO - DONE LEV OMER
2024-09-03 02:53:17,771 - cinemas.lev - INFO - STARTED LEV SHOHAM
2024-09-03 02:53:18,126 - cinemas.lev - INFO - DONE LEV SHOHAM
2024-09-03 02:53:18,126 - cinemas.lev - INFO - STARTED LEV DANIEL
2024-09-03 02:53:18,436 - cinemas.lev - INFO - DONE LEV DANIEL
2024-09-03 02:53:18,436 - proxy - INFO - Proxy removed
2024-09-03 02:53:18,436 - cinemas.lev - INFO - DONE LEV
2024-09-03 02:53:18,436 - cinemas.movieland - INFO - STARTED Movie Land
2024-09-03 02:53:18,437 - cinemas.movieland - INFO - STARTED Movie Land CARMIEL
2024-09-03 02:53:18,437 - cinemas.movieland - INFO - DONE Movie Land CARMIEL
2024-09-03 02:53:18,437 - cinemas.movieland - INFO - STARTED Movie Land HAIFA
2024-09-03 02:53:18,437 - cinemas.movieland - INFO - DONE Movie Land HAIFA
2024-09-03 02:53:18,437 - cinemas.movieland - INFO - STARTED Movie Land NATANYA
2024-09-03 02:53:18,437 - cinemas.movieland - INFO - DONE Movie Land NATANYA
2024-09-03 02:53:18,437 - cinemas.movieland - INFO - DONE Movie Land
2024-09-03 02:53:18,437 - cinemas.movieland - INFO - STARTED Movie Land
2024-09-03 02:53:18,437 - cinemas.movieland - INFO - STARTED Movie Land CARMIEL
2024-09-03 02:53:18,438 - cinemas.movieland - INFO - DONE Movie Land CARMIEL
2024-09-03 02:53:18,438 - cinemas.movieland - INFO - STARTED Movie Land HAIFA
2024-09-03 02:53:18,438 - cinemas.movieland - INFO - DONE Movie Land HAIFA
2024-09-03 02:53:18,438 - cinemas.movieland - INFO - STARTED Movie Land NATANYA
2024-09-03 02:53:18,438 - cinemas.movieland - INFO - DONE Movie Land NATANYA
2024-09-03 02:53:18,438 - cinemas.movieland - INFO - DONE Movie Land
2024-09-03 02:53:18,488 - seret.movie_info_fetchers.composite - INFO - Got info for העורב using ElasticMovieInfoFetcher
2024-09-03 02:53:18,529 - seret.movie_info_fetchers.composite - INFO - Got info for The Crow using ElasticMovieInfoFetcher
2024-09-03 02:53:18,530 - seret.info_fetcher - ERROR - Failed to get info for The Crow and העורב
2024-09-03 02:53:19,911 - seret.movie_info_fetchers.composite - INFO - Got info for איתנו זה נגמר using ElasticMovieInfoFetcher
2024-09-03 02:53:21,448 - seret.movie_info_fetchers.composite - INFO - Got info for It Ends with Us using ElasticMovieInfoFetcher
2024-09-03 02:53:22,203 - seret.movie_info_fetchers.composite - INFO - Got info for דדפול ווולברין using ElasticMovieInfoFetcher
2024-09-03 02:53:23,098 - seret.movie_info_fetchers.composite - INFO - Got info for Deadpool and Wolverine using ElasticMovieInfoFetcher
2024-09-03 02:53:23,914 - seret.movie_info_fetchers.composite - INFO - Got info for המושב האחורי using ElasticMovieInfoFetcher
2024-09-03 02:53:24,387 - seret.movie_info_fetchers.composite - INFO - Got info for Daddio using ElasticMovieInfoFetcher
2024-09-03 02:53:25,747 - seret.movie_info_fetchers.composite - INFO - Got info for מזל חתולה using ElasticMovieInfoFetcher
2024-09-03 02:53:26,650 - seret.movie_info_fetchers.composite - INFO - Got info for Cat's Luck using ElasticMovieInfoFetcher
2024-09-03 02:53:27,482 - seret.movie_info_fetchers.composite - INFO - Got info for צאי מזה using ElasticMovieInfoFetcher
2024-09-03 02:53:28,164 - seret.movie_info_fetchers.composite - INFO - Got info for Blink Twice using ElasticMovieInfoFetcher
2024-09-03 02:53:29,637 - seret.movie_info_fetchers.composite - INFO - Got info for עוד משהו בקטנה using ElasticMovieInfoFetcher
2024-09-03 02:53:30,286 - seret.movie_info_fetchers.composite - INFO - Got info for A Little Something Extra using ElasticMovieInfoFetcher
2024-09-03 02:53:31,465 - seret.movie_info_fetchers.composite - INFO - Got info for קח אותי לירח using ElasticMovieInfoFetcher
2024-09-03 02:53:32,643 - seret.movie_info_fetchers.composite - INFO - Got info for Fly Me to the Moon using ElasticMovieInfoFetcher
2024-09-03 02:53:33,701 - seret.movie_info_fetchers.composite - INFO - Got info for החתול בעל 10 הנשמות using ElasticMovieInfoFetcher
2024-09-03 02:53:34,549 - seret.movie_info_fetchers.composite - INFO - Got info for 10 Lives using ElasticMovieInfoFetcher
2024-09-03 02:53:35,467 - seret.movie_info_fetchers.composite - INFO - Got info for הקול בראש 2 using ElasticMovieInfoFetcher
2024-09-03 02:53:36,257 - seret.movie_info_fetchers.composite - INFO - Got info for Inside out 2 using ElasticMovieInfoFetcher
2024-09-03 02:53:36,864 - seret.movie_info_fetchers.composite - INFO - Got info for עיפרון הקסם using ElasticMovieInfoFetcher
2024-09-03 02:53:37,944 - seret.movie_info_fetchers.composite - INFO - Got info for Harold And The Purple Crayon using ElasticMovieInfoFetcher
2024-09-03 02:53:39,871 - seret.movie_info_fetchers.composite - INFO - Got info for עשרה חודשים - נפלאות האילוזיה using ElasticMovieInfoFetcher
2024-09-03 02:53:40,407 - seret.movie_info_fetchers.composite - INFO - Got info for ten month using ElasticMovieInfoFetcher
2024-09-03 02:53:41,011 - seret.movie_info_fetchers.composite - INFO - Got info for הנוסע השמיני: רומולוס using ElasticMovieInfoFetcher
2024-09-03 02:53:41,778 - seret.movie_info_fetchers.composite - INFO - Got info for Alien: Romulus using ElasticMovieInfoFetcher
2024-09-03 02:53:43,306 - seret.movie_info_fetchers.composite - INFO - Got info for גולסטאר הסרט: מרוסקים using ElasticMovieInfoFetcher
2024-09-03 02:53:43,312 - seret.movie_info_fetchers.composite - INFO - Got info for Golstar using ElasticMovieInfoFetcher
2024-09-03 02:53:44,176 - seret.movie_info_fetchers.composite - INFO - Got info for בורדרלנדס using ElasticMovieInfoFetcher
2024-09-03 02:53:44,777 - seret.movie_info_fetchers.composite - INFO - Got info for Borderlands using ElasticMovieInfoFetcher
2024-09-03 02:53:47,073 - seret.movie_info_fetchers.composite - INFO - Got info for אג'ומה using ElasticMovieInfoFetcher
2024-09-03 02:53:47,604 - seret.movie_info_fetchers.composite - INFO - Got info for Ajoomma using ElasticMovieInfoFetcher
2024-09-03 02:53:49,544 - seret.movie_info_fetchers.composite - INFO - Got info for אדוני השופט using ElasticMovieInfoFetcher
2024-09-03 02:53:50,012 - seret.movie_info_fetchers.composite - INFO - Got info for Take a Chance On Me using ElasticMovieInfoFetcher
2024-09-03 02:53:50,602 - seret.movie_info_fetchers.composite - INFO - Got info for It Ends With Us using ElasticMovieInfoFetcher
2024-09-03 02:53:51,797 - seret.movie_info_fetchers.composite - INFO - Got info for ג'ולס using ElasticMovieInfoFetcher
2024-09-03 02:53:52,447 - seret.movie_info_fetchers.composite - INFO - Got info for Jules using ElasticMovieInfoFetcher
2024-09-03 02:53:53,904 - seret.movie_info_fetchers.composite - INFO - Got info for גיבורה בהפתעה 2 - טובים השניים מן האחד using ElasticMovieInfoFetcher
2024-09-03 02:53:55,263 - seret.movie_info_fetchers.composite - INFO - Got info for Combat Wombat 2 using ElasticMovieInfoFetcher
2024-09-03 02:53:55,951 - seret.movie_info_fetchers.composite - INFO - Got info for גנוב על החיים using ElasticMovieInfoFetcher
2024-09-03 02:53:56,546 - seret.movie_info_fetchers.composite - INFO - Got info for Despicable Me 4 using ElasticMovieInfoFetcher
2024-09-03 02:53:57,211 - seret.movie_info_fetchers.composite - INFO - Got info for דדפול & וולברין using ElasticMovieInfoFetcher
2024-09-03 02:53:57,899 - seret.movie_info_fetchers.composite - INFO - Got info for Deadpool & Wolverine using ElasticMovieInfoFetcher
2024-09-03 02:53:59,297 - seret.movie_info_fetchers.composite - INFO - Got info for הנזיר והרובה using ElasticMovieInfoFetcher
2024-09-03 02:53:59,865 - seret.movie_info_fetchers.composite - INFO - Got info for The Monk and the Gun using ElasticMovieInfoFetcher
2024-09-03 02:54:00,437 - seret.movie_info_fetchers.composite - INFO - Got info for Inside Out 2 using ElasticMovieInfoFetcher
2024-09-03 02:54:00,445 - seret.movie_info_fetchers.composite - INFO - Got info for הקיץ האחרון using ElasticMovieInfoFetcher
2024-09-03 02:54:01,824 - seret.movie_info_fetchers.composite - INFO - Got info for Last Summer using ElasticMovieInfoFetcher
2024-09-03 02:54:02,737 - imdb_api - ERROR - id='tt27953589', movie='Hemda'
Traceback (most recent call last):
  File "/home/runner/work/Movie-Time-Server/Movie-Time-Server/seret/movie_raters/imdb_api.py", line 67, in get_imdb_rating
    return info["aggregateRating"]['ratingValue']
           ~~~~^^^^^^^^^^^^^^^^^^^
KeyError: 'aggregateRating'
2024-09-03 02:54:02,737 - seret.movie_raters.composite - WARNING - Failed to get rating for Hemda
2024-09-03 02:54:02,875 - seret.movie_raters.composite - WARNING - Failed to get rating for חמדה
2024-09-03 02:54:02,875 - seret.movie_info_fetchers.composite - INFO - Got info for חמדה using ElasticMovieInfoFetcher
2024-09-03 02:54:03,622 - imdb_api - ERROR - id='tt27953589', movie='Hemda'
Traceback (most recent call last):
  File "/home/runner/work/Movie-Time-Server/Movie-Time-Server/seret/movie_raters/imdb_api.py", line 67, in get_imdb_rating
    return info["aggregateRating"]['ratingValue']
           ~~~~^^^^^^^^^^^^^^^^^^^
KeyError: 'aggregateRating'
2024-09-03 02:54:03,622 - seret.movie_raters.composite - WARNING - Failed to get rating for Hemda
2024-09-03 02:54:03,635 - seret.movie_raters.composite - WARNING - Failed to get rating for חמדה
2024-09-03 02:54:03,635 - seret.movie_info_fetchers.composite - INFO - Got info for Hemda using ElasticMovieInfoFetcher
2024-09-03 02:54:05,024 - seret.movie_info_fetchers.composite - INFO - Got info for טאטאמי using ElasticMovieInfoFetcher
2024-09-03 02:54:05,828 - seret.movie_info_fetchers.composite - INFO - Got info for TATAMI using ElasticMovieInfoFetcher
2024-09-03 02:54:07,597 - seret.movie_info_fetchers.composite - INFO - Got info for להציל את היער using ElasticMovieInfoFetcher
2024-09-03 02:54:08,091 - seret.movie_info_fetchers.composite - INFO - Got info for Ozi - The Voice of The Forest using ElasticMovieInfoFetcher
2024-09-03 02:54:08,861 - seret.movie_info_fetchers.composite - INFO - Got info for Mazal Hutula using ElasticMovieInfoFetcher
2024-09-03 02:54:10,248 - imdb_api - ERROR - id='tt9371598', movie='This Time Next Year'
Traceback (most recent call last):
  File "/home/runner/work/Movie-Time-Server/Movie-Time-Server/seret/movie_raters/imdb_api.py", line 67, in get_imdb_rating
    return info["aggregateRating"]['ratingValue']
           ~~~~^^^^^^^^^^^^^^^^^^^
KeyError: 'aggregateRating'
2024-09-03 02:54:10,249 - seret.movie_raters.composite - WARNING - Failed to get rating for This Time Next Year
2024-09-03 02:54:10,437 - seret.movie_raters.composite - WARNING - Failed to get rating for מזל שנפגשנו
2024-09-03 02:54:10,437 - seret.movie_info_fetchers.composite - INFO - Got info for מזל שנפגשנו using ElasticMovieInfoFetcher
2024-09-03 02:54:11,007 - imdb_api - ERROR - id='tt9371598', movie='This Time Next Year'
Traceback (most recent call last):
  File "/home/runner/work/Movie-Time-Server/Movie-Time-Server/seret/movie_raters/imdb_api.py", line 67, in get_imdb_rating
    return info["aggregateRating"]['ratingValue']
           ~~~~^^^^^^^^^^^^^^^^^^^
KeyError: 'aggregateRating'
2024-09-03 02:54:11,007 - seret.movie_raters.composite - WARNING - Failed to get rating for This Time Next Year
2024-09-03 02:54:11,058 - seret.movie_raters.composite - WARNING - Failed to get rating for מזל שנפגשנו
2024-09-03 02:54:11,059 - seret.movie_info_fetchers.composite - INFO - Got info for This Time Next Year using ElasticMovieInfoFetcher
2024-09-03 02:54:12,118 - seret.movie_info_fetchers.composite - INFO - Got info for מחר יום חדש using ElasticMovieInfoFetcher
2024-09-03 02:54:12,742 - seret.movie_info_fetchers.composite - INFO - Got info for There Is Still Tomorrow using ElasticMovieInfoFetcher
2024-09-03 02:54:14,084 - seret.movie_info_fetchers.composite - INFO - Got info for סוד החיים הפשוטים using ElasticMovieInfoFetcher
2024-09-03 02:54:15,172 - seret.movie_info_fetchers.composite - INFO - Got info for Les Choses Simples using ElasticMovieInfoFetcher
2024-09-03 02:54:16,621 - seret.movie_info_fetchers.composite - INFO - Got info for עולם מפריד בינינו using ElasticMovieInfoFetcher
2024-09-03 02:54:18,432 - seret.movie_info_fetchers.composite - INFO - Got info for A World Apart using ElasticMovieInfoFetcher
2024-09-03 02:54:20,465 - imdb_api - ERROR - id='tt27518625', movie='Fallen Leaves'
Traceback (most recent call last):
  File "/home/runner/work/Movie-Time-Server/Movie-Time-Server/seret/movie_raters/imdb_api.py", line 67, in get_imdb_rating
    return info["aggregateRating"]['ratingValue']
           ~~~~^^^^^^^^^^^^^^^^^^^
KeyError: 'aggregateRating'
2024-09-03 02:54:20,465 - seret.movie_raters.composite - WARNING - Failed to get rating for Fallen Leaves
2024-09-03 02:54:20,596 - seret.movie_raters.composite - WARNING - Failed to get rating for עלי שלכת
2024-09-03 02:54:20,596 - seret.movie_info_fetchers.composite - INFO - Got info for עלי שלכת using ElasticMovieInfoFetcher
2024-09-03 02:54:21,100 - imdb_api - ERROR - id='tt27518625', movie='Fallen Leaves'
Traceback (most recent call last):
  File "/home/runner/work/Movie-Time-Server/Movie-Time-Server/seret/movie_raters/imdb_api.py", line 67, in get_imdb_rating
    return info["aggregateRating"]['ratingValue']
           ~~~~^^^^^^^^^^^^^^^^^^^
KeyError: 'aggregateRating'
2024-09-03 02:54:21,100 - seret.movie_raters.composite - WARNING - Failed to get rating for Fallen Leaves
2024-09-03 02:54:21,113 - seret.movie_raters.composite - WARNING - Failed to get rating for עלי שלכת
2024-09-03 02:54:21,113 - seret.movie_info_fetchers.composite - INFO - Got info for Fallen Leaves using ElasticMovieInfoFetcher
2024-09-03 02:54:22,077 - seret.movie_info_fetchers.composite - INFO - Got info for קאש אאוט using ElasticMovieInfoFetcher
2024-09-03 02:54:24,794 - seret.movie_info_fetchers.composite - INFO - Got info for Cash Out using ElasticMovieInfoFetcher
2024-09-03 02:54:25,587 - seret.movie_info_fetchers.composite - INFO - Got info for תלמה using ElasticMovieInfoFetcher
2024-09-03 02:54:26,158 - seret.movie_info_fetchers.composite - INFO - Got info for Thelma using ElasticMovieInfoFetcher
2024-09-03 02:54:27,280 - seret.movie_info_fetchers.composite - INFO - Got info for בחורים רעים: הכל או כלום using ElasticMovieInfoFetcher
2024-09-03 02:54:27,822 - seret.movie_info_fetchers.composite - INFO - Got info for Bad Boys: Ride or Die using ElasticMovieInfoFetcher
2024-09-03 02:54:30,475 - seret.movie_info_fetchers.composite - INFO - Got info for 10 lives using ElasticMovieInfoFetcher
2024-09-03 02:54:30,482 - seret.movie_info_fetchers.composite - INFO - Got info for הילד השישי using ElasticMovieInfoFetcher
2024-09-03 02:54:30,488 - seret.movie_info_fetchers.composite - INFO - Got info for The Sixth Child using ElasticMovieInfoFetcher
2024-09-03 02:54:30,488 - seret.info_fetcher - ERROR - Failed to get info for The Sixth Child and הילד השישי
2024-09-03 02:54:32,190 - seret.movie_info_fetchers.composite - INFO - Got info for מחכים לדאלי using ElasticMovieInfoFetcher
2024-09-03 02:54:32,695 - seret.movie_info_fetchers.composite - INFO - Got info for Waiting for Dali using ElasticMovieInfoFetcher
2024-09-03 02:54:34,195 - seret.movie_info_fetchers.composite - INFO - Got info for מטוסי על: הסרט using ElasticMovieInfoFetcher
2024-09-03 02:54:34,956 - seret.movie_info_fetchers.composite - INFO - Got info for Super Wings the movie: Maximum Speed using ElasticMovieInfoFetcher
2024-09-03 02:54:35,743 - seret.movie_info_fetchers.composite - INFO - Got info for רצח ממבט ראשון using ElasticMovieInfoFetcher
2024-09-03 02:54:36,418 - seret.movie_info_fetchers.composite - INFO - Got info for Strange Darling using ElasticMovieInfoFetcher
2024-09-03 02:54:38,351 - seret.movie_info_fetchers.composite - INFO - Got info for התיבה של נח using ElasticMovieInfoFetcher
2024-09-03 02:54:38,358 - seret.movie_info_fetchers.composite - INFO - Got info for Noah's Ark using ElasticMovieInfoFetcher
2024-09-03 02:54:40,157 - seret.movie_info_fetchers.composite - INFO - Got info for נמר מי שמדבר using ElasticMovieInfoFetcher
2024-09-03 02:54:40,163 - seret.movie_info_fetchers.composite - INFO - Got info for Extinction using ElasticMovieInfoFetcher
2024-09-03 02:54:40,883 - seret.movie_info_fetchers.composite - INFO - Got info for Longlegs using ElasticMovieInfoFetcher
2024-09-03 02:54:42,048 - seret.movie_info_fetchers.composite - INFO - Got info for אמילי והיגואר האחרון using ElasticMovieInfoFetcher
2024-09-03 02:54:42,589 - seret.movie_info_fetchers.composite - INFO - Got info for Autumn and the Black Jaguar using ElasticMovieInfoFetcher
2024-09-03 02:54:43,129 - seret.movie_info_fetchers.composite - INFO - Got info for Harold and the Purple Crayon using ElasticMovieInfoFetcher
2024-09-03 02:54:44,626 - seret.movie_info_fetchers.composite - INFO - Got info for מלכוד בחדר הבקרה using ElasticMovieInfoFetcher
2024-09-03 02:54:45,686 - seret.movie_info_fetchers.composite - INFO - Got info for Wire Room using ElasticMovieInfoFetcher
2024-09-03 02:54:46,785 - seret.movie_info_fetchers.composite - INFO - Got info for קונג פו פנדה 4 using ElasticMovieInfoFetcher
2024-09-03 02:54:47,752 - seret.movie_info_fetchers.composite - INFO - Got info for Kung Fu Panda 4 using ElasticMovieInfoFetcher
2024-09-03 02:54:48,488 - seret.movie_info_fetchers.composite - INFO - Got info for DESPICABLE ME 4 using ElasticMovieInfoFetcher
2024-09-03 02:54:50,045 - imdb_api - ERROR - id='tt27903484', movie='On the wandering paths'
Traceback (most recent call last):
  File "/home/runner/work/Movie-Time-Server/Movie-Time-Server/seret/movie_raters/imdb_api.py", line 67, in get_imdb_rating
    return info["aggregateRating"]['ratingValue']
           ~~~~^^^^^^^^^^^^^^^^^^^
KeyError: 'aggregateRating'
2024-09-03 02:54:50,045 - seret.movie_raters.composite - WARNING - Failed to get rating for On the wandering paths
2024-09-03 02:54:50,293 - seret.movie_raters.composite - WARNING - Failed to get rating for הדרכים הלא ידועות
2024-09-03 02:54:50,293 - seret.movie_info_fetchers.composite - INFO - Got info for הדרכים הלא ידועות using ElasticMovieInfoFetcher
2024-09-03 02:54:50,729 - imdb_api - ERROR - id='tt27903484', movie='On the wandering paths'
Traceback (most recent call last):
  File "/home/runner/work/Movie-Time-Server/Movie-Time-Server/seret/movie_raters/imdb_api.py", line 67, in get_imdb_rating
    return info["aggregateRating"]['ratingValue']
           ~~~~^^^^^^^^^^^^^^^^^^^
KeyError: 'aggregateRating'
2024-09-03 02:54:50,729 - seret.movie_raters.composite - WARNING - Failed to get rating for On the wandering paths
2024-09-03 02:54:50,743 - seret.movie_raters.composite - WARNING - Failed to get rating for הדרכים הלא ידועות
2024-09-03 02:54:50,744 - seret.movie_info_fetchers.composite - INFO - Got info for On the wandering paths using ElasticMovieInfoFetcher
2024-09-03 02:54:52,369 - seret.movie_info_fetchers.composite - INFO - Got info for הפשע כולו שלי using ElasticMovieInfoFetcher
2024-09-03 02:54:52,894 - seret.movie_info_fetchers.composite - INFO - Got info for The Crime is Mine using ElasticMovieInfoFetcher
2024-09-03 02:54:54,225 - seret.movie_info_fetchers.composite - INFO - Got info for חוצה את הגבול using ElasticMovieInfoFetcher
2024-09-03 02:54:54,904 - seret.movie_info_fetchers.composite - INFO - Got info for Wanted Man using ElasticMovieInfoFetcher
2024-09-03 02:54:55,401 - seret.movie_info_fetchers.composite - INFO - Got info for Tatami using ElasticMovieInfoFetcher
2024-09-03 02:54:56,198 - seret.movie_info_fetchers.composite - INFO - Got info for טוויסטרס using ElasticMovieInfoFetcher
2024-09-03 02:54:56,204 - seret.movie_info_fetchers.composite - INFO - Got info for Twisters using ElasticMovieInfoFetcher
2024-09-03 02:54:56,740 - seret.movie_info_fetchers.composite - INFO - Got info for Waiting For Dali using ElasticMovieInfoFetcher
2024-09-03 02:54:57,339 - seret.movie_info_fetchers.composite - INFO - Got info for There's Still Tomorrow using ElasticMovieInfoFetcher
2024-09-03 02:54:58,412 - imdb_api - ERROR - id='tt33131980', movie='Jewish Revenge 6: Gaza in Focus'
Traceback (most recent call last):
  File "/home/runner/work/Movie-Time-Server/Movie-Time-Server/seret/movie_raters/imdb_api.py", line 67, in get_imdb_rating
    return info["aggregateRating"]['ratingValue']
           ~~~~^^^^^^^^^^^^^^^^^^^
KeyError: 'aggregateRating'
2024-09-03 02:54:58,412 - seret.movie_raters.composite - WARNING - Failed to get rating for Jewish Revenge 6: Gaza in Focus
2024-09-03 02:54:58,621 - seret.movie_raters.composite - WARNING - Failed to get rating for נקמה יהודית 6: עזה במוקד
2024-09-03 02:54:58,621 - seret.movie_info_fetchers.composite - INFO - Got info for נקמה יהודית 6 using ElasticMovieInfoFetcher
2024-09-03 02:54:59,561 - seret.movie_info_fetchers.composite - INFO - Got info for Un p'tit truc en plus using ElasticMovieInfoFetcher
2024-09-03 02:55:01,351 - seret.movie_info_fetchers.composite - INFO - Got info for ריאליטי using ElasticMovieInfoFetcher
2024-09-03 02:55:01,933 - seret.movie_info_fetchers.composite - INFO - Got info for Reality using ElasticMovieInfoFetcher
2024-09-03 02:55:02,745 - seret.movie_info_fetchers.composite - INFO - Got info for STRANGE DARLING using ElasticMovieInfoFetcher
2024-09-03 02:55:03,258 - seret.movie_info_fetchers.composite - INFO - Got info for התיבה של נוח using ElasticMovieInfoFetcher
2024-09-03 02:55:03,265 - seret.movie_info_fetchers.composite - INFO - Got info for Noah's Ark using ElasticMovieInfoFetcher
2024-09-03 02:55:03,800 - seret.movie_info_fetchers.composite - INFO - Got info for גיבורה בהפתעה 2 - טובים השניים מן האחד-מ using ElasticMovieInfoFetcher
2024-09-03 02:55:04,334 - seret.movie_info_fetchers.composite - INFO - Got info for Combat Wombat 2 - Back 2 Back using ElasticMovieInfoFetcher
2024-09-03 02:55:05,119 - seret.movie_info_fetchers.composite - INFO - Got info for Ozi: Voice of the Forest using ElasticMovieInfoFetcher
2024-09-03 02:55:06,163 - seret.movie_info_fetchers.composite - INFO - Got info for הרוע אינו קיים using ElasticMovieInfoFetcher
2024-09-03 02:55:07,217 - seret.movie_info_fetchers.composite - INFO - Got info for Evil Does Not Exist using ElasticMovieInfoFetcher
2024-09-03 02:55:07,828 - seret.movie_info_fetchers.composite - INFO - Got info for ימים מושלמים using ElasticMovieInfoFetcher
2024-09-03 02:55:07,840 - seret.movie_info_fetchers.composite - INFO - Got info for Perfect Days using ElasticMovieInfoFetcher
2024-09-03 02:55:08,576 - seret.movie_info_fetchers.composite - INFO - Got info for The Monk And The Gun using ElasticMovieInfoFetcher
2024-09-03 02:55:10,391 - seret.movie_info_fetchers.composite - INFO - Got info for תמימות- טרום בכורה using ElasticMovieInfoFetcher
2024-09-03 02:55:11,117 - seret.movie_info_fetchers.composite - INFO - Got info for Monster using ElasticMovieInfoFetcher
2024-09-03 02:55:11,753 - seret.movie_info_fetchers.composite - INFO - Got info for 10 Lives Dubbed using ElasticMovieInfoFetcher
2024-09-03 02:55:14,287 - seret.movie_info_fetchers.composite - INFO - Got info for DADDIO using ElasticMovieInfoFetcher
2024-09-03 02:55:15,105 - seret.movie_info_fetchers.composite - INFO - Got info for Un mondo a parte using ElasticMovieInfoFetcher
2024-09-03 02:55:15,726 - seret.movie_info_fetchers.composite - INFO - Got info for Ozi Voice Of The Forest using ElasticMovieInfoFetcher
2024-09-03 02:55:16,263 - seret.movie_info_fetchers.composite - INFO - Got info for HAROLD AND THE PURPLE CRAYON using ElasticMovieInfoFetcher
2024-09-03 02:55:16,898 - seret.movie_info_fetchers.composite - INFO - Got info for גארפילד using ElasticMovieInfoFetcher
2024-09-03 02:55:16,908 - seret.movie_info_fetchers.composite - INFO - Got info for The Garfield Movie using ElasticMovieInfoFetcher
2024-09-03 02:55:17,303 - imdb_api - ERROR - id='tt27903484', movie='On the wandering paths'
Traceback (most recent call last):
  File "/home/runner/work/Movie-Time-Server/Movie-Time-Server/seret/movie_raters/imdb_api.py", line 67, in get_imdb_rating
    return info["aggregateRating"]['ratingValue']
           ~~~~^^^^^^^^^^^^^^^^^^^
KeyError: 'aggregateRating'
2024-09-03 02:55:17,303 - seret.movie_raters.composite - WARNING - Failed to get rating for On the wandering paths
2024-09-03 02:55:17,312 - seret.movie_raters.composite - WARNING - Failed to get rating for הדרכים הלא ידועות
2024-09-03 02:55:17,312 - seret.movie_info_fetchers.composite - INFO - Got info for On the Wandering Paths using ElasticMovieInfoFetcher
2024-09-03 02:55:17,752 - seret.movie_info_fetchers.composite - INFO - Got info for גולסטאר הסרט - מרוסקים using ElasticMovieInfoFetcher
2024-09-03 02:55:17,757 - seret.movie_info_fetchers.composite - INFO - Got info for Golstar using ElasticMovieInfoFetcher
2024-09-03 02:55:19,257 - seret.movie_info_fetchers.composite - INFO - Got info for חברים דמיוניים using ElasticMovieInfoFetcher
2024-09-03 02:55:19,931 - seret.movie_info_fetchers.composite - INFO - Got info for Imaginary Friends (IF using ElasticMovieInfoFetcher
2024-09-03 02:55:19,939 - seret.movie_info_fetchers.composite - INFO - Got info for גארפילד - הסרט using ElasticMovieInfoFetcher
2024-09-03 02:55:19,947 - seret.movie_info_fetchers.composite - INFO - Got info for The Garfield Movie using ElasticMovieInfoFetcher
2024-09-03 02:55:19,947 - seret.info_fetcher - ERROR - Failed to get info for The Garfield Movie and גארפילד - הסרט
2024-09-03 02:55:19,956 - seret.movie_info_fetchers.composite - INFO - Got info for THE GARFIELD MOVIE using ElasticMovieInfoFetcher
2024-09-03 02:55:22,551 - seret.movie_info_fetchers.composite - INFO - Got info for לאסי 2 - הרפתקה חדשה using ElasticMovieInfoFetcher
2024-09-03 02:55:23,305 - seret.movie_info_fetchers.composite - INFO - Got info for Lassie 2 - A New Adventure using ElasticMovieInfoFetcher
2024-09-03 02:55:24,107 - seret.movie_info_fetchers.composite - INFO - Got info for סינמה קידס נתניה - גנוב על החיים using ElasticMovieInfoFetcher
2024-09-03 02:55:24,586 - seret.movie_info_fetchers.composite - INFO - Got info for Despicable Me 4 using ElasticMovieInfoFetcher
2024-09-03 02:55:25,126 - seret.movie_info_fetchers.composite - INFO - Got info for Despicable Me 4 Dubbed using ElasticMovieInfoFetcher
2024-09-03 02:55:26,624 - seret.movie_info_fetchers.composite - INFO - Got info for טאבו: עמוס גוטמן + שיח יוצר using ElasticMovieInfoFetcher
2024-09-03 02:55:27,095 - seret.movie_info_fetchers.composite - INFO - Got info for TABOO – Amos Guttman using ElasticMovieInfoFetcher
2024-09-03 02:55:27,637 - seret.movie_info_fetchers.composite - INFO - Got info for Autumn and the Black Jaguar Dubbed using ElasticMovieInfoFetcher
2024-09-03 02:55:28,411 - seret.movie_info_fetchers.composite - INFO - Got info for סרטים במוח - ממנטו using ElasticMovieInfoFetcher
2024-09-03 02:55:29,179 - seret.movie_raters.composite - WARNING - Failed to get rating for Special
2024-09-03 02:55:29,303 - seret.movie_raters.composite - WARNING - Failed to get rating for מיוחד
2024-09-03 02:55:29,303 - seret.movie_info_fetchers.composite - INFO - Got info for אירוע מיוחד בלב דניאל בשיתוף "טיולים אחר using ElasticMovieInfoFetcher
2024-09-03 02:55:29,314 - seret.movie_info_fetchers.composite - INFO - Got info for Perfect Days using ElasticMovieInfoFetcher
2024-09-03 02:55:30,598 - seret.movie_info_fetchers.composite - INFO - Got info for ДЭДПУЛ И РОСОМАХА using ElasticMovieInfoFetcher
2024-09-03 02:55:31,155 - seret.movie_info_fetchers.composite - INFO - Got info for Super Wings the Movie: Maximum Speed using ElasticMovieInfoFetcher
2024-09-03 02:55:31,913 - imdb_api - ERROR - id='tt2049403', movie='Beetlejuice Beetlejuice'
Traceback (most recent call last):
  File "/home/runner/work/Movie-Time-Server/Movie-Time-Server/seret/movie_raters/imdb_api.py", line 67, in get_imdb_rating
    return info["aggregateRating"]['ratingValue']
           ~~~~^^^^^^^^^^^^^^^^^^^
KeyError: 'aggregateRating'
2024-09-03 02:55:31,913 - seret.movie_raters.composite - WARNING - Failed to get rating for Beetlejuice Beetlejuice
2024-09-03 02:55:32,115 - seret.movie_raters.composite - WARNING - Failed to get rating for ביטלג'וס ביטלג'וס
2024-09-03 02:55:32,115 - seret.movie_info_fetchers.composite - INFO - Got info for ביטלג'וס ביטלג'וס using ElasticMovieInfoFetcher
2024-09-03 02:55:32,583 - imdb_api - ERROR - id='tt2049403', movie='Beetlejuice Beetlejuice'
Traceback (most recent call last):
  File "/home/runner/work/Movie-Time-Server/Movie-Time-Server/seret/movie_raters/imdb_api.py", line 67, in get_imdb_rating
    return info["aggregateRating"]['ratingValue']
           ~~~~^^^^^^^^^^^^^^^^^^^
KeyError: 'aggregateRating'
2024-09-03 02:55:32,583 - seret.movie_raters.composite - WARNING - Failed to get rating for Beetlejuice Beetlejuice
2024-09-03 02:55:32,595 - seret.movie_raters.composite - WARNING - Failed to get rating for ביטלג'וס ביטלג'וס
2024-09-03 02:55:32,596 - seret.movie_info_fetchers.composite - INFO - Got info for Beetlejuice Beetlejuice using ElasticMovieInfoFetcher
2024-09-03 02:55:33,525 - seret.movie_info_fetchers.composite - INFO - Got info for עוד נחזור לרקוד using ElasticMovieInfoFetcher
2024-09-03 02:55:36,187 - seret.movie_info_fetchers.composite - INFO - Got info for We Will Dance Again using ElasticMovieInfoFetcher
2024-09-03 02:55:37,448 - seret.movie_info_fetchers.composite - INFO - Got info for הרבי קפוארה + שיח יוצרים using ElasticMovieInfoFetcher
2024-09-03 02:55:38,977 - seret.movie_info_fetchers.composite - INFO - Got info for Capoeira Special Event using ElasticMovieInfoFetcher
2024-09-03 02:55:39,887 - seret.movie_info_fetchers.composite - INFO - Got info for מרצ'לו מיו using ElasticMovieInfoFetcher
2024-09-03 02:55:40,417 - seret.movie_info_fetchers.composite - INFO - Got info for Marcello Mio using ElasticMovieInfoFetcher
2024-09-03 02:55:41,836 - seret.movie_info_fetchers.composite - INFO - Got info for קומדי בר using ElasticMovieInfoFetcher
2024-09-03 02:55:43,373 - seret.movie_info_fetchers.composite - INFO - Got info for Comedy Bar using ElasticMovieInfoFetcher
2024-09-03 02:55:43,395 - seret.movie_info_fetchers.composite - INFO - Got info for Битлджус Битлджус using ElasticMovieInfoFetcher
2024-09-03 02:55:43,396 - seret.info_fetcher - ERROR - Failed to get info for 3 movies: [{'date': '03-09-2024', 'cinema': 'רב חן', 'location': 'גבעתיים', 'district': 'גוש דן', 'title': 'העורב', 'eng_title': 'The Crow', 'type': '2D', 'time': '11:00', 'link': 'https://tickets3.rav-hen.co.il/site/1058?code=1058-40686&languageId=he-IL&saleChannelCode=web', 'coords': (32.0663, 34.8107), 'dubbed': False}, {'date': '03-09-2024', 'cinema': 'הוט סינמה', 'location': 'קריון', 'district': 'הצפון', 'title': 'הילד השישי', 'eng_title': 'The Sixth Child', 'type': '2D', 'time': '11:40', 'link': 'https://hotcinema.co.il/order?theaterId=2&eventId=45252&site=undefined', 'coords': (32.8427, 35.0897), 'dubbed': False}, {'date': '04-09-2024', 'cinema': 'הוט סינמה', 'location': 'קריון', 'district': 'הצפון', 'title': 'גארפילד - הסרט', 'eng_title': 'The Garfield Movie', 'type': '2D', 'time': '14:45', 'link': 'https://hotcinema.co.il/order?theaterId=2&eventId=44827&site=undefined', 'coords': (32.8427, 35.0897), 'dubbed': True}]
2024-09-03 02:55:43,457 - root - INFO - 2588
