2024-11-10 03:00:07,891 - root - INFO - ********************
2024-11-10 03:00:07,891 - root - INFO - started checking for:10-11-2024
2024-11-10 03:00:07,891 - cinemas.yes_planet - INFO - STARTED YES PLANET
2024-11-10 03:00:07,891 - cinemas.yes_planet - INFO - STARTED YES PLANET RISHON
2024-11-10 03:00:07,892 - cinemas.yes_planet - INFO - STARTED YES PLANET INIT
2024-11-10 03:00:09,110 - cinemas.yes_planet - INFO - DONE YES PLANET RISHON
2024-11-10 03:00:09,110 - cinemas.yes_planet - INFO - STARTED YES PLANET AYALON
2024-11-10 03:00:09,110 - cinemas.yes_planet - INFO - DONE YES PLANET AYALON
2024-11-10 03:00:09,110 - cinemas.yes_planet - INFO - STARTED YES PLANET ZICHRON
2024-11-10 03:00:09,110 - cinemas.yes_planet - INFO - DONE YES PLANET ZICHRON
2024-11-10 03:00:09,110 - cinemas.yes_planet - INFO - STARTED YES PLANET HAIFA
2024-11-10 03:00:09,110 - cinemas.yes_planet - INFO - DONE YES PLANET HAIFA
2024-11-10 03:00:09,110 - cinemas.yes_planet - INFO - STARTED YES PLANET JERUSALEM
2024-11-10 03:00:09,111 - cinemas.yes_planet - INFO - DONE YES PLANET JERUSALEM
2024-11-10 03:00:09,111 - cinemas.yes_planet - INFO - STARTED YES PLANET BEER_SHEVA
2024-11-10 03:00:09,111 - cinemas.yes_planet - INFO - DONE YES PLANET BEER_SHEVA
2024-11-10 03:00:09,111 - cinemas.yes_planet - INFO - DONE YES PLANET
2024-11-10 03:00:09,111 - cinemas.rav_hen - INFO - STARTED RAV HEN
2024-11-10 03:00:09,111 - cinemas.rav_hen - INFO - STARTED RAV HEN GIVATAIM
2024-11-10 03:00:15,179 - cinemas.rav_hen - INFO - DONE RAV HEN GIVATAIM
2024-11-10 03:00:15,179 - cinemas.rav_hen - INFO - STARTED RAV HEN DIZINGOF
2024-11-10 03:00:16,142 - cinemas.rav_hen - INFO - DONE RAV HEN DIZINGOF
2024-11-10 03:00:16,143 - cinemas.rav_hen - INFO - STARTED RAV HEN MODIIN
2024-11-10 03:00:16,664 - cinemas.rav_hen - INFO - DONE RAV HEN MODIIN
2024-11-10 03:00:16,664 - cinemas.rav_hen - INFO - STARTED RAV HEN KIRYAT_ONO
2024-11-10 03:00:17,711 - cinemas.rav_hen - INFO - DONE RAV HEN KIRYAT_ONO
2024-11-10 03:00:17,711 - cinemas.rav_hen - INFO - DONE RAV HEN
2024-11-10 03:00:17,711 - cinemas.hot_cinema - INFO - STARTED HOT CINEMA
2024-11-10 03:00:17,711 - cinemas.hot_cinema - INFO - STARTED HOT CINEMA MODIIN
2024-11-10 03:00:30,256 - cinemas.hot_cinema - INFO - DONE HOT CINEMA MODIIN
2024-11-10 03:00:30,257 - cinemas.hot_cinema - INFO - STARTED HOT CINEMA KIRYON
2024-11-10 03:00:34,610 - cinemas.hot_cinema - ERROR - Failed to get english title for משנות את הכללים 'NoneType' object has no attribute 'find'
2024-11-10 03:00:35,609 - cinemas.hot_cinema - INFO - DONE HOT CINEMA KIRYON
2024-11-10 03:00:35,609 - cinemas.hot_cinema - INFO - STARTED HOT CINEMA KFAR_SABBA
2024-11-10 03:00:36,804 - cinemas.hot_cinema - INFO - DONE HOT CINEMA KFAR_SABBA
2024-11-10 03:00:36,804 - cinemas.hot_cinema - INFO - STARTED HOT CINEMA HAIFA
2024-11-10 03:00:37,461 - cinemas.hot_cinema - INFO - DONE HOT CINEMA HAIFA
2024-11-10 03:00:37,461 - cinemas.hot_cinema - INFO - STARTED HOT CINEMA PETACH_TIKVA
2024-11-10 03:00:37,611 - cinemas.hot_cinema - INFO - DONE HOT CINEMA PETACH_TIKVA
2024-11-10 03:00:37,611 - cinemas.hot_cinema - INFO - STARTED HOT CINEMA RECHOVOT
2024-11-10 03:00:37,760 - cinemas.hot_cinema - INFO - DONE HOT CINEMA RECHOVOT
2024-11-10 03:00:37,760 - cinemas.hot_cinema - INFO - STARTED HOT CINEMA ASHKELON
2024-11-10 03:00:37,909 - cinemas.hot_cinema - INFO - DONE HOT CINEMA ASHKELON
2024-11-10 03:00:37,909 - cinemas.hot_cinema - INFO - STARTED HOT CINEMA KARMIEL
2024-11-10 03:00:38,057 - cinemas.hot_cinema - INFO - DONE HOT CINEMA KARMIEL
2024-11-10 03:00:38,057 - cinemas.hot_cinema - INFO - STARTED HOT CINEMA NAHARIA
2024-11-10 03:00:38,205 - cinemas.hot_cinema - INFO - DONE HOT CINEMA NAHARIA
2024-11-10 03:00:38,205 - cinemas.hot_cinema - INFO - STARTED HOT CINEMA ASHDOD
2024-11-10 03:00:38,353 - cinemas.hot_cinema - INFO - DONE HOT CINEMA ASHDOD
2024-11-10 03:00:38,353 - cinemas.hot_cinema - INFO - DONE HOT CINEMA
2024-11-10 03:00:38,353 - cinemas.cinema_city - INFO - STARTED CINEMA CITY
2024-11-10 03:00:48,133 - proxy - INFO - Proxy: {'YourFuckingIPAddress': '81.28.7.51', 'YourFuckingLocation': 'Haifa, HA, Israel', 'YourFuckingHostname': '81.28.7.51', 'YourFuckingISP': 'O.M.C. COMPUTERS & COMMUNICATIONS LTD', 'YourFuckingTorExit': False, 'YourFuckingCity': 'Haifa', 'YourFuckingCountry': 'Israel', 'YourFuckingCountryCode': 'IL'}
2024-11-10 03:00:48,133 - cinemas.cinema_city - INFO - STARTED CINEMA CITY GLILOT
2024-11-10 03:03:06,737 - cinemas.cinema_city - ERROR - Failed to get english name for איך לשגע את אבא ב-10 ימים-מדובב
Traceback (most recent call last):
  File "/opt/hostedtoolcache/Python/3.11.10/x64/lib/python3.11/site-packages/urllib3/connectionpool.py", line 468, in _make_request
    six.raise_from(e, None)
  File "<string>", line 3, in raise_from
  File "/opt/hostedtoolcache/Python/3.11.10/x64/lib/python3.11/site-packages/urllib3/connectionpool.py", line 463, in _make_request
    httplib_response = conn.getresponse()
                       ^^^^^^^^^^^^^^^^^^
  File "/opt/hostedtoolcache/Python/3.11.10/x64/lib/python3.11/http/client.py", line 1395, in getresponse
    response.begin()
  File "/opt/hostedtoolcache/Python/3.11.10/x64/lib/python3.11/http/client.py", line 325, in begin
    version, status, reason = self._read_status()
                              ^^^^^^^^^^^^^^^^^^^
  File "/opt/hostedtoolcache/Python/3.11.10/x64/lib/python3.11/http/client.py", line 286, in _read_status
    line = str(self.fp.readline(_MAXLINE + 1), "iso-8859-1")
               ^^^^^^^^^^^^^^^^^^^^^^^^^^^^^^
  File "/opt/hostedtoolcache/Python/3.11.10/x64/lib/python3.11/socket.py", line 718, in readinto
    return self._sock.recv_into(b)
           ^^^^^^^^^^^^^^^^^^^^^^^
TimeoutError: timed out

During handling of the above exception, another exception occurred:

Traceback (most recent call last):
  File "/home/runner/work/Movie-Time-Server/Movie-Time-Server/cinemas/cinema_city.py", line 88, in get_english_name
    bs = BeautifulSoup(s.get(url).text, "html.parser")
                       ^^^^^^^^^^
  File "/home/runner/work/Movie-Time-Server/Movie-Time-Server/proxy.py", line 30, in get
    self.driver.get(url)
  File "/opt/hostedtoolcache/Python/3.11.10/x64/lib/python3.11/site-packages/selenium/webdriver/remote/webdriver.py", line 389, in get
    self.execute(Command.GET, {"url": url})
  File "/opt/hostedtoolcache/Python/3.11.10/x64/lib/python3.11/site-packages/selenium/webdriver/remote/webdriver.py", line 378, in execute
    response = self.command_executor.execute(driver_command, params)
               ^^^^^^^^^^^^^^^^^^^^^^^^^^^^^^^^^^^^^^^^^^^^^^^^^^^^^
  File "/opt/hostedtoolcache/Python/3.11.10/x64/lib/python3.11/site-packages/selenium/webdriver/remote/remote_connection.py", line 391, in execute
    return self._request(command_info[0], url, body=data)
           ^^^^^^^^^^^^^^^^^^^^^^^^^^^^^^^^^^^^^^^^^^^^^^
  File "/opt/hostedtoolcache/Python/3.11.10/x64/lib/python3.11/site-packages/selenium/webdriver/remote/remote_connection.py", line 415, in _request
    response = self._conn.request(method, url, body=body, headers=headers, timeout=self._client_config.timeout)
               ^^^^^^^^^^^^^^^^^^^^^^^^^^^^^^^^^^^^^^^^^^^^^^^^^^^^^^^^^^^^^^^^^^^^^^^^^^^^^^^^^^^^^^^^^^^^^^^^
  File "/opt/hostedtoolcache/Python/3.11.10/x64/lib/python3.11/site-packages/urllib3/request.py", line 81, in request
    return self.request_encode_body(
           ^^^^^^^^^^^^^^^^^^^^^^^^^
  File "/opt/hostedtoolcache/Python/3.11.10/x64/lib/python3.11/site-packages/urllib3/request.py", line 173, in request_encode_body
    return self.urlopen(method, url, **extra_kw)
           ^^^^^^^^^^^^^^^^^^^^^^^^^^^^^^^^^^^^^
  File "/opt/hostedtoolcache/Python/3.11.10/x64/lib/python3.11/site-packages/urllib3/poolmanager.py", line 376, in urlopen
    response = conn.urlopen(method, u.request_uri, **kw)
               ^^^^^^^^^^^^^^^^^^^^^^^^^^^^^^^^^^^^^^^^^
  File "/opt/hostedtoolcache/Python/3.11.10/x64/lib/python3.11/site-packages/urllib3/connectionpool.py", line 802, in urlopen
    retries = retries.increment(
              ^^^^^^^^^^^^^^^^^^
  File "/opt/hostedtoolcache/Python/3.11.10/x64/lib/python3.11/site-packages/urllib3/util/retry.py", line 552, in increment
    raise six.reraise(type(error), error, _stacktrace)
          ^^^^^^^^^^^^^^^^^^^^^^^^^^^^^^^^^^^^^^^^^^^^
  File "/opt/hostedtoolcache/Python/3.11.10/x64/lib/python3.11/site-packages/urllib3/packages/six.py", line 770, in reraise
    raise value
  File "/opt/hostedtoolcache/Python/3.11.10/x64/lib/python3.11/site-packages/urllib3/connectionpool.py", line 716, in urlopen
    httplib_response = self._make_request(
                       ^^^^^^^^^^^^^^^^^^^
  File "/opt/hostedtoolcache/Python/3.11.10/x64/lib/python3.11/site-packages/urllib3/connectionpool.py", line 470, in _make_request
    self._raise_timeout(err=e, url=url, timeout_value=read_timeout)
  File "/opt/hostedtoolcache/Python/3.11.10/x64/lib/python3.11/site-packages/urllib3/connectionpool.py", line 358, in _raise_timeout
    raise ReadTimeoutError(
urllib3.exceptions.ReadTimeoutError: HTTPConnectionPool(host='localhost', port=37723): Read timed out. (read timeout=120)
2024-11-10 03:05:06,877 - cinemas.cinema_city - WARNING - error while getting movie info:
Traceback (most recent call last):
  File "/opt/hostedtoolcache/Python/3.11.10/x64/lib/python3.11/site-packages/urllib3/connectionpool.py", line 468, in _make_request
    six.raise_from(e, None)
  File "<string>", line 3, in raise_from
  File "/opt/hostedtoolcache/Python/3.11.10/x64/lib/python3.11/site-packages/urllib3/connectionpool.py", line 463, in _make_request
    httplib_response = conn.getresponse()
                       ^^^^^^^^^^^^^^^^^^
  File "/opt/hostedtoolcache/Python/3.11.10/x64/lib/python3.11/http/client.py", line 1395, in getresponse
    response.begin()
  File "/opt/hostedtoolcache/Python/3.11.10/x64/lib/python3.11/http/client.py", line 325, in begin
    version, status, reason = self._read_status()
                              ^^^^^^^^^^^^^^^^^^^
  File "/opt/hostedtoolcache/Python/3.11.10/x64/lib/python3.11/http/client.py", line 286, in _read_status
    line = str(self.fp.readline(_MAXLINE + 1), "iso-8859-1")
               ^^^^^^^^^^^^^^^^^^^^^^^^^^^^^^
  File "/opt/hostedtoolcache/Python/3.11.10/x64/lib/python3.11/socket.py", line 718, in readinto
    return self._sock.recv_into(b)
           ^^^^^^^^^^^^^^^^^^^^^^^
TimeoutError: timed out

During handling of the above exception, another exception occurred:

Traceback (most recent call last):
  File "/home/runner/work/Movie-Time-Server/Movie-Time-Server/cinemas/cinema_city.py", line 128, in get_by_location
    english_name = get_english_name(movie_name, s)
                   ^^^^^^^^^^^^^^^^^^^^^^^^^^^^^^^
  File "/home/runner/work/Movie-Time-Server/Movie-Time-Server/cinemas/cinema_city.py", line 85, in get_english_name
    info = s.get(url).json()[1]
           ^^^^^^^^^^
  File "/home/runner/work/Movie-Time-Server/Movie-Time-Server/proxy.py", line 30, in get
    self.driver.get(url)
  File "/opt/hostedtoolcache/Python/3.11.10/x64/lib/python3.11/site-packages/selenium/webdriver/remote/webdriver.py", line 389, in get
    self.execute(Command.GET, {"url": url})
  File "/opt/hostedtoolcache/Python/3.11.10/x64/lib/python3.11/site-packages/selenium/webdriver/remote/webdriver.py", line 378, in execute
    response = self.command_executor.execute(driver_command, params)
               ^^^^^^^^^^^^^^^^^^^^^^^^^^^^^^^^^^^^^^^^^^^^^^^^^^^^^
  File "/opt/hostedtoolcache/Python/3.11.10/x64/lib/python3.11/site-packages/selenium/webdriver/remote/remote_connection.py", line 391, in execute
    return self._request(command_info[0], url, body=data)
           ^^^^^^^^^^^^^^^^^^^^^^^^^^^^^^^^^^^^^^^^^^^^^^
  File "/opt/hostedtoolcache/Python/3.11.10/x64/lib/python3.11/site-packages/selenium/webdriver/remote/remote_connection.py", line 415, in _request
    response = self._conn.request(method, url, body=body, headers=headers, timeout=self._client_config.timeout)
               ^^^^^^^^^^^^^^^^^^^^^^^^^^^^^^^^^^^^^^^^^^^^^^^^^^^^^^^^^^^^^^^^^^^^^^^^^^^^^^^^^^^^^^^^^^^^^^^^
  File "/opt/hostedtoolcache/Python/3.11.10/x64/lib/python3.11/site-packages/urllib3/request.py", line 81, in request
    return self.request_encode_body(
           ^^^^^^^^^^^^^^^^^^^^^^^^^
  File "/opt/hostedtoolcache/Python/3.11.10/x64/lib/python3.11/site-packages/urllib3/request.py", line 173, in request_encode_body
    return self.urlopen(method, url, **extra_kw)
           ^^^^^^^^^^^^^^^^^^^^^^^^^^^^^^^^^^^^^
  File "/opt/hostedtoolcache/Python/3.11.10/x64/lib/python3.11/site-packages/urllib3/poolmanager.py", line 376, in urlopen
    response = conn.urlopen(method, u.request_uri, **kw)
               ^^^^^^^^^^^^^^^^^^^^^^^^^^^^^^^^^^^^^^^^^
  File "/opt/hostedtoolcache/Python/3.11.10/x64/lib/python3.11/site-packages/urllib3/connectionpool.py", line 802, in urlopen
    retries = retries.increment(
              ^^^^^^^^^^^^^^^^^^
  File "/opt/hostedtoolcache/Python/3.11.10/x64/lib/python3.11/site-packages/urllib3/util/retry.py", line 552, in increment
    raise six.reraise(type(error), error, _stacktrace)
          ^^^^^^^^^^^^^^^^^^^^^^^^^^^^^^^^^^^^^^^^^^^^
  File "/opt/hostedtoolcache/Python/3.11.10/x64/lib/python3.11/site-packages/urllib3/packages/six.py", line 770, in reraise
    raise value
  File "/opt/hostedtoolcache/Python/3.11.10/x64/lib/python3.11/site-packages/urllib3/connectionpool.py", line 716, in urlopen
    httplib_response = self._make_request(
                       ^^^^^^^^^^^^^^^^^^^
  File "/opt/hostedtoolcache/Python/3.11.10/x64/lib/python3.11/site-packages/urllib3/connectionpool.py", line 470, in _make_request
    self._raise_timeout(err=e, url=url, timeout_value=read_timeout)
  File "/opt/hostedtoolcache/Python/3.11.10/x64/lib/python3.11/site-packages/urllib3/connectionpool.py", line 358, in _raise_timeout
    raise ReadTimeoutError(
urllib3.exceptions.ReadTimeoutError: HTTPConnectionPool(host='localhost', port=37723): Read timed out. (read timeout=120)
2024-11-10 03:07:16,853 - proxy - INFO - Proxy removed
2024-11-10 03:07:16,853 - root - ERROR - cinema city crashed
Traceback (most recent call last):
  File "/opt/hostedtoolcache/Python/3.11.10/x64/lib/python3.11/site-packages/urllib3/connectionpool.py", line 468, in _make_request
    six.raise_from(e, None)
  File "<string>", line 3, in raise_from
  File "/opt/hostedtoolcache/Python/3.11.10/x64/lib/python3.11/site-packages/urllib3/connectionpool.py", line 463, in _make_request
    httplib_response = conn.getresponse()
                       ^^^^^^^^^^^^^^^^^^
  File "/opt/hostedtoolcache/Python/3.11.10/x64/lib/python3.11/http/client.py", line 1395, in getresponse
    response.begin()
  File "/opt/hostedtoolcache/Python/3.11.10/x64/lib/python3.11/http/client.py", line 325, in begin
    version, status, reason = self._read_status()
                              ^^^^^^^^^^^^^^^^^^^
  File "/opt/hostedtoolcache/Python/3.11.10/x64/lib/python3.11/http/client.py", line 286, in _read_status
    line = str(self.fp.readline(_MAXLINE + 1), "iso-8859-1")
               ^^^^^^^^^^^^^^^^^^^^^^^^^^^^^^
  File "/opt/hostedtoolcache/Python/3.11.10/x64/lib/python3.11/socket.py", line 718, in readinto
    return self._sock.recv_into(b)
           ^^^^^^^^^^^^^^^^^^^^^^^
TimeoutError: timed out

During handling of the above exception, another exception occurred:

Traceback (most recent call last):
  File "/home/runner/work/Movie-Time-Server/Movie-Time-Server/main.py", line 56, in get_screenings_from_cinema
    return unsafe_get_screenings_from_cinema(get_screening, cinema, date, s)
           ^^^^^^^^^^^^^^^^^^^^^^^^^^^^^^^^^^^^^^^^^^^^^^^^^^^^^^^^^^^^^^^^^
  File "/opt/hostedtoolcache/Python/3.11.10/x64/lib/python3.11/site-packages/decorator.py", line 232, in fun
    return caller(func, *(extras + args), **kw)
           ^^^^^^^^^^^^^^^^^^^^^^^^^^^^^^^^^^^^
  File "/opt/hostedtoolcache/Python/3.11.10/x64/lib/python3.11/site-packages/retry/api.py", line 90, in retry_decorator
    return __retry_internal(partial(f, *args, **kwargs), exceptions, tries, delay, max_delay, backoff, jitter,
           ^^^^^^^^^^^^^^^^^^^^^^^^^^^^^^^^^^^^^^^^^^^^^^^^^^^^^^^^^^^^^^^^^^^^^^^^^^^^^^^^^^^^^^^^^^^^^^^^^^^
  File "/opt/hostedtoolcache/Python/3.11.10/x64/lib/python3.11/site-packages/retry/api.py", line 35, in __retry_internal
    return f()
           ^^^
  File "/home/runner/work/Movie-Time-Server/Movie-Time-Server/main.py", line 71, in unsafe_get_screenings_from_cinema
    screenings = get_screening(year, month, day, s)
                 ^^^^^^^^^^^^^^^^^^^^^^^^^^^^^^^^^^
  File "/home/runner/work/Movie-Time-Server/Movie-Time-Server/cinemas/cinema_city.py", line 148, in get_screenings
    screenings.extend(get_by_location(location, date, ps))
                      ^^^^^^^^^^^^^^^^^^^^^^^^^^^^^^^^^^^
  File "/home/runner/work/Movie-Time-Server/Movie-Time-Server/cinemas/cinema_city.py", line 121, in get_by_location
    res = s.get(url)
          ^^^^^^^^^^
  File "/home/runner/work/Movie-Time-Server/Movie-Time-Server/proxy.py", line 30, in get
    self.driver.get(url)
  File "/opt/hostedtoolcache/Python/3.11.10/x64/lib/python3.11/site-packages/selenium/webdriver/remote/webdriver.py", line 389, in get
    self.execute(Command.GET, {"url": url})
  File "/opt/hostedtoolcache/Python/3.11.10/x64/lib/python3.11/site-packages/selenium/webdriver/remote/webdriver.py", line 378, in execute
    response = self.command_executor.execute(driver_command, params)
               ^^^^^^^^^^^^^^^^^^^^^^^^^^^^^^^^^^^^^^^^^^^^^^^^^^^^^
  File "/opt/hostedtoolcache/Python/3.11.10/x64/lib/python3.11/site-packages/selenium/webdriver/remote/remote_connection.py", line 391, in execute
    return self._request(command_info[0], url, body=data)
           ^^^^^^^^^^^^^^^^^^^^^^^^^^^^^^^^^^^^^^^^^^^^^^
  File "/opt/hostedtoolcache/Python/3.11.10/x64/lib/python3.11/site-packages/selenium/webdriver/remote/remote_connection.py", line 415, in _request
    response = self._conn.request(method, url, body=body, headers=headers, timeout=self._client_config.timeout)
               ^^^^^^^^^^^^^^^^^^^^^^^^^^^^^^^^^^^^^^^^^^^^^^^^^^^^^^^^^^^^^^^^^^^^^^^^^^^^^^^^^^^^^^^^^^^^^^^^
  File "/opt/hostedtoolcache/Python/3.11.10/x64/lib/python3.11/site-packages/urllib3/request.py", line 81, in request
    return self.request_encode_body(
           ^^^^^^^^^^^^^^^^^^^^^^^^^
  File "/opt/hostedtoolcache/Python/3.11.10/x64/lib/python3.11/site-packages/urllib3/request.py", line 173, in request_encode_body
    return self.urlopen(method, url, **extra_kw)
           ^^^^^^^^^^^^^^^^^^^^^^^^^^^^^^^^^^^^^
  File "/opt/hostedtoolcache/Python/3.11.10/x64/lib/python3.11/site-packages/urllib3/poolmanager.py", line 376, in urlopen
    response = conn.urlopen(method, u.request_uri, **kw)
               ^^^^^^^^^^^^^^^^^^^^^^^^^^^^^^^^^^^^^^^^^
  File "/opt/hostedtoolcache/Python/3.11.10/x64/lib/python3.11/site-packages/urllib3/connectionpool.py", line 802, in urlopen
    retries = retries.increment(
              ^^^^^^^^^^^^^^^^^^
  File "/opt/hostedtoolcache/Python/3.11.10/x64/lib/python3.11/site-packages/urllib3/util/retry.py", line 552, in increment
    raise six.reraise(type(error), error, _stacktrace)
          ^^^^^^^^^^^^^^^^^^^^^^^^^^^^^^^^^^^^^^^^^^^^
  File "/opt/hostedtoolcache/Python/3.11.10/x64/lib/python3.11/site-packages/urllib3/packages/six.py", line 770, in reraise
    raise value
  File "/opt/hostedtoolcache/Python/3.11.10/x64/lib/python3.11/site-packages/urllib3/connectionpool.py", line 716, in urlopen
    httplib_response = self._make_request(
                       ^^^^^^^^^^^^^^^^^^^
  File "/opt/hostedtoolcache/Python/3.11.10/x64/lib/python3.11/site-packages/urllib3/connectionpool.py", line 470, in _make_request
    self._raise_timeout(err=e, url=url, timeout_value=read_timeout)
  File "/opt/hostedtoolcache/Python/3.11.10/x64/lib/python3.11/site-packages/urllib3/connectionpool.py", line 358, in _raise_timeout
    raise ReadTimeoutError(
urllib3.exceptions.ReadTimeoutError: HTTPConnectionPool(host='localhost', port=37723): Read timed out. (read timeout=120)
2024-11-10 03:07:16,855 - cinemas.lev - INFO - STARTED LEV
2024-11-10 03:07:47,269 - root - ERROR - lev crashed
Traceback (most recent call last):
  File "/home/runner/work/Movie-Time-Server/Movie-Time-Server/main.py", line 56, in get_screenings_from_cinema
    return unsafe_get_screenings_from_cinema(get_screening, cinema, date, s)
           ^^^^^^^^^^^^^^^^^^^^^^^^^^^^^^^^^^^^^^^^^^^^^^^^^^^^^^^^^^^^^^^^^
  File "/opt/hostedtoolcache/Python/3.11.10/x64/lib/python3.11/site-packages/decorator.py", line 232, in fun
    return caller(func, *(extras + args), **kw)
           ^^^^^^^^^^^^^^^^^^^^^^^^^^^^^^^^^^^^
  File "/opt/hostedtoolcache/Python/3.11.10/x64/lib/python3.11/site-packages/retry/api.py", line 90, in retry_decorator
    return __retry_internal(partial(f, *args, **kwargs), exceptions, tries, delay, max_delay, backoff, jitter,
           ^^^^^^^^^^^^^^^^^^^^^^^^^^^^^^^^^^^^^^^^^^^^^^^^^^^^^^^^^^^^^^^^^^^^^^^^^^^^^^^^^^^^^^^^^^^^^^^^^^^
  File "/opt/hostedtoolcache/Python/3.11.10/x64/lib/python3.11/site-packages/retry/api.py", line 35, in __retry_internal
    return f()
           ^^^
  File "/home/runner/work/Movie-Time-Server/Movie-Time-Server/main.py", line 71, in unsafe_get_screenings_from_cinema
    screenings = get_screening(year, month, day, s)
                 ^^^^^^^^^^^^^^^^^^^^^^^^^^^^^^^^^^
  File "/home/runner/work/Movie-Time-Server/Movie-Time-Server/cinemas/lev.py", line 127, in get_screenings
    with ProxifiedSession(s) as ps:
  File "/home/runner/work/Movie-Time-Server/Movie-Time-Server/proxy.py", line 44, in __enter__
    proxy_info = driver.get("https://wtfismyip.com/json").json()
                 ^^^^^^^^^^^^^^^^^^^^^^^^^^^^^^^^^^^^^^^^^^^^^^^
  File "/home/runner/work/Movie-Time-Server/Movie-Time-Server/proxy.py", line 18, in json
    return json.loads(self.pre)
           ^^^^^^^^^^^^^^^^^^^^
  File "/opt/hostedtoolcache/Python/3.11.10/x64/lib/python3.11/json/__init__.py", line 339, in loads
    raise TypeError(f'the JSON object must be str, bytes or bytearray, '
TypeError: the JSON object must be str, bytes or bytearray, not NoneType
2024-11-10 03:07:47,333 - cinemas.movieland - INFO - STARTED Movie Land
2024-11-10 03:07:47,333 - cinemas.movieland - INFO - STARTED Movie Land CARMIEL
2024-11-10 03:07:53,132 - cinemas.movieland - INFO - DONE Movie Land CARMIEL
2024-11-10 03:07:53,133 - cinemas.movieland - INFO - STARTED Movie Land HAIFA
2024-11-10 03:07:54,091 - cinemas.movieland - INFO - DONE Movie Land HAIFA
2024-11-10 03:07:54,091 - cinemas.movieland - INFO - STARTED Movie Land NATANYA
2024-11-10 03:07:55,075 - cinemas.movieland - INFO - DONE Movie Land NATANYA
2024-11-10 03:07:55,075 - cinemas.movieland - INFO - DONE Movie Land
2024-11-10 03:07:55,075 - root - INFO - ********************
2024-11-10 03:07:55,075 - root - INFO - started checking for:11-11-2024
2024-11-10 03:07:55,076 - cinemas.yes_planet - INFO - STARTED YES PLANET
2024-11-10 03:07:55,076 - cinemas.yes_planet - INFO - STARTED YES PLANET RISHON
2024-11-10 03:07:55,076 - cinemas.yes_planet - INFO - DONE YES PLANET RISHON
2024-11-10 03:07:55,076 - cinemas.yes_planet - INFO - STARTED YES PLANET AYALON
2024-11-10 03:07:55,076 - cinemas.yes_planet - INFO - DONE YES PLANET AYALON
2024-11-10 03:07:55,076 - cinemas.yes_planet - INFO - STARTED YES PLANET ZICHRON
2024-11-10 03:07:55,076 - cinemas.yes_planet - INFO - DONE YES PLANET ZICHRON
2024-11-10 03:07:55,076 - cinemas.yes_planet - INFO - STARTED YES PLANET HAIFA
2024-11-10 03:07:55,076 - cinemas.yes_planet - INFO - DONE YES PLANET HAIFA
2024-11-10 03:07:55,076 - cinemas.yes_planet - INFO - STARTED YES PLANET JERUSALEM
2024-11-10 03:07:55,076 - cinemas.yes_planet - INFO - DONE YES PLANET JERUSALEM
2024-11-10 03:07:55,076 - cinemas.yes_planet - INFO - STARTED YES PLANET BEER_SHEVA
2024-11-10 03:07:55,076 - cinemas.yes_planet - INFO - DONE YES PLANET BEER_SHEVA
2024-11-10 03:07:55,076 - cinemas.yes_planet - INFO - DONE YES PLANET
2024-11-10 03:07:55,076 - cinemas.rav_hen - INFO - STARTED RAV HEN
2024-11-10 03:07:55,076 - cinemas.rav_hen - INFO - STARTED RAV HEN GIVATAIM
2024-11-10 03:07:55,585 - cinemas.rav_hen - INFO - DONE RAV HEN GIVATAIM
2024-11-10 03:07:55,586 - cinemas.rav_hen - INFO - STARTED RAV HEN DIZINGOF
2024-11-10 03:07:56,058 - cinemas.rav_hen - INFO - DONE RAV HEN DIZINGOF
2024-11-10 03:07:56,058 - cinemas.rav_hen - INFO - STARTED RAV HEN MODIIN
2024-11-10 03:07:56,439 - cinemas.rav_hen - INFO - DONE RAV HEN MODIIN
2024-11-10 03:07:56,439 - cinemas.rav_hen - INFO - STARTED RAV HEN KIRYAT_ONO
2024-11-10 03:07:56,911 - cinemas.rav_hen - INFO - DONE RAV HEN KIRYAT_ONO
2024-11-10 03:07:56,911 - cinemas.rav_hen - INFO - DONE RAV HEN
2024-11-10 03:07:56,911 - cinemas.hot_cinema - INFO - STARTED HOT CINEMA
2024-11-10 03:07:56,911 - cinemas.hot_cinema - INFO - STARTED HOT CINEMA MODIIN
2024-11-10 03:07:58,706 - cinemas.hot_cinema - INFO - DONE HOT CINEMA MODIIN
2024-11-10 03:07:58,706 - cinemas.hot_cinema - INFO - STARTED HOT CINEMA KIRYON
2024-11-10 03:08:01,016 - cinemas.hot_cinema - INFO - DONE HOT CINEMA KIRYON
2024-11-10 03:08:01,016 - cinemas.hot_cinema - INFO - STARTED HOT CINEMA KFAR_SABBA
2024-11-10 03:08:01,168 - cinemas.hot_cinema - INFO - DONE HOT CINEMA KFAR_SABBA
2024-11-10 03:08:01,168 - cinemas.hot_cinema - INFO - STARTED HOT CINEMA HAIFA
2024-11-10 03:08:01,319 - cinemas.hot_cinema - INFO - DONE HOT CINEMA HAIFA
2024-11-10 03:08:01,319 - cinemas.hot_cinema - INFO - STARTED HOT CINEMA PETACH_TIKVA
2024-11-10 03:08:01,471 - cinemas.hot_cinema - INFO - DONE HOT CINEMA PETACH_TIKVA
2024-11-10 03:08:01,471 - cinemas.hot_cinema - INFO - STARTED HOT CINEMA RECHOVOT
2024-11-10 03:08:01,620 - cinemas.hot_cinema - INFO - DONE HOT CINEMA RECHOVOT
2024-11-10 03:08:01,621 - cinemas.hot_cinema - INFO - STARTED HOT CINEMA ASHKELON
2024-11-10 03:08:01,769 - cinemas.hot_cinema - INFO - DONE HOT CINEMA ASHKELON
2024-11-10 03:08:01,769 - cinemas.hot_cinema - INFO - STARTED HOT CINEMA KARMIEL
2024-11-10 03:08:01,918 - cinemas.hot_cinema - INFO - DONE HOT CINEMA KARMIEL
2024-11-10 03:08:01,918 - cinemas.hot_cinema - INFO - STARTED HOT CINEMA NAHARIA
2024-11-10 03:08:02,065 - cinemas.hot_cinema - INFO - DONE HOT CINEMA NAHARIA
2024-11-10 03:08:02,065 - cinemas.hot_cinema - INFO - STARTED HOT CINEMA ASHDOD
2024-11-10 03:08:02,212 - cinemas.hot_cinema - INFO - DONE HOT CINEMA ASHDOD
2024-11-10 03:08:02,213 - cinemas.hot_cinema - INFO - DONE HOT CINEMA
2024-11-10 03:08:02,213 - cinemas.cinema_city - INFO - STARTED CINEMA CITY
2024-11-10 03:08:32,587 - root - ERROR - cinema city crashed
Traceback (most recent call last):
  File "/home/runner/work/Movie-Time-Server/Movie-Time-Server/main.py", line 56, in get_screenings_from_cinema
    return unsafe_get_screenings_from_cinema(get_screening, cinema, date, s)
           ^^^^^^^^^^^^^^^^^^^^^^^^^^^^^^^^^^^^^^^^^^^^^^^^^^^^^^^^^^^^^^^^^
  File "/opt/hostedtoolcache/Python/3.11.10/x64/lib/python3.11/site-packages/decorator.py", line 232, in fun
    return caller(func, *(extras + args), **kw)
           ^^^^^^^^^^^^^^^^^^^^^^^^^^^^^^^^^^^^
  File "/opt/hostedtoolcache/Python/3.11.10/x64/lib/python3.11/site-packages/retry/api.py", line 90, in retry_decorator
    return __retry_internal(partial(f, *args, **kwargs), exceptions, tries, delay, max_delay, backoff, jitter,
           ^^^^^^^^^^^^^^^^^^^^^^^^^^^^^^^^^^^^^^^^^^^^^^^^^^^^^^^^^^^^^^^^^^^^^^^^^^^^^^^^^^^^^^^^^^^^^^^^^^^
  File "/opt/hostedtoolcache/Python/3.11.10/x64/lib/python3.11/site-packages/retry/api.py", line 35, in __retry_internal
    return f()
           ^^^
  File "/home/runner/work/Movie-Time-Server/Movie-Time-Server/main.py", line 71, in unsafe_get_screenings_from_cinema
    screenings = get_screening(year, month, day, s)
                 ^^^^^^^^^^^^^^^^^^^^^^^^^^^^^^^^^^
  File "/home/runner/work/Movie-Time-Server/Movie-Time-Server/cinemas/cinema_city.py", line 146, in get_screenings
    with ProxifiedSession(s) as ps:
  File "/home/runner/work/Movie-Time-Server/Movie-Time-Server/proxy.py", line 44, in __enter__
    proxy_info = driver.get("https://wtfismyip.com/json").json()
                 ^^^^^^^^^^^^^^^^^^^^^^^^^^^^^^^^^^^^^^^^^^^^^^^
  File "/home/runner/work/Movie-Time-Server/Movie-Time-Server/proxy.py", line 18, in json
    return json.loads(self.pre)
           ^^^^^^^^^^^^^^^^^^^^
  File "/opt/hostedtoolcache/Python/3.11.10/x64/lib/python3.11/json/__init__.py", line 339, in loads
    raise TypeError(f'the JSON object must be str, bytes or bytearray, '
TypeError: the JSON object must be str, bytes or bytearray, not NoneType
2024-11-10 03:08:32,640 - cinemas.lev - INFO - STARTED LEV
2024-11-10 03:09:03,027 - root - ERROR - lev crashed
Traceback (most recent call last):
  File "/home/runner/work/Movie-Time-Server/Movie-Time-Server/main.py", line 56, in get_screenings_from_cinema
    return unsafe_get_screenings_from_cinema(get_screening, cinema, date, s)
           ^^^^^^^^^^^^^^^^^^^^^^^^^^^^^^^^^^^^^^^^^^^^^^^^^^^^^^^^^^^^^^^^^
  File "/opt/hostedtoolcache/Python/3.11.10/x64/lib/python3.11/site-packages/decorator.py", line 232, in fun
    return caller(func, *(extras + args), **kw)
           ^^^^^^^^^^^^^^^^^^^^^^^^^^^^^^^^^^^^
  File "/opt/hostedtoolcache/Python/3.11.10/x64/lib/python3.11/site-packages/retry/api.py", line 90, in retry_decorator
    return __retry_internal(partial(f, *args, **kwargs), exceptions, tries, delay, max_delay, backoff, jitter,
           ^^^^^^^^^^^^^^^^^^^^^^^^^^^^^^^^^^^^^^^^^^^^^^^^^^^^^^^^^^^^^^^^^^^^^^^^^^^^^^^^^^^^^^^^^^^^^^^^^^^
  File "/opt/hostedtoolcache/Python/3.11.10/x64/lib/python3.11/site-packages/retry/api.py", line 35, in __retry_internal
    return f()
           ^^^
  File "/home/runner/work/Movie-Time-Server/Movie-Time-Server/main.py", line 71, in unsafe_get_screenings_from_cinema
    screenings = get_screening(year, month, day, s)
                 ^^^^^^^^^^^^^^^^^^^^^^^^^^^^^^^^^^
  File "/home/runner/work/Movie-Time-Server/Movie-Time-Server/cinemas/lev.py", line 127, in get_screenings
    with ProxifiedSession(s) as ps:
  File "/home/runner/work/Movie-Time-Server/Movie-Time-Server/proxy.py", line 44, in __enter__
    proxy_info = driver.get("https://wtfismyip.com/json").json()
                 ^^^^^^^^^^^^^^^^^^^^^^^^^^^^^^^^^^^^^^^^^^^^^^^
  File "/home/runner/work/Movie-Time-Server/Movie-Time-Server/proxy.py", line 18, in json
    return json.loads(self.pre)
           ^^^^^^^^^^^^^^^^^^^^
  File "/opt/hostedtoolcache/Python/3.11.10/x64/lib/python3.11/json/__init__.py", line 339, in loads
    raise TypeError(f'the JSON object must be str, bytes or bytearray, '
TypeError: the JSON object must be str, bytes or bytearray, not NoneType
2024-11-10 03:09:03,081 - cinemas.movieland - INFO - STARTED Movie Land
2024-11-10 03:09:03,081 - cinemas.movieland - INFO - STARTED Movie Land CARMIEL
2024-11-10 03:09:03,838 - cinemas.movieland - INFO - DONE Movie Land CARMIEL
2024-11-10 03:09:03,838 - cinemas.movieland - INFO - STARTED Movie Land HAIFA
2024-11-10 03:09:03,839 - cinemas.movieland - INFO - DONE Movie Land HAIFA
2024-11-10 03:09:03,839 - cinemas.movieland - INFO - STARTED Movie Land NATANYA
2024-11-10 03:09:04,341 - cinemas.movieland - INFO - DONE Movie Land NATANYA
2024-11-10 03:09:04,341 - cinemas.movieland - INFO - DONE Movie Land
2024-11-10 03:09:04,341 - root - INFO - ********************
2024-11-10 03:09:04,341 - root - INFO - started checking for:12-11-2024
2024-11-10 03:09:04,342 - cinemas.yes_planet - INFO - STARTED YES PLANET
2024-11-10 03:09:04,342 - cinemas.yes_planet - INFO - STARTED YES PLANET RISHON
2024-11-10 03:09:04,342 - cinemas.yes_planet - INFO - DONE YES PLANET RISHON
2024-11-10 03:09:04,342 - cinemas.yes_planet - INFO - STARTED YES PLANET AYALON
2024-11-10 03:09:04,342 - cinemas.yes_planet - INFO - DONE YES PLANET AYALON
2024-11-10 03:09:04,342 - cinemas.yes_planet - INFO - STARTED YES PLANET ZICHRON
2024-11-10 03:09:04,342 - cinemas.yes_planet - INFO - DONE YES PLANET ZICHRON
2024-11-10 03:09:04,342 - cinemas.yes_planet - INFO - STARTED YES PLANET HAIFA
2024-11-10 03:09:04,342 - cinemas.yes_planet - INFO - DONE YES PLANET HAIFA
2024-11-10 03:09:04,342 - cinemas.yes_planet - INFO - STARTED YES PLANET JERUSALEM
2024-11-10 03:09:04,342 - cinemas.yes_planet - INFO - DONE YES PLANET JERUSALEM
2024-11-10 03:09:04,342 - cinemas.yes_planet - INFO - STARTED YES PLANET BEER_SHEVA
2024-11-10 03:09:04,342 - cinemas.yes_planet - INFO - DONE YES PLANET BEER_SHEVA
2024-11-10 03:09:04,342 - cinemas.yes_planet - INFO - DONE YES PLANET
2024-11-10 03:09:04,342 - cinemas.rav_hen - INFO - STARTED RAV HEN
2024-11-10 03:09:04,342 - cinemas.rav_hen - INFO - STARTED RAV HEN GIVATAIM
2024-11-10 03:09:05,380 - cinemas.rav_hen - INFO - DONE RAV HEN GIVATAIM
2024-11-10 03:09:05,380 - cinemas.rav_hen - INFO - STARTED RAV HEN DIZINGOF
2024-11-10 03:09:05,857 - cinemas.rav_hen - INFO - DONE RAV HEN DIZINGOF
2024-11-10 03:09:05,857 - cinemas.rav_hen - INFO - STARTED RAV HEN MODIIN
2024-11-10 03:09:06,240 - cinemas.rav_hen - INFO - DONE RAV HEN MODIIN
2024-11-10 03:09:06,240 - cinemas.rav_hen - INFO - STARTED RAV HEN KIRYAT_ONO
2024-11-10 03:09:06,717 - cinemas.rav_hen - INFO - DONE RAV HEN KIRYAT_ONO
2024-11-10 03:09:06,717 - cinemas.rav_hen - INFO - DONE RAV HEN
2024-11-10 03:09:06,717 - cinemas.hot_cinema - INFO - STARTED HOT CINEMA
2024-11-10 03:09:06,717 - cinemas.hot_cinema - INFO - STARTED HOT CINEMA MODIIN
2024-11-10 03:09:11,501 - cinemas.hot_cinema - INFO - DONE HOT CINEMA MODIIN
2024-11-10 03:09:11,501 - cinemas.hot_cinema - INFO - STARTED HOT CINEMA KIRYON
2024-11-10 03:09:12,663 - cinemas.hot_cinema - INFO - DONE HOT CINEMA KIRYON
2024-11-10 03:09:12,664 - cinemas.hot_cinema - INFO - STARTED HOT CINEMA KFAR_SABBA
2024-11-10 03:09:13,819 - cinemas.hot_cinema - INFO - DONE HOT CINEMA KFAR_SABBA
2024-11-10 03:09:13,819 - cinemas.hot_cinema - INFO - STARTED HOT CINEMA HAIFA
2024-11-10 03:09:13,972 - cinemas.hot_cinema - INFO - DONE HOT CINEMA HAIFA
2024-11-10 03:09:13,972 - cinemas.hot_cinema - INFO - STARTED HOT CINEMA PETACH_TIKVA
2024-11-10 03:09:14,122 - cinemas.hot_cinema - INFO - DONE HOT CINEMA PETACH_TIKVA
2024-11-10 03:09:14,122 - cinemas.hot_cinema - INFO - STARTED HOT CINEMA RECHOVOT
2024-11-10 03:09:14,271 - cinemas.hot_cinema - INFO - DONE HOT CINEMA RECHOVOT
2024-11-10 03:09:14,272 - cinemas.hot_cinema - INFO - STARTED HOT CINEMA ASHKELON
2024-11-10 03:09:14,422 - cinemas.hot_cinema - INFO - DONE HOT CINEMA ASHKELON
2024-11-10 03:09:14,422 - cinemas.hot_cinema - INFO - STARTED HOT CINEMA KARMIEL
2024-11-10 03:09:14,569 - cinemas.hot_cinema - INFO - DONE HOT CINEMA KARMIEL
2024-11-10 03:09:14,569 - cinemas.hot_cinema - INFO - STARTED HOT CINEMA NAHARIA
2024-11-10 03:09:14,720 - cinemas.hot_cinema - INFO - DONE HOT CINEMA NAHARIA
2024-11-10 03:09:14,720 - cinemas.hot_cinema - INFO - STARTED HOT CINEMA ASHDOD
2024-11-10 03:09:14,869 - cinemas.hot_cinema - INFO - DONE HOT CINEMA ASHDOD
2024-11-10 03:09:14,869 - cinemas.hot_cinema - INFO - DONE HOT CINEMA
2024-11-10 03:09:14,869 - cinemas.cinema_city - INFO - STARTED CINEMA CITY
2024-11-10 03:09:45,229 - root - ERROR - cinema city crashed
Traceback (most recent call last):
  File "/home/runner/work/Movie-Time-Server/Movie-Time-Server/main.py", line 56, in get_screenings_from_cinema
    return unsafe_get_screenings_from_cinema(get_screening, cinema, date, s)
           ^^^^^^^^^^^^^^^^^^^^^^^^^^^^^^^^^^^^^^^^^^^^^^^^^^^^^^^^^^^^^^^^^
  File "/opt/hostedtoolcache/Python/3.11.10/x64/lib/python3.11/site-packages/decorator.py", line 232, in fun
    return caller(func, *(extras + args), **kw)
           ^^^^^^^^^^^^^^^^^^^^^^^^^^^^^^^^^^^^
  File "/opt/hostedtoolcache/Python/3.11.10/x64/lib/python3.11/site-packages/retry/api.py", line 90, in retry_decorator
    return __retry_internal(partial(f, *args, **kwargs), exceptions, tries, delay, max_delay, backoff, jitter,
           ^^^^^^^^^^^^^^^^^^^^^^^^^^^^^^^^^^^^^^^^^^^^^^^^^^^^^^^^^^^^^^^^^^^^^^^^^^^^^^^^^^^^^^^^^^^^^^^^^^^
  File "/opt/hostedtoolcache/Python/3.11.10/x64/lib/python3.11/site-packages/retry/api.py", line 35, in __retry_internal
    return f()
           ^^^
  File "/home/runner/work/Movie-Time-Server/Movie-Time-Server/main.py", line 71, in unsafe_get_screenings_from_cinema
    screenings = get_screening(year, month, day, s)
                 ^^^^^^^^^^^^^^^^^^^^^^^^^^^^^^^^^^
  File "/home/runner/work/Movie-Time-Server/Movie-Time-Server/cinemas/cinema_city.py", line 146, in get_screenings
    with ProxifiedSession(s) as ps:
  File "/home/runner/work/Movie-Time-Server/Movie-Time-Server/proxy.py", line 44, in __enter__
    proxy_info = driver.get("https://wtfismyip.com/json").json()
                 ^^^^^^^^^^^^^^^^^^^^^^^^^^^^^^^^^^^^^^^^^^^^^^^
  File "/home/runner/work/Movie-Time-Server/Movie-Time-Server/proxy.py", line 18, in json
    return json.loads(self.pre)
           ^^^^^^^^^^^^^^^^^^^^
  File "/opt/hostedtoolcache/Python/3.11.10/x64/lib/python3.11/json/__init__.py", line 339, in loads
    raise TypeError(f'the JSON object must be str, bytes or bytearray, '
TypeError: the JSON object must be str, bytes or bytearray, not NoneType
2024-11-10 03:09:45,283 - cinemas.lev - INFO - STARTED LEV
2024-11-10 03:10:15,645 - root - ERROR - lev crashed
Traceback (most recent call last):
  File "/home/runner/work/Movie-Time-Server/Movie-Time-Server/main.py", line 56, in get_screenings_from_cinema
    return unsafe_get_screenings_from_cinema(get_screening, cinema, date, s)
           ^^^^^^^^^^^^^^^^^^^^^^^^^^^^^^^^^^^^^^^^^^^^^^^^^^^^^^^^^^^^^^^^^
  File "/opt/hostedtoolcache/Python/3.11.10/x64/lib/python3.11/site-packages/decorator.py", line 232, in fun
    return caller(func, *(extras + args), **kw)
           ^^^^^^^^^^^^^^^^^^^^^^^^^^^^^^^^^^^^
  File "/opt/hostedtoolcache/Python/3.11.10/x64/lib/python3.11/site-packages/retry/api.py", line 90, in retry_decorator
    return __retry_internal(partial(f, *args, **kwargs), exceptions, tries, delay, max_delay, backoff, jitter,
           ^^^^^^^^^^^^^^^^^^^^^^^^^^^^^^^^^^^^^^^^^^^^^^^^^^^^^^^^^^^^^^^^^^^^^^^^^^^^^^^^^^^^^^^^^^^^^^^^^^^
  File "/opt/hostedtoolcache/Python/3.11.10/x64/lib/python3.11/site-packages/retry/api.py", line 35, in __retry_internal
    return f()
           ^^^
  File "/home/runner/work/Movie-Time-Server/Movie-Time-Server/main.py", line 71, in unsafe_get_screenings_from_cinema
    screenings = get_screening(year, month, day, s)
                 ^^^^^^^^^^^^^^^^^^^^^^^^^^^^^^^^^^
  File "/home/runner/work/Movie-Time-Server/Movie-Time-Server/cinemas/lev.py", line 127, in get_screenings
    with ProxifiedSession(s) as ps:
  File "/home/runner/work/Movie-Time-Server/Movie-Time-Server/proxy.py", line 44, in __enter__
    proxy_info = driver.get("https://wtfismyip.com/json").json()
                 ^^^^^^^^^^^^^^^^^^^^^^^^^^^^^^^^^^^^^^^^^^^^^^^
  File "/home/runner/work/Movie-Time-Server/Movie-Time-Server/proxy.py", line 18, in json
    return json.loads(self.pre)
           ^^^^^^^^^^^^^^^^^^^^
  File "/opt/hostedtoolcache/Python/3.11.10/x64/lib/python3.11/json/__init__.py", line 339, in loads
    raise TypeError(f'the JSON object must be str, bytes or bytearray, '
TypeError: the JSON object must be str, bytes or bytearray, not NoneType
2024-11-10 03:10:15,699 - cinemas.movieland - INFO - STARTED Movie Land
2024-11-10 03:10:15,699 - cinemas.movieland - INFO - STARTED Movie Land CARMIEL
2024-11-10 03:10:17,770 - cinemas.movieland - INFO - DONE Movie Land CARMIEL
2024-11-10 03:10:17,770 - cinemas.movieland - INFO - STARTED Movie Land HAIFA
2024-11-10 03:10:18,023 - cinemas.movieland - INFO - DONE Movie Land HAIFA
2024-11-10 03:10:18,023 - cinemas.movieland - INFO - STARTED Movie Land NATANYA
2024-11-10 03:10:18,023 - cinemas.movieland - INFO - DONE Movie Land NATANYA
2024-11-10 03:10:18,023 - cinemas.movieland - INFO - DONE Movie Land
2024-11-10 03:10:18,024 - root - INFO - ********************
2024-11-10 03:10:18,024 - root - INFO - started checking for:13-11-2024
2024-11-10 03:10:18,024 - cinemas.yes_planet - INFO - STARTED YES PLANET
2024-11-10 03:10:18,024 - cinemas.yes_planet - INFO - STARTED YES PLANET RISHON
2024-11-10 03:10:18,024 - cinemas.yes_planet - INFO - DONE YES PLANET RISHON
2024-11-10 03:10:18,024 - cinemas.yes_planet - INFO - STARTED YES PLANET AYALON
2024-11-10 03:10:18,024 - cinemas.yes_planet - INFO - DONE YES PLANET AYALON
2024-11-10 03:10:18,024 - cinemas.yes_planet - INFO - STARTED YES PLANET ZICHRON
2024-11-10 03:10:18,024 - cinemas.yes_planet - INFO - DONE YES PLANET ZICHRON
2024-11-10 03:10:18,024 - cinemas.yes_planet - INFO - STARTED YES PLANET HAIFA
2024-11-10 03:10:18,024 - cinemas.yes_planet - INFO - DONE YES PLANET HAIFA
2024-11-10 03:10:18,024 - cinemas.yes_planet - INFO - STARTED YES PLANET JERUSALEM
2024-11-10 03:10:18,024 - cinemas.yes_planet - INFO - DONE YES PLANET JERUSALEM
2024-11-10 03:10:18,024 - cinemas.yes_planet - INFO - STARTED YES PLANET BEER_SHEVA
2024-11-10 03:10:18,024 - cinemas.yes_planet - INFO - DONE YES PLANET BEER_SHEVA
2024-11-10 03:10:18,024 - cinemas.yes_planet - INFO - DONE YES PLANET
2024-11-10 03:10:18,024 - cinemas.rav_hen - INFO - STARTED RAV HEN
2024-11-10 03:10:18,025 - cinemas.rav_hen - INFO - STARTED RAV HEN GIVATAIM
2024-11-10 03:10:18,657 - cinemas.rav_hen - INFO - DONE RAV HEN GIVATAIM
2024-11-10 03:10:18,657 - cinemas.rav_hen - INFO - STARTED RAV HEN DIZINGOF
2024-11-10 03:10:19,133 - cinemas.rav_hen - INFO - DONE RAV HEN DIZINGOF
2024-11-10 03:10:19,133 - cinemas.rav_hen - INFO - STARTED RAV HEN MODIIN
2024-11-10 03:10:19,589 - cinemas.rav_hen - INFO - DONE RAV HEN MODIIN
2024-11-10 03:10:19,590 - cinemas.rav_hen - INFO - STARTED RAV HEN KIRYAT_ONO
2024-11-10 03:10:20,223 - cinemas.rav_hen - INFO - DONE RAV HEN KIRYAT_ONO
2024-11-10 03:10:20,224 - cinemas.rav_hen - INFO - DONE RAV HEN
2024-11-10 03:10:20,224 - cinemas.hot_cinema - INFO - STARTED HOT CINEMA
2024-11-10 03:10:20,224 - cinemas.hot_cinema - INFO - STARTED HOT CINEMA MODIIN
2024-11-10 03:10:20,376 - cinemas.hot_cinema - INFO - DONE HOT CINEMA MODIIN
2024-11-10 03:10:20,376 - cinemas.hot_cinema - INFO - STARTED HOT CINEMA KIRYON
2024-11-10 03:10:20,527 - cinemas.hot_cinema - INFO - DONE HOT CINEMA KIRYON
2024-11-10 03:10:20,527 - cinemas.hot_cinema - INFO - STARTED HOT CINEMA KFAR_SABBA
2024-11-10 03:10:21,173 - cinemas.hot_cinema - INFO - DONE HOT CINEMA KFAR_SABBA
2024-11-10 03:10:21,173 - cinemas.hot_cinema - INFO - STARTED HOT CINEMA HAIFA
2024-11-10 03:10:21,323 - cinemas.hot_cinema - INFO - DONE HOT CINEMA HAIFA
2024-11-10 03:10:21,323 - cinemas.hot_cinema - INFO - STARTED HOT CINEMA PETACH_TIKVA
2024-11-10 03:10:21,474 - cinemas.hot_cinema - INFO - DONE HOT CINEMA PETACH_TIKVA
2024-11-10 03:10:21,474 - cinemas.hot_cinema - INFO - STARTED HOT CINEMA RECHOVOT
2024-11-10 03:10:21,623 - cinemas.hot_cinema - INFO - DONE HOT CINEMA RECHOVOT
2024-11-10 03:10:21,623 - cinemas.hot_cinema - INFO - STARTED HOT CINEMA ASHKELON
2024-11-10 03:10:21,772 - cinemas.hot_cinema - INFO - DONE HOT CINEMA ASHKELON
2024-11-10 03:10:21,772 - cinemas.hot_cinema - INFO - STARTED HOT CINEMA KARMIEL
2024-11-10 03:10:21,921 - cinemas.hot_cinema - INFO - DONE HOT CINEMA KARMIEL
2024-11-10 03:10:21,921 - cinemas.hot_cinema - INFO - STARTED HOT CINEMA NAHARIA
2024-11-10 03:10:22,068 - cinemas.hot_cinema - INFO - DONE HOT CINEMA NAHARIA
2024-11-10 03:10:22,068 - cinemas.hot_cinema - INFO - STARTED HOT CINEMA ASHDOD
2024-11-10 03:10:22,216 - cinemas.hot_cinema - INFO - DONE HOT CINEMA ASHDOD
2024-11-10 03:10:22,216 - cinemas.hot_cinema - INFO - DONE HOT CINEMA
2024-11-10 03:10:22,216 - cinemas.cinema_city - INFO - STARTED CINEMA CITY
2024-11-10 03:10:52,568 - root - ERROR - cinema city crashed
Traceback (most recent call last):
  File "/home/runner/work/Movie-Time-Server/Movie-Time-Server/main.py", line 56, in get_screenings_from_cinema
    return unsafe_get_screenings_from_cinema(get_screening, cinema, date, s)
           ^^^^^^^^^^^^^^^^^^^^^^^^^^^^^^^^^^^^^^^^^^^^^^^^^^^^^^^^^^^^^^^^^
  File "/opt/hostedtoolcache/Python/3.11.10/x64/lib/python3.11/site-packages/decorator.py", line 232, in fun
    return caller(func, *(extras + args), **kw)
           ^^^^^^^^^^^^^^^^^^^^^^^^^^^^^^^^^^^^
  File "/opt/hostedtoolcache/Python/3.11.10/x64/lib/python3.11/site-packages/retry/api.py", line 90, in retry_decorator
    return __retry_internal(partial(f, *args, **kwargs), exceptions, tries, delay, max_delay, backoff, jitter,
           ^^^^^^^^^^^^^^^^^^^^^^^^^^^^^^^^^^^^^^^^^^^^^^^^^^^^^^^^^^^^^^^^^^^^^^^^^^^^^^^^^^^^^^^^^^^^^^^^^^^
  File "/opt/hostedtoolcache/Python/3.11.10/x64/lib/python3.11/site-packages/retry/api.py", line 35, in __retry_internal
    return f()
           ^^^
  File "/home/runner/work/Movie-Time-Server/Movie-Time-Server/main.py", line 71, in unsafe_get_screenings_from_cinema
    screenings = get_screening(year, month, day, s)
                 ^^^^^^^^^^^^^^^^^^^^^^^^^^^^^^^^^^
  File "/home/runner/work/Movie-Time-Server/Movie-Time-Server/cinemas/cinema_city.py", line 146, in get_screenings
    with ProxifiedSession(s) as ps:
  File "/home/runner/work/Movie-Time-Server/Movie-Time-Server/proxy.py", line 44, in __enter__
    proxy_info = driver.get("https://wtfismyip.com/json").json()
                 ^^^^^^^^^^^^^^^^^^^^^^^^^^^^^^^^^^^^^^^^^^^^^^^
  File "/home/runner/work/Movie-Time-Server/Movie-Time-Server/proxy.py", line 18, in json
    return json.loads(self.pre)
           ^^^^^^^^^^^^^^^^^^^^
  File "/opt/hostedtoolcache/Python/3.11.10/x64/lib/python3.11/json/__init__.py", line 339, in loads
    raise TypeError(f'the JSON object must be str, bytes or bytearray, '
TypeError: the JSON object must be str, bytes or bytearray, not NoneType
2024-11-10 03:10:52,622 - cinemas.lev - INFO - STARTED LEV
2024-11-10 03:11:22,986 - root - ERROR - lev crashed
Traceback (most recent call last):
  File "/home/runner/work/Movie-Time-Server/Movie-Time-Server/main.py", line 56, in get_screenings_from_cinema
    return unsafe_get_screenings_from_cinema(get_screening, cinema, date, s)
           ^^^^^^^^^^^^^^^^^^^^^^^^^^^^^^^^^^^^^^^^^^^^^^^^^^^^^^^^^^^^^^^^^
  File "/opt/hostedtoolcache/Python/3.11.10/x64/lib/python3.11/site-packages/decorator.py", line 232, in fun
    return caller(func, *(extras + args), **kw)
           ^^^^^^^^^^^^^^^^^^^^^^^^^^^^^^^^^^^^
  File "/opt/hostedtoolcache/Python/3.11.10/x64/lib/python3.11/site-packages/retry/api.py", line 90, in retry_decorator
    return __retry_internal(partial(f, *args, **kwargs), exceptions, tries, delay, max_delay, backoff, jitter,
           ^^^^^^^^^^^^^^^^^^^^^^^^^^^^^^^^^^^^^^^^^^^^^^^^^^^^^^^^^^^^^^^^^^^^^^^^^^^^^^^^^^^^^^^^^^^^^^^^^^^
  File "/opt/hostedtoolcache/Python/3.11.10/x64/lib/python3.11/site-packages/retry/api.py", line 35, in __retry_internal
    return f()
           ^^^
  File "/home/runner/work/Movie-Time-Server/Movie-Time-Server/main.py", line 71, in unsafe_get_screenings_from_cinema
    screenings = get_screening(year, month, day, s)
                 ^^^^^^^^^^^^^^^^^^^^^^^^^^^^^^^^^^
  File "/home/runner/work/Movie-Time-Server/Movie-Time-Server/cinemas/lev.py", line 127, in get_screenings
    with ProxifiedSession(s) as ps:
  File "/home/runner/work/Movie-Time-Server/Movie-Time-Server/proxy.py", line 44, in __enter__
    proxy_info = driver.get("https://wtfismyip.com/json").json()
                 ^^^^^^^^^^^^^^^^^^^^^^^^^^^^^^^^^^^^^^^^^^^^^^^
  File "/home/runner/work/Movie-Time-Server/Movie-Time-Server/proxy.py", line 18, in json
    return json.loads(self.pre)
           ^^^^^^^^^^^^^^^^^^^^
  File "/opt/hostedtoolcache/Python/3.11.10/x64/lib/python3.11/json/__init__.py", line 339, in loads
    raise TypeError(f'the JSON object must be str, bytes or bytearray, '
TypeError: the JSON object must be str, bytes or bytearray, not NoneType
2024-11-10 03:11:23,040 - cinemas.movieland - INFO - STARTED Movie Land
2024-11-10 03:11:23,040 - cinemas.movieland - INFO - STARTED Movie Land CARMIEL
2024-11-10 03:11:23,041 - cinemas.movieland - INFO - DONE Movie Land CARMIEL
2024-11-10 03:11:23,041 - cinemas.movieland - INFO - STARTED Movie Land HAIFA
2024-11-10 03:11:23,041 - cinemas.movieland - INFO - DONE Movie Land HAIFA
2024-11-10 03:11:23,041 - cinemas.movieland - INFO - STARTED Movie Land NATANYA
2024-11-10 03:11:23,042 - cinemas.movieland - INFO - DONE Movie Land NATANYA
2024-11-10 03:11:23,042 - cinemas.movieland - INFO - DONE Movie Land
2024-11-10 03:11:23,042 - root - INFO - ********************
2024-11-10 03:11:23,042 - root - INFO - started checking for:14-11-2024
2024-11-10 03:11:23,042 - cinemas.yes_planet - INFO - STARTED YES PLANET
2024-11-10 03:11:23,042 - cinemas.yes_planet - INFO - STARTED YES PLANET RISHON
2024-11-10 03:11:23,042 - cinemas.yes_planet - INFO - DONE YES PLANET RISHON
2024-11-10 03:11:23,042 - cinemas.yes_planet - INFO - STARTED YES PLANET AYALON
2024-11-10 03:11:23,042 - cinemas.yes_planet - INFO - DONE YES PLANET AYALON
2024-11-10 03:11:23,042 - cinemas.yes_planet - INFO - STARTED YES PLANET ZICHRON
2024-11-10 03:11:23,042 - cinemas.yes_planet - INFO - DONE YES PLANET ZICHRON
2024-11-10 03:11:23,042 - cinemas.yes_planet - INFO - STARTED YES PLANET HAIFA
2024-11-10 03:11:23,042 - cinemas.yes_planet - INFO - DONE YES PLANET HAIFA
2024-11-10 03:11:23,042 - cinemas.yes_planet - INFO - STARTED YES PLANET JERUSALEM
2024-11-10 03:11:23,042 - cinemas.yes_planet - INFO - DONE YES PLANET JERUSALEM
2024-11-10 03:11:23,043 - cinemas.yes_planet - INFO - STARTED YES PLANET BEER_SHEVA
2024-11-10 03:11:23,043 - cinemas.yes_planet - INFO - DONE YES PLANET BEER_SHEVA
2024-11-10 03:11:23,043 - cinemas.yes_planet - INFO - DONE YES PLANET
2024-11-10 03:11:23,043 - cinemas.rav_hen - INFO - STARTED RAV HEN
2024-11-10 03:11:23,043 - cinemas.rav_hen - INFO - STARTED RAV HEN GIVATAIM
2024-11-10 03:11:23,451 - cinemas.rav_hen - INFO - DONE RAV HEN GIVATAIM
2024-11-10 03:11:23,451 - cinemas.rav_hen - INFO - STARTED RAV HEN DIZINGOF
2024-11-10 03:11:23,834 - cinemas.rav_hen - INFO - DONE RAV HEN DIZINGOF
2024-11-10 03:11:23,834 - cinemas.rav_hen - INFO - STARTED RAV HEN MODIIN
2024-11-10 03:11:24,218 - cinemas.rav_hen - INFO - DONE RAV HEN MODIIN
2024-11-10 03:11:24,218 - cinemas.rav_hen - INFO - STARTED RAV HEN KIRYAT_ONO
2024-11-10 03:11:24,612 - cinemas.rav_hen - INFO - DONE RAV HEN KIRYAT_ONO
2024-11-10 03:11:24,612 - cinemas.rav_hen - INFO - DONE RAV HEN
2024-11-10 03:11:24,612 - retry.api - WARNING - AssertionError: rav hen returned empty list in __main__.unsafe_get_screenings_from_cinema, retrying in 1 seconds...
2024-11-10 03:11:25,612 - cinemas.rav_hen - INFO - STARTED RAV HEN
2024-11-10 03:11:25,612 - cinemas.rav_hen - INFO - STARTED RAV HEN GIVATAIM
2024-11-10 03:11:25,635 - cinemas.rav_hen - INFO - DONE RAV HEN GIVATAIM
2024-11-10 03:11:25,635 - cinemas.rav_hen - INFO - STARTED RAV HEN DIZINGOF
2024-11-10 03:11:25,657 - cinemas.rav_hen - INFO - DONE RAV HEN DIZINGOF
2024-11-10 03:11:25,657 - cinemas.rav_hen - INFO - STARTED RAV HEN MODIIN
2024-11-10 03:11:25,682 - cinemas.rav_hen - INFO - DONE RAV HEN MODIIN
2024-11-10 03:11:25,682 - cinemas.rav_hen - INFO - STARTED RAV HEN KIRYAT_ONO
2024-11-10 03:11:25,704 - cinemas.rav_hen - INFO - DONE RAV HEN KIRYAT_ONO
2024-11-10 03:11:25,704 - cinemas.rav_hen - INFO - DONE RAV HEN
2024-11-10 03:11:25,704 - retry.api - WARNING - AssertionError: rav hen returned empty list in __main__.unsafe_get_screenings_from_cinema, retrying in 2 seconds...
2024-11-10 03:11:27,705 - cinemas.rav_hen - INFO - STARTED RAV HEN
2024-11-10 03:11:27,705 - cinemas.rav_hen - INFO - STARTED RAV HEN GIVATAIM
2024-11-10 03:11:27,726 - cinemas.rav_hen - INFO - DONE RAV HEN GIVATAIM
2024-11-10 03:11:27,726 - cinemas.rav_hen - INFO - STARTED RAV HEN DIZINGOF
2024-11-10 03:11:27,747 - cinemas.rav_hen - INFO - DONE RAV HEN DIZINGOF
2024-11-10 03:11:27,747 - cinemas.rav_hen - INFO - STARTED RAV HEN MODIIN
2024-11-10 03:11:27,773 - cinemas.rav_hen - INFO - DONE RAV HEN MODIIN
2024-11-10 03:11:27,774 - cinemas.rav_hen - INFO - STARTED RAV HEN KIRYAT_ONO
2024-11-10 03:11:27,794 - cinemas.rav_hen - INFO - DONE RAV HEN KIRYAT_ONO
2024-11-10 03:11:27,794 - cinemas.rav_hen - INFO - DONE RAV HEN
2024-11-10 03:11:27,794 - root - ERROR - rav hen crashed: rav hen returned empty list
2024-11-10 03:11:27,794 - cinemas.hot_cinema - INFO - STARTED HOT CINEMA
2024-11-10 03:11:27,794 - cinemas.hot_cinema - INFO - STARTED HOT CINEMA MODIIN
2024-11-10 03:11:28,529 - cinemas.hot_cinema - INFO - DONE HOT CINEMA MODIIN
2024-11-10 03:11:28,529 - cinemas.hot_cinema - INFO - STARTED HOT CINEMA KIRYON
2024-11-10 03:11:28,680 - cinemas.hot_cinema - INFO - DONE HOT CINEMA KIRYON
2024-11-10 03:11:28,680 - cinemas.hot_cinema - INFO - STARTED HOT CINEMA KFAR_SABBA
2024-11-10 03:11:28,829 - cinemas.hot_cinema - INFO - DONE HOT CINEMA KFAR_SABBA
2024-11-10 03:11:28,829 - cinemas.hot_cinema - INFO - STARTED HOT CINEMA HAIFA
2024-11-10 03:11:28,976 - cinemas.hot_cinema - INFO - DONE HOT CINEMA HAIFA
2024-11-10 03:11:28,976 - cinemas.hot_cinema - INFO - STARTED HOT CINEMA PETACH_TIKVA
2024-11-10 03:11:29,125 - cinemas.hot_cinema - INFO - DONE HOT CINEMA PETACH_TIKVA
2024-11-10 03:11:29,125 - cinemas.hot_cinema - INFO - STARTED HOT CINEMA RECHOVOT
2024-11-10 03:11:29,272 - cinemas.hot_cinema - INFO - DONE HOT CINEMA RECHOVOT
2024-11-10 03:11:29,272 - cinemas.hot_cinema - INFO - STARTED HOT CINEMA ASHKELON
2024-11-10 03:11:29,419 - cinemas.hot_cinema - INFO - DONE HOT CINEMA ASHKELON
2024-11-10 03:11:29,419 - cinemas.hot_cinema - INFO - STARTED HOT CINEMA KARMIEL
2024-11-10 03:11:29,566 - cinemas.hot_cinema - INFO - DONE HOT CINEMA KARMIEL
2024-11-10 03:11:29,566 - cinemas.hot_cinema - INFO - STARTED HOT CINEMA NAHARIA
2024-11-10 03:11:29,712 - cinemas.hot_cinema - INFO - DONE HOT CINEMA NAHARIA
2024-11-10 03:11:29,712 - cinemas.hot_cinema - INFO - STARTED HOT CINEMA ASHDOD
2024-11-10 03:11:29,857 - cinemas.hot_cinema - INFO - DONE HOT CINEMA ASHDOD
2024-11-10 03:11:29,858 - cinemas.hot_cinema - INFO - DONE HOT CINEMA
2024-11-10 03:11:29,858 - cinemas.cinema_city - INFO - STARTED CINEMA CITY
2024-11-10 03:12:00,225 - root - ERROR - cinema city crashed
Traceback (most recent call last):
  File "/home/runner/work/Movie-Time-Server/Movie-Time-Server/main.py", line 56, in get_screenings_from_cinema
    return unsafe_get_screenings_from_cinema(get_screening, cinema, date, s)
           ^^^^^^^^^^^^^^^^^^^^^^^^^^^^^^^^^^^^^^^^^^^^^^^^^^^^^^^^^^^^^^^^^
  File "/opt/hostedtoolcache/Python/3.11.10/x64/lib/python3.11/site-packages/decorator.py", line 232, in fun
    return caller(func, *(extras + args), **kw)
           ^^^^^^^^^^^^^^^^^^^^^^^^^^^^^^^^^^^^
  File "/opt/hostedtoolcache/Python/3.11.10/x64/lib/python3.11/site-packages/retry/api.py", line 90, in retry_decorator
    return __retry_internal(partial(f, *args, **kwargs), exceptions, tries, delay, max_delay, backoff, jitter,
           ^^^^^^^^^^^^^^^^^^^^^^^^^^^^^^^^^^^^^^^^^^^^^^^^^^^^^^^^^^^^^^^^^^^^^^^^^^^^^^^^^^^^^^^^^^^^^^^^^^^
  File "/opt/hostedtoolcache/Python/3.11.10/x64/lib/python3.11/site-packages/retry/api.py", line 35, in __retry_internal
    return f()
           ^^^
  File "/home/runner/work/Movie-Time-Server/Movie-Time-Server/main.py", line 71, in unsafe_get_screenings_from_cinema
    screenings = get_screening(year, month, day, s)
                 ^^^^^^^^^^^^^^^^^^^^^^^^^^^^^^^^^^
  File "/home/runner/work/Movie-Time-Server/Movie-Time-Server/cinemas/cinema_city.py", line 146, in get_screenings
    with ProxifiedSession(s) as ps:
  File "/home/runner/work/Movie-Time-Server/Movie-Time-Server/proxy.py", line 44, in __enter__
    proxy_info = driver.get("https://wtfismyip.com/json").json()
                 ^^^^^^^^^^^^^^^^^^^^^^^^^^^^^^^^^^^^^^^^^^^^^^^
  File "/home/runner/work/Movie-Time-Server/Movie-Time-Server/proxy.py", line 18, in json
    return json.loads(self.pre)
           ^^^^^^^^^^^^^^^^^^^^
  File "/opt/hostedtoolcache/Python/3.11.10/x64/lib/python3.11/json/__init__.py", line 339, in loads
    raise TypeError(f'the JSON object must be str, bytes or bytearray, '
TypeError: the JSON object must be str, bytes or bytearray, not NoneType
2024-11-10 03:12:00,283 - cinemas.lev - INFO - STARTED LEV
2024-11-10 03:12:30,665 - root - ERROR - lev crashed
Traceback (most recent call last):
  File "/home/runner/work/Movie-Time-Server/Movie-Time-Server/main.py", line 56, in get_screenings_from_cinema
    return unsafe_get_screenings_from_cinema(get_screening, cinema, date, s)
           ^^^^^^^^^^^^^^^^^^^^^^^^^^^^^^^^^^^^^^^^^^^^^^^^^^^^^^^^^^^^^^^^^
  File "/opt/hostedtoolcache/Python/3.11.10/x64/lib/python3.11/site-packages/decorator.py", line 232, in fun
    return caller(func, *(extras + args), **kw)
           ^^^^^^^^^^^^^^^^^^^^^^^^^^^^^^^^^^^^
  File "/opt/hostedtoolcache/Python/3.11.10/x64/lib/python3.11/site-packages/retry/api.py", line 90, in retry_decorator
    return __retry_internal(partial(f, *args, **kwargs), exceptions, tries, delay, max_delay, backoff, jitter,
           ^^^^^^^^^^^^^^^^^^^^^^^^^^^^^^^^^^^^^^^^^^^^^^^^^^^^^^^^^^^^^^^^^^^^^^^^^^^^^^^^^^^^^^^^^^^^^^^^^^^
  File "/opt/hostedtoolcache/Python/3.11.10/x64/lib/python3.11/site-packages/retry/api.py", line 35, in __retry_internal
    return f()
           ^^^
  File "/home/runner/work/Movie-Time-Server/Movie-Time-Server/main.py", line 71, in unsafe_get_screenings_from_cinema
    screenings = get_screening(year, month, day, s)
                 ^^^^^^^^^^^^^^^^^^^^^^^^^^^^^^^^^^
  File "/home/runner/work/Movie-Time-Server/Movie-Time-Server/cinemas/lev.py", line 127, in get_screenings
    with ProxifiedSession(s) as ps:
  File "/home/runner/work/Movie-Time-Server/Movie-Time-Server/proxy.py", line 44, in __enter__
    proxy_info = driver.get("https://wtfismyip.com/json").json()
                 ^^^^^^^^^^^^^^^^^^^^^^^^^^^^^^^^^^^^^^^^^^^^^^^
  File "/home/runner/work/Movie-Time-Server/Movie-Time-Server/proxy.py", line 18, in json
    return json.loads(self.pre)
           ^^^^^^^^^^^^^^^^^^^^
  File "/opt/hostedtoolcache/Python/3.11.10/x64/lib/python3.11/json/__init__.py", line 339, in loads
    raise TypeError(f'the JSON object must be str, bytes or bytearray, '
TypeError: the JSON object must be str, bytes or bytearray, not NoneType
2024-11-10 03:12:30,719 - cinemas.movieland - INFO - STARTED Movie Land
2024-11-10 03:12:30,719 - cinemas.movieland - INFO - STARTED Movie Land CARMIEL
2024-11-10 03:12:32,202 - cinemas.movieland - INFO - DONE Movie Land CARMIEL
2024-11-10 03:12:32,202 - cinemas.movieland - INFO - STARTED Movie Land HAIFA
2024-11-10 03:12:32,202 - cinemas.movieland - INFO - DONE Movie Land HAIFA
2024-11-10 03:12:32,202 - cinemas.movieland - INFO - STARTED Movie Land NATANYA
2024-11-10 03:12:32,203 - cinemas.movieland - INFO - DONE Movie Land NATANYA
2024-11-10 03:12:32,203 - cinemas.movieland - INFO - DONE Movie Land
2024-11-10 03:12:32,267 - seret.movie_info_fetchers.composite - INFO - Got info for אל תוציא מילה using ElasticMovieInfoFetcher
2024-11-10 03:12:33,211 - seret.movie_info_fetchers.composite - INFO - Got info for Speak no evil using ElasticMovieInfoFetcher
2024-11-10 03:12:33,222 - seret.movie_info_fetchers.composite - INFO - Got info for החשוד האחרון using ElasticMovieInfoFetcher
2024-11-10 03:12:34,455 - seret.movie_info_fetchers.composite - INFO - Got info for Sleeping Dogs using ElasticMovieInfoFetcher
2024-11-10 03:12:35,079 - seret.movie_info_fetchers.composite - INFO - Got info for רוז הרובוטית using ElasticMovieInfoFetcher
2024-11-10 03:12:36,004 - seret.movie_info_fetchers.composite - INFO - Got info for The Wild Robot using ElasticMovieInfoFetcher
2024-11-10 03:12:36,864 - seret.movie_info_fetchers.composite - INFO - Got info for ג'וקר: טירוף בשניים using ElasticMovieInfoFetcher
2024-11-10 03:12:37,395 - seret.movie_info_fetchers.composite - INFO - Got info for Joker: Folie A Deux using ElasticMovieInfoFetcher
2024-11-10 03:12:38,027 - seret.movie_info_fetchers.composite - INFO - Got info for רובוטריקים: ההתחלה using ElasticMovieInfoFetcher
2024-11-10 03:12:38,612 - seret.movie_info_fetchers.composite - INFO - Got info for Transformers One using ElasticMovieInfoFetcher
2024-11-10 03:12:39,829 - seret.movie_info_fetchers.composite - INFO - Got info for החתול בעל 10 הנשמות using ElasticMovieInfoFetcher
2024-11-10 03:12:40,416 - seret.movie_info_fetchers.composite - INFO - Got info for 10 Lives using ElasticMovieInfoFetcher
2024-11-10 03:12:41,991 - seret.movie_info_fetchers.composite - INFO - Got info for להציל את היער using ElasticMovieInfoFetcher
2024-11-10 03:12:42,730 - seret.movie_info_fetchers.composite - INFO - Got info for Ozi: the voice of the forest using ElasticMovieInfoFetcher
2024-11-10 03:12:44,841 - seret.movie_info_fetchers.composite - INFO - Got info for ונום: הריקוד האחרון using ElasticMovieInfoFetcher
2024-11-10 03:12:45,414 - seret.movie_info_fetchers.composite - INFO - Got info for Venom: The Last Dance using ElasticMovieInfoFetcher
2024-11-10 03:12:47,019 - seret.movie_info_fetchers.composite - INFO - Got info for פנדה באפריקה using ElasticMovieInfoFetcher
2024-11-10 03:12:47,589 - seret.movie_info_fetchers.composite - INFO - Got info for Panda Bear in Africa using ElasticMovieInfoFetcher
2024-11-10 03:12:48,237 - seret.movie_info_fetchers.composite - INFO - Got info for סמייל 2 using ElasticMovieInfoFetcher
2024-11-10 03:12:49,584 - seret.movie_info_fetchers.composite - INFO - Got info for Smile 2 using ElasticMovieInfoFetcher
2024-11-10 03:12:50,629 - seret.movie_info_fetchers.composite - INFO - Got info for תה שחור using ElasticMovieInfoFetcher
2024-11-10 03:12:51,161 - seret.movie_info_fetchers.composite - INFO - Got info for Black Tea using ElasticMovieInfoFetcher
2024-11-10 03:12:52,099 - seret.movie_info_fetchers.composite - INFO - Got info for מבצע סנטה using ElasticMovieInfoFetcher
2024-11-10 03:12:53,636 - seret.movie_info_fetchers.composite - INFO - Got info for Red One using ElasticMovieInfoFetcher
2024-11-10 03:12:54,797 - seret.movie_info_fetchers.composite - INFO - Got info for לוני טונס הסרט: הצילו! כדור הארץ השתגע using ElasticMovieInfoFetcher
2024-11-10 03:12:55,671 - seret.movie_info_fetchers.composite - INFO - Got info for The Day the Earth Blew Up: A Looney Tunes Movie using ElasticMovieInfoFetcher
2024-11-10 03:12:55,679 - seret.movie_info_fetchers.composite - INFO - Got info for טיפול זוגי using ElasticMovieInfoFetcher
2024-11-10 03:12:56,935 - seret.movie_info_fetchers.composite - INFO - Got info for Under Therapy using ElasticMovieInfoFetcher
2024-11-10 03:12:58,069 - seret.movie_info_fetchers.composite - INFO - Got info for לה קוצ'ינה using ElasticMovieInfoFetcher
2024-11-10 03:12:58,761 - seret.movie_info_fetchers.composite - INFO - Got info for La Cocina using ElasticMovieInfoFetcher
2024-11-10 03:12:59,988 - seret.movie_info_fetchers.composite - INFO - Got info for סופשבוע לא רגוע using ElasticMovieInfoFetcher
2024-11-10 03:13:00,707 - seret.movie_info_fetchers.composite - INFO - Got info for Weekend in Taipei using ElasticMovieInfoFetcher
2024-11-10 03:13:02,428 - seret.movie_info_fetchers.composite - INFO - Got info for בחורים טובים 2 using ElasticMovieInfoFetcher
2024-11-10 03:13:03,773 - seret.movie_info_fetchers.composite - INFO - Got info for Good Boys 2 using ElasticMovieInfoFetcher
2024-11-10 03:13:05,171 - seret.movie_info_fetchers.composite - INFO - Got info for איך לשגע את אבא בעשרה ימים using ElasticMovieInfoFetcher
2024-11-10 03:13:05,844 - seret.movie_info_fetchers.composite - INFO - Got info for How to Survive Without Mom using ElasticMovieInfoFetcher
2024-11-10 03:13:06,810 - seret.movie_info_fetchers.composite - INFO - Got info for אלי והמפלצות using ElasticMovieInfoFetcher
2024-11-10 03:13:07,234 - seret.movie_info_fetchers.composite - INFO - Got info for Elli and the Ghostly Ghost Train using ElasticMovieInfoFetcher
2024-11-10 03:13:07,830 - seret.movie_info_fetchers.composite - INFO - Got info for הזמן שלנו using ElasticMovieInfoFetcher
2024-11-10 03:13:08,531 - seret.movie_info_fetchers.composite - INFO - Got info for We Live in Time using ElasticMovieInfoFetcher
2024-11-10 03:13:10,570 - seret.movie_info_fetchers.composite - INFO - Got info for חיים של אמא using ElasticMovieInfoFetcher
2024-11-10 03:13:11,142 - seret.movie_info_fetchers.composite - INFO - Got info for This Is My Mother using ElasticMovieInfoFetcher
2024-11-10 03:13:11,152 - seret.movie_info_fetchers.composite - INFO - Got info for להיות גודריץ using ElasticMovieInfoFetcher
2024-11-10 03:13:12,000 - seret.movie_info_fetchers.composite - INFO - Got info for Goodrich using ElasticMovieInfoFetcher
2024-11-10 03:13:13,795 - seret.movie_info_fetchers.composite - INFO - Got info for המתמחה using ElasticMovieInfoFetcher
2024-11-10 03:13:14,323 - seret.movie_info_fetchers.composite - INFO - Got info for The Apprentice using ElasticMovieInfoFetcher
2024-11-10 03:13:15,850 - seret.movie_info_fetchers.composite - INFO - Got info for אמיליה פרז using ElasticMovieInfoFetcher
2024-11-10 03:13:16,830 - seret.movie_info_fetchers.composite - INFO - Got info for Emilia Perez using ElasticMovieInfoFetcher
2024-11-10 03:13:18,781 - seret.movie_info_fetchers.composite - INFO - Got info for זכרונות using ElasticMovieInfoFetcher
2024-11-10 03:13:19,601 - seret.movie_info_fetchers.composite - INFO - Got info for Memory using ElasticMovieInfoFetcher
2024-11-10 03:13:19,601 - seret.info_fetcher - ERROR - Failed to get info for Memory and זכרונות
2024-11-10 03:13:21,180 - seret.movie_info_fetchers.composite - INFO - Got info for חתונה קטלנית using ElasticMovieInfoFetcher
2024-11-10 03:13:22,518 - seret.movie_info_fetchers.composite - INFO - Got info for Til Death Do Us Part using ElasticMovieInfoFetcher
2024-11-10 03:13:23,316 - seret.movie_info_fetchers.composite - INFO - Got info for איתנו זה נגמר using ElasticMovieInfoFetcher
2024-11-10 03:13:23,956 - seret.movie_info_fetchers.composite - INFO - Got info for It Ends with Us using ElasticMovieInfoFetcher
2024-11-10 03:13:24,922 - seret.movie_info_fetchers.composite - INFO - Got info for שעה שקטה using ElasticMovieInfoFetcher
2024-11-10 03:13:25,447 - seret.movie_info_fetchers.composite - INFO - Got info for The Silent Hour using ElasticMovieInfoFetcher
2024-11-10 03:13:26,732 - seret.movie_info_fetchers.composite - INFO - Got info for זאק ושוקו גיבורי על using ElasticMovieInfoFetcher
2024-11-10 03:13:27,551 - seret.movie_info_fetchers.composite - INFO - Got info for ZAK & WOWO: THE LEGEND OF LENDERS using ElasticMovieInfoFetcher
2024-11-10 03:13:29,039 - seret.movie_info_fetchers.composite - INFO - Got info for המהנדס using ElasticMovieInfoFetcher
2024-11-10 03:13:29,493 - seret.movie_info_fetchers.composite - INFO - Got info for The Engineer using ElasticMovieInfoFetcher
2024-11-10 03:13:30,880 - imdb_api - ERROR - id='tt34174515', movie='Red Flower'
Traceback (most recent call last):
  File "/home/runner/work/Movie-Time-Server/Movie-Time-Server/seret/movie_raters/imdb_api.py", line 67, in get_imdb_rating
    return info["aggregateRating"]['ratingValue']
           ~~~~^^^^^^^^^^^^^^^^^^^
KeyError: 'aggregateRating'
2024-11-10 03:13:30,880 - seret.movie_raters.composite - WARNING - Failed to get rating for Red Flower
2024-11-10 03:13:31,021 - seret.movie_raters.composite - WARNING - Failed to get rating for פרח אדום
2024-11-10 03:13:31,021 - seret.movie_info_fetchers.composite - INFO - Got info for פרח אדום using ElasticMovieInfoFetcher
2024-11-10 03:13:31,512 - imdb_api - ERROR - id='tt34174515', movie='Red Flower'
Traceback (most recent call last):
  File "/home/runner/work/Movie-Time-Server/Movie-Time-Server/seret/movie_raters/imdb_api.py", line 67, in get_imdb_rating
    return info["aggregateRating"]['ratingValue']
           ~~~~^^^^^^^^^^^^^^^^^^^
KeyError: 'aggregateRating'
2024-11-10 03:13:31,512 - seret.movie_raters.composite - WARNING - Failed to get rating for Red Flower
2024-11-10 03:13:31,524 - seret.movie_raters.composite - WARNING - Failed to get rating for פרח אדום
2024-11-10 03:13:31,524 - seret.movie_info_fetchers.composite - INFO - Got info for Red Flower using ElasticMovieInfoFetcher
2024-11-10 03:13:32,512 - seret.movie_info_fetchers.composite - INFO - Got info for מטוסי על: הסרט using ElasticMovieInfoFetcher
2024-11-10 03:13:32,955 - seret.movie_info_fetchers.composite - INFO - Got info for Super Wings the movie: Maximum Speed using ElasticMovieInfoFetcher
2024-11-10 03:13:34,049 - seret.movie_info_fetchers.composite - INFO - Got info for My Hero Academia: You`re next using ElasticMovieInfoFetcher
2024-11-10 03:13:35,377 - seret.movie_info_fetchers.composite - INFO - Got info for מיליון עוקבים using ElasticMovieInfoFetcher
2024-11-10 03:13:36,052 - seret.movie_info_fetchers.composite - INFO - Got info for 1 Million Followers using ElasticMovieInfoFetcher
2024-11-10 03:13:38,107 - seret.movie_info_fetchers.composite - INFO - Got info for מערכה שנייה using ElasticMovieInfoFetcher
2024-11-10 03:13:39,763 - seret.movie_info_fetchers.composite - INFO - Got info for Second Act using ElasticMovieInfoFetcher
2024-11-10 03:13:40,312 - imdb_api - ERROR - id='tt9371598', movie='This Time Next Year'
Traceback (most recent call last):
  File "/home/runner/work/Movie-Time-Server/Movie-Time-Server/seret/movie_raters/imdb_api.py", line 67, in get_imdb_rating
    return info["aggregateRating"]['ratingValue']
           ~~~~^^^^^^^^^^^^^^^^^^^
KeyError: 'aggregateRating'
2024-11-10 03:13:40,312 - seret.movie_raters.composite - WARNING - Failed to get rating for This Time Next Year
2024-11-10 03:13:40,540 - seret.movie_raters.composite - WARNING - Failed to get rating for מזל שנפגשנו
2024-11-10 03:13:40,540 - seret.movie_info_fetchers.composite - INFO - Got info for מזל שנפגשנו using ElasticMovieInfoFetcher
2024-11-10 03:13:40,934 - imdb_api - ERROR - id='tt9371598', movie='This Time Next Year'
Traceback (most recent call last):
  File "/home/runner/work/Movie-Time-Server/Movie-Time-Server/seret/movie_raters/imdb_api.py", line 67, in get_imdb_rating
    return info["aggregateRating"]['ratingValue']
           ~~~~^^^^^^^^^^^^^^^^^^^
KeyError: 'aggregateRating'
2024-11-10 03:13:40,935 - seret.movie_raters.composite - WARNING - Failed to get rating for This Time Next Year
2024-11-10 03:13:40,947 - seret.movie_raters.composite - WARNING - Failed to get rating for מזל שנפגשנו
2024-11-10 03:13:40,948 - seret.movie_info_fetchers.composite - INFO - Got info for This Time Next Year using ElasticMovieInfoFetcher
2024-11-10 03:13:42,196 - seret.movie_info_fetchers.composite - INFO - Got info for שקר גאוני using ElasticMovieInfoFetcher
2024-11-10 03:13:42,742 - seret.movie_info_fetchers.composite - INFO - Got info for Bad Genius using ElasticMovieInfoFetcher
2024-11-10 03:13:44,392 - seret.movie_info_fetchers.composite - INFO - Got info for קרוב אלי using ElasticMovieInfoFetcher
2024-11-10 03:13:45,022 - seret.movie_info_fetchers.composite - INFO - Got info for Come Closer using ElasticMovieInfoFetcher
2024-11-10 03:13:45,619 - seret.movie_info_fetchers.composite - INFO - Got info for הלבוי: האדם העקום using ElasticMovieInfoFetcher
2024-11-10 03:13:46,197 - seret.movie_info_fetchers.composite - INFO - Got info for Hellboy: The Crooked Man using ElasticMovieInfoFetcher
2024-11-10 03:13:46,904 - seret.movie_info_fetchers.composite - INFO - Got info for הקול בראש 2 using ElasticMovieInfoFetcher
2024-11-10 03:13:47,770 - seret.movie_info_fetchers.composite - INFO - Got info for Inside out 2 using ElasticMovieInfoFetcher
2024-11-10 03:13:48,725 - seret.movie_info_fetchers.composite - INFO - Got info for גיבורה בהפתעה 2: טובים השניים מן האחד using ElasticMovieInfoFetcher
2024-11-10 03:13:49,507 - seret.movie_info_fetchers.composite - INFO - Got info for Combat Wombat 2 - Back 2 Back using ElasticMovieInfoFetcher
2024-11-10 03:13:49,992 - seret.movie_info_fetchers.composite - INFO - Got info for איך לשגע את אבא ב- 10 ימים using ElasticMovieInfoFetcher
2024-11-10 03:13:50,985 - seret.movie_info_fetchers.composite - INFO - Got info for How to Survive without Mom using ElasticMovieInfoFetcher
2024-11-10 03:13:50,999 - seret.movie_info_fetchers.composite - INFO - Got info for ELLI & HER MONSTER TEAM using ElasticMovieInfoFetcher
2024-11-10 03:13:51,792 - seret.movie_info_fetchers.composite - INFO - Got info for EMILIA PEREZ using ElasticMovieInfoFetcher
2024-11-10 03:13:52,255 - seret.movie_raters.composite - WARNING - Failed to get rating for Last of the Good Guys
2024-11-10 03:13:52,544 - seret.movie_raters.composite - WARNING - Failed to get rating for אחרון הבחורים הטובים
2024-11-10 03:13:52,544 - seret.movie_info_fetchers.composite - INFO - Got info for good guys 2 using ElasticMovieInfoFetcher
2024-11-10 03:13:53,113 - seret.movie_info_fetchers.composite - INFO - Got info for Joker-Folie a Deux using ElasticMovieInfoFetcher
2024-11-10 03:13:53,912 - seret.movie_info_fetchers.composite - INFO - Got info for דדפול & וולברין using ElasticMovieInfoFetcher
2024-11-10 03:13:54,511 - seret.movie_info_fetchers.composite - INFO - Got info for Deadpool & Wolverine using ElasticMovieInfoFetcher
2024-11-10 03:13:55,181 - seret.movie_info_fetchers.composite - INFO - Got info for Till Deah do us APART using ElasticMovieInfoFetcher
2024-11-10 03:13:55,812 - seret.movie_info_fetchers.composite - INFO - Got info for סמייל  2 using ElasticMovieInfoFetcher
2024-11-10 03:13:56,449 - seret.movie_info_fetchers.composite - INFO - Got info for Smile 2 using ElasticMovieInfoFetcher
2024-11-10 03:13:56,999 - seret.movie_info_fetchers.composite - INFO - Got info for רובוטריקים ההתחלה using ElasticMovieInfoFetcher
2024-11-10 03:13:59,677 - seret.movie_info_fetchers.composite - INFO - Got info for Transformers: One using ElasticMovieInfoFetcher
2024-11-10 03:14:00,359 - seret.movie_info_fetchers.composite - INFO - Got info for It Ends With Us using ElasticMovieInfoFetcher
2024-11-10 03:14:00,915 - seret.movie_info_fetchers.composite - INFO - Got info for ביטלג'וס ביטלג'וס using ElasticMovieInfoFetcher
2024-11-10 03:14:01,903 - seret.movie_info_fetchers.composite - INFO - Got info for Beetlejuice Beetlejuice using ElasticMovieInfoFetcher
2024-11-10 03:14:02,663 - seret.movie_info_fetchers.composite - INFO - Got info for We live on time using ElasticMovieInfoFetcher
2024-11-10 03:14:03,205 - seret.movie_info_fetchers.composite - INFO - Got info for הצילו! כדור הארץ השתגע: לוני טונס הסרט using ElasticMovieInfoFetcher
2024-11-10 03:14:03,814 - seret.movie_info_fetchers.composite - INFO - Got info for The Day the Earth Blew Up: A Looney Tunes Movie using ElasticMovieInfoFetcher
2024-11-10 03:14:05,236 - seret.movie_info_fetchers.composite - INFO - Got info for משנות את הכללים using ElasticMovieInfoFetcher
2024-11-10 03:14:05,725 - seret.movie_info_fetchers.composite - INFO - Got info for WEEKEND IN TAIPEI using ElasticMovieInfoFetcher
2024-11-10 03:14:06,257 - seret.movie_info_fetchers.composite - INFO - Got info for Inside Out 2 using ElasticMovieInfoFetcher
2024-11-10 03:14:07,204 - seret.movie_info_fetchers.composite - INFO - Got info for התחת הזקן שלי using ElasticMovieInfoFetcher
2024-11-10 03:14:07,874 - seret.movie_info_fetchers.composite - INFO - Got info for My Old Ass using ElasticMovieInfoFetcher
2024-11-10 03:14:08,459 - seret.movie_info_fetchers.composite - INFO - Got info for Venom: The Last Dan using ElasticMovieInfoFetcher
2024-11-10 03:14:08,948 - seret.movie_info_fetchers.composite - INFO - Got info for הצילו! כדור הארץ השתגע using ElasticMovieInfoFetcher
2024-11-10 03:14:09,559 - seret.movie_info_fetchers.composite - INFO - Got info for The Day the Earth Blew Up using ElasticMovieInfoFetcher
2024-11-10 03:14:09,579 - seret.movie_info_fetchers.composite - INFO - Got info for МИССИЯ: КРАСНЫЙ using ElasticMovieInfoFetcher
2024-11-10 03:14:09,579 - seret.info_fetcher - ERROR - Failed to get info for МИССИЯ: КРАСНЫЙ and МИССИЯ: КРАСНЫЙ
2024-11-10 03:14:10,170 - seret.movie_info_fetchers.composite - INFO - Got info for ג'וקר טירוף בשניים using ElasticMovieInfoFetcher
2024-11-10 03:14:11,290 - seret.movie_info_fetchers.composite - INFO - Got info for Joker: Folie À Deux using ElasticMovieInfoFetcher
2024-11-10 03:14:12,043 - seret.movie_info_fetchers.composite - INFO - Got info for סינגאם 3 using ElasticMovieInfoFetcher
2024-11-10 03:14:12,590 - seret.movie_info_fetchers.composite - INFO - Got info for Singham Again using ElasticMovieInfoFetcher
2024-11-10 03:14:13,436 - seret.movie_info_fetchers.composite - INFO - Got info for גנוב על החיים using ElasticMovieInfoFetcher
2024-11-10 03:14:14,125 - seret.movie_info_fetchers.composite - INFO - Got info for Despicable Me 4 using ElasticMovieInfoFetcher
2024-11-10 03:14:14,573 - seret.movie_info_fetchers.composite - INFO - Got info for 10 lives using ElasticMovieInfoFetcher
2024-11-10 03:14:14,590 - seret.movie_info_fetchers.composite - INFO - Got info for ВЕНОМ. ПОСЛЕДНИЙ ТАНЕЦ using ElasticMovieInfoFetcher
2024-11-10 03:14:14,591 - seret.info_fetcher - ERROR - Failed to get info for ВЕНОМ. ПОСЛЕДНИЙ ТАНЕЦ and ВЕНОМ. ПОСЛЕДНИЙ ТАНЕЦ
2024-11-10 03:14:15,061 - seret.movie_info_fetchers.composite - INFO - Got info for THE SILENT HOUR using ElasticMovieInfoFetcher
2024-11-10 03:14:16,121 - seret.movie_info_fetchers.composite - INFO - Got info for הצמה using ElasticMovieInfoFetcher
2024-11-10 03:14:16,896 - seret.movie_info_fetchers.composite - INFO - Got info for The Braid using ElasticMovieInfoFetcher
2024-11-10 03:14:17,459 - seret.movie_info_fetchers.composite - INFO - Got info for חדר המורים using ElasticMovieInfoFetcher
2024-11-10 03:14:18,225 - seret.movie_info_fetchers.composite - INFO - Got info for The Teachers Lounge using ElasticMovieInfoFetcher
2024-11-10 03:14:19,792 - seret.movie_info_fetchers.composite - INFO - Got info for אדיוס בואנוס איירס using ElasticMovieInfoFetcher
2024-11-10 03:14:20,283 - seret.movie_info_fetchers.composite - INFO - Got info for Adiós Buenos Aires using ElasticMovieInfoFetcher
2024-11-10 03:14:21,886 - seret.movie_info_fetchers.composite - INFO - Got info for אהבה ויין using ElasticMovieInfoFetcher
2024-11-10 03:14:23,363 - seret.movie_info_fetchers.composite - INFO - Got info for Tasting using ElasticMovieInfoFetcher
2024-11-10 03:14:25,350 - seret.movie_info_fetchers.composite - INFO - Got info for LA VIE DE MA MERE-This Is My Mother using ElasticMovieInfoFetcher
2024-11-10 03:14:26,972 - seret.movie_info_fetchers.composite - INFO - Got info for עולם מפריד בינינו using ElasticMovieInfoFetcher
2024-11-10 03:14:28,729 - seret.movie_info_fetchers.composite - INFO - Got info for A World Apart using ElasticMovieInfoFetcher
2024-11-10 03:14:30,065 - seret.movie_info_fetchers.composite - INFO - Got info for פייר ומרתה: אמנות ואהבה using ElasticMovieInfoFetcher
2024-11-10 03:14:30,877 - seret.movie_info_fetchers.composite - INFO - Got info for Bonnard: Pierre & Marthe using ElasticMovieInfoFetcher
2024-11-10 03:14:32,483 - seret.movie_info_fetchers.composite - INFO - Got info for אדוני השופט using ElasticMovieInfoFetcher
2024-11-10 03:14:33,533 - seret.movie_info_fetchers.composite - INFO - Got info for Take a Chance On Me using ElasticMovieInfoFetcher
2024-11-10 03:14:35,325 - seret.movie_info_fetchers.composite - INFO - Got info for מחר יום חדש using ElasticMovieInfoFetcher
2024-11-10 03:14:36,597 - seret.movie_info_fetchers.composite - INFO - Got info for There Is Still Tomorrow using ElasticMovieInfoFetcher
2024-11-10 03:14:38,651 - seret.movie_info_fetchers.composite - INFO - Got info for תמימות using ElasticMovieInfoFetcher
2024-11-10 03:14:39,351 - seret.movie_info_fetchers.composite - INFO - Got info for MONSTER using ElasticMovieInfoFetcher
2024-11-10 03:14:40,449 - seret.movie_info_fetchers.composite - INFO - Got info for קרוב אליי using ElasticMovieInfoFetcher
2024-11-10 03:14:40,988 - seret.movie_info_fetchers.composite - INFO - Got info for Adios Buenos Aires using ElasticMovieInfoFetcher
2024-11-10 03:14:41,695 - seret.movie_info_fetchers.composite - INFO - Got info for Un mondo a parte using ElasticMovieInfoFetcher
2024-11-10 03:14:42,236 - seret.movie_raters.composite - WARNING - Failed to get rating for Shcach Mize
2024-11-10 03:14:42,413 - seret.movie_raters.composite - WARNING - Failed to get rating for שכח מזה
2024-11-10 03:14:42,413 - seret.movie_info_fetchers.composite - INFO - Got info for עבר שכוח 3 using ElasticMovieInfoFetcher
2024-11-10 03:14:42,422 - seret.movie_info_fetchers.composite - INFO - Got info for Bhool Bhulaiyaa 3 using ElasticMovieInfoFetcher
2024-11-10 03:14:43,046 - seret.movie_info_fetchers.composite - INFO - Got info for גלדיאטור II using ElasticMovieInfoFetcher
2024-11-10 03:14:43,575 - seret.movie_info_fetchers.composite - INFO - Got info for Gladiator II using ElasticMovieInfoFetcher
2024-11-10 03:14:44,148 - seret.movie_info_fetchers.composite - INFO - Got info for גלדיאטור 2 using ElasticMovieInfoFetcher
2024-11-10 03:14:44,847 - seret.movie_info_fetchers.composite - INFO - Got info for Gladiator II using ElasticMovieInfoFetcher
2024-11-10 03:14:44,848 - seret.info_fetcher - ERROR - Failed to get info for 3 movies: [{'date': '10-11-2024', 'cinema': 'יס פלאנט', 'location': 'ראשון לציון', 'district': 'גוש דן', 'title': 'זכרונות', 'eng_title': 'Amarcord', 'type': '2D', 'time': '19:50', 'link': 'https://tickets3.planetcinema.co.il/site/1072?code=1072-59702&saleChannelCode=web', 'coords': (31.9798, 34.7475), 'dubbed': False}, {'date': '10-11-2024', 'cinema': 'מובילנד', 'location': 'כרמיאל', 'district': 'הצפון', 'title': 'МИССИЯ: КРАСНЫЙ', 'eng_title': 'МИССИЯ: КРАСНЫЙ', 'type': '2D', 'time': '19:05', 'link': 'https://ecom.biggerpicture.ai/site/1290?code=1290-57184&saleChannelCode=web&languageid=he_IL', 'coords': (32.922, 35.3078), 'dubbed': True}, {'date': '11-11-2024', 'cinema': 'מובילנד', 'location': 'כרמיאל', 'district': 'הצפון', 'title': 'ВЕНОМ. ПОСЛЕДНИЙ ТАНЕЦ', 'eng_title': 'ВЕНОМ. ПОСЛЕДНИЙ ТАНЕЦ', 'type': '2D', 'time': '19:30', 'link': 'https://ecom.biggerpicture.ai/site/1290?code=1290-57045&saleChannelCode=web&languageid=he_IL', 'coords': (32.922, 35.3078), 'dubbed': True}]
2024-11-10 03:14:44,922 - root - INFO - 3758
