2024-04-28 02:38:03,765 - root - INFO - ********************
2024-04-28 02:38:03,765 - root - INFO - started checking for:28-04-2024
2024-04-28 02:38:03,766 - cinemas.yes_planet - INFO - STARTED YES PLANET
2024-04-28 02:38:03,766 - cinemas.yes_planet - INFO - STARTED YES PLANET RISHON
2024-04-28 02:38:32,017 - cinemas.yes_planet - INFO - DONE YES PLANET RISHON
2024-04-28 02:38:32,017 - cinemas.yes_planet - INFO - STARTED YES PLANET AYALON
2024-04-28 02:38:34,130 - cinemas.yes_planet - INFO - DONE YES PLANET AYALON
2024-04-28 02:38:34,130 - cinemas.yes_planet - INFO - STARTED YES PLANET ZICHRON
2024-04-28 02:38:35,519 - cinemas.yes_planet - INFO - DONE YES PLANET ZICHRON
2024-04-28 02:38:35,519 - cinemas.yes_planet - INFO - STARTED YES PLANET HAIFA
2024-04-28 02:38:42,518 - cinemas.yes_planet - INFO - DONE YES PLANET HAIFA
2024-04-28 02:38:42,518 - cinemas.yes_planet - INFO - STARTED YES PLANET JERUSALEM
2024-04-28 02:38:44,711 - cinemas.yes_planet - INFO - DONE YES PLANET JERUSALEM
2024-04-28 02:38:44,712 - cinemas.yes_planet - INFO - STARTED YES PLANET BEER_SHEVA
2024-04-28 02:38:45,465 - cinemas.yes_planet - INFO - DONE YES PLANET BEER_SHEVA
2024-04-28 02:38:45,465 - cinemas.yes_planet - INFO - DONE YES PLANET
2024-04-28 02:38:45,466 - cinemas.yes_planet - INFO - STARTED YES PLANET
2024-04-28 02:38:45,466 - cinemas.yes_planet - INFO - STARTED YES PLANET RISHON
2024-04-28 02:38:45,497 - cinemas.yes_planet - INFO - DONE YES PLANET RISHON
2024-04-28 02:38:45,497 - cinemas.yes_planet - INFO - STARTED YES PLANET AYALON
2024-04-28 02:38:45,528 - cinemas.yes_planet - INFO - DONE YES PLANET AYALON
2024-04-28 02:38:45,528 - cinemas.yes_planet - INFO - STARTED YES PLANET ZICHRON
2024-04-28 02:38:45,556 - cinemas.yes_planet - INFO - DONE YES PLANET ZICHRON
2024-04-28 02:38:45,556 - cinemas.yes_planet - INFO - STARTED YES PLANET HAIFA
2024-04-28 02:38:45,613 - cinemas.yes_planet - INFO - DONE YES PLANET HAIFA
2024-04-28 02:38:45,613 - cinemas.yes_planet - INFO - STARTED YES PLANET JERUSALEM
2024-04-28 02:38:45,642 - cinemas.yes_planet - INFO - DONE YES PLANET JERUSALEM
2024-04-28 02:38:45,642 - cinemas.yes_planet - INFO - STARTED YES PLANET BEER_SHEVA
2024-04-28 02:38:45,681 - cinemas.yes_planet - INFO - DONE YES PLANET BEER_SHEVA
2024-04-28 02:38:45,681 - cinemas.yes_planet - INFO - DONE YES PLANET
2024-04-28 02:38:45,681 - cinemas.rav_hen - INFO - STARTED RAV HEN
2024-04-28 02:38:45,681 - cinemas.rav_hen - INFO - STARTED RAV HEN GIVATAIM
2024-04-28 02:38:56,948 - cinemas.rav_hen - INFO - DONE RAV HEN GIVATAIM
2024-04-28 02:38:56,949 - cinemas.rav_hen - INFO - STARTED RAV HEN DIZINGOF
2024-04-28 02:38:57,494 - cinemas.rav_hen - INFO - DONE RAV HEN DIZINGOF
2024-04-28 02:38:57,495 - cinemas.rav_hen - INFO - STARTED RAV HEN MODIIN
2024-04-28 02:38:57,934 - cinemas.rav_hen - INFO - DONE RAV HEN MODIIN
2024-04-28 02:38:57,934 - cinemas.rav_hen - INFO - STARTED RAV HEN KIRYAT_ONO
2024-04-28 02:38:59,173 - cinemas.rav_hen - INFO - DONE RAV HEN KIRYAT_ONO
2024-04-28 02:38:59,173 - cinemas.rav_hen - INFO - DONE RAV HEN
2024-04-28 02:38:59,173 - cinemas.rav_hen - INFO - STARTED RAV HEN
2024-04-28 02:38:59,173 - cinemas.rav_hen - INFO - STARTED RAV HEN GIVATAIM
2024-04-28 02:38:59,198 - cinemas.rav_hen - INFO - DONE RAV HEN GIVATAIM
2024-04-28 02:38:59,199 - cinemas.rav_hen - INFO - STARTED RAV HEN DIZINGOF
2024-04-28 02:38:59,223 - cinemas.rav_hen - INFO - DONE RAV HEN DIZINGOF
2024-04-28 02:38:59,223 - cinemas.rav_hen - INFO - STARTED RAV HEN MODIIN
2024-04-28 02:38:59,248 - cinemas.rav_hen - INFO - DONE RAV HEN MODIIN
2024-04-28 02:38:59,248 - cinemas.rav_hen - INFO - STARTED RAV HEN KIRYAT_ONO
2024-04-28 02:38:59,271 - cinemas.rav_hen - INFO - DONE RAV HEN KIRYAT_ONO
2024-04-28 02:38:59,271 - cinemas.rav_hen - INFO - DONE RAV HEN
2024-04-28 02:38:59,271 - cinemas.hot_cinema - INFO - STARTED HOT CINEMA
2024-04-28 02:38:59,271 - cinemas.hot_cinema - INFO - STARTED HOT CINEMA MODIIN
2024-04-28 02:39:13,682 - cinemas.hot_cinema - INFO - DONE HOT CINEMA MODIIN
2024-04-28 02:39:13,682 - cinemas.hot_cinema - INFO - STARTED HOT CINEMA KIRYON
2024-04-28 02:39:21,115 - cinemas.hot_cinema - INFO - DONE HOT CINEMA KIRYON
2024-04-28 02:39:21,115 - cinemas.hot_cinema - INFO - STARTED HOT CINEMA KFAR_SABBA
2024-04-28 02:39:21,835 - cinemas.hot_cinema - INFO - DONE HOT CINEMA KFAR_SABBA
2024-04-28 02:39:21,835 - cinemas.hot_cinema - INFO - STARTED HOT CINEMA HAIFA
2024-04-28 02:39:24,809 - cinemas.hot_cinema - INFO - DONE HOT CINEMA HAIFA
2024-04-28 02:39:24,809 - cinemas.hot_cinema - INFO - STARTED HOT CINEMA PETACH_TIKVA
2024-04-28 02:39:24,977 - cinemas.hot_cinema - INFO - DONE HOT CINEMA PETACH_TIKVA
2024-04-28 02:39:24,977 - cinemas.hot_cinema - INFO - STARTED HOT CINEMA RECHOVOT
2024-04-28 02:39:25,145 - cinemas.hot_cinema - INFO - DONE HOT CINEMA RECHOVOT
2024-04-28 02:39:25,145 - cinemas.hot_cinema - INFO - STARTED HOT CINEMA ASHKELON
2024-04-28 02:39:25,865 - cinemas.hot_cinema - INFO - DONE HOT CINEMA ASHKELON
2024-04-28 02:39:25,865 - cinemas.hot_cinema - INFO - STARTED HOT CINEMA KARMIEL
2024-04-28 02:39:26,033 - cinemas.hot_cinema - INFO - DONE HOT CINEMA KARMIEL
2024-04-28 02:39:26,033 - cinemas.hot_cinema - INFO - STARTED HOT CINEMA NAHARIA
2024-04-28 02:39:26,200 - cinemas.hot_cinema - INFO - DONE HOT CINEMA NAHARIA
2024-04-28 02:39:26,200 - cinemas.hot_cinema - INFO - STARTED HOT CINEMA ASHDOD
2024-04-28 02:39:26,367 - cinemas.hot_cinema - INFO - DONE HOT CINEMA ASHDOD
2024-04-28 02:39:26,367 - cinemas.hot_cinema - INFO - DONE HOT CINEMA
2024-04-28 02:39:26,367 - cinemas.hot_cinema - INFO - STARTED HOT CINEMA
2024-04-28 02:39:26,367 - cinemas.hot_cinema - INFO - STARTED HOT CINEMA MODIIN
2024-04-28 02:39:26,535 - cinemas.hot_cinema - INFO - DONE HOT CINEMA MODIIN
2024-04-28 02:39:26,535 - cinemas.hot_cinema - INFO - STARTED HOT CINEMA KIRYON
2024-04-28 02:39:26,705 - cinemas.hot_cinema - INFO - DONE HOT CINEMA KIRYON
2024-04-28 02:39:26,705 - cinemas.hot_cinema - INFO - STARTED HOT CINEMA KFAR_SABBA
2024-04-28 02:39:26,875 - cinemas.hot_cinema - INFO - DONE HOT CINEMA KFAR_SABBA
2024-04-28 02:39:26,875 - cinemas.hot_cinema - INFO - STARTED HOT CINEMA HAIFA
2024-04-28 02:39:27,045 - cinemas.hot_cinema - INFO - DONE HOT CINEMA HAIFA
2024-04-28 02:39:27,045 - cinemas.hot_cinema - INFO - STARTED HOT CINEMA PETACH_TIKVA
2024-04-28 02:39:27,212 - cinemas.hot_cinema - INFO - DONE HOT CINEMA PETACH_TIKVA
2024-04-28 02:39:27,212 - cinemas.hot_cinema - INFO - STARTED HOT CINEMA RECHOVOT
2024-04-28 02:39:27,382 - cinemas.hot_cinema - INFO - DONE HOT CINEMA RECHOVOT
2024-04-28 02:39:27,382 - cinemas.hot_cinema - INFO - STARTED HOT CINEMA ASHKELON
2024-04-28 02:39:27,550 - cinemas.hot_cinema - INFO - DONE HOT CINEMA ASHKELON
2024-04-28 02:39:27,550 - cinemas.hot_cinema - INFO - STARTED HOT CINEMA KARMIEL
2024-04-28 02:39:27,721 - cinemas.hot_cinema - INFO - DONE HOT CINEMA KARMIEL
2024-04-28 02:39:27,721 - cinemas.hot_cinema - INFO - STARTED HOT CINEMA NAHARIA
2024-04-28 02:39:27,887 - cinemas.hot_cinema - INFO - DONE HOT CINEMA NAHARIA
2024-04-28 02:39:27,887 - cinemas.hot_cinema - INFO - STARTED HOT CINEMA ASHDOD
2024-04-28 02:39:28,055 - cinemas.hot_cinema - INFO - DONE HOT CINEMA ASHDOD
2024-04-28 02:39:28,055 - cinemas.hot_cinema - INFO - DONE HOT CINEMA
2024-04-28 02:39:28,056 - cinemas.cinema_city - INFO - STARTED CINEMA CITY
2024-04-28 02:39:28,056 - cinemas.cinema_city - INFO - STARTED CINEMA CITY GLILOT
2024-04-28 02:39:53,734 - cinemas.cinema_city - INFO - DONE CINEMA CITY GLILOT
2024-04-28 02:39:53,734 - cinemas.cinema_city - INFO - STARTED CINEMA CITY RISHON
2024-04-28 02:39:58,434 - cinemas.cinema_city - INFO - DONE CINEMA CITY RISHON
2024-04-28 02:39:58,434 - cinemas.cinema_city - INFO - STARTED CINEMA CITY JERUSALEM
2024-04-28 02:39:59,014 - cinemas.cinema_city - INFO - DONE CINEMA CITY JERUSALEM
2024-04-28 02:39:59,014 - cinemas.cinema_city - INFO - STARTED CINEMA CITY KFAR_SABBA
2024-04-28 02:40:00,437 - cinemas.cinema_city - INFO - DONE CINEMA CITY KFAR_SABBA
2024-04-28 02:40:00,437 - cinemas.cinema_city - INFO - STARTED CINEMA CITY NATANIA
2024-04-28 02:40:01,845 - cinemas.cinema_city - INFO - DONE CINEMA CITY NATANIA
2024-04-28 02:40:01,845 - cinemas.cinema_city - INFO - STARTED CINEMA CITY BEER_SHEVA
2024-04-28 02:40:02,608 - cinemas.cinema_city - INFO - DONE CINEMA CITY BEER_SHEVA
2024-04-28 02:40:02,609 - cinemas.cinema_city - INFO - STARTED CINEMA CITY HADERA
2024-04-28 02:40:04,022 - cinemas.cinema_city - INFO - DONE CINEMA CITY HADERA
2024-04-28 02:40:04,022 - cinemas.cinema_city - INFO - STARTED CINEMA CITY ASHDOD
2024-04-28 02:40:04,988 - cinemas.cinema_city - INFO - DONE CINEMA CITY ASHDOD
2024-04-28 02:40:04,988 - cinemas.cinema_city - INFO - DONE CINEMA CITY
2024-04-28 02:40:04,989 - cinemas.cinema_city - INFO - STARTED CINEMA CITY
2024-04-28 02:40:04,989 - cinemas.cinema_city - INFO - STARTED CINEMA CITY GLILOT
2024-04-28 02:40:05,743 - cinemas.cinema_city - INFO - DONE CINEMA CITY GLILOT
2024-04-28 02:40:05,743 - cinemas.cinema_city - INFO - STARTED CINEMA CITY RISHON
2024-04-28 02:40:06,500 - cinemas.cinema_city - INFO - DONE CINEMA CITY RISHON
2024-04-28 02:40:06,500 - cinemas.cinema_city - INFO - STARTED CINEMA CITY JERUSALEM
2024-04-28 02:40:07,074 - cinemas.cinema_city - INFO - DONE CINEMA CITY JERUSALEM
2024-04-28 02:40:07,074 - cinemas.cinema_city - INFO - STARTED CINEMA CITY KFAR_SABBA
2024-04-28 02:40:07,814 - cinemas.cinema_city - INFO - DONE CINEMA CITY KFAR_SABBA
2024-04-28 02:40:07,814 - cinemas.cinema_city - INFO - STARTED CINEMA CITY NATANIA
2024-04-28 02:40:08,552 - cinemas.cinema_city - INFO - DONE CINEMA CITY NATANIA
2024-04-28 02:40:08,552 - cinemas.cinema_city - INFO - STARTED CINEMA CITY BEER_SHEVA
2024-04-28 02:40:09,124 - cinemas.cinema_city - INFO - DONE CINEMA CITY BEER_SHEVA
2024-04-28 02:40:09,124 - cinemas.cinema_city - INFO - STARTED CINEMA CITY HADERA
2024-04-28 02:40:09,700 - cinemas.cinema_city - INFO - DONE CINEMA CITY HADERA
2024-04-28 02:40:09,700 - cinemas.cinema_city - INFO - STARTED CINEMA CITY ASHDOD
2024-04-28 02:40:10,666 - cinemas.cinema_city - INFO - DONE CINEMA CITY ASHDOD
2024-04-28 02:40:10,666 - cinemas.cinema_city - INFO - DONE CINEMA CITY
2024-04-28 02:40:10,666 - cinemas.lev - INFO - STARTED LEV
2024-04-28 02:40:14,855 - proxy - INFO - Proxy: {'YourFuckingIPAddress': '185.191.204.254', 'YourFuckingLocation': 'Israel', 'YourFuckingHostname': '204.254.hqserv.co.il', 'YourFuckingISP': 'HQserv Network Solutions', 'YourFuckingTorExit': False, 'YourFuckingCity': '', 'YourFuckingCountry': 'Israel', 'YourFuckingCountryCode': 'IL'}
2024-04-28 02:40:14,855 - cinemas.lev - INFO - STARTED LEV TEL_AVIV
2024-04-28 02:40:21,085 - cinemas.lev - INFO - DONE LEV TEL_AVIV
2024-04-28 02:40:21,085 - cinemas.lev - INFO - STARTED LEV RAMAT_HASHARON
2024-04-28 02:40:21,925 - cinemas.lev - INFO - DONE LEV RAMAT_HASHARON
2024-04-28 02:40:21,925 - cinemas.lev - INFO - STARTED LEV MANDARIN
2024-04-28 02:40:23,148 - cinemas.lev - INFO - DONE LEV MANDARIN
2024-04-28 02:40:23,148 - cinemas.lev - INFO - STARTED LEV EVEN_YEHUDA
2024-04-28 02:40:24,996 - cinemas.lev - INFO - DONE LEV EVEN_YEHUDA
2024-04-28 02:40:24,996 - cinemas.lev - INFO - STARTED LEV SMADAR
2024-04-28 02:40:26,318 - cinemas.lev - INFO - DONE LEV SMADAR
2024-04-28 02:40:26,318 - cinemas.lev - INFO - STARTED LEV RAANANA
2024-04-28 02:40:27,860 - cinemas.lev - INFO - DONE LEV RAANANA
2024-04-28 02:40:27,860 - cinemas.lev - INFO - STARTED LEV OMER
2024-04-28 02:40:28,873 - cinemas.lev - INFO - DONE LEV OMER
2024-04-28 02:40:28,873 - cinemas.lev - INFO - STARTED LEV SHOHAM
2024-04-28 02:40:30,600 - cinemas.lev - INFO - DONE LEV SHOHAM
2024-04-28 02:40:30,600 - cinemas.lev - INFO - STARTED LEV DANIEL
2024-04-28 02:40:31,529 - cinemas.lev - INFO - DONE LEV DANIEL
2024-04-28 02:40:31,529 - proxy - INFO - Proxy removed
2024-04-28 02:40:31,529 - cinemas.lev - INFO - DONE LEV
2024-04-28 02:40:31,529 - cinemas.lev - INFO - STARTED LEV
2024-04-28 02:40:41,187 - root - ERROR - lev crashed
Traceback (most recent call last):
  File "/opt/hostedtoolcache/Python/3.11.9/x64/lib/python3.11/site-packages/urllib3/connectionpool.py", line 715, in urlopen
    httplib_response = self._make_request(
                       ^^^^^^^^^^^^^^^^^^^
  File "/opt/hostedtoolcache/Python/3.11.9/x64/lib/python3.11/site-packages/urllib3/connectionpool.py", line 467, in _make_request
    six.raise_from(e, None)
  File "<string>", line 3, in raise_from
  File "/opt/hostedtoolcache/Python/3.11.9/x64/lib/python3.11/site-packages/urllib3/connectionpool.py", line 462, in _make_request
    httplib_response = conn.getresponse()
                       ^^^^^^^^^^^^^^^^^^
  File "/opt/hostedtoolcache/Python/3.11.9/x64/lib/python3.11/http/client.py", line 1395, in getresponse
    response.begin()
  File "/opt/hostedtoolcache/Python/3.11.9/x64/lib/python3.11/http/client.py", line 325, in begin
    version, status, reason = self._read_status()
                              ^^^^^^^^^^^^^^^^^^^
  File "/opt/hostedtoolcache/Python/3.11.9/x64/lib/python3.11/http/client.py", line 294, in _read_status
    raise RemoteDisconnected("Remote end closed connection without"
http.client.RemoteDisconnected: Remote end closed connection without response

During handling of the above exception, another exception occurred:

Traceback (most recent call last):
  File "/opt/hostedtoolcache/Python/3.11.9/x64/lib/python3.11/site-packages/requests/adapters.py", line 486, in send
    resp = conn.urlopen(
           ^^^^^^^^^^^^^
  File "/opt/hostedtoolcache/Python/3.11.9/x64/lib/python3.11/site-packages/urllib3/connectionpool.py", line 799, in urlopen
    retries = retries.increment(
              ^^^^^^^^^^^^^^^^^^
  File "/opt/hostedtoolcache/Python/3.11.9/x64/lib/python3.11/site-packages/urllib3/util/retry.py", line 592, in increment
    raise MaxRetryError(_pool, url, error or ResponseError(cause))
urllib3.exceptions.MaxRetryError: HTTPSConnectionPool(host='wtfismyip.com', port=443): Max retries exceeded with url: /json (Caused by ProxyError('Cannot connect to proxy.', RemoteDisconnected('Remote end closed connection without response')))

During handling of the above exception, another exception occurred:

Traceback (most recent call last):
  File "/home/runner/work/Movie-Time-Server/Movie-Time-Server/main.py", line 56, in get_screenings_from_cinema
    return unsafe_get_screenings_from_cinema(get_screening, cinema, date, s)
           ^^^^^^^^^^^^^^^^^^^^^^^^^^^^^^^^^^^^^^^^^^^^^^^^^^^^^^^^^^^^^^^^^
  File "/opt/hostedtoolcache/Python/3.11.9/x64/lib/python3.11/site-packages/decorator.py", line 232, in fun
    return caller(func, *(extras + args), **kw)
           ^^^^^^^^^^^^^^^^^^^^^^^^^^^^^^^^^^^^
  File "/opt/hostedtoolcache/Python/3.11.9/x64/lib/python3.11/site-packages/retry/api.py", line 90, in retry_decorator
    return __retry_internal(partial(f, *args, **kwargs), exceptions, tries, delay, max_delay, backoff, jitter,
           ^^^^^^^^^^^^^^^^^^^^^^^^^^^^^^^^^^^^^^^^^^^^^^^^^^^^^^^^^^^^^^^^^^^^^^^^^^^^^^^^^^^^^^^^^^^^^^^^^^^
  File "/opt/hostedtoolcache/Python/3.11.9/x64/lib/python3.11/site-packages/retry/api.py", line 35, in __retry_internal
    return f()
           ^^^
  File "/home/runner/work/Movie-Time-Server/Movie-Time-Server/main.py", line 74, in unsafe_get_screenings_from_cinema
    return get_screening(year, month, day, s)
           ^^^^^^^^^^^^^^^^^^^^^^^^^^^^^^^^^^
  File "/home/runner/work/Movie-Time-Server/Movie-Time-Server/cinemas/lev.py", line 127, in get_screenings
    with ProxifiedSession(s) as ps:
  File "/home/runner/work/Movie-Time-Server/Movie-Time-Server/proxy.py", line 12, in __enter__
    proxy_info = self.session.get("https://wtfismyip.com/json").json()
                 ^^^^^^^^^^^^^^^^^^^^^^^^^^^^^^^^^^^^^^^^^^^^^^
  File "/opt/hostedtoolcache/Python/3.11.9/x64/lib/python3.11/site-packages/requests/sessions.py", line 602, in get
    return self.request("GET", url, **kwargs)
           ^^^^^^^^^^^^^^^^^^^^^^^^^^^^^^^^^^
  File "/opt/hostedtoolcache/Python/3.11.9/x64/lib/python3.11/site-packages/requests/sessions.py", line 589, in request
    resp = self.send(prep, **send_kwargs)
           ^^^^^^^^^^^^^^^^^^^^^^^^^^^^^^
  File "/opt/hostedtoolcache/Python/3.11.9/x64/lib/python3.11/site-packages/requests/sessions.py", line 703, in send
    r = adapter.send(request, **kwargs)
        ^^^^^^^^^^^^^^^^^^^^^^^^^^^^^^^
  File "/opt/hostedtoolcache/Python/3.11.9/x64/lib/python3.11/site-packages/requests/adapters.py", line 513, in send
    raise ProxyError(e, request=request)
requests.exceptions.ProxyError: HTTPSConnectionPool(host='wtfismyip.com', port=443): Max retries exceeded with url: /json (Caused by ProxyError('Cannot connect to proxy.', RemoteDisconnected('Remote end closed connection without response')))
2024-04-28 02:40:41,223 - cinemas.movieland - INFO - STARTED Movie Land
2024-04-28 02:40:41,223 - cinemas.movieland - INFO - STARTED Movie Land CARMIEL
2024-04-28 02:41:15,839 - cinemas.movieland - INFO - DONE Movie Land CARMIEL
2024-04-28 02:41:15,839 - cinemas.movieland - INFO - STARTED Movie Land HAIFA
2024-04-28 02:41:20,548 - cinemas.movieland - INFO - DONE Movie Land HAIFA
2024-04-28 02:41:20,548 - cinemas.movieland - INFO - STARTED Movie Land NATANYA
2024-04-28 02:41:25,294 - cinemas.movieland - INFO - DONE Movie Land NATANYA
2024-04-28 02:41:25,294 - cinemas.movieland - INFO - DONE Movie Land
2024-04-28 02:41:25,294 - cinemas.movieland - INFO - STARTED Movie Land
2024-04-28 02:41:25,294 - cinemas.movieland - INFO - STARTED Movie Land CARMIEL
2024-04-28 02:41:25,295 - cinemas.movieland - INFO - DONE Movie Land CARMIEL
2024-04-28 02:41:25,295 - cinemas.movieland - INFO - STARTED Movie Land HAIFA
2024-04-28 02:41:25,295 - cinemas.movieland - INFO - DONE Movie Land HAIFA
2024-04-28 02:41:25,295 - cinemas.movieland - INFO - STARTED Movie Land NATANYA
2024-04-28 02:41:25,296 - cinemas.movieland - INFO - DONE Movie Land NATANYA
2024-04-28 02:41:25,296 - cinemas.movieland - INFO - DONE Movie Land
2024-04-28 02:41:25,296 - root - INFO - ********************
2024-04-28 02:41:25,296 - root - INFO - started checking for:29-04-2024
2024-04-28 02:41:25,296 - cinemas.yes_planet - INFO - STARTED YES PLANET
2024-04-28 02:41:25,296 - cinemas.yes_planet - INFO - STARTED YES PLANET RISHON
2024-04-28 02:41:30,045 - root - ERROR - yes planet crashed
Traceback (most recent call last):
  File "/opt/hostedtoolcache/Python/3.11.9/x64/lib/python3.11/site-packages/requests/models.py", line 971, in json
    return complexjson.loads(self.text, **kwargs)
           ^^^^^^^^^^^^^^^^^^^^^^^^^^^^^^^^^^^^^^
  File "/opt/hostedtoolcache/Python/3.11.9/x64/lib/python3.11/json/__init__.py", line 346, in loads
    return _default_decoder.decode(s)
           ^^^^^^^^^^^^^^^^^^^^^^^^^^
  File "/opt/hostedtoolcache/Python/3.11.9/x64/lib/python3.11/json/decoder.py", line 337, in decode
    obj, end = self.raw_decode(s, idx=_w(s, 0).end())
               ^^^^^^^^^^^^^^^^^^^^^^^^^^^^^^^^^^^^^^
  File "/opt/hostedtoolcache/Python/3.11.9/x64/lib/python3.11/json/decoder.py", line 355, in raw_decode
    raise JSONDecodeError("Expecting value", s, err.value) from None
json.decoder.JSONDecodeError: Expecting value: line 1 column 1 (char 0)

During handling of the above exception, another exception occurred:

Traceback (most recent call last):
  File "/home/runner/work/Movie-Time-Server/Movie-Time-Server/main.py", line 56, in get_screenings_from_cinema
    return unsafe_get_screenings_from_cinema(get_screening, cinema, date, s)
           ^^^^^^^^^^^^^^^^^^^^^^^^^^^^^^^^^^^^^^^^^^^^^^^^^^^^^^^^^^^^^^^^^
  File "/opt/hostedtoolcache/Python/3.11.9/x64/lib/python3.11/site-packages/decorator.py", line 232, in fun
    return caller(func, *(extras + args), **kw)
           ^^^^^^^^^^^^^^^^^^^^^^^^^^^^^^^^^^^^
  File "/opt/hostedtoolcache/Python/3.11.9/x64/lib/python3.11/site-packages/retry/api.py", line 90, in retry_decorator
    return __retry_internal(partial(f, *args, **kwargs), exceptions, tries, delay, max_delay, backoff, jitter,
           ^^^^^^^^^^^^^^^^^^^^^^^^^^^^^^^^^^^^^^^^^^^^^^^^^^^^^^^^^^^^^^^^^^^^^^^^^^^^^^^^^^^^^^^^^^^^^^^^^^^
  File "/opt/hostedtoolcache/Python/3.11.9/x64/lib/python3.11/site-packages/retry/api.py", line 35, in __retry_internal
    return f()
           ^^^
  File "/home/runner/work/Movie-Time-Server/Movie-Time-Server/main.py", line 71, in unsafe_get_screenings_from_cinema
    screenings = get_screening(year, month, day, s)
                 ^^^^^^^^^^^^^^^^^^^^^^^^^^^^^^^^^^
  File "/home/runner/work/Movie-Time-Server/Movie-Time-Server/cinemas/yes_planet.py", line 132, in get_screenings
    screenings.extend(get_by_location(location, date, format_date, s))
                      ^^^^^^^^^^^^^^^^^^^^^^^^^^^^^^^^^^^^^^^^^^^^^^^
  File "/home/runner/work/Movie-Time-Server/Movie-Time-Server/cinemas/yes_planet.py", line 109, in get_by_location
    movies_data, events = prepare(location, date, s)
                          ^^^^^^^^^^^^^^^^^^^^^^^^^^
  File "/home/runner/work/Movie-Time-Server/Movie-Time-Server/cinemas/yes_planet.py", line 100, in prepare
    data = dict(res.json().get("body"))
                ^^^^^^^^^^
  File "/opt/hostedtoolcache/Python/3.11.9/x64/lib/python3.11/site-packages/requests/models.py", line 975, in json
    raise RequestsJSONDecodeError(e.msg, e.doc, e.pos)
requests.exceptions.JSONDecodeError: Expecting value: line 1 column 1 (char 0)
2024-04-28 02:41:30,104 - cinemas.rav_hen - INFO - STARTED RAV HEN
2024-04-28 02:41:30,104 - cinemas.rav_hen - INFO - STARTED RAV HEN GIVATAIM
2024-04-28 02:41:32,161 - root - ERROR - rav hen crashed
Traceback (most recent call last):
  File "/opt/hostedtoolcache/Python/3.11.9/x64/lib/python3.11/site-packages/requests/models.py", line 971, in json
    return complexjson.loads(self.text, **kwargs)
           ^^^^^^^^^^^^^^^^^^^^^^^^^^^^^^^^^^^^^^
  File "/opt/hostedtoolcache/Python/3.11.9/x64/lib/python3.11/json/__init__.py", line 346, in loads
    return _default_decoder.decode(s)
           ^^^^^^^^^^^^^^^^^^^^^^^^^^
  File "/opt/hostedtoolcache/Python/3.11.9/x64/lib/python3.11/json/decoder.py", line 337, in decode
    obj, end = self.raw_decode(s, idx=_w(s, 0).end())
               ^^^^^^^^^^^^^^^^^^^^^^^^^^^^^^^^^^^^^^
  File "/opt/hostedtoolcache/Python/3.11.9/x64/lib/python3.11/json/decoder.py", line 355, in raw_decode
    raise JSONDecodeError("Expecting value", s, err.value) from None
json.decoder.JSONDecodeError: Expecting value: line 1 column 1 (char 0)

During handling of the above exception, another exception occurred:

Traceback (most recent call last):
  File "/home/runner/work/Movie-Time-Server/Movie-Time-Server/main.py", line 56, in get_screenings_from_cinema
    return unsafe_get_screenings_from_cinema(get_screening, cinema, date, s)
           ^^^^^^^^^^^^^^^^^^^^^^^^^^^^^^^^^^^^^^^^^^^^^^^^^^^^^^^^^^^^^^^^^
  File "/opt/hostedtoolcache/Python/3.11.9/x64/lib/python3.11/site-packages/decorator.py", line 232, in fun
    return caller(func, *(extras + args), **kw)
           ^^^^^^^^^^^^^^^^^^^^^^^^^^^^^^^^^^^^
  File "/opt/hostedtoolcache/Python/3.11.9/x64/lib/python3.11/site-packages/retry/api.py", line 90, in retry_decorator
    return __retry_internal(partial(f, *args, **kwargs), exceptions, tries, delay, max_delay, backoff, jitter,
           ^^^^^^^^^^^^^^^^^^^^^^^^^^^^^^^^^^^^^^^^^^^^^^^^^^^^^^^^^^^^^^^^^^^^^^^^^^^^^^^^^^^^^^^^^^^^^^^^^^^
  File "/opt/hostedtoolcache/Python/3.11.9/x64/lib/python3.11/site-packages/retry/api.py", line 35, in __retry_internal
    return f()
           ^^^
  File "/home/runner/work/Movie-Time-Server/Movie-Time-Server/main.py", line 71, in unsafe_get_screenings_from_cinema
    screenings = get_screening(year, month, day, s)
                 ^^^^^^^^^^^^^^^^^^^^^^^^^^^^^^^^^^
  File "/home/runner/work/Movie-Time-Server/Movie-Time-Server/cinemas/rav_hen.py", line 124, in get_screenings
    screenings.extend(get_by_location(location, date, format_date, s))
                      ^^^^^^^^^^^^^^^^^^^^^^^^^^^^^^^^^^^^^^^^^^^^^^^
  File "/home/runner/work/Movie-Time-Server/Movie-Time-Server/cinemas/rav_hen.py", line 100, in get_by_location
    movies_data, events = prepare(location, date, s)
                          ^^^^^^^^^^^^^^^^^^^^^^^^^^
  File "/home/runner/work/Movie-Time-Server/Movie-Time-Server/cinemas/rav_hen.py", line 46, in prepare
    data = dict(res.json().get("body"))
                ^^^^^^^^^^
  File "/opt/hostedtoolcache/Python/3.11.9/x64/lib/python3.11/site-packages/requests/models.py", line 975, in json
    raise RequestsJSONDecodeError(e.msg, e.doc, e.pos)
requests.exceptions.JSONDecodeError: Expecting value: line 1 column 1 (char 0)
2024-04-28 02:41:32,162 - cinemas.hot_cinema - INFO - STARTED HOT CINEMA
2024-04-28 02:41:32,162 - cinemas.hot_cinema - INFO - STARTED HOT CINEMA MODIIN
2024-04-28 02:41:39,653 - cinemas.hot_cinema - INFO - DONE HOT CINEMA MODIIN
2024-04-28 02:41:39,653 - cinemas.hot_cinema - INFO - STARTED HOT CINEMA KIRYON
2024-04-28 02:41:46,891 - cinemas.hot_cinema - INFO - DONE HOT CINEMA KIRYON
2024-04-28 02:41:46,891 - cinemas.hot_cinema - INFO - STARTED HOT CINEMA KFAR_SABBA
2024-04-28 02:41:54,399 - cinemas.hot_cinema - INFO - DONE HOT CINEMA KFAR_SABBA
2024-04-28 02:41:54,399 - cinemas.hot_cinema - INFO - STARTED HOT CINEMA HAIFA
2024-04-28 02:41:59,057 - cinemas.hot_cinema - INFO - DONE HOT CINEMA HAIFA
2024-04-28 02:41:59,057 - cinemas.hot_cinema - INFO - STARTED HOT CINEMA PETACH_TIKVA
2024-04-28 02:41:59,715 - cinemas.hot_cinema - INFO - DONE HOT CINEMA PETACH_TIKVA
2024-04-28 02:41:59,715 - cinemas.hot_cinema - INFO - STARTED HOT CINEMA RECHOVOT
2024-04-28 02:42:00,371 - cinemas.hot_cinema - INFO - DONE HOT CINEMA RECHOVOT
2024-04-28 02:42:00,371 - cinemas.hot_cinema - INFO - STARTED HOT CINEMA ASHKELON
2024-04-28 02:42:01,003 - cinemas.hot_cinema - INFO - DONE HOT CINEMA ASHKELON
2024-04-28 02:42:01,004 - cinemas.hot_cinema - INFO - STARTED HOT CINEMA KARMIEL
2024-04-28 02:42:01,697 - cinemas.hot_cinema - INFO - DONE HOT CINEMA KARMIEL
2024-04-28 02:42:01,697 - cinemas.hot_cinema - INFO - STARTED HOT CINEMA NAHARIA
2024-04-28 02:42:02,275 - cinemas.hot_cinema - INFO - DONE HOT CINEMA NAHARIA
2024-04-28 02:42:02,275 - cinemas.hot_cinema - INFO - STARTED HOT CINEMA ASHDOD
2024-04-28 02:42:02,887 - cinemas.hot_cinema - INFO - DONE HOT CINEMA ASHDOD
2024-04-28 02:42:02,887 - cinemas.hot_cinema - INFO - DONE HOT CINEMA
2024-04-28 02:42:02,888 - cinemas.hot_cinema - INFO - STARTED HOT CINEMA
2024-04-28 02:42:02,888 - cinemas.hot_cinema - INFO - STARTED HOT CINEMA MODIIN
2024-04-28 02:42:03,632 - cinemas.hot_cinema - INFO - DONE HOT CINEMA MODIIN
2024-04-28 02:42:03,632 - cinemas.hot_cinema - INFO - STARTED HOT CINEMA KIRYON
2024-04-28 02:42:04,611 - cinemas.hot_cinema - INFO - DONE HOT CINEMA KIRYON
2024-04-28 02:42:04,612 - cinemas.hot_cinema - INFO - STARTED HOT CINEMA KFAR_SABBA
2024-04-28 02:42:10,976 - cinemas.hot_cinema - INFO - DONE HOT CINEMA KFAR_SABBA
2024-04-28 02:42:10,976 - cinemas.hot_cinema - INFO - STARTED HOT CINEMA HAIFA
2024-04-28 02:42:13,628 - cinemas.hot_cinema - INFO - DONE HOT CINEMA HAIFA
2024-04-28 02:42:13,628 - cinemas.hot_cinema - INFO - STARTED HOT CINEMA PETACH_TIKVA
2024-04-28 02:42:15,931 - cinemas.hot_cinema - INFO - DONE HOT CINEMA PETACH_TIKVA
2024-04-28 02:42:15,931 - cinemas.hot_cinema - INFO - STARTED HOT CINEMA RECHOVOT
2024-04-28 02:42:18,028 - cinemas.hot_cinema - INFO - DONE HOT CINEMA RECHOVOT
2024-04-28 02:42:18,028 - cinemas.hot_cinema - INFO - STARTED HOT CINEMA ASHKELON
2024-04-28 02:42:20,053 - cinemas.hot_cinema - INFO - DONE HOT CINEMA ASHKELON
2024-04-28 02:42:20,053 - cinemas.hot_cinema - INFO - STARTED HOT CINEMA KARMIEL
2024-04-28 02:42:21,247 - cinemas.hot_cinema - INFO - DONE HOT CINEMA KARMIEL
2024-04-28 02:42:21,247 - cinemas.hot_cinema - INFO - STARTED HOT CINEMA NAHARIA
2024-04-28 02:42:22,368 - cinemas.hot_cinema - INFO - DONE HOT CINEMA NAHARIA
2024-04-28 02:42:22,368 - cinemas.hot_cinema - INFO - STARTED HOT CINEMA ASHDOD
2024-04-28 02:42:23,514 - cinemas.hot_cinema - INFO - DONE HOT CINEMA ASHDOD
2024-04-28 02:42:23,514 - cinemas.hot_cinema - INFO - DONE HOT CINEMA
2024-04-28 02:42:23,514 - cinemas.cinema_city - INFO - STARTED CINEMA CITY
2024-04-28 02:42:23,515 - cinemas.cinema_city - INFO - STARTED CINEMA CITY GLILOT
2024-04-28 02:42:27,398 - root - ERROR - cinema city crashed
Traceback (most recent call last):
  File "/opt/hostedtoolcache/Python/3.11.9/x64/lib/python3.11/site-packages/requests/models.py", line 971, in json
    return complexjson.loads(self.text, **kwargs)
           ^^^^^^^^^^^^^^^^^^^^^^^^^^^^^^^^^^^^^^
  File "/opt/hostedtoolcache/Python/3.11.9/x64/lib/python3.11/json/__init__.py", line 346, in loads
    return _default_decoder.decode(s)
           ^^^^^^^^^^^^^^^^^^^^^^^^^^
  File "/opt/hostedtoolcache/Python/3.11.9/x64/lib/python3.11/json/decoder.py", line 337, in decode
    obj, end = self.raw_decode(s, idx=_w(s, 0).end())
               ^^^^^^^^^^^^^^^^^^^^^^^^^^^^^^^^^^^^^^
  File "/opt/hostedtoolcache/Python/3.11.9/x64/lib/python3.11/json/decoder.py", line 355, in raw_decode
    raise JSONDecodeError("Expecting value", s, err.value) from None
json.decoder.JSONDecodeError: Expecting value: line 1 column 1 (char 0)

During handling of the above exception, another exception occurred:

Traceback (most recent call last):
  File "/home/runner/work/Movie-Time-Server/Movie-Time-Server/main.py", line 56, in get_screenings_from_cinema
    return unsafe_get_screenings_from_cinema(get_screening, cinema, date, s)
           ^^^^^^^^^^^^^^^^^^^^^^^^^^^^^^^^^^^^^^^^^^^^^^^^^^^^^^^^^^^^^^^^^
  File "/opt/hostedtoolcache/Python/3.11.9/x64/lib/python3.11/site-packages/decorator.py", line 232, in fun
    return caller(func, *(extras + args), **kw)
           ^^^^^^^^^^^^^^^^^^^^^^^^^^^^^^^^^^^^
  File "/opt/hostedtoolcache/Python/3.11.9/x64/lib/python3.11/site-packages/retry/api.py", line 90, in retry_decorator
    return __retry_internal(partial(f, *args, **kwargs), exceptions, tries, delay, max_delay, backoff, jitter,
           ^^^^^^^^^^^^^^^^^^^^^^^^^^^^^^^^^^^^^^^^^^^^^^^^^^^^^^^^^^^^^^^^^^^^^^^^^^^^^^^^^^^^^^^^^^^^^^^^^^^
  File "/opt/hostedtoolcache/Python/3.11.9/x64/lib/python3.11/site-packages/retry/api.py", line 35, in __retry_internal
    return f()
           ^^^
  File "/home/runner/work/Movie-Time-Server/Movie-Time-Server/main.py", line 71, in unsafe_get_screenings_from_cinema
    screenings = get_screening(year, month, day, s)
                 ^^^^^^^^^^^^^^^^^^^^^^^^^^^^^^^^^^
  File "/home/runner/work/Movie-Time-Server/Movie-Time-Server/cinemas/cinema_city.py", line 144, in get_screenings
    screenings.extend(get_by_location(location, date, s))
                      ^^^^^^^^^^^^^^^^^^^^^^^^^^^^^^^^^^
  File "/home/runner/work/Movie-Time-Server/Movie-Time-Server/cinemas/cinema_city.py", line 115, in get_by_location
    new_date = get_date(location, date, s)
               ^^^^^^^^^^^^^^^^^^^^^^^^^^^
  File "/home/runner/work/Movie-Time-Server/Movie-Time-Server/cinemas/cinema_city.py", line 103, in get_date
    data = res.json()
           ^^^^^^^^^^
  File "/opt/hostedtoolcache/Python/3.11.9/x64/lib/python3.11/site-packages/requests/models.py", line 975, in json
    raise RequestsJSONDecodeError(e.msg, e.doc, e.pos)
requests.exceptions.JSONDecodeError: Expecting value: line 1 column 1 (char 0)
2024-04-28 02:42:27,399 - cinemas.lev - INFO - STARTED LEV
2024-04-28 02:42:30,595 - proxy - INFO - Proxy: {'YourFuckingIPAddress': '185.191.204.254', 'YourFuckingLocation': 'Israel', 'YourFuckingHostname': '204.254.hqserv.co.il', 'YourFuckingISP': 'HQserv Network Solutions', 'YourFuckingTorExit': False, 'YourFuckingCity': '', 'YourFuckingCountry': 'Israel', 'YourFuckingCountryCode': 'IL'}
2024-04-28 02:42:30,595 - cinemas.lev - INFO - STARTED LEV TEL_AVIV
2024-04-28 02:42:34,027 - cinemas.lev - INFO - DONE LEV TEL_AVIV
2024-04-28 02:42:34,027 - cinemas.lev - INFO - STARTED LEV RAMAT_HASHARON
2024-04-28 02:42:34,758 - cinemas.lev - INFO - DONE LEV RAMAT_HASHARON
2024-04-28 02:42:34,758 - cinemas.lev - INFO - STARTED LEV MANDARIN
2024-04-28 02:42:35,438 - cinemas.lev - INFO - DONE LEV MANDARIN
2024-04-28 02:42:35,439 - cinemas.lev - INFO - STARTED LEV EVEN_YEHUDA
2024-04-28 02:42:36,060 - cinemas.lev - INFO - DONE LEV EVEN_YEHUDA
2024-04-28 02:42:36,060 - cinemas.lev - INFO - STARTED LEV SMADAR
2024-04-28 02:42:40,934 - cinemas.lev - INFO - DONE LEV SMADAR
2024-04-28 02:42:40,935 - cinemas.lev - INFO - STARTED LEV RAANANA
2024-04-28 02:42:42,863 - cinemas.lev - INFO - DONE LEV RAANANA
2024-04-28 02:42:42,863 - cinemas.lev - INFO - STARTED LEV OMER
2024-04-28 02:42:44,168 - cinemas.lev - INFO - DONE LEV OMER
2024-04-28 02:42:44,168 - cinemas.lev - INFO - STARTED LEV SHOHAM
2024-04-28 02:42:45,206 - cinemas.lev - INFO - DONE LEV SHOHAM
2024-04-28 02:42:45,206 - cinemas.lev - INFO - STARTED LEV DANIEL
2024-04-28 02:42:46,078 - cinemas.lev - INFO - DONE LEV DANIEL
2024-04-28 02:42:46,078 - proxy - INFO - Proxy removed
2024-04-28 02:42:46,078 - cinemas.lev - INFO - DONE LEV
2024-04-28 02:42:46,078 - cinemas.lev - INFO - STARTED LEV
2024-04-28 02:42:46,868 - root - ERROR - lev crashed
Traceback (most recent call last):
  File "/opt/hostedtoolcache/Python/3.11.9/x64/lib/python3.11/site-packages/urllib3/connectionpool.py", line 715, in urlopen
    httplib_response = self._make_request(
                       ^^^^^^^^^^^^^^^^^^^
  File "/opt/hostedtoolcache/Python/3.11.9/x64/lib/python3.11/site-packages/urllib3/connectionpool.py", line 467, in _make_request
    six.raise_from(e, None)
  File "<string>", line 3, in raise_from
  File "/opt/hostedtoolcache/Python/3.11.9/x64/lib/python3.11/site-packages/urllib3/connectionpool.py", line 462, in _make_request
    httplib_response = conn.getresponse()
                       ^^^^^^^^^^^^^^^^^^
  File "/opt/hostedtoolcache/Python/3.11.9/x64/lib/python3.11/http/client.py", line 1395, in getresponse
    response.begin()
  File "/opt/hostedtoolcache/Python/3.11.9/x64/lib/python3.11/http/client.py", line 325, in begin
    version, status, reason = self._read_status()
                              ^^^^^^^^^^^^^^^^^^^
  File "/opt/hostedtoolcache/Python/3.11.9/x64/lib/python3.11/http/client.py", line 294, in _read_status
    raise RemoteDisconnected("Remote end closed connection without"
http.client.RemoteDisconnected: Remote end closed connection without response

During handling of the above exception, another exception occurred:

Traceback (most recent call last):
  File "/opt/hostedtoolcache/Python/3.11.9/x64/lib/python3.11/site-packages/requests/adapters.py", line 486, in send
    resp = conn.urlopen(
           ^^^^^^^^^^^^^
  File "/opt/hostedtoolcache/Python/3.11.9/x64/lib/python3.11/site-packages/urllib3/connectionpool.py", line 799, in urlopen
    retries = retries.increment(
              ^^^^^^^^^^^^^^^^^^
  File "/opt/hostedtoolcache/Python/3.11.9/x64/lib/python3.11/site-packages/urllib3/util/retry.py", line 592, in increment
    raise MaxRetryError(_pool, url, error or ResponseError(cause))
urllib3.exceptions.MaxRetryError: HTTPSConnectionPool(host='wtfismyip.com', port=443): Max retries exceeded with url: /json (Caused by ProxyError('Cannot connect to proxy.', RemoteDisconnected('Remote end closed connection without response')))

During handling of the above exception, another exception occurred:

Traceback (most recent call last):
  File "/home/runner/work/Movie-Time-Server/Movie-Time-Server/main.py", line 56, in get_screenings_from_cinema
    return unsafe_get_screenings_from_cinema(get_screening, cinema, date, s)
           ^^^^^^^^^^^^^^^^^^^^^^^^^^^^^^^^^^^^^^^^^^^^^^^^^^^^^^^^^^^^^^^^^
  File "/opt/hostedtoolcache/Python/3.11.9/x64/lib/python3.11/site-packages/decorator.py", line 232, in fun
    return caller(func, *(extras + args), **kw)
           ^^^^^^^^^^^^^^^^^^^^^^^^^^^^^^^^^^^^
  File "/opt/hostedtoolcache/Python/3.11.9/x64/lib/python3.11/site-packages/retry/api.py", line 90, in retry_decorator
    return __retry_internal(partial(f, *args, **kwargs), exceptions, tries, delay, max_delay, backoff, jitter,
           ^^^^^^^^^^^^^^^^^^^^^^^^^^^^^^^^^^^^^^^^^^^^^^^^^^^^^^^^^^^^^^^^^^^^^^^^^^^^^^^^^^^^^^^^^^^^^^^^^^^
  File "/opt/hostedtoolcache/Python/3.11.9/x64/lib/python3.11/site-packages/retry/api.py", line 35, in __retry_internal
    return f()
           ^^^
  File "/home/runner/work/Movie-Time-Server/Movie-Time-Server/main.py", line 74, in unsafe_get_screenings_from_cinema
    return get_screening(year, month, day, s)
           ^^^^^^^^^^^^^^^^^^^^^^^^^^^^^^^^^^
  File "/home/runner/work/Movie-Time-Server/Movie-Time-Server/cinemas/lev.py", line 127, in get_screenings
    with ProxifiedSession(s) as ps:
  File "/home/runner/work/Movie-Time-Server/Movie-Time-Server/proxy.py", line 12, in __enter__
    proxy_info = self.session.get("https://wtfismyip.com/json").json()
                 ^^^^^^^^^^^^^^^^^^^^^^^^^^^^^^^^^^^^^^^^^^^^^^
  File "/opt/hostedtoolcache/Python/3.11.9/x64/lib/python3.11/site-packages/requests/sessions.py", line 602, in get
    return self.request("GET", url, **kwargs)
           ^^^^^^^^^^^^^^^^^^^^^^^^^^^^^^^^^^
  File "/opt/hostedtoolcache/Python/3.11.9/x64/lib/python3.11/site-packages/requests/sessions.py", line 589, in request
    resp = self.send(prep, **send_kwargs)
           ^^^^^^^^^^^^^^^^^^^^^^^^^^^^^^
  File "/opt/hostedtoolcache/Python/3.11.9/x64/lib/python3.11/site-packages/requests/sessions.py", line 703, in send
    r = adapter.send(request, **kwargs)
        ^^^^^^^^^^^^^^^^^^^^^^^^^^^^^^^
  File "/opt/hostedtoolcache/Python/3.11.9/x64/lib/python3.11/site-packages/requests/adapters.py", line 513, in send
    raise ProxyError(e, request=request)
requests.exceptions.ProxyError: HTTPSConnectionPool(host='wtfismyip.com', port=443): Max retries exceeded with url: /json (Caused by ProxyError('Cannot connect to proxy.', RemoteDisconnected('Remote end closed connection without response')))
2024-04-28 02:42:46,870 - cinemas.movieland - INFO - STARTED Movie Land
2024-04-28 02:42:46,870 - cinemas.movieland - INFO - STARTED Movie Land CARMIEL
2024-04-28 02:42:46,871 - cinemas.movieland - INFO - DONE Movie Land CARMIEL
2024-04-28 02:42:46,871 - cinemas.movieland - INFO - STARTED Movie Land HAIFA
2024-04-28 02:42:46,872 - cinemas.movieland - INFO - DONE Movie Land HAIFA
2024-04-28 02:42:46,872 - cinemas.movieland - INFO - STARTED Movie Land NATANYA
2024-04-28 02:42:48,342 - cinemas.movieland - INFO - DONE Movie Land NATANYA
2024-04-28 02:42:48,342 - cinemas.movieland - INFO - DONE Movie Land
2024-04-28 02:42:48,342 - cinemas.movieland - INFO - STARTED Movie Land
2024-04-28 02:42:48,343 - cinemas.movieland - INFO - STARTED Movie Land CARMIEL
2024-04-28 02:42:48,343 - cinemas.movieland - INFO - DONE Movie Land CARMIEL
2024-04-28 02:42:48,343 - cinemas.movieland - INFO - STARTED Movie Land HAIFA
2024-04-28 02:42:48,344 - cinemas.movieland - INFO - DONE Movie Land HAIFA
2024-04-28 02:42:48,344 - cinemas.movieland - INFO - STARTED Movie Land NATANYA
2024-04-28 02:42:48,345 - cinemas.movieland - INFO - DONE Movie Land NATANYA
2024-04-28 02:42:48,345 - cinemas.movieland - INFO - DONE Movie Land
2024-04-28 02:42:48,345 - root - INFO - ********************
2024-04-28 02:42:48,346 - root - INFO - started checking for:30-04-2024
2024-04-28 02:42:48,346 - cinemas.yes_planet - INFO - STARTED YES PLANET
2024-04-28 02:42:48,346 - cinemas.yes_planet - INFO - STARTED YES PLANET RISHON
2024-04-28 02:42:50,366 - root - ERROR - yes planet crashed
Traceback (most recent call last):
  File "/opt/hostedtoolcache/Python/3.11.9/x64/lib/python3.11/site-packages/requests/models.py", line 971, in json
    return complexjson.loads(self.text, **kwargs)
           ^^^^^^^^^^^^^^^^^^^^^^^^^^^^^^^^^^^^^^
  File "/opt/hostedtoolcache/Python/3.11.9/x64/lib/python3.11/json/__init__.py", line 346, in loads
    return _default_decoder.decode(s)
           ^^^^^^^^^^^^^^^^^^^^^^^^^^
  File "/opt/hostedtoolcache/Python/3.11.9/x64/lib/python3.11/json/decoder.py", line 337, in decode
    obj, end = self.raw_decode(s, idx=_w(s, 0).end())
               ^^^^^^^^^^^^^^^^^^^^^^^^^^^^^^^^^^^^^^
  File "/opt/hostedtoolcache/Python/3.11.9/x64/lib/python3.11/json/decoder.py", line 355, in raw_decode
    raise JSONDecodeError("Expecting value", s, err.value) from None
json.decoder.JSONDecodeError: Expecting value: line 1 column 1 (char 0)

During handling of the above exception, another exception occurred:

Traceback (most recent call last):
  File "/home/runner/work/Movie-Time-Server/Movie-Time-Server/main.py", line 56, in get_screenings_from_cinema
    return unsafe_get_screenings_from_cinema(get_screening, cinema, date, s)
           ^^^^^^^^^^^^^^^^^^^^^^^^^^^^^^^^^^^^^^^^^^^^^^^^^^^^^^^^^^^^^^^^^
  File "/opt/hostedtoolcache/Python/3.11.9/x64/lib/python3.11/site-packages/decorator.py", line 232, in fun
    return caller(func, *(extras + args), **kw)
           ^^^^^^^^^^^^^^^^^^^^^^^^^^^^^^^^^^^^
  File "/opt/hostedtoolcache/Python/3.11.9/x64/lib/python3.11/site-packages/retry/api.py", line 90, in retry_decorator
    return __retry_internal(partial(f, *args, **kwargs), exceptions, tries, delay, max_delay, backoff, jitter,
           ^^^^^^^^^^^^^^^^^^^^^^^^^^^^^^^^^^^^^^^^^^^^^^^^^^^^^^^^^^^^^^^^^^^^^^^^^^^^^^^^^^^^^^^^^^^^^^^^^^^
  File "/opt/hostedtoolcache/Python/3.11.9/x64/lib/python3.11/site-packages/retry/api.py", line 35, in __retry_internal
    return f()
           ^^^
  File "/home/runner/work/Movie-Time-Server/Movie-Time-Server/main.py", line 71, in unsafe_get_screenings_from_cinema
    screenings = get_screening(year, month, day, s)
                 ^^^^^^^^^^^^^^^^^^^^^^^^^^^^^^^^^^
  File "/home/runner/work/Movie-Time-Server/Movie-Time-Server/cinemas/yes_planet.py", line 132, in get_screenings
    screenings.extend(get_by_location(location, date, format_date, s))
                      ^^^^^^^^^^^^^^^^^^^^^^^^^^^^^^^^^^^^^^^^^^^^^^^
  File "/home/runner/work/Movie-Time-Server/Movie-Time-Server/cinemas/yes_planet.py", line 109, in get_by_location
    movies_data, events = prepare(location, date, s)
                          ^^^^^^^^^^^^^^^^^^^^^^^^^^
  File "/home/runner/work/Movie-Time-Server/Movie-Time-Server/cinemas/yes_planet.py", line 100, in prepare
    data = dict(res.json().get("body"))
                ^^^^^^^^^^
  File "/opt/hostedtoolcache/Python/3.11.9/x64/lib/python3.11/site-packages/requests/models.py", line 975, in json
    raise RequestsJSONDecodeError(e.msg, e.doc, e.pos)
requests.exceptions.JSONDecodeError: Expecting value: line 1 column 1 (char 0)
2024-04-28 02:42:50,367 - cinemas.rav_hen - INFO - STARTED RAV HEN
2024-04-28 02:42:50,368 - cinemas.rav_hen - INFO - STARTED RAV HEN GIVATAIM
2024-04-28 02:42:51,662 - root - ERROR - rav hen crashed
Traceback (most recent call last):
  File "/opt/hostedtoolcache/Python/3.11.9/x64/lib/python3.11/site-packages/requests/models.py", line 971, in json
    return complexjson.loads(self.text, **kwargs)
           ^^^^^^^^^^^^^^^^^^^^^^^^^^^^^^^^^^^^^^
  File "/opt/hostedtoolcache/Python/3.11.9/x64/lib/python3.11/json/__init__.py", line 346, in loads
    return _default_decoder.decode(s)
           ^^^^^^^^^^^^^^^^^^^^^^^^^^
  File "/opt/hostedtoolcache/Python/3.11.9/x64/lib/python3.11/json/decoder.py", line 337, in decode
    obj, end = self.raw_decode(s, idx=_w(s, 0).end())
               ^^^^^^^^^^^^^^^^^^^^^^^^^^^^^^^^^^^^^^
  File "/opt/hostedtoolcache/Python/3.11.9/x64/lib/python3.11/json/decoder.py", line 355, in raw_decode
    raise JSONDecodeError("Expecting value", s, err.value) from None
json.decoder.JSONDecodeError: Expecting value: line 1 column 1 (char 0)

During handling of the above exception, another exception occurred:

Traceback (most recent call last):
  File "/home/runner/work/Movie-Time-Server/Movie-Time-Server/main.py", line 56, in get_screenings_from_cinema
    return unsafe_get_screenings_from_cinema(get_screening, cinema, date, s)
           ^^^^^^^^^^^^^^^^^^^^^^^^^^^^^^^^^^^^^^^^^^^^^^^^^^^^^^^^^^^^^^^^^
  File "/opt/hostedtoolcache/Python/3.11.9/x64/lib/python3.11/site-packages/decorator.py", line 232, in fun
    return caller(func, *(extras + args), **kw)
           ^^^^^^^^^^^^^^^^^^^^^^^^^^^^^^^^^^^^
  File "/opt/hostedtoolcache/Python/3.11.9/x64/lib/python3.11/site-packages/retry/api.py", line 90, in retry_decorator
    return __retry_internal(partial(f, *args, **kwargs), exceptions, tries, delay, max_delay, backoff, jitter,
           ^^^^^^^^^^^^^^^^^^^^^^^^^^^^^^^^^^^^^^^^^^^^^^^^^^^^^^^^^^^^^^^^^^^^^^^^^^^^^^^^^^^^^^^^^^^^^^^^^^^
  File "/opt/hostedtoolcache/Python/3.11.9/x64/lib/python3.11/site-packages/retry/api.py", line 35, in __retry_internal
    return f()
           ^^^
  File "/home/runner/work/Movie-Time-Server/Movie-Time-Server/main.py", line 71, in unsafe_get_screenings_from_cinema
    screenings = get_screening(year, month, day, s)
                 ^^^^^^^^^^^^^^^^^^^^^^^^^^^^^^^^^^
  File "/home/runner/work/Movie-Time-Server/Movie-Time-Server/cinemas/rav_hen.py", line 124, in get_screenings
    screenings.extend(get_by_location(location, date, format_date, s))
                      ^^^^^^^^^^^^^^^^^^^^^^^^^^^^^^^^^^^^^^^^^^^^^^^
  File "/home/runner/work/Movie-Time-Server/Movie-Time-Server/cinemas/rav_hen.py", line 100, in get_by_location
    movies_data, events = prepare(location, date, s)
                          ^^^^^^^^^^^^^^^^^^^^^^^^^^
  File "/home/runner/work/Movie-Time-Server/Movie-Time-Server/cinemas/rav_hen.py", line 46, in prepare
    data = dict(res.json().get("body"))
                ^^^^^^^^^^
  File "/opt/hostedtoolcache/Python/3.11.9/x64/lib/python3.11/site-packages/requests/models.py", line 975, in json
    raise RequestsJSONDecodeError(e.msg, e.doc, e.pos)
requests.exceptions.JSONDecodeError: Expecting value: line 1 column 1 (char 0)
2024-04-28 02:42:51,663 - cinemas.hot_cinema - INFO - STARTED HOT CINEMA
2024-04-28 02:42:51,663 - cinemas.hot_cinema - INFO - STARTED HOT CINEMA MODIIN
2024-04-28 02:42:57,399 - cinemas.hot_cinema - INFO - DONE HOT CINEMA MODIIN
2024-04-28 02:42:57,399 - cinemas.hot_cinema - INFO - STARTED HOT CINEMA KIRYON
2024-04-28 02:43:18,045 - cinemas.hot_cinema - INFO - DONE HOT CINEMA KIRYON
2024-04-28 02:43:18,045 - cinemas.hot_cinema - INFO - STARTED HOT CINEMA KFAR_SABBA
2024-04-28 02:43:19,546 - cinemas.hot_cinema - INFO - DONE HOT CINEMA KFAR_SABBA
2024-04-28 02:43:19,546 - cinemas.hot_cinema - INFO - STARTED HOT CINEMA HAIFA
2024-04-28 02:43:26,681 - cinemas.hot_cinema - INFO - DONE HOT CINEMA HAIFA
2024-04-28 02:43:26,681 - cinemas.hot_cinema - INFO - STARTED HOT CINEMA PETACH_TIKVA
2024-04-28 02:43:27,994 - cinemas.hot_cinema - INFO - DONE HOT CINEMA PETACH_TIKVA
2024-04-28 02:43:27,994 - cinemas.hot_cinema - INFO - STARTED HOT CINEMA RECHOVOT
2024-04-28 02:43:29,097 - cinemas.hot_cinema - INFO - DONE HOT CINEMA RECHOVOT
2024-04-28 02:43:29,097 - cinemas.hot_cinema - INFO - STARTED HOT CINEMA ASHKELON
2024-04-28 02:43:30,084 - cinemas.hot_cinema - INFO - DONE HOT CINEMA ASHKELON
2024-04-28 02:43:30,085 - cinemas.hot_cinema - INFO - STARTED HOT CINEMA KARMIEL
2024-04-28 02:43:35,943 - cinemas.hot_cinema - INFO - DONE HOT CINEMA KARMIEL
2024-04-28 02:43:35,943 - cinemas.hot_cinema - INFO - STARTED HOT CINEMA NAHARIA
2024-04-28 02:43:37,463 - cinemas.hot_cinema - INFO - DONE HOT CINEMA NAHARIA
2024-04-28 02:43:37,464 - cinemas.hot_cinema - INFO - STARTED HOT CINEMA ASHDOD
2024-04-28 02:43:43,505 - cinemas.hot_cinema - INFO - DONE HOT CINEMA ASHDOD
2024-04-28 02:43:43,505 - cinemas.hot_cinema - INFO - DONE HOT CINEMA
2024-04-28 02:43:43,505 - cinemas.hot_cinema - INFO - STARTED HOT CINEMA
2024-04-28 02:43:43,505 - cinemas.hot_cinema - INFO - STARTED HOT CINEMA MODIIN
2024-04-28 02:43:45,208 - cinemas.hot_cinema - INFO - DONE HOT CINEMA MODIIN
2024-04-28 02:43:45,208 - cinemas.hot_cinema - INFO - STARTED HOT CINEMA KIRYON
2024-04-28 02:43:47,538 - cinemas.hot_cinema - INFO - DONE HOT CINEMA KIRYON
2024-04-28 02:43:47,539 - cinemas.hot_cinema - INFO - STARTED HOT CINEMA KFAR_SABBA
2024-04-28 02:43:48,893 - cinemas.hot_cinema - INFO - DONE HOT CINEMA KFAR_SABBA
2024-04-28 02:43:48,893 - cinemas.hot_cinema - INFO - STARTED HOT CINEMA HAIFA
2024-04-28 02:43:51,042 - cinemas.hot_cinema - INFO - DONE HOT CINEMA HAIFA
2024-04-28 02:43:51,042 - cinemas.hot_cinema - INFO - STARTED HOT CINEMA PETACH_TIKVA
2024-04-28 02:43:52,488 - cinemas.hot_cinema - INFO - DONE HOT CINEMA PETACH_TIKVA
2024-04-28 02:43:52,488 - cinemas.hot_cinema - INFO - STARTED HOT CINEMA RECHOVOT
2024-04-28 02:43:53,786 - cinemas.hot_cinema - INFO - DONE HOT CINEMA RECHOVOT
2024-04-28 02:43:53,786 - cinemas.hot_cinema - INFO - STARTED HOT CINEMA ASHKELON
2024-04-28 02:43:55,322 - cinemas.hot_cinema - INFO - DONE HOT CINEMA ASHKELON
2024-04-28 02:43:55,322 - cinemas.hot_cinema - INFO - STARTED HOT CINEMA KARMIEL
2024-04-28 02:43:56,421 - cinemas.hot_cinema - INFO - DONE HOT CINEMA KARMIEL
2024-04-28 02:43:56,421 - cinemas.hot_cinema - INFO - STARTED HOT CINEMA NAHARIA
2024-04-28 02:43:57,784 - cinemas.hot_cinema - INFO - DONE HOT CINEMA NAHARIA
2024-04-28 02:43:57,784 - cinemas.hot_cinema - INFO - STARTED HOT CINEMA ASHDOD
2024-04-28 02:43:59,728 - cinemas.hot_cinema - INFO - DONE HOT CINEMA ASHDOD
2024-04-28 02:43:59,728 - cinemas.hot_cinema - INFO - DONE HOT CINEMA
2024-04-28 02:43:59,728 - cinemas.cinema_city - INFO - STARTED CINEMA CITY
2024-04-28 02:43:59,728 - cinemas.cinema_city - INFO - STARTED CINEMA CITY GLILOT
2024-04-28 02:44:03,698 - root - ERROR - cinema city crashed
Traceback (most recent call last):
  File "/opt/hostedtoolcache/Python/3.11.9/x64/lib/python3.11/site-packages/requests/models.py", line 971, in json
    return complexjson.loads(self.text, **kwargs)
           ^^^^^^^^^^^^^^^^^^^^^^^^^^^^^^^^^^^^^^
  File "/opt/hostedtoolcache/Python/3.11.9/x64/lib/python3.11/json/__init__.py", line 346, in loads
    return _default_decoder.decode(s)
           ^^^^^^^^^^^^^^^^^^^^^^^^^^
  File "/opt/hostedtoolcache/Python/3.11.9/x64/lib/python3.11/json/decoder.py", line 337, in decode
    obj, end = self.raw_decode(s, idx=_w(s, 0).end())
               ^^^^^^^^^^^^^^^^^^^^^^^^^^^^^^^^^^^^^^
  File "/opt/hostedtoolcache/Python/3.11.9/x64/lib/python3.11/json/decoder.py", line 355, in raw_decode
    raise JSONDecodeError("Expecting value", s, err.value) from None
json.decoder.JSONDecodeError: Expecting value: line 1 column 1 (char 0)

During handling of the above exception, another exception occurred:

Traceback (most recent call last):
  File "/home/runner/work/Movie-Time-Server/Movie-Time-Server/main.py", line 56, in get_screenings_from_cinema
    return unsafe_get_screenings_from_cinema(get_screening, cinema, date, s)
           ^^^^^^^^^^^^^^^^^^^^^^^^^^^^^^^^^^^^^^^^^^^^^^^^^^^^^^^^^^^^^^^^^
  File "/opt/hostedtoolcache/Python/3.11.9/x64/lib/python3.11/site-packages/decorator.py", line 232, in fun
    return caller(func, *(extras + args), **kw)
           ^^^^^^^^^^^^^^^^^^^^^^^^^^^^^^^^^^^^
  File "/opt/hostedtoolcache/Python/3.11.9/x64/lib/python3.11/site-packages/retry/api.py", line 90, in retry_decorator
    return __retry_internal(partial(f, *args, **kwargs), exceptions, tries, delay, max_delay, backoff, jitter,
           ^^^^^^^^^^^^^^^^^^^^^^^^^^^^^^^^^^^^^^^^^^^^^^^^^^^^^^^^^^^^^^^^^^^^^^^^^^^^^^^^^^^^^^^^^^^^^^^^^^^
  File "/opt/hostedtoolcache/Python/3.11.9/x64/lib/python3.11/site-packages/retry/api.py", line 35, in __retry_internal
    return f()
           ^^^
  File "/home/runner/work/Movie-Time-Server/Movie-Time-Server/main.py", line 71, in unsafe_get_screenings_from_cinema
    screenings = get_screening(year, month, day, s)
                 ^^^^^^^^^^^^^^^^^^^^^^^^^^^^^^^^^^
  File "/home/runner/work/Movie-Time-Server/Movie-Time-Server/cinemas/cinema_city.py", line 144, in get_screenings
    screenings.extend(get_by_location(location, date, s))
                      ^^^^^^^^^^^^^^^^^^^^^^^^^^^^^^^^^^
  File "/home/runner/work/Movie-Time-Server/Movie-Time-Server/cinemas/cinema_city.py", line 115, in get_by_location
    new_date = get_date(location, date, s)
               ^^^^^^^^^^^^^^^^^^^^^^^^^^^
  File "/home/runner/work/Movie-Time-Server/Movie-Time-Server/cinemas/cinema_city.py", line 103, in get_date
    data = res.json()
           ^^^^^^^^^^
  File "/opt/hostedtoolcache/Python/3.11.9/x64/lib/python3.11/site-packages/requests/models.py", line 975, in json
    raise RequestsJSONDecodeError(e.msg, e.doc, e.pos)
requests.exceptions.JSONDecodeError: Expecting value: line 1 column 1 (char 0)
2024-04-28 02:44:03,699 - cinemas.lev - INFO - STARTED LEV
2024-04-28 02:44:06,966 - proxy - INFO - Proxy: {'YourFuckingIPAddress': '185.191.204.254', 'YourFuckingLocation': 'Israel', 'YourFuckingHostname': '204.254.hqserv.co.il', 'YourFuckingISP': 'HQserv Network Solutions', 'YourFuckingTorExit': False, 'YourFuckingCity': '', 'YourFuckingCountry': 'Israel', 'YourFuckingCountryCode': 'IL'}
2024-04-28 02:44:06,966 - cinemas.lev - INFO - STARTED LEV TEL_AVIV
2024-04-28 02:44:14,822 - cinemas.lev - INFO - DONE LEV TEL_AVIV
2024-04-28 02:44:14,823 - cinemas.lev - INFO - STARTED LEV RAMAT_HASHARON
2024-04-28 02:44:17,218 - cinemas.lev - INFO - DONE LEV RAMAT_HASHARON
2024-04-28 02:44:17,219 - cinemas.lev - INFO - STARTED LEV MANDARIN
2024-04-28 02:44:18,977 - cinemas.lev - INFO - DONE LEV MANDARIN
2024-04-28 02:44:18,977 - cinemas.lev - INFO - STARTED LEV EVEN_YEHUDA
2024-04-28 02:44:20,328 - cinemas.lev - INFO - DONE LEV EVEN_YEHUDA
2024-04-28 02:44:20,328 - cinemas.lev - INFO - STARTED LEV SMADAR
2024-04-28 02:44:21,795 - cinemas.lev - INFO - DONE LEV SMADAR
2024-04-28 02:44:21,795 - cinemas.lev - INFO - STARTED LEV RAANANA
2024-04-28 02:44:22,634 - cinemas.lev - INFO - DONE LEV RAANANA
2024-04-28 02:44:22,635 - cinemas.lev - INFO - STARTED LEV OMER
2024-04-28 02:44:23,384 - cinemas.lev - INFO - DONE LEV OMER
2024-04-28 02:44:23,384 - cinemas.lev - INFO - STARTED LEV SHOHAM
2024-04-28 02:44:24,362 - cinemas.lev - INFO - DONE LEV SHOHAM
2024-04-28 02:44:24,362 - cinemas.lev - INFO - STARTED LEV DANIEL
2024-04-28 02:44:26,427 - cinemas.lev - INFO - DONE LEV DANIEL
2024-04-28 02:44:26,427 - proxy - INFO - Proxy removed
2024-04-28 02:44:26,427 - cinemas.lev - INFO - DONE LEV
2024-04-28 02:44:26,427 - cinemas.lev - INFO - STARTED LEV
2024-04-28 02:44:31,506 - proxy - INFO - Proxy: {'YourFuckingIPAddress': '185.191.204.254', 'YourFuckingLocation': 'Israel', 'YourFuckingHostname': '204.254.hqserv.co.il', 'YourFuckingISP': 'HQserv Network Solutions', 'YourFuckingTorExit': False, 'YourFuckingCity': '', 'YourFuckingCountry': 'Israel', 'YourFuckingCountryCode': 'IL'}
2024-04-28 02:44:31,506 - cinemas.lev - INFO - STARTED LEV TEL_AVIV
2024-04-28 02:44:33,198 - cinemas.lev - INFO - DONE LEV TEL_AVIV
2024-04-28 02:44:33,198 - cinemas.lev - INFO - STARTED LEV RAMAT_HASHARON
2024-04-28 02:44:35,011 - cinemas.lev - INFO - DONE LEV RAMAT_HASHARON
2024-04-28 02:44:35,012 - cinemas.lev - INFO - STARTED LEV MANDARIN
2024-04-28 02:44:35,961 - cinemas.lev - INFO - DONE LEV MANDARIN
2024-04-28 02:44:35,961 - cinemas.lev - INFO - STARTED LEV EVEN_YEHUDA
2024-04-28 02:44:36,858 - cinemas.lev - INFO - DONE LEV EVEN_YEHUDA
2024-04-28 02:44:36,858 - cinemas.lev - INFO - STARTED LEV SMADAR
2024-04-28 02:44:37,778 - cinemas.lev - INFO - DONE LEV SMADAR
2024-04-28 02:44:37,779 - cinemas.lev - INFO - STARTED LEV RAANANA
2024-04-28 02:44:38,581 - cinemas.lev - INFO - DONE LEV RAANANA
2024-04-28 02:44:38,581 - cinemas.lev - INFO - STARTED LEV OMER
2024-04-28 02:44:40,185 - cinemas.lev - INFO - DONE LEV OMER
2024-04-28 02:44:40,185 - cinemas.lev - INFO - STARTED LEV SHOHAM
2024-04-28 02:44:45,007 - cinemas.lev - INFO - DONE LEV SHOHAM
2024-04-28 02:44:45,007 - cinemas.lev - INFO - STARTED LEV DANIEL
2024-04-28 02:44:47,425 - cinemas.lev - INFO - DONE LEV DANIEL
2024-04-28 02:44:47,425 - proxy - INFO - Proxy removed
2024-04-28 02:44:47,425 - cinemas.lev - INFO - DONE LEV
2024-04-28 02:44:47,425 - cinemas.movieland - INFO - STARTED Movie Land
2024-04-28 02:44:47,425 - cinemas.movieland - INFO - STARTED Movie Land CARMIEL
2024-04-28 02:44:49,109 - cinemas.movieland - INFO - DONE Movie Land CARMIEL
2024-04-28 02:44:49,109 - cinemas.movieland - INFO - STARTED Movie Land HAIFA
2024-04-28 02:44:49,109 - cinemas.movieland - INFO - DONE Movie Land HAIFA
2024-04-28 02:44:49,109 - cinemas.movieland - INFO - STARTED Movie Land NATANYA
2024-04-28 02:44:49,110 - cinemas.movieland - INFO - DONE Movie Land NATANYA
2024-04-28 02:44:49,110 - cinemas.movieland - INFO - DONE Movie Land
2024-04-28 02:44:49,110 - cinemas.movieland - INFO - STARTED Movie Land
2024-04-28 02:44:49,110 - cinemas.movieland - INFO - STARTED Movie Land CARMIEL
2024-04-28 02:44:49,111 - cinemas.movieland - INFO - DONE Movie Land CARMIEL
2024-04-28 02:44:49,111 - cinemas.movieland - INFO - STARTED Movie Land HAIFA
2024-04-28 02:44:49,111 - cinemas.movieland - INFO - DONE Movie Land HAIFA
2024-04-28 02:44:49,111 - cinemas.movieland - INFO - STARTED Movie Land NATANYA
2024-04-28 02:44:49,112 - cinemas.movieland - INFO - DONE Movie Land NATANYA
2024-04-28 02:44:49,112 - cinemas.movieland - INFO - DONE Movie Land
2024-04-28 02:44:49,112 - root - INFO - ********************
2024-04-28 02:44:49,112 - root - INFO - started checking for:01-05-2024
2024-04-28 02:44:49,112 - cinemas.yes_planet - INFO - STARTED YES PLANET
2024-04-28 02:44:49,112 - cinemas.yes_planet - INFO - STARTED YES PLANET RISHON
2024-04-28 02:44:51,065 - cinemas.yes_planet - INFO - DONE YES PLANET RISHON
2024-04-28 02:44:51,065 - cinemas.yes_planet - INFO - STARTED YES PLANET AYALON
2024-04-28 02:44:51,707 - cinemas.yes_planet - INFO - DONE YES PLANET AYALON
2024-04-28 02:44:51,707 - cinemas.yes_planet - INFO - STARTED YES PLANET ZICHRON
2024-04-28 02:44:52,350 - cinemas.yes_planet - INFO - DONE YES PLANET ZICHRON
2024-04-28 02:44:52,350 - cinemas.yes_planet - INFO - STARTED YES PLANET HAIFA
2024-04-28 02:44:53,009 - cinemas.yes_planet - INFO - DONE YES PLANET HAIFA
2024-04-28 02:44:53,009 - cinemas.yes_planet - INFO - STARTED YES PLANET JERUSALEM
2024-04-28 02:44:53,648 - cinemas.yes_planet - INFO - DONE YES PLANET JERUSALEM
2024-04-28 02:44:53,648 - cinemas.yes_planet - INFO - STARTED YES PLANET BEER_SHEVA
2024-04-28 02:44:54,291 - cinemas.yes_planet - INFO - DONE YES PLANET BEER_SHEVA
2024-04-28 02:44:54,291 - cinemas.yes_planet - INFO - DONE YES PLANET
2024-04-28 02:44:54,291 - cinemas.yes_planet - INFO - STARTED YES PLANET
2024-04-28 02:44:54,291 - cinemas.yes_planet - INFO - STARTED YES PLANET RISHON
2024-04-28 02:44:54,321 - cinemas.yes_planet - INFO - DONE YES PLANET RISHON
2024-04-28 02:44:54,321 - cinemas.yes_planet - INFO - STARTED YES PLANET AYALON
2024-04-28 02:44:54,355 - cinemas.yes_planet - INFO - DONE YES PLANET AYALON
2024-04-28 02:44:54,355 - cinemas.yes_planet - INFO - STARTED YES PLANET ZICHRON
2024-04-28 02:44:54,400 - cinemas.yes_planet - INFO - DONE YES PLANET ZICHRON
2024-04-28 02:44:54,400 - cinemas.yes_planet - INFO - STARTED YES PLANET HAIFA
2024-04-28 02:44:54,433 - cinemas.yes_planet - INFO - DONE YES PLANET HAIFA
2024-04-28 02:44:54,433 - cinemas.yes_planet - INFO - STARTED YES PLANET JERUSALEM
2024-04-28 02:44:54,465 - cinemas.yes_planet - INFO - DONE YES PLANET JERUSALEM
2024-04-28 02:44:54,466 - cinemas.yes_planet - INFO - STARTED YES PLANET BEER_SHEVA
2024-04-28 02:44:54,496 - cinemas.yes_planet - INFO - DONE YES PLANET BEER_SHEVA
2024-04-28 02:44:54,496 - cinemas.yes_planet - INFO - DONE YES PLANET
2024-04-28 02:44:54,496 - cinemas.rav_hen - INFO - STARTED RAV HEN
2024-04-28 02:44:54,496 - cinemas.rav_hen - INFO - STARTED RAV HEN GIVATAIM
2024-04-28 02:44:55,135 - cinemas.rav_hen - INFO - DONE RAV HEN GIVATAIM
2024-04-28 02:44:55,135 - cinemas.rav_hen - INFO - STARTED RAV HEN DIZINGOF
2024-04-28 02:44:55,673 - cinemas.rav_hen - INFO - DONE RAV HEN DIZINGOF
2024-04-28 02:44:55,673 - cinemas.rav_hen - INFO - STARTED RAV HEN MODIIN
2024-04-28 02:44:56,132 - cinemas.rav_hen - INFO - DONE RAV HEN MODIIN
2024-04-28 02:44:56,132 - cinemas.rav_hen - INFO - STARTED RAV HEN KIRYAT_ONO
2024-04-28 02:44:56,679 - cinemas.rav_hen - INFO - DONE RAV HEN KIRYAT_ONO
2024-04-28 02:44:56,679 - cinemas.rav_hen - INFO - DONE RAV HEN
2024-04-28 02:44:56,679 - cinemas.rav_hen - INFO - STARTED RAV HEN
2024-04-28 02:44:56,679 - cinemas.rav_hen - INFO - STARTED RAV HEN GIVATAIM
2024-04-28 02:44:56,699 - cinemas.rav_hen - INFO - DONE RAV HEN GIVATAIM
2024-04-28 02:44:56,699 - cinemas.rav_hen - INFO - STARTED RAV HEN DIZINGOF
2024-04-28 02:44:56,725 - cinemas.rav_hen - INFO - DONE RAV HEN DIZINGOF
2024-04-28 02:44:56,725 - cinemas.rav_hen - INFO - STARTED RAV HEN MODIIN
2024-04-28 02:44:56,747 - cinemas.rav_hen - INFO - DONE RAV HEN MODIIN
2024-04-28 02:44:56,748 - cinemas.rav_hen - INFO - STARTED RAV HEN KIRYAT_ONO
2024-04-28 02:44:56,772 - cinemas.rav_hen - INFO - DONE RAV HEN KIRYAT_ONO
2024-04-28 02:44:56,773 - cinemas.rav_hen - INFO - DONE RAV HEN
2024-04-28 02:44:56,773 - cinemas.hot_cinema - INFO - STARTED HOT CINEMA
2024-04-28 02:44:56,773 - cinemas.hot_cinema - INFO - STARTED HOT CINEMA MODIIN
2024-04-28 02:44:57,594 - cinemas.hot_cinema - INFO - DONE HOT CINEMA MODIIN
2024-04-28 02:44:57,594 - cinemas.hot_cinema - INFO - STARTED HOT CINEMA KIRYON
2024-04-28 02:44:57,919 - cinemas.hot_cinema - INFO - DONE HOT CINEMA KIRYON
2024-04-28 02:44:57,919 - cinemas.hot_cinema - INFO - STARTED HOT CINEMA KFAR_SABBA
2024-04-28 02:44:58,089 - cinemas.hot_cinema - INFO - DONE HOT CINEMA KFAR_SABBA
2024-04-28 02:44:58,090 - cinemas.hot_cinema - INFO - STARTED HOT CINEMA HAIFA
2024-04-28 02:44:58,259 - cinemas.hot_cinema - INFO - DONE HOT CINEMA HAIFA
2024-04-28 02:44:58,259 - cinemas.hot_cinema - INFO - STARTED HOT CINEMA PETACH_TIKVA
2024-04-28 02:44:58,427 - cinemas.hot_cinema - INFO - DONE HOT CINEMA PETACH_TIKVA
2024-04-28 02:44:58,427 - cinemas.hot_cinema - INFO - STARTED HOT CINEMA RECHOVOT
2024-04-28 02:44:58,594 - cinemas.hot_cinema - INFO - DONE HOT CINEMA RECHOVOT
2024-04-28 02:44:58,595 - cinemas.hot_cinema - INFO - STARTED HOT CINEMA ASHKELON
2024-04-28 02:44:58,761 - cinemas.hot_cinema - INFO - DONE HOT CINEMA ASHKELON
2024-04-28 02:44:58,761 - cinemas.hot_cinema - INFO - STARTED HOT CINEMA KARMIEL
2024-04-28 02:44:58,928 - cinemas.hot_cinema - INFO - DONE HOT CINEMA KARMIEL
2024-04-28 02:44:58,928 - cinemas.hot_cinema - INFO - STARTED HOT CINEMA NAHARIA
2024-04-28 02:44:59,095 - cinemas.hot_cinema - INFO - DONE HOT CINEMA NAHARIA
2024-04-28 02:44:59,095 - cinemas.hot_cinema - INFO - STARTED HOT CINEMA ASHDOD
2024-04-28 02:44:59,263 - cinemas.hot_cinema - INFO - DONE HOT CINEMA ASHDOD
2024-04-28 02:44:59,263 - cinemas.hot_cinema - INFO - DONE HOT CINEMA
2024-04-28 02:44:59,263 - cinemas.hot_cinema - INFO - STARTED HOT CINEMA
2024-04-28 02:44:59,263 - cinemas.hot_cinema - INFO - STARTED HOT CINEMA MODIIN
2024-04-28 02:44:59,430 - cinemas.hot_cinema - INFO - DONE HOT CINEMA MODIIN
2024-04-28 02:44:59,430 - cinemas.hot_cinema - INFO - STARTED HOT CINEMA KIRYON
2024-04-28 02:44:59,599 - cinemas.hot_cinema - INFO - DONE HOT CINEMA KIRYON
2024-04-28 02:44:59,599 - cinemas.hot_cinema - INFO - STARTED HOT CINEMA KFAR_SABBA
2024-04-28 02:44:59,767 - cinemas.hot_cinema - INFO - DONE HOT CINEMA KFAR_SABBA
2024-04-28 02:44:59,767 - cinemas.hot_cinema - INFO - STARTED HOT CINEMA HAIFA
2024-04-28 02:44:59,936 - cinemas.hot_cinema - INFO - DONE HOT CINEMA HAIFA
2024-04-28 02:44:59,936 - cinemas.hot_cinema - INFO - STARTED HOT CINEMA PETACH_TIKVA
2024-04-28 02:45:00,106 - cinemas.hot_cinema - INFO - DONE HOT CINEMA PETACH_TIKVA
2024-04-28 02:45:00,106 - cinemas.hot_cinema - INFO - STARTED HOT CINEMA RECHOVOT
2024-04-28 02:45:00,273 - cinemas.hot_cinema - INFO - DONE HOT CINEMA RECHOVOT
2024-04-28 02:45:00,273 - cinemas.hot_cinema - INFO - STARTED HOT CINEMA ASHKELON
2024-04-28 02:45:00,441 - cinemas.hot_cinema - INFO - DONE HOT CINEMA ASHKELON
2024-04-28 02:45:00,441 - cinemas.hot_cinema - INFO - STARTED HOT CINEMA KARMIEL
2024-04-28 02:45:00,608 - cinemas.hot_cinema - INFO - DONE HOT CINEMA KARMIEL
2024-04-28 02:45:00,608 - cinemas.hot_cinema - INFO - STARTED HOT CINEMA NAHARIA
2024-04-28 02:45:00,776 - cinemas.hot_cinema - INFO - DONE HOT CINEMA NAHARIA
2024-04-28 02:45:00,776 - cinemas.hot_cinema - INFO - STARTED HOT CINEMA ASHDOD
2024-04-28 02:45:00,942 - cinemas.hot_cinema - INFO - DONE HOT CINEMA ASHDOD
2024-04-28 02:45:00,942 - cinemas.hot_cinema - INFO - DONE HOT CINEMA
2024-04-28 02:45:00,943 - cinemas.cinema_city - INFO - STARTED CINEMA CITY
2024-04-28 02:45:00,943 - cinemas.cinema_city - INFO - STARTED CINEMA CITY GLILOT
2024-04-28 02:45:01,879 - cinemas.cinema_city - INFO - DONE CINEMA CITY GLILOT
2024-04-28 02:45:01,879 - cinemas.cinema_city - INFO - STARTED CINEMA CITY RISHON
2024-04-28 02:45:02,575 - cinemas.cinema_city - INFO - DONE CINEMA CITY RISHON
2024-04-28 02:45:02,575 - cinemas.cinema_city - INFO - STARTED CINEMA CITY JERUSALEM
2024-04-28 02:45:03,258 - cinemas.cinema_city - INFO - DONE CINEMA CITY JERUSALEM
2024-04-28 02:45:03,258 - cinemas.cinema_city - INFO - STARTED CINEMA CITY KFAR_SABBA
2024-04-28 02:45:03,791 - cinemas.cinema_city - INFO - DONE CINEMA CITY KFAR_SABBA
2024-04-28 02:45:03,791 - cinemas.cinema_city - INFO - STARTED CINEMA CITY NATANIA
2024-04-28 02:45:04,918 - cinemas.cinema_city - INFO - DONE CINEMA CITY NATANIA
2024-04-28 02:45:04,918 - cinemas.cinema_city - INFO - STARTED CINEMA CITY BEER_SHEVA
2024-04-28 02:45:05,641 - cinemas.cinema_city - INFO - DONE CINEMA CITY BEER_SHEVA
2024-04-28 02:45:05,641 - cinemas.cinema_city - INFO - STARTED CINEMA CITY HADERA
2024-04-28 02:45:06,328 - cinemas.cinema_city - INFO - DONE CINEMA CITY HADERA
2024-04-28 02:45:06,328 - cinemas.cinema_city - INFO - STARTED CINEMA CITY ASHDOD
2024-04-28 02:45:07,203 - cinemas.cinema_city - INFO - DONE CINEMA CITY ASHDOD
2024-04-28 02:45:07,203 - cinemas.cinema_city - INFO - DONE CINEMA CITY
2024-04-28 02:45:07,203 - cinemas.cinema_city - INFO - STARTED CINEMA CITY
2024-04-28 02:45:07,203 - cinemas.cinema_city - INFO - STARTED CINEMA CITY GLILOT
2024-04-28 02:45:07,886 - cinemas.cinema_city - INFO - DONE CINEMA CITY GLILOT
2024-04-28 02:45:07,886 - cinemas.cinema_city - INFO - STARTED CINEMA CITY RISHON
2024-04-28 02:45:08,410 - cinemas.cinema_city - INFO - DONE CINEMA CITY RISHON
2024-04-28 02:45:08,410 - cinemas.cinema_city - INFO - STARTED CINEMA CITY JERUSALEM
2024-04-28 02:45:08,935 - cinemas.cinema_city - INFO - DONE CINEMA CITY JERUSALEM
2024-04-28 02:45:08,935 - cinemas.cinema_city - INFO - STARTED CINEMA CITY KFAR_SABBA
2024-04-28 02:45:09,465 - cinemas.cinema_city - INFO - DONE CINEMA CITY KFAR_SABBA
2024-04-28 02:45:09,465 - cinemas.cinema_city - INFO - STARTED CINEMA CITY NATANIA
2024-04-28 02:45:09,993 - cinemas.cinema_city - INFO - DONE CINEMA CITY NATANIA
2024-04-28 02:45:09,993 - cinemas.cinema_city - INFO - STARTED CINEMA CITY BEER_SHEVA
2024-04-28 02:45:10,528 - cinemas.cinema_city - INFO - DONE CINEMA CITY BEER_SHEVA
2024-04-28 02:45:10,528 - cinemas.cinema_city - INFO - STARTED CINEMA CITY HADERA
2024-04-28 02:45:11,223 - cinemas.cinema_city - INFO - DONE CINEMA CITY HADERA
2024-04-28 02:45:11,223 - cinemas.cinema_city - INFO - STARTED CINEMA CITY ASHDOD
2024-04-28 02:45:11,950 - cinemas.cinema_city - INFO - DONE CINEMA CITY ASHDOD
2024-04-28 02:45:11,950 - cinemas.cinema_city - INFO - DONE CINEMA CITY
2024-04-28 02:45:11,951 - cinemas.lev - INFO - STARTED LEV
2024-04-28 02:45:20,305 - proxy - INFO - Proxy: {'YourFuckingIPAddress': '185.191.204.254', 'YourFuckingLocation': 'Israel', 'YourFuckingHostname': '204.254.hqserv.co.il', 'YourFuckingISP': 'HQserv Network Solutions', 'YourFuckingTorExit': False, 'YourFuckingCity': '', 'YourFuckingCountry': 'Israel', 'YourFuckingCountryCode': 'IL'}
2024-04-28 02:45:20,305 - cinemas.lev - INFO - STARTED LEV TEL_AVIV
2024-04-28 02:45:24,662 - cinemas.lev - INFO - DONE LEV TEL_AVIV
2024-04-28 02:45:24,662 - cinemas.lev - INFO - STARTED LEV RAMAT_HASHARON
2024-04-28 02:45:25,566 - cinemas.lev - INFO - DONE LEV RAMAT_HASHARON
2024-04-28 02:45:25,566 - cinemas.lev - INFO - STARTED LEV MANDARIN
2024-04-28 02:45:26,708 - cinemas.lev - INFO - DONE LEV MANDARIN
2024-04-28 02:45:26,708 - cinemas.lev - INFO - STARTED LEV EVEN_YEHUDA
2024-04-28 02:45:27,557 - cinemas.lev - INFO - DONE LEV EVEN_YEHUDA
2024-04-28 02:45:27,558 - cinemas.lev - INFO - STARTED LEV SMADAR
2024-04-28 02:45:28,514 - cinemas.lev - INFO - DONE LEV SMADAR
2024-04-28 02:45:28,514 - cinemas.lev - INFO - STARTED LEV RAANANA
2024-04-28 02:45:30,197 - cinemas.lev - INFO - DONE LEV RAANANA
2024-04-28 02:45:30,197 - cinemas.lev - INFO - STARTED LEV OMER
2024-04-28 02:45:31,216 - cinemas.lev - INFO - DONE LEV OMER
2024-04-28 02:45:31,216 - cinemas.lev - INFO - STARTED LEV SHOHAM
2024-04-28 02:45:32,266 - cinemas.lev - INFO - DONE LEV SHOHAM
2024-04-28 02:45:32,266 - cinemas.lev - INFO - STARTED LEV DANIEL
2024-04-28 02:45:33,466 - cinemas.lev - INFO - DONE LEV DANIEL
2024-04-28 02:45:33,467 - proxy - INFO - Proxy removed
2024-04-28 02:45:33,467 - cinemas.lev - INFO - DONE LEV
2024-04-28 02:45:33,467 - cinemas.lev - INFO - STARTED LEV
2024-04-28 02:45:34,448 - proxy - INFO - Proxy: {'YourFuckingIPAddress': '185.191.204.254', 'YourFuckingLocation': 'Israel', 'YourFuckingHostname': '204.254.hqserv.co.il', 'YourFuckingISP': 'HQserv Network Solutions', 'YourFuckingTorExit': False, 'YourFuckingCity': '', 'YourFuckingCountry': 'Israel', 'YourFuckingCountryCode': 'IL'}
2024-04-28 02:45:34,448 - cinemas.lev - INFO - STARTED LEV TEL_AVIV
2024-04-28 02:45:35,611 - cinemas.lev - INFO - DONE LEV TEL_AVIV
2024-04-28 02:45:35,612 - cinemas.lev - INFO - STARTED LEV RAMAT_HASHARON
2024-04-28 02:45:36,772 - cinemas.lev - INFO - DONE LEV RAMAT_HASHARON
2024-04-28 02:45:36,773 - cinemas.lev - INFO - STARTED LEV MANDARIN
2024-04-28 02:45:38,735 - cinemas.lev - INFO - DONE LEV MANDARIN
2024-04-28 02:45:38,735 - cinemas.lev - INFO - STARTED LEV EVEN_YEHUDA
2024-04-28 02:45:39,827 - cinemas.lev - INFO - DONE LEV EVEN_YEHUDA
2024-04-28 02:45:39,827 - cinemas.lev - INFO - STARTED LEV SMADAR
2024-04-28 02:45:40,881 - cinemas.lev - INFO - DONE LEV SMADAR
2024-04-28 02:45:40,881 - cinemas.lev - INFO - STARTED LEV RAANANA
2024-04-28 02:45:41,832 - cinemas.lev - INFO - DONE LEV RAANANA
2024-04-28 02:45:41,832 - cinemas.lev - INFO - STARTED LEV OMER
2024-04-28 02:45:42,671 - cinemas.lev - INFO - DONE LEV OMER
2024-04-28 02:45:42,671 - cinemas.lev - INFO - STARTED LEV SHOHAM
2024-04-28 02:45:47,844 - cinemas.lev - INFO - DONE LEV SHOHAM
2024-04-28 02:45:47,845 - cinemas.lev - INFO - STARTED LEV DANIEL
2024-04-28 02:45:49,519 - cinemas.lev - INFO - DONE LEV DANIEL
2024-04-28 02:45:49,520 - proxy - INFO - Proxy removed
2024-04-28 02:45:49,520 - cinemas.lev - INFO - DONE LEV
2024-04-28 02:45:49,520 - cinemas.movieland - INFO - STARTED Movie Land
2024-04-28 02:45:49,520 - cinemas.movieland - INFO - STARTED Movie Land CARMIEL
2024-04-28 02:45:49,520 - cinemas.movieland - INFO - DONE Movie Land CARMIEL
2024-04-28 02:45:49,520 - cinemas.movieland - INFO - STARTED Movie Land HAIFA
2024-04-28 02:45:49,521 - cinemas.movieland - INFO - DONE Movie Land HAIFA
2024-04-28 02:45:49,521 - cinemas.movieland - INFO - STARTED Movie Land NATANYA
2024-04-28 02:45:49,521 - cinemas.movieland - INFO - DONE Movie Land NATANYA
2024-04-28 02:45:49,521 - cinemas.movieland - INFO - DONE Movie Land
2024-04-28 02:45:49,521 - cinemas.movieland - INFO - STARTED Movie Land
2024-04-28 02:45:49,522 - cinemas.movieland - INFO - STARTED Movie Land CARMIEL
2024-04-28 02:45:49,522 - cinemas.movieland - INFO - DONE Movie Land CARMIEL
2024-04-28 02:45:49,522 - cinemas.movieland - INFO - STARTED Movie Land HAIFA
2024-04-28 02:45:49,522 - cinemas.movieland - INFO - DONE Movie Land HAIFA
2024-04-28 02:45:49,523 - cinemas.movieland - INFO - STARTED Movie Land NATANYA
2024-04-28 02:45:49,523 - cinemas.movieland - INFO - DONE Movie Land NATANYA
2024-04-28 02:45:49,523 - cinemas.movieland - INFO - DONE Movie Land
2024-04-28 02:45:49,523 - root - INFO - ********************
2024-04-28 02:45:49,523 - root - INFO - started checking for:02-05-2024
2024-04-28 02:45:49,523 - cinemas.yes_planet - INFO - STARTED YES PLANET
2024-04-28 02:45:49,523 - cinemas.yes_planet - INFO - STARTED YES PLANET RISHON
2024-04-28 02:45:49,973 - cinemas.yes_planet - INFO - DONE YES PLANET RISHON
2024-04-28 02:45:49,973 - cinemas.yes_planet - INFO - STARTED YES PLANET AYALON
2024-04-28 02:45:50,415 - cinemas.yes_planet - INFO - DONE YES PLANET AYALON
2024-04-28 02:45:50,415 - cinemas.yes_planet - INFO - STARTED YES PLANET ZICHRON
2024-04-28 02:45:50,876 - cinemas.yes_planet - INFO - DONE YES PLANET ZICHRON
2024-04-28 02:45:50,876 - cinemas.yes_planet - INFO - STARTED YES PLANET HAIFA
2024-04-28 02:45:51,317 - cinemas.yes_planet - INFO - DONE YES PLANET HAIFA
2024-04-28 02:45:51,317 - cinemas.yes_planet - INFO - STARTED YES PLANET JERUSALEM
2024-04-28 02:45:51,774 - cinemas.yes_planet - INFO - DONE YES PLANET JERUSALEM
2024-04-28 02:45:51,774 - cinemas.yes_planet - INFO - STARTED YES PLANET BEER_SHEVA
2024-04-28 02:45:52,229 - cinemas.yes_planet - INFO - DONE YES PLANET BEER_SHEVA
2024-04-28 02:45:52,229 - cinemas.yes_planet - INFO - DONE YES PLANET
2024-04-28 02:45:52,229 - retry.api - WARNING - AssertionError: yes planet returned empty list in __main__.unsafe_get_screenings_from_cinema, retrying in 1 seconds...
2024-04-28 02:45:53,229 - cinemas.yes_planet - INFO - STARTED YES PLANET
2024-04-28 02:45:53,229 - cinemas.yes_planet - INFO - STARTED YES PLANET RISHON
2024-04-28 02:45:53,254 - cinemas.yes_planet - INFO - DONE YES PLANET RISHON
2024-04-28 02:45:53,254 - cinemas.yes_planet - INFO - STARTED YES PLANET AYALON
2024-04-28 02:45:53,288 - cinemas.yes_planet - INFO - DONE YES PLANET AYALON
2024-04-28 02:45:53,288 - cinemas.yes_planet - INFO - STARTED YES PLANET ZICHRON
2024-04-28 02:45:53,322 - cinemas.yes_planet - INFO - DONE YES PLANET ZICHRON
2024-04-28 02:45:53,322 - cinemas.yes_planet - INFO - STARTED YES PLANET HAIFA
2024-04-28 02:45:53,360 - cinemas.yes_planet - INFO - DONE YES PLANET HAIFA
2024-04-28 02:45:53,360 - cinemas.yes_planet - INFO - STARTED YES PLANET JERUSALEM
2024-04-28 02:45:53,386 - cinemas.yes_planet - INFO - DONE YES PLANET JERUSALEM
2024-04-28 02:45:53,386 - cinemas.yes_planet - INFO - STARTED YES PLANET BEER_SHEVA
2024-04-28 02:45:53,413 - cinemas.yes_planet - INFO - DONE YES PLANET BEER_SHEVA
2024-04-28 02:45:53,413 - cinemas.yes_planet - INFO - DONE YES PLANET
2024-04-28 02:45:53,413 - retry.api - WARNING - AssertionError: yes planet returned empty list in __main__.unsafe_get_screenings_from_cinema, retrying in 2 seconds...
2024-04-28 02:45:55,413 - cinemas.yes_planet - INFO - STARTED YES PLANET
2024-04-28 02:45:55,413 - cinemas.yes_planet - INFO - STARTED YES PLANET RISHON
2024-04-28 02:45:55,444 - cinemas.yes_planet - INFO - DONE YES PLANET RISHON
2024-04-28 02:45:55,444 - cinemas.yes_planet - INFO - STARTED YES PLANET AYALON
2024-04-28 02:45:55,475 - cinemas.yes_planet - INFO - DONE YES PLANET AYALON
2024-04-28 02:45:55,475 - cinemas.yes_planet - INFO - STARTED YES PLANET ZICHRON
2024-04-28 02:45:55,502 - cinemas.yes_planet - INFO - DONE YES PLANET ZICHRON
2024-04-28 02:45:55,502 - cinemas.yes_planet - INFO - STARTED YES PLANET HAIFA
2024-04-28 02:45:55,526 - cinemas.yes_planet - INFO - DONE YES PLANET HAIFA
2024-04-28 02:45:55,526 - cinemas.yes_planet - INFO - STARTED YES PLANET JERUSALEM
2024-04-28 02:45:55,553 - cinemas.yes_planet - INFO - DONE YES PLANET JERUSALEM
2024-04-28 02:45:55,553 - cinemas.yes_planet - INFO - STARTED YES PLANET BEER_SHEVA
2024-04-28 02:45:55,578 - cinemas.yes_planet - INFO - DONE YES PLANET BEER_SHEVA
2024-04-28 02:45:55,578 - cinemas.yes_planet - INFO - DONE YES PLANET
2024-04-28 02:45:55,578 - root - ERROR - yes planet crashed: yes planet returned empty list
2024-04-28 02:45:55,578 - cinemas.rav_hen - INFO - STARTED RAV HEN
2024-04-28 02:45:55,578 - cinemas.rav_hen - INFO - STARTED RAV HEN GIVATAIM
2024-04-28 02:45:56,020 - cinemas.rav_hen - INFO - DONE RAV HEN GIVATAIM
2024-04-28 02:45:56,020 - cinemas.rav_hen - INFO - STARTED RAV HEN DIZINGOF
2024-04-28 02:45:56,461 - cinemas.rav_hen - INFO - DONE RAV HEN DIZINGOF
2024-04-28 02:45:56,461 - cinemas.rav_hen - INFO - STARTED RAV HEN MODIIN
2024-04-28 02:45:56,893 - cinemas.rav_hen - INFO - DONE RAV HEN MODIIN
2024-04-28 02:45:56,893 - cinemas.rav_hen - INFO - STARTED RAV HEN KIRYAT_ONO
2024-04-28 02:45:57,322 - cinemas.rav_hen - INFO - DONE RAV HEN KIRYAT_ONO
2024-04-28 02:45:57,322 - cinemas.rav_hen - INFO - DONE RAV HEN
2024-04-28 02:45:57,322 - retry.api - WARNING - AssertionError: rav hen returned empty list in __main__.unsafe_get_screenings_from_cinema, retrying in 1 seconds...
2024-04-28 02:45:58,322 - cinemas.rav_hen - INFO - STARTED RAV HEN
2024-04-28 02:45:58,322 - cinemas.rav_hen - INFO - STARTED RAV HEN GIVATAIM
2024-04-28 02:45:58,345 - cinemas.rav_hen - INFO - DONE RAV HEN GIVATAIM
2024-04-28 02:45:58,345 - cinemas.rav_hen - INFO - STARTED RAV HEN DIZINGOF
2024-04-28 02:45:58,364 - cinemas.rav_hen - INFO - DONE RAV HEN DIZINGOF
2024-04-28 02:45:58,364 - cinemas.rav_hen - INFO - STARTED RAV HEN MODIIN
2024-04-28 02:45:58,385 - cinemas.rav_hen - INFO - DONE RAV HEN MODIIN
2024-04-28 02:45:58,385 - cinemas.rav_hen - INFO - STARTED RAV HEN KIRYAT_ONO
2024-04-28 02:45:58,405 - cinemas.rav_hen - INFO - DONE RAV HEN KIRYAT_ONO
2024-04-28 02:45:58,405 - cinemas.rav_hen - INFO - DONE RAV HEN
2024-04-28 02:45:58,405 - retry.api - WARNING - AssertionError: rav hen returned empty list in __main__.unsafe_get_screenings_from_cinema, retrying in 2 seconds...
2024-04-28 02:46:00,405 - cinemas.rav_hen - INFO - STARTED RAV HEN
2024-04-28 02:46:00,405 - cinemas.rav_hen - INFO - STARTED RAV HEN GIVATAIM
2024-04-28 02:46:00,424 - cinemas.rav_hen - INFO - DONE RAV HEN GIVATAIM
2024-04-28 02:46:00,424 - cinemas.rav_hen - INFO - STARTED RAV HEN DIZINGOF
2024-04-28 02:46:00,442 - cinemas.rav_hen - INFO - DONE RAV HEN DIZINGOF
2024-04-28 02:46:00,442 - cinemas.rav_hen - INFO - STARTED RAV HEN MODIIN
2024-04-28 02:46:00,465 - cinemas.rav_hen - INFO - DONE RAV HEN MODIIN
2024-04-28 02:46:00,465 - cinemas.rav_hen - INFO - STARTED RAV HEN KIRYAT_ONO
2024-04-28 02:46:00,484 - cinemas.rav_hen - INFO - DONE RAV HEN KIRYAT_ONO
2024-04-28 02:46:00,484 - cinemas.rav_hen - INFO - DONE RAV HEN
2024-04-28 02:46:00,484 - root - ERROR - rav hen crashed: rav hen returned empty list
2024-04-28 02:46:00,484 - cinemas.hot_cinema - INFO - STARTED HOT CINEMA
2024-04-28 02:46:00,485 - cinemas.hot_cinema - INFO - STARTED HOT CINEMA MODIIN
2024-04-28 02:46:00,649 - cinemas.hot_cinema - INFO - DONE HOT CINEMA MODIIN
2024-04-28 02:46:00,650 - cinemas.hot_cinema - INFO - STARTED HOT CINEMA KIRYON
2024-04-28 02:46:00,815 - cinemas.hot_cinema - INFO - DONE HOT CINEMA KIRYON
2024-04-28 02:46:00,815 - cinemas.hot_cinema - INFO - STARTED HOT CINEMA KFAR_SABBA
2024-04-28 02:46:00,981 - cinemas.hot_cinema - INFO - DONE HOT CINEMA KFAR_SABBA
2024-04-28 02:46:00,981 - cinemas.hot_cinema - INFO - STARTED HOT CINEMA HAIFA
2024-04-28 02:46:01,146 - cinemas.hot_cinema - INFO - DONE HOT CINEMA HAIFA
2024-04-28 02:46:01,146 - cinemas.hot_cinema - INFO - STARTED HOT CINEMA PETACH_TIKVA
2024-04-28 02:46:01,310 - cinemas.hot_cinema - INFO - DONE HOT CINEMA PETACH_TIKVA
2024-04-28 02:46:01,311 - cinemas.hot_cinema - INFO - STARTED HOT CINEMA RECHOVOT
2024-04-28 02:46:01,476 - cinemas.hot_cinema - INFO - DONE HOT CINEMA RECHOVOT
2024-04-28 02:46:01,476 - cinemas.hot_cinema - INFO - STARTED HOT CINEMA ASHKELON
2024-04-28 02:46:01,641 - cinemas.hot_cinema - INFO - DONE HOT CINEMA ASHKELON
2024-04-28 02:46:01,641 - cinemas.hot_cinema - INFO - STARTED HOT CINEMA KARMIEL
2024-04-28 02:46:01,809 - cinemas.hot_cinema - INFO - DONE HOT CINEMA KARMIEL
2024-04-28 02:46:01,809 - cinemas.hot_cinema - INFO - STARTED HOT CINEMA NAHARIA
2024-04-28 02:46:01,974 - cinemas.hot_cinema - INFO - DONE HOT CINEMA NAHARIA
2024-04-28 02:46:01,974 - cinemas.hot_cinema - INFO - STARTED HOT CINEMA ASHDOD
2024-04-28 02:46:02,140 - cinemas.hot_cinema - INFO - DONE HOT CINEMA ASHDOD
2024-04-28 02:46:02,140 - cinemas.hot_cinema - INFO - DONE HOT CINEMA
2024-04-28 02:46:02,140 - retry.api - WARNING - AssertionError: hot cinema returned empty list in __main__.unsafe_get_screenings_from_cinema, retrying in 1 seconds...
2024-04-28 02:46:03,140 - cinemas.hot_cinema - INFO - STARTED HOT CINEMA
2024-04-28 02:46:03,140 - cinemas.hot_cinema - INFO - STARTED HOT CINEMA MODIIN
2024-04-28 02:46:03,306 - cinemas.hot_cinema - INFO - DONE HOT CINEMA MODIIN
2024-04-28 02:46:03,306 - cinemas.hot_cinema - INFO - STARTED HOT CINEMA KIRYON
2024-04-28 02:46:03,471 - cinemas.hot_cinema - INFO - DONE HOT CINEMA KIRYON
2024-04-28 02:46:03,471 - cinemas.hot_cinema - INFO - STARTED HOT CINEMA KFAR_SABBA
2024-04-28 02:46:03,636 - cinemas.hot_cinema - INFO - DONE HOT CINEMA KFAR_SABBA
2024-04-28 02:46:03,636 - cinemas.hot_cinema - INFO - STARTED HOT CINEMA HAIFA
2024-04-28 02:46:03,802 - cinemas.hot_cinema - INFO - DONE HOT CINEMA HAIFA
2024-04-28 02:46:03,802 - cinemas.hot_cinema - INFO - STARTED HOT CINEMA PETACH_TIKVA
2024-04-28 02:46:03,968 - cinemas.hot_cinema - INFO - DONE HOT CINEMA PETACH_TIKVA
2024-04-28 02:46:03,968 - cinemas.hot_cinema - INFO - STARTED HOT CINEMA RECHOVOT
2024-04-28 02:46:04,137 - cinemas.hot_cinema - INFO - DONE HOT CINEMA RECHOVOT
2024-04-28 02:46:04,137 - cinemas.hot_cinema - INFO - STARTED HOT CINEMA ASHKELON
2024-04-28 02:46:04,302 - cinemas.hot_cinema - INFO - DONE HOT CINEMA ASHKELON
2024-04-28 02:46:04,303 - cinemas.hot_cinema - INFO - STARTED HOT CINEMA KARMIEL
2024-04-28 02:46:04,470 - cinemas.hot_cinema - INFO - DONE HOT CINEMA KARMIEL
2024-04-28 02:46:04,470 - cinemas.hot_cinema - INFO - STARTED HOT CINEMA NAHARIA
2024-04-28 02:46:04,636 - cinemas.hot_cinema - INFO - DONE HOT CINEMA NAHARIA
2024-04-28 02:46:04,636 - cinemas.hot_cinema - INFO - STARTED HOT CINEMA ASHDOD
2024-04-28 02:46:04,801 - cinemas.hot_cinema - INFO - DONE HOT CINEMA ASHDOD
2024-04-28 02:46:04,801 - cinemas.hot_cinema - INFO - DONE HOT CINEMA
2024-04-28 02:46:04,801 - retry.api - WARNING - AssertionError: hot cinema returned empty list in __main__.unsafe_get_screenings_from_cinema, retrying in 2 seconds...
2024-04-28 02:46:06,801 - cinemas.hot_cinema - INFO - STARTED HOT CINEMA
2024-04-28 02:46:06,801 - cinemas.hot_cinema - INFO - STARTED HOT CINEMA MODIIN
2024-04-28 02:46:06,967 - cinemas.hot_cinema - INFO - DONE HOT CINEMA MODIIN
2024-04-28 02:46:06,967 - cinemas.hot_cinema - INFO - STARTED HOT CINEMA KIRYON
2024-04-28 02:46:07,133 - cinemas.hot_cinema - INFO - DONE HOT CINEMA KIRYON
2024-04-28 02:46:07,133 - cinemas.hot_cinema - INFO - STARTED HOT CINEMA KFAR_SABBA
2024-04-28 02:46:07,298 - cinemas.hot_cinema - INFO - DONE HOT CINEMA KFAR_SABBA
2024-04-28 02:46:07,298 - cinemas.hot_cinema - INFO - STARTED HOT CINEMA HAIFA
2024-04-28 02:46:07,463 - cinemas.hot_cinema - INFO - DONE HOT CINEMA HAIFA
2024-04-28 02:46:07,463 - cinemas.hot_cinema - INFO - STARTED HOT CINEMA PETACH_TIKVA
2024-04-28 02:46:07,628 - cinemas.hot_cinema - INFO - DONE HOT CINEMA PETACH_TIKVA
2024-04-28 02:46:07,628 - cinemas.hot_cinema - INFO - STARTED HOT CINEMA RECHOVOT
2024-04-28 02:46:07,793 - cinemas.hot_cinema - INFO - DONE HOT CINEMA RECHOVOT
2024-04-28 02:46:07,793 - cinemas.hot_cinema - INFO - STARTED HOT CINEMA ASHKELON
2024-04-28 02:46:07,959 - cinemas.hot_cinema - INFO - DONE HOT CINEMA ASHKELON
2024-04-28 02:46:07,959 - cinemas.hot_cinema - INFO - STARTED HOT CINEMA KARMIEL
2024-04-28 02:46:08,125 - cinemas.hot_cinema - INFO - DONE HOT CINEMA KARMIEL
2024-04-28 02:46:08,125 - cinemas.hot_cinema - INFO - STARTED HOT CINEMA NAHARIA
2024-04-28 02:46:08,291 - cinemas.hot_cinema - INFO - DONE HOT CINEMA NAHARIA
2024-04-28 02:46:08,291 - cinemas.hot_cinema - INFO - STARTED HOT CINEMA ASHDOD
2024-04-28 02:46:08,456 - cinemas.hot_cinema - INFO - DONE HOT CINEMA ASHDOD
2024-04-28 02:46:08,456 - cinemas.hot_cinema - INFO - DONE HOT CINEMA
2024-04-28 02:46:08,456 - root - ERROR - hot cinema crashed: hot cinema returned empty list
2024-04-28 02:46:08,456 - cinemas.cinema_city - INFO - STARTED CINEMA CITY
2024-04-28 02:46:08,456 - cinemas.cinema_city - INFO - STARTED CINEMA CITY GLILOT
2024-04-28 02:46:08,645 - cinemas.cinema_city - ERROR - NO DATE FOUND FOR GLILOT
2024-04-28 02:46:08,646 - cinemas.cinema_city - INFO - STARTED CINEMA CITY RISHON
2024-04-28 02:46:08,817 - cinemas.cinema_city - ERROR - NO DATE FOUND FOR RISHON
2024-04-28 02:46:08,817 - cinemas.cinema_city - INFO - STARTED CINEMA CITY JERUSALEM
2024-04-28 02:46:08,991 - cinemas.cinema_city - ERROR - NO DATE FOUND FOR JERUSALEM
2024-04-28 02:46:08,991 - cinemas.cinema_city - INFO - STARTED CINEMA CITY KFAR_SABBA
2024-04-28 02:46:09,166 - cinemas.cinema_city - ERROR - NO DATE FOUND FOR KFAR_SABBA
2024-04-28 02:46:09,166 - cinemas.cinema_city - INFO - STARTED CINEMA CITY NATANIA
2024-04-28 02:46:09,341 - cinemas.cinema_city - ERROR - NO DATE FOUND FOR NATANIA
2024-04-28 02:46:09,341 - cinemas.cinema_city - INFO - STARTED CINEMA CITY BEER_SHEVA
2024-04-28 02:46:09,514 - cinemas.cinema_city - ERROR - NO DATE FOUND FOR BEER_SHEVA
2024-04-28 02:46:09,514 - cinemas.cinema_city - INFO - STARTED CINEMA CITY HADERA
2024-04-28 02:46:09,691 - cinemas.cinema_city - ERROR - NO DATE FOUND FOR HADERA
2024-04-28 02:46:09,691 - cinemas.cinema_city - INFO - STARTED CINEMA CITY ASHDOD
2024-04-28 02:46:09,867 - cinemas.cinema_city - ERROR - NO DATE FOUND FOR ASHDOD
2024-04-28 02:46:09,867 - cinemas.cinema_city - INFO - DONE CINEMA CITY
2024-04-28 02:46:09,867 - retry.api - WARNING - AssertionError: cinema city returned empty list in __main__.unsafe_get_screenings_from_cinema, retrying in 1 seconds...
2024-04-28 02:46:10,867 - cinemas.cinema_city - INFO - STARTED CINEMA CITY
2024-04-28 02:46:10,867 - cinemas.cinema_city - INFO - STARTED CINEMA CITY GLILOT
2024-04-28 02:46:11,041 - cinemas.cinema_city - ERROR - NO DATE FOUND FOR GLILOT
2024-04-28 02:46:11,041 - cinemas.cinema_city - INFO - STARTED CINEMA CITY RISHON
2024-04-28 02:46:11,233 - cinemas.cinema_city - ERROR - NO DATE FOUND FOR RISHON
2024-04-28 02:46:11,233 - cinemas.cinema_city - INFO - STARTED CINEMA CITY JERUSALEM
2024-04-28 02:46:11,406 - cinemas.cinema_city - ERROR - NO DATE FOUND FOR JERUSALEM
2024-04-28 02:46:11,406 - cinemas.cinema_city - INFO - STARTED CINEMA CITY KFAR_SABBA
2024-04-28 02:46:11,582 - cinemas.cinema_city - ERROR - NO DATE FOUND FOR KFAR_SABBA
2024-04-28 02:46:11,583 - cinemas.cinema_city - INFO - STARTED CINEMA CITY NATANIA
2024-04-28 02:46:11,763 - cinemas.cinema_city - ERROR - NO DATE FOUND FOR NATANIA
2024-04-28 02:46:11,763 - cinemas.cinema_city - INFO - STARTED CINEMA CITY BEER_SHEVA
2024-04-28 02:46:11,941 - cinemas.cinema_city - ERROR - NO DATE FOUND FOR BEER_SHEVA
2024-04-28 02:46:11,941 - cinemas.cinema_city - INFO - STARTED CINEMA CITY HADERA
2024-04-28 02:46:12,123 - cinemas.cinema_city - ERROR - NO DATE FOUND FOR HADERA
2024-04-28 02:46:12,123 - cinemas.cinema_city - INFO - STARTED CINEMA CITY ASHDOD
2024-04-28 02:46:12,296 - cinemas.cinema_city - ERROR - NO DATE FOUND FOR ASHDOD
2024-04-28 02:46:12,296 - cinemas.cinema_city - INFO - DONE CINEMA CITY
2024-04-28 02:46:12,296 - retry.api - WARNING - AssertionError: cinema city returned empty list in __main__.unsafe_get_screenings_from_cinema, retrying in 2 seconds...
2024-04-28 02:46:14,296 - cinemas.cinema_city - INFO - STARTED CINEMA CITY
2024-04-28 02:46:14,296 - cinemas.cinema_city - INFO - STARTED CINEMA CITY GLILOT
2024-04-28 02:46:14,622 - cinemas.cinema_city - ERROR - NO DATE FOUND FOR GLILOT
2024-04-28 02:46:14,622 - cinemas.cinema_city - INFO - STARTED CINEMA CITY RISHON
2024-04-28 02:46:14,796 - cinemas.cinema_city - ERROR - NO DATE FOUND FOR RISHON
2024-04-28 02:46:14,796 - cinemas.cinema_city - INFO - STARTED CINEMA CITY JERUSALEM
2024-04-28 02:46:14,973 - cinemas.cinema_city - ERROR - NO DATE FOUND FOR JERUSALEM
2024-04-28 02:46:14,973 - cinemas.cinema_city - INFO - STARTED CINEMA CITY KFAR_SABBA
2024-04-28 02:46:15,154 - cinemas.cinema_city - ERROR - NO DATE FOUND FOR KFAR_SABBA
2024-04-28 02:46:15,154 - cinemas.cinema_city - INFO - STARTED CINEMA CITY NATANIA
2024-04-28 02:46:15,326 - cinemas.cinema_city - ERROR - NO DATE FOUND FOR NATANIA
2024-04-28 02:46:15,326 - cinemas.cinema_city - INFO - STARTED CINEMA CITY BEER_SHEVA
2024-04-28 02:46:15,497 - cinemas.cinema_city - ERROR - NO DATE FOUND FOR BEER_SHEVA
2024-04-28 02:46:15,497 - cinemas.cinema_city - INFO - STARTED CINEMA CITY HADERA
2024-04-28 02:46:15,668 - cinemas.cinema_city - ERROR - NO DATE FOUND FOR HADERA
2024-04-28 02:46:15,668 - cinemas.cinema_city - INFO - STARTED CINEMA CITY ASHDOD
2024-04-28 02:46:15,845 - cinemas.cinema_city - ERROR - NO DATE FOUND FOR ASHDOD
2024-04-28 02:46:15,846 - cinemas.cinema_city - INFO - DONE CINEMA CITY
2024-04-28 02:46:15,846 - root - ERROR - cinema city crashed: cinema city returned empty list
2024-04-28 02:46:15,846 - cinemas.lev - INFO - STARTED LEV
2024-04-28 02:46:24,660 - proxy - INFO - Proxy: {'YourFuckingIPAddress': '185.191.204.254', 'YourFuckingLocation': 'Israel', 'YourFuckingHostname': '204.254.hqserv.co.il', 'YourFuckingISP': 'HQserv Network Solutions', 'YourFuckingTorExit': False, 'YourFuckingCity': '', 'YourFuckingCountry': 'Israel', 'YourFuckingCountryCode': 'IL'}
2024-04-28 02:46:24,660 - cinemas.lev - INFO - STARTED LEV TEL_AVIV
2024-04-28 02:46:29,566 - cinemas.lev - INFO - DONE LEV TEL_AVIV
2024-04-28 02:46:29,567 - cinemas.lev - INFO - STARTED LEV RAMAT_HASHARON
2024-04-28 02:46:30,361 - cinemas.lev - INFO - DONE LEV RAMAT_HASHARON
2024-04-28 02:46:30,361 - cinemas.lev - INFO - STARTED LEV MANDARIN
2024-04-28 02:46:32,009 - cinemas.lev - INFO - DONE LEV MANDARIN
2024-04-28 02:46:32,009 - cinemas.lev - INFO - STARTED LEV EVEN_YEHUDA
2024-04-28 02:46:33,059 - cinemas.lev - INFO - DONE LEV EVEN_YEHUDA
2024-04-28 02:46:33,059 - cinemas.lev - INFO - STARTED LEV SMADAR
2024-04-28 02:46:34,237 - cinemas.lev - INFO - DONE LEV SMADAR
2024-04-28 02:46:34,237 - cinemas.lev - INFO - STARTED LEV RAANANA
2024-04-28 02:46:35,449 - cinemas.lev - INFO - DONE LEV RAANANA
2024-04-28 02:46:35,449 - cinemas.lev - INFO - STARTED LEV OMER
2024-04-28 02:46:36,301 - cinemas.lev - INFO - DONE LEV OMER
2024-04-28 02:46:36,301 - cinemas.lev - INFO - STARTED LEV SHOHAM
2024-04-28 02:46:37,820 - cinemas.lev - INFO - DONE LEV SHOHAM
2024-04-28 02:46:37,820 - cinemas.lev - INFO - STARTED LEV DANIEL
2024-04-28 02:46:38,723 - cinemas.lev - INFO - DONE LEV DANIEL
2024-04-28 02:46:38,723 - proxy - INFO - Proxy removed
2024-04-28 02:46:38,723 - cinemas.lev - INFO - DONE LEV
2024-04-28 02:46:38,723 - cinemas.lev - INFO - STARTED LEV
2024-04-28 02:46:40,497 - proxy - INFO - Proxy: {'YourFuckingIPAddress': '185.191.204.254', 'YourFuckingLocation': 'Israel', 'YourFuckingHostname': '204.254.hqserv.co.il', 'YourFuckingISP': 'HQserv Network Solutions', 'YourFuckingTorExit': False, 'YourFuckingCity': '', 'YourFuckingCountry': 'Israel', 'YourFuckingCountryCode': 'IL'}
2024-04-28 02:46:40,497 - cinemas.lev - INFO - STARTED LEV TEL_AVIV
2024-04-28 02:46:41,633 - cinemas.lev - INFO - DONE LEV TEL_AVIV
2024-04-28 02:46:41,633 - cinemas.lev - INFO - STARTED LEV RAMAT_HASHARON
2024-04-28 02:46:42,635 - cinemas.lev - INFO - DONE LEV RAMAT_HASHARON
2024-04-28 02:46:42,635 - cinemas.lev - INFO - STARTED LEV MANDARIN
2024-04-28 02:46:43,611 - cinemas.lev - INFO - DONE LEV MANDARIN
2024-04-28 02:46:43,611 - cinemas.lev - INFO - STARTED LEV EVEN_YEHUDA
2024-04-28 02:46:45,137 - cinemas.lev - INFO - DONE LEV EVEN_YEHUDA
2024-04-28 02:46:45,138 - cinemas.lev - INFO - STARTED LEV SMADAR
2024-04-28 02:46:51,887 - cinemas.lev - INFO - DONE LEV SMADAR
2024-04-28 02:46:51,887 - cinemas.lev - INFO - STARTED LEV RAANANA
2024-04-28 02:46:55,852 - cinemas.lev - INFO - DONE LEV RAANANA
2024-04-28 02:46:55,852 - cinemas.lev - INFO - STARTED LEV OMER
2024-04-28 02:46:58,366 - cinemas.lev - INFO - DONE LEV OMER
2024-04-28 02:46:58,366 - cinemas.lev - INFO - STARTED LEV SHOHAM
2024-04-28 02:47:00,452 - cinemas.lev - INFO - DONE LEV SHOHAM
2024-04-28 02:47:00,452 - cinemas.lev - INFO - STARTED LEV DANIEL
2024-04-28 02:47:02,020 - cinemas.lev - INFO - DONE LEV DANIEL
2024-04-28 02:47:02,020 - proxy - INFO - Proxy removed
2024-04-28 02:47:02,020 - cinemas.lev - INFO - DONE LEV
2024-04-28 02:47:02,020 - cinemas.movieland - INFO - STARTED Movie Land
2024-04-28 02:47:02,020 - cinemas.movieland - INFO - STARTED Movie Land CARMIEL
2024-04-28 02:47:02,020 - cinemas.movieland - INFO - DONE Movie Land CARMIEL
2024-04-28 02:47:02,020 - cinemas.movieland - INFO - STARTED Movie Land HAIFA
2024-04-28 02:47:02,020 - cinemas.movieland - INFO - DONE Movie Land HAIFA
2024-04-28 02:47:02,020 - cinemas.movieland - INFO - STARTED Movie Land NATANYA
2024-04-28 02:47:02,021 - cinemas.movieland - INFO - DONE Movie Land NATANYA
2024-04-28 02:47:02,021 - cinemas.movieland - INFO - DONE Movie Land
2024-04-28 02:47:02,021 - retry.api - WARNING - AssertionError: movieland returned empty list in __main__.unsafe_get_screenings_from_cinema, retrying in 1 seconds...
2024-04-28 02:47:03,021 - cinemas.movieland - INFO - STARTED Movie Land
2024-04-28 02:47:03,021 - cinemas.movieland - INFO - STARTED Movie Land CARMIEL
2024-04-28 02:47:03,021 - cinemas.movieland - INFO - DONE Movie Land CARMIEL
2024-04-28 02:47:03,021 - cinemas.movieland - INFO - STARTED Movie Land HAIFA
2024-04-28 02:47:03,021 - cinemas.movieland - INFO - DONE Movie Land HAIFA
2024-04-28 02:47:03,022 - cinemas.movieland - INFO - STARTED Movie Land NATANYA
2024-04-28 02:47:03,022 - cinemas.movieland - INFO - DONE Movie Land NATANYA
2024-04-28 02:47:03,022 - cinemas.movieland - INFO - DONE Movie Land
2024-04-28 02:47:03,022 - retry.api - WARNING - AssertionError: movieland returned empty list in __main__.unsafe_get_screenings_from_cinema, retrying in 2 seconds...
2024-04-28 02:47:05,022 - cinemas.movieland - INFO - STARTED Movie Land
2024-04-28 02:47:05,022 - cinemas.movieland - INFO - STARTED Movie Land CARMIEL
2024-04-28 02:47:05,022 - cinemas.movieland - INFO - DONE Movie Land CARMIEL
2024-04-28 02:47:05,022 - cinemas.movieland - INFO - STARTED Movie Land HAIFA
2024-04-28 02:47:05,023 - cinemas.movieland - INFO - DONE Movie Land HAIFA
2024-04-28 02:47:05,023 - cinemas.movieland - INFO - STARTED Movie Land NATANYA
2024-04-28 02:47:05,023 - cinemas.movieland - INFO - DONE Movie Land NATANYA
2024-04-28 02:47:05,023 - cinemas.movieland - INFO - DONE Movie Land
2024-04-28 02:47:05,023 - root - ERROR - movieland crashed: movieland returned empty list
2024-04-28 02:47:07,355 - seret.movie_info_fetchers.composite - INFO - Got info for Lassie 2 - A New Adventure using ElasticMovieInfoFetcher
2024-04-28 02:47:08,414 - seret.movie_info_fetchers.composite - INFO - Got info for Dune: Part Two using ElasticMovieInfoFetcher
2024-04-28 02:47:10,101 - seret.movie_info_fetchers.composite - INFO - Got info for The snow queen and the princess using ElasticMovieInfoFetcher
2024-04-28 02:47:15,603 - seret.movie_info_fetchers.composite - INFO - Got info for Dragonkeeper using SearchEngineMovieInfoFetcher
2024-04-28 02:47:20,199 - seret.movie_info_fetchers.composite - INFO - Got info for The Jungle Bunch 2 using ElasticMovieInfoFetcher
2024-04-28 02:47:21,146 - seret.movie_info_fetchers.composite - INFO - Got info for Migration using ElasticMovieInfoFetcher
2024-04-28 02:47:22,129 - seret.movie_info_fetchers.composite - INFO - Got info for Kung Fu Panda 4 using ElasticMovieInfoFetcher
2024-04-28 02:47:22,454 - seret.movie_info_fetchers.search_engines_api.composite - WARNING - Failed to search with google: The result parsing was unsuccessful. It is either your query could not be found or it was flagged as unusual traffic
2024-04-28 02:47:22,682 - seret.movie_info_fetchers.composite - ERROR - Failed to get info for Cat and Dog using SearchEngineMovieInfoFetcher: 'NoneType' object is not subscriptable
2024-04-28 02:47:22,683 - seret.movie_info_fetchers.composite - WARNING - Failed to get info for Cat and Dog
2024-04-28 02:47:23,727 - seret.movie_info_fetchers.composite - INFO - Got info for הכלב והחתולה המרדף המטורף using ElasticMovieInfoFetcher
2024-04-28 02:47:25,577 - seret.movie_info_fetchers.composite - INFO - Got info for Mavka: The Forest Song using ElasticMovieInfoFetcher
2024-04-28 02:47:26,397 - seret.movie_info_fetchers.composite - INFO - Got info for The Fall Guy using ElasticMovieInfoFetcher
2024-04-28 02:47:27,153 - seret.movie_info_fetchers.composite - INFO - Got info for The Ministry of Ungentlemanly Warfare using ElasticMovieInfoFetcher
2024-04-28 02:47:28,634 - seret.movie_info_fetchers.composite - INFO - Got info for Oink using ElasticMovieInfoFetcher
2024-04-28 02:47:30,149 - seret.movie_info_fetchers.composite - INFO - Got info for Air War using ElasticMovieInfoFetcher
2024-04-28 02:47:30,472 - seret.movie_raters.composite - WARNING - Failed to get rating for No Exit
2024-04-28 02:47:30,611 - seret.movie_raters.composite - WARNING - Failed to get rating for NO אקזיט
2024-04-28 02:47:30,611 - seret.movie_info_fetchers.composite - INFO - Got info for Demon Slayer: Kimetsu no Yaiba - Hashira Training using ElasticMovieInfoFetcher
2024-04-28 02:47:31,786 - seret.movie_info_fetchers.composite - INFO - Got info for Wonka using ElasticMovieInfoFetcher
2024-04-28 02:47:32,622 - seret.movie_info_fetchers.composite - INFO - Got info for Ghostbusters: Frozen Empire using ElasticMovieInfoFetcher
2024-04-28 02:47:33,758 - seret.movie_info_fetchers.composite - INFO - Got info for Anatomy of a fall using ElasticMovieInfoFetcher
2024-04-28 02:47:34,912 - seret.movie_info_fetchers.composite - INFO - Got info for Godzilla x Kong: The New Empire using ElasticMovieInfoFetcher
2024-04-28 02:47:36,533 - seret.movie_info_fetchers.composite - INFO - Got info for A Room of His Own using ElasticMovieInfoFetcher
2024-04-28 02:47:37,494 - seret.movie_info_fetchers.composite - INFO - Got info for Joika using ElasticMovieInfoFetcher
2024-04-28 02:47:37,795 - seret.movie_info_fetchers.search_engines_api.composite - WARNING - Failed to search with google: The result parsing was unsuccessful. It is either your query could not be found or it was flagged as unusual traffic
2024-04-28 02:47:38,646 - seret.movie_info_fetchers.search_engines_api.composite - WARNING - Failed to search with bing: The result parsing was unsuccessful. It is either your query could not be found or it was flagged as unusual traffic
2024-04-28 02:47:38,817 - seret.movie_info_fetchers.search_engines_api.composite - WARNING - Failed to search with duckduckgo: The result parsing was unsuccessful. It is either your query could not be found or it was flagged as unusual traffic
2024-04-28 02:47:38,817 - seret.movie_info_fetchers.composite - WARNING - Failed to get info for The Taste of things
2024-04-28 02:47:40,209 - seret.movie_info_fetchers.composite - INFO - Got info for הקדירה using ElasticMovieInfoFetcher
2024-04-28 02:47:40,537 - seret.movie_info_fetchers.search_engines_api.composite - WARNING - Failed to search with bing: The result parsing was unsuccessful. It is either your query could not be found or it was flagged as unusual traffic
2024-04-28 02:47:40,594 - seret.movie_info_fetchers.search_engines_api.composite - WARNING - Failed to search with duckduckgo: The result parsing was unsuccessful. It is either your query could not be found or it was flagged as unusual traffic
2024-04-28 02:47:40,595 - seret.movie_info_fetchers.composite - WARNING - Failed to get info for Home
2024-04-28 02:47:41,722 - seret.movie_info_fetchers.composite - INFO - Got info for בית using ElasticMovieInfoFetcher
2024-04-28 02:47:42,757 - seret.movie_info_fetchers.composite - INFO - Got info for White Bird: A Wonder Story using ElasticMovieInfoFetcher
2024-04-28 02:47:43,655 - seret.movie_info_fetchers.composite - INFO - Got info for Radical using ElasticMovieInfoFetcher
2024-04-28 02:47:45,321 - seret.movie_info_fetchers.composite - INFO - Got info for No Way Up using ElasticMovieInfoFetcher
2024-04-28 02:47:46,204 - seret.movie_info_fetchers.composite - INFO - Got info for CIVIL WAR using ElasticMovieInfoFetcher
2024-04-28 02:47:47,000 - seret.movie_info_fetchers.composite - INFO - Got info for Challengers using ElasticMovieInfoFetcher
2024-04-28 02:47:48,146 - seret.movie_info_fetchers.composite - INFO - Got info for The Blue Caftan using ElasticMovieInfoFetcher
2024-04-28 02:47:49,350 - seret.movie_info_fetchers.composite - INFO - Got info for One Life using ElasticMovieInfoFetcher
2024-04-28 02:47:50,151 - seret.movie_info_fetchers.composite - INFO - Got info for Monkey Man using ElasticMovieInfoFetcher
2024-04-28 02:47:50,880 - seret.movie_info_fetchers.composite - INFO - Got info for Back to Black using ElasticMovieInfoFetcher
2024-04-28 02:47:51,992 - seret.movie_info_fetchers.composite - INFO - Got info for IN THE LAND OF SAINTS AND SINNERS using ElasticMovieInfoFetcher
2024-04-28 02:47:53,252 - seret.movie_info_fetchers.composite - INFO - Got info for Anyone But You using ElasticMovieInfoFetcher
2024-04-28 02:47:53,958 - seret.movie_info_fetchers.composite - INFO - Got info for The Beekeeper using ElasticMovieInfoFetcher
2024-04-28 02:47:55,188 - seret.movie_info_fetchers.composite - INFO - Got info for The First Omen using ElasticMovieInfoFetcher
2024-04-28 02:47:56,329 - seret.movie_info_fetchers.composite - INFO - Got info for Knox Goes Away using ElasticMovieInfoFetcher
2024-04-28 02:47:57,117 - seret.movie_info_fetchers.composite - INFO - Got info for IMMACULATE using ElasticMovieInfoFetcher
2024-04-28 02:47:58,826 - seret.movie_info_fetchers.composite - INFO - Got info for Bob Marley: One Love using ElasticMovieInfoFetcher
2024-04-28 02:47:59,947 - seret.movie_info_fetchers.composite - INFO - Got info for The Holdovers using ElasticMovieInfoFetcher
2024-04-28 02:48:02,107 - seret.movie_info_fetchers.composite - INFO - Got info for Driving Madeleine using ElasticMovieInfoFetcher
2024-04-28 02:48:03,263 - seret.movie_info_fetchers.composite - INFO - Got info for Riki Rhino – The Bird Kingdom using ElasticMovieInfoFetcher
2024-04-28 02:48:05,026 - seret.movie_info_fetchers.composite - INFO - Got info for Cats in the Museum using ElasticMovieInfoFetcher
2024-04-28 02:48:06,182 - seret.movie_info_fetchers.composite - INFO - Got info for Trolls Band Together using ElasticMovieInfoFetcher
2024-04-28 02:48:07,170 - seret.movie_info_fetchers.composite - INFO - Got info for Paw Patrol: The Mighty Movie using ElasticMovieInfoFetcher
2024-04-28 02:48:09,075 - seret.movie_info_fetchers.composite - INFO - Got info for Big Trip 2: Special Delivery using ElasticMovieInfoFetcher
2024-04-28 02:48:09,468 - seret.movie_info_fetchers.search_engines_api.composite - WARNING - Failed to search with google: The result parsing was unsuccessful. It is either your query could not be found or it was flagged as unusual traffic
2024-04-28 02:48:09,638 - seret.movie_info_fetchers.search_engines_api.composite - WARNING - Failed to search with bing: The result parsing was unsuccessful. It is either your query could not be found or it was flagged as unusual traffic
2024-04-28 02:48:09,744 - seret.movie_info_fetchers.search_engines_api.composite - WARNING - Failed to search with duckduckgo: The result parsing was unsuccessful. It is either your query could not be found or it was flagged as unusual traffic
2024-04-28 02:48:09,744 - seret.movie_info_fetchers.composite - WARNING - Failed to get info for Wish
2024-04-28 02:48:10,240 - seret.movie_info_fetchers.search_engines_api.composite - WARNING - Failed to search with google: The result parsing was unsuccessful. It is either your query could not be found or it was flagged as unusual traffic
2024-04-28 02:48:10,478 - seret.movie_info_fetchers.search_engines_api.composite - WARNING - Failed to search with bing: The result parsing was unsuccessful. It is either your query could not be found or it was flagged as unusual traffic
2024-04-28 02:48:10,734 - seret.movie_info_fetchers.search_engines_api.composite - WARNING - Failed to search with duckduckgo: The result parsing was unsuccessful. It is either your query could not be found or it was flagged as unusual traffic
2024-04-28 02:48:10,734 - seret.movie_info_fetchers.composite - WARNING - Failed to get info for המשאלה
2024-04-28 02:48:10,734 - seret.info_fetcher - ERROR - Failed to get info for Wish and המשאלה
2024-04-28 02:48:11,738 - seret.movie_info_fetchers.composite - INFO - Got info for Dumb Money using ElasticMovieInfoFetcher
2024-04-28 02:48:15,033 - seret.movie_info_fetchers.composite - INFO - Got info for Freelance using ElasticMovieInfoFetcher
2024-04-28 02:48:15,832 - seret.movie_info_fetchers.composite - INFO - Got info for Thanksgiving using ElasticMovieInfoFetcher
2024-04-28 02:48:17,603 - seret.movie_info_fetchers.composite - INFO - Got info for Jeepers Creepers: Reborn using ElasticMovieInfoFetcher
2024-04-28 02:48:18,757 - seret.movie_info_fetchers.composite - INFO - Got info for Katak, The Brave Beluga using ElasticMovieInfoFetcher
2024-04-28 02:48:19,129 - seret.movie_info_fetchers.search_engines_api.composite - WARNING - Failed to search with google: The result parsing was unsuccessful. It is either your query could not be found or it was flagged as unusual traffic
2024-04-28 02:48:19,252 - seret.movie_info_fetchers.search_engines_api.composite - WARNING - Failed to search with bing: The result parsing was unsuccessful. It is either your query could not be found or it was flagged as unusual traffic
2024-04-28 02:48:19,308 - seret.movie_info_fetchers.search_engines_api.composite - WARNING - Failed to search with duckduckgo: The result parsing was unsuccessful. It is either your query could not be found or it was flagged as unusual traffic
2024-04-28 02:48:19,308 - seret.movie_info_fetchers.composite - WARNING - Failed to get info for Arthur the King
2024-04-28 02:48:20,747 - seret.movie_info_fetchers.composite - INFO - Got info for המרוץ לניצחון של ארתור using ElasticMovieInfoFetcher
2024-04-28 02:48:22,014 - seret.movie_info_fetchers.composite - INFO - Got info for Quicksand using ElasticMovieInfoFetcher
2024-04-28 02:48:22,771 - seret.movie_info_fetchers.composite - INFO - Got info for Back To Black using ElasticMovieInfoFetcher
2024-04-28 02:48:23,488 - seret.movie_info_fetchers.composite - INFO - Got info for Godzilla x Kong: The New Empire using ElasticMovieInfoFetcher
2024-04-28 02:48:23,988 - seret.movie_info_fetchers.search_engines_api.composite - WARNING - Failed to search with google: The result parsing was unsuccessful. It is either your query could not be found or it was flagged as unusual traffic
2024-04-28 02:48:24,229 - seret.movie_info_fetchers.search_engines_api.composite - WARNING - Failed to search with duckduckgo: The result parsing was unsuccessful. It is either your query could not be found or it was flagged as unusual traffic
2024-04-28 02:48:24,229 - seret.movie_info_fetchers.composite - WARNING - Failed to get info for Cat & Dog
2024-04-28 02:48:25,039 - seret.movie_info_fetchers.composite - INFO - Got info for הכלב והחתולה – המרדף המטורף using ElasticMovieInfoFetcher
2024-04-28 02:48:26,314 - seret.movie_info_fetchers.composite - INFO - Got info for Civil War using ElasticMovieInfoFetcher
2024-04-28 02:48:27,612 - seret.movie_info_fetchers.composite - INFO - Got info for Dune: Part Two using ElasticMovieInfoFetcher
2024-04-28 02:48:29,027 - seret.movie_info_fetchers.composite - INFO - Got info for GoldBeak using ElasticMovieInfoFetcher
2024-04-28 02:48:29,913 - seret.movie_info_fetchers.composite - INFO - Got info for Lassie 2 using ElasticMovieInfoFetcher
2024-04-28 02:48:30,879 - seret.movie_info_fetchers.composite - INFO - Got info for The Snow Queen and the Princess using ElasticMovieInfoFetcher
2024-04-28 02:48:31,424 - seret.movie_info_fetchers.search_engines_api.composite - WARNING - Failed to search with google: The result parsing was unsuccessful. It is either your query could not be found or it was flagged as unusual traffic
2024-04-28 02:48:31,538 - seret.movie_info_fetchers.search_engines_api.composite - WARNING - Failed to search with bing: The result parsing was unsuccessful. It is either your query could not be found or it was flagged as unusual traffic
2024-04-28 02:48:31,607 - seret.movie_info_fetchers.search_engines_api.composite - WARNING - Failed to search with duckduckgo: The result parsing was unsuccessful. It is either your query could not be found or it was flagged as unusual traffic
2024-04-28 02:48:31,607 - seret.movie_info_fetchers.composite - WARNING - Failed to get info for Air Fight
2024-04-28 02:48:32,267 - seret.movie_info_fetchers.composite - INFO - Got info for קרב אוויר using ElasticMovieInfoFetcher
2024-04-28 02:48:33,222 - seret.movie_info_fetchers.composite - INFO - Got info for Dragon Keeper using ElasticMovieInfoFetcher
2024-04-28 02:48:33,256 - seret.movie_raters.composite - WARNING - Failed to get rating for No Exit
2024-04-28 02:48:33,289 - seret.movie_raters.composite - WARNING - Failed to get rating for NO אקזיט
2024-04-28 02:48:33,290 - seret.movie_info_fetchers.composite - INFO - Got info for Demon Slayer: Kimetsu no Yaiba - To the Hashira Training using ElasticMovieInfoFetcher
2024-04-28 02:48:34,098 - seret.movie_info_fetchers.composite - INFO - Got info for In The LAnd of Saints and Sinners using ElasticMovieInfoFetcher
2024-04-28 02:48:34,490 - seret.movie_info_fetchers.search_engines_api.composite - WARNING - Failed to search with google: The result parsing was unsuccessful. It is either your query could not be found or it was flagged as unusual traffic
2024-04-28 02:48:34,600 - seret.movie_info_fetchers.search_engines_api.composite - WARNING - Failed to search with bing: The result parsing was unsuccessful. It is either your query could not be found or it was flagged as unusual traffic
2024-04-28 02:48:34,672 - seret.movie_info_fetchers.search_engines_api.composite - WARNING - Failed to search with duckduckgo: The result parsing was unsuccessful. It is either your query could not be found or it was flagged as unusual traffic
2024-04-28 02:48:34,672 - seret.movie_info_fetchers.composite - WARNING - Failed to get info for Blue Kaftan
2024-04-28 02:48:35,317 - seret.movie_info_fetchers.composite - INFO - Got info for הכפתן הכחול using ElasticMovieInfoFetcher
2024-04-28 02:48:36,103 - seret.movie_info_fetchers.composite - INFO - Got info for Trolls Band Together using ElasticMovieInfoFetcher
2024-04-28 02:48:36,793 - seret.movie_info_fetchers.composite - INFO - Got info for Katak: The Brave Beluga using ElasticMovieInfoFetcher
2024-04-28 02:48:37,612 - seret.movie_info_fetchers.composite - INFO - Got info for Pot Au Feu using ElasticMovieInfoFetcher
2024-04-28 02:48:38,334 - seret.movie_info_fetchers.composite - INFO - Got info for Immaculate using ElasticMovieInfoFetcher
2024-04-28 02:48:39,027 - seret.movie_info_fetchers.composite - INFO - Got info for Back to Black using ElasticMovieInfoFetcher
2024-04-28 02:48:39,666 - seret.movie_info_fetchers.composite - INFO - Got info for Anatomy of a Fall using ElasticMovieInfoFetcher
2024-04-28 02:48:41,030 - seret.movie_info_fetchers.composite - INFO - Got info for In the Land of Saints and Sinners using ElasticMovieInfoFetcher
2024-04-28 02:48:41,668 - seret.movie_info_fetchers.composite - INFO - Got info for JOIKA using ElasticMovieInfoFetcher
2024-04-28 02:48:43,380 - seret.movie_info_fetchers.composite - INFO - Got info for Demon Slayer: Kimetsu no Yaiba - To the Hashira Training using ElasticMovieInfoFetcher
2024-04-28 02:48:43,834 - seret.movie_info_fetchers.search_engines_api.composite - WARNING - Failed to search with google: The result parsing was unsuccessful. It is either your query could not be found or it was flagged as unusual traffic
2024-04-28 02:48:43,842 - seret.movie_info_fetchers.search_engines_api.composite - WARNING - Failed to search with bing: The result parsing was unsuccessful. It is either your query could not be found or it was flagged as unusual traffic
2024-04-28 02:48:44,009 - seret.movie_info_fetchers.search_engines_api.composite - WARNING - Failed to search with duckduckgo: The result parsing was unsuccessful. It is either your query could not be found or it was flagged as unusual traffic
2024-04-28 02:48:44,009 - seret.movie_info_fetchers.composite - WARNING - Failed to get info for Cat & Dog
2024-04-28 02:48:44,715 - seret.movie_info_fetchers.composite - INFO - Got info for הכלב והחתולה - המרדף המטורף using ElasticMovieInfoFetcher
2024-04-28 02:48:45,362 - seret.movie_info_fetchers.composite - INFO - Got info for חדר משלו using ElasticMovieInfoFetcher
2024-04-28 02:48:46,079 - seret.movie_info_fetchers.composite - INFO - Got info for DUNE PART 2 using ElasticMovieInfoFetcher
2024-04-28 02:48:46,891 - seret.movie_info_fetchers.composite - INFO - Got info for Goldbeak using ElasticMovieInfoFetcher
2024-04-28 02:48:47,938 - seret.movie_info_fetchers.composite - INFO - Got info for CHALLENGERS using ElasticMovieInfoFetcher
2024-04-28 02:48:48,957 - seret.movie_info_fetchers.composite - INFO - Got info for The Jungle Bunch 2: World Tour using ElasticMovieInfoFetcher
2024-04-28 02:48:49,591 - seret.movie_raters.composite - WARNING - Failed to get rating for The Dive
2024-04-28 02:48:49,813 - seret.movie_raters.composite - WARNING - Failed to get rating for הצלילה
2024-04-28 02:48:49,813 - seret.movie_info_fetchers.composite - INFO - Got info for The dive using ElasticMovieInfoFetcher
2024-04-28 02:48:50,743 - seret.movie_info_fetchers.composite - INFO - Got info for Kong Fu Panda 4 using ElasticMovieInfoFetcher
2024-04-28 02:48:51,385 - seret.movie_info_fetchers.composite - INFO - Got info for Goldbeak using ElasticMovieInfoFetcher
2024-04-28 02:48:51,688 - seret.movie_info_fetchers.search_engines_api.composite - WARNING - Failed to search with google: The result parsing was unsuccessful. It is either your query could not be found or it was flagged as unusual traffic
2024-04-28 02:48:51,850 - seret.movie_info_fetchers.search_engines_api.composite - WARNING - Failed to search with bing: The result parsing was unsuccessful. It is either your query could not be found or it was flagged as unusual traffic
2024-04-28 02:48:51,922 - seret.movie_info_fetchers.search_engines_api.composite - WARNING - Failed to search with duckduckgo: The result parsing was unsuccessful. It is either your query could not be found or it was flagged as unusual traffic
2024-04-28 02:48:51,922 - seret.movie_info_fetchers.composite - WARNING - Failed to get info for מופע-המסע אל הקסם הגדול בעולם - לירון איש האווירון וללוש
2024-04-28 02:48:51,922 - seret.info_fetcher - ERROR - Failed to get info for  and מופע-המסע אל הקסם הגדול בעולם - לירון איש האווירון וללוש
2024-04-28 02:48:52,793 - seret.movie_info_fetchers.composite - INFO - Got info for  Air War using ElasticMovieInfoFetcher
2024-04-28 02:48:53,672 - seret.movie_info_fetchers.composite - INFO - Got info for Godzilla x Kong: The New Empire using ElasticMovieInfoFetcher
2024-04-28 02:48:54,474 - seret.movie_info_fetchers.composite - INFO - Got info for The Jungle Bunch 2: World Tour using ElasticMovieInfoFetcher
2024-04-28 02:48:55,193 - seret.movie_info_fetchers.composite - INFO - Got info for Lassie 2- A New Adventure using ElasticMovieInfoFetcher
2024-04-28 02:48:56,057 - seret.movie_info_fetchers.composite - INFO - Got info for Back To Black using ElasticMovieInfoFetcher
2024-04-28 02:48:57,230 - seret.movie_info_fetchers.composite - INFO - Got info for Migration using ElasticMovieInfoFetcher
2024-04-28 02:48:58,256 - seret.movie_info_fetchers.composite - INFO - Got info for Kong Fu Panda 4 using ElasticMovieInfoFetcher
2024-04-28 02:48:58,529 - seret.movie_info_fetchers.search_engines_api.composite - WARNING - Failed to search with google: The result parsing was unsuccessful. It is either your query could not be found or it was flagged as unusual traffic
2024-04-28 02:48:58,647 - seret.movie_info_fetchers.search_engines_api.composite - WARNING - Failed to search with bing: The result parsing was unsuccessful. It is either your query could not be found or it was flagged as unusual traffic
2024-04-28 02:48:58,718 - seret.movie_info_fetchers.search_engines_api.composite - WARNING - Failed to search with duckduckgo: The result parsing was unsuccessful. It is either your query could not be found or it was flagged as unusual traffic
2024-04-28 02:48:58,718 - seret.movie_info_fetchers.composite - WARNING - Failed to get info for Arthur the king
2024-04-28 02:48:59,845 - seret.movie_info_fetchers.composite - INFO - Got info for Joika using ElasticMovieInfoFetcher
2024-04-28 02:49:01,502 - imdb_api - ERROR - id='tt13813756', movie='Sam and Kate'
Traceback (most recent call last):
  File "/home/runner/work/Movie-Time-Server/Movie-Time-Server/seret/movie_raters/imdb_api.py", line 67, in get_imdb_rating
    return info["aggregateRating"]['ratingValue']
           ~~~~^^^^^^^^^^^^^^^^^^^
KeyError: 'aggregateRating'
2024-04-28 02:49:01,503 - seret.movie_raters.composite - WARNING - Failed to get rating for Sam and Kate
2024-04-28 02:49:01,697 - seret.movie_raters.composite - WARNING - Failed to get rating for אהבה זה כל העניין
2024-04-28 02:49:01,697 - seret.movie_info_fetchers.composite - INFO - Got info for Sam & Kate using ElasticMovieInfoFetcher
2024-04-28 02:49:02,488 - seret.movie_info_fetchers.composite - INFO - Got info for His Own Room using ElasticMovieInfoFetcher
2024-04-28 02:49:04,090 - seret.movie_info_fetchers.composite - INFO - Got info for The Miracle Club using ElasticMovieInfoFetcher
2024-04-28 02:49:05,202 - seret.movie_info_fetchers.composite - INFO - Got info for The Pot Au Feu using ElasticMovieInfoFetcher
2024-04-28 02:49:06,710 - imdb_api - ERROR - id='tt32126583', movie='American Fiction'
Traceback (most recent call last):
  File "/home/runner/work/Movie-Time-Server/Movie-Time-Server/seret/movie_raters/imdb_api.py", line 67, in get_imdb_rating
    return info["aggregateRating"]['ratingValue']
           ~~~~^^^^^^^^^^^^^^^^^^^
KeyError: 'aggregateRating'
2024-04-28 02:49:06,710 - seret.movie_raters.composite - WARNING - Failed to get rating for American Fiction
2024-04-28 02:49:06,960 - seret.movie_raters.composite - WARNING - Failed to get rating for מעשייה אמריקאית
2024-04-28 02:49:06,960 - seret.movie_info_fetchers.composite - INFO - Got info for American Fiction using ElasticMovieInfoFetcher
2024-04-28 02:49:07,269 - seret.movie_info_fetchers.search_engines_api.composite - WARNING - Failed to search with google: The result parsing was unsuccessful. It is either your query could not be found or it was flagged as unusual traffic
2024-04-28 02:49:07,364 - seret.movie_info_fetchers.search_engines_api.composite - WARNING - Failed to search with bing: The result parsing was unsuccessful. It is either your query could not be found or it was flagged as unusual traffic
2024-04-28 02:49:07,431 - seret.movie_info_fetchers.search_engines_api.composite - WARNING - Failed to search with duckduckgo: The result parsing was unsuccessful. It is either your query could not be found or it was flagged as unusual traffic
2024-04-28 02:49:07,431 - seret.movie_info_fetchers.composite - WARNING - Failed to get info for Challangers
2024-04-28 02:49:08,273 - seret.movie_info_fetchers.composite - INFO - Got info for מתחרים using ElasticMovieInfoFetcher
2024-04-28 02:49:09,287 - seret.movie_info_fetchers.composite - INFO - Got info for Poor Things using ElasticMovieInfoFetcher
2024-04-28 02:49:09,621 - seret.movie_info_fetchers.search_engines_api.composite - WARNING - Failed to search with google: The result parsing was unsuccessful. It is either your query could not be found or it was flagged as unusual traffic
2024-04-28 02:49:09,727 - seret.movie_info_fetchers.search_engines_api.composite - WARNING - Failed to search with bing: The result parsing was unsuccessful. It is either your query could not be found or it was flagged as unusual traffic
2024-04-28 02:49:09,791 - seret.movie_info_fetchers.search_engines_api.composite - WARNING - Failed to search with duckduckgo: The result parsing was unsuccessful. It is either your query could not be found or it was flagged as unusual traffic
2024-04-28 02:49:09,791 - seret.movie_info_fetchers.composite - WARNING - Failed to get info for Dragonkeeper Dubbed
2024-04-28 02:49:10,502 - seret.movie_info_fetchers.composite - INFO - Got info for שומרת הדרקונים using ElasticMovieInfoFetcher
2024-04-28 02:49:11,258 - seret.movie_info_fetchers.composite - INFO - Got info for Migration Dubbed using ElasticMovieInfoFetcher
2024-04-28 02:49:13,278 - seret.movie_info_fetchers.composite - INFO - Got info for White Bird using ElasticMovieInfoFetcher
2024-04-28 02:49:14,120 - seret.movie_info_fetchers.composite - INFO - Got info for Madame Web using ElasticMovieInfoFetcher
2024-04-28 02:49:15,079 - seret.movie_info_fetchers.composite - INFO - Got info for Kong Fu Panda 4 using ElasticMovieInfoFetcher
2024-04-28 02:49:16,603 - seret.movie_info_fetchers.composite - INFO - Got info for Valentina’s Mother - Special Event using ElasticMovieInfoFetcher
2024-04-28 02:49:17,640 - seret.movie_info_fetchers.composite - INFO - Got info for Kung Fu Panda 4 Dubbed using ElasticMovieInfoFetcher
2024-04-28 02:49:19,658 - seret.movie_info_fetchers.composite - INFO - Got info for Special Event using ElasticMovieInfoFetcher
2024-04-28 02:49:19,658 - seret.info_fetcher - ERROR - Failed to get info for 2 movies: [{'date': '28-04-2024', 'cinema': 'יס פלאנט', 'location': 'חיפה', 'district': 'הצפון', 'title': 'המשאלה', 'eng_title': 'Wish', 'type': '2D', 'time': '13:10', 'link': 'https://tickets3.planetcinema.co.il/site/1070?code=1070-45674&languageId=he-IL&saleChannelCode=web', 'coords': (32.7937, 35.0383), 'dubbed': True}, {'date': '28-04-2024', 'cinema': 'סינמה סיטי', 'location': 'כפר סבא', 'district': 'השרון', 'title': 'מופע-המסע אל הקסם הגדול בעולם - לירון איש האווירון וללוש', 'eng_title': '', 'type': '2D', 'time': '11:00', 'link': 'https://tickets.cinema-city.co.il/order/402722', 'coords': (32.1728, 34.9297), 'dubbed': False}]
2024-04-28 02:49:19,751 - root - INFO - 4635
