2025-03-30 03:14:55,955 - root - INFO - ********************
2025-03-30 03:14:55,955 - root - INFO - started checking for:30-03-2025
2025-03-30 03:14:55,955 - cinemas.yes_planet - INFO - STARTED YES PLANET
2025-03-30 03:14:55,955 - cinemas.yes_planet - INFO - STARTED YES PLANET RISHON
2025-03-30 03:14:55,955 - cinemas.yes_planet - INFO - STARTED YES PLANET INIT
2025-03-30 03:14:57,114 - cinemas.yes_planet - INFO - DONE YES PLANET RISHON
2025-03-30 03:14:57,114 - cinemas.yes_planet - INFO - STARTED YES PLANET AYALON
2025-03-30 03:14:57,114 - cinemas.yes_planet - INFO - STARTED YES PLANET INIT
2025-03-30 03:14:57,664 - cinemas.yes_planet - INFO - DONE YES PLANET AYALON
2025-03-30 03:14:57,665 - cinemas.yes_planet - INFO - STARTED YES PLANET ZICHRON
2025-03-30 03:14:57,665 - cinemas.yes_planet - INFO - STARTED YES PLANET INIT
2025-03-30 03:14:58,225 - cinemas.yes_planet - INFO - DONE YES PLANET ZICHRON
2025-03-30 03:14:58,226 - cinemas.yes_planet - INFO - STARTED YES PLANET HAIFA
2025-03-30 03:14:58,226 - cinemas.yes_planet - INFO - STARTED YES PLANET INIT
2025-03-30 03:14:58,764 - cinemas.yes_planet - INFO - DONE YES PLANET HAIFA
2025-03-30 03:14:58,764 - cinemas.yes_planet - INFO - STARTED YES PLANET JERUSALEM
2025-03-30 03:14:58,764 - cinemas.yes_planet - INFO - STARTED YES PLANET INIT
2025-03-30 03:14:59,316 - cinemas.yes_planet - INFO - DONE YES PLANET JERUSALEM
2025-03-30 03:14:59,316 - cinemas.yes_planet - INFO - STARTED YES PLANET BEER_SHEVA
2025-03-30 03:14:59,316 - cinemas.yes_planet - INFO - STARTED YES PLANET INIT
2025-03-30 03:14:59,851 - cinemas.yes_planet - INFO - DONE YES PLANET BEER_SHEVA
2025-03-30 03:14:59,851 - cinemas.yes_planet - INFO - DONE YES PLANET
2025-03-30 03:14:59,851 - retry.api - WARNING - AssertionError: yes planet returned empty list in __main__.unsafe_get_screenings_from_cinema, retrying in 1 seconds...
2025-03-30 03:15:00,852 - cinemas.yes_planet - INFO - STARTED YES PLANET
2025-03-30 03:15:00,852 - cinemas.yes_planet - INFO - STARTED YES PLANET RISHON
2025-03-30 03:15:00,852 - cinemas.yes_planet - INFO - STARTED YES PLANET INIT
2025-03-30 03:15:01,542 - cinemas.yes_planet - INFO - DONE YES PLANET RISHON
2025-03-30 03:15:01,542 - cinemas.yes_planet - INFO - STARTED YES PLANET AYALON
2025-03-30 03:15:01,542 - cinemas.yes_planet - INFO - STARTED YES PLANET INIT
2025-03-30 03:15:02,086 - cinemas.yes_planet - INFO - DONE YES PLANET AYALON
2025-03-30 03:15:02,086 - cinemas.yes_planet - INFO - STARTED YES PLANET ZICHRON
2025-03-30 03:15:02,086 - cinemas.yes_planet - INFO - STARTED YES PLANET INIT
2025-03-30 03:15:02,618 - cinemas.yes_planet - INFO - DONE YES PLANET ZICHRON
2025-03-30 03:15:02,618 - cinemas.yes_planet - INFO - STARTED YES PLANET HAIFA
2025-03-30 03:15:02,618 - cinemas.yes_planet - INFO - STARTED YES PLANET INIT
2025-03-30 03:15:03,165 - cinemas.yes_planet - INFO - DONE YES PLANET HAIFA
2025-03-30 03:15:03,165 - cinemas.yes_planet - INFO - STARTED YES PLANET JERUSALEM
2025-03-30 03:15:03,165 - cinemas.yes_planet - INFO - STARTED YES PLANET INIT
2025-03-30 03:15:03,709 - cinemas.yes_planet - INFO - DONE YES PLANET JERUSALEM
2025-03-30 03:15:03,709 - cinemas.yes_planet - INFO - STARTED YES PLANET BEER_SHEVA
2025-03-30 03:15:03,710 - cinemas.yes_planet - INFO - STARTED YES PLANET INIT
2025-03-30 03:15:04,259 - cinemas.yes_planet - INFO - DONE YES PLANET BEER_SHEVA
2025-03-30 03:15:04,259 - cinemas.yes_planet - INFO - DONE YES PLANET
2025-03-30 03:15:04,259 - retry.api - WARNING - AssertionError: yes planet returned empty list in __main__.unsafe_get_screenings_from_cinema, retrying in 2 seconds...
2025-03-30 03:15:06,259 - cinemas.yes_planet - INFO - STARTED YES PLANET
2025-03-30 03:15:06,259 - cinemas.yes_planet - INFO - STARTED YES PLANET RISHON
2025-03-30 03:15:06,260 - cinemas.yes_planet - INFO - STARTED YES PLANET INIT
2025-03-30 03:15:06,950 - cinemas.yes_planet - INFO - DONE YES PLANET RISHON
2025-03-30 03:15:06,950 - cinemas.yes_planet - INFO - STARTED YES PLANET AYALON
2025-03-30 03:15:06,950 - cinemas.yes_planet - INFO - STARTED YES PLANET INIT
2025-03-30 03:15:07,488 - cinemas.yes_planet - INFO - DONE YES PLANET AYALON
2025-03-30 03:15:07,488 - cinemas.yes_planet - INFO - STARTED YES PLANET ZICHRON
2025-03-30 03:15:07,488 - cinemas.yes_planet - INFO - STARTED YES PLANET INIT
2025-03-30 03:15:08,025 - cinemas.yes_planet - INFO - DONE YES PLANET ZICHRON
2025-03-30 03:15:08,025 - cinemas.yes_planet - INFO - STARTED YES PLANET HAIFA
2025-03-30 03:15:08,025 - cinemas.yes_planet - INFO - STARTED YES PLANET INIT
2025-03-30 03:15:08,580 - cinemas.yes_planet - INFO - DONE YES PLANET HAIFA
2025-03-30 03:15:08,580 - cinemas.yes_planet - INFO - STARTED YES PLANET JERUSALEM
2025-03-30 03:15:08,580 - cinemas.yes_planet - INFO - STARTED YES PLANET INIT
2025-03-30 03:15:09,127 - cinemas.yes_planet - INFO - DONE YES PLANET JERUSALEM
2025-03-30 03:15:09,127 - cinemas.yes_planet - INFO - STARTED YES PLANET BEER_SHEVA
2025-03-30 03:15:09,127 - cinemas.yes_planet - INFO - STARTED YES PLANET INIT
2025-03-30 03:15:09,666 - cinemas.yes_planet - INFO - DONE YES PLANET BEER_SHEVA
2025-03-30 03:15:09,667 - cinemas.yes_planet - INFO - DONE YES PLANET
2025-03-30 03:15:09,667 - root - ERROR - yes planet crashed: yes planet returned empty list
2025-03-30 03:15:09,667 - cinemas.rav_hen - INFO - STARTED RAV HEN
2025-03-30 03:15:09,667 - cinemas.rav_hen - INFO - STARTED RAV HEN GIVATAIM
2025-03-30 03:15:20,078 - cinemas.rav_hen - INFO - DONE RAV HEN GIVATAIM
2025-03-30 03:15:20,078 - cinemas.rav_hen - INFO - STARTED RAV HEN DIZINGOF
2025-03-30 03:15:21,654 - cinemas.rav_hen - INFO - DONE RAV HEN DIZINGOF
2025-03-30 03:15:21,654 - cinemas.rav_hen - INFO - STARTED RAV HEN MODIIN
2025-03-30 03:15:22,301 - cinemas.rav_hen - INFO - DONE RAV HEN MODIIN
2025-03-30 03:15:22,301 - cinemas.rav_hen - INFO - STARTED RAV HEN KIRYAT_ONO
2025-03-30 03:15:25,770 - cinemas.rav_hen - INFO - DONE RAV HEN KIRYAT_ONO
2025-03-30 03:15:25,771 - cinemas.rav_hen - INFO - DONE RAV HEN
2025-03-30 03:15:25,771 - cinemas.hot_cinema - INFO - STARTED HOT CINEMA
2025-03-30 03:15:25,771 - cinemas.hot_cinema - INFO - STARTED HOT CINEMA MODIIN
2025-03-30 03:15:39,559 - cinemas.hot_cinema - INFO - DONE HOT CINEMA MODIIN
2025-03-30 03:15:39,559 - cinemas.hot_cinema - INFO - STARTED HOT CINEMA KIRYON
2025-03-30 03:15:48,772 - cinemas.hot_cinema - INFO - DONE HOT CINEMA KIRYON
2025-03-30 03:15:48,772 - cinemas.hot_cinema - INFO - STARTED HOT CINEMA KFAR_SABBA
2025-03-30 03:15:50,997 - cinemas.hot_cinema - INFO - DONE HOT CINEMA KFAR_SABBA
2025-03-30 03:15:50,997 - cinemas.hot_cinema - INFO - STARTED HOT CINEMA HAIFA
2025-03-30 03:15:53,952 - cinemas.hot_cinema - INFO - DONE HOT CINEMA HAIFA
2025-03-30 03:15:53,952 - cinemas.hot_cinema - INFO - STARTED HOT CINEMA PETACH_TIKVA
2025-03-30 03:15:54,156 - cinemas.hot_cinema - INFO - DONE HOT CINEMA PETACH_TIKVA
2025-03-30 03:15:54,156 - cinemas.hot_cinema - INFO - STARTED HOT CINEMA RECHOVOT
2025-03-30 03:15:55,022 - cinemas.hot_cinema - INFO - DONE HOT CINEMA RECHOVOT
2025-03-30 03:15:55,022 - cinemas.hot_cinema - INFO - STARTED HOT CINEMA ASHKELON
2025-03-30 03:15:55,224 - cinemas.hot_cinema - INFO - DONE HOT CINEMA ASHKELON
2025-03-30 03:15:55,224 - cinemas.hot_cinema - INFO - STARTED HOT CINEMA KARMIEL
2025-03-30 03:15:55,426 - cinemas.hot_cinema - INFO - DONE HOT CINEMA KARMIEL
2025-03-30 03:15:55,426 - cinemas.hot_cinema - INFO - STARTED HOT CINEMA NAHARIA
2025-03-30 03:15:55,627 - cinemas.hot_cinema - INFO - DONE HOT CINEMA NAHARIA
2025-03-30 03:15:55,627 - cinemas.hot_cinema - INFO - STARTED HOT CINEMA ASHDOD
2025-03-30 03:15:55,828 - cinemas.hot_cinema - INFO - DONE HOT CINEMA ASHDOD
2025-03-30 03:15:55,828 - cinemas.hot_cinema - INFO - DONE HOT CINEMA
2025-03-30 03:15:55,828 - cinemas.cinema_city - INFO - STARTED CINEMA CITY
2025-03-30 03:16:04,862 - proxy - INFO - Proxy: {'YourFuckingIPAddress': '77.91.69.236', 'YourFuckingLocation': 'Tel Aviv, TA, Israel', 'YourFuckingHostname': 'static.236.69.91.77.ip.webhost1.net', 'YourFuckingISP': 'CLOUD LEASE Ltd', 'YourFuckingTorExit': False, 'YourFuckingCity': 'Tel Aviv', 'YourFuckingCountry': 'Israel', 'YourFuckingCountryCode': 'IL'}
2025-03-30 03:16:04,863 - cinemas.cinema_city - INFO - STARTED CINEMA CITY GLILOT
2025-03-30 03:18:02,316 - cinemas.cinema_city - INFO - DONE CINEMA CITY GLILOT
2025-03-30 03:18:02,317 - cinemas.cinema_city - INFO - STARTED CINEMA CITY RISHON
2025-03-30 03:18:13,938 - cinemas.cinema_city - INFO - DONE CINEMA CITY RISHON
2025-03-30 03:18:13,939 - cinemas.cinema_city - INFO - STARTED CINEMA CITY JERUSALEM
2025-03-30 03:18:23,565 - cinemas.cinema_city - INFO - DONE CINEMA CITY JERUSALEM
2025-03-30 03:18:23,565 - cinemas.cinema_city - INFO - STARTED CINEMA CITY KFAR_SABBA
2025-03-30 03:18:24,845 - cinemas.cinema_city - INFO - DONE CINEMA CITY KFAR_SABBA
2025-03-30 03:18:24,845 - cinemas.cinema_city - INFO - STARTED CINEMA CITY NATANIA
2025-03-30 03:18:26,513 - cinemas.cinema_city - INFO - DONE CINEMA CITY NATANIA
2025-03-30 03:18:26,513 - cinemas.cinema_city - INFO - STARTED CINEMA CITY BEER_SHEVA
2025-03-30 03:18:28,106 - cinemas.cinema_city - INFO - DONE CINEMA CITY BEER_SHEVA
2025-03-30 03:18:28,106 - cinemas.cinema_city - INFO - STARTED CINEMA CITY HADERA
2025-03-30 03:18:29,642 - cinemas.cinema_city - INFO - DONE CINEMA CITY HADERA
2025-03-30 03:18:29,642 - cinemas.cinema_city - INFO - STARTED CINEMA CITY ASHDOD
2025-03-30 03:18:30,999 - cinemas.cinema_city - WARNING - error while getting movie info:
Traceback (most recent call last):
  File "/home/runner/work/Movie-Time-Server/Movie-Time-Server/cinemas/cinema_city.py", line 123, in get_by_location
    for movie in res.json():
                 ^^^^^^^^^^
  File "/home/runner/work/Movie-Time-Server/Movie-Time-Server/proxy.py", line 18, in json
    return json.loads(self.pre)
           ^^^^^^^^^^^^^^^^^^^^
  File "/opt/hostedtoolcache/Python/3.11.11/x64/lib/python3.11/json/__init__.py", line 339, in loads
    raise TypeError(f'the JSON object must be str, bytes or bytearray, '
TypeError: the JSON object must be str, bytes or bytearray, not NoneType
2025-03-30 03:18:31,036 - cinemas.cinema_city - INFO - DONE CINEMA CITY ASHDOD
2025-03-30 03:18:31,118 - proxy - INFO - Proxy removed
2025-03-30 03:18:31,119 - cinemas.cinema_city - INFO - DONE CINEMA CITY
2025-03-30 03:18:31,119 - cinemas.lev - INFO - STARTED LEV
2025-03-30 03:18:32,734 - proxy - INFO - Proxy: {'YourFuckingIPAddress': '77.91.69.236', 'YourFuckingLocation': 'Tel Aviv, TA, Israel', 'YourFuckingHostname': 'static.236.69.91.77.ip.webhost1.net', 'YourFuckingISP': 'CLOUD LEASE Ltd', 'YourFuckingTorExit': False, 'YourFuckingCity': 'Tel Aviv', 'YourFuckingCountry': 'Israel', 'YourFuckingCountryCode': 'IL'}
2025-03-30 03:18:32,734 - cinemas.lev - INFO - STARTED LEV TEL_AVIV
2025-03-30 03:18:34,189 - cinemas.lev - INFO - DONE LEV TEL_AVIV
2025-03-30 03:18:34,189 - cinemas.lev - INFO - STARTED LEV RAMAT_HASHARON
2025-03-30 03:18:34,709 - cinemas.lev - INFO - DONE LEV RAMAT_HASHARON
2025-03-30 03:18:34,709 - cinemas.lev - INFO - STARTED LEV MANDARIN
2025-03-30 03:18:35,246 - cinemas.lev - INFO - DONE LEV MANDARIN
2025-03-30 03:18:35,246 - cinemas.lev - INFO - STARTED LEV EVEN_YEHUDA
2025-03-30 03:18:35,657 - cinemas.lev - INFO - DONE LEV EVEN_YEHUDA
2025-03-30 03:18:35,657 - cinemas.lev - INFO - STARTED LEV SMADAR
2025-03-30 03:18:36,187 - cinemas.lev - INFO - DONE LEV SMADAR
2025-03-30 03:18:36,187 - cinemas.lev - INFO - STARTED LEV RAANANA
2025-03-30 03:18:36,713 - cinemas.lev - INFO - DONE LEV RAANANA
2025-03-30 03:18:36,714 - cinemas.lev - INFO - STARTED LEV OMER
2025-03-30 03:18:37,119 - cinemas.lev - INFO - DONE LEV OMER
2025-03-30 03:18:37,120 - cinemas.lev - INFO - STARTED LEV SHOHAM
2025-03-30 03:18:37,663 - cinemas.lev - INFO - DONE LEV SHOHAM
2025-03-30 03:18:37,663 - cinemas.lev - INFO - STARTED LEV DANIEL
2025-03-30 03:18:38,216 - cinemas.lev - INFO - DONE LEV DANIEL
2025-03-30 03:18:38,275 - proxy - INFO - Proxy removed
2025-03-30 03:18:38,275 - cinemas.lev - INFO - DONE LEV
2025-03-30 03:18:38,275 - cinemas.movieland - INFO - STARTED Movie Land
2025-03-30 03:18:38,275 - cinemas.movieland - INFO - STARTED Movie Land CARMIEL
2025-03-30 03:18:45,143 - cinemas.movieland - INFO - DONE Movie Land CARMIEL
2025-03-30 03:18:45,144 - cinemas.movieland - INFO - STARTED Movie Land HAIFA
2025-03-30 03:18:45,802 - cinemas.movieland - INFO - DONE Movie Land HAIFA
2025-03-30 03:18:45,803 - cinemas.movieland - INFO - STARTED Movie Land NATANYA
2025-03-30 03:18:47,436 - cinemas.movieland - INFO - DONE Movie Land NATANYA
2025-03-30 03:18:47,436 - cinemas.movieland - INFO - DONE Movie Land
2025-03-30 03:18:47,436 - root - INFO - ********************
2025-03-30 03:18:47,436 - root - INFO - started checking for:31-03-2025
2025-03-30 03:18:47,436 - cinemas.yes_planet - INFO - STARTED YES PLANET
2025-03-30 03:18:47,436 - cinemas.yes_planet - INFO - STARTED YES PLANET RISHON
2025-03-30 03:18:47,436 - cinemas.yes_planet - INFO - STARTED YES PLANET INIT
2025-03-30 03:18:48,413 - cinemas.yes_planet - INFO - DONE YES PLANET RISHON
2025-03-30 03:18:48,413 - cinemas.yes_planet - INFO - STARTED YES PLANET AYALON
2025-03-30 03:18:48,413 - cinemas.yes_planet - INFO - STARTED YES PLANET INIT
2025-03-30 03:18:48,930 - cinemas.yes_planet - INFO - DONE YES PLANET AYALON
2025-03-30 03:18:48,930 - cinemas.yes_planet - INFO - STARTED YES PLANET ZICHRON
2025-03-30 03:18:48,930 - cinemas.yes_planet - INFO - STARTED YES PLANET INIT
2025-03-30 03:18:49,454 - cinemas.yes_planet - INFO - DONE YES PLANET ZICHRON
2025-03-30 03:18:49,454 - cinemas.yes_planet - INFO - STARTED YES PLANET HAIFA
2025-03-30 03:18:49,454 - cinemas.yes_planet - INFO - STARTED YES PLANET INIT
2025-03-30 03:18:50,055 - cinemas.yes_planet - INFO - DONE YES PLANET HAIFA
2025-03-30 03:18:50,055 - cinemas.yes_planet - INFO - STARTED YES PLANET JERUSALEM
2025-03-30 03:18:50,055 - cinemas.yes_planet - INFO - STARTED YES PLANET INIT
2025-03-30 03:18:50,733 - cinemas.yes_planet - INFO - DONE YES PLANET JERUSALEM
2025-03-30 03:18:50,733 - cinemas.yes_planet - INFO - STARTED YES PLANET BEER_SHEVA
2025-03-30 03:18:50,733 - cinemas.yes_planet - INFO - STARTED YES PLANET INIT
2025-03-30 03:18:51,267 - cinemas.yes_planet - INFO - DONE YES PLANET BEER_SHEVA
2025-03-30 03:18:51,267 - cinemas.yes_planet - INFO - DONE YES PLANET
2025-03-30 03:18:51,267 - retry.api - WARNING - AssertionError: yes planet returned empty list in __main__.unsafe_get_screenings_from_cinema, retrying in 1 seconds...
2025-03-30 03:18:52,268 - cinemas.yes_planet - INFO - STARTED YES PLANET
2025-03-30 03:18:52,268 - cinemas.yes_planet - INFO - STARTED YES PLANET RISHON
2025-03-30 03:18:52,268 - cinemas.yes_planet - INFO - STARTED YES PLANET INIT
2025-03-30 03:18:52,926 - cinemas.yes_planet - INFO - DONE YES PLANET RISHON
2025-03-30 03:18:52,926 - cinemas.yes_planet - INFO - STARTED YES PLANET AYALON
2025-03-30 03:18:52,927 - cinemas.yes_planet - INFO - STARTED YES PLANET INIT
2025-03-30 03:18:53,441 - cinemas.yes_planet - INFO - DONE YES PLANET AYALON
2025-03-30 03:18:53,441 - cinemas.yes_planet - INFO - STARTED YES PLANET ZICHRON
2025-03-30 03:18:53,441 - cinemas.yes_planet - INFO - STARTED YES PLANET INIT
2025-03-30 03:18:53,970 - cinemas.yes_planet - INFO - DONE YES PLANET ZICHRON
2025-03-30 03:18:53,970 - cinemas.yes_planet - INFO - STARTED YES PLANET HAIFA
2025-03-30 03:18:53,970 - cinemas.yes_planet - INFO - STARTED YES PLANET INIT
2025-03-30 03:18:54,487 - cinemas.yes_planet - INFO - DONE YES PLANET HAIFA
2025-03-30 03:18:54,488 - cinemas.yes_planet - INFO - STARTED YES PLANET JERUSALEM
2025-03-30 03:18:54,488 - cinemas.yes_planet - INFO - STARTED YES PLANET INIT
2025-03-30 03:18:55,004 - cinemas.yes_planet - INFO - DONE YES PLANET JERUSALEM
2025-03-30 03:18:55,004 - cinemas.yes_planet - INFO - STARTED YES PLANET BEER_SHEVA
2025-03-30 03:18:55,005 - cinemas.yes_planet - INFO - STARTED YES PLANET INIT
2025-03-30 03:18:55,530 - cinemas.yes_planet - INFO - DONE YES PLANET BEER_SHEVA
2025-03-30 03:18:55,530 - cinemas.yes_planet - INFO - DONE YES PLANET
2025-03-30 03:18:55,530 - retry.api - WARNING - AssertionError: yes planet returned empty list in __main__.unsafe_get_screenings_from_cinema, retrying in 2 seconds...
2025-03-30 03:18:57,530 - cinemas.yes_planet - INFO - STARTED YES PLANET
2025-03-30 03:18:57,531 - cinemas.yes_planet - INFO - STARTED YES PLANET RISHON
2025-03-30 03:18:57,531 - cinemas.yes_planet - INFO - STARTED YES PLANET INIT
2025-03-30 03:18:58,191 - cinemas.yes_planet - INFO - DONE YES PLANET RISHON
2025-03-30 03:18:58,191 - cinemas.yes_planet - INFO - STARTED YES PLANET AYALON
2025-03-30 03:18:58,191 - cinemas.yes_planet - INFO - STARTED YES PLANET INIT
2025-03-30 03:18:58,710 - cinemas.yes_planet - INFO - DONE YES PLANET AYALON
2025-03-30 03:18:58,710 - cinemas.yes_planet - INFO - STARTED YES PLANET ZICHRON
2025-03-30 03:18:58,710 - cinemas.yes_planet - INFO - STARTED YES PLANET INIT
2025-03-30 03:18:59,269 - cinemas.yes_planet - INFO - DONE YES PLANET ZICHRON
2025-03-30 03:18:59,269 - cinemas.yes_planet - INFO - STARTED YES PLANET HAIFA
2025-03-30 03:18:59,269 - cinemas.yes_planet - INFO - STARTED YES PLANET INIT
2025-03-30 03:18:59,786 - cinemas.yes_planet - INFO - DONE YES PLANET HAIFA
2025-03-30 03:18:59,786 - cinemas.yes_planet - INFO - STARTED YES PLANET JERUSALEM
2025-03-30 03:18:59,786 - cinemas.yes_planet - INFO - STARTED YES PLANET INIT
2025-03-30 03:19:00,314 - cinemas.yes_planet - INFO - DONE YES PLANET JERUSALEM
2025-03-30 03:19:00,314 - cinemas.yes_planet - INFO - STARTED YES PLANET BEER_SHEVA
2025-03-30 03:19:00,314 - cinemas.yes_planet - INFO - STARTED YES PLANET INIT
2025-03-30 03:19:00,827 - cinemas.yes_planet - INFO - DONE YES PLANET BEER_SHEVA
2025-03-30 03:19:00,827 - cinemas.yes_planet - INFO - DONE YES PLANET
2025-03-30 03:19:00,827 - root - ERROR - yes planet crashed: yes planet returned empty list
2025-03-30 03:19:00,827 - cinemas.rav_hen - INFO - STARTED RAV HEN
2025-03-30 03:19:00,827 - cinemas.rav_hen - INFO - STARTED RAV HEN GIVATAIM
2025-03-30 03:19:01,729 - cinemas.rav_hen - INFO - DONE RAV HEN GIVATAIM
2025-03-30 03:19:01,729 - cinemas.rav_hen - INFO - STARTED RAV HEN DIZINGOF
2025-03-30 03:19:02,335 - cinemas.rav_hen - INFO - DONE RAV HEN DIZINGOF
2025-03-30 03:19:02,335 - cinemas.rav_hen - INFO - STARTED RAV HEN MODIIN
2025-03-30 03:19:02,954 - cinemas.rav_hen - INFO - DONE RAV HEN MODIIN
2025-03-30 03:19:02,954 - cinemas.rav_hen - INFO - STARTED RAV HEN KIRYAT_ONO
2025-03-30 03:19:03,809 - cinemas.rav_hen - INFO - DONE RAV HEN KIRYAT_ONO
2025-03-30 03:19:03,809 - cinemas.rav_hen - INFO - DONE RAV HEN
2025-03-30 03:19:03,809 - cinemas.hot_cinema - INFO - STARTED HOT CINEMA
2025-03-30 03:19:03,809 - cinemas.hot_cinema - INFO - STARTED HOT CINEMA MODIIN
2025-03-30 03:19:06,293 - cinemas.hot_cinema - INFO - DONE HOT CINEMA MODIIN
2025-03-30 03:19:06,293 - cinemas.hot_cinema - INFO - STARTED HOT CINEMA KIRYON
2025-03-30 03:19:08,521 - cinemas.hot_cinema - INFO - DONE HOT CINEMA KIRYON
2025-03-30 03:19:08,521 - cinemas.hot_cinema - INFO - STARTED HOT CINEMA KFAR_SABBA
2025-03-30 03:19:10,050 - cinemas.hot_cinema - INFO - DONE HOT CINEMA KFAR_SABBA
2025-03-30 03:19:10,050 - cinemas.hot_cinema - INFO - STARTED HOT CINEMA HAIFA
2025-03-30 03:19:10,257 - cinemas.hot_cinema - INFO - DONE HOT CINEMA HAIFA
2025-03-30 03:19:10,257 - cinemas.hot_cinema - INFO - STARTED HOT CINEMA PETACH_TIKVA
2025-03-30 03:19:11,134 - cinemas.hot_cinema - INFO - DONE HOT CINEMA PETACH_TIKVA
2025-03-30 03:19:11,134 - cinemas.hot_cinema - INFO - STARTED HOT CINEMA RECHOVOT
2025-03-30 03:19:11,338 - cinemas.hot_cinema - INFO - DONE HOT CINEMA RECHOVOT
2025-03-30 03:19:11,338 - cinemas.hot_cinema - INFO - STARTED HOT CINEMA ASHKELON
2025-03-30 03:19:12,215 - cinemas.hot_cinema - INFO - DONE HOT CINEMA ASHKELON
2025-03-30 03:19:12,216 - cinemas.hot_cinema - INFO - STARTED HOT CINEMA KARMIEL
2025-03-30 03:19:12,419 - cinemas.hot_cinema - INFO - DONE HOT CINEMA KARMIEL
2025-03-30 03:19:12,419 - cinemas.hot_cinema - INFO - STARTED HOT CINEMA NAHARIA
2025-03-30 03:19:12,621 - cinemas.hot_cinema - INFO - DONE HOT CINEMA NAHARIA
2025-03-30 03:19:12,621 - cinemas.hot_cinema - INFO - STARTED HOT CINEMA ASHDOD
2025-03-30 03:19:12,824 - cinemas.hot_cinema - INFO - DONE HOT CINEMA ASHDOD
2025-03-30 03:19:12,824 - cinemas.hot_cinema - INFO - DONE HOT CINEMA
2025-03-30 03:19:12,824 - cinemas.cinema_city - INFO - STARTED CINEMA CITY
2025-03-30 03:19:14,347 - proxy - INFO - Proxy: {'YourFuckingIPAddress': '77.91.69.236', 'YourFuckingLocation': 'Tel Aviv, TA, Israel', 'YourFuckingHostname': 'static.236.69.91.77.ip.webhost1.net', 'YourFuckingISP': 'CLOUD LEASE Ltd', 'YourFuckingTorExit': False, 'YourFuckingCity': 'Tel Aviv', 'YourFuckingCountry': 'Israel', 'YourFuckingCountryCode': 'IL'}
2025-03-30 03:19:14,347 - cinemas.cinema_city - INFO - STARTED CINEMA CITY GLILOT
2025-03-30 03:19:16,468 - cinemas.cinema_city - INFO - DONE CINEMA CITY GLILOT
2025-03-30 03:19:16,468 - cinemas.cinema_city - INFO - STARTED CINEMA CITY RISHON
2025-03-30 03:19:33,448 - cinemas.cinema_city - INFO - DONE CINEMA CITY RISHON
2025-03-30 03:19:33,448 - cinemas.cinema_city - INFO - STARTED CINEMA CITY JERUSALEM
2025-03-30 03:19:34,819 - cinemas.cinema_city - INFO - DONE CINEMA CITY JERUSALEM
2025-03-30 03:19:34,819 - cinemas.cinema_city - INFO - STARTED CINEMA CITY KFAR_SABBA
2025-03-30 03:19:41,739 - cinemas.cinema_city - INFO - DONE CINEMA CITY KFAR_SABBA
2025-03-30 03:19:41,739 - cinemas.cinema_city - INFO - STARTED CINEMA CITY NATANIA
2025-03-30 03:19:43,154 - cinemas.cinema_city - INFO - DONE CINEMA CITY NATANIA
2025-03-30 03:19:43,154 - cinemas.cinema_city - INFO - STARTED CINEMA CITY BEER_SHEVA
2025-03-30 03:19:44,731 - cinemas.cinema_city - INFO - DONE CINEMA CITY BEER_SHEVA
2025-03-30 03:19:44,731 - cinemas.cinema_city - INFO - STARTED CINEMA CITY HADERA
2025-03-30 03:19:46,322 - cinemas.cinema_city - INFO - DONE CINEMA CITY HADERA
2025-03-30 03:19:46,322 - cinemas.cinema_city - INFO - STARTED CINEMA CITY ASHDOD
2025-03-30 03:19:51,604 - cinemas.cinema_city - WARNING - error while getting movie info:
Traceback (most recent call last):
  File "/home/runner/work/Movie-Time-Server/Movie-Time-Server/cinemas/cinema_city.py", line 123, in get_by_location
    for movie in res.json():
                 ^^^^^^^^^^
  File "/home/runner/work/Movie-Time-Server/Movie-Time-Server/proxy.py", line 18, in json
    return json.loads(self.pre)
           ^^^^^^^^^^^^^^^^^^^^
  File "/opt/hostedtoolcache/Python/3.11.11/x64/lib/python3.11/json/__init__.py", line 339, in loads
    raise TypeError(f'the JSON object must be str, bytes or bytearray, '
TypeError: the JSON object must be str, bytes or bytearray, not NoneType
2025-03-30 03:19:51,605 - cinemas.cinema_city - INFO - DONE CINEMA CITY ASHDOD
2025-03-30 03:19:51,675 - proxy - INFO - Proxy removed
2025-03-30 03:19:51,675 - cinemas.cinema_city - INFO - DONE CINEMA CITY
2025-03-30 03:19:51,675 - cinemas.lev - INFO - STARTED LEV
2025-03-30 03:19:53,429 - proxy - INFO - Proxy: {'YourFuckingIPAddress': '77.91.69.236', 'YourFuckingLocation': 'Tel Aviv, TA, Israel', 'YourFuckingHostname': 'static.236.69.91.77.ip.webhost1.net', 'YourFuckingISP': 'CLOUD LEASE Ltd', 'YourFuckingTorExit': False, 'YourFuckingCity': 'Tel Aviv', 'YourFuckingCountry': 'Israel', 'YourFuckingCountryCode': 'IL'}
2025-03-30 03:19:53,430 - cinemas.lev - INFO - STARTED LEV TEL_AVIV
2025-03-30 03:19:54,624 - cinemas.lev - INFO - DONE LEV TEL_AVIV
2025-03-30 03:19:54,625 - cinemas.lev - INFO - STARTED LEV RAMAT_HASHARON
2025-03-30 03:19:55,053 - cinemas.lev - INFO - DONE LEV RAMAT_HASHARON
2025-03-30 03:19:55,053 - cinemas.lev - INFO - STARTED LEV MANDARIN
2025-03-30 03:19:55,614 - cinemas.lev - INFO - DONE LEV MANDARIN
2025-03-30 03:19:55,614 - cinemas.lev - INFO - STARTED LEV EVEN_YEHUDA
2025-03-30 03:19:56,018 - cinemas.lev - INFO - DONE LEV EVEN_YEHUDA
2025-03-30 03:19:56,018 - cinemas.lev - INFO - STARTED LEV SMADAR
2025-03-30 03:19:56,551 - cinemas.lev - INFO - DONE LEV SMADAR
2025-03-30 03:19:56,551 - cinemas.lev - INFO - STARTED LEV RAANANA
2025-03-30 03:19:57,079 - cinemas.lev - INFO - DONE LEV RAANANA
2025-03-30 03:19:57,079 - cinemas.lev - INFO - STARTED LEV OMER
2025-03-30 03:19:57,443 - cinemas.lev - INFO - DONE LEV OMER
2025-03-30 03:19:57,443 - cinemas.lev - INFO - STARTED LEV SHOHAM
2025-03-30 03:19:57,986 - cinemas.lev - INFO - DONE LEV SHOHAM
2025-03-30 03:19:57,986 - cinemas.lev - INFO - STARTED LEV DANIEL
2025-03-30 03:19:58,540 - cinemas.lev - INFO - DONE LEV DANIEL
2025-03-30 03:19:58,599 - proxy - INFO - Proxy removed
2025-03-30 03:19:58,599 - cinemas.lev - INFO - DONE LEV
2025-03-30 03:19:58,599 - cinemas.movieland - INFO - STARTED Movie Land
2025-03-30 03:19:58,599 - cinemas.movieland - INFO - STARTED Movie Land CARMIEL
2025-03-30 03:19:58,920 - cinemas.movieland - INFO - DONE Movie Land CARMIEL
2025-03-30 03:19:58,920 - cinemas.movieland - INFO - STARTED Movie Land HAIFA
2025-03-30 03:19:59,236 - cinemas.movieland - INFO - DONE Movie Land HAIFA
2025-03-30 03:19:59,236 - cinemas.movieland - INFO - STARTED Movie Land NATANYA
2025-03-30 03:19:59,562 - cinemas.movieland - INFO - DONE Movie Land NATANYA
2025-03-30 03:19:59,562 - cinemas.movieland - INFO - DONE Movie Land
2025-03-30 03:19:59,562 - root - INFO - ********************
2025-03-30 03:19:59,562 - root - INFO - started checking for:01-04-2025
2025-03-30 03:19:59,562 - cinemas.yes_planet - INFO - STARTED YES PLANET
2025-03-30 03:19:59,562 - cinemas.yes_planet - INFO - STARTED YES PLANET RISHON
2025-03-30 03:19:59,562 - cinemas.yes_planet - INFO - STARTED YES PLANET INIT
2025-03-30 03:20:00,290 - cinemas.yes_planet - INFO - DONE YES PLANET RISHON
2025-03-30 03:20:00,290 - cinemas.yes_planet - INFO - STARTED YES PLANET AYALON
2025-03-30 03:20:00,290 - cinemas.yes_planet - INFO - STARTED YES PLANET INIT
2025-03-30 03:20:00,824 - cinemas.yes_planet - INFO - DONE YES PLANET AYALON
2025-03-30 03:20:00,824 - cinemas.yes_planet - INFO - STARTED YES PLANET ZICHRON
2025-03-30 03:20:00,824 - cinemas.yes_planet - INFO - STARTED YES PLANET INIT
2025-03-30 03:20:01,353 - cinemas.yes_planet - INFO - DONE YES PLANET ZICHRON
2025-03-30 03:20:01,353 - cinemas.yes_planet - INFO - STARTED YES PLANET HAIFA
2025-03-30 03:20:01,354 - cinemas.yes_planet - INFO - STARTED YES PLANET INIT
2025-03-30 03:20:01,891 - cinemas.yes_planet - INFO - DONE YES PLANET HAIFA
2025-03-30 03:20:01,891 - cinemas.yes_planet - INFO - STARTED YES PLANET JERUSALEM
2025-03-30 03:20:01,891 - cinemas.yes_planet - INFO - STARTED YES PLANET INIT
2025-03-30 03:20:02,415 - cinemas.yes_planet - INFO - DONE YES PLANET JERUSALEM
2025-03-30 03:20:02,415 - cinemas.yes_planet - INFO - STARTED YES PLANET BEER_SHEVA
2025-03-30 03:20:02,415 - cinemas.yes_planet - INFO - STARTED YES PLANET INIT
2025-03-30 03:20:02,942 - cinemas.yes_planet - INFO - DONE YES PLANET BEER_SHEVA
2025-03-30 03:20:02,942 - cinemas.yes_planet - INFO - DONE YES PLANET
2025-03-30 03:20:02,942 - retry.api - WARNING - AssertionError: yes planet returned empty list in __main__.unsafe_get_screenings_from_cinema, retrying in 1 seconds...
2025-03-30 03:20:03,942 - cinemas.yes_planet - INFO - STARTED YES PLANET
2025-03-30 03:20:03,942 - cinemas.yes_planet - INFO - STARTED YES PLANET RISHON
2025-03-30 03:20:03,942 - cinemas.yes_planet - INFO - STARTED YES PLANET INIT
2025-03-30 03:20:04,604 - cinemas.yes_planet - INFO - DONE YES PLANET RISHON
2025-03-30 03:20:04,604 - cinemas.yes_planet - INFO - STARTED YES PLANET AYALON
2025-03-30 03:20:04,604 - cinemas.yes_planet - INFO - STARTED YES PLANET INIT
2025-03-30 03:20:05,122 - cinemas.yes_planet - INFO - DONE YES PLANET AYALON
2025-03-30 03:20:05,122 - cinemas.yes_planet - INFO - STARTED YES PLANET ZICHRON
2025-03-30 03:20:05,122 - cinemas.yes_planet - INFO - STARTED YES PLANET INIT
2025-03-30 03:20:05,637 - cinemas.yes_planet - INFO - DONE YES PLANET ZICHRON
2025-03-30 03:20:05,637 - cinemas.yes_planet - INFO - STARTED YES PLANET HAIFA
2025-03-30 03:20:05,637 - cinemas.yes_planet - INFO - STARTED YES PLANET INIT
2025-03-30 03:20:06,190 - cinemas.yes_planet - INFO - DONE YES PLANET HAIFA
2025-03-30 03:20:06,190 - cinemas.yes_planet - INFO - STARTED YES PLANET JERUSALEM
2025-03-30 03:20:06,190 - cinemas.yes_planet - INFO - STARTED YES PLANET INIT
2025-03-30 03:20:06,747 - cinemas.yes_planet - INFO - DONE YES PLANET JERUSALEM
2025-03-30 03:20:06,747 - cinemas.yes_planet - INFO - STARTED YES PLANET BEER_SHEVA
2025-03-30 03:20:06,747 - cinemas.yes_planet - INFO - STARTED YES PLANET INIT
2025-03-30 03:20:07,272 - cinemas.yes_planet - INFO - DONE YES PLANET BEER_SHEVA
2025-03-30 03:20:07,272 - cinemas.yes_planet - INFO - DONE YES PLANET
2025-03-30 03:20:07,272 - retry.api - WARNING - AssertionError: yes planet returned empty list in __main__.unsafe_get_screenings_from_cinema, retrying in 2 seconds...
2025-03-30 03:20:09,272 - cinemas.yes_planet - INFO - STARTED YES PLANET
2025-03-30 03:20:09,272 - cinemas.yes_planet - INFO - STARTED YES PLANET RISHON
2025-03-30 03:20:09,272 - cinemas.yes_planet - INFO - STARTED YES PLANET INIT
2025-03-30 03:20:09,956 - cinemas.yes_planet - INFO - DONE YES PLANET RISHON
2025-03-30 03:20:09,956 - cinemas.yes_planet - INFO - STARTED YES PLANET AYALON
2025-03-30 03:20:09,956 - cinemas.yes_planet - INFO - STARTED YES PLANET INIT
2025-03-30 03:20:10,473 - cinemas.yes_planet - INFO - DONE YES PLANET AYALON
2025-03-30 03:20:10,473 - cinemas.yes_planet - INFO - STARTED YES PLANET ZICHRON
2025-03-30 03:20:10,473 - cinemas.yes_planet - INFO - STARTED YES PLANET INIT
2025-03-30 03:20:11,007 - cinemas.yes_planet - INFO - DONE YES PLANET ZICHRON
2025-03-30 03:20:11,007 - cinemas.yes_planet - INFO - STARTED YES PLANET HAIFA
2025-03-30 03:20:11,007 - cinemas.yes_planet - INFO - STARTED YES PLANET INIT
2025-03-30 03:20:11,545 - cinemas.yes_planet - INFO - DONE YES PLANET HAIFA
2025-03-30 03:20:11,545 - cinemas.yes_planet - INFO - STARTED YES PLANET JERUSALEM
2025-03-30 03:20:11,545 - cinemas.yes_planet - INFO - STARTED YES PLANET INIT
2025-03-30 03:20:12,063 - cinemas.yes_planet - INFO - DONE YES PLANET JERUSALEM
2025-03-30 03:20:12,063 - cinemas.yes_planet - INFO - STARTED YES PLANET BEER_SHEVA
2025-03-30 03:20:12,063 - cinemas.yes_planet - INFO - STARTED YES PLANET INIT
2025-03-30 03:20:12,579 - cinemas.yes_planet - INFO - DONE YES PLANET BEER_SHEVA
2025-03-30 03:20:12,579 - cinemas.yes_planet - INFO - DONE YES PLANET
2025-03-30 03:20:12,579 - root - ERROR - yes planet crashed: yes planet returned empty list
2025-03-30 03:20:12,579 - cinemas.rav_hen - INFO - STARTED RAV HEN
2025-03-30 03:20:12,579 - cinemas.rav_hen - INFO - STARTED RAV HEN GIVATAIM
2025-03-30 03:20:13,475 - cinemas.rav_hen - INFO - DONE RAV HEN GIVATAIM
2025-03-30 03:20:13,475 - cinemas.rav_hen - INFO - STARTED RAV HEN DIZINGOF
2025-03-30 03:20:14,194 - cinemas.rav_hen - INFO - DONE RAV HEN DIZINGOF
2025-03-30 03:20:14,194 - cinemas.rav_hen - INFO - STARTED RAV HEN MODIIN
2025-03-30 03:20:14,919 - cinemas.rav_hen - INFO - DONE RAV HEN MODIIN
2025-03-30 03:20:14,919 - cinemas.rav_hen - INFO - STARTED RAV HEN KIRYAT_ONO
2025-03-30 03:20:15,810 - cinemas.rav_hen - INFO - DONE RAV HEN KIRYAT_ONO
2025-03-30 03:20:15,810 - cinemas.rav_hen - INFO - DONE RAV HEN
2025-03-30 03:20:15,811 - cinemas.hot_cinema - INFO - STARTED HOT CINEMA
2025-03-30 03:20:15,811 - cinemas.hot_cinema - INFO - STARTED HOT CINEMA MODIIN
2025-03-30 03:20:18,788 - cinemas.hot_cinema - INFO - DONE HOT CINEMA MODIIN
2025-03-30 03:20:18,789 - cinemas.hot_cinema - INFO - STARTED HOT CINEMA KIRYON
2025-03-30 03:20:21,671 - cinemas.hot_cinema - INFO - DONE HOT CINEMA KIRYON
2025-03-30 03:20:21,671 - cinemas.hot_cinema - INFO - STARTED HOT CINEMA KFAR_SABBA
2025-03-30 03:20:22,539 - cinemas.hot_cinema - INFO - DONE HOT CINEMA KFAR_SABBA
2025-03-30 03:20:22,539 - cinemas.hot_cinema - INFO - STARTED HOT CINEMA HAIFA
2025-03-30 03:20:24,077 - cinemas.hot_cinema - INFO - DONE HOT CINEMA HAIFA
2025-03-30 03:20:24,078 - cinemas.hot_cinema - INFO - STARTED HOT CINEMA PETACH_TIKVA
2025-03-30 03:20:24,282 - cinemas.hot_cinema - INFO - DONE HOT CINEMA PETACH_TIKVA
2025-03-30 03:20:24,282 - cinemas.hot_cinema - INFO - STARTED HOT CINEMA RECHOVOT
2025-03-30 03:20:24,489 - cinemas.hot_cinema - INFO - DONE HOT CINEMA RECHOVOT
2025-03-30 03:20:24,489 - cinemas.hot_cinema - INFO - STARTED HOT CINEMA ASHKELON
2025-03-30 03:20:24,692 - cinemas.hot_cinema - INFO - DONE HOT CINEMA ASHKELON
2025-03-30 03:20:24,692 - cinemas.hot_cinema - INFO - STARTED HOT CINEMA KARMIEL
2025-03-30 03:20:24,898 - cinemas.hot_cinema - INFO - DONE HOT CINEMA KARMIEL
2025-03-30 03:20:24,898 - cinemas.hot_cinema - INFO - STARTED HOT CINEMA NAHARIA
2025-03-30 03:20:25,101 - cinemas.hot_cinema - INFO - DONE HOT CINEMA NAHARIA
2025-03-30 03:20:25,102 - cinemas.hot_cinema - INFO - STARTED HOT CINEMA ASHDOD
2025-03-30 03:20:25,306 - cinemas.hot_cinema - INFO - DONE HOT CINEMA ASHDOD
2025-03-30 03:20:25,306 - cinemas.hot_cinema - INFO - DONE HOT CINEMA
2025-03-30 03:20:25,306 - cinemas.cinema_city - INFO - STARTED CINEMA CITY
2025-03-30 03:20:26,883 - proxy - INFO - Proxy: {'YourFuckingIPAddress': '77.91.69.236', 'YourFuckingLocation': 'Tel Aviv, TA, Israel', 'YourFuckingHostname': 'static.236.69.91.77.ip.webhost1.net', 'YourFuckingISP': 'CLOUD LEASE Ltd', 'YourFuckingTorExit': False, 'YourFuckingCity': 'Tel Aviv', 'YourFuckingCountry': 'Israel', 'YourFuckingCountryCode': 'IL'}
2025-03-30 03:20:26,883 - cinemas.cinema_city - INFO - STARTED CINEMA CITY GLILOT
2025-03-30 03:21:08,854 - cinemas.cinema_city - INFO - DONE CINEMA CITY GLILOT
2025-03-30 03:21:08,854 - cinemas.cinema_city - INFO - STARTED CINEMA CITY RISHON
2025-03-30 03:21:13,109 - cinemas.cinema_city - INFO - DONE CINEMA CITY RISHON
2025-03-30 03:21:13,109 - cinemas.cinema_city - INFO - STARTED CINEMA CITY JERUSALEM
2025-03-30 03:21:14,723 - cinemas.cinema_city - INFO - DONE CINEMA CITY JERUSALEM
2025-03-30 03:21:14,723 - cinemas.cinema_city - INFO - STARTED CINEMA CITY KFAR_SABBA
2025-03-30 03:21:16,328 - cinemas.cinema_city - INFO - DONE CINEMA CITY KFAR_SABBA
2025-03-30 03:21:16,328 - cinemas.cinema_city - INFO - STARTED CINEMA CITY NATANIA
2025-03-30 03:21:18,082 - cinemas.cinema_city - INFO - DONE CINEMA CITY NATANIA
2025-03-30 03:21:18,082 - cinemas.cinema_city - INFO - STARTED CINEMA CITY BEER_SHEVA
2025-03-30 03:21:19,671 - cinemas.cinema_city - INFO - DONE CINEMA CITY BEER_SHEVA
2025-03-30 03:21:19,671 - cinemas.cinema_city - INFO - STARTED CINEMA CITY HADERA
2025-03-30 03:21:21,227 - cinemas.cinema_city - INFO - DONE CINEMA CITY HADERA
2025-03-30 03:21:21,227 - cinemas.cinema_city - INFO - STARTED CINEMA CITY ASHDOD
2025-03-30 03:21:22,880 - cinemas.cinema_city - WARNING - error while getting movie info:
Traceback (most recent call last):
  File "/home/runner/work/Movie-Time-Server/Movie-Time-Server/cinemas/cinema_city.py", line 123, in get_by_location
    for movie in res.json():
                 ^^^^^^^^^^
  File "/home/runner/work/Movie-Time-Server/Movie-Time-Server/proxy.py", line 18, in json
    return json.loads(self.pre)
           ^^^^^^^^^^^^^^^^^^^^
  File "/opt/hostedtoolcache/Python/3.11.11/x64/lib/python3.11/json/__init__.py", line 339, in loads
    raise TypeError(f'the JSON object must be str, bytes or bytearray, '
TypeError: the JSON object must be str, bytes or bytearray, not NoneType
2025-03-30 03:21:22,881 - cinemas.cinema_city - INFO - DONE CINEMA CITY ASHDOD
2025-03-30 03:21:22,952 - proxy - INFO - Proxy removed
2025-03-30 03:21:22,952 - cinemas.cinema_city - INFO - DONE CINEMA CITY
2025-03-30 03:21:22,952 - cinemas.lev - INFO - STARTED LEV
2025-03-30 03:21:24,588 - proxy - INFO - Proxy: {'YourFuckingIPAddress': '77.91.69.236', 'YourFuckingLocation': 'Tel Aviv, TA, Israel', 'YourFuckingHostname': 'static.236.69.91.77.ip.webhost1.net', 'YourFuckingISP': 'CLOUD LEASE Ltd', 'YourFuckingTorExit': False, 'YourFuckingCity': 'Tel Aviv', 'YourFuckingCountry': 'Israel', 'YourFuckingCountryCode': 'IL'}
2025-03-30 03:21:24,588 - cinemas.lev - INFO - STARTED LEV TEL_AVIV
2025-03-30 03:21:25,802 - cinemas.lev - INFO - DONE LEV TEL_AVIV
2025-03-30 03:21:25,803 - cinemas.lev - INFO - STARTED LEV RAMAT_HASHARON
2025-03-30 03:21:26,236 - cinemas.lev - INFO - DONE LEV RAMAT_HASHARON
2025-03-30 03:21:26,236 - cinemas.lev - INFO - STARTED LEV MANDARIN
2025-03-30 03:21:26,643 - cinemas.lev - INFO - DONE LEV MANDARIN
2025-03-30 03:21:26,643 - cinemas.lev - INFO - STARTED LEV EVEN_YEHUDA
2025-03-30 03:21:27,216 - cinemas.lev - INFO - DONE LEV EVEN_YEHUDA
2025-03-30 03:21:27,216 - cinemas.lev - INFO - STARTED LEV SMADAR
2025-03-30 03:21:27,751 - cinemas.lev - INFO - DONE LEV SMADAR
2025-03-30 03:21:27,751 - cinemas.lev - INFO - STARTED LEV RAANANA
2025-03-30 03:21:28,320 - cinemas.lev - INFO - DONE LEV RAANANA
2025-03-30 03:21:28,320 - cinemas.lev - INFO - STARTED LEV OMER
2025-03-30 03:21:28,808 - cinemas.lev - INFO - DONE LEV OMER
2025-03-30 03:21:28,808 - cinemas.lev - INFO - STARTED LEV SHOHAM
2025-03-30 03:21:29,393 - cinemas.lev - INFO - DONE LEV SHOHAM
2025-03-30 03:21:29,393 - cinemas.lev - INFO - STARTED LEV DANIEL
2025-03-30 03:21:29,950 - cinemas.lev - INFO - DONE LEV DANIEL
2025-03-30 03:21:30,009 - proxy - INFO - Proxy removed
2025-03-30 03:21:30,009 - cinemas.lev - INFO - DONE LEV
2025-03-30 03:21:30,009 - cinemas.movieland - INFO - STARTED Movie Land
2025-03-30 03:21:30,009 - cinemas.movieland - INFO - STARTED Movie Land CARMIEL
2025-03-30 03:21:32,948 - cinemas.movieland - INFO - DONE Movie Land CARMIEL
2025-03-30 03:21:32,948 - cinemas.movieland - INFO - STARTED Movie Land HAIFA
2025-03-30 03:21:33,276 - cinemas.movieland - INFO - DONE Movie Land HAIFA
2025-03-30 03:21:33,276 - cinemas.movieland - INFO - STARTED Movie Land NATANYA
2025-03-30 03:21:34,295 - cinemas.movieland - INFO - DONE Movie Land NATANYA
2025-03-30 03:21:34,295 - cinemas.movieland - INFO - DONE Movie Land
2025-03-30 03:21:34,295 - root - INFO - ********************
2025-03-30 03:21:34,295 - root - INFO - started checking for:02-04-2025
2025-03-30 03:21:34,295 - cinemas.yes_planet - INFO - STARTED YES PLANET
2025-03-30 03:21:34,295 - cinemas.yes_planet - INFO - STARTED YES PLANET RISHON
2025-03-30 03:21:34,295 - cinemas.yes_planet - INFO - STARTED YES PLANET INIT
2025-03-30 03:21:34,336 - cinemas.yes_planet - ERROR - Failed to get screenings for RISHON
Traceback (most recent call last):
  File "/opt/hostedtoolcache/Python/3.11.11/x64/lib/python3.11/site-packages/urllib3/connectionpool.py", line 716, in urlopen
    httplib_response = self._make_request(
                       ^^^^^^^^^^^^^^^^^^^
  File "/opt/hostedtoolcache/Python/3.11.11/x64/lib/python3.11/site-packages/urllib3/connectionpool.py", line 468, in _make_request
    six.raise_from(e, None)
  File "<string>", line 3, in raise_from
  File "/opt/hostedtoolcache/Python/3.11.11/x64/lib/python3.11/site-packages/urllib3/connectionpool.py", line 463, in _make_request
    httplib_response = conn.getresponse()
                       ^^^^^^^^^^^^^^^^^^
  File "/opt/hostedtoolcache/Python/3.11.11/x64/lib/python3.11/http/client.py", line 1395, in getresponse
    response.begin()
  File "/opt/hostedtoolcache/Python/3.11.11/x64/lib/python3.11/http/client.py", line 325, in begin
    version, status, reason = self._read_status()
                              ^^^^^^^^^^^^^^^^^^^
  File "/opt/hostedtoolcache/Python/3.11.11/x64/lib/python3.11/http/client.py", line 294, in _read_status
    raise RemoteDisconnected("Remote end closed connection without"
http.client.RemoteDisconnected: Remote end closed connection without response

During handling of the above exception, another exception occurred:

Traceback (most recent call last):
  File "/opt/hostedtoolcache/Python/3.11.11/x64/lib/python3.11/site-packages/requests/adapters.py", line 667, in send
    resp = conn.urlopen(
           ^^^^^^^^^^^^^
  File "/opt/hostedtoolcache/Python/3.11.11/x64/lib/python3.11/site-packages/urllib3/connectionpool.py", line 802, in urlopen
    retries = retries.increment(
              ^^^^^^^^^^^^^^^^^^
  File "/opt/hostedtoolcache/Python/3.11.11/x64/lib/python3.11/site-packages/urllib3/util/retry.py", line 552, in increment
    raise six.reraise(type(error), error, _stacktrace)
          ^^^^^^^^^^^^^^^^^^^^^^^^^^^^^^^^^^^^^^^^^^^^
  File "/opt/hostedtoolcache/Python/3.11.11/x64/lib/python3.11/site-packages/urllib3/packages/six.py", line 769, in reraise
    raise value.with_traceback(tb)
  File "/opt/hostedtoolcache/Python/3.11.11/x64/lib/python3.11/site-packages/urllib3/connectionpool.py", line 716, in urlopen
    httplib_response = self._make_request(
                       ^^^^^^^^^^^^^^^^^^^
  File "/opt/hostedtoolcache/Python/3.11.11/x64/lib/python3.11/site-packages/urllib3/connectionpool.py", line 468, in _make_request
    six.raise_from(e, None)
  File "<string>", line 3, in raise_from
  File "/opt/hostedtoolcache/Python/3.11.11/x64/lib/python3.11/site-packages/urllib3/connectionpool.py", line 463, in _make_request
    httplib_response = conn.getresponse()
                       ^^^^^^^^^^^^^^^^^^
  File "/opt/hostedtoolcache/Python/3.11.11/x64/lib/python3.11/http/client.py", line 1395, in getresponse
    response.begin()
  File "/opt/hostedtoolcache/Python/3.11.11/x64/lib/python3.11/http/client.py", line 325, in begin
    version, status, reason = self._read_status()
                              ^^^^^^^^^^^^^^^^^^^
  File "/opt/hostedtoolcache/Python/3.11.11/x64/lib/python3.11/http/client.py", line 294, in _read_status
    raise RemoteDisconnected("Remote end closed connection without"
urllib3.exceptions.ProtocolError: ('Connection aborted.', RemoteDisconnected('Remote end closed connection without response'))

During handling of the above exception, another exception occurred:

Traceback (most recent call last):
  File "/home/runner/work/Movie-Time-Server/Movie-Time-Server/cinemas/yes_planet.py", line 154, in get_screenings
    screenings.extend(get_by_location(location, format_date, s))
                      ^^^^^^^^^^^^^^^^^^^^^^^^^^^^^^^^^^^^^^^^^
  File "/home/runner/work/Movie-Time-Server/Movie-Time-Server/cinemas/yes_planet.py", line 141, in get_by_location
    init_data(s)
  File "/home/runner/work/Movie-Time-Server/Movie-Time-Server/cinemas/yes_planet.py", line 134, in init_data
    token = login(s)
            ^^^^^^^^
  File "/home/runner/work/Movie-Time-Server/Movie-Time-Server/cinemas/yes_planet.py", line 83, in login
    res = s.post("https://pub-api.biggerpicture.ai/mapiAPI/login",
          ^^^^^^^^^^^^^^^^^^^^^^^^^^^^^^^^^^^^^^^^^^^^^^^^^^^^^^^^
  File "/opt/hostedtoolcache/Python/3.11.11/x64/lib/python3.11/site-packages/requests/sessions.py", line 637, in post
    return self.request("POST", url, data=data, json=json, **kwargs)
           ^^^^^^^^^^^^^^^^^^^^^^^^^^^^^^^^^^^^^^^^^^^^^^^^^^^^^^^^^
  File "/opt/hostedtoolcache/Python/3.11.11/x64/lib/python3.11/site-packages/requests/sessions.py", line 589, in request
    resp = self.send(prep, **send_kwargs)
           ^^^^^^^^^^^^^^^^^^^^^^^^^^^^^^
  File "/opt/hostedtoolcache/Python/3.11.11/x64/lib/python3.11/site-packages/requests/sessions.py", line 703, in send
    r = adapter.send(request, **kwargs)
        ^^^^^^^^^^^^^^^^^^^^^^^^^^^^^^^
  File "/opt/hostedtoolcache/Python/3.11.11/x64/lib/python3.11/site-packages/requests/adapters.py", line 682, in send
    raise ConnectionError(err, request=request)
requests.exceptions.ConnectionError: ('Connection aborted.', RemoteDisconnected('Remote end closed connection without response'))
2025-03-30 03:21:34,400 - cinemas.yes_planet - INFO - STARTED YES PLANET AYALON
2025-03-30 03:21:34,400 - cinemas.yes_planet - INFO - STARTED YES PLANET INIT
2025-03-30 03:21:35,530 - cinemas.yes_planet - INFO - DONE YES PLANET AYALON
2025-03-30 03:21:35,530 - cinemas.yes_planet - INFO - STARTED YES PLANET ZICHRON
2025-03-30 03:21:35,530 - cinemas.yes_planet - INFO - STARTED YES PLANET INIT
2025-03-30 03:21:36,092 - cinemas.yes_planet - INFO - DONE YES PLANET ZICHRON
2025-03-30 03:21:36,092 - cinemas.yes_planet - INFO - STARTED YES PLANET HAIFA
2025-03-30 03:21:36,092 - cinemas.yes_planet - INFO - STARTED YES PLANET INIT
2025-03-30 03:21:36,679 - cinemas.yes_planet - INFO - DONE YES PLANET HAIFA
2025-03-30 03:21:36,679 - cinemas.yes_planet - INFO - STARTED YES PLANET JERUSALEM
2025-03-30 03:21:36,679 - cinemas.yes_planet - INFO - STARTED YES PLANET INIT
2025-03-30 03:21:37,239 - cinemas.yes_planet - INFO - DONE YES PLANET JERUSALEM
2025-03-30 03:21:37,239 - cinemas.yes_planet - INFO - STARTED YES PLANET BEER_SHEVA
2025-03-30 03:21:37,239 - cinemas.yes_planet - INFO - STARTED YES PLANET INIT
2025-03-30 03:21:37,800 - cinemas.yes_planet - INFO - DONE YES PLANET BEER_SHEVA
2025-03-30 03:21:37,800 - cinemas.yes_planet - INFO - DONE YES PLANET
2025-03-30 03:21:37,800 - retry.api - WARNING - AssertionError: yes planet returned empty list in __main__.unsafe_get_screenings_from_cinema, retrying in 1 seconds...
2025-03-30 03:21:38,801 - cinemas.yes_planet - INFO - STARTED YES PLANET
2025-03-30 03:21:38,801 - cinemas.yes_planet - INFO - STARTED YES PLANET RISHON
2025-03-30 03:21:38,801 - cinemas.yes_planet - INFO - STARTED YES PLANET INIT
2025-03-30 03:21:39,210 - cinemas.yes_planet - ERROR - Failed to get screenings for RISHON
Traceback (most recent call last):
  File "/opt/hostedtoolcache/Python/3.11.11/x64/lib/python3.11/site-packages/urllib3/response.py", line 761, in _update_chunk_length
    self.chunk_left = int(line, 16)
                      ^^^^^^^^^^^^^
ValueError: invalid literal for int() with base 16: b''

During handling of the above exception, another exception occurred:

Traceback (most recent call last):
  File "/opt/hostedtoolcache/Python/3.11.11/x64/lib/python3.11/site-packages/urllib3/response.py", line 444, in _error_catcher
    yield
  File "/opt/hostedtoolcache/Python/3.11.11/x64/lib/python3.11/site-packages/urllib3/response.py", line 828, in read_chunked
    self._update_chunk_length()
  File "/opt/hostedtoolcache/Python/3.11.11/x64/lib/python3.11/site-packages/urllib3/response.py", line 765, in _update_chunk_length
    raise InvalidChunkLength(self, line)
urllib3.exceptions.InvalidChunkLength: InvalidChunkLength(got length b'', 0 bytes read)

During handling of the above exception, another exception occurred:

Traceback (most recent call last):
  File "/opt/hostedtoolcache/Python/3.11.11/x64/lib/python3.11/site-packages/requests/models.py", line 820, in generate
    yield from self.raw.stream(chunk_size, decode_content=True)
  File "/opt/hostedtoolcache/Python/3.11.11/x64/lib/python3.11/site-packages/urllib3/response.py", line 624, in stream
    for line in self.read_chunked(amt, decode_content=decode_content):
  File "/opt/hostedtoolcache/Python/3.11.11/x64/lib/python3.11/site-packages/urllib3/response.py", line 816, in read_chunked
    with self._error_catcher():
  File "/opt/hostedtoolcache/Python/3.11.11/x64/lib/python3.11/contextlib.py", line 158, in __exit__
    self.gen.throw(typ, value, traceback)
  File "/opt/hostedtoolcache/Python/3.11.11/x64/lib/python3.11/site-packages/urllib3/response.py", line 461, in _error_catcher
    raise ProtocolError("Connection broken: %r" % e, e)
urllib3.exceptions.ProtocolError: ("Connection broken: InvalidChunkLength(got length b'', 0 bytes read)", InvalidChunkLength(got length b'', 0 bytes read))

During handling of the above exception, another exception occurred:

Traceback (most recent call last):
  File "/home/runner/work/Movie-Time-Server/Movie-Time-Server/cinemas/yes_planet.py", line 154, in get_screenings
    screenings.extend(get_by_location(location, format_date, s))
                      ^^^^^^^^^^^^^^^^^^^^^^^^^^^^^^^^^^^^^^^^^
  File "/home/runner/work/Movie-Time-Server/Movie-Time-Server/cinemas/yes_planet.py", line 141, in get_by_location
    init_data(s)
  File "/home/runner/work/Movie-Time-Server/Movie-Time-Server/cinemas/yes_planet.py", line 135, in init_data
    all_movies = get_all_movies(s, token)
                 ^^^^^^^^^^^^^^^^^^^^^^^^
  File "/home/runner/work/Movie-Time-Server/Movie-Time-Server/cinemas/yes_planet.py", line 90, in get_all_movies
    res = s.get("https://pub-api.biggerpicture.ai/mapiAPI/group/eventMasters?full=true", headers=headers)
          ^^^^^^^^^^^^^^^^^^^^^^^^^^^^^^^^^^^^^^^^^^^^^^^^^^^^^^^^^^^^^^^^^^^^^^^^^^^^^^^^^^^^^^^^^^^^^^^
  File "/opt/hostedtoolcache/Python/3.11.11/x64/lib/python3.11/site-packages/requests/sessions.py", line 602, in get
    return self.request("GET", url, **kwargs)
           ^^^^^^^^^^^^^^^^^^^^^^^^^^^^^^^^^^
  File "/opt/hostedtoolcache/Python/3.11.11/x64/lib/python3.11/site-packages/requests/sessions.py", line 589, in request
    resp = self.send(prep, **send_kwargs)
           ^^^^^^^^^^^^^^^^^^^^^^^^^^^^^^
  File "/opt/hostedtoolcache/Python/3.11.11/x64/lib/python3.11/site-packages/requests/sessions.py", line 746, in send
    r.content
  File "/opt/hostedtoolcache/Python/3.11.11/x64/lib/python3.11/site-packages/requests/models.py", line 902, in content
    self._content = b"".join(self.iter_content(CONTENT_CHUNK_SIZE)) or b""
                    ^^^^^^^^^^^^^^^^^^^^^^^^^^^^^^^^^^^^^^^^^^^^^^^
  File "/opt/hostedtoolcache/Python/3.11.11/x64/lib/python3.11/site-packages/requests/models.py", line 822, in generate
    raise ChunkedEncodingError(e)
requests.exceptions.ChunkedEncodingError: ("Connection broken: InvalidChunkLength(got length b'', 0 bytes read)", InvalidChunkLength(got length b'', 0 bytes read))
2025-03-30 03:21:39,212 - cinemas.yes_planet - INFO - STARTED YES PLANET AYALON
2025-03-30 03:21:39,213 - cinemas.yes_planet - INFO - STARTED YES PLANET INIT
2025-03-30 03:21:40,519 - cinemas.yes_planet - INFO - DONE YES PLANET AYALON
2025-03-30 03:21:40,520 - cinemas.yes_planet - INFO - STARTED YES PLANET ZICHRON
2025-03-30 03:21:40,520 - cinemas.yes_planet - INFO - STARTED YES PLANET INIT
2025-03-30 03:21:41,176 - cinemas.yes_planet - INFO - DONE YES PLANET ZICHRON
2025-03-30 03:21:41,176 - cinemas.yes_planet - INFO - STARTED YES PLANET HAIFA
2025-03-30 03:21:41,176 - cinemas.yes_planet - INFO - STARTED YES PLANET INIT
2025-03-30 03:21:41,836 - cinemas.yes_planet - INFO - DONE YES PLANET HAIFA
2025-03-30 03:21:41,836 - cinemas.yes_planet - INFO - STARTED YES PLANET JERUSALEM
2025-03-30 03:21:41,836 - cinemas.yes_planet - INFO - STARTED YES PLANET INIT
2025-03-30 03:21:42,498 - cinemas.yes_planet - INFO - DONE YES PLANET JERUSALEM
2025-03-30 03:21:42,498 - cinemas.yes_planet - INFO - STARTED YES PLANET BEER_SHEVA
2025-03-30 03:21:42,499 - cinemas.yes_planet - INFO - STARTED YES PLANET INIT
2025-03-30 03:21:43,158 - cinemas.yes_planet - INFO - DONE YES PLANET BEER_SHEVA
2025-03-30 03:21:43,158 - cinemas.yes_planet - INFO - DONE YES PLANET
2025-03-30 03:21:43,158 - retry.api - WARNING - AssertionError: yes planet returned empty list in __main__.unsafe_get_screenings_from_cinema, retrying in 2 seconds...
2025-03-30 03:21:45,158 - cinemas.yes_planet - INFO - STARTED YES PLANET
2025-03-30 03:21:45,158 - cinemas.yes_planet - INFO - STARTED YES PLANET RISHON
2025-03-30 03:21:45,158 - cinemas.yes_planet - INFO - STARTED YES PLANET INIT
2025-03-30 03:21:45,985 - cinemas.yes_planet - INFO - DONE YES PLANET RISHON
2025-03-30 03:21:45,985 - cinemas.yes_planet - INFO - STARTED YES PLANET AYALON
2025-03-30 03:21:45,985 - cinemas.yes_planet - INFO - STARTED YES PLANET INIT
2025-03-30 03:21:46,642 - cinemas.yes_planet - INFO - DONE YES PLANET AYALON
2025-03-30 03:21:46,642 - cinemas.yes_planet - INFO - STARTED YES PLANET ZICHRON
2025-03-30 03:21:46,642 - cinemas.yes_planet - INFO - STARTED YES PLANET INIT
2025-03-30 03:21:47,313 - cinemas.yes_planet - INFO - DONE YES PLANET ZICHRON
2025-03-30 03:21:47,313 - cinemas.yes_planet - INFO - STARTED YES PLANET HAIFA
2025-03-30 03:21:47,313 - cinemas.yes_planet - INFO - STARTED YES PLANET INIT
2025-03-30 03:21:47,972 - cinemas.yes_planet - INFO - DONE YES PLANET HAIFA
2025-03-30 03:21:47,972 - cinemas.yes_planet - INFO - STARTED YES PLANET JERUSALEM
2025-03-30 03:21:47,972 - cinemas.yes_planet - INFO - STARTED YES PLANET INIT
2025-03-30 03:21:48,631 - cinemas.yes_planet - INFO - DONE YES PLANET JERUSALEM
2025-03-30 03:21:48,631 - cinemas.yes_planet - INFO - STARTED YES PLANET BEER_SHEVA
2025-03-30 03:21:48,631 - cinemas.yes_planet - INFO - STARTED YES PLANET INIT
2025-03-30 03:21:49,292 - cinemas.yes_planet - INFO - DONE YES PLANET BEER_SHEVA
2025-03-30 03:21:49,293 - cinemas.yes_planet - INFO - DONE YES PLANET
2025-03-30 03:21:49,293 - root - ERROR - yes planet crashed: yes planet returned empty list
2025-03-30 03:21:49,293 - cinemas.rav_hen - INFO - STARTED RAV HEN
2025-03-30 03:21:49,293 - cinemas.rav_hen - INFO - STARTED RAV HEN GIVATAIM
2025-03-30 03:21:50,207 - cinemas.rav_hen - INFO - DONE RAV HEN GIVATAIM
2025-03-30 03:21:50,207 - cinemas.rav_hen - INFO - STARTED RAV HEN DIZINGOF
2025-03-30 03:21:50,868 - cinemas.rav_hen - INFO - DONE RAV HEN DIZINGOF
2025-03-30 03:21:50,868 - cinemas.rav_hen - INFO - STARTED RAV HEN MODIIN
2025-03-30 03:21:51,618 - cinemas.rav_hen - INFO - DONE RAV HEN MODIIN
2025-03-30 03:21:51,618 - cinemas.rav_hen - INFO - STARTED RAV HEN KIRYAT_ONO
2025-03-30 03:21:52,489 - cinemas.rav_hen - INFO - DONE RAV HEN KIRYAT_ONO
2025-03-30 03:21:52,489 - cinemas.rav_hen - INFO - DONE RAV HEN
2025-03-30 03:21:52,489 - cinemas.hot_cinema - INFO - STARTED HOT CINEMA
2025-03-30 03:21:52,489 - cinemas.hot_cinema - INFO - STARTED HOT CINEMA MODIIN
2025-03-30 03:21:52,693 - cinemas.hot_cinema - INFO - DONE HOT CINEMA MODIIN
2025-03-30 03:21:52,693 - cinemas.hot_cinema - INFO - STARTED HOT CINEMA KIRYON
2025-03-30 03:21:53,583 - cinemas.hot_cinema - INFO - DONE HOT CINEMA KIRYON
2025-03-30 03:21:53,584 - cinemas.hot_cinema - INFO - STARTED HOT CINEMA KFAR_SABBA
2025-03-30 03:21:54,452 - cinemas.hot_cinema - INFO - DONE HOT CINEMA KFAR_SABBA
2025-03-30 03:21:54,452 - cinemas.hot_cinema - INFO - STARTED HOT CINEMA HAIFA
2025-03-30 03:21:54,657 - cinemas.hot_cinema - INFO - DONE HOT CINEMA HAIFA
2025-03-30 03:21:54,658 - cinemas.hot_cinema - INFO - STARTED HOT CINEMA PETACH_TIKVA
2025-03-30 03:21:54,864 - cinemas.hot_cinema - INFO - DONE HOT CINEMA PETACH_TIKVA
2025-03-30 03:21:54,864 - cinemas.hot_cinema - INFO - STARTED HOT CINEMA RECHOVOT
2025-03-30 03:21:55,068 - cinemas.hot_cinema - INFO - DONE HOT CINEMA RECHOVOT
2025-03-30 03:21:55,068 - cinemas.hot_cinema - INFO - STARTED HOT CINEMA ASHKELON
2025-03-30 03:21:55,271 - cinemas.hot_cinema - INFO - DONE HOT CINEMA ASHKELON
2025-03-30 03:21:55,272 - cinemas.hot_cinema - INFO - STARTED HOT CINEMA KARMIEL
2025-03-30 03:21:55,474 - cinemas.hot_cinema - INFO - DONE HOT CINEMA KARMIEL
2025-03-30 03:21:55,475 - cinemas.hot_cinema - INFO - STARTED HOT CINEMA NAHARIA
2025-03-30 03:21:55,676 - cinemas.hot_cinema - INFO - DONE HOT CINEMA NAHARIA
2025-03-30 03:21:55,676 - cinemas.hot_cinema - INFO - STARTED HOT CINEMA ASHDOD
2025-03-30 03:21:55,878 - cinemas.hot_cinema - INFO - DONE HOT CINEMA ASHDOD
2025-03-30 03:21:55,878 - cinemas.hot_cinema - INFO - DONE HOT CINEMA
2025-03-30 03:21:55,878 - cinemas.cinema_city - INFO - STARTED CINEMA CITY
2025-03-30 03:21:58,229 - proxy - INFO - Proxy: {'YourFuckingIPAddress': '77.91.69.236', 'YourFuckingLocation': 'Tel Aviv, TA, Israel', 'YourFuckingHostname': 'static.236.69.91.77.ip.webhost1.net', 'YourFuckingISP': 'CLOUD LEASE Ltd', 'YourFuckingTorExit': False, 'YourFuckingCity': 'Tel Aviv', 'YourFuckingCountry': 'Israel', 'YourFuckingCountryCode': 'IL'}
2025-03-30 03:21:58,230 - cinemas.cinema_city - INFO - STARTED CINEMA CITY GLILOT
2025-03-30 03:22:00,181 - cinemas.cinema_city - INFO - DONE CINEMA CITY GLILOT
2025-03-30 03:22:00,181 - cinemas.cinema_city - INFO - STARTED CINEMA CITY RISHON
2025-03-30 03:22:02,070 - cinemas.cinema_city - INFO - DONE CINEMA CITY RISHON
2025-03-30 03:22:02,070 - cinemas.cinema_city - INFO - STARTED CINEMA CITY JERUSALEM
2025-03-30 03:22:03,666 - cinemas.cinema_city - INFO - DONE CINEMA CITY JERUSALEM
2025-03-30 03:22:03,666 - cinemas.cinema_city - INFO - STARTED CINEMA CITY KFAR_SABBA
2025-03-30 03:22:05,408 - cinemas.cinema_city - INFO - DONE CINEMA CITY KFAR_SABBA
2025-03-30 03:22:05,408 - cinemas.cinema_city - INFO - STARTED CINEMA CITY NATANIA
2025-03-30 03:22:22,844 - cinemas.cinema_city - INFO - DONE CINEMA CITY NATANIA
2025-03-30 03:22:22,844 - cinemas.cinema_city - INFO - STARTED CINEMA CITY BEER_SHEVA
2025-03-30 03:22:23,943 - cinemas.cinema_city - INFO - DONE CINEMA CITY BEER_SHEVA
2025-03-30 03:22:23,943 - cinemas.cinema_city - INFO - STARTED CINEMA CITY HADERA
2025-03-30 03:22:25,586 - cinemas.cinema_city - INFO - DONE CINEMA CITY HADERA
2025-03-30 03:22:25,586 - cinemas.cinema_city - INFO - STARTED CINEMA CITY ASHDOD
2025-03-30 03:22:27,227 - cinemas.cinema_city - WARNING - error while getting movie info:
Traceback (most recent call last):
  File "/home/runner/work/Movie-Time-Server/Movie-Time-Server/cinemas/cinema_city.py", line 123, in get_by_location
    for movie in res.json():
                 ^^^^^^^^^^
  File "/home/runner/work/Movie-Time-Server/Movie-Time-Server/proxy.py", line 18, in json
    return json.loads(self.pre)
           ^^^^^^^^^^^^^^^^^^^^
  File "/opt/hostedtoolcache/Python/3.11.11/x64/lib/python3.11/json/__init__.py", line 339, in loads
    raise TypeError(f'the JSON object must be str, bytes or bytearray, '
TypeError: the JSON object must be str, bytes or bytearray, not NoneType
2025-03-30 03:22:27,227 - cinemas.cinema_city - INFO - DONE CINEMA CITY ASHDOD
2025-03-30 03:22:27,292 - proxy - INFO - Proxy removed
2025-03-30 03:22:27,292 - cinemas.cinema_city - INFO - DONE CINEMA CITY
2025-03-30 03:22:27,292 - cinemas.lev - INFO - STARTED LEV
2025-03-30 03:22:28,864 - proxy - INFO - Proxy: {'YourFuckingIPAddress': '77.91.69.236', 'YourFuckingLocation': 'Tel Aviv, TA, Israel', 'YourFuckingHostname': 'static.236.69.91.77.ip.webhost1.net', 'YourFuckingISP': 'CLOUD LEASE Ltd', 'YourFuckingTorExit': False, 'YourFuckingCity': 'Tel Aviv', 'YourFuckingCountry': 'Israel', 'YourFuckingCountryCode': 'IL'}
2025-03-30 03:22:28,864 - cinemas.lev - INFO - STARTED LEV TEL_AVIV
2025-03-30 03:22:30,080 - cinemas.lev - INFO - DONE LEV TEL_AVIV
2025-03-30 03:22:30,080 - cinemas.lev - INFO - STARTED LEV RAMAT_HASHARON
2025-03-30 03:22:30,512 - cinemas.lev - INFO - DONE LEV RAMAT_HASHARON
2025-03-30 03:22:30,512 - cinemas.lev - INFO - STARTED LEV MANDARIN
2025-03-30 03:22:31,033 - cinemas.lev - INFO - DONE LEV MANDARIN
2025-03-30 03:22:31,033 - cinemas.lev - INFO - STARTED LEV EVEN_YEHUDA
2025-03-30 03:22:31,598 - cinemas.lev - INFO - DONE LEV EVEN_YEHUDA
2025-03-30 03:22:31,598 - cinemas.lev - INFO - STARTED LEV SMADAR
2025-03-30 03:22:32,135 - cinemas.lev - INFO - DONE LEV SMADAR
2025-03-30 03:22:32,135 - cinemas.lev - INFO - STARTED LEV RAANANA
2025-03-30 03:22:32,659 - cinemas.lev - INFO - DONE LEV RAANANA
2025-03-30 03:22:32,659 - cinemas.lev - INFO - STARTED LEV OMER
2025-03-30 03:22:33,027 - cinemas.lev - INFO - DONE LEV OMER
2025-03-30 03:22:33,027 - cinemas.lev - INFO - STARTED LEV SHOHAM
2025-03-30 03:22:33,403 - cinemas.lev - INFO - DONE LEV SHOHAM
2025-03-30 03:22:33,403 - cinemas.lev - INFO - STARTED LEV DANIEL
2025-03-30 03:22:33,797 - cinemas.lev - INFO - DONE LEV DANIEL
2025-03-30 03:22:33,859 - proxy - INFO - Proxy removed
2025-03-30 03:22:33,859 - cinemas.lev - INFO - DONE LEV
2025-03-30 03:22:33,859 - cinemas.movieland - INFO - STARTED Movie Land
2025-03-30 03:22:33,859 - cinemas.movieland - INFO - STARTED Movie Land CARMIEL
2025-03-30 03:22:34,179 - cinemas.movieland - INFO - DONE Movie Land CARMIEL
2025-03-30 03:22:34,179 - cinemas.movieland - INFO - STARTED Movie Land HAIFA
2025-03-30 03:22:34,179 - cinemas.movieland - INFO - DONE Movie Land HAIFA
2025-03-30 03:22:34,179 - cinemas.movieland - INFO - STARTED Movie Land NATANYA
2025-03-30 03:22:34,180 - cinemas.movieland - INFO - DONE Movie Land NATANYA
2025-03-30 03:22:34,180 - cinemas.movieland - INFO - DONE Movie Land
2025-03-30 03:22:34,180 - root - INFO - ********************
2025-03-30 03:22:34,180 - root - INFO - started checking for:03-04-2025
2025-03-30 03:22:34,180 - cinemas.yes_planet - INFO - STARTED YES PLANET
2025-03-30 03:22:34,180 - cinemas.yes_planet - INFO - STARTED YES PLANET RISHON
2025-03-30 03:22:34,180 - cinemas.yes_planet - INFO - STARTED YES PLANET INIT
2025-03-30 03:22:34,883 - cinemas.yes_planet - INFO - DONE YES PLANET RISHON
2025-03-30 03:22:34,883 - cinemas.yes_planet - INFO - STARTED YES PLANET AYALON
2025-03-30 03:22:34,883 - cinemas.yes_planet - INFO - STARTED YES PLANET INIT
2025-03-30 03:22:35,540 - cinemas.yes_planet - INFO - DONE YES PLANET AYALON
2025-03-30 03:22:35,541 - cinemas.yes_planet - INFO - STARTED YES PLANET ZICHRON
2025-03-30 03:22:35,541 - cinemas.yes_planet - INFO - STARTED YES PLANET INIT
2025-03-30 03:22:36,196 - cinemas.yes_planet - INFO - DONE YES PLANET ZICHRON
2025-03-30 03:22:36,197 - cinemas.yes_planet - INFO - STARTED YES PLANET HAIFA
2025-03-30 03:22:36,197 - cinemas.yes_planet - INFO - STARTED YES PLANET INIT
2025-03-30 03:22:36,851 - cinemas.yes_planet - INFO - DONE YES PLANET HAIFA
2025-03-30 03:22:36,851 - cinemas.yes_planet - INFO - STARTED YES PLANET JERUSALEM
2025-03-30 03:22:36,851 - cinemas.yes_planet - INFO - STARTED YES PLANET INIT
2025-03-30 03:22:37,509 - cinemas.yes_planet - INFO - DONE YES PLANET JERUSALEM
2025-03-30 03:22:37,509 - cinemas.yes_planet - INFO - STARTED YES PLANET BEER_SHEVA
2025-03-30 03:22:37,509 - cinemas.yes_planet - INFO - STARTED YES PLANET INIT
2025-03-30 03:22:38,180 - cinemas.yes_planet - INFO - DONE YES PLANET BEER_SHEVA
2025-03-30 03:22:38,180 - cinemas.yes_planet - INFO - DONE YES PLANET
2025-03-30 03:22:38,180 - retry.api - WARNING - AssertionError: yes planet returned empty list in __main__.unsafe_get_screenings_from_cinema, retrying in 1 seconds...
2025-03-30 03:22:39,180 - cinemas.yes_planet - INFO - STARTED YES PLANET
2025-03-30 03:22:39,180 - cinemas.yes_planet - INFO - STARTED YES PLANET RISHON
2025-03-30 03:22:39,180 - cinemas.yes_planet - INFO - STARTED YES PLANET INIT
2025-03-30 03:22:40,036 - cinemas.yes_planet - INFO - DONE YES PLANET RISHON
2025-03-30 03:22:40,037 - cinemas.yes_planet - INFO - STARTED YES PLANET AYALON
2025-03-30 03:22:40,037 - cinemas.yes_planet - INFO - STARTED YES PLANET INIT
2025-03-30 03:22:40,707 - cinemas.yes_planet - INFO - DONE YES PLANET AYALON
2025-03-30 03:22:40,707 - cinemas.yes_planet - INFO - STARTED YES PLANET ZICHRON
2025-03-30 03:22:40,707 - cinemas.yes_planet - INFO - STARTED YES PLANET INIT
2025-03-30 03:22:41,369 - cinemas.yes_planet - INFO - DONE YES PLANET ZICHRON
2025-03-30 03:22:41,369 - cinemas.yes_planet - INFO - STARTED YES PLANET HAIFA
2025-03-30 03:22:41,369 - cinemas.yes_planet - INFO - STARTED YES PLANET INIT
2025-03-30 03:22:42,026 - cinemas.yes_planet - INFO - DONE YES PLANET HAIFA
2025-03-30 03:22:42,026 - cinemas.yes_planet - INFO - STARTED YES PLANET JERUSALEM
2025-03-30 03:22:42,026 - cinemas.yes_planet - INFO - STARTED YES PLANET INIT
2025-03-30 03:22:42,687 - cinemas.yes_planet - INFO - DONE YES PLANET JERUSALEM
2025-03-30 03:22:42,687 - cinemas.yes_planet - INFO - STARTED YES PLANET BEER_SHEVA
2025-03-30 03:22:42,687 - cinemas.yes_planet - INFO - STARTED YES PLANET INIT
2025-03-30 03:22:43,348 - cinemas.yes_planet - INFO - DONE YES PLANET BEER_SHEVA
2025-03-30 03:22:43,348 - cinemas.yes_planet - INFO - DONE YES PLANET
2025-03-30 03:22:43,348 - retry.api - WARNING - AssertionError: yes planet returned empty list in __main__.unsafe_get_screenings_from_cinema, retrying in 2 seconds...
2025-03-30 03:22:45,348 - cinemas.yes_planet - INFO - STARTED YES PLANET
2025-03-30 03:22:45,349 - cinemas.yes_planet - INFO - STARTED YES PLANET RISHON
2025-03-30 03:22:45,349 - cinemas.yes_planet - INFO - STARTED YES PLANET INIT
2025-03-30 03:22:46,178 - cinemas.yes_planet - INFO - DONE YES PLANET RISHON
2025-03-30 03:22:46,178 - cinemas.yes_planet - INFO - STARTED YES PLANET AYALON
2025-03-30 03:22:46,178 - cinemas.yes_planet - INFO - STARTED YES PLANET INIT
2025-03-30 03:22:46,845 - cinemas.yes_planet - INFO - DONE YES PLANET AYALON
2025-03-30 03:22:46,845 - cinemas.yes_planet - INFO - STARTED YES PLANET ZICHRON
2025-03-30 03:22:46,845 - cinemas.yes_planet - INFO - STARTED YES PLANET INIT
2025-03-30 03:22:47,508 - cinemas.yes_planet - INFO - DONE YES PLANET ZICHRON
2025-03-30 03:22:47,508 - cinemas.yes_planet - INFO - STARTED YES PLANET HAIFA
2025-03-30 03:22:47,508 - cinemas.yes_planet - INFO - STARTED YES PLANET INIT
2025-03-30 03:22:48,202 - cinemas.yes_planet - INFO - DONE YES PLANET HAIFA
2025-03-30 03:22:48,202 - cinemas.yes_planet - INFO - STARTED YES PLANET JERUSALEM
2025-03-30 03:22:48,202 - cinemas.yes_planet - INFO - STARTED YES PLANET INIT
2025-03-30 03:22:48,867 - cinemas.yes_planet - INFO - DONE YES PLANET JERUSALEM
2025-03-30 03:22:48,867 - cinemas.yes_planet - INFO - STARTED YES PLANET BEER_SHEVA
2025-03-30 03:22:48,867 - cinemas.yes_planet - INFO - STARTED YES PLANET INIT
2025-03-30 03:22:49,527 - cinemas.yes_planet - INFO - DONE YES PLANET BEER_SHEVA
2025-03-30 03:22:49,528 - cinemas.yes_planet - INFO - DONE YES PLANET
2025-03-30 03:22:49,528 - root - ERROR - yes planet crashed: yes planet returned empty list
2025-03-30 03:22:49,528 - cinemas.rav_hen - INFO - STARTED RAV HEN
2025-03-30 03:22:49,528 - cinemas.rav_hen - INFO - STARTED RAV HEN GIVATAIM
2025-03-30 03:22:51,194 - cinemas.rav_hen - INFO - DONE RAV HEN GIVATAIM
2025-03-30 03:22:51,194 - cinemas.rav_hen - INFO - STARTED RAV HEN DIZINGOF
2025-03-30 03:22:51,898 - cinemas.rav_hen - INFO - DONE RAV HEN DIZINGOF
2025-03-30 03:22:51,898 - cinemas.rav_hen - INFO - STARTED RAV HEN MODIIN
2025-03-30 03:22:52,687 - cinemas.rav_hen - INFO - DONE RAV HEN MODIIN
2025-03-30 03:22:52,687 - cinemas.rav_hen - INFO - STARTED RAV HEN KIRYAT_ONO
2025-03-30 03:22:53,359 - cinemas.rav_hen - INFO - DONE RAV HEN KIRYAT_ONO
2025-03-30 03:22:53,359 - cinemas.rav_hen - INFO - DONE RAV HEN
2025-03-30 03:22:53,359 - cinemas.hot_cinema - INFO - STARTED HOT CINEMA
2025-03-30 03:22:53,359 - cinemas.hot_cinema - INFO - STARTED HOT CINEMA MODIIN
2025-03-30 03:22:56,279 - cinemas.hot_cinema - INFO - DONE HOT CINEMA MODIIN
2025-03-30 03:22:56,279 - cinemas.hot_cinema - INFO - STARTED HOT CINEMA KIRYON
2025-03-30 03:22:56,485 - cinemas.hot_cinema - INFO - DONE HOT CINEMA KIRYON
2025-03-30 03:22:56,485 - cinemas.hot_cinema - INFO - STARTED HOT CINEMA KFAR_SABBA
2025-03-30 03:22:57,369 - cinemas.hot_cinema - INFO - DONE HOT CINEMA KFAR_SABBA
2025-03-30 03:22:57,369 - cinemas.hot_cinema - INFO - STARTED HOT CINEMA HAIFA
2025-03-30 03:22:57,576 - cinemas.hot_cinema - INFO - DONE HOT CINEMA HAIFA
2025-03-30 03:22:57,576 - cinemas.hot_cinema - INFO - STARTED HOT CINEMA PETACH_TIKVA
2025-03-30 03:22:58,459 - cinemas.hot_cinema - INFO - DONE HOT CINEMA PETACH_TIKVA
2025-03-30 03:22:58,459 - cinemas.hot_cinema - INFO - STARTED HOT CINEMA RECHOVOT
2025-03-30 03:22:58,666 - cinemas.hot_cinema - INFO - DONE HOT CINEMA RECHOVOT
2025-03-30 03:22:58,666 - cinemas.hot_cinema - INFO - STARTED HOT CINEMA ASHKELON
2025-03-30 03:22:58,878 - cinemas.hot_cinema - INFO - DONE HOT CINEMA ASHKELON
2025-03-30 03:22:58,878 - cinemas.hot_cinema - INFO - STARTED HOT CINEMA KARMIEL
2025-03-30 03:22:59,084 - cinemas.hot_cinema - INFO - DONE HOT CINEMA KARMIEL
2025-03-30 03:22:59,084 - cinemas.hot_cinema - INFO - STARTED HOT CINEMA NAHARIA
2025-03-30 03:22:59,291 - cinemas.hot_cinema - INFO - DONE HOT CINEMA NAHARIA
2025-03-30 03:22:59,291 - cinemas.hot_cinema - INFO - STARTED HOT CINEMA ASHDOD
2025-03-30 03:23:00,186 - cinemas.hot_cinema - INFO - DONE HOT CINEMA ASHDOD
2025-03-30 03:23:00,186 - cinemas.hot_cinema - INFO - DONE HOT CINEMA
2025-03-30 03:23:00,186 - cinemas.cinema_city - INFO - STARTED CINEMA CITY
2025-03-30 03:23:01,757 - proxy - INFO - Proxy: {'YourFuckingIPAddress': '77.91.69.236', 'YourFuckingLocation': 'Tel Aviv, TA, Israel', 'YourFuckingHostname': 'static.236.69.91.77.ip.webhost1.net', 'YourFuckingISP': 'CLOUD LEASE Ltd', 'YourFuckingTorExit': False, 'YourFuckingCity': 'Tel Aviv', 'YourFuckingCountry': 'Israel', 'YourFuckingCountryCode': 'IL'}
2025-03-30 03:23:01,757 - cinemas.cinema_city - INFO - STARTED CINEMA CITY GLILOT
2025-03-30 03:23:24,727 - cinemas.cinema_city - INFO - DONE CINEMA CITY GLILOT
2025-03-30 03:23:24,727 - cinemas.cinema_city - INFO - STARTED CINEMA CITY RISHON
2025-03-30 03:23:26,408 - cinemas.cinema_city - INFO - DONE CINEMA CITY RISHON
2025-03-30 03:23:26,409 - cinemas.cinema_city - INFO - STARTED CINEMA CITY JERUSALEM
2025-03-30 03:23:27,919 - cinemas.cinema_city - INFO - DONE CINEMA CITY JERUSALEM
2025-03-30 03:23:27,919 - cinemas.cinema_city - INFO - STARTED CINEMA CITY KFAR_SABBA
2025-03-30 03:23:29,662 - cinemas.cinema_city - INFO - DONE CINEMA CITY KFAR_SABBA
2025-03-30 03:23:29,662 - cinemas.cinema_city - INFO - STARTED CINEMA CITY NATANIA
2025-03-30 03:23:31,405 - cinemas.cinema_city - INFO - DONE CINEMA CITY NATANIA
2025-03-30 03:23:31,405 - cinemas.cinema_city - INFO - STARTED CINEMA CITY BEER_SHEVA
2025-03-30 03:23:33,150 - cinemas.cinema_city - INFO - DONE CINEMA CITY BEER_SHEVA
2025-03-30 03:23:33,150 - cinemas.cinema_city - INFO - STARTED CINEMA CITY HADERA
2025-03-30 03:23:34,894 - cinemas.cinema_city - INFO - DONE CINEMA CITY HADERA
2025-03-30 03:23:34,894 - cinemas.cinema_city - INFO - STARTED CINEMA CITY ASHDOD
2025-03-30 03:23:36,693 - cinemas.cinema_city - WARNING - error while getting movie info:
Traceback (most recent call last):
  File "/home/runner/work/Movie-Time-Server/Movie-Time-Server/cinemas/cinema_city.py", line 123, in get_by_location
    for movie in res.json():
                 ^^^^^^^^^^
  File "/home/runner/work/Movie-Time-Server/Movie-Time-Server/proxy.py", line 18, in json
    return json.loads(self.pre)
           ^^^^^^^^^^^^^^^^^^^^
  File "/opt/hostedtoolcache/Python/3.11.11/x64/lib/python3.11/json/__init__.py", line 339, in loads
    raise TypeError(f'the JSON object must be str, bytes or bytearray, '
TypeError: the JSON object must be str, bytes or bytearray, not NoneType
2025-03-30 03:23:36,693 - cinemas.cinema_city - INFO - DONE CINEMA CITY ASHDOD
2025-03-30 03:23:36,769 - proxy - INFO - Proxy removed
2025-03-30 03:23:36,769 - cinemas.cinema_city - INFO - DONE CINEMA CITY
2025-03-30 03:23:36,769 - cinemas.lev - INFO - STARTED LEV
2025-03-30 03:23:38,452 - proxy - INFO - Proxy: {'YourFuckingIPAddress': '77.91.69.236', 'YourFuckingLocation': 'Tel Aviv, TA, Israel', 'YourFuckingHostname': 'static.236.69.91.77.ip.webhost1.net', 'YourFuckingISP': 'CLOUD LEASE Ltd', 'YourFuckingTorExit': False, 'YourFuckingCity': 'Tel Aviv', 'YourFuckingCountry': 'Israel', 'YourFuckingCountryCode': 'IL'}
2025-03-30 03:23:38,452 - cinemas.lev - INFO - STARTED LEV TEL_AVIV
2025-03-30 03:23:41,244 - cinemas.lev - INFO - DONE LEV TEL_AVIV
2025-03-30 03:23:41,244 - cinemas.lev - INFO - STARTED LEV RAMAT_HASHARON
2025-03-30 03:23:41,719 - cinemas.lev - INFO - DONE LEV RAMAT_HASHARON
2025-03-30 03:23:41,719 - cinemas.lev - INFO - STARTED LEV MANDARIN
2025-03-30 03:23:42,140 - cinemas.lev - INFO - DONE LEV MANDARIN
2025-03-30 03:23:42,140 - cinemas.lev - INFO - STARTED LEV EVEN_YEHUDA
2025-03-30 03:23:43,234 - cinemas.lev - INFO - DONE LEV EVEN_YEHUDA
2025-03-30 03:23:43,234 - cinemas.lev - INFO - STARTED LEV SMADAR
2025-03-30 03:23:43,770 - cinemas.lev - INFO - DONE LEV SMADAR
2025-03-30 03:23:43,770 - cinemas.lev - INFO - STARTED LEV RAANANA
2025-03-30 03:23:44,806 - cinemas.lev - INFO - DONE LEV RAANANA
2025-03-30 03:23:44,807 - cinemas.lev - INFO - STARTED LEV OMER
2025-03-30 03:23:45,340 - cinemas.lev - INFO - DONE LEV OMER
2025-03-30 03:23:45,341 - cinemas.lev - INFO - STARTED LEV SHOHAM
2025-03-30 03:23:46,074 - cinemas.lev - INFO - DONE LEV SHOHAM
2025-03-30 03:23:46,074 - cinemas.lev - INFO - STARTED LEV DANIEL
2025-03-30 03:23:46,501 - cinemas.lev - INFO - DONE LEV DANIEL
2025-03-30 03:23:46,560 - proxy - INFO - Proxy removed
2025-03-30 03:23:46,560 - cinemas.lev - INFO - DONE LEV
2025-03-30 03:23:46,560 - cinemas.movieland - INFO - STARTED Movie Land
2025-03-30 03:23:46,560 - cinemas.movieland - INFO - STARTED Movie Land CARMIEL
2025-03-30 03:23:47,214 - cinemas.movieland - INFO - DONE Movie Land CARMIEL
2025-03-30 03:23:47,214 - cinemas.movieland - INFO - STARTED Movie Land HAIFA
2025-03-30 03:23:47,214 - cinemas.movieland - INFO - DONE Movie Land HAIFA
2025-03-30 03:23:47,214 - cinemas.movieland - INFO - STARTED Movie Land NATANYA
2025-03-30 03:23:47,215 - cinemas.movieland - INFO - DONE Movie Land NATANYA
2025-03-30 03:23:47,215 - cinemas.movieland - INFO - DONE Movie Land
2025-03-30 03:23:47,285 - seret.movie_info_fetchers.composite - INFO - Got info for  using ElasticMovieInfoFetcher
2025-03-30 03:23:47,285 - seret.info_fetcher - ERROR - Failed to get info for  and 
2025-03-30 03:23:49,207 - seret.movie_info_fetchers.composite - INFO - Got info for   using ElasticMovieInfoFetcher
2025-03-30 03:23:50,151 - seret.movie_info_fetchers.composite - INFO - Got info for   using ElasticMovieInfoFetcher
2025-03-30 03:23:51,499 - seret.movie_info_fetchers.composite - INFO - Got info for   using ElasticMovieInfoFetcher
2025-03-30 03:23:53,184 - seret.movie_info_fetchers.composite - INFO - Got info for   using ElasticMovieInfoFetcher
2025-03-30 03:23:54,943 - seret.movie_info_fetchers.composite - INFO - Got info for     using ElasticMovieInfoFetcher
2025-03-30 03:23:56,826 - seret.movie_info_fetchers.composite - INFO - Got info for   using ElasticMovieInfoFetcher
2025-03-30 03:23:57,769 - seret.movie_info_fetchers.composite - INFO - Got info for   using ElasticMovieInfoFetcher
2025-03-30 03:23:59,581 - seret.movie_info_fetchers.composite - INFO - Got info for   using ElasticMovieInfoFetcher
2025-03-30 03:24:01,419 - seret.movie_info_fetchers.composite - INFO - Got info for  using ElasticMovieInfoFetcher
2025-03-30 03:24:02,892 - seret.movie_info_fetchers.composite - INFO - Got info for  :    using ElasticMovieInfoFetcher
2025-03-30 03:24:04,435 - seret.movie_info_fetchers.composite - INFO - Got info for , ,  using ElasticMovieInfoFetcher
2025-03-30 03:24:05,959 - seret.movie_info_fetchers.composite - INFO - Got info for  ' using ElasticMovieInfoFetcher
2025-03-30 03:24:07,176 - seret.movie_info_fetchers.composite - INFO - Got info for ' ':   using ElasticMovieInfoFetcher
2025-03-30 03:24:08,412 - seret.movie_info_fetchers.composite - INFO - Got info for  17 using ElasticMovieInfoFetcher
2025-03-30 03:24:09,525 - seret.movie_info_fetchers.composite - INFO - Got info for Dog Man using ElasticMovieInfoFetcher
2025-03-30 03:24:10,645 - seret.movie_info_fetchers.composite - INFO - Got info for The Alto Knights using ElasticMovieInfoFetcher
2025-03-30 03:24:10,658 - seret.movie_info_fetchers.composite - INFO - Got info for the ring using ElasticMovieInfoFetcher
2025-03-30 03:24:10,665 - seret.movie_info_fetchers.composite - INFO - Got info for  using ElasticMovieInfoFetcher
2025-03-30 03:24:10,673 - seret.movie_info_fetchers.composite - INFO - Got info for INHERITANCE using ElasticMovieInfoFetcher
2025-03-30 03:24:10,673 - seret.info_fetcher - ERROR - Failed to get info for INHERITANCE and 
2025-03-30 03:24:10,683 - seret.movie_info_fetchers.composite - INFO - Got info for    using ElasticMovieInfoFetcher
2025-03-30 03:24:12,966 - seret.movie_info_fetchers.composite - INFO - Got info for The Wizard of Emerald City using ElasticMovieInfoFetcher
2025-03-30 03:24:15,190 - seret.movie_info_fetchers.composite - INFO - Got info for  using ElasticMovieInfoFetcher
2025-03-30 03:24:16,013 - seret.movie_info_fetchers.composite - INFO - Got info for THE MONEKY using ElasticMovieInfoFetcher
2025-03-30 03:24:17,120 - seret.movie_info_fetchers.composite - INFO - Got info for Novocaine using ElasticMovieInfoFetcher
2025-03-30 03:24:18,960 - imdb_api - ERROR - id='tt33457310', movie='Terrifier 3'
Traceback (most recent call last):
  File "/home/runner/work/Movie-Time-Server/Movie-Time-Server/seret/movie_raters/imdb_api.py", line 67, in get_imdb_rating
    return info["aggregateRating"]['ratingValue']
           ~~~~^^^^^^^^^^^^^^^^^^^
KeyError: 'aggregateRating'
2025-03-30 03:24:18,961 - seret.movie_raters.composite - WARNING - Failed to get rating for Terrifier 3
2025-03-30 03:24:19,239 - seret.movie_raters.composite - WARNING - Failed to get rating for  3
2025-03-30 03:24:19,239 - seret.movie_info_fetchers.composite - INFO - Got info for  3 using ElasticMovieInfoFetcher
2025-03-30 03:24:20,160 - seret.movie_info_fetchers.composite - INFO - Got info for Terrifier 3 using ElasticMovieInfoFetcher
2025-03-30 03:24:21,116 - seret.movie_info_fetchers.composite - INFO - Got info for  using ElasticMovieInfoFetcher
2025-03-30 03:24:21,124 - seret.movie_info_fetchers.composite - INFO - Got info for Locked using ElasticMovieInfoFetcher
2025-03-30 03:24:21,855 - seret.movie_info_fetchers.composite - INFO - Got info for A WORKING MAN using ElasticMovieInfoFetcher
2025-03-30 03:24:24,061 - seret.movie_info_fetchers.composite - INFO - Got info for  3 using ElasticMovieInfoFetcher
2025-03-30 03:24:24,842 - seret.movie_info_fetchers.composite - INFO - Got info for Sonic 3 using ElasticMovieInfoFetcher
2025-03-30 03:24:25,606 - seret.movie_info_fetchers.composite - INFO - Got info for Paddington in Peru using ElasticMovieInfoFetcher
2025-03-30 03:24:26,451 - seret.movie_info_fetchers.composite - INFO - Got info for Pink Lady using ElasticMovieInfoFetcher
2025-03-30 03:24:27,326 - seret.movie_info_fetchers.composite - INFO - Got info for CAPTAIN AMERICA - Brave New World using ElasticMovieInfoFetcher
2025-03-30 03:24:27,336 - seret.movie_info_fetchers.composite - INFO - Got info for Snow White using ElasticMovieInfoFetcher
2025-03-30 03:24:28,590 - seret.movie_info_fetchers.composite - INFO - Got info for    using ElasticMovieInfoFetcher
2025-03-30 03:24:29,495 - seret.movie_info_fetchers.composite - INFO - Got info for ROLE PLAY using ElasticMovieInfoFetcher
2025-03-30 03:24:30,583 - seret.movie_info_fetchers.composite - INFO - Got info for  using ElasticMovieInfoFetcher
2025-03-30 03:24:32,521 - seret.movie_info_fetchers.composite - INFO - Got info for Grease using ElasticMovieInfoFetcher
2025-03-30 03:24:34,316 - seret.movie_info_fetchers.composite - INFO - Got info for    using ElasticMovieInfoFetcher
2025-03-30 03:24:35,489 - seret.movie_info_fetchers.composite - INFO - Got info for My Freaky Family using ElasticMovieInfoFetcher
2025-03-30 03:24:35,496 - seret.movie_info_fetchers.composite - INFO - Got info for  using ElasticMovieInfoFetcher
2025-03-30 03:24:36,585 - seret.movie_info_fetchers.composite - INFO - Got info for Last Breath using ElasticMovieInfoFetcher
2025-03-30 03:24:37,683 - seret.movie_info_fetchers.composite - INFO - Got info for F*** MARRY KILL using ElasticMovieInfoFetcher
2025-03-30 03:24:38,920 - imdb_api - ERROR - id='tt27419466', movie='Moana 2'
Traceback (most recent call last):
  File "/home/runner/work/Movie-Time-Server/Movie-Time-Server/seret/movie_raters/imdb_api.py", line 67, in get_imdb_rating
    return info["aggregateRating"]['ratingValue']
           ~~~~^^^^^^^^^^^^^^^^^^^
KeyError: 'aggregateRating'
2025-03-30 03:24:38,920 - seret.movie_raters.composite - WARNING - Failed to get rating for Moana 2
2025-03-30 03:24:39,260 - seret.movie_raters.composite - WARNING - Failed to get rating for  2
2025-03-30 03:24:39,260 - seret.movie_info_fetchers.composite - INFO - Got info for  2 using ElasticMovieInfoFetcher
2025-03-30 03:24:40,028 - imdb_api - ERROR - id='tt27419466', movie='Moana 2'
Traceback (most recent call last):
  File "/home/runner/work/Movie-Time-Server/Movie-Time-Server/seret/movie_raters/imdb_api.py", line 67, in get_imdb_rating
    return info["aggregateRating"]['ratingValue']
           ~~~~^^^^^^^^^^^^^^^^^^^
KeyError: 'aggregateRating'
2025-03-30 03:24:40,029 - seret.movie_raters.composite - WARNING - Failed to get rating for Moana 2
2025-03-30 03:24:40,070 - seret.movie_raters.composite - WARNING - Failed to get rating for  2
2025-03-30 03:24:40,070 - seret.movie_info_fetchers.composite - INFO - Got info for Moana 2 using ElasticMovieInfoFetcher
2025-03-30 03:24:41,660 - seret.movie_info_fetchers.composite - INFO - Got info for :   using ElasticMovieInfoFetcher
2025-03-30 03:24:42,598 - seret.movie_info_fetchers.composite - INFO - Got info for Mufasa: The Lion King using ElasticMovieInfoFetcher
2025-03-30 03:24:43,428 - seret.movie_info_fetchers.composite - INFO - Got info for Mickey 17 using ElasticMovieInfoFetcher
2025-03-30 03:24:44,212 - seret.movie_info_fetchers.composite - INFO - Got info for PADDINGTON IN PERU using ElasticMovieInfoFetcher
2025-03-30 03:24:46,227 - seret.movie_info_fetchers.composite - INFO - Got info for   using ElasticMovieInfoFetcher
2025-03-30 03:24:47,140 - seret.movie_info_fetchers.composite - INFO - Got info for The Retirement Plan using ElasticMovieInfoFetcher
2025-03-30 03:24:49,469 - seret.movie_info_fetchers.composite - INFO - Got info for   using ElasticMovieInfoFetcher
2025-03-30 03:24:49,477 - seret.movie_info_fetchers.composite - INFO - Got info for Crossing using ElasticMovieInfoFetcher
2025-03-30 03:24:50,792 - seret.movie_info_fetchers.composite - INFO - Got info for  using ElasticMovieInfoFetcher
2025-03-30 03:24:51,587 - seret.movie_info_fetchers.composite - INFO - Got info for The Brutalist using ElasticMovieInfoFetcher
2025-03-30 03:24:52,394 - seret.movie_info_fetchers.composite - INFO - Got info for Il Primo Giorno Della Mia Vita using ElasticMovieInfoFetcher
2025-03-30 03:24:54,296 - seret.movie_info_fetchers.composite - INFO - Got info for   using ElasticMovieInfoFetcher
2025-03-30 03:24:55,774 - seret.movie_info_fetchers.composite - INFO - Got info for A Complete Unknown using ElasticMovieInfoFetcher
2025-03-30 03:24:56,600 - seret.movie_info_fetchers.composite - INFO - Got info for  using ElasticMovieInfoFetcher
2025-03-30 03:24:57,584 - seret.movie_info_fetchers.composite - INFO - Got info for Anora using ElasticMovieInfoFetcher
2025-03-30 03:24:59,633 - seret.movie_info_fetchers.composite - INFO - Got info for   using ElasticMovieInfoFetcher
2025-03-30 03:25:00,297 - seret.movie_info_fetchers.composite - INFO - Got info for Auction using ElasticMovieInfoFetcher
2025-03-30 03:25:01,681 - seret.movie_info_fetchers.composite - INFO - Got info for      using ElasticMovieInfoFetcher
2025-03-30 03:25:02,938 - seret.movie_info_fetchers.composite - INFO - Got info for All We Imagine as Light using ElasticMovieInfoFetcher
2025-03-30 03:25:03,811 - seret.movie_info_fetchers.composite - INFO - Got info for Alto Knights using ElasticMovieInfoFetcher
2025-03-30 03:25:04,632 - seret.movie_info_fetchers.composite - INFO - Got info for ' '   using ElasticMovieInfoFetcher
2025-03-30 03:25:05,606 - seret.movie_info_fetchers.composite - INFO - Got info for Bridget Jones: mad About The Boy using ElasticMovieInfoFetcher
2025-03-30 03:25:05,612 - seret.movie_info_fetchers.composite - INFO - Got info for  using ElasticMovieInfoFetcher
2025-03-30 03:25:05,613 - seret.info_fetcher - ERROR - Failed to get info for None and 
2025-03-30 03:25:06,241 - seret.movie_raters.composite - WARNING - Failed to get rating for And I Was There
2025-03-30 03:25:06,646 - seret.movie_raters.composite - WARNING - Failed to get rating for   
2025-03-30 03:25:06,646 - seret.movie_info_fetchers.composite - INFO - Got info for I Was There using ElasticMovieInfoFetcher
2025-03-30 03:25:06,651 - seret.movie_info_fetchers.composite - INFO - Got info for Inheritance using ElasticMovieInfoFetcher
2025-03-30 03:25:07,986 - seret.movie_info_fetchers.composite - INFO - Got info for     using ElasticMovieInfoFetcher
2025-03-30 03:25:08,782 - seret.movie_info_fetchers.composite - INFO - Got info for EL MAESTRO QUE PROMETI EL MAR using ElasticMovieInfoFetcher
2025-03-30 03:25:10,314 - seret.movie_info_fetchers.composite - INFO - Got info for    using ElasticMovieInfoFetcher
2025-03-30 03:25:11,250 - seret.movie_info_fetchers.composite - INFO - Got info for RUNT using ElasticMovieInfoFetcher
2025-03-30 03:25:12,256 - seret.movie_info_fetchers.composite - INFO - Got info for   using ElasticMovieInfoFetcher
2025-03-30 03:25:12,262 - seret.movie_info_fetchers.composite - INFO - Got info for Cleaner using ElasticMovieInfoFetcher
2025-03-30 03:25:13,297 - seret.movie_info_fetchers.composite - INFO - Got info for Paddington In Peru using ElasticMovieInfoFetcher
2025-03-30 03:25:14,154 - seret.movie_info_fetchers.composite - INFO - Got info for Captain America: Brave New World using ElasticMovieInfoFetcher
2025-03-30 03:25:15,869 - seret.movie_info_fetchers.composite - INFO - Got info for   using ElasticMovieInfoFetcher
2025-03-30 03:25:17,153 - seret.movie_info_fetchers.composite - INFO - Got info for Bookworm using ElasticMovieInfoFetcher
2025-03-30 03:25:18,232 - seret.movie_info_fetchers.composite - INFO - Got info for   .     using ElasticMovieInfoFetcher
2025-03-30 03:25:19,087 - seret.movie_info_fetchers.composite - INFO - Got info for The Monkey using ElasticMovieInfoFetcher
2025-03-30 03:25:20,038 - seret.movie_info_fetchers.composite - INFO - Got info for Jamais Sans Mon Psy using ElasticMovieInfoFetcher
2025-03-30 03:25:20,049 - seret.movie_info_fetchers.composite - INFO - Got info for The First Day of My Life using ElasticMovieInfoFetcher
2025-03-30 03:25:22,163 - seret.movie_info_fetchers.composite - INFO - Got info for  using ElasticMovieInfoFetcher
2025-03-30 03:25:22,959 - seret.movie_info_fetchers.composite - INFO - Got info for Scarygirl using ElasticMovieInfoFetcher
2025-03-30 03:25:24,066 - seret.movie_info_fetchers.composite - INFO - Got info for   using ElasticMovieInfoFetcher
2025-03-30 03:25:24,892 - seret.movie_info_fetchers.composite - INFO - Got info for Alarum using ElasticMovieInfoFetcher
2025-03-30 03:25:26,326 - seret.movie_info_fetchers.composite - INFO - Got info for The Teacher Who Promised The Sea using ElasticMovieInfoFetcher
2025-03-30 03:25:27,959 - seret.movie_info_fetchers.composite - INFO - Got info for  using ElasticMovieInfoFetcher
2025-03-30 03:25:27,966 - seret.movie_info_fetchers.composite - INFO - Got info for The Milky Way using ElasticMovieInfoFetcher
2025-03-30 03:25:29,975 - seret.movie_info_fetchers.composite - INFO - Got info for     using ElasticMovieInfoFetcher
2025-03-30 03:25:30,919 - seret.movie_info_fetchers.composite - INFO - Got info for Conclave using ElasticMovieInfoFetcher
2025-03-30 03:25:32,095 - seret.movie_info_fetchers.composite - INFO - Got info for   using ElasticMovieInfoFetcher
2025-03-30 03:25:32,913 - seret.movie_info_fetchers.composite - INFO - Got info for The Room Next Door using ElasticMovieInfoFetcher
2025-03-30 03:25:34,420 - seret.movie_info_fetchers.composite - INFO - Got info for    using ElasticMovieInfoFetcher
2025-03-30 03:25:35,807 - seret.movie_info_fetchers.composite - INFO - Got info for I'm Still Here using ElasticMovieInfoFetcher
2025-03-30 03:25:37,367 - seret.movie_info_fetchers.composite - INFO - Got info for  using ElasticMovieInfoFetcher
2025-03-30 03:25:38,028 - seret.movie_info_fetchers.composite - INFO - Got info for Halisa using ElasticMovieInfoFetcher
2025-03-30 03:25:38,035 - seret.movie_info_fetchers.composite - INFO - Got info for Snow White Dubbed using ElasticMovieInfoFetcher
2025-03-30 03:25:39,544 - seret.movie_info_fetchers.composite - INFO - Got info for   using ElasticMovieInfoFetcher
2025-03-30 03:25:40,464 - seret.movie_info_fetchers.composite - INFO - Got info for Flow using ElasticMovieInfoFetcher
2025-03-30 03:25:42,107 - seret.movie_info_fetchers.composite - INFO - Got info for    using ElasticMovieInfoFetcher
2025-03-30 03:25:43,102 - seret.movie_info_fetchers.composite - INFO - Got info for Memoir of a Snail using ElasticMovieInfoFetcher
2025-03-30 03:25:43,994 - seret.movie_info_fetchers.composite - INFO - Got info for Dog Man Dubbed using ElasticMovieInfoFetcher
2025-03-30 03:25:44,497 - seret.movie_raters.composite - WARNING - Failed to get rating for The Star Maker
2025-03-30 03:25:44,916 - seret.movie_raters.composite - WARNING - Failed to get rating for  
2025-03-30 03:25:44,916 - seret.movie_info_fetchers.composite - INFO - Got info for   +   using ElasticMovieInfoFetcher
2025-03-30 03:25:46,724 - seret.movie_info_fetchers.composite - INFO - Got info for A Letter to David using ElasticMovieInfoFetcher
2025-03-30 03:25:47,394 - seret.movie_info_fetchers.composite - INFO - Got info for NOVOCAINE using ElasticMovieInfoFetcher
2025-03-30 03:25:47,400 - seret.movie_info_fetchers.composite - INFO - Got info for LOCKED using ElasticMovieInfoFetcher
2025-03-30 03:25:48,175 - seret.movie_info_fetchers.composite - INFO - Got info for   using ElasticMovieInfoFetcher
2025-03-30 03:25:49,114 - seret.movie_info_fetchers.composite - INFO - Got info for The Retirement Plan using ElasticMovieInfoFetcher
2025-03-30 03:25:50,902 - seret.movie_info_fetchers.composite - INFO - Got info for 200%  using ElasticMovieInfoFetcher
2025-03-30 03:25:51,982 - seret.movie_info_fetchers.composite - INFO - Got info for 200% Wolf using ElasticMovieInfoFetcher
2025-03-30 03:25:51,988 - seret.movie_info_fetchers.composite - INFO - Got info for  using ElasticMovieInfoFetcher
2025-03-30 03:25:51,988 - seret.info_fetcher - ERROR - Failed to get info for  and 
2025-03-30 03:25:52,871 - seret.movie_info_fetchers.composite - INFO - Got info for BOOKWORM using ElasticMovieInfoFetcher
2025-03-30 03:25:54,193 - seret.movie_info_fetchers.composite - INFO - Got info for    using ElasticMovieInfoFetcher
2025-03-30 03:25:56,082 - imdb_api - ERROR - id='tt14779148', movie='Big Trip 3'
Traceback (most recent call last):
  File "/home/runner/work/Movie-Time-Server/Movie-Time-Server/seret/movie_raters/imdb_api.py", line 67, in get_imdb_rating
    return info["aggregateRating"]['ratingValue']
           ~~~~^^^^^^^^^^^^^^^^^^^
KeyError: 'aggregateRating'
2025-03-30 03:25:56,082 - seret.movie_raters.composite - WARNING - Failed to get rating for Big Trip 3
2025-03-30 03:25:56,361 - seret.movie_raters.composite - WARNING - Failed to get rating for   
2025-03-30 03:25:56,361 - seret.movie_info_fetchers.composite - INFO - Got info for Big Trip 3 using ElasticMovieInfoFetcher
2025-03-30 03:25:57,719 - seret.movie_info_fetchers.composite - INFO - Got info for  -   using ElasticMovieInfoFetcher
2025-03-30 03:25:58,588 - seret.movie_info_fetchers.composite - INFO - Got info for The Diplomat using ElasticMovieInfoFetcher
2025-03-30 03:25:58,596 - seret.movie_info_fetchers.composite - INFO - Got info for        using ElasticMovieInfoFetcher
2025-03-30 03:25:59,410 - seret.movie_info_fetchers.composite - INFO - Got info for The Wizard of Emerald City using ElasticMovieInfoFetcher
2025-03-30 03:26:00,202 - seret.movie_info_fetchers.composite - INFO - Got info for Runt using ElasticMovieInfoFetcher
2025-03-30 03:26:00,741 - seret.movie_raters.composite - WARNING - Failed to get rating for Lady L
2025-03-30 03:26:00,965 - seret.movie_raters.composite - WARNING - Failed to get rating for  .
2025-03-30 03:26:00,966 - seret.movie_info_fetchers.composite - INFO - Got info for    -HOT CINEMA using ElasticMovieInfoFetcher
2025-03-30 03:26:03,016 - seret.movie_info_fetchers.composite - INFO - Got info for Comedy Bar Daniel Cohen using ElasticMovieInfoFetcher
2025-03-30 03:26:03,016 - seret.info_fetcher - ERROR - Failed to get info for Comedy Bar Daniel Cohen and    -HOT CINEMA
2025-03-30 03:26:04,274 - seret.movie_info_fetchers.composite - INFO - Got info for   using ElasticMovieInfoFetcher
2025-03-30 03:26:04,960 - seret.movie_info_fetchers.composite - INFO - Got info for Chhaava using ElasticMovieInfoFetcher
2025-03-30 03:26:05,948 - seret.movie_info_fetchers.composite - INFO - Got info for -  using ElasticMovieInfoFetcher
2025-03-30 03:26:06,739 - seret.movie_info_fetchers.composite - INFO - Got info for The Diplomat using ElasticMovieInfoFetcher
2025-03-30 03:26:08,254 - seret.movie_info_fetchers.composite - INFO - Got info for  using ElasticMovieInfoFetcher
2025-03-30 03:26:09,165 - seret.movie_info_fetchers.composite - INFO - Got info for Maria using ElasticMovieInfoFetcher
2025-03-30 03:26:10,497 - seret.movie_info_fetchers.composite - INFO - Got info for    -     using ElasticMovieInfoFetcher
2025-03-30 03:26:11,311 - seret.movie_info_fetchers.composite - INFO - Got info for Widow Clicquot using ElasticMovieInfoFetcher
2025-03-30 03:26:12,154 - seret.movie_info_fetchers.composite - INFO - Got info for  using ElasticMovieInfoFetcher
2025-03-30 03:26:13,018 - seret.movie_info_fetchers.composite - INFO - Got info for The Diplomat using ElasticMovieInfoFetcher
2025-03-30 03:26:13,454 - seret.movie_raters.composite - WARNING - Failed to get rating for No. 17
2025-03-30 03:26:13,690 - seret.movie_raters.composite - WARNING - Failed to get rating for  -17
2025-03-30 03:26:13,690 - seret.movie_info_fetchers.composite - INFO - Got info for  17 using ElasticMovieInfoFetcher
2025-03-30 03:26:13,695 - seret.movie_info_fetchers.composite - INFO - Got info for Longing using ElasticMovieInfoFetcher
2025-03-30 03:26:16,158 - seret.movie_info_fetchers.composite - INFO - Got info for    using ElasticMovieInfoFetcher
2025-03-30 03:26:17,616 - seret.movie_info_fetchers.composite - INFO - Got info for Riviera Revenge using ElasticMovieInfoFetcher
2025-03-30 03:26:19,194 - seret.movie_info_fetchers.composite - INFO - Got info for  using ElasticMovieInfoFetcher
2025-03-30 03:26:20,332 - seret.movie_info_fetchers.composite - INFO - Got info for tenor using ElasticMovieInfoFetcher
2025-03-30 03:26:21,934 - seret.movie_info_fetchers.composite - INFO - Got info for   -      using ElasticMovieInfoFetcher
2025-03-30 03:26:22,526 - seret.movie_info_fetchers.composite - INFO - Got info for Horse With no Name using ElasticMovieInfoFetcher
2025-03-30 03:26:24,011 - seret.movie_info_fetchers.composite - INFO - Got info for  using ElasticMovieInfoFetcher
2025-03-30 03:26:24,844 - seret.movie_info_fetchers.composite - INFO - Got info for The Braid using ElasticMovieInfoFetcher
2025-03-30 03:26:26,159 - seret.movie_info_fetchers.composite - INFO - Got info for    using ElasticMovieInfoFetcher
2025-03-30 03:26:26,976 - seret.movie_info_fetchers.composite - INFO - Got info for The seed of the sacred fig using ElasticMovieInfoFetcher
2025-03-30 03:26:27,770 - seret.movie_info_fetchers.composite - INFO - Got info for Im Still Here using ElasticMovieInfoFetcher
2025-03-30 03:26:29,371 - seret.movie_info_fetchers.composite - INFO - Got info for   using ElasticMovieInfoFetcher
2025-03-30 03:26:30,255 - seret.movie_info_fetchers.composite - INFO - Got info for HIGHWAY 65 using ElasticMovieInfoFetcher
2025-03-30 03:26:32,195 - seret.movie_info_fetchers.composite - INFO - Got info for   using ElasticMovieInfoFetcher
2025-03-30 03:26:32,202 - seret.movie_info_fetchers.composite - INFO - Got info for Show Total using ElasticMovieInfoFetcher
2025-03-30 03:26:33,583 - seret.movie_info_fetchers.composite - INFO - Got info for  using ElasticMovieInfoFetcher
2025-03-30 03:26:35,592 - seret.movie_info_fetchers.composite - INFO - Got info for Blanche Neige using ElasticMovieInfoFetcher
2025-03-30 03:26:37,371 - seret.movie_info_fetchers.composite - INFO - Got info for  using ElasticMovieInfoFetcher
2025-03-30 03:26:37,946 - seret.movie_info_fetchers.composite - INFO - Got info for La petite using ElasticMovieInfoFetcher
2025-03-30 03:26:38,719 - seret.movie_info_fetchers.composite - INFO - Got info for  3  using ElasticMovieInfoFetcher
2025-03-30 03:26:39,445 - seret.movie_info_fetchers.composite - INFO - Got info for Sonic the Hedgehog 3 using ElasticMovieInfoFetcher
2025-03-30 03:26:40,356 - seret.movie_info_fetchers.composite - INFO - Got info for Tenor using ElasticMovieInfoFetcher
2025-03-30 03:26:40,362 - seret.movie_info_fetchers.composite - INFO - Got info for   using ElasticMovieInfoFetcher
2025-03-30 03:26:40,367 - seret.movie_info_fetchers.composite - INFO - Got info for SNOW WHITE using ElasticMovieInfoFetcher
2025-03-30 03:26:40,367 - seret.info_fetcher - ERROR - Failed to get info for SNOW WHITE and  
2025-03-30 03:26:40,372 - seret.movie_info_fetchers.composite - INFO - Got info for   using ElasticMovieInfoFetcher
2025-03-30 03:26:40,372 - seret.info_fetcher - ERROR - Failed to get info for   and  
2025-03-30 03:26:40,377 - seret.movie_info_fetchers.composite - INFO - Got info for    -  using ElasticMovieInfoFetcher
2025-03-30 03:26:40,383 - seret.movie_info_fetchers.composite - INFO - Got info for Snow White using ElasticMovieInfoFetcher
2025-03-30 03:26:40,383 - seret.info_fetcher - ERROR - Failed to get info for Snow White and    - 
2025-03-30 03:26:41,195 - seret.movie_info_fetchers.composite - INFO - Got info for    using ElasticMovieInfoFetcher
2025-03-30 03:26:42,362 - imdb_api - ERROR - id='tt3566834', movie='A Minecraft Movie'
Traceback (most recent call last):
  File "/home/runner/work/Movie-Time-Server/Movie-Time-Server/seret/movie_raters/imdb_api.py", line 67, in get_imdb_rating
    return info["aggregateRating"]['ratingValue']
           ~~~~^^^^^^^^^^^^^^^^^^^
KeyError: 'aggregateRating'
2025-03-30 03:26:42,362 - seret.movie_raters.composite - WARNING - Failed to get rating for A Minecraft Movie
2025-03-30 03:26:42,744 - seret.movie_raters.composite - WARNING - Failed to get rating for : 
2025-03-30 03:26:42,744 - seret.movie_info_fetchers.composite - INFO - Got info for :  using ElasticMovieInfoFetcher
2025-03-30 03:26:43,547 - imdb_api - ERROR - id='tt3566834', movie='A Minecraft Movie'
Traceback (most recent call last):
  File "/home/runner/work/Movie-Time-Server/Movie-Time-Server/seret/movie_raters/imdb_api.py", line 67, in get_imdb_rating
    return info["aggregateRating"]['ratingValue']
           ~~~~^^^^^^^^^^^^^^^^^^^
KeyError: 'aggregateRating'
2025-03-30 03:26:43,547 - seret.movie_raters.composite - WARNING - Failed to get rating for A Minecraft Movie
2025-03-30 03:26:43,587 - seret.movie_raters.composite - WARNING - Failed to get rating for : 
2025-03-30 03:26:43,587 - seret.movie_info_fetchers.composite - INFO - Got info for A Minecraft Movie using ElasticMovieInfoFetcher
2025-03-30 03:26:43,594 - seret.movie_info_fetchers.composite - INFO - Got info for   using ElasticMovieInfoFetcher
2025-03-30 03:26:44,901 - seret.movie_info_fetchers.composite - INFO - Got info for Comedy Bar using ElasticMovieInfoFetcher
2025-03-30 03:26:47,022 - seret.movie_info_fetchers.composite - INFO - Got info for   -        using ElasticMovieInfoFetcher
2025-03-30 03:26:47,710 - seret.movie_raters.composite - WARNING - Failed to get rating for Shtikat HaTzofarim
2025-03-30 03:26:47,992 - seret.movie_raters.composite - WARNING - Failed to get rating for  
2025-03-30 03:26:47,992 - seret.movie_info_fetchers.composite - INFO - Got info for   using ElasticMovieInfoFetcher
2025-03-30 03:26:48,844 - imdb_api - ERROR - id='tt3566834', movie='A Minecraft Movie'
Traceback (most recent call last):
  File "/home/runner/work/Movie-Time-Server/Movie-Time-Server/seret/movie_raters/imdb_api.py", line 67, in get_imdb_rating
    return info["aggregateRating"]['ratingValue']
           ~~~~^^^^^^^^^^^^^^^^^^^
KeyError: 'aggregateRating'
2025-03-30 03:26:48,844 - seret.movie_raters.composite - WARNING - Failed to get rating for A Minecraft Movie
2025-03-30 03:26:48,856 - seret.movie_raters.composite - WARNING - Failed to get rating for : 
2025-03-30 03:26:48,857 - seret.movie_info_fetchers.composite - INFO - Got info for  using ElasticMovieInfoFetcher
2025-03-30 03:26:49,762 - imdb_api - ERROR - id='tt3566834', movie='A Minecraft Movie'
Traceback (most recent call last):
  File "/home/runner/work/Movie-Time-Server/Movie-Time-Server/seret/movie_raters/imdb_api.py", line 67, in get_imdb_rating
    return info["aggregateRating"]['ratingValue']
           ~~~~^^^^^^^^^^^^^^^^^^^
KeyError: 'aggregateRating'
2025-03-30 03:26:49,763 - seret.movie_raters.composite - WARNING - Failed to get rating for A Minecraft Movie
2025-03-30 03:26:49,775 - seret.movie_raters.composite - WARNING - Failed to get rating for : 
2025-03-30 03:26:49,775 - seret.movie_info_fetchers.composite - INFO - Got info for Minecraft using ElasticMovieInfoFetcher
2025-03-30 03:26:50,779 - seret.movie_info_fetchers.composite - INFO - Got info for    -  using ElasticMovieInfoFetcher
2025-03-30 03:26:50,786 - seret.movie_info_fetchers.composite - INFO - Got info for The Milky Way using ElasticMovieInfoFetcher
2025-03-30 03:26:51,561 - imdb_api - ERROR - id='tt3566834', movie='A Minecraft Movie'
Traceback (most recent call last):
  File "/home/runner/work/Movie-Time-Server/Movie-Time-Server/seret/movie_raters/imdb_api.py", line 67, in get_imdb_rating
    return info["aggregateRating"]['ratingValue']
           ~~~~^^^^^^^^^^^^^^^^^^^
KeyError: 'aggregateRating'
2025-03-30 03:26:51,561 - seret.movie_raters.composite - WARNING - Failed to get rating for A Minecraft Movie
2025-03-30 03:26:51,573 - seret.movie_raters.composite - WARNING - Failed to get rating for : 
2025-03-30 03:26:51,573 - seret.movie_info_fetchers.composite - INFO - Got info for Minecraft using ElasticMovieInfoFetcher
2025-03-30 03:26:51,573 - seret.info_fetcher - ERROR - Failed to get info for 8 movies: [{'date': '30-03-2025', 'cinema': ' ', 'location': '', 'district': ' ', 'title': '', 'eng_title': '', 'type': '2D', 'time': '17:00', 'link': 'https://tickets5.rav-hen.co.il/api/order/7497?lang=he-IL', 'coords': (32.0663, 34.8107), 'dubbed': True}, {'date': '30-03-2025', 'cinema': ' ', 'location': '', 'district': '', 'title': '', 'eng_title': 'INHERITANCE', 'type': '2D', 'time': '19:50', 'link': 'https://hotcinema.co.il/order?theaterId=1&eventId=46682&site=undefined', 'coords': (31.889, 34.9634), 'dubbed': False}, {'date': '30-03-2025', 'cinema': ' ', 'location': '', 'district': ' ', 'title': '', 'eng_title': None, 'type': '2D', 'time': '21:00', 'link': 'https://tickets.cinema-city.co.il/order/606833', 'coords': (32.1464, 34.804), 'dubbed': False}, {'date': '30-03-2025', 'cinema': '', 'location': '', 'district': '', 'title': '', 'eng_title': '', 'type': '2D', 'time': '19:10', 'link': 'https://ecom.biggerpicture.ai/site/1290?code=1290-68161&saleChannelCode=web&languageid=he_IL', 'coords': (32.922, 35.3078), 'dubbed': True}, {'date': '31-03-2025', 'cinema': ' ', 'location': ' ', 'district': '', 'title': ' .', 'eng_title': 'Lady L', 'type': '2D', 'time': '21:00', 'link': 'https://hotcinema.co.il/order?theaterId=16&eventId=60613&site=undefined', 'coords': (32.1654, 34.9277), 'dubbed': False}, {'date': '02-04-2025', 'cinema': ' ', 'location': '', 'district': '', 'title': ' ', 'eng_title': 'SNOW WHITE', 'type': '2D', 'time': '17:50', 'link': 'https://hotcinema.co.il/order?theaterId=2&eventId=82661&site=undefined', 'coords': (32.8427, 35.0897), 'dubbed': True}, {'date': '02-04-2025', 'cinema': ' ', 'location': ' ', 'district': '', 'title': ' ', 'eng_title': ' ', 'type': '2D', 'time': '20:00', 'link': 'https://hotcinema.co.il/order?theaterId=16&eventId=63483&site=undefined', 'coords': (32.1654, 34.9277), 'dubbed': False}, {'date': '02-04-2025', 'cinema': ' ', 'location': '', 'district': '', 'title': '   - ', 'eng_title': 'Snow White', 'type': '2D', 'time': '17:30', 'link': 'https://tickets.cinema-city.co.il/order/602953', 'coords': (32.2911, 34.8618), 'dubbed': True}]
2025-03-30 03:26:51,646 - root - INFO - 3955
